[04-Nov-2018]::[5:21:40 PM]::[com.itd.efiling.itr.main.ctrl.ThreeRedLightsIlluminate init]::[INFO]::[init starts]
[04-Nov-2018]::[5:21:40 PM]::[com.itd.efiling.itr.common.util.j setUtilityParams]::[INFO]::[url jar:file:/E:/Data0/IT%20Returns/Patpedhi/AY%202017-18/ITR-5_2017/ITR-5_AY201718_PR13.jar!/META-INF/MANIFEST.MF]
[04-Nov-2018]::[5:21:40 PM]::[com.itd.efiling.itr.common.util.j setUtilityParams]::[INFO]::[2017-18 :: ITR-5 :: ]
[04-Nov-2018]::[5:21:40 PM]::[com.itd.efiling.itr.main.ctrl.ThreeRedLightsIlluminate init]::[INFO]::[init ends in 63 ms.]
[04-Nov-2018]::[5:21:41 PM]::[com.itd.efiling.itr.main.ctrl.ThreeRedLightsIlluminate start]::[INFO]::[MainLoader start method starts]
[04-Nov-2018]::[5:21:43 PM]::[com.itd.efiling.itr.main.ctrl.d initialize]::[INFO]::[initialize starts]
[04-Nov-2018]::[5:21:43 PM]::[com.itd.efiling.itr.common.util.c b]::[INFO]::[Before Validating fileListCommonScript ]
[04-Nov-2018]::[5:21:43 PM]::[com.itd.efiling.itr.common.util.c b]::[INFO]::[Before Validating fileListItrAy ]
[04-Nov-2018]::[5:21:45 PM]::[com.itd.efiling.itr.main.ctrl.d initialize]::[SEVERE]::[error in changed: ]
java.io.FileNotFoundException: E:\Data0\IT Returns\Patpedhi\AY 2017-18\ITR-5_2017\.\ITR\ITR-5\2017-18\2017-18.exe (Operation did not complete successfully because the file contains a virus or potentially unwanted software)
	at java.io.FileInputStream.open0(Native Method)
	at java.io.FileInputStream.open(Unknown Source)
	at java.io.FileInputStream.<init>(Unknown Source)
	at java.io.FileInputStream.<init>(Unknown Source)
	at com.itd.efiling.itr.common.util.c.a(Unknown Source)
	at com.itd.efiling.itr.common.util.c.a(Unknown Source)
	at com.itd.efiling.itr.common.util.c.b(Unknown Source)
	at com.itd.efiling.itr.common.util.c.a(Unknown Source)
	at com.itd.efiling.itr.main.ctrl.d.initialize(Unknown Source)
	at javafx.fxml.FXMLLoader.loadImpl(FXMLLoader.java:2548)
	at javafx.fxml.FXMLLoader.loadImpl(FXMLLoader.java:2441)
	at javafx.fxml.FXMLLoader.load(FXMLLoader.java:2409)
	at com.itd.efiling.itr.main.ctrl.ThreeRedLightsIlluminate.start(Unknown Source)
	at com.sun.javafx.application.LauncherImpl.lambda$launchApplication1$161(LauncherImpl.java:863)
	at com.sun.javafx.application.PlatformImpl.lambda$runAndWait$174(PlatformImpl.java:326)
	at com.sun.javafx.application.PlatformImpl.lambda$null$172(PlatformImpl.java:295)
	at java.security.AccessController.doPrivileged(Native Method)
	at com.sun.javafx.application.PlatformImpl.lambda$runLater$173(PlatformImpl.java:294)
	at com.sun.glass.ui.InvokeLaterDispatcher$Future.run(InvokeLaterDispatcher.java:95)
	at com.sun.glass.ui.win.WinApplication._runLoop(Native Method)
	at com.sun.glass.ui.win.WinApplication.lambda$null$147(WinApplication.java:177)
	at java.lang.Thread.run(Unknown Source)

[04-Nov-2018]::[5:21:45 PM]::[com.sun.javafx.css.parser.CSSParser declaration]::[WARNING]::[CSS Error parsing '*{-fx-font-weight: bold;-fx-font: 22px;}: Expected '<font-family>' while parsing '-fx-font' at [1,34]]
[04-Nov-2018]::[5:21:45 PM]::[com.sun.javafx.css.parser.CSSParser declaration]::[WARNING]::[CSS Error parsing '*{-fx-background-color: linear-gradient(#3A5058, #6aa2b1);-fx-font-weight: bold;-fx-font: 22px;}: Expected '<font-family>' while parsing '-fx-font' at [1,90]]
[04-Nov-2018]::[5:21:45 PM]::[com.itd.efiling.itr.main.ctrl.ThreeRedLightsIlluminate start]::[INFO]::[mainController.windowWidth new : 1366.0]
[04-Nov-2018]::[5:21:46 PM]::[com.itd.efiling.itr.main.ctrl.ThreeRedLightsIlluminate start]::[INFO]::[1366.0 :: 1079.14 :: 232.22000000000003]
[04-Nov-2018]::[5:21:46 PM]::[com.itd.efiling.itr.main.ctrl.ThreeRedLightsIlluminate start]::[INFO]::[MainLoader start method ends. Time taken: 5920]
[04-Nov-2018]::[5:25:45 PM]::[com.itd.efiling.itr.common.dialog.p a]::[INFO]::[Inside  closeUtility]
[04-Nov-2018]::[5:25:47 PM]::[com.itd.efiling.itr.main.ctrl.h a]::[INFO]::[ Close Event WindowEvent [source = javafx.stage.Stage@16622e7, target = javafx.stage.Stage@16622e7, eventType = WINDOW_CLOSE_REQUEST, consumed = false]]
