The part added gets called returns true for value TaxPro e-TDS 2018
BATCH VALIDATION STARTED
isFinYrGrtrthn:- true
 PersonResponsilblePAN :: ABBPM5358D
PersonResponsilblePAN.trim().length() ::10
................ 0
................ 0
Validating Challan 1
Validating Challan For Batch Number2
Value of forCSIfile  :: true
 cinmandatory
No of challan from csi file :: 42
The FVU Higher Version is 6.1
The FVU lower Version is 2.157
TanNameFromTxtFile ::  OFFICE OF THE CHIEF ENGINEER (WZ)   TanNameFromCSIFile :: OFFICE OF THE CHIEF ENGINEER (WZ)
TanFromTxtFile ::  MUMO02862G   TanFromCSIFile  :: MUMO02862G
 STARTING DEDUTEE VALIDATION FOR CHALLAN 1
RateAtWhichTaxDeducted2.0000
RateAtWhichTaxDeducted2.0000
RateAtWhichTaxDeducted10.0000
RateAtWhichTaxDeducted2.0000
RateAtWhichTaxDeducted2.0000
RateAtWhichTaxDeducted2.0000
RateAtWhichTaxDeducted2.0000
RateAtWhichTaxDeducted2.0000
RateAtWhichTaxDeducted2.0000
RateAtWhichTaxDeducted2.0000
RateAtWhichTaxDeducted2.0000
RateAtWhichTaxDeducted2.0000
Validating Challan 2
Validating Challan For Batch Number2
Value of forCSIfile  :: true
 cinmandatory
No of challan from csi file :: 42
The FVU Higher Version is 6.1
The FVU lower Version is 2.157
TanNameFromTxtFile ::  OFFICE OF THE CHIEF ENGINEER (WZ)   TanNameFromCSIFile :: OFFICE OF THE CHIEF ENGINEER (WZ)
TanFromTxtFile ::  MUMO02862G   TanFromCSIFile  :: MUMO02862G
 STARTING DEDUTEE VALIDATION FOR CHALLAN 2
RateAtWhichTaxDeducted2.0000
RateAtWhichTaxDeducted2.0000
RateAtWhichTaxDeducted2.0000
RateAtWhichTaxDeducted2.0000
Validating Challan 3
Validating Challan For Batch Number2
Value of forCSIfile  :: true
 cinmandatory
No of challan from csi file :: 42
The FVU Higher Version is 6.1
The FVU lower Version is 2.157
TanNameFromTxtFile ::  OFFICE OF THE CHIEF ENGINEER (WZ)   TanNameFromCSIFile :: OFFICE OF THE CHIEF ENGINEER (WZ)
TanFromTxtFile ::  MUMO02862G   TanFromCSIFile  :: MUMO02862G
 STARTING DEDUTEE VALIDATION FOR CHALLAN 3
RateAtWhichTaxDeducted2.0000
RateAtWhichTaxDeducted2.0000
RateAtWhichTaxDeducted2.0000
RateAtWhichTaxDeducted2.0000
RateAtWhichTaxDeducted2.0000
RateAtWhichTaxDeducted2.0000
RateAtWhichTaxDeducted2.0000
RateAtWhichTaxDeducted2.0000
RateAtWhichTaxDeducted2.0000
Validating Challan 4
Validating Challan For Batch Number2
Value of forCSIfile  :: true
 cinmandatory
No of challan from csi file :: 42
The FVU Higher Version is 6.1
The FVU lower Version is 2.157
TanNameFromTxtFile ::  OFFICE OF THE CHIEF ENGINEER (WZ)   TanNameFromCSIFile :: OFFICE OF THE CHIEF ENGINEER (WZ)
TanFromTxtFile ::  MUMO02862G   TanFromCSIFile  :: MUMO02862G
 STARTING DEDUTEE VALIDATION FOR CHALLAN 4
RateAtWhichTaxDeducted2.0000
RateAtWhichTaxDeducted2.0000
RateAtWhichTaxDeducted2.0000
RateAtWhichTaxDeducted2.0000
RateAtWhichTaxDeducted2.0000
RateAtWhichTaxDeducted2.0000
RateAtWhichTaxDeducted2.0000
RateAtWhichTaxDeducted2.0000
RateAtWhichTaxDeducted2.0000
RateAtWhichTaxDeducted2.0000
RateAtWhichTaxDeducted2.0000
Validating Challan 5
Validating Challan For Batch Number2
Value of forCSIfile  :: true
 cinmandatory
No of challan from csi file :: 42
The FVU Higher Version is 6.1
The FVU lower Version is 2.157
TanNameFromTxtFile ::  OFFICE OF THE CHIEF ENGINEER (WZ)   TanNameFromCSIFile :: OFFICE OF THE CHIEF ENGINEER (WZ)
TanFromTxtFile ::  MUMO02862G   TanFromCSIFile  :: MUMO02862G
 STARTING DEDUTEE VALIDATION FOR CHALLAN 5
RateAtWhichTaxDeducted2.0000
RateAtWhichTaxDeducted2.0000
RateAtWhichTaxDeducted2.0000
RateAtWhichTaxDeducted2.0000
RateAtWhichTaxDeducted2.0000
RateAtWhichTaxDeducted2.0000
RateAtWhichTaxDeducted2.0000
RateAtWhichTaxDeducted2.0000
RateAtWhichTaxDeducted2.0000
RateAtWhichTaxDeducted2.0000
RateAtWhichTaxDeducted2.0000
RateAtWhichTaxDeducted2.0000
RateAtWhichTaxDeducted2.0000
RateAtWhichTaxDeducted2.0000
RateAtWhichTaxDeducted2.0000
RateAtWhichTaxDeducted2.0000
RateAtWhichTaxDeducted2.0000
RateAtWhichTaxDeducted2.0000
RateAtWhichTaxDeducted2.0000
RateAtWhichTaxDeducted2.0000
Validating Challan 6
Validating Challan For Batch Number2
Value of forCSIfile  :: true
 cinmandatory
No of challan from csi file :: 42
The FVU Higher Version is 6.1
The FVU lower Version is 2.157
TanNameFromTxtFile ::  OFFICE OF THE CHIEF ENGINEER (WZ)   TanNameFromCSIFile :: OFFICE OF THE CHIEF ENGINEER (WZ)
TanFromTxtFile ::  MUMO02862G   TanFromCSIFile  :: MUMO02862G
 STARTING DEDUTEE VALIDATION FOR CHALLAN 6
RateAtWhichTaxDeducted2.0000
RateAtWhichTaxDeducted2.0000
RateAtWhichTaxDeducted2.0000
RateAtWhichTaxDeducted2.0000
RateAtWhichTaxDeducted2.0000
RateAtWhichTaxDeducted2.0000
RateAtWhichTaxDeducted2.0000
RateAtWhichTaxDeducted2.0000
RateAtWhichTaxDeducted2.0000
RateAtWhichTaxDeducted2.0000
RateAtWhichTaxDeducted2.0000
RateAtWhichTaxDeducted2.0000
RateAtWhichTaxDeducted2.0000
RateAtWhichTaxDeducted2.0000
RateAtWhichTaxDeducted2.0000
 END OF :::BIFERCATING CHALAN AND TV AND CIN CHECKINGWed Apr 17 09:18:18 IST 2019
Field Validation of file is compleated sucessfully
START # 17-04-2019 09:18:19.318
 Original file object created and file exist
tempFileName String cretaed ::  C://Users//VISHAL//Desktop//Data0//TDS//FY 2018-19//All India Radio//Q4//26Q//Return//MO026Q4_temp.fvu
 brtTemp object created for temp file
String line created 
isAppendForNextLine (Inside if condition ) :: 1
 After appending line 1^79^FVU 6.1^00000000000000000000^SAM 1.0^00000000000000000000^19041709181969659553
f.close()
f = null
brTemp.flush()
brTemp.close()
brTemp = null;
END # 17-04-2019 09:18:19.321
Original file is deleted
Temp file renamed
In processCINFile method
the challan count is 42
the cinFileLevelHC no. is00000000000034759152
Return Hash Code = 0
searchbarcode called
Barcodeval :19041709181969659553
Barcode is present
Hash Validation of file is done sucessfully
Inside generateStatisticFile Method 
FileGenerator.java ParseString() method is called 
FileGenerator.java ParseString() method is returning 
FileGenerator.java createStatisticFileString() method is called
 Entering writeStatisticFile() Method Wed Apr 17 09:18:19 IST 2019
 Exiting writeStatisticFile() Method Wed Apr 17 09:18:19 IST 2019
FileGenerator.java createStatisticFileString() method is returning
 length : 70
 length : 70
 BARCODE :- 19041709181969659553
Inside generateForm27A
 Entering writePdfFile() Method Wed Apr 17 09:18:20 IST 2019
 Exiting writePdfFile() Method Wed Apr 17 09:18:20 IST 2019
pdf generatedtrue
END TIME : Wed Apr 17 09:18:22 IST 2019
--DESKTOP OBJECT: java.awt.Desktop@14e5088
--error file path: C:\\Users\\VISHAL\\Desktop\\Data0\\TDS\\FY 2018-19\\All India Radio\\Q4\\26Q\\Return\
--dir to open object: C:\Users\VISHAL\Desktop\Data0\TDS\FY 2018-19\All India Radio\Q4\26Q\Return
the text error file path is C:\\Users\\VISHAL\\Desktop\\Data0\\TDS\\FY 2018-19\\All India Radio\\Q4\\26Q\\Return\
the errorFileNameSAM is C:\\Users\\VISHAL\\Desktop\\Data0\\TDS\\FY 2018-19\\All India Radio\\Q4\\26Q\\Return\\MO026Q4error.txt
