[28-Jul-2016]::[8:29:13 AM]::[com.itd.efiling.itr.main.ctrl.ThreeRedLightsIlluminate init]::[INFO]::[init starts]
[28-Jul-2016]::[8:29:13 AM]::[com.itd.efiling.itr.common.util.j setUtilityParams]::[INFO]::[url jar:file:/D:/Tushar%20Data/Business/IT%20RETURNS/Bhalchandra%20Sawant/AY%202016-17/ITR-1_2016/ITR-1_AY201617_PR3.jar!/META-INF/MANIFEST.MF]
[28-Jul-2016]::[8:29:13 AM]::[com.itd.efiling.itr.common.util.j setUtilityParams]::[INFO]::[2016-17 :: ITR-1 :: ]
[28-Jul-2016]::[8:29:13 AM]::[com.itd.efiling.itr.main.ctrl.ThreeRedLightsIlluminate init]::[INFO]::[init ends in 49 ms.]
[28-Jul-2016]::[8:29:13 AM]::[com.itd.efiling.itr.main.ctrl.ThreeRedLightsIlluminate start]::[INFO]::[MainLoader start method starts]
[28-Jul-2016]::[8:29:14 AM]::[com.itd.efiling.itr.main.ctrl.d initialize]::[INFO]::[initialize starts]
[28-Jul-2016]::[8:29:14 AM]::[com.itd.efiling.itr.common.util.c b]::[INFO]::[Before Validating fileListCommonScript ]
[28-Jul-2016]::[8:29:14 AM]::[com.itd.efiling.itr.common.util.c b]::[INFO]::[Before Validating fileListItrAy ]
[28-Jul-2016]::[8:29:15 AM]::[com.itd.efiling.itr.common.util.c b]::[INFO]::[Before Validating fileListConfig ]
[28-Jul-2016]::[8:29:15 AM]::[com.itd.efiling.itr.common.util.c b]::[INFO]::[Before Validating verifySignature ]
[28-Jul-2016]::[8:29:15 AM]::[com.itd.efiling.itr.common.util.c a]::[INFO]::[verifies : true]
[28-Jul-2016]::[8:29:15 AM]::[com.itd.efiling.itr.main.ctrl.d initialize]::[INFO]::[Is utiltity valid ::true]
[28-Jul-2016]::[8:29:15 AM]::[com.itd.efiling.itr.a.a.d c]::[INFO]::[loadingDialog starts]
[28-Jul-2016]::[8:29:15 AM]::[com.itd.efiling.itr.a.a.a <init>]::[INFO]::[CommonDialog starts]
[28-Jul-2016]::[8:29:15 AM]::[com.itd.efiling.itr.a.a.a <init>]::[INFO]::[CommonDialog ends]
[28-Jul-2016]::[8:29:16 AM]::[com.itd.efiling.itr.a.a.d c]::[INFO]::[loadingDialog ends]
[28-Jul-2016]::[8:29:16 AM]::[com.itd.efiling.itr.main.ctrl.a b]::[INFO]::[hide validation]
[28-Jul-2016]::[8:29:16 AM]::[com.itd.efiling.itr.main.ctrl.d a]::[INFO]::[importFile : null]
[28-Jul-2016]::[8:29:16 AM]::[com.itd.efiling.itr.main.ctrl.d initialize]::[INFO]::[initialize ends: time taken: 1234ms]
[28-Jul-2016]::[8:29:16 AM]::[com.itd.efiling.itr.main.ctrl.d initialize]::[INFO]::[initialize ends: time taken: 1ms]
[28-Jul-2016]::[8:29:16 AM]::[com.sun.javafx.css.parser.CSSParser declaration]::[WARNING]::[CSS Error parsing '*{-fx-font-weight: bold;-fx-font: 22px;}: Expected '<font-family>' while parsing '-fx-font' at [1,34]]
[28-Jul-2016]::[8:29:16 AM]::[com.sun.javafx.css.parser.CSSParser declaration]::[WARNING]::[CSS Error parsing '*{-fx-background-color: linear-gradient(#3A5058, #6aa2b1);-fx-font-weight: bold;-fx-font: 22px;}: Expected '<font-family>' while parsing '-fx-font' at [1,90]]
[28-Jul-2016]::[8:29:16 AM]::[com.itd.efiling.itr.main.ctrl.ThreeRedLightsIlluminate start]::[INFO]::[mainController.windowWidth new : 1366.0]
[28-Jul-2016]::[8:29:16 AM]::[com.itd.efiling.itr.main.ctrl.ThreeRedLightsIlluminate start]::[INFO]::[1366.0 :: 1079.14 :: 232.22000000000003]
[28-Jul-2016]::[8:29:16 AM]::[com.itd.efiling.itr.main.ctrl.ThreeRedLightsIlluminate start]::[INFO]::[MainLoader start method ends. Time taken: 3372]
[28-Jul-2016]::[8:29:17 AM]::[com.itd.efiling.itr.common.a.a a]::[INFO]::[oldState  : RUNNING newState : SUCCEEDED]
[28-Jul-2016]::[8:29:17 AM]::[com.itd.efiling.itr.common.a.a a]::[INFO]::[jsobj [object Window]]
[28-Jul-2016]::[8:29:23 AM]::[com.itd.efiling.itr.common.a.a a]::[INFO]::[time taken in changed : 63]
[28-Jul-2016]::[8:29:24 AM]::[com.itd.efiling.itr.toolbar.b prefill]::[INFO]::[prefill]
[28-Jul-2016]::[8:29:26 AM]::[com.itd.efiling.itr.a.a.a <init>]::[INFO]::[CommonDialog starts]
[28-Jul-2016]::[8:29:26 AM]::[com.itd.efiling.itr.a.a.a <init>]::[INFO]::[CommonDialog ends]
[28-Jul-2016]::[8:29:53 AM]::[com.itd.efiling.itr.a.a.f prefill]::[INFO]::[prefill caled]
[28-Jul-2016]::[8:29:53 AM]::[com.itd.efiling.itr.webservice.a.a b]::[INFO]::[call starts ]
[28-Jul-2016]::[8:29:53 AM]::[com.itd.efiling.itr.a.a.f prefill]::[INFO]::[prefill ends after starting thread: ]
[28-Jul-2016]::[8:29:53 AM]::[com.itd.efiling.itr.webservice.a.a c]::[INFO]::[sendRequest starts]
[28-Jul-2016]::[8:29:53 AM]::[com.itd.efiling.itr.common.util.e getSecuredRequest]::[INFO]::[Before getting secured request]
[28-Jul-2016]::[8:29:54 AM]::[com.itd.efiling.itr.common.util.e getSecuredRequest]::[INFO]::[After getting secured request]
[28-Jul-2016]::[8:29:54 AM]::[com.itd.efiling.itr.common.util.c d]::[INFO]::[file : .\ITR]
[28-Jul-2016]::[8:29:54 AM]::[com.itd.efiling.itr.common.util.c d]::[INFO]::[file : .\ITR-1_AY201617_PR3.jar]
[28-Jul-2016]::[8:29:55 AM]::[com.itd.efiling.itr.webservice.a.a c]::[INFO]::[Soap fault: null]
[28-Jul-2016]::[8:29:55 AM]::[com.itd.efiling.itr.webservice.a.a c]::[INFO]::[Soap errorNode : null]
[28-Jul-2016]::[8:29:55 AM]::[com.itd.efiling.itr.webservice.a.a c]::[INFO]::[sendrequest ends]
[28-Jul-2016]::[8:29:55 AM]::[com.itd.efiling.itr.webservice.a.a b]::[INFO]::[call ends Time taken:1638]
[28-Jul-2016]::[8:29:55 AM]::[com.itd.efiling.itr.a.a.f cancel]::[INFO]::[cancel caled]
[28-Jul-2016]::[8:29:57 AM]::[com.itd.efiling.itr.webservice.a.d run]::[INFO]::[Prefill done successfully]
[28-Jul-2016]::[8:30:11 AM]::[com.itd.efiling.itr.validation.a.a a]::[INFO]::[FIELD_VALIDATORS_MAP 183]
[28-Jul-2016]::[8:34:01 AM]::[com.itd.efiling.itr.common.util.JavaScriptFunctions getBankName]::[INFO]::[ifsc isUBIN]
[28-Jul-2016]::[8:41:10 AM]::[com.itd.efiling.itr.toolbar.b validateAndSaveFile]::[INFO]::[validateAndSaveFile ]
[28-Jul-2016]::[8:41:10 AM]::[com.itd.efiling.itr.main.ctrl.a c]::[INFO]::[show validation]
[28-Jul-2016]::[8:41:10 AM]::[com.itd.efiling.itr.validation.helpers.Validator validateAll]::[INFO]::[Time taken in validateAll(): 0]
[28-Jul-2016]::[8:41:10 AM]::[com.itd.efiling.itr.validation.helpers.Validator call]::[INFO]::[Call() starts : ]
[28-Jul-2016]::[8:41:10 AM]::[com.itd.efiling.itr.validation.helpers.Validator call]::[INFO]::[Call() ends time taken: 39  error count :1]
[28-Jul-2016]::[8:41:41 AM]::[com.itd.efiling.itr.toolbar.b saveAsDraft]::[INFO]::[saveFile]
[28-Jul-2016]::[8:41:41 AM]::[com.itd.efiling.itr.a.a.e a]::[INFO]::[extension : .draft title : null type : true]
[28-Jul-2016]::[8:42:04 AM]::[com.itd.efiling.itr.common.util.f b]::[INFO]::[Before setDocument]
[28-Jul-2016]::[8:42:04 AM]::[com.itd.efiling.itr.common.util.f b]::[INFO]::[After setDocument[#document: null]]
[28-Jul-2016]::[8:42:04 AM]::[com.itd.efiling.itr.common.cachers.b a]::[INFO]::[flagfalse]
[28-Jul-2016]::[8:42:04 AM]::[com.itd.efiling.itr.common.cachers.b a]::[INFO]::[doc[#document: null]]
[28-Jul-2016]::[8:42:04 AM]::[com.itd.efiling.itr.common.util.f b]::[INFO]::[FIELD_VALUE 218]
[28-Jul-2016]::[8:42:52 AM]::[com.itd.efiling.itr.toolbar.b prefill]::[INFO]::[prefill]
[28-Jul-2016]::[8:42:52 AM]::[com.itd.efiling.itr.a.a.a <init>]::[INFO]::[CommonDialog starts]
[28-Jul-2016]::[8:42:53 AM]::[com.itd.efiling.itr.a.a.a <init>]::[INFO]::[CommonDialog ends]
[28-Jul-2016]::[8:43:13 AM]::[com.itd.efiling.itr.a.a.f cancel]::[INFO]::[cancel caled]
[28-Jul-2016]::[8:43:14 AM]::[com.itd.efiling.itr.toolbar.b submit]::[INFO]::[validateITR starts]
[28-Jul-2016]::[8:43:14 AM]::[com.itd.efiling.itr.main.ctrl.a c]::[INFO]::[show validation]
[28-Jul-2016]::[8:43:15 AM]::[com.itd.efiling.itr.validation.helpers.Validator validateAll]::[INFO]::[Time taken in validateAll(): 0]
[28-Jul-2016]::[8:43:15 AM]::[com.itd.efiling.itr.validation.helpers.Validator call]::[INFO]::[Call() starts : ]
[28-Jul-2016]::[8:43:15 AM]::[com.itd.efiling.itr.validation.helpers.Validator call]::[INFO]::[Call() ends time taken: 27  error count :0]
[28-Jul-2016]::[8:43:15 AM]::[com.itd.efiling.itr.common.util.f b]::[INFO]::[Before setDocument]
[28-Jul-2016]::[8:43:15 AM]::[com.itd.efiling.itr.common.util.f b]::[INFO]::[After setDocument[#document: null]]
[28-Jul-2016]::[8:43:15 AM]::[com.itd.efiling.itr.common.cachers.b a]::[INFO]::[flagtrue]
[28-Jul-2016]::[8:43:15 AM]::[com.itd.efiling.itr.common.cachers.b a]::[INFO]::[doc[#document: null]]
[28-Jul-2016]::[8:43:15 AM]::[com.itd.efiling.itr.common.cachers.b a]::[INFO]::[Inside deleteNodeGenerateXml]
[28-Jul-2016]::[8:43:15 AM]::[com.itd.efiling.itr.common.util.f b]::[INFO]::[FIELD_VALUE 218]
[28-Jul-2016]::[8:43:15 AM]::[com.itd.efiling.itr.common.util.f a]::[INFO]::[done with schema error; 0]
[28-Jul-2016]::[8:43:15 AM]::[com.itd.efiling.itr.common.util.f a]::[INFO]::[hash {} xZWcnrGEtBmhPnSGrd4zwKrQX0dDjutLuHkmDGm+Lq0=]
[28-Jul-2016]::[8:43:15 AM]::[com.itd.efiling.itr.common.util.f a]::[INFO]::[Time taken to generate: 614 ms ]
[28-Jul-2016]::[8:43:15 AM]::[com.itd.efiling.itr.a.a.a <init>]::[INFO]::[CommonDialog starts]
[28-Jul-2016]::[8:43:15 AM]::[com.itd.efiling.itr.a.a.n initialize]::[INFO]::[initialize submit itr starts]
[28-Jul-2016]::[8:43:15 AM]::[com.itd.efiling.itr.a.a.n initialize]::[INFO]::[Time taken to get the document 21]
[28-Jul-2016]::[8:43:15 AM]::[com.itd.efiling.itr.a.a.n initialize]::[INFO]::[Time taken to set the parameters0]
[28-Jul-2016]::[8:43:15 AM]::[com.itd.efiling.itr.a.a.n initialize]::[INFO]::[Time taken to enableSec44AB 0]
[28-Jul-2016]::[8:43:15 AM]::[com.itd.efiling.itr.a.a.n initialize]::[INFO]::[Time taken to addKeyEvent 4]
[28-Jul-2016]::[8:43:15 AM]::[com.itd.efiling.itr.a.a.n initialize]::[INFO]::[Time taken to hideDscRelated 0]
[28-Jul-2016]::[8:43:16 AM]::[com.itd.efiling.itr.b.a.n getKeyStoreAliases]::[INFO]::[set : []]
[28-Jul-2016]::[8:43:16 AM]::[com.itd.efiling.itr.a.a.n o]::[INFO]::[Time taken to initialize usb tokens23]
[28-Jul-2016]::[8:43:16 AM]::[com.itd.efiling.itr.a.a.n initialize]::[INFO]::[Time taken to initUsbTokens 24]
[28-Jul-2016]::[8:43:16 AM]::[com.itd.efiling.itr.a.a.a <init>]::[INFO]::[CommonDialog ends]
[28-Jul-2016]::[8:43:16 AM]::[com.itd.efiling.itr.a.a.n dscMandatory]::[INFO]::[dscMandatory starts::ITR-1]
[28-Jul-2016]::[8:43:16 AM]::[com.itd.efiling.itr.a.a.n dscMandatory]::[INFO]::[dscMandatory ends]
[28-Jul-2016]::[8:43:53 AM]::[com.itd.efiling.itr.a.a.n f]::[INFO]::[validateDSCKey ends with flag: true]
[28-Jul-2016]::[8:43:53 AM]::[com.itd.efiling.itr.webservice.a.f b]::[INFO]::[Thread call starts]
[28-Jul-2016]::[8:43:53 AM]::[com.itd.efiling.itr.webservice.a.f a]::[INFO]::[sendRequest starts]
[28-Jul-2016]::[8:43:53 AM]::[com.itd.efiling.itr.common.util.e getSecuredRequest]::[INFO]::[Before getting secured request]
[28-Jul-2016]::[8:43:53 AM]::[com.itd.efiling.itr.common.util.e getSecuredRequest]::[INFO]::[After getting secured request]
[28-Jul-2016]::[8:43:53 AM]::[com.itd.efiling.itr.common.util.c d]::[INFO]::[file : .\ITR]
[28-Jul-2016]::[8:43:53 AM]::[com.itd.efiling.itr.common.util.c d]::[INFO]::[file : .\ITR-1_AY201617_PR3.jar]
[28-Jul-2016]::[8:43:56 AM]::[com.itd.efiling.itr.webservice.a.f a]::[INFO]::[Soap fault: , errorNode: nullnull]
[28-Jul-2016]::[8:43:56 AM]::[com.itd.efiling.itr.webservice.a.f b]::[INFO]::[Thread call ends : time taken: 3099]
[28-Jul-2016]::[8:43:56 AM]::[com.itd.efiling.itr.a.a.n cancel]::[INFO]::[cancel caled]
[28-Jul-2016]::[8:43:56 AM]::[com.itd.efiling.itr.webservice.a.f b]::[INFO]::[Writing to file: C:\Users\TUSHAR~1\AppData\Local\Temp\ITRvFile-7936753474788548996596807836.zip]
[28-Jul-2016]::[8:43:56 AM]::[com.itd.efiling.itr.a.a.a <init>]::[INFO]::[CommonDialog starts]
[28-Jul-2016]::[8:43:56 AM]::[com.itd.efiling.itr.a.a.l initialize]::[INFO]::[initialize starts]
[28-Jul-2016]::[8:43:56 AM]::[com.itd.efiling.itr.a.a.l b]::[INFO]::[loadITRVPage stats with transaction id 3178923860 ,email TUSHARMOHITE0@GMAIL.COM]
[28-Jul-2016]::[8:43:56 AM]::[com.itd.efiling.itr.a.a.a <init>]::[INFO]::[CommonDialog ends]
[28-Jul-2016]::[8:43:56 AM]::[com.itd.efiling.itr.a.a.l a]::[INFO]::[saveIfNot after shows: ]
[28-Jul-2016]::[8:50:17 AM]::[com.itd.efiling.itr.common.dialog.o a]::[INFO]::[Inside  closeUtility]
[28-Jul-2016]::[8:50:19 AM]::[com.itd.efiling.itr.main.ctrl.h a]::[INFO]::[ Close Event WindowEvent [source = javafx.stage.Stage@c7f58e, target = javafx.stage.Stage@c7f58e, eventType = WINDOW_CLOSE_REQUEST, consumed = false]]
