[28-Jan-2017]::[7:22:44 AM]::[com.itd.efiling.itr.main.ctrl.ThreeRedLightsIlluminate init]::[INFO]::[init starts]
[28-Jan-2017]::[7:22:44 AM]::[com.itd.efiling.itr.common.util.j setUtilityParams]::[INFO]::[url jar:file:/D:/PERSONAL/Business/IT%20Returns/Ananda%20Pawar/AY%202016-17/ITR/ITR-4S_AY201617_PR5.jar!/META-INF/MANIFEST.MF]
[28-Jan-2017]::[7:22:44 AM]::[com.itd.efiling.itr.common.util.j setUtilityParams]::[INFO]::[2016-17 :: ITR-4S :: ]
[28-Jan-2017]::[7:22:44 AM]::[com.itd.efiling.itr.main.ctrl.ThreeRedLightsIlluminate init]::[INFO]::[init ends in 47 ms.]
[28-Jan-2017]::[7:22:44 AM]::[com.itd.efiling.itr.main.ctrl.ThreeRedLightsIlluminate start]::[INFO]::[MainLoader start method starts]
[28-Jan-2017]::[7:22:45 AM]::[com.itd.efiling.itr.main.ctrl.d initialize]::[INFO]::[initialize starts]
[28-Jan-2017]::[7:22:45 AM]::[com.itd.efiling.itr.common.util.c b]::[INFO]::[Before Validating fileListCommonScript ]
[28-Jan-2017]::[7:22:46 AM]::[com.itd.efiling.itr.common.util.c b]::[INFO]::[Before Validating fileListItrAy ]
[28-Jan-2017]::[7:22:46 AM]::[com.itd.efiling.itr.common.util.c b]::[INFO]::[Before Validating fileListConfig ]
[28-Jan-2017]::[7:22:46 AM]::[com.itd.efiling.itr.common.util.c b]::[INFO]::[Before Validating verifySignature ]
[28-Jan-2017]::[7:22:46 AM]::[com.itd.efiling.itr.common.util.c a]::[INFO]::[verifies : true]
[28-Jan-2017]::[7:22:46 AM]::[com.itd.efiling.itr.main.ctrl.d initialize]::[INFO]::[Is utiltity valid ::true]
[28-Jan-2017]::[7:22:46 AM]::[com.itd.efiling.itr.a.a.d c]::[INFO]::[loadingDialog starts]
[28-Jan-2017]::[7:22:46 AM]::[com.itd.efiling.itr.a.a.a <init>]::[INFO]::[CommonDialog starts]
[28-Jan-2017]::[7:22:46 AM]::[com.itd.efiling.itr.a.a.a <init>]::[INFO]::[CommonDialog ends]
[28-Jan-2017]::[7:22:47 AM]::[com.itd.efiling.itr.a.a.d c]::[INFO]::[loadingDialog ends]
[28-Jan-2017]::[7:22:47 AM]::[com.itd.efiling.itr.main.ctrl.a b]::[INFO]::[hide validation]
[28-Jan-2017]::[7:22:47 AM]::[com.itd.efiling.itr.main.ctrl.d a]::[INFO]::[importFile : null]
[28-Jan-2017]::[7:22:47 AM]::[com.itd.efiling.itr.main.ctrl.d initialize]::[INFO]::[initialize ends: time taken: 1158ms]
[28-Jan-2017]::[7:22:47 AM]::[com.itd.efiling.itr.main.ctrl.d initialize]::[INFO]::[initialize ends: time taken: 2ms]
[28-Jan-2017]::[7:22:47 AM]::[com.sun.javafx.css.parser.CSSParser declaration]::[WARNING]::[CSS Error parsing '*{-fx-background-color: linear-gradient(#3A5058, #6aa2b1);-fx-font-weight: bold;-fx-font: 22px;}: Expected '<font-family>' while parsing '-fx-font' at [1,90]]
[28-Jan-2017]::[7:22:47 AM]::[com.sun.javafx.css.parser.CSSParser declaration]::[WARNING]::[CSS Error parsing '*{-fx-font-weight: bold;-fx-font: 22px;}: Expected '<font-family>' while parsing '-fx-font' at [1,34]]
[28-Jan-2017]::[7:22:47 AM]::[com.itd.efiling.itr.main.ctrl.ThreeRedLightsIlluminate start]::[INFO]::[mainController.windowWidth new : 1366.0]
[28-Jan-2017]::[7:22:47 AM]::[com.itd.efiling.itr.main.ctrl.ThreeRedLightsIlluminate start]::[INFO]::[1366.0 :: 1079.14 :: 232.22000000000003]
[28-Jan-2017]::[7:22:47 AM]::[com.itd.efiling.itr.main.ctrl.ThreeRedLightsIlluminate start]::[INFO]::[MainLoader start method ends. Time taken: 3332]
[28-Jan-2017]::[7:22:48 AM]::[com.itd.efiling.itr.common.a.a a]::[INFO]::[oldState  : RUNNING newState : SUCCEEDED]
[28-Jan-2017]::[7:22:48 AM]::[com.itd.efiling.itr.common.a.a a]::[INFO]::[jsobj [object Window]]
[28-Jan-2017]::[7:22:52 AM]::[com.itd.efiling.itr.common.a.a a]::[INFO]::[time taken in changed : 62]
[28-Jan-2017]::[7:23:25 AM]::[com.itd.efiling.itr.toolbar.b prefill]::[INFO]::[prefill]
[28-Jan-2017]::[7:23:27 AM]::[com.itd.efiling.itr.a.a.a <init>]::[INFO]::[CommonDialog starts]
[28-Jan-2017]::[7:23:27 AM]::[com.itd.efiling.itr.a.a.a <init>]::[INFO]::[CommonDialog ends]
[28-Jan-2017]::[7:24:02 AM]::[com.itd.efiling.itr.toolbar.b prefill]::[INFO]::[prefill]
[28-Jan-2017]::[7:24:02 AM]::[com.itd.efiling.itr.a.a.a <init>]::[INFO]::[CommonDialog starts]
[28-Jan-2017]::[7:24:02 AM]::[com.itd.efiling.itr.a.a.a <init>]::[INFO]::[CommonDialog ends]
[28-Jan-2017]::[7:24:36 AM]::[com.itd.efiling.itr.a.a.f prefill]::[INFO]::[prefill caled]
[28-Jan-2017]::[7:24:36 AM]::[com.itd.efiling.itr.a.a.f prefill]::[INFO]::[prefill ends after starting thread: ]
[28-Jan-2017]::[7:24:36 AM]::[com.itd.efiling.itr.webservice.a.a b]::[INFO]::[call starts ]
[28-Jan-2017]::[7:24:36 AM]::[com.itd.efiling.itr.webservice.a.a c]::[INFO]::[sendRequest starts]
[28-Jan-2017]::[7:24:36 AM]::[com.itd.efiling.itr.common.util.e getSecuredRequest]::[INFO]::[Before getting secured request]
[28-Jan-2017]::[7:24:36 AM]::[com.itd.efiling.itr.common.util.e getSecuredRequest]::[INFO]::[After getting secured request]
[28-Jan-2017]::[7:24:36 AM]::[com.itd.efiling.itr.common.util.c d]::[INFO]::[file : .\ITR-4S_2016.zip]
[28-Jan-2017]::[7:24:36 AM]::[com.itd.efiling.itr.common.util.c d]::[INFO]::[file : .\ITR]
[28-Jan-2017]::[7:24:36 AM]::[com.itd.efiling.itr.common.util.c d]::[INFO]::[file : .\ITR-4S_AY201617_PR5.jar]
[28-Jan-2017]::[7:24:37 AM]::[com.itd.efiling.itr.webservice.a.a c]::[INFO]::[Soap fault: null]
[28-Jan-2017]::[7:24:37 AM]::[com.itd.efiling.itr.webservice.a.a c]::[INFO]::[Soap errorNode : null]
[28-Jan-2017]::[7:24:37 AM]::[com.itd.efiling.itr.webservice.a.a c]::[INFO]::[sendrequest ends]
[28-Jan-2017]::[7:24:37 AM]::[com.itd.efiling.itr.webservice.a.a b]::[INFO]::[call ends Time taken:987]
[28-Jan-2017]::[7:24:37 AM]::[com.itd.efiling.itr.a.a.f cancel]::[INFO]::[cancel caled]
[28-Jan-2017]::[7:24:39 AM]::[com.itd.efiling.itr.webservice.a.d run]::[INFO]::[Prefill done successfully]
[28-Jan-2017]::[7:24:56 AM]::[com.itd.efiling.itr.validation.a.a a]::[INFO]::[FIELD_VALIDATORS_MAP 198]
[28-Jan-2017]::[7:25:37 AM]::[com.itd.efiling.itr.validators.StringLengthFieldValidator validate]::[INFO]::[val 961915671 nameitr4S.personalInfo.address.mobileNo minLength  10]
[28-Jan-2017]::[7:29:11 AM]::[com.itd.efiling.itr.common.util.JavaScriptFunctions getBankName]::[INFO]::[ifsc isSBIN]
[28-Jan-2017]::[7:31:00 AM]::[com.itd.efiling.itr.toolbar.b validateAndSaveFile]::[INFO]::[validateAndSaveFile ]
[28-Jan-2017]::[7:31:00 AM]::[com.itd.efiling.itr.main.ctrl.a c]::[INFO]::[show validation]
[28-Jan-2017]::[7:31:00 AM]::[com.itd.efiling.itr.validation.helpers.Validator validateAll]::[INFO]::[Time taken in validateAll(): 0]
[28-Jan-2017]::[7:31:00 AM]::[com.itd.efiling.itr.validation.helpers.Validator call]::[INFO]::[Call() starts : ]
[28-Jan-2017]::[7:31:00 AM]::[com.itd.efiling.itr.validation.helpers.Validator call]::[INFO]::[Call() ends time taken: 45  error count :0]
[28-Jan-2017]::[7:31:00 AM]::[com.itd.efiling.itr.a.a.e a]::[INFO]::[extension : .xml title : null type : true]
[28-Jan-2017]::[7:31:16 AM]::[com.itd.efiling.itr.common.util.f b]::[INFO]::[Before setDocument]
[28-Jan-2017]::[7:31:16 AM]::[com.itd.efiling.itr.common.util.f b]::[INFO]::[After setDocument[#document: null]]
[28-Jan-2017]::[7:31:16 AM]::[com.itd.efiling.itr.common.cachers.b a]::[INFO]::[flagtrue]
[28-Jan-2017]::[7:31:16 AM]::[com.itd.efiling.itr.common.cachers.b a]::[INFO]::[doc[#document: null]]
[28-Jan-2017]::[7:31:16 AM]::[com.itd.efiling.itr.common.cachers.b a]::[INFO]::[Inside deleteNodeGenerateXml]
[28-Jan-2017]::[7:31:16 AM]::[com.itd.efiling.itr.common.util.f b]::[INFO]::[FIELD_VALUE 237]
[28-Jan-2017]::[7:31:17 AM]::[com.itd.efiling.itr.common.util.f a]::[INFO]::[done with schema error; 0]
[28-Jan-2017]::[7:31:17 AM]::[com.itd.efiling.itr.common.util.f a]::[INFO]::[hash {} nKrnni0CWgTaozKlvyFD1ZEXoEW2qqsegq+61WMEo78=]
[28-Jan-2017]::[7:31:17 AM]::[com.itd.efiling.itr.common.util.f a]::[INFO]::[Time taken to generate: 934 ms ]
[28-Jan-2017]::[7:39:15 AM]::[com.itd.efiling.itr.toolbar.b validateAndSaveFile]::[INFO]::[validateAndSaveFile ]
[28-Jan-2017]::[7:39:15 AM]::[com.itd.efiling.itr.main.ctrl.a c]::[INFO]::[show validation]
[28-Jan-2017]::[7:39:15 AM]::[com.itd.efiling.itr.validation.helpers.Validator validateAll]::[INFO]::[Time taken in validateAll(): 0]
[28-Jan-2017]::[7:39:15 AM]::[com.itd.efiling.itr.validation.helpers.Validator call]::[INFO]::[Call() starts : ]
[28-Jan-2017]::[7:39:15 AM]::[com.itd.efiling.itr.validation.helpers.Validator call]::[INFO]::[Call() ends time taken: 27  error count :0]
[28-Jan-2017]::[7:39:15 AM]::[com.itd.efiling.itr.a.a.e a]::[INFO]::[extension : .xml title : null type : true]
[28-Jan-2017]::[7:40:37 AM]::[com.itd.efiling.itr.toolbar.b validateAndSaveFile]::[INFO]::[validateAndSaveFile ]
[28-Jan-2017]::[7:40:37 AM]::[com.itd.efiling.itr.main.ctrl.a c]::[INFO]::[show validation]
[28-Jan-2017]::[7:40:37 AM]::[com.itd.efiling.itr.validation.helpers.Validator validateAll]::[INFO]::[Time taken in validateAll(): 0]
[28-Jan-2017]::[7:40:37 AM]::[com.itd.efiling.itr.validation.helpers.Validator call]::[INFO]::[Call() starts : ]
[28-Jan-2017]::[7:40:37 AM]::[com.itd.efiling.itr.validation.helpers.Validator call]::[INFO]::[Call() ends time taken: 26  error count :0]
[28-Jan-2017]::[7:40:37 AM]::[com.itd.efiling.itr.a.a.e a]::[INFO]::[extension : .xml title : null type : true]
[28-Jan-2017]::[7:40:41 AM]::[com.itd.efiling.itr.common.util.f b]::[INFO]::[Before setDocument]
[28-Jan-2017]::[7:40:41 AM]::[com.itd.efiling.itr.common.util.f b]::[INFO]::[After setDocument[#document: null]]
[28-Jan-2017]::[7:40:41 AM]::[com.itd.efiling.itr.common.cachers.b a]::[INFO]::[flagtrue]
[28-Jan-2017]::[7:40:41 AM]::[com.itd.efiling.itr.common.cachers.b a]::[INFO]::[doc[#document: null]]
[28-Jan-2017]::[7:40:41 AM]::[com.itd.efiling.itr.common.cachers.b a]::[INFO]::[Inside deleteNodeGenerateXml]
[28-Jan-2017]::[7:40:41 AM]::[com.itd.efiling.itr.common.util.f b]::[INFO]::[FIELD_VALUE 237]
[28-Jan-2017]::[7:40:41 AM]::[com.itd.efiling.itr.common.util.f a]::[INFO]::[done with schema error; 0]
[28-Jan-2017]::[7:40:41 AM]::[com.itd.efiling.itr.common.util.f a]::[INFO]::[hash {} tHG0EoWG36TuBWL7xQp9ll6LEhW5qIG7WrQ8jGEhQg0=]
[28-Jan-2017]::[7:40:41 AM]::[com.itd.efiling.itr.common.util.f a]::[INFO]::[Time taken to generate: 600 ms ]
[28-Jan-2017]::[7:45:06 AM]::[com.itd.efiling.itr.toolbar.b submit]::[INFO]::[validateITR starts]
[28-Jan-2017]::[7:45:06 AM]::[com.itd.efiling.itr.main.ctrl.a c]::[INFO]::[show validation]
[28-Jan-2017]::[7:45:06 AM]::[com.itd.efiling.itr.validation.helpers.Validator validateAll]::[INFO]::[Time taken in validateAll(): 0]
[28-Jan-2017]::[7:45:06 AM]::[com.itd.efiling.itr.validation.helpers.Validator call]::[INFO]::[Call() starts : ]
[28-Jan-2017]::[7:45:06 AM]::[com.itd.efiling.itr.validation.helpers.Validator call]::[INFO]::[Call() ends time taken: 36  error count :0]
[28-Jan-2017]::[7:45:07 AM]::[com.itd.efiling.itr.common.util.f b]::[INFO]::[Before setDocument]
[28-Jan-2017]::[7:45:07 AM]::[com.itd.efiling.itr.common.util.f b]::[INFO]::[After setDocument[#document: null]]
[28-Jan-2017]::[7:45:07 AM]::[com.itd.efiling.itr.common.cachers.b a]::[INFO]::[flagtrue]
[28-Jan-2017]::[7:45:07 AM]::[com.itd.efiling.itr.common.cachers.b a]::[INFO]::[doc[#document: null]]
[28-Jan-2017]::[7:45:07 AM]::[com.itd.efiling.itr.common.cachers.b a]::[INFO]::[Inside deleteNodeGenerateXml]
[28-Jan-2017]::[7:45:07 AM]::[com.itd.efiling.itr.common.util.f b]::[INFO]::[FIELD_VALUE 237]
[28-Jan-2017]::[7:45:07 AM]::[com.itd.efiling.itr.common.util.f a]::[INFO]::[done with schema error; 0]
[28-Jan-2017]::[7:45:07 AM]::[com.itd.efiling.itr.common.util.f a]::[INFO]::[hash {} tHG0EoWG36TuBWL7xQp9ll6LEhW5qIG7WrQ8jGEhQg0=]
[28-Jan-2017]::[7:45:07 AM]::[com.itd.efiling.itr.common.util.f a]::[INFO]::[Time taken to generate: 554 ms ]
[28-Jan-2017]::[7:45:07 AM]::[com.itd.efiling.itr.a.a.a <init>]::[INFO]::[CommonDialog starts]
[28-Jan-2017]::[7:45:07 AM]::[com.itd.efiling.itr.a.a.n initialize]::[INFO]::[initialize submit itr starts]
[28-Jan-2017]::[7:45:07 AM]::[com.itd.efiling.itr.a.a.n initialize]::[INFO]::[Time taken to get the document 19]
[28-Jan-2017]::[7:45:07 AM]::[com.itd.efiling.itr.a.a.n initialize]::[INFO]::[Time taken to set the parameters1]
[28-Jan-2017]::[7:45:07 AM]::[com.itd.efiling.itr.a.a.n initialize]::[INFO]::[Time taken to enableSec44AB 0]
[28-Jan-2017]::[7:45:07 AM]::[com.itd.efiling.itr.a.a.n initialize]::[INFO]::[Time taken to addKeyEvent 4]
[28-Jan-2017]::[7:45:07 AM]::[com.itd.efiling.itr.a.a.n initialize]::[INFO]::[Time taken to hideDscRelated 0]
[28-Jan-2017]::[7:45:08 AM]::[com.itd.efiling.itr.b.a.n getKeyStoreAliases]::[INFO]::[set : []]
[28-Jan-2017]::[7:45:08 AM]::[com.itd.efiling.itr.a.a.n o]::[INFO]::[Time taken to initialize usb tokens131]
[28-Jan-2017]::[7:45:08 AM]::[com.itd.efiling.itr.a.a.n initialize]::[INFO]::[Time taken to initUsbTokens 132]
[28-Jan-2017]::[7:45:08 AM]::[com.itd.efiling.itr.a.a.a <init>]::[INFO]::[CommonDialog ends]
[28-Jan-2017]::[7:45:08 AM]::[com.itd.efiling.itr.a.a.n dscMandatory]::[INFO]::[dscMandatory starts::ITR-4S]
[28-Jan-2017]::[7:45:08 AM]::[com.itd.efiling.itr.a.a.n dscMandatory]::[INFO]::[dscMandatory ends]
[28-Jan-2017]::[7:45:21 AM]::[com.itd.efiling.itr.a.a.n f]::[INFO]::[validateDSCKey ends with flag: true]
[28-Jan-2017]::[7:45:21 AM]::[com.itd.efiling.itr.webservice.a.f b]::[INFO]::[Thread call starts]
[28-Jan-2017]::[7:45:21 AM]::[com.itd.efiling.itr.webservice.a.f a]::[INFO]::[sendRequest starts]
[28-Jan-2017]::[7:45:21 AM]::[com.itd.efiling.itr.common.util.e getSecuredRequest]::[INFO]::[Before getting secured request]
[28-Jan-2017]::[7:45:21 AM]::[com.itd.efiling.itr.common.util.e getSecuredRequest]::[INFO]::[After getting secured request]
[28-Jan-2017]::[7:45:21 AM]::[com.itd.efiling.itr.common.util.c d]::[INFO]::[file : .\ITR-4S_2016.zip]
[28-Jan-2017]::[7:45:21 AM]::[com.itd.efiling.itr.common.util.c d]::[INFO]::[file : .\ITR]
[28-Jan-2017]::[7:45:21 AM]::[com.itd.efiling.itr.common.util.c d]::[INFO]::[file : .\ITR-4S_AY201617_PR5.jar]
[28-Jan-2017]::[7:45:23 AM]::[com.itd.efiling.itr.webservice.a.f a]::[INFO]::[Soap fault: , errorNode: nullnull]
[28-Jan-2017]::[7:45:23 AM]::[com.itd.efiling.itr.a.a.n cancel]::[INFO]::[cancel caled]
[28-Jan-2017]::[7:45:23 AM]::[com.itd.efiling.itr.webservice.a.f b]::[INFO]::[Thread call ends : time taken: 2511]
[28-Jan-2017]::[7:45:24 AM]::[com.itd.efiling.itr.webservice.a.f b]::[INFO]::[Writing to file: C:\Users\TUSHAR~1\AppData\Local\Temp\ITRvFile2012000632381690099068090789.zip]
[28-Jan-2017]::[7:45:24 AM]::[com.itd.efiling.itr.a.a.a <init>]::[INFO]::[CommonDialog starts]
[28-Jan-2017]::[7:45:24 AM]::[com.itd.efiling.itr.a.a.l initialize]::[INFO]::[initialize starts]
[28-Jan-2017]::[7:45:24 AM]::[com.itd.efiling.itr.a.a.l b]::[INFO]::[loadITRVPage stats with transaction id 3609279402 ,email ADMIN@MOHITETAX.IN]
[28-Jan-2017]::[7:45:24 AM]::[com.itd.efiling.itr.a.a.a <init>]::[INFO]::[CommonDialog ends]
[28-Jan-2017]::[7:45:24 AM]::[com.itd.efiling.itr.a.a.l a]::[INFO]::[saveIfNot after shows: ]
[28-Jan-2017]::[7:45:27 AM]::[com.itd.efiling.itr.common.dialog.o a]::[INFO]::[Inside  closeUtility]
[28-Jan-2017]::[7:45:29 AM]::[com.itd.efiling.itr.main.ctrl.h a]::[INFO]::[ Close Event WindowEvent [source = javafx.stage.Stage@fc7415, target = javafx.stage.Stage@fc7415, eventType = WINDOW_CLOSE_REQUEST, consumed = false]]
