[28-Oct-2016]::[10:10:03 PM]::[com.itd.efiling.itr.main.ctrl.ThreeRedLightsIlluminate init]::[INFO]::[init starts]
[28-Oct-2016]::[10:10:03 PM]::[com.itd.efiling.itr.common.util.j setUtilityParams]::[INFO]::[url jar:file:/E:/PERSONAL/Business/IT%20RETURNS/Ratnanjali%20Ghadge/AY%202016-17/ITR-4S_2016/ITR-4S_AY201617_PR5.jar!/META-INF/MANIFEST.MF]
[28-Oct-2016]::[10:10:03 PM]::[com.itd.efiling.itr.common.util.j setUtilityParams]::[INFO]::[2016-17 :: ITR-4S :: ]
[28-Oct-2016]::[10:10:03 PM]::[com.itd.efiling.itr.main.ctrl.ThreeRedLightsIlluminate init]::[INFO]::[init ends in 12 ms.]
[28-Oct-2016]::[10:10:03 PM]::[com.itd.efiling.itr.main.ctrl.ThreeRedLightsIlluminate start]::[INFO]::[MainLoader start method starts]
[28-Oct-2016]::[10:10:03 PM]::[com.itd.efiling.itr.main.ctrl.d initialize]::[INFO]::[initialize starts]
[28-Oct-2016]::[10:10:03 PM]::[com.itd.efiling.itr.common.util.c b]::[INFO]::[Before Validating fileListCommonScript ]
[28-Oct-2016]::[10:10:03 PM]::[com.itd.efiling.itr.common.util.c b]::[INFO]::[Before Validating fileListItrAy ]
[28-Oct-2016]::[10:10:03 PM]::[com.itd.efiling.itr.common.util.c b]::[INFO]::[Before Validating fileListConfig ]
[28-Oct-2016]::[10:10:03 PM]::[com.itd.efiling.itr.common.util.c b]::[INFO]::[Before Validating verifySignature ]
[28-Oct-2016]::[10:10:03 PM]::[com.itd.efiling.itr.common.util.c a]::[INFO]::[verifies : true]
[28-Oct-2016]::[10:10:03 PM]::[com.itd.efiling.itr.main.ctrl.d initialize]::[INFO]::[Is utiltity valid ::true]
[28-Oct-2016]::[10:10:03 PM]::[com.itd.efiling.itr.a.a.d c]::[INFO]::[loadingDialog starts]
[28-Oct-2016]::[10:10:03 PM]::[com.itd.efiling.itr.a.a.a <init>]::[INFO]::[CommonDialog starts]
[28-Oct-2016]::[10:10:03 PM]::[com.itd.efiling.itr.a.a.a <init>]::[INFO]::[CommonDialog ends]
[28-Oct-2016]::[10:10:04 PM]::[com.itd.efiling.itr.a.a.d c]::[INFO]::[loadingDialog ends]
[28-Oct-2016]::[10:10:04 PM]::[com.itd.efiling.itr.main.ctrl.a b]::[INFO]::[hide validation]
[28-Oct-2016]::[10:10:04 PM]::[com.itd.efiling.itr.main.ctrl.d a]::[INFO]::[importFile : null]
[28-Oct-2016]::[10:10:04 PM]::[com.itd.efiling.itr.main.ctrl.d initialize]::[INFO]::[initialize ends: time taken: 422ms]
[28-Oct-2016]::[10:10:04 PM]::[com.itd.efiling.itr.main.ctrl.d initialize]::[INFO]::[initialize ends: time taken: 1ms]
[28-Oct-2016]::[10:10:04 PM]::[com.sun.javafx.css.parser.CSSParser declaration]::[WARNING]::[CSS Error parsing '*{-fx-font-weight: bold;-fx-font: 22px;}: Expected '<font-family>' while parsing '-fx-font' at [1,34]]
[28-Oct-2016]::[10:10:04 PM]::[com.sun.javafx.css.parser.CSSParser declaration]::[WARNING]::[CSS Error parsing '*{-fx-background-color: linear-gradient(#3A5058, #6aa2b1);-fx-font-weight: bold;-fx-font: 22px;}: Expected '<font-family>' while parsing '-fx-font' at [1,90]]
[28-Oct-2016]::[10:10:04 PM]::[com.itd.efiling.itr.main.ctrl.ThreeRedLightsIlluminate start]::[INFO]::[mainController.windowWidth new : 1366.0]
[28-Oct-2016]::[10:10:04 PM]::[com.itd.efiling.itr.main.ctrl.ThreeRedLightsIlluminate start]::[INFO]::[1366.0 :: 1079.14 :: 232.22000000000003]
[28-Oct-2016]::[10:10:04 PM]::[com.itd.efiling.itr.main.ctrl.ThreeRedLightsIlluminate start]::[INFO]::[MainLoader start method ends. Time taken: 1041]
[28-Oct-2016]::[10:10:04 PM]::[com.itd.efiling.itr.common.a.a a]::[INFO]::[oldState  : RUNNING newState : SUCCEEDED]
[28-Oct-2016]::[10:10:04 PM]::[com.itd.efiling.itr.common.a.a a]::[INFO]::[jsobj [object Window]]
[28-Oct-2016]::[10:10:05 PM]::[com.itd.efiling.itr.common.a.a a]::[INFO]::[time taken in changed : 19]
[28-Oct-2016]::[10:10:06 PM]::[com.itd.efiling.itr.toolbar.b prefill]::[INFO]::[prefill]
[28-Oct-2016]::[10:10:07 PM]::[com.itd.efiling.itr.a.a.a <init>]::[INFO]::[CommonDialog starts]
[28-Oct-2016]::[10:10:07 PM]::[com.itd.efiling.itr.a.a.a <init>]::[INFO]::[CommonDialog ends]
[28-Oct-2016]::[10:10:21 PM]::[com.itd.efiling.itr.a.a.f prefill]::[INFO]::[prefill caled]
[28-Oct-2016]::[10:10:21 PM]::[com.itd.efiling.itr.a.a.f prefill]::[INFO]::[prefill ends after starting thread: ]
[28-Oct-2016]::[10:10:21 PM]::[com.itd.efiling.itr.webservice.a.a b]::[INFO]::[call starts ]
[28-Oct-2016]::[10:10:21 PM]::[com.itd.efiling.itr.webservice.a.a c]::[INFO]::[sendRequest starts]
[28-Oct-2016]::[10:10:21 PM]::[com.itd.efiling.itr.common.util.e getSecuredRequest]::[INFO]::[Before getting secured request]
[28-Oct-2016]::[10:10:21 PM]::[com.itd.efiling.itr.common.util.e getSecuredRequest]::[INFO]::[After getting secured request]
[28-Oct-2016]::[10:10:21 PM]::[com.itd.efiling.itr.common.util.c d]::[INFO]::[file : .\ITR]
[28-Oct-2016]::[10:10:21 PM]::[com.itd.efiling.itr.common.util.c d]::[INFO]::[file : .\ITR-4S_AY201617_PR5.jar]
[28-Oct-2016]::[10:10:22 PM]::[com.itd.efiling.itr.webservice.a.a c]::[INFO]::[Soap fault: null]
[28-Oct-2016]::[10:10:22 PM]::[com.itd.efiling.itr.webservice.a.a c]::[INFO]::[Soap errorNode : null]
[28-Oct-2016]::[10:10:22 PM]::[com.itd.efiling.itr.webservice.a.a c]::[INFO]::[sendrequest ends]
[28-Oct-2016]::[10:10:22 PM]::[com.itd.efiling.itr.webservice.a.a b]::[INFO]::[call ends Time taken:1196]
[28-Oct-2016]::[10:10:22 PM]::[com.itd.efiling.itr.a.a.f cancel]::[INFO]::[cancel caled]
[28-Oct-2016]::[10:10:23 PM]::[com.itd.efiling.itr.webservice.a.d run]::[INFO]::[Prefill done successfully]
[28-Oct-2016]::[10:10:31 PM]::[com.itd.efiling.itr.validation.a.a a]::[INFO]::[FIELD_VALIDATORS_MAP 198]
[28-Oct-2016]::[10:13:09 PM]::[com.itd.efiling.itr.common.util.JavaScriptFunctions getBankName]::[INFO]::[ifsc isIBKL]
[28-Oct-2016]::[10:13:59 PM]::[com.itd.efiling.itr.toolbar.b submit]::[INFO]::[validateITR starts]
[28-Oct-2016]::[10:13:59 PM]::[com.itd.efiling.itr.main.ctrl.a c]::[INFO]::[show validation]
[28-Oct-2016]::[10:13:59 PM]::[com.itd.efiling.itr.validation.helpers.Validator validateAll]::[INFO]::[Time taken in validateAll(): 0]
[28-Oct-2016]::[10:13:59 PM]::[com.itd.efiling.itr.validation.helpers.Validator call]::[INFO]::[Call() starts : ]
[28-Oct-2016]::[10:13:59 PM]::[com.itd.efiling.itr.validation.helpers.Validator call]::[INFO]::[Call() ends time taken: 29  error count :3]
[28-Oct-2016]::[10:14:34 PM]::[com.itd.efiling.itr.toolbar.b submit]::[INFO]::[validateITR starts]
[28-Oct-2016]::[10:14:34 PM]::[com.itd.efiling.itr.main.ctrl.a c]::[INFO]::[show validation]
[28-Oct-2016]::[10:14:34 PM]::[com.itd.efiling.itr.validation.helpers.Validator validateAll]::[INFO]::[Time taken in validateAll(): 0]
[28-Oct-2016]::[10:14:34 PM]::[com.itd.efiling.itr.validation.helpers.Validator call]::[INFO]::[Call() starts : ]
[28-Oct-2016]::[10:14:34 PM]::[com.itd.efiling.itr.validation.helpers.Validator call]::[INFO]::[Call() ends time taken: 13  error count :0]
[28-Oct-2016]::[10:14:34 PM]::[com.itd.efiling.itr.common.util.f b]::[INFO]::[Before setDocument]
[28-Oct-2016]::[10:14:34 PM]::[com.itd.efiling.itr.common.util.f b]::[INFO]::[After setDocument[#document: null]]
[28-Oct-2016]::[10:14:35 PM]::[com.itd.efiling.itr.common.util.f b]::[INFO]::[name: itr4S.natOfBus.business[1].code xpath: /ITRETURN:ITR/ITR4SFORM:ITR4S/ITRForm:NatOfBus/ITRForm:NatureOfBusiness[2]/ITRForm:Code nodelist: 1]
[28-Oct-2016]::[10:14:35 PM]::[com.itd.efiling.itr.common.cachers.b a]::[INFO]::[flagtrue]
[28-Oct-2016]::[10:14:35 PM]::[com.itd.efiling.itr.common.cachers.b a]::[INFO]::[doc[#document: null]]
[28-Oct-2016]::[10:14:35 PM]::[com.itd.efiling.itr.common.cachers.b a]::[INFO]::[Inside deleteNodeGenerateXml]
[28-Oct-2016]::[10:14:35 PM]::[com.itd.efiling.itr.common.util.f b]::[INFO]::[FIELD_VALUE 243]
[28-Oct-2016]::[10:14:35 PM]::[com.itd.efiling.itr.common.util.f a]::[INFO]::[done with schema error; 0]
[28-Oct-2016]::[10:14:35 PM]::[com.itd.efiling.itr.common.util.f a]::[INFO]::[hash {} FMy/uCwU7xrvh28YW0G/6+VEcOmRigwmlyLVzPWuvk0=]
[28-Oct-2016]::[10:14:35 PM]::[com.itd.efiling.itr.common.util.f a]::[INFO]::[Time taken to generate: 372 ms ]
[28-Oct-2016]::[10:14:35 PM]::[com.itd.efiling.itr.a.a.a <init>]::[INFO]::[CommonDialog starts]
[28-Oct-2016]::[10:14:35 PM]::[com.itd.efiling.itr.a.a.n initialize]::[INFO]::[initialize submit itr starts]
[28-Oct-2016]::[10:14:35 PM]::[com.itd.efiling.itr.a.a.n initialize]::[INFO]::[Time taken to get the document 6]
[28-Oct-2016]::[10:14:35 PM]::[com.itd.efiling.itr.a.a.n initialize]::[INFO]::[Time taken to set the parameters0]
[28-Oct-2016]::[10:14:35 PM]::[com.itd.efiling.itr.a.a.n initialize]::[INFO]::[Time taken to enableSec44AB 0]
[28-Oct-2016]::[10:14:35 PM]::[com.itd.efiling.itr.a.a.n initialize]::[INFO]::[Time taken to addKeyEvent 1]
[28-Oct-2016]::[10:14:35 PM]::[com.itd.efiling.itr.a.a.n initialize]::[INFO]::[Time taken to hideDscRelated 0]
[28-Oct-2016]::[10:14:35 PM]::[com.itd.efiling.itr.b.a.n getKeyStoreAliases]::[INFO]::[set : []]
[28-Oct-2016]::[10:14:35 PM]::[com.itd.efiling.itr.a.a.n o]::[INFO]::[Time taken to initialize usb tokens156]
[28-Oct-2016]::[10:14:35 PM]::[com.itd.efiling.itr.a.a.n initialize]::[INFO]::[Time taken to initUsbTokens 156]
[28-Oct-2016]::[10:14:35 PM]::[com.itd.efiling.itr.a.a.a <init>]::[INFO]::[CommonDialog ends]
[28-Oct-2016]::[10:14:35 PM]::[com.itd.efiling.itr.a.a.n dscMandatory]::[INFO]::[dscMandatory starts::ITR-4S]
[28-Oct-2016]::[10:14:35 PM]::[com.itd.efiling.itr.a.a.n dscMandatory]::[INFO]::[dscMandatory ends]
[28-Oct-2016]::[10:14:37 PM]::[com.itd.efiling.itr.a.a.n cancel]::[INFO]::[cancel caled]
[28-Oct-2016]::[10:14:41 PM]::[com.itd.efiling.itr.toolbar.b saveAsDraft]::[INFO]::[saveFile]
[28-Oct-2016]::[10:14:41 PM]::[com.itd.efiling.itr.a.a.e a]::[INFO]::[extension : .draft title : null type : true]
[28-Oct-2016]::[10:14:54 PM]::[com.itd.efiling.itr.common.util.f b]::[INFO]::[Before setDocument]
[28-Oct-2016]::[10:14:54 PM]::[com.itd.efiling.itr.common.util.f b]::[INFO]::[After setDocument[#document: null]]
[28-Oct-2016]::[10:14:54 PM]::[com.itd.efiling.itr.common.util.f b]::[INFO]::[name: itr4S.natOfBus.business[1].code xpath: /ITRETURN:ITR/ITR4SFORM:ITR4S/ITRForm:NatOfBus/ITRForm:NatureOfBusiness[2]/ITRForm:Code nodelist: 1]
[28-Oct-2016]::[10:14:54 PM]::[com.itd.efiling.itr.common.cachers.b a]::[INFO]::[flagfalse]
[28-Oct-2016]::[10:14:54 PM]::[com.itd.efiling.itr.common.cachers.b a]::[INFO]::[doc[#document: null]]
[28-Oct-2016]::[10:14:54 PM]::[com.itd.efiling.itr.common.util.f b]::[INFO]::[FIELD_VALUE 243]
[28-Oct-2016]::[10:18:06 PM]::[com.itd.efiling.itr.toolbar.b saveAsDraft]::[INFO]::[saveFile]
[28-Oct-2016]::[10:18:06 PM]::[com.itd.efiling.itr.a.a.e a]::[INFO]::[extension : .draft title : null type : true]
[28-Oct-2016]::[10:18:09 PM]::[com.itd.efiling.itr.common.util.f b]::[INFO]::[Before setDocument]
[28-Oct-2016]::[10:18:09 PM]::[com.itd.efiling.itr.common.util.f b]::[INFO]::[After setDocument[#document: null]]
[28-Oct-2016]::[10:18:09 PM]::[com.itd.efiling.itr.common.util.f b]::[INFO]::[name: itr4S.natOfBus.business[1].code xpath: /ITRETURN:ITR/ITR4SFORM:ITR4S/ITRForm:NatOfBus/ITRForm:NatureOfBusiness[2]/ITRForm:Code nodelist: 1]
[28-Oct-2016]::[10:18:09 PM]::[com.itd.efiling.itr.common.cachers.b a]::[INFO]::[flagfalse]
[28-Oct-2016]::[10:18:09 PM]::[com.itd.efiling.itr.common.cachers.b a]::[INFO]::[doc[#document: null]]
[28-Oct-2016]::[10:18:09 PM]::[com.itd.efiling.itr.common.util.f b]::[INFO]::[FIELD_VALUE 243]
[28-Oct-2016]::[10:23:09 PM]::[com.itd.efiling.itr.toolbar.b saveAsDraft]::[INFO]::[saveFile]
[28-Oct-2016]::[10:23:09 PM]::[com.itd.efiling.itr.a.a.e a]::[INFO]::[extension : .draft title : null type : true]
[28-Oct-2016]::[10:23:13 PM]::[com.itd.efiling.itr.common.util.f b]::[INFO]::[Before setDocument]
[28-Oct-2016]::[10:23:13 PM]::[com.itd.efiling.itr.common.util.f b]::[INFO]::[After setDocument[#document: null]]
[28-Oct-2016]::[10:23:13 PM]::[com.itd.efiling.itr.common.util.f b]::[INFO]::[name: itr4S.natOfBus.business[1].code xpath: /ITRETURN:ITR/ITR4SFORM:ITR4S/ITRForm:NatOfBus/ITRForm:NatureOfBusiness[2]/ITRForm:Code nodelist: 1]
[28-Oct-2016]::[10:23:13 PM]::[com.itd.efiling.itr.common.cachers.b a]::[INFO]::[flagfalse]
[28-Oct-2016]::[10:23:13 PM]::[com.itd.efiling.itr.common.cachers.b a]::[INFO]::[doc[#document: null]]
[28-Oct-2016]::[10:23:13 PM]::[com.itd.efiling.itr.common.util.f b]::[INFO]::[FIELD_VALUE 243]
[28-Oct-2016]::[10:24:56 PM]::[com.itd.efiling.itr.toolbar.b submit]::[INFO]::[validateITR starts]
[28-Oct-2016]::[10:24:56 PM]::[com.itd.efiling.itr.main.ctrl.a c]::[INFO]::[show validation]
[28-Oct-2016]::[10:24:56 PM]::[com.itd.efiling.itr.validation.helpers.Validator validateAll]::[INFO]::[Time taken in validateAll(): 0]
[28-Oct-2016]::[10:24:56 PM]::[com.itd.efiling.itr.validation.helpers.Validator call]::[INFO]::[Call() starts : ]
[28-Oct-2016]::[10:24:56 PM]::[com.itd.efiling.itr.validation.helpers.Validator call]::[INFO]::[Call() ends time taken: 23  error count :0]
[28-Oct-2016]::[10:24:56 PM]::[com.itd.efiling.itr.common.util.f b]::[INFO]::[Before setDocument]
[28-Oct-2016]::[10:24:56 PM]::[com.itd.efiling.itr.common.util.f b]::[INFO]::[After setDocument[#document: null]]
[28-Oct-2016]::[10:24:56 PM]::[com.itd.efiling.itr.common.util.f b]::[INFO]::[name: itr4S.natOfBus.business[1].code xpath: /ITRETURN:ITR/ITR4SFORM:ITR4S/ITRForm:NatOfBus/ITRForm:NatureOfBusiness[2]/ITRForm:Code nodelist: 1]
[28-Oct-2016]::[10:24:56 PM]::[com.itd.efiling.itr.common.cachers.b a]::[INFO]::[flagtrue]
[28-Oct-2016]::[10:24:56 PM]::[com.itd.efiling.itr.common.cachers.b a]::[INFO]::[doc[#document: null]]
[28-Oct-2016]::[10:24:56 PM]::[com.itd.efiling.itr.common.cachers.b a]::[INFO]::[Inside deleteNodeGenerateXml]
[28-Oct-2016]::[10:24:56 PM]::[com.itd.efiling.itr.common.util.f b]::[INFO]::[FIELD_VALUE 243]
[28-Oct-2016]::[10:24:56 PM]::[com.itd.efiling.itr.common.util.f a]::[INFO]::[done with schema error; 0]
[28-Oct-2016]::[10:24:56 PM]::[com.itd.efiling.itr.common.util.f a]::[INFO]::[hash {} PrskrzUapcXBCIuvRGordNdKHur/TbMBqAGLnQbDcfI=]
[28-Oct-2016]::[10:24:56 PM]::[com.itd.efiling.itr.common.util.f a]::[INFO]::[Time taken to generate: 135 ms ]
[28-Oct-2016]::[10:24:56 PM]::[com.itd.efiling.itr.a.a.a <init>]::[INFO]::[CommonDialog starts]
[28-Oct-2016]::[10:24:56 PM]::[com.itd.efiling.itr.a.a.n initialize]::[INFO]::[initialize submit itr starts]
[28-Oct-2016]::[10:24:56 PM]::[com.itd.efiling.itr.a.a.n initialize]::[INFO]::[Time taken to get the document 4]
[28-Oct-2016]::[10:24:56 PM]::[com.itd.efiling.itr.a.a.n initialize]::[INFO]::[Time taken to set the parameters0]
[28-Oct-2016]::[10:24:56 PM]::[com.itd.efiling.itr.a.a.n initialize]::[INFO]::[Time taken to enableSec44AB 0]
[28-Oct-2016]::[10:24:56 PM]::[com.itd.efiling.itr.a.a.n initialize]::[INFO]::[Time taken to addKeyEvent 0]
[28-Oct-2016]::[10:24:56 PM]::[com.itd.efiling.itr.a.a.n initialize]::[INFO]::[Time taken to hideDscRelated 0]
[28-Oct-2016]::[10:24:56 PM]::[com.itd.efiling.itr.b.a.n getKeyStoreAliases]::[INFO]::[set : []]
[28-Oct-2016]::[10:24:56 PM]::[com.itd.efiling.itr.a.a.n o]::[INFO]::[Time taken to initialize usb tokens18]
[28-Oct-2016]::[10:24:56 PM]::[com.itd.efiling.itr.a.a.n initialize]::[INFO]::[Time taken to initUsbTokens 18]
[28-Oct-2016]::[10:24:56 PM]::[com.itd.efiling.itr.a.a.a <init>]::[INFO]::[CommonDialog ends]
[28-Oct-2016]::[10:24:56 PM]::[com.itd.efiling.itr.a.a.n dscMandatory]::[INFO]::[dscMandatory starts::ITR-4S]
[28-Oct-2016]::[10:24:56 PM]::[com.itd.efiling.itr.a.a.n dscMandatory]::[INFO]::[dscMandatory ends]
[28-Oct-2016]::[10:25:00 PM]::[com.itd.efiling.itr.a.a.n f]::[INFO]::[validateDSCKey ends with flag: true]
[28-Oct-2016]::[10:25:00 PM]::[com.itd.efiling.itr.webservice.a.f b]::[INFO]::[Thread call starts]
[28-Oct-2016]::[10:25:00 PM]::[com.itd.efiling.itr.webservice.a.f a]::[INFO]::[sendRequest starts]
[28-Oct-2016]::[10:25:00 PM]::[com.itd.efiling.itr.common.util.e getSecuredRequest]::[INFO]::[Before getting secured request]
[28-Oct-2016]::[10:25:00 PM]::[com.itd.efiling.itr.common.util.e getSecuredRequest]::[INFO]::[After getting secured request]
[28-Oct-2016]::[10:25:00 PM]::[com.itd.efiling.itr.common.util.c d]::[INFO]::[file : .\ITR]
[28-Oct-2016]::[10:25:00 PM]::[com.itd.efiling.itr.common.util.c d]::[INFO]::[file : .\ITR-4S_AY201617_PR5.jar]
[28-Oct-2016]::[10:25:02 PM]::[com.itd.efiling.itr.webservice.a.f a]::[INFO]::[Soap fault: , errorNode: nullnull]
[28-Oct-2016]::[10:25:02 PM]::[com.itd.efiling.itr.webservice.a.f b]::[INFO]::[Thread call ends : time taken: 1865]
[28-Oct-2016]::[10:25:02 PM]::[com.itd.efiling.itr.a.a.n cancel]::[INFO]::[cancel caled]
[28-Oct-2016]::[10:25:02 PM]::[com.itd.efiling.itr.webservice.a.f b]::[INFO]::[Writing to file: C:\Users\user9\AppData\Local\Temp\ITRvFile20681611473436414376907094997.zip]
[28-Oct-2016]::[10:25:02 PM]::[com.itd.efiling.itr.a.a.a <init>]::[INFO]::[CommonDialog starts]
[28-Oct-2016]::[10:25:02 PM]::[com.itd.efiling.itr.a.a.l initialize]::[INFO]::[initialize starts]
[28-Oct-2016]::[10:25:02 PM]::[com.itd.efiling.itr.a.a.l b]::[INFO]::[loadITRVPage stats with transaction id 3463323971 ,email tusharmohite0@gmail.com]
[28-Oct-2016]::[10:25:02 PM]::[com.itd.efiling.itr.a.a.a <init>]::[INFO]::[CommonDialog ends]
[28-Oct-2016]::[10:25:02 PM]::[com.itd.efiling.itr.a.a.l a]::[INFO]::[saveIfNot after shows: ]
[28-Oct-2016]::[10:28:51 PM]::[com.itd.efiling.itr.common.dialog.o a]::[INFO]::[Inside  closeUtility]
[28-Oct-2016]::[10:28:52 PM]::[com.itd.efiling.itr.main.ctrl.h a]::[INFO]::[ Close Event WindowEvent [source = javafx.stage.Stage@13c2cc, target = javafx.stage.Stage@13c2cc, eventType = WINDOW_CLOSE_REQUEST, consumed = false]]
