[07-Jul-2016]::[1:02:51 AM]::[com.itd.efiling.itr.main.ctrl.ThreeRedLightsIlluminate init]::[INFO]::[init starts]
[07-Jul-2016]::[1:02:51 AM]::[com.itd.efiling.itr.common.util.j setUtilityParams]::[INFO]::[url jar:file:/E:/Business/Rukmini%20Bhosale/AY%202016-17/Return/ITR-1_AY201617_PR2.jar!/META-INF/MANIFEST.MF]
[07-Jul-2016]::[1:02:51 AM]::[com.itd.efiling.itr.common.util.j setUtilityParams]::[INFO]::[2016-17 :: ITR-1 :: ]
[07-Jul-2016]::[1:02:51 AM]::[com.itd.efiling.itr.main.ctrl.ThreeRedLightsIlluminate init]::[INFO]::[init ends in 45 ms.]
[07-Jul-2016]::[1:02:51 AM]::[com.itd.efiling.itr.main.ctrl.ThreeRedLightsIlluminate start]::[INFO]::[MainLoader start method starts]
[07-Jul-2016]::[1:02:53 AM]::[com.itd.efiling.itr.main.ctrl.d initialize]::[INFO]::[initialize starts]
[07-Jul-2016]::[1:02:53 AM]::[com.itd.efiling.itr.common.util.c b]::[INFO]::[Before Validating fileListCommonScript ]
[07-Jul-2016]::[1:02:53 AM]::[com.itd.efiling.itr.common.util.c b]::[INFO]::[Before Validating fileListItrAy ]
[07-Jul-2016]::[1:02:53 AM]::[com.itd.efiling.itr.common.util.c b]::[INFO]::[Before Validating fileListConfig ]
[07-Jul-2016]::[1:02:53 AM]::[com.itd.efiling.itr.common.util.c b]::[INFO]::[Before Validating verifySignature ]
[07-Jul-2016]::[1:02:53 AM]::[com.itd.efiling.itr.common.util.c a]::[INFO]::[verifies : true]
[07-Jul-2016]::[1:02:53 AM]::[com.itd.efiling.itr.main.ctrl.d initialize]::[INFO]::[Is utiltity valid ::true]
[07-Jul-2016]::[1:02:53 AM]::[com.itd.efiling.itr.a.a.d c]::[INFO]::[loadingDialog starts]
[07-Jul-2016]::[1:02:53 AM]::[com.itd.efiling.itr.a.a.a <init>]::[INFO]::[CommonDialog starts]
[07-Jul-2016]::[1:02:54 AM]::[com.itd.efiling.itr.a.a.a <init>]::[INFO]::[CommonDialog ends]
[07-Jul-2016]::[1:02:54 AM]::[com.itd.efiling.itr.a.a.d c]::[INFO]::[loadingDialog ends]
[07-Jul-2016]::[1:02:54 AM]::[com.itd.efiling.itr.main.ctrl.a b]::[INFO]::[hide validation]
[07-Jul-2016]::[1:02:54 AM]::[com.itd.efiling.itr.main.ctrl.d a]::[INFO]::[importFile : null]
[07-Jul-2016]::[1:02:54 AM]::[com.itd.efiling.itr.main.ctrl.d initialize]::[INFO]::[initialize ends: time taken: 1290ms]
[07-Jul-2016]::[1:02:54 AM]::[com.itd.efiling.itr.main.ctrl.d initialize]::[INFO]::[initialize ends: time taken: 2ms]
[07-Jul-2016]::[1:02:54 AM]::[com.sun.javafx.css.parser.CSSParser declaration]::[WARNING]::[CSS Error parsing '*{-fx-font-weight: bold;-fx-font: 22px;}: Expected '<font-family>' while parsing '-fx-font' at [1,34]]
[07-Jul-2016]::[1:02:54 AM]::[com.sun.javafx.css.parser.CSSParser declaration]::[WARNING]::[CSS Error parsing '*{-fx-background-color: linear-gradient(#3A5058, #6aa2b1);-fx-font-weight: bold;-fx-font: 22px;}: Expected '<font-family>' while parsing '-fx-font' at [1,90]]
[07-Jul-2016]::[1:02:54 AM]::[com.itd.efiling.itr.main.ctrl.ThreeRedLightsIlluminate start]::[INFO]::[mainController.windowWidth new : 1366.0]
[07-Jul-2016]::[1:02:55 AM]::[com.itd.efiling.itr.main.ctrl.ThreeRedLightsIlluminate start]::[INFO]::[1366.0 :: 1079.14 :: 232.22000000000003]
[07-Jul-2016]::[1:02:55 AM]::[com.itd.efiling.itr.main.ctrl.ThreeRedLightsIlluminate start]::[INFO]::[MainLoader start method ends. Time taken: 3327]
[07-Jul-2016]::[1:02:56 AM]::[com.itd.efiling.itr.common.a.a a]::[INFO]::[oldState  : RUNNING newState : SUCCEEDED]
[07-Jul-2016]::[1:02:56 AM]::[com.itd.efiling.itr.common.a.a a]::[INFO]::[jsobj [object Window]]
[07-Jul-2016]::[1:02:59 AM]::[com.itd.efiling.itr.common.a.a a]::[INFO]::[time taken in changed : 67]
[07-Jul-2016]::[1:03:14 AM]::[com.itd.efiling.itr.validation.a.a a]::[INFO]::[FIELD_VALIDATORS_MAP 183]
[07-Jul-2016]::[1:17:41 AM]::[com.itd.efiling.itr.common.dialog.o a]::[INFO]::[Inside  closeUtility]
[07-Jul-2016]::[1:17:43 AM]::[com.itd.efiling.itr.main.ctrl.h a]::[INFO]::[ Close Event WindowEvent [source = javafx.stage.Stage@25c59d, target = javafx.stage.Stage@25c59d, eventType = WINDOW_CLOSE_REQUEST, consumed = false]]
