[28-Jan-2017]::[7:22:10 AM]::[INFO]::[init starts]
[28-Jan-2017]::[7:22:10 AM]::[INFO]::[ITRConfigUtil.getConfigURL(): java.io.FileInputStream@cdc544]
[28-Jan-2017]::[7:22:10 AM]::[INFO]::[url jar:file:/D:/PERSONAL/Business/IT%20Returns/Ananda%20Pawar/AY%202015-16/ITR/ITR-4S_AY201516_PR9.jar!/META-INF/MANIFEST.MF]
[28-Jan-2017]::[7:22:10 AM]::[INFO]::[2015-16 :: ITR-4S :: 1.0]
[28-Jan-2017]::[7:22:11 AM]::[INFO]::[init ends in 679 ms.]
[28-Jan-2017]::[7:22:11 AM]::[INFO]::[MainLoader start method starts]
[28-Jan-2017]::[7:22:13 AM]::[INFO]::[Before Validating fileListCommonScript ]
[28-Jan-2017]::[7:22:13 AM]::[INFO]::[Before Validating fileListItrAy ]
[28-Jan-2017]::[7:22:13 AM]::[INFO]::[Before Validating fileListConfig ]
[28-Jan-2017]::[7:22:13 AM]::[INFO]::[Before Validating verifySignature ]
[28-Jan-2017]::[7:22:13 AM]::[INFO]::[verifies : true]
[28-Jan-2017]::[7:22:13 AM]::[INFO]::[Is utiltity valid ::true]
[28-Jan-2017]::[7:22:13 AM]::[INFO]::[openNewITR starts with values: asstYear:2015-16,itr:ITR-4S,ver:1.0,importXml:null]
[28-Jan-2017]::[7:22:13 AM]::[INFO]::[Opening ITR: ITR-4S For AsstYear: 2015-16]
[28-Jan-2017]::[7:22:13 AM]::[INFO]::[generateCopy starts]
[28-Jan-2017]::[7:22:13 AM]::[INFO]::[initialize starts]
[28-Jan-2017]::[7:22:13 AM]::[INFO]::[initialize ends]
[28-Jan-2017]::[7:22:14 AM]::[INFO]::[hideShowValidation starts]
[28-Jan-2017]::[7:22:14 AM]::[INFO]::[webViewActWidth in: 1079.14,vboxActWidth:  232.22000000000003,mainController.windowWidth: 1366.0]
[28-Jan-2017]::[7:22:14 AM]::[INFO]::[hide validation]
[28-Jan-2017]::[7:22:14 AM]::[INFO]::[hideShowValidation ends]
[28-Jan-2017]::[7:22:14 AM]::[INFO]::[Time taken in openNewITR(): 1032]
[28-Jan-2017]::[7:22:15 AM]::[INFO]::[calculateITR starts]
[28-Jan-2017]::[7:22:15 AM]::[INFO]::[calculateITR ok starts]
[28-Jan-2017]::[7:22:15 AM]::[INFO]::[mainController.windowWidth new : 1366.0]
[28-Jan-2017]::[7:22:16 AM]::[INFO]::[MainLoader start method ends. Time taken: 4850]
[28-Jan-2017]::[7:22:18 AM]::[INFO]::[javascript: to run: ]
[28-Jan-2017]::[7:22:18 AM]::[INFO]::[time taken in changed : 729]
[28-Jan-2017]::[7:23:07 AM]::[INFO]::[preview called: for itr: ITR-4S asstYear: 2015-16]
[28-Jan-2017]::[7:23:09 AM]::[INFO]::[Adding resources: ]
[28-Jan-2017]::[7:33:11 AM]::[INFO]::[No validation for field: itr4S.filingStatus.adharNoOption]
[28-Jan-2017]::[7:33:37 AM]::[INFO]::[No validation for field: itr4S.natOfBus.business[0].trade.tradeName]
[28-Jan-2017]::[7:33:46 AM]::[INFO]::[No validation for field: itr4S.natOfBus.business[0].trade.tradeName]
[28-Jan-2017]::[7:33:52 AM]::[INFO]::[No validation for field: itr4S.natOfBus.business[0].trade.tradeName]
[28-Jan-2017]::[7:34:04 AM]::[INFO]::[ifsc isSBIN]
[28-Jan-2017]::[7:42:17 AM]::[INFO]::[show validation]
[28-Jan-2017]::[7:42:17 AM]::[INFO]::[Time taken in validateAll(): 0]
[28-Jan-2017]::[7:42:17 AM]::[INFO]::[No validation for field: requestId]
[28-Jan-2017]::[7:42:17 AM]::[INFO]::[No validation for field: itr4S.creationInfo.xmlCreationDate]
[28-Jan-2017]::[7:42:17 AM]::[INFO]::[No validation for field: totalPage]
[28-Jan-2017]::[7:42:17 AM]::[INFO]::[No validation for field: returnType]
[28-Jan-2017]::[7:42:17 AM]::[INFO]::[No validation for field: customReturnType]
[28-Jan-2017]::[7:42:17 AM]::[INFO]::[No validation for field: ]
[28-Jan-2017]::[7:42:17 AM]::[INFO]::[No validation for field: itr4S.currentPage]
[28-Jan-2017]::[7:42:17 AM]::[INFO]::[No validation for field: itr4S.filingStatus.adharNoOption]
[28-Jan-2017]::[7:42:17 AM]::[INFO]::[No validation for field: itr4S.itr4sTaxComputationOnline.surchargeOnTaxPayable]
[28-Jan-2017]::[7:42:17 AM]::[INFO]::[No validation for field: itr4S.us44aeHeavy[0].chosenCheckBox]
[28-Jan-2017]::[7:42:17 AM]::[INFO]::[No validation for field: __checkbox_itr4S.us44aeHeavy[0].chosenCheckBox]
[28-Jan-2017]::[7:42:17 AM]::[INFO]::[No validation for field: Count_SCH_IT]
[28-Jan-2017]::[7:42:17 AM]::[INFO]::[No validation for field: itr4S.natOfBus.business[0].chosenCheckBox]
[28-Jan-2017]::[7:42:17 AM]::[INFO]::[No validation for field: __checkbox_scheduleFA.detailsOfTrustOutIndiaTrustee[0].chosenCheckBox]
[28-Jan-2017]::[7:42:17 AM]::[INFO]::[No validation for field: itr4S.natOfBus.business[0].trade.tradeName]
[28-Jan-2017]::[7:42:17 AM]::[INFO]::[No validation for field: itr4S.scheduleBPForITR4S.incChargeableUnderBus]
[28-Jan-2017]::[7:42:17 AM]::[INFO]::[No validation for field: itr4S.tdSonSalaries.tdSonSalary[0].employerOrDeductorOrCollectDetl.chosenCheckBox]
[28-Jan-2017]::[7:42:17 AM]::[INFO]::[No validation for field: __checkbox_itr4S.tdSonSalaries.tdSonSalary[0].employerOrDeductorOrCollectDetl.chosenCheckBox]
[28-Jan-2017]::[7:42:17 AM]::[INFO]::[No validation for field: itr4S.tdSonSalaries.tdSonSalary.totalTaxDeducted]
[28-Jan-2017]::[7:42:17 AM]::[INFO]::[No validation for field: Count_SCH_TDS1]
[28-Jan-2017]::[7:42:17 AM]::[INFO]::[No validation for field: itr4S.tdSonOthThanSals.tdSonOthThanSal[0].employerOrDeductorOrCollectDetl.chosenCheckBox]
[28-Jan-2017]::[7:42:17 AM]::[INFO]::[No validation for field: __checkbox_itr4S.tdSonOthThanSals.tdSonOthThanSal[0].employerOrDeductorOrCollectDetl.chosenCheckBox]
[28-Jan-2017]::[7:42:17 AM]::[INFO]::[No validation for field: itr4S.tdSonOthThanSals.tdSonOthThanSal.claimOutOfTotTDSOnAmtPaid]
[28-Jan-2017]::[7:42:17 AM]::[INFO]::[No validation for field: itr4S.scheduleTCS.tcs[0].chosenCheckBox]
[28-Jan-2017]::[7:42:17 AM]::[INFO]::[No validation for field: __checkbox_itr4S.scheduleTCS.tcs[0].chosenCheckBox]
[28-Jan-2017]::[7:42:17 AM]::[INFO]::[No validation for field: itr4S.scheduleTCS.tcs.amtTCSClaimedThisYear]
[28-Jan-2017]::[7:42:17 AM]::[INFO]::[No validation for field: itr4S.scheduleIT.taxPayment[0].chosenCheckBox]
[28-Jan-2017]::[7:42:17 AM]::[INFO]::[No validation for field: __checkbox_itr4S.scheduleIT.taxPayment[0].chosenCheckBox]
[28-Jan-2017]::[7:42:17 AM]::[INFO]::[No validation for field: itr4S.scheduleIT.taxPayment.amt]
[28-Jan-2017]::[7:42:17 AM]::[INFO]::[No validation for field: itr4S.taxPaid.taxesPaid.tcs]
[28-Jan-2017]::[7:42:17 AM]::[INFO]::[No validation for field: itr4S.schedule80G.don100Percent.doneeWithPan[0].chosenCheckBox]
[28-Jan-2017]::[7:42:17 AM]::[INFO]::[No validation for field: __checkbox_itr4S.schedule80G.don100Percent.doneeWithPan[0].chosenCheckBox]
[28-Jan-2017]::[7:42:17 AM]::[INFO]::[No validation for field: itr4S.schedule80G.don100Percent.doneeWithPan[0].eligibleDonationAmt]
[28-Jan-2017]::[7:42:17 AM]::[INFO]::[No validation for field: itr4S.schedule80G.don100Percent.totDon100Percent]
[28-Jan-2017]::[7:42:17 AM]::[INFO]::[No validation for field: itr4S.schedule80G.don100Percent.totEligibleDon100Percent]
[28-Jan-2017]::[7:42:17 AM]::[INFO]::[No validation for field: itr4S.schedule80G.don50PercentNoApprReqd.doneeWithPan[0].chosenCheckBox]
[28-Jan-2017]::[7:42:17 AM]::[INFO]::[No validation for field: __checkbox_itr4S.schedule80G.don50PercentNoApprReqd.doneeWithPan[0].chosenCheckBox]
[28-Jan-2017]::[7:42:17 AM]::[INFO]::[No validation for field: itr4S.schedule80G.don50PercentNoApprReqd.doneeWithPan[0].eligibleDonationAmt]
[28-Jan-2017]::[7:42:17 AM]::[INFO]::[No validation for field: itr4S.schedule80G.don50PercentNoApprReqd.totDon50PercentNoApprReqd]
[28-Jan-2017]::[7:42:17 AM]::[INFO]::[No validation for field: itr4S.schedule80G.don50PercentNoApprReqd.totEligibleDon50Percent]
[28-Jan-2017]::[7:42:17 AM]::[INFO]::[No validation for field: itr4S.schedule80G.don100PercentApprReqd.doneeWithPan[0].chosenCheckBox]
[28-Jan-2017]::[7:42:17 AM]::[INFO]::[No validation for field: __checkbox_itr4S.schedule80G.don100PercentApprReqd.doneeWithPan[0].chosenCheckBox]
[28-Jan-2017]::[7:42:17 AM]::[INFO]::[No validation for field: itr4S.schedule80G.don100PercentApprReqd.doneeWithPan[0].eligibleDonationAmt]
[28-Jan-2017]::[7:42:17 AM]::[INFO]::[No validation for field: itr4S.schedule80G.don100PercentApprReqd.totDon100PercentApprReqd]
[28-Jan-2017]::[7:42:17 AM]::[INFO]::[No validation for field: itr4S.schedule80G.don100PercentApprReqd.totEligibleDon100PercentApprReqd]
[28-Jan-2017]::[7:42:17 AM]::[INFO]::[No validation for field: itr4S.schedule80G.don50PercentApprReqd.doneeWithPan[0].chosenCheckBox]
[28-Jan-2017]::[7:42:17 AM]::[INFO]::[No validation for field: __checkbox_itr4S.schedule80G.don50PercentApprReqd.doneeWithPan[0].chosenCheckBox]
[28-Jan-2017]::[7:42:17 AM]::[INFO]::[No validation for field: itr4S.schedule80G.don50PercentApprReqd.doneeWithPan[0].eligibleDonationAmt]
[28-Jan-2017]::[7:42:17 AM]::[INFO]::[No validation for field: itr4S.schedule80G.don50PercentApprReqd.totDon50PercentApprReqd]
[28-Jan-2017]::[7:42:17 AM]::[INFO]::[No validation for field: itr4S.schedule80G.don50PercentApprReqd.totEligibleDon50PercentApprReqd]
[28-Jan-2017]::[7:42:17 AM]::[INFO]::[Call() ends time taken: 99  error count :1]
[28-Jan-2017]::[7:42:35 AM]::[INFO]::[show validation]
[28-Jan-2017]::[7:42:35 AM]::[INFO]::[Time taken in validateAll(): 0]
[28-Jan-2017]::[7:42:35 AM]::[INFO]::[No validation for field: requestId]
[28-Jan-2017]::[7:42:35 AM]::[INFO]::[No validation for field: itr4S.creationInfo.xmlCreationDate]
[28-Jan-2017]::[7:42:35 AM]::[INFO]::[No validation for field: totalPage]
[28-Jan-2017]::[7:42:35 AM]::[INFO]::[No validation for field: returnType]
[28-Jan-2017]::[7:42:35 AM]::[INFO]::[No validation for field: customReturnType]
[28-Jan-2017]::[7:42:35 AM]::[INFO]::[No validation for field: ]
[28-Jan-2017]::[7:42:35 AM]::[INFO]::[No validation for field: itr4S.currentPage]
[28-Jan-2017]::[7:42:35 AM]::[INFO]::[No validation for field: itr4S.filingStatus.adharNoOption]
[28-Jan-2017]::[7:42:35 AM]::[INFO]::[No validation for field: itr4S.itr4sTaxComputationOnline.surchargeOnTaxPayable]
[28-Jan-2017]::[7:42:35 AM]::[INFO]::[No validation for field: itr4S.us44aeHeavy[0].chosenCheckBox]
[28-Jan-2017]::[7:42:35 AM]::[INFO]::[No validation for field: __checkbox_itr4S.us44aeHeavy[0].chosenCheckBox]
[28-Jan-2017]::[7:42:35 AM]::[INFO]::[No validation for field: Count_SCH_IT]
[28-Jan-2017]::[7:42:35 AM]::[INFO]::[No validation for field: itr4S.natOfBus.business[0].chosenCheckBox]
[28-Jan-2017]::[7:42:35 AM]::[INFO]::[No validation for field: __checkbox_scheduleFA.detailsOfTrustOutIndiaTrustee[0].chosenCheckBox]
[28-Jan-2017]::[7:42:35 AM]::[INFO]::[No validation for field: itr4S.natOfBus.business[0].trade.tradeName]
[28-Jan-2017]::[7:42:35 AM]::[INFO]::[No validation for field: itr4S.scheduleBPForITR4S.incChargeableUnderBus]
[28-Jan-2017]::[7:42:35 AM]::[INFO]::[No validation for field: itr4S.tdSonSalaries.tdSonSalary[0].employerOrDeductorOrCollectDetl.chosenCheckBox]
[28-Jan-2017]::[7:42:35 AM]::[INFO]::[No validation for field: __checkbox_itr4S.tdSonSalaries.tdSonSalary[0].employerOrDeductorOrCollectDetl.chosenCheckBox]
[28-Jan-2017]::[7:42:35 AM]::[INFO]::[No validation for field: itr4S.tdSonSalaries.tdSonSalary.totalTaxDeducted]
[28-Jan-2017]::[7:42:35 AM]::[INFO]::[No validation for field: Count_SCH_TDS1]
[28-Jan-2017]::[7:42:35 AM]::[INFO]::[No validation for field: itr4S.tdSonOthThanSals.tdSonOthThanSal[0].employerOrDeductorOrCollectDetl.chosenCheckBox]
[28-Jan-2017]::[7:42:35 AM]::[INFO]::[No validation for field: __checkbox_itr4S.tdSonOthThanSals.tdSonOthThanSal[0].employerOrDeductorOrCollectDetl.chosenCheckBox]
[28-Jan-2017]::[7:42:35 AM]::[INFO]::[No validation for field: itr4S.tdSonOthThanSals.tdSonOthThanSal.claimOutOfTotTDSOnAmtPaid]
[28-Jan-2017]::[7:42:35 AM]::[INFO]::[No validation for field: itr4S.scheduleTCS.tcs[0].chosenCheckBox]
[28-Jan-2017]::[7:42:35 AM]::[INFO]::[No validation for field: __checkbox_itr4S.scheduleTCS.tcs[0].chosenCheckBox]
[28-Jan-2017]::[7:42:35 AM]::[INFO]::[No validation for field: itr4S.scheduleTCS.tcs.amtTCSClaimedThisYear]
[28-Jan-2017]::[7:42:35 AM]::[INFO]::[No validation for field: itr4S.scheduleIT.taxPayment[0].chosenCheckBox]
[28-Jan-2017]::[7:42:35 AM]::[INFO]::[No validation for field: __checkbox_itr4S.scheduleIT.taxPayment[0].chosenCheckBox]
[28-Jan-2017]::[7:42:35 AM]::[INFO]::[No validation for field: itr4S.scheduleIT.taxPayment.amt]
[28-Jan-2017]::[7:42:35 AM]::[INFO]::[No validation for field: itr4S.taxPaid.taxesPaid.tcs]
[28-Jan-2017]::[7:42:35 AM]::[INFO]::[No validation for field: itr4S.schedule80G.don100Percent.doneeWithPan[0].chosenCheckBox]
[28-Jan-2017]::[7:42:35 AM]::[INFO]::[No validation for field: __checkbox_itr4S.schedule80G.don100Percent.doneeWithPan[0].chosenCheckBox]
[28-Jan-2017]::[7:42:35 AM]::[INFO]::[No validation for field: itr4S.schedule80G.don100Percent.doneeWithPan[0].eligibleDonationAmt]
[28-Jan-2017]::[7:42:35 AM]::[INFO]::[No validation for field: itr4S.schedule80G.don100Percent.totDon100Percent]
[28-Jan-2017]::[7:42:35 AM]::[INFO]::[No validation for field: itr4S.schedule80G.don100Percent.totEligibleDon100Percent]
[28-Jan-2017]::[7:42:35 AM]::[INFO]::[No validation for field: itr4S.schedule80G.don50PercentNoApprReqd.doneeWithPan[0].chosenCheckBox]
[28-Jan-2017]::[7:42:35 AM]::[INFO]::[No validation for field: __checkbox_itr4S.schedule80G.don50PercentNoApprReqd.doneeWithPan[0].chosenCheckBox]
[28-Jan-2017]::[7:42:35 AM]::[INFO]::[No validation for field: itr4S.schedule80G.don50PercentNoApprReqd.doneeWithPan[0].eligibleDonationAmt]
[28-Jan-2017]::[7:42:35 AM]::[INFO]::[No validation for field: itr4S.schedule80G.don50PercentNoApprReqd.totDon50PercentNoApprReqd]
[28-Jan-2017]::[7:42:35 AM]::[INFO]::[No validation for field: itr4S.schedule80G.don50PercentNoApprReqd.totEligibleDon50Percent]
[28-Jan-2017]::[7:42:35 AM]::[INFO]::[No validation for field: itr4S.schedule80G.don100PercentApprReqd.doneeWithPan[0].chosenCheckBox]
[28-Jan-2017]::[7:42:35 AM]::[INFO]::[No validation for field: __checkbox_itr4S.schedule80G.don100PercentApprReqd.doneeWithPan[0].chosenCheckBox]
[28-Jan-2017]::[7:42:35 AM]::[INFO]::[No validation for field: itr4S.schedule80G.don100PercentApprReqd.doneeWithPan[0].eligibleDonationAmt]
[28-Jan-2017]::[7:42:35 AM]::[INFO]::[No validation for field: itr4S.schedule80G.don100PercentApprReqd.totDon100PercentApprReqd]
[28-Jan-2017]::[7:42:35 AM]::[INFO]::[No validation for field: itr4S.schedule80G.don100PercentApprReqd.totEligibleDon100PercentApprReqd]
[28-Jan-2017]::[7:42:35 AM]::[INFO]::[No validation for field: itr4S.schedule80G.don50PercentApprReqd.doneeWithPan[0].chosenCheckBox]
[28-Jan-2017]::[7:42:35 AM]::[INFO]::[No validation for field: __checkbox_itr4S.schedule80G.don50PercentApprReqd.doneeWithPan[0].chosenCheckBox]
[28-Jan-2017]::[7:42:35 AM]::[INFO]::[No validation for field: itr4S.schedule80G.don50PercentApprReqd.doneeWithPan[0].eligibleDonationAmt]
[28-Jan-2017]::[7:42:35 AM]::[INFO]::[No validation for field: itr4S.schedule80G.don50PercentApprReqd.totDon50PercentApprReqd]
[28-Jan-2017]::[7:42:35 AM]::[INFO]::[No validation for field: itr4S.schedule80G.don50PercentApprReqd.totEligibleDon50PercentApprReqd]
[28-Jan-2017]::[7:42:35 AM]::[INFO]::[Call() ends time taken: 83  error count :0]
[28-Jan-2017]::[7:42:43 AM]::[INFO]::[Time taken to start generateXml(): 54]
[28-Jan-2017]::[7:42:44 AM]::[INFO]::[outputfilePathD:\PERSONAL\Business\IT Returns\Ananda Pawar\AY 2015-16\FINAL.xml,generateXmlFlag: true]
[28-Jan-2017]::[7:42:44 AM]::[INFO]::[done with schema error; 0]
[28-Jan-2017]::[7:42:44 AM]::[INFO]::[Time taken to generate: 796]
[28-Jan-2017]::[7:43:22 AM]::[INFO]::[show validation]
[28-Jan-2017]::[7:43:22 AM]::[INFO]::[Time taken in validateAll(): 0]
[28-Jan-2017]::[7:43:22 AM]::[INFO]::[No validation for field: requestId]
[28-Jan-2017]::[7:43:22 AM]::[INFO]::[No validation for field: itr4S.creationInfo.xmlCreationDate]
[28-Jan-2017]::[7:43:22 AM]::[INFO]::[No validation for field: totalPage]
[28-Jan-2017]::[7:43:22 AM]::[INFO]::[No validation for field: returnType]
[28-Jan-2017]::[7:43:22 AM]::[INFO]::[No validation for field: customReturnType]
[28-Jan-2017]::[7:43:22 AM]::[INFO]::[No validation for field: ]
[28-Jan-2017]::[7:43:22 AM]::[INFO]::[No validation for field: itr4S.currentPage]
[28-Jan-2017]::[7:43:22 AM]::[INFO]::[No validation for field: itr4S.filingStatus.adharNoOption]
[28-Jan-2017]::[7:43:22 AM]::[INFO]::[No validation for field: itr4S.itr4sTaxComputationOnline.surchargeOnTaxPayable]
[28-Jan-2017]::[7:43:22 AM]::[INFO]::[No validation for field: itr4S.us44aeHeavy[0].chosenCheckBox]
[28-Jan-2017]::[7:43:22 AM]::[INFO]::[No validation for field: __checkbox_itr4S.us44aeHeavy[0].chosenCheckBox]
[28-Jan-2017]::[7:43:22 AM]::[INFO]::[No validation for field: Count_SCH_IT]
[28-Jan-2017]::[7:43:22 AM]::[INFO]::[No validation for field: itr4S.natOfBus.business[0].chosenCheckBox]
[28-Jan-2017]::[7:43:22 AM]::[INFO]::[No validation for field: __checkbox_scheduleFA.detailsOfTrustOutIndiaTrustee[0].chosenCheckBox]
[28-Jan-2017]::[7:43:22 AM]::[INFO]::[No validation for field: itr4S.natOfBus.business[0].trade.tradeName]
[28-Jan-2017]::[7:43:22 AM]::[INFO]::[No validation for field: itr4S.scheduleBPForITR4S.incChargeableUnderBus]
[28-Jan-2017]::[7:43:22 AM]::[INFO]::[No validation for field: itr4S.tdSonSalaries.tdSonSalary[0].employerOrDeductorOrCollectDetl.chosenCheckBox]
[28-Jan-2017]::[7:43:22 AM]::[INFO]::[No validation for field: __checkbox_itr4S.tdSonSalaries.tdSonSalary[0].employerOrDeductorOrCollectDetl.chosenCheckBox]
[28-Jan-2017]::[7:43:22 AM]::[INFO]::[No validation for field: itr4S.tdSonSalaries.tdSonSalary.totalTaxDeducted]
[28-Jan-2017]::[7:43:22 AM]::[INFO]::[No validation for field: Count_SCH_TDS1]
[28-Jan-2017]::[7:43:22 AM]::[INFO]::[No validation for field: itr4S.tdSonOthThanSals.tdSonOthThanSal[0].employerOrDeductorOrCollectDetl.chosenCheckBox]
[28-Jan-2017]::[7:43:22 AM]::[INFO]::[No validation for field: __checkbox_itr4S.tdSonOthThanSals.tdSonOthThanSal[0].employerOrDeductorOrCollectDetl.chosenCheckBox]
[28-Jan-2017]::[7:43:22 AM]::[INFO]::[No validation for field: itr4S.tdSonOthThanSals.tdSonOthThanSal.claimOutOfTotTDSOnAmtPaid]
[28-Jan-2017]::[7:43:22 AM]::[INFO]::[No validation for field: itr4S.scheduleTCS.tcs[0].chosenCheckBox]
[28-Jan-2017]::[7:43:22 AM]::[INFO]::[No validation for field: __checkbox_itr4S.scheduleTCS.tcs[0].chosenCheckBox]
[28-Jan-2017]::[7:43:22 AM]::[INFO]::[No validation for field: itr4S.scheduleTCS.tcs.amtTCSClaimedThisYear]
[28-Jan-2017]::[7:43:22 AM]::[INFO]::[No validation for field: itr4S.scheduleIT.taxPayment[0].chosenCheckBox]
[28-Jan-2017]::[7:43:22 AM]::[INFO]::[No validation for field: __checkbox_itr4S.scheduleIT.taxPayment[0].chosenCheckBox]
[28-Jan-2017]::[7:43:22 AM]::[INFO]::[No validation for field: itr4S.scheduleIT.taxPayment.amt]
[28-Jan-2017]::[7:43:22 AM]::[INFO]::[No validation for field: itr4S.taxPaid.taxesPaid.tcs]
[28-Jan-2017]::[7:43:22 AM]::[INFO]::[No validation for field: itr4S.schedule80G.don100Percent.doneeWithPan[0].chosenCheckBox]
[28-Jan-2017]::[7:43:22 AM]::[INFO]::[No validation for field: __checkbox_itr4S.schedule80G.don100Percent.doneeWithPan[0].chosenCheckBox]
[28-Jan-2017]::[7:43:22 AM]::[INFO]::[No validation for field: itr4S.schedule80G.don100Percent.doneeWithPan[0].eligibleDonationAmt]
[28-Jan-2017]::[7:43:22 AM]::[INFO]::[No validation for field: itr4S.schedule80G.don100Percent.totDon100Percent]
[28-Jan-2017]::[7:43:22 AM]::[INFO]::[No validation for field: itr4S.schedule80G.don100Percent.totEligibleDon100Percent]
[28-Jan-2017]::[7:43:22 AM]::[INFO]::[No validation for field: itr4S.schedule80G.don50PercentNoApprReqd.doneeWithPan[0].chosenCheckBox]
[28-Jan-2017]::[7:43:22 AM]::[INFO]::[No validation for field: __checkbox_itr4S.schedule80G.don50PercentNoApprReqd.doneeWithPan[0].chosenCheckBox]
[28-Jan-2017]::[7:43:22 AM]::[INFO]::[No validation for field: itr4S.schedule80G.don50PercentNoApprReqd.doneeWithPan[0].eligibleDonationAmt]
[28-Jan-2017]::[7:43:22 AM]::[INFO]::[No validation for field: itr4S.schedule80G.don50PercentNoApprReqd.totDon50PercentNoApprReqd]
[28-Jan-2017]::[7:43:22 AM]::[INFO]::[No validation for field: itr4S.schedule80G.don50PercentNoApprReqd.totEligibleDon50Percent]
[28-Jan-2017]::[7:43:22 AM]::[INFO]::[No validation for field: itr4S.schedule80G.don100PercentApprReqd.doneeWithPan[0].chosenCheckBox]
[28-Jan-2017]::[7:43:22 AM]::[INFO]::[No validation for field: __checkbox_itr4S.schedule80G.don100PercentApprReqd.doneeWithPan[0].chosenCheckBox]
[28-Jan-2017]::[7:43:22 AM]::[INFO]::[No validation for field: itr4S.schedule80G.don100PercentApprReqd.doneeWithPan[0].eligibleDonationAmt]
[28-Jan-2017]::[7:43:22 AM]::[INFO]::[No validation for field: itr4S.schedule80G.don100PercentApprReqd.totDon100PercentApprReqd]
[28-Jan-2017]::[7:43:22 AM]::[INFO]::[No validation for field: itr4S.schedule80G.don100PercentApprReqd.totEligibleDon100PercentApprReqd]
[28-Jan-2017]::[7:43:22 AM]::[INFO]::[No validation for field: itr4S.schedule80G.don50PercentApprReqd.doneeWithPan[0].chosenCheckBox]
[28-Jan-2017]::[7:43:22 AM]::[INFO]::[No validation for field: __checkbox_itr4S.schedule80G.don50PercentApprReqd.doneeWithPan[0].chosenCheckBox]
[28-Jan-2017]::[7:43:22 AM]::[INFO]::[No validation for field: itr4S.schedule80G.don50PercentApprReqd.doneeWithPan[0].eligibleDonationAmt]
[28-Jan-2017]::[7:43:22 AM]::[INFO]::[No validation for field: itr4S.schedule80G.don50PercentApprReqd.totDon50PercentApprReqd]
[28-Jan-2017]::[7:43:22 AM]::[INFO]::[No validation for field: itr4S.schedule80G.don50PercentApprReqd.totEligibleDon50PercentApprReqd]
[28-Jan-2017]::[7:43:22 AM]::[INFO]::[Call() ends time taken: 66  error count :0]
[28-Jan-2017]::[7:43:22 AM]::[INFO]::[submit itr starts]
[28-Jan-2017]::[7:43:22 AM]::[INFO]::[Time taken to start generateXml(): 50]
[28-Jan-2017]::[7:43:22 AM]::[INFO]::[outputfilePathC:\Users\TUSHAR~1\AppData\Local\Temp\ITR-7295987628684604961902238935.xml,generateXmlFlag: true]
[28-Jan-2017]::[7:43:23 AM]::[INFO]::[done with schema error; 0]
[28-Jan-2017]::[7:43:23 AM]::[INFO]::[Time taken to generate: 265]
[28-Jan-2017]::[7:43:23 AM]::[INFO]::[initialize submit itr starts]
[28-Jan-2017]::[7:43:23 AM]::[SEVERE]::[initUsbTokens error]
java.security.GeneralSecurityException: No Certificate found in your keystore
	at com.tcs.efiling.itr.config.UsbTokenUtil.getUsbTokenData(UsbTokenUtil.java:68)
	at com.tcs.efiling.itr.main.SubmitItrDialogController.initUsbTokens(SubmitItrDialogController.java:149)
	at com.tcs.efiling.itr.main.SubmitItrDialogController.initialize(SubmitItrDialogController.java:140)
	at javafx.fxml.FXMLLoader.loadImpl(FXMLLoader.java:2548)
	at javafx.fxml.FXMLLoader.loadImpl(FXMLLoader.java:2441)
	at javafx.fxml.FXMLLoader.load(FXMLLoader.java:2409)
	at com.tcs.efiling.itr.main.NewITRDialog.<init>(NewITRDialog.java:36)
	at com.tcs.efiling.itr.main.MainController.OpenSubmitDialog(MainController.java:1071)
	at com.tcs.efiling.itr.main.ITRUtil$4.run(ITRUtil.java:905)
	at com.sun.javafx.application.PlatformImpl.lambda$null$173(PlatformImpl.java:295)
	at java.security.AccessController.doPrivileged(Native Method)
	at com.sun.javafx.application.PlatformImpl.lambda$runLater$174(PlatformImpl.java:294)
	at com.sun.glass.ui.InvokeLaterDispatcher$Future.run(InvokeLaterDispatcher.java:95)
	at com.sun.glass.ui.win.WinApplication._runLoop(Native Method)
	at com.sun.glass.ui.win.WinApplication.lambda$null$148(WinApplication.java:191)
	at java.lang.Thread.run(Unknown Source)

[28-Jan-2017]::[7:43:24 AM]::[INFO]::[dscMandatory starts::ITR-4S]
[28-Jan-2017]::[7:43:24 AM]::[INFO]::[dscMandatory ends]
[28-Jan-2017]::[7:43:43 AM]::[INFO]::[url: https://www.google.co.in timeout: 30000]
[28-Jan-2017]::[7:43:43 AM]::[INFO]::[validateDSCKey ends with flag: true]
[28-Jan-2017]::[7:43:43 AM]::[INFO]::[file : .\ITR-4S_2015.zip]
[28-Jan-2017]::[7:43:43 AM]::[INFO]::[file : .\ITR]
[28-Jan-2017]::[7:43:43 AM]::[INFO]::[file : .\ITR-4S_AY201516_PR9.jar]
[28-Jan-2017]::[7:43:43 AM]::[INFO]::[hash : F26C79BA1CF7ED790A79EE702F0573C46BF684D24301F9F1B9688B8AEA162A9D]
[28-Jan-2017]::[7:43:43 AM]::[INFO]::[submitHash : EBEAF67098B20925BF90D7959ECC9CA225FCB1C6AA7DB9AB27DC365E5785EB0E]
[28-Jan-2017]::[7:43:43 AM]::[INFO]::[webservie url: https://incometaxindiaefiling.gov.in/e-FilingWS/ditws]
[28-Jan-2017]::[7:43:43 AM]::[INFO]::[Thread call starts]
[28-Jan-2017]::[7:43:43 AM]::[INFO]::[sendRequest starts]
[28-Jan-2017]::[7:43:45 AM]::[INFO]::[Soap fault: null]
[28-Jan-2017]::[7:43:45 AM]::[INFO]::[ackNo: 604013450280117 ,transactionId:3609279245,emailId:ADMIN@MOHITETAX.IN]
[28-Jan-2017]::[7:43:45 AM]::[INFO]::[cancel caled]
[28-Jan-2017]::[7:43:45 AM]::[INFO]::[Thread call ends : time taken: 2204]
[28-Jan-2017]::[7:43:45 AM]::[INFO]::[Writing to file: C:\Users\TUSHAR~1\AppData\Local\Temp\ITRvFile-12788870873726261341201784206.zip]
[28-Jan-2017]::[7:43:45 AM]::[INFO]::[initialize starts]
[28-Jan-2017]::[7:43:45 AM]::[INFO]::[loadITRVPage stats with transaction id 3609279245 ,email ADMIN@MOHITETAX.IN]
