The part added gets called returns true for value NSDL RPU 2.2
BATCH VALIDATION STARTED
isFinYrGrtrthn:- true
 PersonResponsilblePAN :: AFWPM1854M
PersonResponsilblePAN.trim().length() ::10
................ 0
................ 0
Validating Challan 1
Validating Challan For Batch Number2
Value of forCSIfile  :: true
 cinmandatory
No of challan from csi file :: 16
The FVU Higher Version is 5.7
The FVU lower Version is 2.153
TanNameFromTxtFile ::  OFFICE OF THE CHIEF ENGINEER (WZ)   TanNameFromCSIFile :: OFFICE OF THE CHIEF ENGINEER (WZ)
TanFromTxtFile ::  MUMO02862G   TanFromCSIFile  :: MUMO02862G
 STARTING DEDUTEE VALIDATION FOR CHALLAN 1
RateAtWhichTaxDeducted2.0000
RateAtWhichTaxDeducted2.0000
RateAtWhichTaxDeducted2.0000
RateAtWhichTaxDeducted2.0000
RateAtWhichTaxDeducted2.0000
RateAtWhichTaxDeducted2.0000
RateAtWhichTaxDeducted2.0000
RateAtWhichTaxDeducted2.0000
RateAtWhichTaxDeducted2.0000
RateAtWhichTaxDeducted2.0000
RateAtWhichTaxDeducted2.0000
RateAtWhichTaxDeducted2.0000
RateAtWhichTaxDeducted2.0000
RateAtWhichTaxDeducted2.0000
RateAtWhichTaxDeducted2.0000
RateAtWhichTaxDeducted2.0000
RateAtWhichTaxDeducted2.0000
Validating Challan 2
Validating Challan For Batch Number2
Value of forCSIfile  :: true
 cinmandatory
No of challan from csi file :: 16
The FVU Higher Version is 5.7
The FVU lower Version is 2.153
TanNameFromTxtFile ::  OFFICE OF THE CHIEF ENGINEER (WZ)   TanNameFromCSIFile :: OFFICE OF THE CHIEF ENGINEER (WZ)
TanFromTxtFile ::  MUMO02862G   TanFromCSIFile  :: MUMO02862G
 STARTING DEDUTEE VALIDATION FOR CHALLAN 2
RateAtWhichTaxDeducted2.0000
RateAtWhichTaxDeducted2.0000
RateAtWhichTaxDeducted2.0000
RateAtWhichTaxDeducted2.0000
RateAtWhichTaxDeducted2.0000
RateAtWhichTaxDeducted2.0000
Validating Challan 3
Validating Challan For Batch Number2
Value of forCSIfile  :: true
 cinmandatory
No of challan from csi file :: 16
The FVU Higher Version is 5.7
The FVU lower Version is 2.153
TanNameFromTxtFile ::  OFFICE OF THE CHIEF ENGINEER (WZ)   TanNameFromCSIFile :: OFFICE OF THE CHIEF ENGINEER (WZ)
TanFromTxtFile ::  MUMO02862G   TanFromCSIFile  :: MUMO02862G
 STARTING DEDUTEE VALIDATION FOR CHALLAN 3
RateAtWhichTaxDeducted2.0000
RateAtWhichTaxDeducted2.0000
RateAtWhichTaxDeducted2.0000
RateAtWhichTaxDeducted2.0000
RateAtWhichTaxDeducted2.0000
RateAtWhichTaxDeducted2.0000
RateAtWhichTaxDeducted2.0000
RateAtWhichTaxDeducted2.0000
RateAtWhichTaxDeducted2.0000
RateAtWhichTaxDeducted2.0000
RateAtWhichTaxDeducted2.0000
RateAtWhichTaxDeducted2.0000
Validating Challan 4
Validating Challan For Batch Number2
Value of forCSIfile  :: true
 cinmandatory
No of challan from csi file :: 16
The FVU Higher Version is 5.7
The FVU lower Version is 2.153
TanNameFromTxtFile ::  OFFICE OF THE CHIEF ENGINEER (WZ)   TanNameFromCSIFile :: OFFICE OF THE CHIEF ENGINEER (WZ)
TanFromTxtFile ::  MUMO02862G   TanFromCSIFile  :: MUMO02862G
 STARTING DEDUTEE VALIDATION FOR CHALLAN 4
RateAtWhichTaxDeducted2.0000
RateAtWhichTaxDeducted2.0000
RateAtWhichTaxDeducted2.0000
RateAtWhichTaxDeducted2.0000
RateAtWhichTaxDeducted2.0000
RateAtWhichTaxDeducted2.0000
RateAtWhichTaxDeducted2.0000
RateAtWhichTaxDeducted2.0000
RateAtWhichTaxDeducted2.0000
RateAtWhichTaxDeducted2.0000
Validating Challan 5
Validating Challan For Batch Number2
Value of forCSIfile  :: true
 cinmandatory
No of challan from csi file :: 16
The FVU Higher Version is 5.7
The FVU lower Version is 2.153
TanNameFromTxtFile ::  OFFICE OF THE CHIEF ENGINEER (WZ)   TanNameFromCSIFile :: OFFICE OF THE CHIEF ENGINEER (WZ)
TanFromTxtFile ::  MUMO02862G   TanFromCSIFile  :: MUMO02862G
 STARTING DEDUTEE VALIDATION FOR CHALLAN 5
RateAtWhichTaxDeducted2.0000
RateAtWhichTaxDeducted2.0000
RateAtWhichTaxDeducted2.0000
Validating Challan 6
Validating Challan For Batch Number2
Value of forCSIfile  :: true
 cinmandatory
No of challan from csi file :: 16
The FVU Higher Version is 5.7
The FVU lower Version is 2.153
TanNameFromTxtFile ::  OFFICE OF THE CHIEF ENGINEER (WZ)   TanNameFromCSIFile :: OFFICE OF THE CHIEF ENGINEER (WZ)
TanFromTxtFile ::  MUMO02862G   TanFromCSIFile  :: MUMO02862G
 STARTING DEDUTEE VALIDATION FOR CHALLAN 6
RateAtWhichTaxDeducted2.0000
RateAtWhichTaxDeducted2.0000
Validating Challan 7
Validating Challan For Batch Number2
Value of forCSIfile  :: true
 cinmandatory
No of challan from csi file :: 16
The FVU Higher Version is 5.7
The FVU lower Version is 2.153
TanNameFromTxtFile ::  OFFICE OF THE CHIEF ENGINEER (WZ)   TanNameFromCSIFile :: OFFICE OF THE CHIEF ENGINEER (WZ)
TanFromTxtFile ::  MUMO02862G   TanFromCSIFile  :: MUMO02862G
 STARTING DEDUTEE VALIDATION FOR CHALLAN 7
RateAtWhichTaxDeducted10.0000
RateAtWhichTaxDeducted10.0000
Validating Challan 8
Validating Challan For Batch Number2
Value of forCSIfile  :: true
 cinmandatory
No of challan from csi file :: 16
The FVU Higher Version is 5.7
The FVU lower Version is 2.153
TanNameFromTxtFile ::  OFFICE OF THE CHIEF ENGINEER (WZ)   TanNameFromCSIFile :: OFFICE OF THE CHIEF ENGINEER (WZ)
TanFromTxtFile ::  MUMO02862G   TanFromCSIFile  :: MUMO02862G
 STARTING DEDUTEE VALIDATION FOR CHALLAN 8
RateAtWhichTaxDeducted10.0000
 END OF :::BIFERCATING CHALAN AND TV AND CIN CHECKINGWed Jan 17 00:16:51 IST 2018
Field Validation of file is compleated sucessfully
START # 17-01-2018 00:16:51.358
 Original file object created and file exist
tempFileName String cretaed ::  C:/Users/Tushar/Desktop/Return AIR Q3 New/26QRQ3_temp.fvu
 brtTemp object created for temp file
String line created 
isAppendForNextLine (Inside if condition ) :: 1
 After appending line 1^63^FVU 5.7^00000000000000000000^SAM 1.0^00000000000000000000^18011700165157736593
f.close()
f = null
brTemp.flush()
brTemp.close()
brTemp = null;
END # 17-01-2018 00:16:51.358
Original file is deleted
Temp file renamed
In processCINFile method
the challan count is 16
the cinFileLevelHC no. is00000000000005953422
Return Hash Code = 0
Hash Validation of file is done sucessfully
Inside generateStatisticFile Method 
FileGenerator.java ParseString() method is called 
FileGenerator.java ParseString() method is returning 
FileGenerator.java createStatisticFileString() method is called
 Entering writeStatisticFile() Method Wed Jan 17 00:16:51 IST 2018
 Exiting writeStatisticFile() Method Wed Jan 17 00:16:51 IST 2018
FileGenerator.java createStatisticFileString() method is returning
 length : 70
 length : 70
 BARCODE :- 18011700165157736593
Inside generateForm27A
 Entering writePdfFile() Method Wed Jan 17 00:16:51 IST 2018
 Exiting writePdfFile() Method Wed Jan 17 00:16:51 IST 2018
pdf generatedtrue
END TIME : Wed Jan 17 00:16:51 IST 2018
--DESKTOP OBJECT: java.awt.Desktop@1af598f
--error file path: C:\Users\Tushar\Desktop\Return AIR Q3 New
--dir to open object: C:\Users\Tushar\Desktop\Return AIR Q3 New
the text error file path is C:\Users\Tushar\Desktop\Return AIR Q3 New
the errorFileNameSAM is C:\Users\Tushar\Desktop\Return AIR Q3 New\26QRQ3.err
---UPPER---
Size of appender: 220
Size of appender: 219
Size of appender: 224
Size of appender: 212
Size of appender: 212
Size of appender: 217
Size of appender: 220
Size of appender: 225
Size of appender: 218
Size of appender: 219
Size of appender: 219
Size of appender: 219
Size of appender: 215
Size of appender: 218
Size of appender: 218
Size of appender: 223
Size of appender: 223
Size of appender: 224
Size of appender: 221
Size of appender: 218
Size of appender: 214
Size of appender: 214
Size of appender: 214
Size of appender: 214
Size of appender: 214
Size of appender: 224
Size of appender: 221
Size of appender: 218
Size of appender: 222
Size of appender: 214
Size of appender: 214
Size of appender: 216
Size of appender: 214
Size of appender: 227
Size of appender: 224
Size of appender: 226
Size of appender: 221
Size of appender: 225
Size of appender: 226
Size of appender: 218
Size of appender: 218
Size of appender: 218
Size of appender: 218
Size of appender: 224
Size of appender: 225
Size of appender: 212
Size of appender: 219
Size of appender: 216
Size of appender: 212
Size of appender: 222
Size of appender: 214
Size of appender: 214
Size of appender: 210
saved file path:C:\Users\Tushar\Desktop\MUMO02862G_26Q_201718_Q3
current file path MUMO02862G_26Q_201718_Q3
existing file chooser C:\Users\Tushar\Desktop\MUMO02862G_26Q_201718_Q3
copied file C:\Users\Tushar\Desktop\MUMO02862G_26Q_201718_Q3
next saved file pathC:\Users\Tushar\Desktop
After first save file size: 0
inside File Saved
