[27-Mar-2018]::[4:50:55 PM]::[com.itd.efiling.itr.main.ctrl.ThreeRedLightsIlluminate init]::[INFO]::[init starts]
[27-Mar-2018]::[4:50:55 PM]::[com.itd.efiling.itr.common.util.j setUtilityParams]::[INFO]::[url jar:file:/C:/Program%20Files/Java/jre1.8.0_161/lib/ext/jfxrt.jar!/META-INF/MANIFEST.MF]
[27-Mar-2018]::[4:50:55 PM]::[com.itd.efiling.itr.common.util.j setUtilityParams]::[INFO]::[url jar:file:/E:/Data0/IT%20Returns/Girish%20Salunkhe/ITR-2_2017/ITR-2_AY201718_PR12.jar!/META-INF/MANIFEST.MF]
[27-Mar-2018]::[4:50:55 PM]::[com.itd.efiling.itr.common.util.j setUtilityParams]::[INFO]::[2017-18 :: ITR-2 :: ]
[27-Mar-2018]::[4:50:55 PM]::[com.itd.efiling.itr.main.ctrl.ThreeRedLightsIlluminate init]::[INFO]::[init ends in 18 ms.]
[27-Mar-2018]::[4:50:55 PM]::[com.itd.efiling.itr.main.ctrl.ThreeRedLightsIlluminate start]::[INFO]::[MainLoader start method starts]
[27-Mar-2018]::[4:50:55 PM]::[com.itd.efiling.itr.main.ctrl.d initialize]::[INFO]::[initialize starts]
[27-Mar-2018]::[4:50:55 PM]::[com.itd.efiling.itr.common.util.c b]::[INFO]::[Before Validating fileListCommonScript ]
[27-Mar-2018]::[4:50:55 PM]::[com.itd.efiling.itr.common.util.c b]::[INFO]::[Before Validating fileListItrAy ]
[27-Mar-2018]::[4:50:55 PM]::[com.itd.efiling.itr.common.util.c b]::[INFO]::[Before Validating fileListConfig ]
[27-Mar-2018]::[4:50:55 PM]::[com.itd.efiling.itr.common.util.c b]::[INFO]::[Before Validating verifySignature ]
[27-Mar-2018]::[4:50:55 PM]::[com.itd.efiling.itr.common.util.c a]::[INFO]::[verifies : true]
[27-Mar-2018]::[4:50:55 PM]::[com.itd.efiling.itr.main.ctrl.d initialize]::[INFO]::[Is utiltity valid ::true]
[27-Mar-2018]::[4:50:55 PM]::[com.itd.efiling.itr.a.a.d c]::[INFO]::[loadingDialog starts]
[27-Mar-2018]::[4:50:55 PM]::[com.itd.efiling.itr.a.a.a <init>]::[INFO]::[CommonDialog starts]
[27-Mar-2018]::[4:50:55 PM]::[com.itd.efiling.itr.a.a.a <init>]::[INFO]::[CommonDialog ends]
[27-Mar-2018]::[4:50:56 PM]::[com.itd.efiling.itr.a.a.d c]::[INFO]::[loadingDialog ends]
[27-Mar-2018]::[4:50:56 PM]::[com.itd.efiling.itr.main.ctrl.a b]::[INFO]::[hide validation]
[27-Mar-2018]::[4:50:56 PM]::[com.itd.efiling.itr.main.ctrl.d a]::[INFO]::[importFile : null]
[27-Mar-2018]::[4:50:56 PM]::[com.itd.efiling.itr.main.ctrl.d initialize]::[INFO]::[initialize ends: time taken: 449ms]
[27-Mar-2018]::[4:50:56 PM]::[com.itd.efiling.itr.main.ctrl.d initialize]::[INFO]::[initialize ends: time taken: 1ms]
[27-Mar-2018]::[4:50:56 PM]::[com.sun.javafx.css.parser.CSSParser declaration]::[WARNING]::[CSS Error parsing '*{-fx-background-color: linear-gradient(#3A5058, #6aa2b1);-fx-font-weight: bold;-fx-font: 22px;}: Expected '<font-family>' while parsing '-fx-font' at [1,90]]
[27-Mar-2018]::[4:50:56 PM]::[com.sun.javafx.css.parser.CSSParser declaration]::[WARNING]::[CSS Error parsing '*{-fx-font-weight: bold;-fx-font: 22px;}: Expected '<font-family>' while parsing '-fx-font' at [1,34]]
[27-Mar-2018]::[4:50:56 PM]::[com.itd.efiling.itr.main.ctrl.ThreeRedLightsIlluminate start]::[INFO]::[mainController.windowWidth new : 1304.0]
[27-Mar-2018]::[4:50:56 PM]::[com.itd.efiling.itr.main.ctrl.ThreeRedLightsIlluminate start]::[INFO]::[1304.0 :: 1030.16 :: 221.68]
[27-Mar-2018]::[4:50:56 PM]::[com.itd.efiling.itr.main.ctrl.ThreeRedLightsIlluminate start]::[INFO]::[MainLoader start method ends. Time taken: 1111]
[27-Mar-2018]::[4:50:56 PM]::[com.itd.efiling.itr.common.a.a a]::[INFO]::[oldState  : RUNNING newState : SUCCEEDED]
[27-Mar-2018]::[4:50:56 PM]::[com.itd.efiling.itr.common.a.a a]::[INFO]::[jsobj [object Window]]
[27-Mar-2018]::[4:50:58 PM]::[com.itd.efiling.itr.common.a.a a]::[INFO]::[time taken in changed : 304]
[27-Mar-2018]::[4:50:59 PM]::[com.itd.efiling.itr.toolbar.b importXml]::[INFO]::[importXmlDialog starts]
[27-Mar-2018]::[4:50:59 PM]::[com.itd.efiling.itr.a.a.e a]::[INFO]::[extension : .open title : null type : false]
[27-Mar-2018]::[4:51:15 PM]::[com.itd.efiling.itr.toolbar.b a]::[INFO]::[Actual ITR ITR-2 Actual assesment year2017-18]
[27-Mar-2018]::[4:51:15 PM]::[com.itd.efiling.itr.toolbar.b a]::[INFO]::[Imported ITR ITR-2 Imported assesment year2017-18]
[27-Mar-2018]::[4:51:15 PM]::[com.itd.efiling.itr.a.a.d c]::[INFO]::[loadingDialog starts]
[27-Mar-2018]::[4:51:15 PM]::[com.itd.efiling.itr.a.a.a <init>]::[INFO]::[CommonDialog starts]
[27-Mar-2018]::[4:51:15 PM]::[com.itd.efiling.itr.a.a.a <init>]::[INFO]::[CommonDialog ends]
[27-Mar-2018]::[4:51:15 PM]::[com.itd.efiling.itr.a.a.d c]::[INFO]::[loadingDialog ends]
[27-Mar-2018]::[4:51:15 PM]::[com.itd.efiling.itr.main.ctrl.a b]::[INFO]::[hide validation]
[27-Mar-2018]::[4:51:15 PM]::[com.itd.efiling.itr.main.ctrl.d a]::[INFO]::[importFile : E:\Data0\IT Returns\Girish Salunkhe\AY 2017-18 ORIGINAL 25032018.xml]
[27-Mar-2018]::[4:51:15 PM]::[com.itd.efiling.itr.common.a.a a]::[INFO]::[oldState  : SUCCEEDED newState : READY]
[27-Mar-2018]::[4:51:15 PM]::[com.itd.efiling.itr.common.a.a a]::[INFO]::[oldState  : READY newState : SCHEDULED]
[27-Mar-2018]::[4:51:15 PM]::[com.itd.efiling.itr.common.a.a a]::[INFO]::[oldState  : SCHEDULED newState : RUNNING]
[27-Mar-2018]::[4:51:15 PM]::[com.itd.efiling.itr.toolbar.b importXml]::[INFO]::[importXmlDialog ends]
[27-Mar-2018]::[4:51:15 PM]::[com.itd.efiling.itr.common.a.a a]::[INFO]::[oldState  : RUNNING newState : SUCCEEDED]
[27-Mar-2018]::[4:51:15 PM]::[com.itd.efiling.itr.common.a.a a]::[INFO]::[jsobj [object Window]]
[27-Mar-2018]::[4:51:15 PM]::[com.itd.efiling.itr.common.util.l a]::[INFO]::[Before setDocument]
[27-Mar-2018]::[4:51:15 PM]::[com.itd.efiling.itr.common.util.l a]::[INFO]::[iterateNodeImportXml 0]
[27-Mar-2018]::[4:51:15 PM]::[com.itd.efiling.itr.common.util.l a]::[INFO]::[cacheHtmlElements ]
[27-Mar-2018]::[4:51:15 PM]::[com.itd.efiling.itr.common.util.l b]::[INFO]::[Before cacheHtmlElements 0]
[27-Mar-2018]::[4:51:15 PM]::[com.itd.efiling.itr.common.util.l b]::[INFO]::[After cacheHtmlElements 1144]
[27-Mar-2018]::[4:51:15 PM]::[com.itd.efiling.itr.common.util.l a]::[INFO]::[putValuesToHTML ]
[27-Mar-2018]::[4:51:15 PM]::[com.itd.efiling.itr.common.util.l a]::[INFO]::[Before setValuesInForm]
[27-Mar-2018]::[4:51:15 PM]::[com.itd.efiling.itr.common.util.l a]::[INFO]::[End of putValuesToHTML]
[27-Mar-2018]::[4:51:15 PM]::[com.itd.efiling.itr.common.util.l a]::[INFO]::[time taken in importxml function: 61]
[27-Mar-2018]::[4:51:17 PM]::[com.itd.efiling.itr.common.a.a a]::[INFO]::[time taken in changed : 1236]
[27-Mar-2018]::[4:51:17 PM]::[com.itd.efiling.itr.common.a.a a]::[INFO]::[oldState  : RUNNING newState : SUCCEEDED]
[27-Mar-2018]::[4:51:23 PM]::[com.itd.efiling.itr.validation.a.a a]::[INFO]::[FIELD_VALIDATORS_MAP 966]
[27-Mar-2018]::[5:03:23 PM]::[com.itd.efiling.itr.common.dialog.p a]::[INFO]::[Inside  closeUtility]
[27-Mar-2018]::[5:03:24 PM]::[com.itd.efiling.itr.main.ctrl.h a]::[INFO]::[ Close Event WindowEvent [source = javafx.stage.Stage@17d3ef3, target = javafx.stage.Stage@17d3ef3, eventType = WINDOW_CLOSE_REQUEST, consumed = false]]
