[27-Mar-2018]::[7:22:09 PM]::[com.itd.efiling.itr.main.ctrl.ThreeRedLightsIlluminate init]::[INFO]::[init starts]
[27-Mar-2018]::[7:22:11 PM]::[com.itd.efiling.itr.common.util.j setUtilityParams]::[INFO]::[url jar:file:/C:/Program%20Files/Java/jre1.8.0_161/lib/ext/jfxrt.jar!/META-INF/MANIFEST.MF]
[27-Mar-2018]::[7:22:11 PM]::[com.itd.efiling.itr.common.util.j setUtilityParams]::[INFO]::[url jar:file:/E:/Data0/IT%20Returns/Aruna%20Salunkhe/ITR-4S_2016/ITR-4S_AY201617_PR10.jar!/META-INF/MANIFEST.MF]
[27-Mar-2018]::[7:22:11 PM]::[com.itd.efiling.itr.common.util.j setUtilityParams]::[INFO]::[2016-17 :: ITR-4S :: ]
[27-Mar-2018]::[7:22:11 PM]::[com.itd.efiling.itr.main.ctrl.ThreeRedLightsIlluminate init]::[INFO]::[init ends in 356 ms.]
[27-Mar-2018]::[7:22:12 PM]::[com.itd.efiling.itr.main.ctrl.ThreeRedLightsIlluminate start]::[INFO]::[MainLoader start method starts]
[27-Mar-2018]::[7:22:57 PM]::[com.itd.efiling.itr.main.ctrl.d initialize]::[INFO]::[initialize starts]
[27-Mar-2018]::[7:22:57 PM]::[com.itd.efiling.itr.common.util.c b]::[INFO]::[Before Validating fileListCommonScript ]
[27-Mar-2018]::[7:22:58 PM]::[com.itd.efiling.itr.common.util.c b]::[INFO]::[Before Validating fileListItrAy ]
[27-Mar-2018]::[7:22:58 PM]::[com.itd.efiling.itr.common.util.c b]::[INFO]::[Before Validating fileListConfig ]
[27-Mar-2018]::[7:22:59 PM]::[com.itd.efiling.itr.common.util.c b]::[INFO]::[Before Validating verifySignature ]
[27-Mar-2018]::[7:23:00 PM]::[com.itd.efiling.itr.common.util.c a]::[INFO]::[verifies : true]
[27-Mar-2018]::[7:23:00 PM]::[com.itd.efiling.itr.main.ctrl.d initialize]::[INFO]::[Is utiltity valid ::true]
[27-Mar-2018]::[7:23:00 PM]::[com.itd.efiling.itr.a.a.d c]::[INFO]::[loadingDialog starts]
[27-Mar-2018]::[7:23:00 PM]::[com.itd.efiling.itr.a.a.a <init>]::[INFO]::[CommonDialog starts]
[27-Mar-2018]::[7:23:01 PM]::[com.itd.efiling.itr.a.a.a <init>]::[INFO]::[CommonDialog ends]
[27-Mar-2018]::[7:23:05 PM]::[com.itd.efiling.itr.a.a.d c]::[INFO]::[loadingDialog ends]
[27-Mar-2018]::[7:23:05 PM]::[com.itd.efiling.itr.main.ctrl.a b]::[INFO]::[hide validation]
[27-Mar-2018]::[7:23:05 PM]::[com.itd.efiling.itr.main.ctrl.d a]::[INFO]::[importFile : null]
[27-Mar-2018]::[7:23:05 PM]::[com.itd.efiling.itr.main.ctrl.d initialize]::[INFO]::[initialize ends: time taken: 7713ms]
[27-Mar-2018]::[7:23:05 PM]::[com.itd.efiling.itr.main.ctrl.d initialize]::[INFO]::[initialize ends: time taken: 2ms]
[27-Mar-2018]::[7:23:06 PM]::[com.sun.javafx.css.parser.CSSParser declaration]::[WARNING]::[CSS Error parsing '*{-fx-background-color: linear-gradient(#3A5058, #6aa2b1);-fx-font-weight: bold;-fx-font: 22px;}: Expected '<font-family>' while parsing '-fx-font' at [1,90]]
[27-Mar-2018]::[7:23:06 PM]::[com.sun.javafx.css.parser.CSSParser declaration]::[WARNING]::[CSS Error parsing '*{-fx-font-weight: bold;-fx-font: 22px;}: Expected '<font-family>' while parsing '-fx-font' at [1,34]]
[27-Mar-2018]::[7:23:06 PM]::[com.itd.efiling.itr.main.ctrl.ThreeRedLightsIlluminate start]::[INFO]::[mainController.windowWidth new : 1304.0]
[27-Mar-2018]::[7:23:07 PM]::[com.itd.efiling.itr.main.ctrl.ThreeRedLightsIlluminate start]::[INFO]::[1304.0 :: 1030.16 :: 221.68]
[27-Mar-2018]::[7:23:07 PM]::[com.itd.efiling.itr.main.ctrl.ThreeRedLightsIlluminate start]::[INFO]::[MainLoader start method ends. Time taken: 55651]
[27-Mar-2018]::[7:23:09 PM]::[com.itd.efiling.itr.common.a.a a]::[INFO]::[oldState  : RUNNING newState : SUCCEEDED]
[27-Mar-2018]::[7:23:09 PM]::[com.itd.efiling.itr.common.a.a a]::[INFO]::[jsobj [object Window]]
[27-Mar-2018]::[7:23:10 PM]::[com.itd.efiling.itr.common.a.a a]::[INFO]::[time taken in changed : 1248]
[27-Mar-2018]::[7:23:14 PM]::[com.itd.efiling.itr.common.dialog.p a]::[INFO]::[Inside  closeUtility]
[27-Mar-2018]::[7:23:15 PM]::[com.itd.efiling.itr.main.ctrl.h a]::[INFO]::[ Close Event WindowEvent [source = javafx.stage.Stage@fe2259, target = javafx.stage.Stage@fe2259, eventType = WINDOW_CLOSE_REQUEST, consumed = false]]
