The part added gets called returns true for value TaxPro e-TDS 2018
BATCH VALIDATION STARTED
isFinYrGrtrthn:- true
 PersonResponsilblePAN :: AQRPC7803N
PersonResponsilblePAN.trim().length() ::10
................ 6
................ 6
Validating Challan 1
Validating Challan For Batch Number2
Value of forCSIfile  :: true
 cinmandatory
No of challan from csi file :: 78
The FVU Higher Version is 5.8
The FVU lower Version is 2.154
TanNameFromTxtFile ::  CANARA BANK   TanNameFromCSIFile :: CANARA BANK
TanFromTxtFile ::  MUMC10753B   TanFromCSIFile  :: MUMC10753B
 STARTING DEDUTEE VALIDATION FOR CHALLAN 1
RateAtWhichTaxDeducted10.0000
Validating Challan 2
Validating Challan For Batch Number2
Value of forCSIfile  :: true
 cinmandatory
No of challan from csi file :: 78
The FVU Higher Version is 5.8
The FVU lower Version is 2.154
TanNameFromTxtFile ::  CANARA BANK   TanNameFromCSIFile :: CANARA BANK
TanFromTxtFile ::  MUMC10753B   TanFromCSIFile  :: MUMC10753B
 STARTING DEDUTEE VALIDATION FOR CHALLAN 2
RateAtWhichTaxDeducted10.0000
Validating Challan 3
Validating Challan For Batch Number2
Value of forCSIfile  :: true
 cinmandatory
No of challan from csi file :: 78
The FVU Higher Version is 5.8
The FVU lower Version is 2.154
TanNameFromTxtFile ::  CANARA BANK   TanNameFromCSIFile :: CANARA BANK
TanFromTxtFile ::  MUMC10753B   TanFromCSIFile  :: MUMC10753B
 STARTING DEDUTEE VALIDATION FOR CHALLAN 3
RateAtWhichTaxDeducted1.0000
Validating Challan 4
Validating Challan For Batch Number2
Value of forCSIfile  :: true
 cinmandatory
No of challan from csi file :: 78
The FVU Higher Version is 5.8
The FVU lower Version is 2.154
TanNameFromTxtFile ::  CANARA BANK   TanNameFromCSIFile :: CANARA BANK
TanFromTxtFile ::  MUMC10753B   TanFromCSIFile  :: MUMC10753B
 STARTING DEDUTEE VALIDATION FOR CHALLAN 4
RateAtWhichTaxDeducted10.0000
RateAtWhichTaxDeducted10.0000
RateAtWhichTaxDeducted10.0000
RateAtWhichTaxDeducted10.0000
RateAtWhichTaxDeducted10.0000
RateAtWhichTaxDeducted10.0000
RateAtWhichTaxDeducted10.0000
RateAtWhichTaxDeducted10.0000
RateAtWhichTaxDeducted10.0000
RateAtWhichTaxDeducted10.0000
RateAtWhichTaxDeducted10.0000
RateAtWhichTaxDeducted10.0000
RateAtWhichTaxDeducted10.0000
RateAtWhichTaxDeducted10.0000
RateAtWhichTaxDeducted10.0000
RateAtWhichTaxDeducted10.0000
RateAtWhichTaxDeducted10.0000
RateAtWhichTaxDeducted10.0000
RateAtWhichTaxDeducted10.0000
RateAtWhichTaxDeducted10.0000
RateAtWhichTaxDeducted10.0000
RateAtWhichTaxDeducted10.0000
RateAtWhichTaxDeducted10.0000
RateAtWhichTaxDeducted10.0000
RateAtWhichTaxDeducted10.0000
RateAtWhichTaxDeducted10.0000
RateAtWhichTaxDeducted10.0000
RateAtWhichTaxDeducted10.0000
RateAtWhichTaxDeducted10.0000
Validating Challan 5
Validating Challan For Batch Number2
Value of forCSIfile  :: true
 cinmandatory
No of challan from csi file :: 78
The FVU Higher Version is 5.8
The FVU lower Version is 2.154
TanNameFromTxtFile ::  CANARA BANK   TanNameFromCSIFile :: CANARA BANK
TanFromTxtFile ::  MUMC10753B   TanFromCSIFile  :: MUMC10753B
 STARTING DEDUTEE VALIDATION FOR CHALLAN 5
RateAtWhichTaxDeducted10.0000
RateAtWhichTaxDeducted10.0000
RateAtWhichTaxDeducted10.0000
RateAtWhichTaxDeducted10.0000
RateAtWhichTaxDeducted10.0000
RateAtWhichTaxDeducted10.0000
RateAtWhichTaxDeducted10.0000
RateAtWhichTaxDeducted10.0000
RateAtWhichTaxDeducted10.0000
RateAtWhichTaxDeducted10.0000
RateAtWhichTaxDeducted10.0000
RateAtWhichTaxDeducted10.0000
RateAtWhichTaxDeducted10.0000
RateAtWhichTaxDeducted10.0000
RateAtWhichTaxDeducted10.0000
RateAtWhichTaxDeducted10.0000
RateAtWhichTaxDeducted10.0000
RateAtWhichTaxDeducted10.0000
RateAtWhichTaxDeducted10.0000
RateAtWhichTaxDeducted10.0000
RateAtWhichTaxDeducted10.0000
RateAtWhichTaxDeducted10.0000
RateAtWhichTaxDeducted10.0000
RateAtWhichTaxDeducted10.0000
RateAtWhichTaxDeducted10.0000
RateAtWhichTaxDeducted10.0000
RateAtWhichTaxDeducted10.0000
RateAtWhichTaxDeducted10.0000
RateAtWhichTaxDeducted10.0000
RateAtWhichTaxDeducted10.0000
RateAtWhichTaxDeducted10.0000
RateAtWhichTaxDeducted10.0000
RateAtWhichTaxDeducted10.0000
RateAtWhichTaxDeducted10.0000
RateAtWhichTaxDeducted10.0000
RateAtWhichTaxDeducted10.0000
RateAtWhichTaxDeducted10.0000
RateAtWhichTaxDeducted10.0000
RateAtWhichTaxDeducted10.0000
RateAtWhichTaxDeducted10.0000
RateAtWhichTaxDeducted10.0000
RateAtWhichTaxDeducted10.0000
RateAtWhichTaxDeducted10.0000
RateAtWhichTaxDeducted10.0000
RateAtWhichTaxDeducted10.0000
RateAtWhichTaxDeducted10.0000
RateAtWhichTaxDeducted10.0000
RateAtWhichTaxDeducted10.0000
RateAtWhichTaxDeducted10.0000
RateAtWhichTaxDeducted10.0000
RateAtWhichTaxDeducted10.0000
RateAtWhichTaxDeducted10.0000
RateAtWhichTaxDeducted10.0000
RateAtWhichTaxDeducted10.0000
RateAtWhichTaxDeducted10.0000
RateAtWhichTaxDeducted10.0000
RateAtWhichTaxDeducted10.0000
RateAtWhichTaxDeducted10.0000
RateAtWhichTaxDeducted10.0000
RateAtWhichTaxDeducted10.0000
RateAtWhichTaxDeducted10.0000
RateAtWhichTaxDeducted10.0000
RateAtWhichTaxDeducted10.0000
RateAtWhichTaxDeducted10.0000
RateAtWhichTaxDeducted10.0000
RateAtWhichTaxDeducted10.0000
RateAtWhichTaxDeducted10.0000
RateAtWhichTaxDeducted10.0000
RateAtWhichTaxDeducted10.0000
RateAtWhichTaxDeducted10.0000
RateAtWhichTaxDeducted10.0000
RateAtWhichTaxDeducted10.0000
RateAtWhichTaxDeducted10.0000
RateAtWhichTaxDeducted10.0000
RateAtWhichTaxDeducted10.0000
RateAtWhichTaxDeducted10.0000
RateAtWhichTaxDeducted10.0000
RateAtWhichTaxDeducted10.0000
RateAtWhichTaxDeducted10.0000
RateAtWhichTaxDeducted10.0000
RateAtWhichTaxDeducted10.0000
RateAtWhichTaxDeducted10.0000
RateAtWhichTaxDeducted10.0000
RateAtWhichTaxDeducted10.0000
RateAtWhichTaxDeducted10.0000
RateAtWhichTaxDeducted10.0000
RateAtWhichTaxDeducted10.0000
RateAtWhichTaxDeducted10.0000
RateAtWhichTaxDeducted10.0000
RateAtWhichTaxDeducted10.0000
RateAtWhichTaxDeducted10.0000
RateAtWhichTaxDeducted10.0000
RateAtWhichTaxDeducted10.0000
RateAtWhichTaxDeducted10.0000
RateAtWhichTaxDeducted10.0000
RateAtWhichTaxDeducted10.0000
RateAtWhichTaxDeducted10.0000
RateAtWhichTaxDeducted10.0000
RateAtWhichTaxDeducted10.0000
RateAtWhichTaxDeducted10.0000
RateAtWhichTaxDeducted10.0000
RateAtWhichTaxDeducted10.0000
RateAtWhichTaxDeducted10.0000
RateAtWhichTaxDeducted10.0000
RateAtWhichTaxDeducted10.0000
RateAtWhichTaxDeducted10.0000
RateAtWhichTaxDeducted10.0000
RateAtWhichTaxDeducted10.0000
RateAtWhichTaxDeducted10.0000
RateAtWhichTaxDeducted10.0000
RateAtWhichTaxDeducted10.0000
RateAtWhichTaxDeducted10.0000
RateAtWhichTaxDeducted10.0000
RateAtWhichTaxDeducted10.0000
RateAtWhichTaxDeducted10.0000
RateAtWhichTaxDeducted10.0000
RateAtWhichTaxDeducted10.0000
RateAtWhichTaxDeducted10.0000
RateAtWhichTaxDeducted10.0000
RateAtWhichTaxDeducted10.0000
RateAtWhichTaxDeducted10.0000
RateAtWhichTaxDeducted10.0000
RateAtWhichTaxDeducted10.0000
RateAtWhichTaxDeducted10.0000
RateAtWhichTaxDeducted10.0000
RateAtWhichTaxDeducted10.0000
RateAtWhichTaxDeducted10.0000
RateAtWhichTaxDeducted10.0000
RateAtWhichTaxDeducted10.0000
RateAtWhichTaxDeducted10.0000
RateAtWhichTaxDeducted10.0000
RateAtWhichTaxDeducted10.0000
RateAtWhichTaxDeducted10.0000
RateAtWhichTaxDeducted10.0000
RateAtWhichTaxDeducted10.0000
RateAtWhichTaxDeducted10.0000
RateAtWhichTaxDeducted10.0000
RateAtWhichTaxDeducted10.0000
RateAtWhichTaxDeducted10.0000
RateAtWhichTaxDeducted10.0000
RateAtWhichTaxDeducted10.0000
RateAtWhichTaxDeducted10.0000
RateAtWhichTaxDeducted10.0000
RateAtWhichTaxDeducted10.0000
RateAtWhichTaxDeducted10.0000
RateAtWhichTaxDeducted10.0000
RateAtWhichTaxDeducted10.0000
RateAtWhichTaxDeducted10.0000
RateAtWhichTaxDeducted10.0000
RateAtWhichTaxDeducted10.0000
RateAtWhichTaxDeducted10.0000
RateAtWhichTaxDeducted10.0000
RateAtWhichTaxDeducted10.0000
RateAtWhichTaxDeducted10.0000
RateAtWhichTaxDeducted10.0000
RateAtWhichTaxDeducted10.0000
RateAtWhichTaxDeducted10.0000
RateAtWhichTaxDeducted10.0000
RateAtWhichTaxDeducted10.0000
RateAtWhichTaxDeducted10.0000
RateAtWhichTaxDeducted10.0000
RateAtWhichTaxDeducted10.0000
RateAtWhichTaxDeducted10.0000
RateAtWhichTaxDeducted10.0000
RateAtWhichTaxDeducted10.0000
RateAtWhichTaxDeducted10.0000
RateAtWhichTaxDeducted10.0000
RateAtWhichTaxDeducted10.0000
RateAtWhichTaxDeducted10.0000
RateAtWhichTaxDeducted10.0000
RateAtWhichTaxDeducted10.0000
RateAtWhichTaxDeducted10.0000
RateAtWhichTaxDeducted10.0000
RateAtWhichTaxDeducted10.0000
RateAtWhichTaxDeducted10.0000
RateAtWhichTaxDeducted10.0000
RateAtWhichTaxDeducted10.0000
RateAtWhichTaxDeducted10.0000
RateAtWhichTaxDeducted10.0000
RateAtWhichTaxDeducted10.0000
RateAtWhichTaxDeducted10.0000
Validating Challan 6
Validating Challan For Batch Number2
Value of forCSIfile  :: true
 cinmandatory
No of challan from csi file :: 78
The FVU Higher Version is 5.8
The FVU lower Version is 2.154
TanNameFromTxtFile ::  CANARA BANK   TanNameFromCSIFile :: CANARA BANK
TanFromTxtFile ::  MUMC10753B   TanFromCSIFile  :: MUMC10753B
 STARTING DEDUTEE VALIDATION FOR CHALLAN 6
RateAtWhichTaxDeducted10.0000
Validating Challan 7
Validating Challan For Batch Number2
Value of forCSIfile  :: true
 cinmandatory
No of challan from csi file :: 78
The FVU Higher Version is 5.8
The FVU lower Version is 2.154
TanNameFromTxtFile ::  CANARA BANK   TanNameFromCSIFile :: CANARA BANK
TanFromTxtFile ::  MUMC10753B   TanFromCSIFile  :: MUMC10753B
 STARTING DEDUTEE VALIDATION FOR CHALLAN 7
RateAtWhichTaxDeducted10.0000
Validating Challan 8
Validating Challan For Batch Number2
Value of forCSIfile  :: true
 cinmandatory
No of challan from csi file :: 78
The FVU Higher Version is 5.8
The FVU lower Version is 2.154
TanNameFromTxtFile ::  CANARA BANK   TanNameFromCSIFile :: CANARA BANK
TanFromTxtFile ::  MUMC10753B   TanFromCSIFile  :: MUMC10753B
 STARTING DEDUTEE VALIDATION FOR CHALLAN 8
RateAtWhichTaxDeducted1.0000
Validating Challan 9
Validating Challan For Batch Number2
Value of forCSIfile  :: true
 cinmandatory
No of challan from csi file :: 78
The FVU Higher Version is 5.8
The FVU lower Version is 2.154
TanNameFromTxtFile ::  CANARA BANK   TanNameFromCSIFile :: CANARA BANK
TanFromTxtFile ::  MUMC10753B   TanFromCSIFile  :: MUMC10753B
 STARTING DEDUTEE VALIDATION FOR CHALLAN 9
RateAtWhichTaxDeducted10.0000
RateAtWhichTaxDeducted10.0000
RateAtWhichTaxDeducted10.0000
RateAtWhichTaxDeducted10.0000
RateAtWhichTaxDeducted10.0000
RateAtWhichTaxDeducted10.0000
RateAtWhichTaxDeducted10.0000
RateAtWhichTaxDeducted10.0000
RateAtWhichTaxDeducted10.0000
RateAtWhichTaxDeducted10.0000
RateAtWhichTaxDeducted10.0000
RateAtWhichTaxDeducted10.0000
RateAtWhichTaxDeducted10.0000
RateAtWhichTaxDeducted10.0000
RateAtWhichTaxDeducted10.0000
RateAtWhichTaxDeducted10.0000
RateAtWhichTaxDeducted10.0000
RateAtWhichTaxDeducted10.0000
RateAtWhichTaxDeducted10.0000
RateAtWhichTaxDeducted10.0000
RateAtWhichTaxDeducted10.0000
RateAtWhichTaxDeducted10.0000
RateAtWhichTaxDeducted10.0000
RateAtWhichTaxDeducted10.0000
RateAtWhichTaxDeducted10.0000
RateAtWhichTaxDeducted10.0000
Validating Challan 10
Validating Challan For Batch Number2
Value of forCSIfile  :: true
 cinmandatory
No of challan from csi file :: 78
The FVU Higher Version is 5.8
The FVU lower Version is 2.154
TanNameFromTxtFile ::  CANARA BANK   TanNameFromCSIFile :: CANARA BANK
TanFromTxtFile ::  MUMC10753B   TanFromCSIFile  :: MUMC10753B
 STARTING DEDUTEE VALIDATION FOR CHALLAN 10
RateAtWhichTaxDeducted10.0000
RateAtWhichTaxDeducted10.0000
RateAtWhichTaxDeducted10.0000
RateAtWhichTaxDeducted10.0000
RateAtWhichTaxDeducted10.0000
RateAtWhichTaxDeducted10.0000
RateAtWhichTaxDeducted10.0000
RateAtWhichTaxDeducted10.0000
RateAtWhichTaxDeducted10.0000
RateAtWhichTaxDeducted10.0000
RateAtWhichTaxDeducted10.0000
RateAtWhichTaxDeducted10.0000
RateAtWhichTaxDeducted10.0000
RateAtWhichTaxDeducted10.0000
RateAtWhichTaxDeducted10.0000
RateAtWhichTaxDeducted10.0000
RateAtWhichTaxDeducted10.0000
RateAtWhichTaxDeducted10.0000
RateAtWhichTaxDeducted10.0000
RateAtWhichTaxDeducted10.0000
RateAtWhichTaxDeducted10.0000
RateAtWhichTaxDeducted10.0000
RateAtWhichTaxDeducted10.0000
RateAtWhichTaxDeducted10.0000
RateAtWhichTaxDeducted10.0000
RateAtWhichTaxDeducted10.0000
RateAtWhichTaxDeducted10.0000
RateAtWhichTaxDeducted10.0000
RateAtWhichTaxDeducted10.0000
RateAtWhichTaxDeducted10.0000
RateAtWhichTaxDeducted10.0000
RateAtWhichTaxDeducted10.0000
RateAtWhichTaxDeducted10.0000
RateAtWhichTaxDeducted10.0000
RateAtWhichTaxDeducted10.0000
RateAtWhichTaxDeducted10.0000
RateAtWhichTaxDeducted10.0000
RateAtWhichTaxDeducted10.0000
RateAtWhichTaxDeducted10.0000
RateAtWhichTaxDeducted10.0000
RateAtWhichTaxDeducted10.0000
RateAtWhichTaxDeducted10.0000
RateAtWhichTaxDeducted10.0000
RateAtWhichTaxDeducted10.0000
RateAtWhichTaxDeducted10.0000
RateAtWhichTaxDeducted10.0000
RateAtWhichTaxDeducted10.0000
RateAtWhichTaxDeducted10.0000
RateAtWhichTaxDeducted10.0000
RateAtWhichTaxDeducted10.0000
RateAtWhichTaxDeducted10.0000
RateAtWhichTaxDeducted10.0000
RateAtWhichTaxDeducted10.0000
RateAtWhichTaxDeducted10.0000
RateAtWhichTaxDeducted10.0000
RateAtWhichTaxDeducted10.0000
RateAtWhichTaxDeducted10.0000
RateAtWhichTaxDeducted10.0000
RateAtWhichTaxDeducted10.0000
RateAtWhichTaxDeducted10.0000
RateAtWhichTaxDeducted10.0000
RateAtWhichTaxDeducted10.0000
RateAtWhichTaxDeducted10.0000
RateAtWhichTaxDeducted10.0000
RateAtWhichTaxDeducted10.0000
RateAtWhichTaxDeducted10.0000
RateAtWhichTaxDeducted10.0000
RateAtWhichTaxDeducted10.0000
RateAtWhichTaxDeducted10.0000
RateAtWhichTaxDeducted10.0000
RateAtWhichTaxDeducted10.0000
RateAtWhichTaxDeducted10.0000
RateAtWhichTaxDeducted10.0000
RateAtWhichTaxDeducted10.0000
RateAtWhichTaxDeducted10.0000
RateAtWhichTaxDeducted10.0000
RateAtWhichTaxDeducted10.0000
RateAtWhichTaxDeducted10.0000
RateAtWhichTaxDeducted10.0000
RateAtWhichTaxDeducted10.0000
RateAtWhichTaxDeducted10.0000
RateAtWhichTaxDeducted10.0000
RateAtWhichTaxDeducted10.0000
RateAtWhichTaxDeducted10.0000
RateAtWhichTaxDeducted10.0000
RateAtWhichTaxDeducted10.0000
RateAtWhichTaxDeducted10.0000
RateAtWhichTaxDeducted10.0000
RateAtWhichTaxDeducted10.0000
RateAtWhichTaxDeducted10.0000
RateAtWhichTaxDeducted10.0000
RateAtWhichTaxDeducted10.0000
RateAtWhichTaxDeducted10.0000
RateAtWhichTaxDeducted10.0000
RateAtWhichTaxDeducted10.0000
RateAtWhichTaxDeducted10.0000
RateAtWhichTaxDeducted10.0000
RateAtWhichTaxDeducted10.0000
RateAtWhichTaxDeducted10.0000
RateAtWhichTaxDeducted10.0000
RateAtWhichTaxDeducted10.0000
RateAtWhichTaxDeducted10.0000
RateAtWhichTaxDeducted10.0000
RateAtWhichTaxDeducted10.0000
RateAtWhichTaxDeducted10.0000
RateAtWhichTaxDeducted10.0000
RateAtWhichTaxDeducted10.0000
RateAtWhichTaxDeducted10.0000
RateAtWhichTaxDeducted10.0000
RateAtWhichTaxDeducted10.0000
RateAtWhichTaxDeducted10.0000
RateAtWhichTaxDeducted10.0000
RateAtWhichTaxDeducted10.0000
RateAtWhichTaxDeducted10.0000
RateAtWhichTaxDeducted10.0000
RateAtWhichTaxDeducted10.0000
RateAtWhichTaxDeducted10.0000
RateAtWhichTaxDeducted10.0000
RateAtWhichTaxDeducted10.0000
RateAtWhichTaxDeducted10.0000
RateAtWhichTaxDeducted10.0000
RateAtWhichTaxDeducted10.0000
RateAtWhichTaxDeducted10.0000
RateAtWhichTaxDeducted10.0000
RateAtWhichTaxDeducted10.0000
RateAtWhichTaxDeducted10.0000
RateAtWhichTaxDeducted10.0000
RateAtWhichTaxDeducted10.0000
RateAtWhichTaxDeducted10.0000
RateAtWhichTaxDeducted10.0000
RateAtWhichTaxDeducted10.0000
RateAtWhichTaxDeducted10.0000
RateAtWhichTaxDeducted10.0000
RateAtWhichTaxDeducted10.0000
RateAtWhichTaxDeducted10.0000
RateAtWhichTaxDeducted10.0000
RateAtWhichTaxDeducted10.0000
RateAtWhichTaxDeducted10.0000
RateAtWhichTaxDeducted10.0000
RateAtWhichTaxDeducted10.0000
RateAtWhichTaxDeducted10.0000
RateAtWhichTaxDeducted10.0000
RateAtWhichTaxDeducted10.0000
RateAtWhichTaxDeducted10.0000
RateAtWhichTaxDeducted10.0000
RateAtWhichTaxDeducted10.0000
RateAtWhichTaxDeducted10.0000
RateAtWhichTaxDeducted10.0000
RateAtWhichTaxDeducted10.0000
RateAtWhichTaxDeducted10.0000
RateAtWhichTaxDeducted10.0000
RateAtWhichTaxDeducted10.0000
RateAtWhichTaxDeducted10.0000
RateAtWhichTaxDeducted10.0000
Validating Challan 11
Validating Challan For Batch Number2
Value of forCSIfile  :: true
 cinmandatory
No of challan from csi file :: 78
The FVU Higher Version is 5.8
The FVU lower Version is 2.154
TanNameFromTxtFile ::  CANARA BANK   TanNameFromCSIFile :: CANARA BANK
TanFromTxtFile ::  MUMC10753B   TanFromCSIFile  :: MUMC10753B
 STARTING DEDUTEE VALIDATION FOR CHALLAN 11
RateAtWhichTaxDeducted1.0000
Validating Challan 12
Validating Challan For Batch Number2
Value of forCSIfile  :: true
 cinmandatory
No of challan from csi file :: 78
The FVU Higher Version is 5.8
The FVU lower Version is 2.154
TanNameFromTxtFile ::  CANARA BANK   TanNameFromCSIFile :: CANARA BANK
TanFromTxtFile ::  MUMC10753B   TanFromCSIFile  :: MUMC10753B
 STARTING DEDUTEE VALIDATION FOR CHALLAN 12
RateAtWhichTaxDeducted10.0000
Validating Challan 13
Validating Challan For Batch Number2
Value of forCSIfile  :: true
 cinmandatory
No of challan from csi file :: 78
The FVU Higher Version is 5.8
The FVU lower Version is 2.154
TanNameFromTxtFile ::  CANARA BANK   TanNameFromCSIFile :: CANARA BANK
TanFromTxtFile ::  MUMC10753B   TanFromCSIFile  :: MUMC10753B
 STARTING DEDUTEE VALIDATION FOR CHALLAN 13
RateAtWhichTaxDeducted10.0000
Validating Challan 14
Validating Challan For Batch Number2
Value of forCSIfile  :: true
 cinmandatory
No of challan from csi file :: 78
The FVU Higher Version is 5.8
The FVU lower Version is 2.154
TanNameFromTxtFile ::  CANARA BANK   TanNameFromCSIFile :: CANARA BANK
TanFromTxtFile ::  MUMC10753B   TanFromCSIFile  :: MUMC10753B
 STARTING DEDUTEE VALIDATION FOR CHALLAN 14
RateAtWhichTaxDeducted10.0000
RateAtWhichTaxDeducted10.0000
RateAtWhichTaxDeducted10.0000
RateAtWhichTaxDeducted10.0000
RateAtWhichTaxDeducted10.0000
RateAtWhichTaxDeducted10.0000
RateAtWhichTaxDeducted10.0000
RateAtWhichTaxDeducted10.0000
RateAtWhichTaxDeducted10.0000
RateAtWhichTaxDeducted10.0000
RateAtWhichTaxDeducted10.0000
RateAtWhichTaxDeducted10.0000
RateAtWhichTaxDeducted10.0000
RateAtWhichTaxDeducted10.0000
RateAtWhichTaxDeducted10.0000
RateAtWhichTaxDeducted10.0000
RateAtWhichTaxDeducted10.0000
RateAtWhichTaxDeducted10.0000
RateAtWhichTaxDeducted10.0000
RateAtWhichTaxDeducted10.0000
RateAtWhichTaxDeducted10.0000
RateAtWhichTaxDeducted10.0000
RateAtWhichTaxDeducted10.0000
Validating Challan 15
Validating Challan For Batch Number2
Value of forCSIfile  :: true
 cinmandatory
No of challan from csi file :: 78
The FVU Higher Version is 5.8
The FVU lower Version is 2.154
TanNameFromTxtFile ::  CANARA BANK   TanNameFromCSIFile :: CANARA BANK
TanFromTxtFile ::  MUMC10753B   TanFromCSIFile  :: MUMC10753B
 STARTING DEDUTEE VALIDATION FOR CHALLAN 15
RateAtWhichTaxDeducted10.0000
RateAtWhichTaxDeducted10.0000
RateAtWhichTaxDeducted10.0000
RateAtWhichTaxDeducted10.0000
RateAtWhichTaxDeducted10.0000
RateAtWhichTaxDeducted10.0000
RateAtWhichTaxDeducted10.0000
RateAtWhichTaxDeducted10.0000
RateAtWhichTaxDeducted10.0000
RateAtWhichTaxDeducted10.0000
RateAtWhichTaxDeducted10.0000
RateAtWhichTaxDeducted10.0000
RateAtWhichTaxDeducted10.0000
RateAtWhichTaxDeducted10.0000
RateAtWhichTaxDeducted10.0000
RateAtWhichTaxDeducted10.0000
RateAtWhichTaxDeducted10.0000
RateAtWhichTaxDeducted10.0000
RateAtWhichTaxDeducted10.0000
RateAtWhichTaxDeducted10.0000
RateAtWhichTaxDeducted10.0000
RateAtWhichTaxDeducted10.0000
RateAtWhichTaxDeducted10.0000
RateAtWhichTaxDeducted10.0000
RateAtWhichTaxDeducted10.0000
RateAtWhichTaxDeducted10.0000
RateAtWhichTaxDeducted10.0000
RateAtWhichTaxDeducted10.0000
RateAtWhichTaxDeducted10.0000
RateAtWhichTaxDeducted10.0000
RateAtWhichTaxDeducted10.0000
RateAtWhichTaxDeducted10.0000
RateAtWhichTaxDeducted10.0000
RateAtWhichTaxDeducted10.0000
RateAtWhichTaxDeducted10.0000
RateAtWhichTaxDeducted10.0000
RateAtWhichTaxDeducted10.0000
RateAtWhichTaxDeducted10.0000
RateAtWhichTaxDeducted10.0000
RateAtWhichTaxDeducted10.0000
RateAtWhichTaxDeducted10.0000
RateAtWhichTaxDeducted10.0000
RateAtWhichTaxDeducted10.0000
RateAtWhichTaxDeducted10.0000
RateAtWhichTaxDeducted10.0000
RateAtWhichTaxDeducted10.0000
RateAtWhichTaxDeducted10.0000
RateAtWhichTaxDeducted10.0000
RateAtWhichTaxDeducted10.0000
RateAtWhichTaxDeducted10.0000
RateAtWhichTaxDeducted10.0000
RateAtWhichTaxDeducted10.0000
RateAtWhichTaxDeducted10.0000
RateAtWhichTaxDeducted10.0000
RateAtWhichTaxDeducted10.0000
RateAtWhichTaxDeducted10.0000
RateAtWhichTaxDeducted10.0000
RateAtWhichTaxDeducted10.0000
RateAtWhichTaxDeducted10.0000
RateAtWhichTaxDeducted10.0000
RateAtWhichTaxDeducted10.0000
RateAtWhichTaxDeducted10.0000
RateAtWhichTaxDeducted10.0000
RateAtWhichTaxDeducted10.0000
RateAtWhichTaxDeducted10.0000
RateAtWhichTaxDeducted10.0000
RateAtWhichTaxDeducted10.0000
RateAtWhichTaxDeducted10.0000
RateAtWhichTaxDeducted10.0000
RateAtWhichTaxDeducted10.0000
RateAtWhichTaxDeducted10.0000
RateAtWhichTaxDeducted10.0000
RateAtWhichTaxDeducted10.0000
RateAtWhichTaxDeducted10.0000
RateAtWhichTaxDeducted10.0000
RateAtWhichTaxDeducted10.0000
RateAtWhichTaxDeducted10.0000
RateAtWhichTaxDeducted10.0000
RateAtWhichTaxDeducted10.0000
RateAtWhichTaxDeducted10.0000
RateAtWhichTaxDeducted10.0000
RateAtWhichTaxDeducted10.0000
RateAtWhichTaxDeducted10.0000
RateAtWhichTaxDeducted10.0000
RateAtWhichTaxDeducted10.0000
RateAtWhichTaxDeducted10.0000
RateAtWhichTaxDeducted10.0000
RateAtWhichTaxDeducted10.0000
RateAtWhichTaxDeducted10.0000
RateAtWhichTaxDeducted10.0000
RateAtWhichTaxDeducted10.0000
RateAtWhichTaxDeducted10.0000
RateAtWhichTaxDeducted10.0000
RateAtWhichTaxDeducted10.0000
RateAtWhichTaxDeducted10.0000
RateAtWhichTaxDeducted10.0000
RateAtWhichTaxDeducted10.0000
RateAtWhichTaxDeducted10.0000
RateAtWhichTaxDeducted10.0000
RateAtWhichTaxDeducted10.0000
RateAtWhichTaxDeducted10.0000
RateAtWhichTaxDeducted10.0000
RateAtWhichTaxDeducted10.0000
RateAtWhichTaxDeducted10.0000
RateAtWhichTaxDeducted10.0000
RateAtWhichTaxDeducted10.0000
RateAtWhichTaxDeducted10.0000
RateAtWhichTaxDeducted10.0000
RateAtWhichTaxDeducted10.0000
RateAtWhichTaxDeducted10.0000
RateAtWhichTaxDeducted10.0000
RateAtWhichTaxDeducted10.0000
RateAtWhichTaxDeducted10.0000
RateAtWhichTaxDeducted10.0000
RateAtWhichTaxDeducted10.0000
RateAtWhichTaxDeducted10.0000
RateAtWhichTaxDeducted10.0000
RateAtWhichTaxDeducted10.0000
RateAtWhichTaxDeducted10.0000
RateAtWhichTaxDeducted10.0000
RateAtWhichTaxDeducted10.0000
RateAtWhichTaxDeducted10.0000
RateAtWhichTaxDeducted10.0000
RateAtWhichTaxDeducted10.0000
RateAtWhichTaxDeducted10.0000
RateAtWhichTaxDeducted10.0000
RateAtWhichTaxDeducted10.0000
RateAtWhichTaxDeducted10.0000
RateAtWhichTaxDeducted10.0000
RateAtWhichTaxDeducted10.0000
RateAtWhichTaxDeducted10.0000
RateAtWhichTaxDeducted10.0000
RateAtWhichTaxDeducted10.0000
RateAtWhichTaxDeducted10.0000
RateAtWhichTaxDeducted10.0000
RateAtWhichTaxDeducted10.0000
RateAtWhichTaxDeducted10.0000
RateAtWhichTaxDeducted10.0000
RateAtWhichTaxDeducted10.0000
RateAtWhichTaxDeducted10.0000
RateAtWhichTaxDeducted10.0000
RateAtWhichTaxDeducted10.0000
RateAtWhichTaxDeducted10.0000
RateAtWhichTaxDeducted10.0000
RateAtWhichTaxDeducted10.0000
RateAtWhichTaxDeducted10.0000
RateAtWhichTaxDeducted10.0000
RateAtWhichTaxDeducted10.0000
RateAtWhichTaxDeducted10.0000
RateAtWhichTaxDeducted10.0000
RateAtWhichTaxDeducted10.0000
RateAtWhichTaxDeducted10.0000
RateAtWhichTaxDeducted10.0000
RateAtWhichTaxDeducted10.0000
RateAtWhichTaxDeducted10.0000
RateAtWhichTaxDeducted10.0000
RateAtWhichTaxDeducted10.0000
RateAtWhichTaxDeducted10.0000
RateAtWhichTaxDeducted10.0000
RateAtWhichTaxDeducted10.0000
RateAtWhichTaxDeducted10.0000
RateAtWhichTaxDeducted10.0000
RateAtWhichTaxDeducted10.0000
RateAtWhichTaxDeducted10.0000
RateAtWhichTaxDeducted10.0000
RateAtWhichTaxDeducted10.0000
RateAtWhichTaxDeducted10.0000
RateAtWhichTaxDeducted10.0000
RateAtWhichTaxDeducted10.0000
RateAtWhichTaxDeducted10.0000
RateAtWhichTaxDeducted10.0000
RateAtWhichTaxDeducted10.0000
RateAtWhichTaxDeducted10.0000
RateAtWhichTaxDeducted10.0000
RateAtWhichTaxDeducted10.0000
RateAtWhichTaxDeducted10.0000
RateAtWhichTaxDeducted10.0000
RateAtWhichTaxDeducted10.0000
RateAtWhichTaxDeducted10.0000
RateAtWhichTaxDeducted10.0000
RateAtWhichTaxDeducted10.0000
RateAtWhichTaxDeducted0.0000
RateAtWhichTaxDeducted0.0000
RateAtWhichTaxDeducted0.0000
RateAtWhichTaxDeducted0.0000
RateAtWhichTaxDeducted0.0000
RateAtWhichTaxDeducted0.0000
RateAtWhichTaxDeducted0.0000
RateAtWhichTaxDeducted0.0000
RateAtWhichTaxDeducted0.0000
RateAtWhichTaxDeducted0.0000
RateAtWhichTaxDeducted0.0000
RateAtWhichTaxDeducted0.0000
RateAtWhichTaxDeducted0.0000
RateAtWhichTaxDeducted0.0000
RateAtWhichTaxDeducted0.0000
RateAtWhichTaxDeducted0.0000
RateAtWhichTaxDeducted0.0000
RateAtWhichTaxDeducted0.0000
RateAtWhichTaxDeducted0.0000
RateAtWhichTaxDeducted0.0000
RateAtWhichTaxDeducted0.0000
RateAtWhichTaxDeducted0.0000
RateAtWhichTaxDeducted0.0000
RateAtWhichTaxDeducted0.0000
RateAtWhichTaxDeducted0.0000
RateAtWhichTaxDeducted0.0000
RateAtWhichTaxDeducted0.0000
RateAtWhichTaxDeducted0.0000
RateAtWhichTaxDeducted0.0000
RateAtWhichTaxDeducted0.0000
RateAtWhichTaxDeducted0.0000
RateAtWhichTaxDeducted0.0000
RateAtWhichTaxDeducted0.0000
RateAtWhichTaxDeducted0.0000
RateAtWhichTaxDeducted0.0000
RateAtWhichTaxDeducted0.0000
RateAtWhichTaxDeducted0.0000
RateAtWhichTaxDeducted0.0000
RateAtWhichTaxDeducted0.0000
RateAtWhichTaxDeducted0.0000
RateAtWhichTaxDeducted0.0000
RateAtWhichTaxDeducted0.0000
RateAtWhichTaxDeducted0.0000
RateAtWhichTaxDeducted0.0000
RateAtWhichTaxDeducted0.0000
RateAtWhichTaxDeducted0.0000
RateAtWhichTaxDeducted0.0000
RateAtWhichTaxDeducted0.0000
RateAtWhichTaxDeducted0.0000
RateAtWhichTaxDeducted0.0000
RateAtWhichTaxDeducted0.0000
RateAtWhichTaxDeducted0.0000
RateAtWhichTaxDeducted0.0000
RateAtWhichTaxDeducted0.0000
RateAtWhichTaxDeducted0.0000
RateAtWhichTaxDeducted0.0000
RateAtWhichTaxDeducted0.0000
RateAtWhichTaxDeducted0.0000
RateAtWhichTaxDeducted0.0000
RateAtWhichTaxDeducted0.0000
RateAtWhichTaxDeducted0.0000
RateAtWhichTaxDeducted0.0000
RateAtWhichTaxDeducted0.0000
RateAtWhichTaxDeducted0.0000
RateAtWhichTaxDeducted0.0000
RateAtWhichTaxDeducted0.0000
RateAtWhichTaxDeducted0.0000
RateAtWhichTaxDeducted0.0000
RateAtWhichTaxDeducted0.0000
RateAtWhichTaxDeducted0.0000
RateAtWhichTaxDeducted0.0000
RateAtWhichTaxDeducted0.0000
RateAtWhichTaxDeducted0.0000
RateAtWhichTaxDeducted0.0000
RateAtWhichTaxDeducted0.0000
RateAtWhichTaxDeducted0.0000
RateAtWhichTaxDeducted0.0000
RateAtWhichTaxDeducted0.0000
RateAtWhichTaxDeducted0.0000
RateAtWhichTaxDeducted0.0000
RateAtWhichTaxDeducted0.0000
RateAtWhichTaxDeducted0.0000
RateAtWhichTaxDeducted0.0000
RateAtWhichTaxDeducted0.0000
RateAtWhichTaxDeducted0.0000
RateAtWhichTaxDeducted0.0000
RateAtWhichTaxDeducted0.0000
RateAtWhichTaxDeducted0.0000
RateAtWhichTaxDeducted0.0000
RateAtWhichTaxDeducted0.0000
RateAtWhichTaxDeducted0.0000
RateAtWhichTaxDeducted0.0000
RateAtWhichTaxDeducted0.0000
RateAtWhichTaxDeducted0.0000
RateAtWhichTaxDeducted0.0000
RateAtWhichTaxDeducted0.0000
RateAtWhichTaxDeducted0.0000
RateAtWhichTaxDeducted0.0000
RateAtWhichTaxDeducted0.0000
RateAtWhichTaxDeducted0.0000
RateAtWhichTaxDeducted0.0000
RateAtWhichTaxDeducted0.0000
RateAtWhichTaxDeducted0.0000
RateAtWhichTaxDeducted0.0000
RateAtWhichTaxDeducted0.0000
RateAtWhichTaxDeducted0.0000
RateAtWhichTaxDeducted0.0000
RateAtWhichTaxDeducted0.0000
RateAtWhichTaxDeducted0.0000
RateAtWhichTaxDeducted0.0000
RateAtWhichTaxDeducted0.0000
RateAtWhichTaxDeducted0.0000
RateAtWhichTaxDeducted0.0000
RateAtWhichTaxDeducted0.0000
RateAtWhichTaxDeducted0.0000
RateAtWhichTaxDeducted0.0000
RateAtWhichTaxDeducted0.0000
RateAtWhichTaxDeducted0.0000
RateAtWhichTaxDeducted0.0000
RateAtWhichTaxDeducted0.0000
RateAtWhichTaxDeducted0.0000
RateAtWhichTaxDeducted0.0000
RateAtWhichTaxDeducted0.0000
RateAtWhichTaxDeducted0.0000
RateAtWhichTaxDeducted0.0000
RateAtWhichTaxDeducted0.0000
RateAtWhichTaxDeducted0.0000
RateAtWhichTaxDeducted0.0000
RateAtWhichTaxDeducted0.0000
RateAtWhichTaxDeducted0.0000
RateAtWhichTaxDeducted0.0000
RateAtWhichTaxDeducted0.0000
RateAtWhichTaxDeducted0.0000
RateAtWhichTaxDeducted0.0000
RateAtWhichTaxDeducted0.0000
RateAtWhichTaxDeducted0.0000
RateAtWhichTaxDeducted0.0000
RateAtWhichTaxDeducted0.0000
RateAtWhichTaxDeducted0.0000
RateAtWhichTaxDeducted0.0000
RateAtWhichTaxDeducted0.0000
RateAtWhichTaxDeducted0.0000
RateAtWhichTaxDeducted0.0000
RateAtWhichTaxDeducted0.0000
RateAtWhichTaxDeducted0.0000
RateAtWhichTaxDeducted0.0000
RateAtWhichTaxDeducted0.0000
RateAtWhichTaxDeducted0.0000
RateAtWhichTaxDeducted0.0000
RateAtWhichTaxDeducted0.0000
RateAtWhichTaxDeducted0.0000
RateAtWhichTaxDeducted0.0000
RateAtWhichTaxDeducted0.0000
RateAtWhichTaxDeducted0.0000
RateAtWhichTaxDeducted0.0000
RateAtWhichTaxDeducted0.0000
RateAtWhichTaxDeducted0.0000
RateAtWhichTaxDeducted0.0000
RateAtWhichTaxDeducted0.0000
RateAtWhichTaxDeducted0.0000
RateAtWhichTaxDeducted0.0000
RateAtWhichTaxDeducted0.0000
RateAtWhichTaxDeducted0.0000
RateAtWhichTaxDeducted0.0000
RateAtWhichTaxDeducted0.0000
RateAtWhichTaxDeducted0.0000
RateAtWhichTaxDeducted0.0000
RateAtWhichTaxDeducted0.0000
RateAtWhichTaxDeducted0.0000
RateAtWhichTaxDeducted0.0000
RateAtWhichTaxDeducted0.0000
RateAtWhichTaxDeducted0.0000
RateAtWhichTaxDeducted0.0000
RateAtWhichTaxDeducted0.0000
RateAtWhichTaxDeducted0.0000
RateAtWhichTaxDeducted0.0000
RateAtWhichTaxDeducted0.0000
RateAtWhichTaxDeducted0.0000
RateAtWhichTaxDeducted0.0000
RateAtWhichTaxDeducted0.0000
RateAtWhichTaxDeducted0.0000
RateAtWhichTaxDeducted0.0000
RateAtWhichTaxDeducted0.0000
RateAtWhichTaxDeducted0.0000
RateAtWhichTaxDeducted0.0000
RateAtWhichTaxDeducted0.0000
RateAtWhichTaxDeducted0.0000
RateAtWhichTaxDeducted0.0000
RateAtWhichTaxDeducted0.0000
RateAtWhichTaxDeducted0.0000
RateAtWhichTaxDeducted0.0000
RateAtWhichTaxDeducted0.0000
RateAtWhichTaxDeducted0.0000
RateAtWhichTaxDeducted0.0000
RateAtWhichTaxDeducted0.0000
RateAtWhichTaxDeducted0.0000
RateAtWhichTaxDeducted0.0000
RateAtWhichTaxDeducted0.0000
RateAtWhichTaxDeducted0.0000
RateAtWhichTaxDeducted0.0000
RateAtWhichTaxDeducted0.0000
RateAtWhichTaxDeducted0.0000
RateAtWhichTaxDeducted0.0000
RateAtWhichTaxDeducted0.0000
RateAtWhichTaxDeducted0.0000
RateAtWhichTaxDeducted0.0000
RateAtWhichTaxDeducted0.0000
RateAtWhichTaxDeducted0.0000
RateAtWhichTaxDeducted0.0000
RateAtWhichTaxDeducted0.0000
RateAtWhichTaxDeducted0.0000
RateAtWhichTaxDeducted0.0000
RateAtWhichTaxDeducted0.0000
RateAtWhichTaxDeducted0.0000
RateAtWhichTaxDeducted0.0000
RateAtWhichTaxDeducted0.0000
RateAtWhichTaxDeducted0.0000
RateAtWhichTaxDeducted0.0000
RateAtWhichTaxDeducted0.0000
RateAtWhichTaxDeducted0.0000
RateAtWhichTaxDeducted0.0000
RateAtWhichTaxDeducted0.0000
RateAtWhichTaxDeducted0.0000
RateAtWhichTaxDeducted0.0000
RateAtWhichTaxDeducted0.0000
RateAtWhichTaxDeducted0.0000
RateAtWhichTaxDeducted0.0000
RateAtWhichTaxDeducted0.0000
RateAtWhichTaxDeducted0.0000
RateAtWhichTaxDeducted0.0000
RateAtWhichTaxDeducted0.0000
RateAtWhichTaxDeducted0.0000
RateAtWhichTaxDeducted0.0000
RateAtWhichTaxDeducted0.0000
RateAtWhichTaxDeducted0.0000
RateAtWhichTaxDeducted0.0000
RateAtWhichTaxDeducted0.0000
RateAtWhichTaxDeducted0.0000
RateAtWhichTaxDeducted0.0000
RateAtWhichTaxDeducted0.0000
RateAtWhichTaxDeducted0.0000
RateAtWhichTaxDeducted0.0000
RateAtWhichTaxDeducted0.0000
RateAtWhichTaxDeducted0.0000
RateAtWhichTaxDeducted0.0000
RateAtWhichTaxDeducted0.0000
RateAtWhichTaxDeducted0.0000
RateAtWhichTaxDeducted0.0000
RateAtWhichTaxDeducted0.0000
RateAtWhichTaxDeducted0.0000
RateAtWhichTaxDeducted0.0000
RateAtWhichTaxDeducted0.0000
RateAtWhichTaxDeducted0.0000
RateAtWhichTaxDeducted0.0000
 END OF :::BIFERCATING CHALAN AND TV AND CIN CHECKINGThu Jul 12 18:24:57 IST 2018
Field Validation of file is compleated sucessfully
START # 12-07-2018 18:24:58.905
 Original file object created and file exist
tempFileName String cretaed ::  Z://Shilpa Madam//Timesheet//14. Ruchita//OTHER//Canara Q1//26Q 2018-19 Q1//E-TDS//MC126Q1_temp.fvu
 brtTemp object created for temp file
String line created 
isAppendForNextLine (Inside if condition ) :: 1
 After appending line 1^874^FVU 5.8^00000000000000000000^SAM 1.0^00000000000000000000^18071218245849063892
f.close()
f = null
brTemp.flush()
brTemp.close()
brTemp = null;
END # 12-07-2018 18:24:59.066
Original file is deleted
Temp file renamed
In processCINFile method
the challan count is 78
the cinFileLevelHC no. is00000000000116146252
Return Hash Code = 0
searchbarcode called
Barcodeval :18071218245849063892
Barcode is present
Hash Validation of file is done sucessfully
Inside generateStatisticFile Method 
FileGenerator.java ParseString() method is called 
FileGenerator.java ParseString() method is returning 
FileGenerator.java createStatisticFileString() method is called
 Entering writeStatisticFile() Method Thu Jul 12 18:24:59 IST 2018
 Exiting writeStatisticFile() Method Thu Jul 12 18:24:59 IST 2018
FileGenerator.java createStatisticFileString() method is returning
 length : 70
 length : 70
 BARCODE :- 18071218245849063892
Inside generateForm27A
 Entering writePdfFile() Method Thu Jul 12 18:25:00 IST 2018
 Exiting writePdfFile() Method Thu Jul 12 18:25:00 IST 2018
pdf generatedtrue
END TIME : Thu Jul 12 18:25:00 IST 2018
--DESKTOP OBJECT: java.awt.Desktop@3bcbb589
--error file path: Z:\\Shilpa Madam\\Timesheet\\14. Ruchita\\OTHER\\Canara Q1\\26Q 2018-19 Q1\\E-TDS\
--dir to open object: Z:\Shilpa Madam\Timesheet\14. Ruchita\OTHER\Canara Q1\26Q 2018-19 Q1\E-TDS
the text error file path is Z:\\Shilpa Madam\\Timesheet\\14. Ruchita\\OTHER\\Canara Q1\\26Q 2018-19 Q1\\E-TDS\
the errorFileNameSAM is Z:\\Shilpa Madam\\Timesheet\\14. Ruchita\\OTHER\\Canara Q1\\26Q 2018-19 Q1\\E-TDS\\MC126Q1error.txt
