[28-Oct-2016]::[10:15:01 PM]::[INFO]::[init starts]
[28-Oct-2016]::[10:15:01 PM]::[INFO]::[ITRConfigUtil.getConfigURL(): java.io.FileInputStream@1bd6156]
[28-Oct-2016]::[10:15:01 PM]::[INFO]::[url jar:file:/E:/PERSONAL/Business/IT%20RETURNS/Ratnanjali%20Ghadge/AY%202015-16/ITR-4S_2015/ITR-4S_AY201516_PR9.jar!/META-INF/MANIFEST.MF]
[28-Oct-2016]::[10:15:01 PM]::[INFO]::[2015-16 :: ITR-4S :: 1.0]
[28-Oct-2016]::[10:15:02 PM]::[INFO]::[init ends in 204 ms.]
[28-Oct-2016]::[10:15:02 PM]::[INFO]::[MainLoader start method starts]
[28-Oct-2016]::[10:15:02 PM]::[INFO]::[Before Validating fileListCommonScript ]
[28-Oct-2016]::[10:15:02 PM]::[INFO]::[Before Validating fileListItrAy ]
[28-Oct-2016]::[10:15:02 PM]::[INFO]::[Before Validating fileListConfig ]
[28-Oct-2016]::[10:15:02 PM]::[INFO]::[Before Validating verifySignature ]
[28-Oct-2016]::[10:15:02 PM]::[INFO]::[verifies : true]
[28-Oct-2016]::[10:15:02 PM]::[INFO]::[Is utiltity valid ::true]
[28-Oct-2016]::[10:15:02 PM]::[INFO]::[openNewITR starts with values: asstYear:2015-16,itr:ITR-4S,ver:1.0,importXml:null]
[28-Oct-2016]::[10:15:02 PM]::[INFO]::[Opening ITR: ITR-4S For AsstYear: 2015-16]
[28-Oct-2016]::[10:15:02 PM]::[INFO]::[generateCopy starts]
[28-Oct-2016]::[10:15:02 PM]::[INFO]::[initialize starts]
[28-Oct-2016]::[10:15:02 PM]::[INFO]::[initialize ends]
[28-Oct-2016]::[10:15:02 PM]::[INFO]::[hideShowValidation starts]
[28-Oct-2016]::[10:15:02 PM]::[INFO]::[webViewActWidth in: 1079.14,vboxActWidth:  232.22000000000003,mainController.windowWidth: 1366.0]
[28-Oct-2016]::[10:15:02 PM]::[INFO]::[hide validation]
[28-Oct-2016]::[10:15:02 PM]::[INFO]::[hideShowValidation ends]
[28-Oct-2016]::[10:15:03 PM]::[INFO]::[Time taken in openNewITR(): 318]
[28-Oct-2016]::[10:15:03 PM]::[INFO]::[calculateITR starts]
[28-Oct-2016]::[10:15:03 PM]::[INFO]::[calculateITR ok starts]
[28-Oct-2016]::[10:15:03 PM]::[INFO]::[mainController.windowWidth new : 1366.0]
[28-Oct-2016]::[10:15:03 PM]::[INFO]::[MainLoader start method ends. Time taken: 1184]
[28-Oct-2016]::[10:15:03 PM]::[INFO]::[javascript: to run: ]
[28-Oct-2016]::[10:15:03 PM]::[INFO]::[time taken in changed : 196]
[28-Oct-2016]::[10:16:24 PM]::[INFO]::[No validation for field: itr4S.filingStatus.adharNoOption]
[28-Oct-2016]::[10:16:50 PM]::[INFO]::[No validation for field: itr4S.natOfBus.business[1].trade.tradeName]
[28-Oct-2016]::[10:16:55 PM]::[INFO]::[No validation for field: itr4S.natOfBus.business[1].trade.tradeName]
[28-Oct-2016]::[10:16:59 PM]::[INFO]::[No validation for field: itr4S.natOfBus.business[1].trade.tradeName]
[28-Oct-2016]::[10:17:06 PM]::[INFO]::[No validation for field: itr4S.natOfBus.business[1].trade.tradeName]
[28-Oct-2016]::[10:17:17 PM]::[INFO]::[No validation for field: itr4S.scheduleBPForITR4S.incChargeableUnderBus]
[28-Oct-2016]::[10:17:20 PM]::[INFO]::[No validation for field: itr4S.scheduleBPForITR4S.incChargeableUnderBus]
[28-Oct-2016]::[10:18:28 PM]::[INFO]::[ifsc isIBKL]
[28-Oct-2016]::[10:18:58 PM]::[INFO]::[show validation]
[28-Oct-2016]::[10:18:58 PM]::[INFO]::[Time taken in validateAll(): 0]
[28-Oct-2016]::[10:18:58 PM]::[INFO]::[No validation for field: requestId]
[28-Oct-2016]::[10:18:58 PM]::[INFO]::[No validation for field: itr4S.creationInfo.xmlCreationDate]
[28-Oct-2016]::[10:18:58 PM]::[INFO]::[No validation for field: totalPage]
[28-Oct-2016]::[10:18:58 PM]::[INFO]::[No validation for field: returnType]
[28-Oct-2016]::[10:18:58 PM]::[INFO]::[No validation for field: customReturnType]
[28-Oct-2016]::[10:18:58 PM]::[INFO]::[No validation for field: ]
[28-Oct-2016]::[10:18:58 PM]::[INFO]::[No validation for field: itr4S.currentPage]
[28-Oct-2016]::[10:18:59 PM]::[INFO]::[No validation for field: itr4S.filingStatus.adharNoOption]
[28-Oct-2016]::[10:18:59 PM]::[INFO]::[No validation for field: itr4S.itr4sTaxComputationOnline.surchargeOnTaxPayable]
[28-Oct-2016]::[10:18:59 PM]::[INFO]::[No validation for field: itr4S.us44aeHeavy[0].chosenCheckBox]
[28-Oct-2016]::[10:18:59 PM]::[INFO]::[No validation for field: __checkbox_itr4S.us44aeHeavy[0].chosenCheckBox]
[28-Oct-2016]::[10:18:59 PM]::[INFO]::[No validation for field: Count_SCH_IT]
[28-Oct-2016]::[10:18:59 PM]::[INFO]::[No validation for field: itr4S.natOfBus.business[0].chosenCheckBox]
[28-Oct-2016]::[10:18:59 PM]::[INFO]::[No validation for field: __checkbox_scheduleFA.detailsOfTrustOutIndiaTrustee[0].chosenCheckBox]
[28-Oct-2016]::[10:18:59 PM]::[INFO]::[No validation for field: itr4S.natOfBus.business[0].trade.tradeName]
[28-Oct-2016]::[10:18:59 PM]::[INFO]::[No validation for field: itr4S.natOfBus.business[1].chosenCheckBox]
[28-Oct-2016]::[10:18:59 PM]::[INFO]::[No validation for field: __checkbox_scheduleFA.detailsOfTrustOutIndiaTrustee[1].chosenCheckBox]
[28-Oct-2016]::[10:18:59 PM]::[INFO]::[No validation for field: itr4S.natOfBus.business[1].trade.tradeName]
[28-Oct-2016]::[10:18:59 PM]::[INFO]::[No validation for field: itr4S.scheduleBPForITR4S.incChargeableUnderBus]
[28-Oct-2016]::[10:18:59 PM]::[INFO]::[No validation for field: itr4S.tdSonSalaries.tdSonSalary[0].employerOrDeductorOrCollectDetl.chosenCheckBox]
[28-Oct-2016]::[10:18:59 PM]::[INFO]::[No validation for field: __checkbox_itr4S.tdSonSalaries.tdSonSalary[0].employerOrDeductorOrCollectDetl.chosenCheckBox]
[28-Oct-2016]::[10:18:59 PM]::[INFO]::[No validation for field: itr4S.tdSonSalaries.tdSonSalary.totalTaxDeducted]
[28-Oct-2016]::[10:18:59 PM]::[INFO]::[No validation for field: Count_SCH_TDS1]
[28-Oct-2016]::[10:18:59 PM]::[INFO]::[No validation for field: itr4S.tdSonOthThanSals.tdSonOthThanSal[0].employerOrDeductorOrCollectDetl.chosenCheckBox]
[28-Oct-2016]::[10:18:59 PM]::[INFO]::[No validation for field: __checkbox_itr4S.tdSonOthThanSals.tdSonOthThanSal[0].employerOrDeductorOrCollectDetl.chosenCheckBox]
[28-Oct-2016]::[10:18:59 PM]::[INFO]::[No validation for field: itr4S.tdSonOthThanSals.tdSonOthThanSal.claimOutOfTotTDSOnAmtPaid]
[28-Oct-2016]::[10:18:59 PM]::[INFO]::[No validation for field: itr4S.scheduleTCS.tcs[0].chosenCheckBox]
[28-Oct-2016]::[10:18:59 PM]::[INFO]::[No validation for field: __checkbox_itr4S.scheduleTCS.tcs[0].chosenCheckBox]
[28-Oct-2016]::[10:18:59 PM]::[INFO]::[No validation for field: itr4S.scheduleTCS.tcs.amtTCSClaimedThisYear]
[28-Oct-2016]::[10:18:59 PM]::[INFO]::[No validation for field: itr4S.scheduleIT.taxPayment[0].chosenCheckBox]
[28-Oct-2016]::[10:18:59 PM]::[INFO]::[No validation for field: __checkbox_itr4S.scheduleIT.taxPayment[0].chosenCheckBox]
[28-Oct-2016]::[10:18:59 PM]::[INFO]::[No validation for field: itr4S.scheduleIT.taxPayment.amt]
[28-Oct-2016]::[10:18:59 PM]::[INFO]::[No validation for field: itr4S.taxPaid.taxesPaid.tcs]
[28-Oct-2016]::[10:18:59 PM]::[INFO]::[No validation for field: itr4S.schedule80G.don100Percent.doneeWithPan[0].chosenCheckBox]
[28-Oct-2016]::[10:18:59 PM]::[INFO]::[No validation for field: __checkbox_itr4S.schedule80G.don100Percent.doneeWithPan[0].chosenCheckBox]
[28-Oct-2016]::[10:18:59 PM]::[INFO]::[No validation for field: itr4S.schedule80G.don100Percent.doneeWithPan[0].eligibleDonationAmt]
[28-Oct-2016]::[10:18:59 PM]::[INFO]::[No validation for field: itr4S.schedule80G.don100Percent.totDon100Percent]
[28-Oct-2016]::[10:18:59 PM]::[INFO]::[No validation for field: itr4S.schedule80G.don100Percent.totEligibleDon100Percent]
[28-Oct-2016]::[10:18:59 PM]::[INFO]::[No validation for field: itr4S.schedule80G.don50PercentNoApprReqd.doneeWithPan[0].chosenCheckBox]
[28-Oct-2016]::[10:18:59 PM]::[INFO]::[No validation for field: __checkbox_itr4S.schedule80G.don50PercentNoApprReqd.doneeWithPan[0].chosenCheckBox]
[28-Oct-2016]::[10:18:59 PM]::[INFO]::[No validation for field: itr4S.schedule80G.don50PercentNoApprReqd.doneeWithPan[0].eligibleDonationAmt]
[28-Oct-2016]::[10:18:59 PM]::[INFO]::[No validation for field: itr4S.schedule80G.don50PercentNoApprReqd.totDon50PercentNoApprReqd]
[28-Oct-2016]::[10:18:59 PM]::[INFO]::[No validation for field: itr4S.schedule80G.don50PercentNoApprReqd.totEligibleDon50Percent]
[28-Oct-2016]::[10:18:59 PM]::[INFO]::[No validation for field: itr4S.schedule80G.don100PercentApprReqd.doneeWithPan[0].chosenCheckBox]
[28-Oct-2016]::[10:18:59 PM]::[INFO]::[No validation for field: __checkbox_itr4S.schedule80G.don100PercentApprReqd.doneeWithPan[0].chosenCheckBox]
[28-Oct-2016]::[10:18:59 PM]::[INFO]::[No validation for field: itr4S.schedule80G.don100PercentApprReqd.doneeWithPan[0].eligibleDonationAmt]
[28-Oct-2016]::[10:18:59 PM]::[INFO]::[No validation for field: itr4S.schedule80G.don100PercentApprReqd.totDon100PercentApprReqd]
[28-Oct-2016]::[10:18:59 PM]::[INFO]::[No validation for field: itr4S.schedule80G.don100PercentApprReqd.totEligibleDon100PercentApprReqd]
[28-Oct-2016]::[10:18:59 PM]::[INFO]::[No validation for field: itr4S.schedule80G.don50PercentApprReqd.doneeWithPan[0].chosenCheckBox]
[28-Oct-2016]::[10:18:59 PM]::[INFO]::[No validation for field: __checkbox_itr4S.schedule80G.don50PercentApprReqd.doneeWithPan[0].chosenCheckBox]
[28-Oct-2016]::[10:18:59 PM]::[INFO]::[No validation for field: itr4S.schedule80G.don50PercentApprReqd.doneeWithPan[0].eligibleDonationAmt]
[28-Oct-2016]::[10:18:59 PM]::[INFO]::[No validation for field: itr4S.schedule80G.don50PercentApprReqd.totDon50PercentApprReqd]
[28-Oct-2016]::[10:18:59 PM]::[INFO]::[No validation for field: itr4S.schedule80G.don50PercentApprReqd.totEligibleDon50PercentApprReqd]
[28-Oct-2016]::[10:18:59 PM]::[INFO]::[Call() ends time taken: 76  error count :0]
[28-Oct-2016]::[10:18:59 PM]::[INFO]::[submit itr starts]
[28-Oct-2016]::[10:18:59 PM]::[INFO]::[Time taken to start generateXml(): 6]
[28-Oct-2016]::[10:18:59 PM]::[INFO]::[outputfilePathC:\Users\user9\AppData\Local\Temp\ITR467160843752620477704856403.xml,generateXmlFlag: true]
[28-Oct-2016]::[10:18:59 PM]::[INFO]::[done with schema error; 0]
[28-Oct-2016]::[10:18:59 PM]::[INFO]::[Time taken to generate: 245]
[28-Oct-2016]::[10:18:59 PM]::[INFO]::[initialize submit itr starts]
[28-Oct-2016]::[10:18:59 PM]::[SEVERE]::[initUsbTokens error]
java.security.GeneralSecurityException: No Certificate found in your keystore
	at com.tcs.efiling.itr.config.UsbTokenUtil.getUsbTokenData(UsbTokenUtil.java:68)
	at com.tcs.efiling.itr.main.SubmitItrDialogController.initUsbTokens(SubmitItrDialogController.java:149)
	at com.tcs.efiling.itr.main.SubmitItrDialogController.initialize(SubmitItrDialogController.java:140)
	at javafx.fxml.FXMLLoader.loadImpl(FXMLLoader.java:2548)
	at javafx.fxml.FXMLLoader.loadImpl(FXMLLoader.java:2441)
	at javafx.fxml.FXMLLoader.load(FXMLLoader.java:2409)
	at com.tcs.efiling.itr.main.NewITRDialog.<init>(NewITRDialog.java:36)
	at com.tcs.efiling.itr.main.MainController.OpenSubmitDialog(MainController.java:1071)
	at com.tcs.efiling.itr.main.ITRUtil$4.run(ITRUtil.java:905)
	at com.sun.javafx.application.PlatformImpl.lambda$null$173(PlatformImpl.java:295)
	at java.security.AccessController.doPrivileged(Native Method)
	at com.sun.javafx.application.PlatformImpl.lambda$runLater$174(PlatformImpl.java:294)
	at com.sun.glass.ui.InvokeLaterDispatcher$Future.run(InvokeLaterDispatcher.java:95)
	at com.sun.glass.ui.win.WinApplication._runLoop(Native Method)
	at com.sun.glass.ui.win.WinApplication.lambda$null$148(WinApplication.java:191)
	at java.lang.Thread.run(Unknown Source)

[28-Oct-2016]::[10:18:59 PM]::[INFO]::[dscMandatory starts::ITR-4S]
[28-Oct-2016]::[10:18:59 PM]::[INFO]::[dscMandatory ends]
[28-Oct-2016]::[10:19:01 PM]::[INFO]::[cancel caled]
[28-Oct-2016]::[10:19:19 PM]::[INFO]::[Time taken to start generateXml(): 6]
[28-Oct-2016]::[10:19:19 PM]::[INFO]::[outputfilePathE:\PERSONAL\Business\IT RETURNS\Ratnanjali Ghadge\AY 2015-16\DRAFT.draft,generateXmlFlag: false]
[28-Oct-2016]::[10:19:19 PM]::[INFO]::[Time taken to generate: 106]
[28-Oct-2016]::[10:23:06 PM]::[INFO]::[Time taken to start generateXml(): 10]
[28-Oct-2016]::[10:23:06 PM]::[INFO]::[outputfilePathE:\PERSONAL\Business\IT RETURNS\Ratnanjali Ghadge\AY 2015-16\DRAFT.draft,generateXmlFlag: false]
[28-Oct-2016]::[10:23:06 PM]::[INFO]::[Time taken to generate: 91]
[28-Oct-2016]::[10:24:35 PM]::[INFO]::[show validation]
[28-Oct-2016]::[10:24:35 PM]::[INFO]::[Time taken in validateAll(): 0]
[28-Oct-2016]::[10:24:35 PM]::[INFO]::[No validation for field: requestId]
[28-Oct-2016]::[10:24:35 PM]::[INFO]::[No validation for field: itr4S.creationInfo.xmlCreationDate]
[28-Oct-2016]::[10:24:35 PM]::[INFO]::[No validation for field: totalPage]
[28-Oct-2016]::[10:24:35 PM]::[INFO]::[No validation for field: returnType]
[28-Oct-2016]::[10:24:35 PM]::[INFO]::[No validation for field: customReturnType]
[28-Oct-2016]::[10:24:35 PM]::[INFO]::[No validation for field: ]
[28-Oct-2016]::[10:24:35 PM]::[INFO]::[No validation for field: itr4S.currentPage]
[28-Oct-2016]::[10:24:35 PM]::[INFO]::[No validation for field: itr4S.filingStatus.adharNoOption]
[28-Oct-2016]::[10:24:35 PM]::[INFO]::[No validation for field: itr4S.itr4sTaxComputationOnline.surchargeOnTaxPayable]
[28-Oct-2016]::[10:24:35 PM]::[INFO]::[No validation for field: itr4S.us44aeHeavy[0].chosenCheckBox]
[28-Oct-2016]::[10:24:35 PM]::[INFO]::[No validation for field: __checkbox_itr4S.us44aeHeavy[0].chosenCheckBox]
[28-Oct-2016]::[10:24:35 PM]::[INFO]::[No validation for field: Count_SCH_IT]
[28-Oct-2016]::[10:24:35 PM]::[INFO]::[No validation for field: itr4S.natOfBus.business[0].chosenCheckBox]
[28-Oct-2016]::[10:24:35 PM]::[INFO]::[No validation for field: __checkbox_scheduleFA.detailsOfTrustOutIndiaTrustee[0].chosenCheckBox]
[28-Oct-2016]::[10:24:35 PM]::[INFO]::[No validation for field: itr4S.natOfBus.business[0].trade.tradeName]
[28-Oct-2016]::[10:24:35 PM]::[INFO]::[No validation for field: itr4S.natOfBus.business[1].chosenCheckBox]
[28-Oct-2016]::[10:24:35 PM]::[INFO]::[No validation for field: __checkbox_scheduleFA.detailsOfTrustOutIndiaTrustee[1].chosenCheckBox]
[28-Oct-2016]::[10:24:35 PM]::[INFO]::[No validation for field: itr4S.natOfBus.business[1].trade.tradeName]
[28-Oct-2016]::[10:24:35 PM]::[INFO]::[No validation for field: itr4S.scheduleBPForITR4S.incChargeableUnderBus]
[28-Oct-2016]::[10:24:35 PM]::[INFO]::[No validation for field: itr4S.tdSonSalaries.tdSonSalary[0].employerOrDeductorOrCollectDetl.chosenCheckBox]
[28-Oct-2016]::[10:24:35 PM]::[INFO]::[No validation for field: __checkbox_itr4S.tdSonSalaries.tdSonSalary[0].employerOrDeductorOrCollectDetl.chosenCheckBox]
[28-Oct-2016]::[10:24:35 PM]::[INFO]::[No validation for field: itr4S.tdSonSalaries.tdSonSalary.totalTaxDeducted]
[28-Oct-2016]::[10:24:35 PM]::[INFO]::[No validation for field: Count_SCH_TDS1]
[28-Oct-2016]::[10:24:35 PM]::[INFO]::[No validation for field: itr4S.tdSonOthThanSals.tdSonOthThanSal[0].employerOrDeductorOrCollectDetl.chosenCheckBox]
[28-Oct-2016]::[10:24:35 PM]::[INFO]::[No validation for field: __checkbox_itr4S.tdSonOthThanSals.tdSonOthThanSal[0].employerOrDeductorOrCollectDetl.chosenCheckBox]
[28-Oct-2016]::[10:24:35 PM]::[INFO]::[No validation for field: itr4S.tdSonOthThanSals.tdSonOthThanSal.claimOutOfTotTDSOnAmtPaid]
[28-Oct-2016]::[10:24:35 PM]::[INFO]::[No validation for field: itr4S.scheduleTCS.tcs[0].chosenCheckBox]
[28-Oct-2016]::[10:24:35 PM]::[INFO]::[No validation for field: __checkbox_itr4S.scheduleTCS.tcs[0].chosenCheckBox]
[28-Oct-2016]::[10:24:35 PM]::[INFO]::[No validation for field: itr4S.scheduleTCS.tcs.amtTCSClaimedThisYear]
[28-Oct-2016]::[10:24:35 PM]::[INFO]::[No validation for field: itr4S.scheduleIT.taxPayment[0].chosenCheckBox]
[28-Oct-2016]::[10:24:35 PM]::[INFO]::[No validation for field: __checkbox_itr4S.scheduleIT.taxPayment[0].chosenCheckBox]
[28-Oct-2016]::[10:24:35 PM]::[INFO]::[No validation for field: itr4S.scheduleIT.taxPayment.amt]
[28-Oct-2016]::[10:24:35 PM]::[INFO]::[No validation for field: itr4S.taxPaid.taxesPaid.tcs]
[28-Oct-2016]::[10:24:35 PM]::[INFO]::[No validation for field: itr4S.schedule80G.don100Percent.doneeWithPan[0].chosenCheckBox]
[28-Oct-2016]::[10:24:35 PM]::[INFO]::[No validation for field: __checkbox_itr4S.schedule80G.don100Percent.doneeWithPan[0].chosenCheckBox]
[28-Oct-2016]::[10:24:35 PM]::[INFO]::[No validation for field: itr4S.schedule80G.don100Percent.doneeWithPan[0].eligibleDonationAmt]
[28-Oct-2016]::[10:24:35 PM]::[INFO]::[No validation for field: itr4S.schedule80G.don100Percent.totDon100Percent]
[28-Oct-2016]::[10:24:35 PM]::[INFO]::[No validation for field: itr4S.schedule80G.don100Percent.totEligibleDon100Percent]
[28-Oct-2016]::[10:24:35 PM]::[INFO]::[No validation for field: itr4S.schedule80G.don50PercentNoApprReqd.doneeWithPan[0].chosenCheckBox]
[28-Oct-2016]::[10:24:35 PM]::[INFO]::[No validation for field: __checkbox_itr4S.schedule80G.don50PercentNoApprReqd.doneeWithPan[0].chosenCheckBox]
[28-Oct-2016]::[10:24:35 PM]::[INFO]::[No validation for field: itr4S.schedule80G.don50PercentNoApprReqd.doneeWithPan[0].eligibleDonationAmt]
[28-Oct-2016]::[10:24:35 PM]::[INFO]::[No validation for field: itr4S.schedule80G.don50PercentNoApprReqd.totDon50PercentNoApprReqd]
[28-Oct-2016]::[10:24:35 PM]::[INFO]::[No validation for field: itr4S.schedule80G.don50PercentNoApprReqd.totEligibleDon50Percent]
[28-Oct-2016]::[10:24:35 PM]::[INFO]::[No validation for field: itr4S.schedule80G.don100PercentApprReqd.doneeWithPan[0].chosenCheckBox]
[28-Oct-2016]::[10:24:35 PM]::[INFO]::[No validation for field: __checkbox_itr4S.schedule80G.don100PercentApprReqd.doneeWithPan[0].chosenCheckBox]
[28-Oct-2016]::[10:24:35 PM]::[INFO]::[No validation for field: itr4S.schedule80G.don100PercentApprReqd.doneeWithPan[0].eligibleDonationAmt]
[28-Oct-2016]::[10:24:35 PM]::[INFO]::[No validation for field: itr4S.schedule80G.don100PercentApprReqd.totDon100PercentApprReqd]
[28-Oct-2016]::[10:24:35 PM]::[INFO]::[No validation for field: itr4S.schedule80G.don100PercentApprReqd.totEligibleDon100PercentApprReqd]
[28-Oct-2016]::[10:24:35 PM]::[INFO]::[No validation for field: itr4S.schedule80G.don50PercentApprReqd.doneeWithPan[0].chosenCheckBox]
[28-Oct-2016]::[10:24:35 PM]::[INFO]::[No validation for field: __checkbox_itr4S.schedule80G.don50PercentApprReqd.doneeWithPan[0].chosenCheckBox]
[28-Oct-2016]::[10:24:35 PM]::[INFO]::[No validation for field: itr4S.schedule80G.don50PercentApprReqd.doneeWithPan[0].eligibleDonationAmt]
[28-Oct-2016]::[10:24:35 PM]::[INFO]::[No validation for field: itr4S.schedule80G.don50PercentApprReqd.totDon50PercentApprReqd]
[28-Oct-2016]::[10:24:35 PM]::[INFO]::[No validation for field: itr4S.schedule80G.don50PercentApprReqd.totEligibleDon50PercentApprReqd]
[28-Oct-2016]::[10:24:35 PM]::[INFO]::[Call() ends time taken: 42  error count :0]
[28-Oct-2016]::[10:24:35 PM]::[INFO]::[submit itr starts]
[28-Oct-2016]::[10:24:35 PM]::[INFO]::[Time taken to start generateXml(): 5]
[28-Oct-2016]::[10:24:35 PM]::[INFO]::[outputfilePathC:\Users\user9\AppData\Local\Temp\ITR-9454483575080256961655723755.xml,generateXmlFlag: true]
[28-Oct-2016]::[10:24:35 PM]::[INFO]::[done with schema error; 0]
[28-Oct-2016]::[10:24:35 PM]::[INFO]::[Time taken to generate: 73]
[28-Oct-2016]::[10:24:36 PM]::[INFO]::[initialize submit itr starts]
[28-Oct-2016]::[10:24:36 PM]::[SEVERE]::[initUsbTokens error]
java.security.GeneralSecurityException: No Certificate found in your keystore
	at com.tcs.efiling.itr.config.UsbTokenUtil.getUsbTokenData(UsbTokenUtil.java:68)
	at com.tcs.efiling.itr.main.SubmitItrDialogController.initUsbTokens(SubmitItrDialogController.java:149)
	at com.tcs.efiling.itr.main.SubmitItrDialogController.initialize(SubmitItrDialogController.java:140)
	at javafx.fxml.FXMLLoader.loadImpl(FXMLLoader.java:2548)
	at javafx.fxml.FXMLLoader.loadImpl(FXMLLoader.java:2441)
	at javafx.fxml.FXMLLoader.load(FXMLLoader.java:2409)
	at com.tcs.efiling.itr.main.NewITRDialog.<init>(NewITRDialog.java:36)
	at com.tcs.efiling.itr.main.MainController.OpenSubmitDialog(MainController.java:1071)
	at com.tcs.efiling.itr.main.ITRUtil$4.run(ITRUtil.java:905)
	at com.sun.javafx.application.PlatformImpl.lambda$null$173(PlatformImpl.java:295)
	at java.security.AccessController.doPrivileged(Native Method)
	at com.sun.javafx.application.PlatformImpl.lambda$runLater$174(PlatformImpl.java:294)
	at com.sun.glass.ui.InvokeLaterDispatcher$Future.run(InvokeLaterDispatcher.java:95)
	at com.sun.glass.ui.win.WinApplication._runLoop(Native Method)
	at com.sun.glass.ui.win.WinApplication.lambda$null$148(WinApplication.java:191)
	at java.lang.Thread.run(Unknown Source)

[28-Oct-2016]::[10:24:36 PM]::[INFO]::[dscMandatory starts::ITR-4S]
[28-Oct-2016]::[10:24:36 PM]::[INFO]::[dscMandatory ends]
[28-Oct-2016]::[10:24:47 PM]::[INFO]::[url: https://www.google.co.in timeout: 30000]
[28-Oct-2016]::[10:24:48 PM]::[INFO]::[validateDSCKey ends with flag: true]
[28-Oct-2016]::[10:24:48 PM]::[INFO]::[file : .\ITR]
[28-Oct-2016]::[10:24:48 PM]::[INFO]::[file : .\ITR-4S_AY201516_PR9.jar]
[28-Oct-2016]::[10:24:48 PM]::[INFO]::[hash : F26C79BA1CF7ED790A79EE702F0573C46BF684D24301F9F1B9688B8AEA162A9D]
[28-Oct-2016]::[10:24:48 PM]::[INFO]::[submitHash : EBEAF67098B20925BF90D7959ECC9CA225FCB1C6AA7DB9AB27DC365E5785EB0E]
[28-Oct-2016]::[10:24:48 PM]::[INFO]::[webservie url: https://incometaxindiaefiling.gov.in/e-FilingWS/ditws]
[28-Oct-2016]::[10:24:48 PM]::[INFO]::[Thread call starts]
[28-Oct-2016]::[10:24:48 PM]::[INFO]::[sendRequest starts]
[28-Oct-2016]::[10:24:50 PM]::[INFO]::[Soap fault: null]
[28-Oct-2016]::[10:24:50 PM]::[INFO]::[ackNo: 522931490281016 ,transactionId:3463323958,emailId:tusharmohite0@gmail.com]
[28-Oct-2016]::[10:24:50 PM]::[INFO]::[Thread call ends : time taken: 1895]
[28-Oct-2016]::[10:24:50 PM]::[INFO]::[cancel caled]
[28-Oct-2016]::[10:24:50 PM]::[INFO]::[Writing to file: C:\Users\user9\AppData\Local\Temp\ITRvFile-20015936146718930784483381505.zip]
[28-Oct-2016]::[10:24:50 PM]::[INFO]::[initialize starts]
[28-Oct-2016]::[10:24:50 PM]::[INFO]::[loadITRVPage stats with transaction id 3463323958 ,email tusharmohite0@gmail.com]
