[24-Apr-2017]::[11:47:42 PM]::[com.itd.efiling.itr.main.ctrl.ThreeRedLightsIlluminate init]::[INFO]::[init starts]
[24-Apr-2017]::[11:47:42 PM]::[com.itd.efiling.itr.common.util.j setUtilityParams]::[INFO]::[url jar:file:/E:/Business/Mohite%20Consultancy%20Services/Assignments/IT%20Returns/Amol%20Chavan/Data%20from%20Client%20SY/ITR-4_2017/ITR-4_AY201718_PR2.jar!/META-INF/MANIFEST.MF]
[24-Apr-2017]::[11:47:42 PM]::[com.itd.efiling.itr.common.util.j setUtilityParams]::[INFO]::[2017-18 :: ITR-4 :: ]
[24-Apr-2017]::[11:47:42 PM]::[com.itd.efiling.itr.main.ctrl.ThreeRedLightsIlluminate init]::[INFO]::[init ends in 47 ms.]
[24-Apr-2017]::[11:47:42 PM]::[com.itd.efiling.itr.main.ctrl.ThreeRedLightsIlluminate start]::[INFO]::[MainLoader start method starts]
[24-Apr-2017]::[11:47:44 PM]::[com.itd.efiling.itr.main.ctrl.d initialize]::[INFO]::[initialize starts]
[24-Apr-2017]::[11:47:44 PM]::[com.itd.efiling.itr.common.util.c b]::[INFO]::[Before Validating fileListCommonScript ]
[24-Apr-2017]::[11:47:44 PM]::[com.itd.efiling.itr.common.util.c b]::[INFO]::[Before Validating fileListItrAy ]
[24-Apr-2017]::[11:47:44 PM]::[com.itd.efiling.itr.common.util.c b]::[INFO]::[Before Validating fileListConfig ]
[24-Apr-2017]::[11:47:45 PM]::[com.itd.efiling.itr.common.util.c b]::[INFO]::[Before Validating verifySignature ]
[24-Apr-2017]::[11:47:45 PM]::[com.itd.efiling.itr.common.util.c a]::[INFO]::[verifies : true]
[24-Apr-2017]::[11:47:45 PM]::[com.itd.efiling.itr.main.ctrl.d initialize]::[INFO]::[Is utiltity valid ::true]
[24-Apr-2017]::[11:47:45 PM]::[com.itd.efiling.itr.a.a.d c]::[INFO]::[loadingDialog starts]
[24-Apr-2017]::[11:47:45 PM]::[com.itd.efiling.itr.a.a.a <init>]::[INFO]::[CommonDialog starts]
[24-Apr-2017]::[11:47:45 PM]::[com.itd.efiling.itr.a.a.a <init>]::[INFO]::[CommonDialog ends]
[24-Apr-2017]::[11:47:46 PM]::[com.itd.efiling.itr.a.a.d c]::[INFO]::[loadingDialog ends]
[24-Apr-2017]::[11:47:46 PM]::[com.itd.efiling.itr.main.ctrl.a b]::[INFO]::[hide validation]
[24-Apr-2017]::[11:47:46 PM]::[com.itd.efiling.itr.main.ctrl.d a]::[INFO]::[importFile : null]
[24-Apr-2017]::[11:47:46 PM]::[com.itd.efiling.itr.main.ctrl.d initialize]::[INFO]::[initialize ends: time taken: 1595ms]
[24-Apr-2017]::[11:47:46 PM]::[com.itd.efiling.itr.main.ctrl.d initialize]::[INFO]::[initialize ends: time taken: 2ms]
[24-Apr-2017]::[11:47:46 PM]::[com.sun.javafx.css.parser.CSSParser declaration]::[WARNING]::[CSS Error parsing '*{-fx-background-color: linear-gradient(#3A5058, #6aa2b1);-fx-font-weight: bold;-fx-font: 22px;}: Expected '<font-family>' while parsing '-fx-font' at [1,90]]
[24-Apr-2017]::[11:47:46 PM]::[com.sun.javafx.css.parser.CSSParser declaration]::[WARNING]::[CSS Error parsing '*{-fx-font-weight: bold;-fx-font: 22px;}: Expected '<font-family>' while parsing '-fx-font' at [1,34]]
[24-Apr-2017]::[11:47:46 PM]::[com.itd.efiling.itr.main.ctrl.ThreeRedLightsIlluminate start]::[INFO]::[mainController.windowWidth new : 1366.0]
[24-Apr-2017]::[11:47:47 PM]::[com.itd.efiling.itr.main.ctrl.ThreeRedLightsIlluminate start]::[INFO]::[1366.0 :: 1079.14 :: 232.22000000000003]
[24-Apr-2017]::[11:47:47 PM]::[com.itd.efiling.itr.main.ctrl.ThreeRedLightsIlluminate start]::[INFO]::[MainLoader start method ends. Time taken: 4752]
[24-Apr-2017]::[11:47:48 PM]::[com.itd.efiling.itr.common.a.a a]::[INFO]::[oldState  : RUNNING newState : SUCCEEDED]
[24-Apr-2017]::[11:47:48 PM]::[com.itd.efiling.itr.common.a.a a]::[INFO]::[jsobj [object Window]]
[24-Apr-2017]::[11:47:52 PM]::[com.itd.efiling.itr.common.a.a a]::[INFO]::[time taken in changed : 79]
[24-Apr-2017]::[11:47:54 PM]::[com.itd.efiling.itr.toolbar.b prefill]::[INFO]::[prefill]
[24-Apr-2017]::[11:47:56 PM]::[com.itd.efiling.itr.a.a.a <init>]::[INFO]::[CommonDialog starts]
[24-Apr-2017]::[11:47:56 PM]::[com.itd.efiling.itr.a.a.a <init>]::[INFO]::[CommonDialog ends]
[24-Apr-2017]::[11:48:30 PM]::[com.itd.efiling.itr.a.a.f prefill]::[INFO]::[prefill caled]
[24-Apr-2017]::[11:48:30 PM]::[com.itd.efiling.itr.a.a.f prefill]::[INFO]::[prefill ends after starting thread: ]
[24-Apr-2017]::[11:48:30 PM]::[com.itd.efiling.itr.webservice.a.a b]::[INFO]::[call starts ]
[24-Apr-2017]::[11:48:30 PM]::[com.itd.efiling.itr.webservice.a.a c]::[INFO]::[sendRequest starts]
[24-Apr-2017]::[11:48:30 PM]::[com.itd.efiling.itr.common.util.e getSecuredRequest]::[INFO]::[Before getting secured request]
[24-Apr-2017]::[11:48:31 PM]::[com.itd.efiling.itr.common.util.e getSecuredRequest]::[INFO]::[After getting secured request]
[24-Apr-2017]::[11:48:31 PM]::[com.itd.efiling.itr.common.util.c d]::[INFO]::[file : .\ITR]
[24-Apr-2017]::[11:48:31 PM]::[com.itd.efiling.itr.common.util.c d]::[INFO]::[file : .\ITR-4_AY201718_PR2.jar]
[24-Apr-2017]::[11:48:31 PM]::[com.itd.efiling.itr.webservice.a.a c]::[INFO]::[Soap fault: null]
[24-Apr-2017]::[11:48:31 PM]::[com.itd.efiling.itr.webservice.a.a c]::[INFO]::[Soap errorNode : null]
[24-Apr-2017]::[11:48:31 PM]::[com.itd.efiling.itr.webservice.a.a c]::[INFO]::[sendrequest ends]
[24-Apr-2017]::[11:48:31 PM]::[com.itd.efiling.itr.webservice.a.a b]::[INFO]::[call ends Time taken:1070]
[24-Apr-2017]::[11:48:31 PM]::[com.itd.efiling.itr.main.ctrl.g a]::[INFO]::[itrEngine alert: presInc44AD:0]
[24-Apr-2017]::[11:48:31 PM]::[com.itd.efiling.itr.main.ctrl.g a]::[INFO]::[itrEngine alert: presInc44AD:0]
[24-Apr-2017]::[11:48:31 PM]::[com.itd.efiling.itr.main.ctrl.g a]::[INFO]::[itrEngine alert: presInc44AD:0]
[24-Apr-2017]::[11:48:31 PM]::[com.itd.efiling.itr.main.ctrl.g a]::[INFO]::[itrEngine alert: presInc44AD:0]
[24-Apr-2017]::[11:48:32 PM]::[com.itd.efiling.itr.main.ctrl.g a]::[INFO]::[itrEngine alert: sec80GGCsysCalc:0]
[24-Apr-2017]::[11:48:32 PM]::[com.itd.efiling.itr.main.ctrl.g a]::[INFO]::[itrEngine alert: presInc44AD:0]
[24-Apr-2017]::[11:48:32 PM]::[com.itd.efiling.itr.main.ctrl.g a]::[INFO]::[itrEngine alert: sec80GGCsysCalc:0]
[24-Apr-2017]::[11:48:32 PM]::[com.itd.efiling.itr.main.ctrl.g a]::[INFO]::[itrEngine alert: presInc44AD:0]
[24-Apr-2017]::[11:48:32 PM]::[com.itd.efiling.itr.main.ctrl.g a]::[INFO]::[itrEngine alert: sec80GGCsysCalc:0]
[24-Apr-2017]::[11:48:32 PM]::[com.itd.efiling.itr.main.ctrl.g a]::[INFO]::[itrEngine alert: presInc44AD:0]
[24-Apr-2017]::[11:48:32 PM]::[com.itd.efiling.itr.main.ctrl.g a]::[INFO]::[itrEngine alert: sec80GGCsysCalc:0]
[24-Apr-2017]::[11:48:32 PM]::[com.itd.efiling.itr.main.ctrl.g a]::[INFO]::[itrEngine alert: presInc44AD:0]
[24-Apr-2017]::[11:48:32 PM]::[com.itd.efiling.itr.main.ctrl.g a]::[INFO]::[itrEngine alert: sec80GGCsysCalc:0]
[24-Apr-2017]::[11:48:32 PM]::[com.itd.efiling.itr.main.ctrl.g a]::[INFO]::[itrEngine alert: presInc44AD:0]
[24-Apr-2017]::[11:48:32 PM]::[com.itd.efiling.itr.main.ctrl.g a]::[INFO]::[itrEngine alert: sec80GGCsysCalc:0]
[24-Apr-2017]::[11:48:32 PM]::[com.itd.efiling.itr.main.ctrl.g a]::[INFO]::[itrEngine alert: presInc44AD:0]
[24-Apr-2017]::[11:48:32 PM]::[com.itd.efiling.itr.a.a.f cancel]::[INFO]::[cancel caled]
[24-Apr-2017]::[11:48:33 PM]::[com.itd.efiling.itr.webservice.a.d run]::[INFO]::[Prefill done successfully]
[24-Apr-2017]::[11:48:40 PM]::[com.itd.efiling.itr.main.ctrl.g a]::[INFO]::[itrEngine alert: sec80GGCsysCalc:0]
[24-Apr-2017]::[11:48:40 PM]::[com.itd.efiling.itr.main.ctrl.g a]::[INFO]::[itrEngine alert: presInc44AD:0]
[24-Apr-2017]::[11:48:40 PM]::[com.itd.efiling.itr.main.ctrl.g a]::[INFO]::[itrEngine alert: sec80GGCsysCalc:0]
[24-Apr-2017]::[11:48:40 PM]::[com.itd.efiling.itr.main.ctrl.g a]::[INFO]::[itrEngine alert: presInc44AD:0]
[24-Apr-2017]::[11:48:40 PM]::[com.itd.efiling.itr.main.ctrl.g a]::[INFO]::[itrEngine alert: sec80GGCsysCalc:0]
[24-Apr-2017]::[11:48:40 PM]::[com.itd.efiling.itr.main.ctrl.g a]::[INFO]::[itrEngine alert: presInc44AD:0]
[24-Apr-2017]::[11:48:40 PM]::[com.itd.efiling.itr.main.ctrl.g a]::[INFO]::[itrEngine alert: sec80GGCsysCalc:0]
[24-Apr-2017]::[11:48:40 PM]::[com.itd.efiling.itr.main.ctrl.g a]::[INFO]::[itrEngine alert: presInc44AD:0]
[24-Apr-2017]::[11:48:40 PM]::[com.itd.efiling.itr.main.ctrl.g a]::[INFO]::[itrEngine alert: sec80GGCsysCalc:0]
[24-Apr-2017]::[11:48:40 PM]::[com.itd.efiling.itr.main.ctrl.g a]::[INFO]::[itrEngine alert: presInc44AD:0]
[24-Apr-2017]::[11:48:40 PM]::[com.itd.efiling.itr.main.ctrl.g a]::[INFO]::[itrEngine alert: sec80GGCsysCalc:0]
[24-Apr-2017]::[11:48:40 PM]::[com.itd.efiling.itr.main.ctrl.g a]::[INFO]::[itrEngine alert: presInc44AD:0]
[24-Apr-2017]::[11:48:40 PM]::[com.itd.efiling.itr.main.ctrl.g a]::[INFO]::[itrEngine alert: sec80GGCsysCalc:0]
[24-Apr-2017]::[11:48:40 PM]::[com.itd.efiling.itr.main.ctrl.g a]::[INFO]::[itrEngine alert: presInc44AD:0]
[24-Apr-2017]::[11:48:41 PM]::[com.itd.efiling.itr.validation.a.a a]::[INFO]::[FIELD_VALIDATORS_MAP 234]
[24-Apr-2017]::[11:48:43 PM]::[com.itd.efiling.itr.main.ctrl.g a]::[INFO]::[itrEngine alert: sec80GGCsysCalc:0]
[24-Apr-2017]::[11:48:43 PM]::[com.itd.efiling.itr.main.ctrl.g a]::[INFO]::[itrEngine alert: presInc44AD:0]
[24-Apr-2017]::[11:48:43 PM]::[com.itd.efiling.itr.main.ctrl.g a]::[INFO]::[itrEngine alert: sec80GGCsysCalc:0]
[24-Apr-2017]::[11:48:43 PM]::[com.itd.efiling.itr.main.ctrl.g a]::[INFO]::[itrEngine alert: presInc44AD:0]
[24-Apr-2017]::[11:48:43 PM]::[com.itd.efiling.itr.main.ctrl.g a]::[INFO]::[itrEngine alert: sec80GGCsysCalc:0]
[24-Apr-2017]::[11:48:43 PM]::[com.itd.efiling.itr.main.ctrl.g a]::[INFO]::[itrEngine alert: presInc44AD:0]
[24-Apr-2017]::[11:48:43 PM]::[com.itd.efiling.itr.main.ctrl.g a]::[INFO]::[itrEngine alert: sec80GGCsysCalc:0]
[24-Apr-2017]::[11:48:43 PM]::[com.itd.efiling.itr.main.ctrl.g a]::[INFO]::[itrEngine alert: presInc44AD:0]
[24-Apr-2017]::[11:48:43 PM]::[com.itd.efiling.itr.main.ctrl.g a]::[INFO]::[itrEngine alert: sec80GGCsysCalc:0]
[24-Apr-2017]::[11:48:43 PM]::[com.itd.efiling.itr.main.ctrl.g a]::[INFO]::[itrEngine alert: presInc44AD:0]
[24-Apr-2017]::[11:48:43 PM]::[com.itd.efiling.itr.main.ctrl.g a]::[INFO]::[itrEngine alert: sec80GGCsysCalc:0]
[24-Apr-2017]::[11:48:43 PM]::[com.itd.efiling.itr.main.ctrl.g a]::[INFO]::[itrEngine alert: presInc44AD:0]
[24-Apr-2017]::[11:51:17 PM]::[com.itd.efiling.itr.main.ctrl.g a]::[INFO]::[itrEngine alert: sec80GsysCalc:0]
[24-Apr-2017]::[11:51:17 PM]::[com.itd.efiling.itr.main.ctrl.g a]::[INFO]::[itrEngine alert: presInc44AD:0]
[24-Apr-2017]::[11:51:17 PM]::[com.itd.efiling.itr.main.ctrl.g a]::[INFO]::[itrEngine alert: sec80GsysCalc:0]
[24-Apr-2017]::[11:51:17 PM]::[com.itd.efiling.itr.main.ctrl.g a]::[INFO]::[itrEngine alert: presInc44AD:0]
[24-Apr-2017]::[11:51:17 PM]::[com.itd.efiling.itr.main.ctrl.g a]::[INFO]::[itrEngine alert: sec80GsysCalc:0]
[24-Apr-2017]::[11:51:17 PM]::[com.itd.efiling.itr.main.ctrl.g a]::[INFO]::[itrEngine alert: presInc44AD:0]
[24-Apr-2017]::[11:51:17 PM]::[com.itd.efiling.itr.main.ctrl.g a]::[INFO]::[itrEngine alert: sec80GsysCalc:0]
[24-Apr-2017]::[11:51:17 PM]::[com.itd.efiling.itr.main.ctrl.g a]::[INFO]::[itrEngine alert: presInc44AD:0]
[24-Apr-2017]::[11:51:17 PM]::[com.itd.efiling.itr.main.ctrl.g a]::[INFO]::[itrEngine alert: sec80GsysCalc:0]
[24-Apr-2017]::[11:51:17 PM]::[com.itd.efiling.itr.main.ctrl.g a]::[INFO]::[itrEngine alert: presInc44AD:0]
[24-Apr-2017]::[11:51:17 PM]::[com.itd.efiling.itr.main.ctrl.g a]::[INFO]::[itrEngine alert: sec80GsysCalc:0]
[24-Apr-2017]::[11:51:17 PM]::[com.itd.efiling.itr.main.ctrl.g a]::[INFO]::[itrEngine alert: presInc44AD:0]
[24-Apr-2017]::[11:51:52 PM]::[com.itd.efiling.itr.main.ctrl.g a]::[INFO]::[itrEngine alert: sec80GsysCalc:0]
[24-Apr-2017]::[11:51:52 PM]::[com.itd.efiling.itr.main.ctrl.g a]::[INFO]::[itrEngine alert: presInc44AD:0]
[24-Apr-2017]::[11:51:52 PM]::[com.itd.efiling.itr.main.ctrl.g a]::[INFO]::[itrEngine alert: sec80GsysCalc:0]
[24-Apr-2017]::[11:51:52 PM]::[com.itd.efiling.itr.main.ctrl.g a]::[INFO]::[itrEngine alert: presInc44AD:0]
[24-Apr-2017]::[11:51:52 PM]::[com.itd.efiling.itr.main.ctrl.g a]::[INFO]::[itrEngine alert: sec80GsysCalc:0]
[24-Apr-2017]::[11:51:52 PM]::[com.itd.efiling.itr.main.ctrl.g a]::[INFO]::[itrEngine alert: presInc44AD:0]
[24-Apr-2017]::[11:51:52 PM]::[com.itd.efiling.itr.main.ctrl.g a]::[INFO]::[itrEngine alert: sec80GsysCalc:0]
[24-Apr-2017]::[11:51:52 PM]::[com.itd.efiling.itr.main.ctrl.g a]::[INFO]::[itrEngine alert: presInc44AD:0]
[24-Apr-2017]::[11:51:52 PM]::[com.itd.efiling.itr.main.ctrl.g a]::[INFO]::[itrEngine alert: sec80GsysCalc:0]
[24-Apr-2017]::[11:51:52 PM]::[com.itd.efiling.itr.main.ctrl.g a]::[INFO]::[itrEngine alert: presInc44AD:0]
[24-Apr-2017]::[11:51:52 PM]::[com.itd.efiling.itr.main.ctrl.g a]::[INFO]::[itrEngine alert: sec80GsysCalc:0]
[24-Apr-2017]::[11:51:52 PM]::[com.itd.efiling.itr.main.ctrl.g a]::[INFO]::[itrEngine alert: presInc44AD:0]
[24-Apr-2017]::[11:51:56 PM]::[com.itd.efiling.itr.main.ctrl.g a]::[INFO]::[itrEngine alert: sec80GsysCalc:0]
[24-Apr-2017]::[11:51:56 PM]::[com.itd.efiling.itr.main.ctrl.g a]::[INFO]::[itrEngine alert: presInc44AD:0]
[24-Apr-2017]::[11:51:56 PM]::[com.itd.efiling.itr.main.ctrl.g a]::[INFO]::[itrEngine alert: sec80GsysCalc:0]
[24-Apr-2017]::[11:51:56 PM]::[com.itd.efiling.itr.main.ctrl.g a]::[INFO]::[itrEngine alert: presInc44AD:0]
[24-Apr-2017]::[11:51:56 PM]::[com.itd.efiling.itr.main.ctrl.g a]::[INFO]::[itrEngine alert: sec80GsysCalc:0]
[24-Apr-2017]::[11:51:56 PM]::[com.itd.efiling.itr.main.ctrl.g a]::[INFO]::[itrEngine alert: presInc44AD:0]
[24-Apr-2017]::[11:51:56 PM]::[com.itd.efiling.itr.main.ctrl.g a]::[INFO]::[itrEngine alert: sec80GsysCalc:0]
[24-Apr-2017]::[11:51:56 PM]::[com.itd.efiling.itr.main.ctrl.g a]::[INFO]::[itrEngine alert: presInc44AD:0]
[24-Apr-2017]::[11:51:56 PM]::[com.itd.efiling.itr.main.ctrl.g a]::[INFO]::[itrEngine alert: sec80GsysCalc:0]
[24-Apr-2017]::[11:51:56 PM]::[com.itd.efiling.itr.main.ctrl.g a]::[INFO]::[itrEngine alert: presInc44AD:0]
[24-Apr-2017]::[11:51:56 PM]::[com.itd.efiling.itr.main.ctrl.g a]::[INFO]::[itrEngine alert: sec80GsysCalc:0]
[24-Apr-2017]::[11:51:56 PM]::[com.itd.efiling.itr.main.ctrl.g a]::[INFO]::[itrEngine alert: presInc44AD:254780]
[24-Apr-2017]::[11:51:56 PM]::[com.itd.efiling.itr.main.ctrl.g a]::[INFO]::[itrEngine alert: sec80GsysCalc:0]
[24-Apr-2017]::[11:51:56 PM]::[com.itd.efiling.itr.main.ctrl.g a]::[INFO]::[itrEngine alert: presInc44AD:254780]
[24-Apr-2017]::[11:51:56 PM]::[com.itd.efiling.itr.main.ctrl.g a]::[INFO]::[itrEngine alert: presInc44AD:254780]
[24-Apr-2017]::[11:52:03 PM]::[com.itd.efiling.itr.main.ctrl.g a]::[INFO]::[itrEngine alert: sec80GsysCalc:0]
[24-Apr-2017]::[11:52:03 PM]::[com.itd.efiling.itr.main.ctrl.g a]::[INFO]::[itrEngine alert: presInc44AD:254780]
[24-Apr-2017]::[11:52:03 PM]::[com.itd.efiling.itr.main.ctrl.g a]::[INFO]::[itrEngine alert: sec80GsysCalc:0]
[24-Apr-2017]::[11:52:03 PM]::[com.itd.efiling.itr.main.ctrl.g a]::[INFO]::[itrEngine alert: presInc44AD:254780]
[24-Apr-2017]::[11:52:03 PM]::[com.itd.efiling.itr.main.ctrl.g a]::[INFO]::[itrEngine alert: sec80GsysCalc:0]
[24-Apr-2017]::[11:52:03 PM]::[com.itd.efiling.itr.main.ctrl.g a]::[INFO]::[itrEngine alert: presInc44AD:254780]
[24-Apr-2017]::[11:52:03 PM]::[com.itd.efiling.itr.main.ctrl.g a]::[INFO]::[itrEngine alert: sec80GsysCalc:0]
[24-Apr-2017]::[11:52:03 PM]::[com.itd.efiling.itr.main.ctrl.g a]::[INFO]::[itrEngine alert: presInc44AD:254780]
[24-Apr-2017]::[11:52:03 PM]::[com.itd.efiling.itr.main.ctrl.g a]::[INFO]::[itrEngine alert: sec80GsysCalc:0]
[24-Apr-2017]::[11:52:03 PM]::[com.itd.efiling.itr.main.ctrl.g a]::[INFO]::[itrEngine alert: presInc44AD:254780]
[24-Apr-2017]::[11:52:03 PM]::[com.itd.efiling.itr.main.ctrl.g a]::[INFO]::[itrEngine alert: sec80GsysCalc:0]
[24-Apr-2017]::[11:52:03 PM]::[com.itd.efiling.itr.main.ctrl.g a]::[INFO]::[itrEngine alert: presInc44AD:254780]
[24-Apr-2017]::[11:52:10 PM]::[com.itd.efiling.itr.main.ctrl.g a]::[INFO]::[itrEngine alert: sec80GsysCalc:0]
[24-Apr-2017]::[11:52:10 PM]::[com.itd.efiling.itr.main.ctrl.g a]::[INFO]::[itrEngine alert: presInc44AD:254780]
[24-Apr-2017]::[11:52:10 PM]::[com.itd.efiling.itr.main.ctrl.g a]::[INFO]::[itrEngine alert: sec80GsysCalc:0]
[24-Apr-2017]::[11:52:10 PM]::[com.itd.efiling.itr.main.ctrl.g a]::[INFO]::[itrEngine alert: presInc44AD:254780]
[24-Apr-2017]::[11:52:10 PM]::[com.itd.efiling.itr.main.ctrl.g a]::[INFO]::[itrEngine alert: sec80GsysCalc:0]
[24-Apr-2017]::[11:52:10 PM]::[com.itd.efiling.itr.main.ctrl.g a]::[INFO]::[itrEngine alert: presInc44AD:254780]
[24-Apr-2017]::[11:52:10 PM]::[com.itd.efiling.itr.main.ctrl.g a]::[INFO]::[itrEngine alert: sec80GsysCalc:0]
[24-Apr-2017]::[11:52:10 PM]::[com.itd.efiling.itr.main.ctrl.g a]::[INFO]::[itrEngine alert: presInc44AD:254780]
[24-Apr-2017]::[11:52:10 PM]::[com.itd.efiling.itr.main.ctrl.g a]::[INFO]::[itrEngine alert: sec80GsysCalc:0]
[24-Apr-2017]::[11:52:10 PM]::[com.itd.efiling.itr.main.ctrl.g a]::[INFO]::[itrEngine alert: presInc44AD:254780]
[24-Apr-2017]::[11:52:10 PM]::[com.itd.efiling.itr.main.ctrl.g a]::[INFO]::[itrEngine alert: sec80GsysCalc:0]
[24-Apr-2017]::[11:52:10 PM]::[com.itd.efiling.itr.main.ctrl.g a]::[INFO]::[itrEngine alert: presInc44AD:254786]
[24-Apr-2017]::[11:52:10 PM]::[com.itd.efiling.itr.main.ctrl.g a]::[INFO]::[itrEngine alert: sec80GsysCalc:0]
[24-Apr-2017]::[11:52:10 PM]::[com.itd.efiling.itr.main.ctrl.g a]::[INFO]::[itrEngine alert: presInc44AD:254786]
[24-Apr-2017]::[11:52:10 PM]::[com.itd.efiling.itr.main.ctrl.g a]::[INFO]::[itrEngine alert: presInc44AD:254786]
[24-Apr-2017]::[11:52:36 PM]::[com.itd.efiling.itr.common.util.JavaScriptFunctions getBankName]::[INFO]::[ifsc isMAHB]
[24-Apr-2017]::[11:53:16 PM]::[com.itd.efiling.itr.common.util.JavaScriptFunctions getBankName]::[INFO]::[ifsc isSBIN]
[24-Apr-2017]::[11:53:49 PM]::[com.itd.efiling.itr.toolbar.b validateAndSaveFile]::[INFO]::[validateAndSaveFile ]
[24-Apr-2017]::[11:53:49 PM]::[com.itd.efiling.itr.main.ctrl.a c]::[INFO]::[show validation]
[24-Apr-2017]::[11:53:49 PM]::[com.itd.efiling.itr.validation.helpers.Validator validateAll]::[INFO]::[Time taken in validateAll(): 0]
[24-Apr-2017]::[11:53:49 PM]::[com.itd.efiling.itr.validation.helpers.Validator call]::[INFO]::[Call() starts : ]
[24-Apr-2017]::[11:53:49 PM]::[com.itd.efiling.itr.validation.helpers.Validator call]::[INFO]::[Call() ends time taken: 39  error count :0]
[24-Apr-2017]::[11:53:49 PM]::[com.itd.efiling.itr.a.a.e a]::[INFO]::[extension : .xml title : null type : true]
[24-Apr-2017]::[11:54:05 PM]::[com.itd.efiling.itr.common.util.f b]::[INFO]::[Before setDocument]
[24-Apr-2017]::[11:54:05 PM]::[com.itd.efiling.itr.common.util.f b]::[INFO]::[After setDocument[#document: null]]
[24-Apr-2017]::[11:54:05 PM]::[com.itd.efiling.itr.common.cachers.b a]::[INFO]::[flagtrue]
[24-Apr-2017]::[11:54:05 PM]::[com.itd.efiling.itr.common.cachers.b a]::[INFO]::[doc[#document: null]]
[24-Apr-2017]::[11:54:05 PM]::[com.itd.efiling.itr.common.cachers.b a]::[INFO]::[Inside deleteNodeGenerateXml]
[24-Apr-2017]::[11:54:05 PM]::[com.itd.efiling.itr.common.util.f b]::[INFO]::[FIELD_VALUE 269]
[24-Apr-2017]::[11:54:05 PM]::[com.itd.efiling.itr.common.util.f a]::[INFO]::[done with schema error; 0]
[24-Apr-2017]::[11:54:06 PM]::[com.itd.efiling.itr.common.util.f a]::[INFO]::[hash {} 1W87IQjfeXqiJU2lGor3B7rimTfhFPfuXMeyYhu8+A8=]
[24-Apr-2017]::[11:54:06 PM]::[com.itd.efiling.itr.common.util.f a]::[INFO]::[Time taken to generate: 1088 ms ]
[24-Apr-2017]::[11:57:38 PM]::[com.itd.efiling.itr.toolbar.b validateAndSaveFile]::[INFO]::[validateAndSaveFile ]
[24-Apr-2017]::[11:57:38 PM]::[com.itd.efiling.itr.main.ctrl.a c]::[INFO]::[show validation]
[24-Apr-2017]::[11:57:38 PM]::[com.itd.efiling.itr.validation.helpers.Validator validateAll]::[INFO]::[Time taken in validateAll(): 0]
[24-Apr-2017]::[11:57:38 PM]::[com.itd.efiling.itr.validation.helpers.Validator call]::[INFO]::[Call() starts : ]
[24-Apr-2017]::[11:57:38 PM]::[com.itd.efiling.itr.validation.helpers.Validator call]::[INFO]::[Call() ends time taken: 28  error count :0]
[24-Apr-2017]::[11:57:38 PM]::[com.itd.efiling.itr.a.a.e a]::[INFO]::[extension : .xml title : null type : true]
[24-Apr-2017]::[11:57:42 PM]::[com.itd.efiling.itr.common.util.f b]::[INFO]::[Before setDocument]
[24-Apr-2017]::[11:57:42 PM]::[com.itd.efiling.itr.common.util.f b]::[INFO]::[After setDocument[#document: null]]
[24-Apr-2017]::[11:57:42 PM]::[com.itd.efiling.itr.common.cachers.b a]::[INFO]::[flagtrue]
[24-Apr-2017]::[11:57:42 PM]::[com.itd.efiling.itr.common.cachers.b a]::[INFO]::[doc[#document: null]]
[24-Apr-2017]::[11:57:42 PM]::[com.itd.efiling.itr.common.cachers.b a]::[INFO]::[Inside deleteNodeGenerateXml]
[24-Apr-2017]::[11:57:42 PM]::[com.itd.efiling.itr.common.util.f b]::[INFO]::[FIELD_VALUE 269]
[24-Apr-2017]::[11:57:43 PM]::[com.itd.efiling.itr.common.util.f a]::[INFO]::[done with schema error; 0]
[24-Apr-2017]::[11:57:43 PM]::[com.itd.efiling.itr.common.util.f a]::[INFO]::[hash {} VRsoR5x3cxXXmI4mfRPUhclB+jyVwmfRswNpQfE6L68=]
[24-Apr-2017]::[11:57:43 PM]::[com.itd.efiling.itr.common.util.f a]::[INFO]::[Time taken to generate: 608 ms ]
[24-Apr-2017]::[11:58:16 PM]::[com.itd.efiling.itr.toolbar.b submit]::[INFO]::[validateITR starts]
[24-Apr-2017]::[11:58:16 PM]::[com.itd.efiling.itr.main.ctrl.a c]::[INFO]::[show validation]
[24-Apr-2017]::[11:58:16 PM]::[com.itd.efiling.itr.validation.helpers.Validator validateAll]::[INFO]::[Time taken in validateAll(): 0]
[24-Apr-2017]::[11:58:16 PM]::[com.itd.efiling.itr.validation.helpers.Validator call]::[INFO]::[Call() starts : ]
[24-Apr-2017]::[11:58:16 PM]::[com.itd.efiling.itr.validation.helpers.Validator call]::[INFO]::[Call() ends time taken: 30  error count :0]
[24-Apr-2017]::[11:58:16 PM]::[com.itd.efiling.itr.common.util.f b]::[INFO]::[Before setDocument]
[24-Apr-2017]::[11:58:16 PM]::[com.itd.efiling.itr.common.util.f b]::[INFO]::[After setDocument[#document: null]]
[24-Apr-2017]::[11:58:16 PM]::[com.itd.efiling.itr.common.cachers.b a]::[INFO]::[flagtrue]
[24-Apr-2017]::[11:58:16 PM]::[com.itd.efiling.itr.common.cachers.b a]::[INFO]::[doc[#document: null]]
[24-Apr-2017]::[11:58:16 PM]::[com.itd.efiling.itr.common.cachers.b a]::[INFO]::[Inside deleteNodeGenerateXml]
[24-Apr-2017]::[11:58:16 PM]::[com.itd.efiling.itr.common.util.f b]::[INFO]::[FIELD_VALUE 269]
[24-Apr-2017]::[11:58:16 PM]::[com.itd.efiling.itr.common.util.f a]::[INFO]::[done with schema error; 0]
[24-Apr-2017]::[11:58:16 PM]::[com.itd.efiling.itr.common.util.f a]::[INFO]::[hash {} VRsoR5x3cxXXmI4mfRPUhclB+jyVwmfRswNpQfE6L68=]
[24-Apr-2017]::[11:58:16 PM]::[com.itd.efiling.itr.common.util.f a]::[INFO]::[Time taken to generate: 333 ms ]
[24-Apr-2017]::[11:58:16 PM]::[com.itd.efiling.itr.a.a.a <init>]::[INFO]::[CommonDialog starts]
[24-Apr-2017]::[11:58:16 PM]::[com.itd.efiling.itr.a.a.n initialize]::[INFO]::[initialize submit itr starts]
[24-Apr-2017]::[11:58:16 PM]::[com.itd.efiling.itr.a.a.n initialize]::[INFO]::[Time taken to get the document 20]
[24-Apr-2017]::[11:58:16 PM]::[com.itd.efiling.itr.a.a.n initialize]::[INFO]::[Time taken to set the parameters0]
[24-Apr-2017]::[11:58:16 PM]::[com.itd.efiling.itr.a.a.n initialize]::[INFO]::[Time taken to enableSec44AB 1]
[24-Apr-2017]::[11:58:16 PM]::[com.itd.efiling.itr.a.a.n initialize]::[INFO]::[Time taken to addKeyEvent 3]
[24-Apr-2017]::[11:58:16 PM]::[com.itd.efiling.itr.a.a.n initialize]::[INFO]::[Time taken to hideDscRelated 0]
[24-Apr-2017]::[11:58:19 PM]::[com.itd.efiling.itr.b.a.n getKeyStoreAliases]::[INFO]::[set : []]
[24-Apr-2017]::[11:58:19 PM]::[com.itd.efiling.itr.a.a.n o]::[INFO]::[Time taken to initialize usb tokens2809]
[24-Apr-2017]::[11:58:19 PM]::[com.itd.efiling.itr.a.a.n initialize]::[INFO]::[Time taken to initUsbTokens 2810]
[24-Apr-2017]::[11:58:19 PM]::[com.itd.efiling.itr.a.a.a <init>]::[INFO]::[CommonDialog ends]
[24-Apr-2017]::[11:58:19 PM]::[com.itd.efiling.itr.a.a.n dscMandatory]::[INFO]::[dscMandatory starts::ITR-4]
[24-Apr-2017]::[11:58:19 PM]::[com.itd.efiling.itr.a.a.n dscMandatory]::[INFO]::[dscMandatory ends]
[24-Apr-2017]::[11:58:30 PM]::[com.itd.efiling.itr.a.a.n f]::[INFO]::[validateDSCKey ends with flag: true]
[24-Apr-2017]::[11:58:30 PM]::[com.itd.efiling.itr.webservice.a.f b]::[INFO]::[Thread call starts]
[24-Apr-2017]::[11:58:30 PM]::[com.itd.efiling.itr.webservice.a.f a]::[INFO]::[sendRequest starts]
[24-Apr-2017]::[11:58:30 PM]::[com.itd.efiling.itr.common.util.e getSecuredRequest]::[INFO]::[Before getting secured request]
[24-Apr-2017]::[11:58:30 PM]::[com.itd.efiling.itr.common.util.e getSecuredRequest]::[INFO]::[After getting secured request]
[24-Apr-2017]::[11:58:30 PM]::[com.itd.efiling.itr.common.util.c d]::[INFO]::[file : .\ITR]
[24-Apr-2017]::[11:58:30 PM]::[com.itd.efiling.itr.common.util.c d]::[INFO]::[file : .\ITR-4_AY201718_PR2.jar]
[24-Apr-2017]::[11:58:31 PM]::[com.itd.efiling.itr.webservice.a.f a]::[INFO]::[Soap fault: , errorNode: [soap:Fault: null]null]
[24-Apr-2017]::[11:58:31 PM]::[com.itd.efiling.itr.webservice.a.f b]::[INFO]::[Thread call ends : time taken: 535]
[24-Apr-2017]::[11:58:47 PM]::[com.itd.efiling.itr.a.a.n f]::[INFO]::[validateDSCKey ends with flag: true]
[24-Apr-2017]::[11:58:47 PM]::[com.itd.efiling.itr.webservice.a.f b]::[INFO]::[Thread call starts]
[24-Apr-2017]::[11:58:47 PM]::[com.itd.efiling.itr.webservice.a.f a]::[INFO]::[sendRequest starts]
[24-Apr-2017]::[11:58:47 PM]::[com.itd.efiling.itr.common.util.e getSecuredRequest]::[INFO]::[Before getting secured request]
[24-Apr-2017]::[11:58:47 PM]::[com.itd.efiling.itr.common.util.e getSecuredRequest]::[INFO]::[After getting secured request]
[24-Apr-2017]::[11:58:47 PM]::[com.itd.efiling.itr.common.util.c d]::[INFO]::[file : .\ITR]
[24-Apr-2017]::[11:58:47 PM]::[com.itd.efiling.itr.common.util.c d]::[INFO]::[file : .\ITR-4_AY201718_PR2.jar]
[24-Apr-2017]::[11:58:49 PM]::[com.itd.efiling.itr.webservice.a.f a]::[INFO]::[Soap fault: , errorNode: nullnull]
[24-Apr-2017]::[11:58:49 PM]::[com.itd.efiling.itr.webservice.a.f b]::[INFO]::[Thread call ends : time taken: 1714]
[24-Apr-2017]::[11:58:49 PM]::[com.itd.efiling.itr.a.a.n cancel]::[INFO]::[cancel caled]
[24-Apr-2017]::[11:58:49 PM]::[com.itd.efiling.itr.webservice.a.f b]::[INFO]::[Writing to file: C:\Users\TUSHAR~1\AppData\Local\Temp\ITRvFile9634702231713047278872128379.zip]
[24-Apr-2017]::[11:58:49 PM]::[com.itd.efiling.itr.a.a.a <init>]::[INFO]::[CommonDialog starts]
[24-Apr-2017]::[11:58:49 PM]::[com.itd.efiling.itr.a.a.l initialize]::[INFO]::[initialize starts]
[24-Apr-2017]::[11:58:49 PM]::[com.itd.efiling.itr.a.a.l b]::[INFO]::[loadITRVPage stats with transaction id 3855870047 ,email chavan.amol0@gmail.com]
[24-Apr-2017]::[11:58:49 PM]::[com.itd.efiling.itr.a.a.a <init>]::[INFO]::[CommonDialog ends]
[24-Apr-2017]::[11:58:49 PM]::[com.itd.efiling.itr.a.a.l a]::[INFO]::[saveIfNot after shows: ]
[24-Apr-2017]::[11:58:57 PM]::[com.itd.efiling.itr.toolbar.b prefill]::[INFO]::[prefill]
[24-Apr-2017]::[11:58:57 PM]::[com.itd.efiling.itr.a.a.a <init>]::[INFO]::[CommonDialog starts]
[24-Apr-2017]::[11:58:57 PM]::[com.itd.efiling.itr.a.a.a <init>]::[INFO]::[CommonDialog ends]
[24-Apr-2017]::[11:59:22 PM]::[com.itd.efiling.itr.a.a.f prefill]::[INFO]::[prefill caled]
[24-Apr-2017]::[11:59:22 PM]::[com.itd.efiling.itr.webservice.a.a b]::[INFO]::[call starts ]
[24-Apr-2017]::[11:59:22 PM]::[com.itd.efiling.itr.a.a.f prefill]::[INFO]::[prefill ends after starting thread: ]
[24-Apr-2017]::[11:59:22 PM]::[com.itd.efiling.itr.webservice.a.a c]::[INFO]::[sendRequest starts]
[24-Apr-2017]::[11:59:22 PM]::[com.itd.efiling.itr.common.util.e getSecuredRequest]::[INFO]::[Before getting secured request]
[24-Apr-2017]::[11:59:22 PM]::[com.itd.efiling.itr.common.util.e getSecuredRequest]::[INFO]::[After getting secured request]
[24-Apr-2017]::[11:59:22 PM]::[com.itd.efiling.itr.common.util.c d]::[INFO]::[file : .\ITR]
[24-Apr-2017]::[11:59:22 PM]::[com.itd.efiling.itr.common.util.c d]::[INFO]::[file : .\ITR-4_AY201718_PR2.jar]
[24-Apr-2017]::[11:59:22 PM]::[com.itd.efiling.itr.webservice.a.a c]::[INFO]::[Soap fault: null]
[24-Apr-2017]::[11:59:22 PM]::[com.itd.efiling.itr.webservice.a.a c]::[INFO]::[Soap errorNode : null]
[24-Apr-2017]::[11:59:22 PM]::[com.itd.efiling.itr.webservice.a.a c]::[INFO]::[sendrequest ends]
[24-Apr-2017]::[11:59:22 PM]::[com.itd.efiling.itr.webservice.a.a b]::[INFO]::[call ends Time taken:532]
[24-Apr-2017]::[11:59:22 PM]::[com.itd.efiling.itr.main.ctrl.g a]::[INFO]::[itrEngine alert: presInc44AD:254786]
[24-Apr-2017]::[11:59:22 PM]::[com.itd.efiling.itr.main.ctrl.g a]::[INFO]::[itrEngine alert: presInc44AD:254786]
[24-Apr-2017]::[11:59:22 PM]::[com.itd.efiling.itr.main.ctrl.g a]::[INFO]::[itrEngine alert: presInc44AD:254786]
[24-Apr-2017]::[11:59:22 PM]::[com.itd.efiling.itr.main.ctrl.g a]::[INFO]::[itrEngine alert: presInc44AD:254786]
[24-Apr-2017]::[11:59:22 PM]::[com.itd.efiling.itr.main.ctrl.g a]::[INFO]::[itrEngine alert: sec80GsysCalc:0]
[24-Apr-2017]::[11:59:22 PM]::[com.itd.efiling.itr.main.ctrl.g a]::[INFO]::[itrEngine alert: presInc44AD:254786]
[24-Apr-2017]::[11:59:23 PM]::[com.itd.efiling.itr.main.ctrl.g a]::[INFO]::[itrEngine alert: sec80GsysCalc:0]
[24-Apr-2017]::[11:59:23 PM]::[com.itd.efiling.itr.main.ctrl.g a]::[INFO]::[itrEngine alert: presInc44AD:254786]
[24-Apr-2017]::[11:59:23 PM]::[com.itd.efiling.itr.main.ctrl.g a]::[INFO]::[itrEngine alert: sec80GsysCalc:0]
[24-Apr-2017]::[11:59:23 PM]::[com.itd.efiling.itr.main.ctrl.g a]::[INFO]::[itrEngine alert: presInc44AD:254786]
[24-Apr-2017]::[11:59:23 PM]::[com.itd.efiling.itr.main.ctrl.g a]::[INFO]::[itrEngine alert: sec80GsysCalc:0]
[24-Apr-2017]::[11:59:23 PM]::[com.itd.efiling.itr.main.ctrl.g a]::[INFO]::[itrEngine alert: presInc44AD:254786]
[24-Apr-2017]::[11:59:23 PM]::[com.itd.efiling.itr.main.ctrl.g a]::[INFO]::[itrEngine alert: sec80GsysCalc:0]
[24-Apr-2017]::[11:59:23 PM]::[com.itd.efiling.itr.main.ctrl.g a]::[INFO]::[itrEngine alert: presInc44AD:254786]
[24-Apr-2017]::[11:59:23 PM]::[com.itd.efiling.itr.main.ctrl.g a]::[INFO]::[itrEngine alert: sec80GsysCalc:0]
[24-Apr-2017]::[11:59:23 PM]::[com.itd.efiling.itr.main.ctrl.g a]::[INFO]::[itrEngine alert: presInc44AD:254786]
[24-Apr-2017]::[11:59:23 PM]::[com.itd.efiling.itr.a.a.f cancel]::[INFO]::[cancel caled]
[24-Apr-2017]::[11:59:24 PM]::[com.itd.efiling.itr.webservice.a.d run]::[INFO]::[Prefill done successfully]
[25-Apr-2017]::[12:03:25 AM]::[com.itd.efiling.itr.main.ctrl.g a]::[INFO]::[itrEngine alert: sec80GsysCalc:0]
[25-Apr-2017]::[12:03:25 AM]::[com.itd.efiling.itr.main.ctrl.g a]::[INFO]::[itrEngine alert: presInc44AD:254786]
[25-Apr-2017]::[12:03:25 AM]::[com.itd.efiling.itr.main.ctrl.g a]::[INFO]::[itrEngine alert: sec80GsysCalc:0]
[25-Apr-2017]::[12:03:25 AM]::[com.itd.efiling.itr.main.ctrl.g a]::[INFO]::[itrEngine alert: presInc44AD:254786]
[25-Apr-2017]::[12:03:25 AM]::[com.itd.efiling.itr.main.ctrl.g a]::[INFO]::[itrEngine alert: sec80GsysCalc:0]
[25-Apr-2017]::[12:03:25 AM]::[com.itd.efiling.itr.main.ctrl.g a]::[INFO]::[itrEngine alert: presInc44AD:254786]
[25-Apr-2017]::[12:03:25 AM]::[com.itd.efiling.itr.main.ctrl.g a]::[INFO]::[itrEngine alert: sec80GsysCalc:0]
[25-Apr-2017]::[12:03:25 AM]::[com.itd.efiling.itr.main.ctrl.g a]::[INFO]::[itrEngine alert: presInc44AD:254786]
[25-Apr-2017]::[12:03:25 AM]::[com.itd.efiling.itr.main.ctrl.g a]::[INFO]::[itrEngine alert: sec80GsysCalc:0]
[25-Apr-2017]::[12:03:25 AM]::[com.itd.efiling.itr.main.ctrl.g a]::[INFO]::[itrEngine alert: presInc44AD:254786]
[25-Apr-2017]::[12:03:25 AM]::[com.itd.efiling.itr.main.ctrl.g a]::[INFO]::[itrEngine alert: sec80GsysCalc:0]
[25-Apr-2017]::[12:03:25 AM]::[com.itd.efiling.itr.main.ctrl.g a]::[INFO]::[itrEngine alert: presInc44AD:254786]
[25-Apr-2017]::[12:03:30 AM]::[com.itd.efiling.itr.main.ctrl.g a]::[INFO]::[itrEngine alert: sec80GsysCalc:0]
[25-Apr-2017]::[12:03:30 AM]::[com.itd.efiling.itr.main.ctrl.g a]::[INFO]::[itrEngine alert: presInc44AD:254786]
[25-Apr-2017]::[12:03:30 AM]::[com.itd.efiling.itr.main.ctrl.g a]::[INFO]::[itrEngine alert: sec80GsysCalc:0]
[25-Apr-2017]::[12:03:30 AM]::[com.itd.efiling.itr.main.ctrl.g a]::[INFO]::[itrEngine alert: presInc44AD:254786]
[25-Apr-2017]::[12:03:30 AM]::[com.itd.efiling.itr.main.ctrl.g a]::[INFO]::[itrEngine alert: sec80GsysCalc:0]
[25-Apr-2017]::[12:03:30 AM]::[com.itd.efiling.itr.main.ctrl.g a]::[INFO]::[itrEngine alert: presInc44AD:254786]
[25-Apr-2017]::[12:03:30 AM]::[com.itd.efiling.itr.main.ctrl.g a]::[INFO]::[itrEngine alert: sec80GsysCalc:0]
[25-Apr-2017]::[12:03:30 AM]::[com.itd.efiling.itr.main.ctrl.g a]::[INFO]::[itrEngine alert: presInc44AD:254786]
[25-Apr-2017]::[12:03:30 AM]::[com.itd.efiling.itr.main.ctrl.g a]::[INFO]::[itrEngine alert: sec80GsysCalc:0]
[25-Apr-2017]::[12:03:30 AM]::[com.itd.efiling.itr.main.ctrl.g a]::[INFO]::[itrEngine alert: presInc44AD:254786]
[25-Apr-2017]::[12:03:30 AM]::[com.itd.efiling.itr.main.ctrl.g a]::[INFO]::[itrEngine alert: sec80GsysCalc:0]
[25-Apr-2017]::[12:03:30 AM]::[com.itd.efiling.itr.main.ctrl.g a]::[INFO]::[itrEngine alert: presInc44AD:65789]
[25-Apr-2017]::[12:03:30 AM]::[com.itd.efiling.itr.main.ctrl.g a]::[INFO]::[itrEngine alert: sec80GsysCalc:0]
[25-Apr-2017]::[12:03:30 AM]::[com.itd.efiling.itr.main.ctrl.g a]::[INFO]::[itrEngine alert: presInc44AD:65789]
[25-Apr-2017]::[12:03:30 AM]::[com.itd.efiling.itr.main.ctrl.g a]::[INFO]::[itrEngine alert: presInc44AD:65789]
[25-Apr-2017]::[12:04:40 AM]::[com.itd.efiling.itr.main.ctrl.g a]::[INFO]::[itrEngine alert: sec80GsysCalc:0]
[25-Apr-2017]::[12:04:40 AM]::[com.itd.efiling.itr.main.ctrl.g a]::[INFO]::[itrEngine alert: presInc44AD:65789]
[25-Apr-2017]::[12:04:40 AM]::[com.itd.efiling.itr.main.ctrl.g a]::[INFO]::[itrEngine alert: sec80GsysCalc:0]
[25-Apr-2017]::[12:04:40 AM]::[com.itd.efiling.itr.main.ctrl.g a]::[INFO]::[itrEngine alert: presInc44AD:65789]
[25-Apr-2017]::[12:04:40 AM]::[com.itd.efiling.itr.main.ctrl.g a]::[INFO]::[itrEngine alert: sec80GsysCalc:0]
[25-Apr-2017]::[12:04:40 AM]::[com.itd.efiling.itr.main.ctrl.g a]::[INFO]::[itrEngine alert: presInc44AD:65789]
[25-Apr-2017]::[12:04:40 AM]::[com.itd.efiling.itr.main.ctrl.g a]::[INFO]::[itrEngine alert: sec80GsysCalc:0]
[25-Apr-2017]::[12:04:40 AM]::[com.itd.efiling.itr.main.ctrl.g a]::[INFO]::[itrEngine alert: presInc44AD:65789]
[25-Apr-2017]::[12:04:40 AM]::[com.itd.efiling.itr.main.ctrl.g a]::[INFO]::[itrEngine alert: sec80GsysCalc:0]
[25-Apr-2017]::[12:04:40 AM]::[com.itd.efiling.itr.main.ctrl.g a]::[INFO]::[itrEngine alert: presInc44AD:65789]
[25-Apr-2017]::[12:04:40 AM]::[com.itd.efiling.itr.main.ctrl.g a]::[INFO]::[itrEngine alert: sec80GsysCalc:0]
[25-Apr-2017]::[12:04:40 AM]::[com.itd.efiling.itr.main.ctrl.g a]::[INFO]::[itrEngine alert: presInc44AD:65789]
[25-Apr-2017]::[12:05:26 AM]::[com.itd.efiling.itr.main.ctrl.g a]::[INFO]::[itrEngine alert: sec80GsysCalc:0]
[25-Apr-2017]::[12:05:26 AM]::[com.itd.efiling.itr.main.ctrl.g a]::[INFO]::[itrEngine alert: presInc44AD:65789]
[25-Apr-2017]::[12:05:26 AM]::[com.itd.efiling.itr.main.ctrl.g a]::[INFO]::[itrEngine alert: sec80GsysCalc:0]
[25-Apr-2017]::[12:05:26 AM]::[com.itd.efiling.itr.main.ctrl.g a]::[INFO]::[itrEngine alert: presInc44AD:65789]
[25-Apr-2017]::[12:05:26 AM]::[com.itd.efiling.itr.main.ctrl.g a]::[INFO]::[itrEngine alert: sec80GsysCalc:0]
[25-Apr-2017]::[12:05:26 AM]::[com.itd.efiling.itr.main.ctrl.g a]::[INFO]::[itrEngine alert: presInc44AD:65789]
[25-Apr-2017]::[12:05:26 AM]::[com.itd.efiling.itr.main.ctrl.g a]::[INFO]::[itrEngine alert: sec80GsysCalc:0]
[25-Apr-2017]::[12:05:26 AM]::[com.itd.efiling.itr.main.ctrl.g a]::[INFO]::[itrEngine alert: presInc44AD:65789]
[25-Apr-2017]::[12:05:26 AM]::[com.itd.efiling.itr.main.ctrl.g a]::[INFO]::[itrEngine alert: sec80GsysCalc:0]
[25-Apr-2017]::[12:05:26 AM]::[com.itd.efiling.itr.main.ctrl.g a]::[INFO]::[itrEngine alert: presInc44AD:65789]
[25-Apr-2017]::[12:05:26 AM]::[com.itd.efiling.itr.main.ctrl.g a]::[INFO]::[itrEngine alert: sec80GsysCalc:0]
[25-Apr-2017]::[12:05:26 AM]::[com.itd.efiling.itr.main.ctrl.g a]::[INFO]::[itrEngine alert: presInc44AD:65789]
[25-Apr-2017]::[12:06:19 AM]::[com.itd.efiling.itr.common.util.JavaScriptFunctions getBankName]::[INFO]::[ifsc isMDCB]
[25-Apr-2017]::[12:08:05 AM]::[com.itd.efiling.itr.toolbar.b submit]::[INFO]::[validateITR starts]
[25-Apr-2017]::[12:08:05 AM]::[com.itd.efiling.itr.main.ctrl.a c]::[INFO]::[show validation]
[25-Apr-2017]::[12:08:05 AM]::[com.itd.efiling.itr.validation.helpers.Validator validateAll]::[INFO]::[Time taken in validateAll(): 0]
[25-Apr-2017]::[12:08:05 AM]::[com.itd.efiling.itr.validation.helpers.Validator call]::[INFO]::[Call() starts : ]
[25-Apr-2017]::[12:08:06 AM]::[com.itd.efiling.itr.validation.helpers.Validator call]::[INFO]::[Call() ends time taken: 37  error count :0]
[25-Apr-2017]::[12:08:06 AM]::[com.itd.efiling.itr.common.util.f b]::[INFO]::[Before setDocument]
[25-Apr-2017]::[12:08:06 AM]::[com.itd.efiling.itr.common.util.f b]::[INFO]::[After setDocument[#document: null]]
[25-Apr-2017]::[12:08:06 AM]::[com.itd.efiling.itr.common.cachers.b a]::[INFO]::[flagtrue]
[25-Apr-2017]::[12:08:06 AM]::[com.itd.efiling.itr.common.cachers.b a]::[INFO]::[doc[#document: null]]
[25-Apr-2017]::[12:08:06 AM]::[com.itd.efiling.itr.common.cachers.b a]::[INFO]::[Inside deleteNodeGenerateXml]
[25-Apr-2017]::[12:08:06 AM]::[com.itd.efiling.itr.common.util.f b]::[INFO]::[FIELD_VALUE 269]
[25-Apr-2017]::[12:08:06 AM]::[com.itd.efiling.itr.common.util.f a]::[INFO]::[done with schema error; 0]
[25-Apr-2017]::[12:08:06 AM]::[com.itd.efiling.itr.common.util.f a]::[INFO]::[hash {} YIQl0oYGRjdW5wX+aQoOeZKxnJaprVTiQ+4KwyvgI3M=]
[25-Apr-2017]::[12:08:06 AM]::[com.itd.efiling.itr.common.util.f a]::[INFO]::[Time taken to generate: 694 ms ]
[25-Apr-2017]::[12:08:06 AM]::[com.itd.efiling.itr.a.a.a <init>]::[INFO]::[CommonDialog starts]
[25-Apr-2017]::[12:08:07 AM]::[com.itd.efiling.itr.a.a.n initialize]::[INFO]::[initialize submit itr starts]
[25-Apr-2017]::[12:08:07 AM]::[com.itd.efiling.itr.a.a.n initialize]::[INFO]::[Time taken to get the document 14]
[25-Apr-2017]::[12:08:07 AM]::[com.itd.efiling.itr.a.a.n initialize]::[INFO]::[Time taken to set the parameters0]
[25-Apr-2017]::[12:08:07 AM]::[com.itd.efiling.itr.a.a.n initialize]::[INFO]::[Time taken to enableSec44AB 1]
[25-Apr-2017]::[12:08:07 AM]::[com.itd.efiling.itr.a.a.n initialize]::[INFO]::[Time taken to addKeyEvent 0]
[25-Apr-2017]::[12:08:07 AM]::[com.itd.efiling.itr.a.a.n initialize]::[INFO]::[Time taken to hideDscRelated 0]
[25-Apr-2017]::[12:08:07 AM]::[com.itd.efiling.itr.b.a.n getKeyStoreAliases]::[INFO]::[set : []]
[25-Apr-2017]::[12:08:07 AM]::[com.itd.efiling.itr.a.a.n o]::[INFO]::[Time taken to initialize usb tokens205]
[25-Apr-2017]::[12:08:07 AM]::[com.itd.efiling.itr.a.a.n initialize]::[INFO]::[Time taken to initUsbTokens 206]
[25-Apr-2017]::[12:08:07 AM]::[com.itd.efiling.itr.a.a.a <init>]::[INFO]::[CommonDialog ends]
[25-Apr-2017]::[12:08:07 AM]::[com.itd.efiling.itr.a.a.n dscMandatory]::[INFO]::[dscMandatory starts::ITR-4]
[25-Apr-2017]::[12:08:07 AM]::[com.itd.efiling.itr.a.a.n dscMandatory]::[INFO]::[dscMandatory ends]
[25-Apr-2017]::[12:08:50 AM]::[com.itd.efiling.itr.a.a.n cancel]::[INFO]::[cancel caled]
[25-Apr-2017]::[12:08:52 AM]::[com.itd.efiling.itr.toolbar.b validateAndSaveFile]::[INFO]::[validateAndSaveFile ]
[25-Apr-2017]::[12:08:52 AM]::[com.itd.efiling.itr.main.ctrl.a c]::[INFO]::[show validation]
[25-Apr-2017]::[12:08:52 AM]::[com.itd.efiling.itr.validation.helpers.Validator validateAll]::[INFO]::[Time taken in validateAll(): 0]
[25-Apr-2017]::[12:08:52 AM]::[com.itd.efiling.itr.validation.helpers.Validator call]::[INFO]::[Call() starts : ]
[25-Apr-2017]::[12:08:52 AM]::[com.itd.efiling.itr.validation.helpers.Validator call]::[INFO]::[Call() ends time taken: 27  error count :0]
[25-Apr-2017]::[12:08:52 AM]::[com.itd.efiling.itr.a.a.e a]::[INFO]::[extension : .xml title : null type : true]
[25-Apr-2017]::[12:08:57 AM]::[com.itd.efiling.itr.common.util.f b]::[INFO]::[Before setDocument]
[25-Apr-2017]::[12:08:57 AM]::[com.itd.efiling.itr.common.util.f b]::[INFO]::[After setDocument[#document: null]]
[25-Apr-2017]::[12:08:57 AM]::[com.itd.efiling.itr.common.cachers.b a]::[INFO]::[flagtrue]
[25-Apr-2017]::[12:08:57 AM]::[com.itd.efiling.itr.common.cachers.b a]::[INFO]::[doc[#document: null]]
[25-Apr-2017]::[12:08:57 AM]::[com.itd.efiling.itr.common.cachers.b a]::[INFO]::[Inside deleteNodeGenerateXml]
[25-Apr-2017]::[12:08:57 AM]::[com.itd.efiling.itr.common.util.f b]::[INFO]::[FIELD_VALUE 269]
[25-Apr-2017]::[12:08:57 AM]::[com.itd.efiling.itr.common.util.f a]::[INFO]::[done with schema error; 0]
[25-Apr-2017]::[12:08:57 AM]::[com.itd.efiling.itr.common.util.f a]::[INFO]::[hash {} YIQl0oYGRjdW5wX+aQoOeZKxnJaprVTiQ+4KwyvgI3M=]
[25-Apr-2017]::[12:08:57 AM]::[com.itd.efiling.itr.common.util.f a]::[INFO]::[Time taken to generate: 521 ms ]
[25-Apr-2017]::[12:09:02 AM]::[com.itd.efiling.itr.common.dialog.o a]::[INFO]::[Inside  closeUtility]
[25-Apr-2017]::[12:09:04 AM]::[com.itd.efiling.itr.main.ctrl.h a]::[INFO]::[ Close Event WindowEvent [source = javafx.stage.Stage@1a689e8, target = javafx.stage.Stage@1a689e8, eventType = WINDOW_CLOSE_REQUEST, consumed = false]]
