[17-Jan-2018]::[8:28:39 AM]::[com.itd.efiling.offline.common.player.ctrl.a initialize]::[INFO]::[msgContainer : VBox[id=msgContainer] scrollPane ScrollPane[id=formContainer, styleClass=scroll-pane]]
[17-Jan-2018]::[8:28:41 AM]::[com.itd.efiling.offline.form15g.ctrl.Form15GView <init>]::[INFO]::[Before loading fxmlLoader.....]
[17-Jan-2018]::[8:28:43 AM]::[com.itd.efiling.offline.form15g.ctrl.Form15GView <init>]::[INFO]::[After loading fxmlLoader.....]
[17-Jan-2018]::[8:28:52 AM]::[com.itd.efiling.offline.common.validation.a.b a]::[INFO]::[VALIDATORS_TYPE_MAP 19]
[17-Jan-2018]::[8:28:52 AM]::[com.itd.efiling.offline.common.validation.a.a a]::[INFO]::[FIELD_VALIDATORS_MAP 39]
[17-Jan-2018]::[8:28:52 AM]::[com.itd.efiling.offline.common.i.a.b setErrorMessages]::[INFO]::[Error While executeOnChangeMethod for onChangeMethodName ... onChangeMode]
[17-Jan-2018]::[8:28:52 AM]::[com.itd.efiling.offline.common.i.a.b setErrorMessages]::[SEVERE]::[com.itd.efiling.offline.form15g.a.a.a.onChangeMode(com.itd.efiling.offline.javafx.ui.components.n)]
java.lang.NoSuchMethodException: com.itd.efiling.offline.form15g.a.a.a.onChangeMode(com.itd.efiling.offline.javafx.ui.components.n)
	at java.lang.Class.getMethod(Unknown Source)
	at com.itd.efiling.offline.common.i.a.b.setErrorMessages(Unknown Source)
	at com.itd.efiling.offline.common.i.a.b.<clinit>(Unknown Source)
	at com.itd.efiling.offline.common.i.a.a.a(Unknown Source)
	at com.itd.efiling.offline.javafx.ui.components.b.a(Unknown Source)
	at com.itd.efiling.offline.javafx.ui.components.b.changed(Unknown Source)
	at com.sun.javafx.binding.ExpressionHelper$Generic.fireValueChangedEvent(ExpressionHelper.java:361)
	at com.sun.javafx.binding.ExpressionHelper.fireValueChangedEvent(ExpressionHelper.java:81)
	at javafx.beans.property.ReadOnlyBooleanPropertyBase.fireValueChangedEvent(ReadOnlyBooleanPropertyBase.java:72)
	at javafx.scene.Node$FocusedProperty.notifyListeners(Node.java:7720)
	at javafx.scene.Scene$13.invalidated(Scene.java:2077)
	at javafx.beans.property.ObjectPropertyBase.markInvalid(ObjectPropertyBase.java:111)
	at javafx.beans.property.ObjectPropertyBase.set(ObjectPropertyBase.java:146)
	at javafx.scene.Scene$KeyHandler.setFocusOwner(Scene.java:3924)
	at javafx.scene.Scene$KeyHandler.requestFocus(Scene.java:3971)
	at javafx.scene.Scene$KeyHandler.access$1900(Scene.java:3910)
	at javafx.scene.Scene.requestFocus(Scene.java:2044)
	at javafx.scene.Node.requestFocus(Node.java:7881)
	at com.sun.javafx.scene.traversal.TopMostTraversalEngine.focusAndNotify(TopMostTraversalEngine.java:110)
	at com.sun.javafx.scene.traversal.TopMostTraversalEngine.trav(TopMostTraversalEngine.java:104)
	at javafx.scene.Scene.traverse(Scene.java:2005)
	at javafx.scene.Node.impl_traverse(Node.java:7899)
	at com.sun.javafx.scene.control.behavior.BehaviorBase.traverse(BehaviorBase.java:284)
	at com.sun.javafx.scene.control.behavior.BehaviorBase.traverseNext(BehaviorBase.java:324)
	at com.sun.javafx.scene.control.behavior.TextInputControlBehavior.callAction(TextInputControlBehavior.java:195)
	at com.sun.javafx.scene.control.behavior.BehaviorBase.callActionForEvent(BehaviorBase.java:218)
	at com.sun.javafx.scene.control.behavior.TextInputControlBehavior.callActionForEvent(TextInputControlBehavior.java:127)
	at com.sun.javafx.scene.control.behavior.BehaviorBase.lambda$new$74(BehaviorBase.java:135)
	at com.sun.javafx.event.CompositeEventHandler$NormalEventHandlerRecord.handleBubblingEvent(CompositeEventHandler.java:218)
	at com.sun.javafx.event.CompositeEventHandler.dispatchBubblingEvent(CompositeEventHandler.java:80)
	at com.sun.javafx.event.EventHandlerManager.dispatchBubblingEvent(EventHandlerManager.java:238)
	at com.sun.javafx.event.EventHandlerManager.dispatchBubblingEvent(EventHandlerManager.java:191)
	at com.sun.javafx.event.CompositeEventDispatcher.dispatchBubblingEvent(CompositeEventDispatcher.java:59)
	at com.sun.javafx.event.BasicEventDispatcher.dispatchEvent(BasicEventDispatcher.java:58)
	at com.sun.javafx.event.EventDispatchChainImpl.dispatchEvent(EventDispatchChainImpl.java:114)
	at com.sun.javafx.event.BasicEventDispatcher.dispatchEvent(BasicEventDispatcher.java:56)
	at com.sun.javafx.event.EventDispatchChainImpl.dispatchEvent(EventDispatchChainImpl.java:114)
	at com.sun.javafx.event.BasicEventDispatcher.dispatchEvent(BasicEventDispatcher.java:56)
	at com.sun.javafx.event.EventDispatchChainImpl.dispatchEvent(EventDispatchChainImpl.java:114)
	at com.sun.javafx.event.BasicEventDispatcher.dispatchEvent(BasicEventDispatcher.java:56)
	at com.sun.javafx.event.EventDispatchChainImpl.dispatchEvent(EventDispatchChainImpl.java:114)
	at com.sun.javafx.event.BasicEventDispatcher.dispatchEvent(BasicEventDispatcher.java:56)
	at com.sun.javafx.event.EventDispatchChainImpl.dispatchEvent(EventDispatchChainImpl.java:114)
	at com.sun.javafx.event.BasicEventDispatcher.dispatchEvent(BasicEventDispatcher.java:56)
	at com.sun.javafx.event.EventDispatchChainImpl.dispatchEvent(EventDispatchChainImpl.java:114)
	at com.sun.javafx.event.BasicEventDispatcher.dispatchEvent(BasicEventDispatcher.java:56)
	at com.sun.javafx.event.EventDispatchChainImpl.dispatchEvent(EventDispatchChainImpl.java:114)
	at com.sun.javafx.event.EventUtil.fireEventImpl(EventUtil.java:74)
	at com.sun.javafx.event.EventUtil.fireEvent(EventUtil.java:54)
	at javafx.event.Event.fireEvent(Event.java:198)
	at javafx.scene.Scene$KeyHandler.process(Scene.java:3964)
	at javafx.scene.Scene$KeyHandler.access$1800(Scene.java:3910)
	at javafx.scene.Scene.impl_processKeyEvent(Scene.java:2040)
	at javafx.scene.Scene$ScenePeerListener.keyEvent(Scene.java:2501)
	at com.sun.javafx.tk.quantum.GlassViewEventHandler$KeyEventNotification.run(GlassViewEventHandler.java:217)
	at com.sun.javafx.tk.quantum.GlassViewEventHandler$KeyEventNotification.run(GlassViewEventHandler.java:149)
	at java.security.AccessController.doPrivileged(Native Method)
	at com.sun.javafx.tk.quantum.GlassViewEventHandler.lambda$handleKeyEvent$352(GlassViewEventHandler.java:248)
	at com.sun.javafx.tk.quantum.QuantumToolkit.runWithoutRenderLock(QuantumToolkit.java:389)
	at com.sun.javafx.tk.quantum.GlassViewEventHandler.handleKeyEvent(GlassViewEventHandler.java:247)
	at com.sun.glass.ui.View.handleKeyEvent(View.java:546)
	at com.sun.glass.ui.View.notifyKey(View.java:966)
	at com.sun.glass.ui.win.WinApplication._runLoop(Native Method)
	at com.sun.glass.ui.win.WinApplication.lambda$null$147(WinApplication.java:177)
	at java.lang.Thread.run(Unknown Source)

[17-Jan-2018]::[8:28:52 AM]::[com.itd.efiling.offline.common.i.a.b setErrorMessages]::[INFO]::[Error While executeOnChangeMethod for onChangeMethodName ... test]
[17-Jan-2018]::[8:28:52 AM]::[com.itd.efiling.offline.common.i.a.b setErrorMessages]::[SEVERE]::[com.itd.efiling.offline.form15g.a.a.a.test(com.itd.efiling.offline.javafx.ui.components.n)]
java.lang.NoSuchMethodException: com.itd.efiling.offline.form15g.a.a.a.test(com.itd.efiling.offline.javafx.ui.components.n)
	at java.lang.Class.getMethod(Unknown Source)
	at com.itd.efiling.offline.common.i.a.b.setErrorMessages(Unknown Source)
	at com.itd.efiling.offline.common.i.a.b.<clinit>(Unknown Source)
	at com.itd.efiling.offline.common.i.a.a.a(Unknown Source)
	at com.itd.efiling.offline.javafx.ui.components.b.a(Unknown Source)
	at com.itd.efiling.offline.javafx.ui.components.b.changed(Unknown Source)
	at com.sun.javafx.binding.ExpressionHelper$Generic.fireValueChangedEvent(ExpressionHelper.java:361)
	at com.sun.javafx.binding.ExpressionHelper.fireValueChangedEvent(ExpressionHelper.java:81)
	at javafx.beans.property.ReadOnlyBooleanPropertyBase.fireValueChangedEvent(ReadOnlyBooleanPropertyBase.java:72)
	at javafx.scene.Node$FocusedProperty.notifyListeners(Node.java:7720)
	at javafx.scene.Scene$13.invalidated(Scene.java:2077)
	at javafx.beans.property.ObjectPropertyBase.markInvalid(ObjectPropertyBase.java:111)
	at javafx.beans.property.ObjectPropertyBase.set(ObjectPropertyBase.java:146)
	at javafx.scene.Scene$KeyHandler.setFocusOwner(Scene.java:3924)
	at javafx.scene.Scene$KeyHandler.requestFocus(Scene.java:3971)
	at javafx.scene.Scene$KeyHandler.access$1900(Scene.java:3910)
	at javafx.scene.Scene.requestFocus(Scene.java:2044)
	at javafx.scene.Node.requestFocus(Node.java:7881)
	at com.sun.javafx.scene.traversal.TopMostTraversalEngine.focusAndNotify(TopMostTraversalEngine.java:110)
	at com.sun.javafx.scene.traversal.TopMostTraversalEngine.trav(TopMostTraversalEngine.java:104)
	at javafx.scene.Scene.traverse(Scene.java:2005)
	at javafx.scene.Node.impl_traverse(Node.java:7899)
	at com.sun.javafx.scene.control.behavior.BehaviorBase.traverse(BehaviorBase.java:284)
	at com.sun.javafx.scene.control.behavior.BehaviorBase.traverseNext(BehaviorBase.java:324)
	at com.sun.javafx.scene.control.behavior.TextInputControlBehavior.callAction(TextInputControlBehavior.java:195)
	at com.sun.javafx.scene.control.behavior.BehaviorBase.callActionForEvent(BehaviorBase.java:218)
	at com.sun.javafx.scene.control.behavior.TextInputControlBehavior.callActionForEvent(TextInputControlBehavior.java:127)
	at com.sun.javafx.scene.control.behavior.BehaviorBase.lambda$new$74(BehaviorBase.java:135)
	at com.sun.javafx.event.CompositeEventHandler$NormalEventHandlerRecord.handleBubblingEvent(CompositeEventHandler.java:218)
	at com.sun.javafx.event.CompositeEventHandler.dispatchBubblingEvent(CompositeEventHandler.java:80)
	at com.sun.javafx.event.EventHandlerManager.dispatchBubblingEvent(EventHandlerManager.java:238)
	at com.sun.javafx.event.EventHandlerManager.dispatchBubblingEvent(EventHandlerManager.java:191)
	at com.sun.javafx.event.CompositeEventDispatcher.dispatchBubblingEvent(CompositeEventDispatcher.java:59)
	at com.sun.javafx.event.BasicEventDispatcher.dispatchEvent(BasicEventDispatcher.java:58)
	at com.sun.javafx.event.EventDispatchChainImpl.dispatchEvent(EventDispatchChainImpl.java:114)
	at com.sun.javafx.event.BasicEventDispatcher.dispatchEvent(BasicEventDispatcher.java:56)
	at com.sun.javafx.event.EventDispatchChainImpl.dispatchEvent(EventDispatchChainImpl.java:114)
	at com.sun.javafx.event.BasicEventDispatcher.dispatchEvent(BasicEventDispatcher.java:56)
	at com.sun.javafx.event.EventDispatchChainImpl.dispatchEvent(EventDispatchChainImpl.java:114)
	at com.sun.javafx.event.BasicEventDispatcher.dispatchEvent(BasicEventDispatcher.java:56)
	at com.sun.javafx.event.EventDispatchChainImpl.dispatchEvent(EventDispatchChainImpl.java:114)
	at com.sun.javafx.event.BasicEventDispatcher.dispatchEvent(BasicEventDispatcher.java:56)
	at com.sun.javafx.event.EventDispatchChainImpl.dispatchEvent(EventDispatchChainImpl.java:114)
	at com.sun.javafx.event.BasicEventDispatcher.dispatchEvent(BasicEventDispatcher.java:56)
	at com.sun.javafx.event.EventDispatchChainImpl.dispatchEvent(EventDispatchChainImpl.java:114)
	at com.sun.javafx.event.BasicEventDispatcher.dispatchEvent(BasicEventDispatcher.java:56)
	at com.sun.javafx.event.EventDispatchChainImpl.dispatchEvent(EventDispatchChainImpl.java:114)
	at com.sun.javafx.event.EventUtil.fireEventImpl(EventUtil.java:74)
	at com.sun.javafx.event.EventUtil.fireEvent(EventUtil.java:54)
	at javafx.event.Event.fireEvent(Event.java:198)
	at javafx.scene.Scene$KeyHandler.process(Scene.java:3964)
	at javafx.scene.Scene$KeyHandler.access$1800(Scene.java:3910)
	at javafx.scene.Scene.impl_processKeyEvent(Scene.java:2040)
	at javafx.scene.Scene$ScenePeerListener.keyEvent(Scene.java:2501)
	at com.sun.javafx.tk.quantum.GlassViewEventHandler$KeyEventNotification.run(GlassViewEventHandler.java:217)
	at com.sun.javafx.tk.quantum.GlassViewEventHandler$KeyEventNotification.run(GlassViewEventHandler.java:149)
	at java.security.AccessController.doPrivileged(Native Method)
	at com.sun.javafx.tk.quantum.GlassViewEventHandler.lambda$handleKeyEvent$352(GlassViewEventHandler.java:248)
	at com.sun.javafx.tk.quantum.QuantumToolkit.runWithoutRenderLock(QuantumToolkit.java:389)
	at com.sun.javafx.tk.quantum.GlassViewEventHandler.handleKeyEvent(GlassViewEventHandler.java:247)
	at com.sun.glass.ui.View.handleKeyEvent(View.java:546)
	at com.sun.glass.ui.View.notifyKey(View.java:966)
	at com.sun.glass.ui.win.WinApplication._runLoop(Native Method)
	at com.sun.glass.ui.win.WinApplication.lambda$null$147(WinApplication.java:177)
	at java.lang.Thread.run(Unknown Source)

[17-Jan-2018]::[8:29:02 AM]::[com.itd.efiling.offline.common.k.g a]::[INFO]::[extension : .csv title : Open]
[17-Jan-2018]::[8:29:10 AM]::[com.itd.efiling.offline.javafx.ui.components.g importCsv]::[INFO]::[records com.itd.efiling.offline.common.c.b.d@7e9678]
[17-Jan-2018]::[8:29:10 AM]::[com.itd.efiling.offline.common.c.a.a.a a]::[INFO]::[IMPORT_CSV_DTL_MAPPINGS 2]
[17-Jan-2018]::[8:29:10 AM]::[com.itd.efiling.offline.javafx.ui.components.g importCsv]::[INFO]::[importCsvMappings 27]
[17-Jan-2018]::[8:29:13 AM]::[javafx.scene.CssStyleHelper calculateValue]::[WARNING]::[Could not resolve '-fx-focused-base' while resolving lookups for '-fx-text-fill' from rule '*.button' in stylesheet jar:file:/C:/Program%20Files/Java/jre1.8.0_151/lib/ext/jfxrt.jar!/com/sun/javafx/scene/control/skin/modena/modena.bss]
[17-Jan-2018]::[8:29:15 AM]::[com.itd.efiling.offline.common.k.g a]::[INFO]::[extension : .csv title : Open]
[17-Jan-2018]::[8:29:21 AM]::[com.itd.efiling.offline.common.k.g a]::[INFO]::[extension : .draft title : XML file]
[17-Jan-2018]::[8:29:31 AM]::[com.itd.efiling.offline.common.player.ctrl.a validate]::[INFO]::[Start validate]
[17-Jan-2018]::[8:29:31 AM]::[com.itd.efiling.offline.common.validation.validators.ChildListValidator validate]::[INFO]::[list 2]
[17-Jan-2018]::[8:29:31 AM]::[com.itd.efiling.offline.common.validation.validators.ChildListValidator validate]::[INFO]::[keyParentSet size is {}2]
[17-Jan-2018]::[8:29:31 AM]::[com.itd.efiling.offline.common.validation.validators.ChildListValidator validate]::[INFO]::[keyChildSet size is {}2]
[17-Jan-2018]::[8:29:31 AM]::[com.itd.efiling.offline.common.validation.validators.ValidationUtil validateTableOnSave]::[INFO]::[Form.getForm() : Form15GView@b69d54 :: class com.itd.efiling.offline.form15g.ctrl.b]
[17-Jan-2018]::[8:29:31 AM]::[com.itd.efiling.offline.common.validation.validators.ValidationUtil validateTableOnSave]::[INFO]::[Form.getForm() : Form15GView@b69d54 :: class com.itd.efiling.offline.form15g.ctrl.a]
[17-Jan-2018]::[8:29:31 AM]::[com.itd.efiling.offline.form15g.ctrl.a getParentObject]::[INFO]::[part1 : com.itd.efiling.offline.form15g.model.i@e8606a]
[17-Jan-2018]::[8:29:31 AM]::[com.itd.efiling.offline.form15g.ctrl.a getParentObject]::[INFO]::[part1 : com.itd.efiling.offline.form15g.model.i@e8606a]
[17-Jan-2018]::[8:29:31 AM]::[com.itd.efiling.offline.form15g.ctrl.a getParentObject]::[INFO]::[part1 : com.itd.efiling.offline.form15g.model.i@1965035]
[17-Jan-2018]::[8:29:31 AM]::[com.itd.efiling.offline.form15g.ctrl.a getParentObject]::[INFO]::[part1 : com.itd.efiling.offline.form15g.model.i@1965035]
[17-Jan-2018]::[8:29:31 AM]::[com.itd.efiling.offline.common.player.ctrl.a validate]::[INFO]::[End validate]
[17-Jan-2018]::[8:29:35 AM]::[com.itd.efiling.offline.common.player.ctrl.a validate]::[INFO]::[Start validate]
[17-Jan-2018]::[8:29:35 AM]::[com.itd.efiling.offline.common.validation.validators.ChildListValidator validate]::[INFO]::[list 2]
[17-Jan-2018]::[8:29:35 AM]::[com.itd.efiling.offline.common.validation.validators.ChildListValidator validate]::[INFO]::[keyParentSet size is {}2]
[17-Jan-2018]::[8:29:35 AM]::[com.itd.efiling.offline.common.validation.validators.ChildListValidator validate]::[INFO]::[keyChildSet size is {}2]
[17-Jan-2018]::[8:29:35 AM]::[com.itd.efiling.offline.common.validation.validators.ValidationUtil validateTableOnSave]::[INFO]::[Form.getForm() : Form15GView@b69d54 :: class com.itd.efiling.offline.form15g.ctrl.b]
[17-Jan-2018]::[8:29:35 AM]::[com.itd.efiling.offline.common.validation.validators.ValidationUtil validateTableOnSave]::[INFO]::[Form.getForm() : Form15GView@b69d54 :: class com.itd.efiling.offline.form15g.ctrl.a]
[17-Jan-2018]::[8:29:35 AM]::[com.itd.efiling.offline.form15g.ctrl.a getParentObject]::[INFO]::[part1 : com.itd.efiling.offline.form15g.model.i@e8606a]
[17-Jan-2018]::[8:29:35 AM]::[com.itd.efiling.offline.form15g.ctrl.a getParentObject]::[INFO]::[part1 : com.itd.efiling.offline.form15g.model.i@e8606a]
[17-Jan-2018]::[8:29:35 AM]::[com.itd.efiling.offline.form15g.ctrl.a getParentObject]::[INFO]::[part1 : com.itd.efiling.offline.form15g.model.i@1965035]
[17-Jan-2018]::[8:29:35 AM]::[com.itd.efiling.offline.form15g.ctrl.a getParentObject]::[INFO]::[part1 : com.itd.efiling.offline.form15g.model.i@1965035]
[17-Jan-2018]::[8:29:35 AM]::[com.itd.efiling.offline.common.player.ctrl.a validate]::[INFO]::[End validate]
[17-Jan-2018]::[8:29:37 AM]::[com.itd.efiling.offline.common.k.g a]::[INFO]::[extension : .zip title : ZIP file]
[17-Jan-2018]::[8:29:51 AM]::[com.itd.efiling.offline.common.dialog.o a]::[INFO]::[Inside  closeUtility]
[17-Jan-2018]::[8:29:53 AM]::[com.itd.efiling.offline.common.player.ctrl.f a]::[INFO]::[ Close Event WindowEvent [source = javafx.stage.Stage@575e40, target = javafx.stage.Stage@575e40, eventType = WINDOW_CLOSE_REQUEST, consumed = false]]
