[30-Jun-2016]::[9:23:47 AM]::[INFO]::[init starts]
[30-Jun-2016]::[9:23:47 AM]::[INFO]::[ITRConfigUtil.getConfigURL(): java.io.FileInputStream@1e98832]
[30-Jun-2016]::[9:23:47 AM]::[INFO]::[url jar:file:/E:/Business/Ravindra%20Bhosale/AY%202015-16/Return/ITR-1_2015/ITR-1_AY201516_PR7.jar!/META-INF/MANIFEST.MF]
[30-Jun-2016]::[9:23:47 AM]::[INFO]::[2015-16 :: ITR-1 :: 1.0]
[30-Jun-2016]::[9:23:48 AM]::[INFO]::[init ends in 598 ms.]
[30-Jun-2016]::[9:23:48 AM]::[INFO]::[MainLoader start method starts]
[30-Jun-2016]::[9:23:49 AM]::[INFO]::[Before Validating fileListCommonScript ]
[30-Jun-2016]::[9:23:49 AM]::[INFO]::[Before Validating fileListItrAy ]
[30-Jun-2016]::[9:23:49 AM]::[INFO]::[Before Validating fileListConfig ]
[30-Jun-2016]::[9:23:50 AM]::[INFO]::[Before Validating verifySignature ]
[30-Jun-2016]::[9:23:50 AM]::[INFO]::[verifies : true]
[30-Jun-2016]::[9:23:50 AM]::[INFO]::[Is utiltity valid ::true]
[30-Jun-2016]::[9:23:50 AM]::[INFO]::[openNewITR starts with values: asstYear:2015-16,itr:ITR-1,ver:1.0,importXml:null]
[30-Jun-2016]::[9:23:50 AM]::[INFO]::[Opening ITR: ITR-1 For AsstYear: 2015-16]
[30-Jun-2016]::[9:23:50 AM]::[INFO]::[generateCopy starts]
[30-Jun-2016]::[9:23:50 AM]::[INFO]::[initialize starts]
[30-Jun-2016]::[9:23:50 AM]::[INFO]::[initialize ends]
[30-Jun-2016]::[9:23:50 AM]::[INFO]::[hideShowValidation starts]
[30-Jun-2016]::[9:23:50 AM]::[INFO]::[webViewActWidth in: 1079.14,vboxActWidth:  232.22000000000003,mainController.windowWidth: 1366.0]
[30-Jun-2016]::[9:23:50 AM]::[INFO]::[hide validation]
[30-Jun-2016]::[9:23:50 AM]::[INFO]::[hideShowValidation ends]
[30-Jun-2016]::[9:23:51 AM]::[INFO]::[Time taken in openNewITR(): 927]
[30-Jun-2016]::[9:23:51 AM]::[INFO]::[calculateITR starts]
[30-Jun-2016]::[9:23:51 AM]::[INFO]::[calculateITR ok starts]
[30-Jun-2016]::[9:23:51 AM]::[INFO]::[mainController.windowWidth new : 1366.0]
[30-Jun-2016]::[9:23:51 AM]::[INFO]::[MainLoader start method ends. Time taken: 3282]
[30-Jun-2016]::[9:23:53 AM]::[INFO]::[javascript: to run: ]
[30-Jun-2016]::[9:23:53 AM]::[INFO]::[time taken in changed : 600]
[30-Jun-2016]::[9:23:56 AM]::[INFO]::[importXmlDialog starts]
[30-Jun-2016]::[9:24:17 AM]::[INFO]::[openNewITR starts with values: asstYear:2015-16,itr:ITR-1,ver:1.0,importXml:E:\Business\Ravindra Bhosale\AY 2015-16\ITR AY 2015-16 NOT SIGNED.xml]
[30-Jun-2016]::[9:24:17 AM]::[INFO]::[Opening ITR: ITR-1 For AsstYear: 2015-16]
[30-Jun-2016]::[9:24:17 AM]::[INFO]::[generateCopy starts]
[30-Jun-2016]::[9:24:17 AM]::[INFO]::[hideShowValidation starts]
[30-Jun-2016]::[9:24:17 AM]::[INFO]::[show validation]
[30-Jun-2016]::[9:24:17 AM]::[INFO]::[hideShowValidation ends]
[30-Jun-2016]::[9:24:17 AM]::[INFO]::[Time taken in openNewITR(): 106]
[30-Jun-2016]::[9:24:17 AM]::[INFO]::[importXmlDialog ends]
[30-Jun-2016]::[9:24:18 AM]::[INFO]::[IMPORT_HTML_FIELD_VALUE: {itr1.creationInfo.swCreatedBy=[SW10000002], itr1.creationInfo.xmlCreationDate=[30/06/2016], itr1.formITR1.formName=[ITR-1], itr1.formITR1.schemaVer=[Ver1.0], itr1.formITR1.formVer=[Ver1.0], itr1.personalInfo.assesseeName.firstName=[RAVINDRA], itr1.personalInfo.assesseeName.middleName=[DHONDIRAM], itr1.personalInfo.assesseeName.surNameOrOrgName=[BHOSALE], itr1.personalInfo.pan=[ALXPB6162G], itr1.personalInfo.address.residenceNo=[C O WHITE HOUSE], itr1.personalInfo.address.residenceName=[A 603 PL 45 46 SECT 36], itr1.personalInfo.address.roadOrStreet=[SILVER PARK], itr1.personalInfo.address.localityOrArea=[KAMOTHE], itr1.personalInfo.address.cityOrTownOrDistrict=[PANVEL RAIGAD], itr1.personalInfo.address.stateCode=[19], itr1.personalInfo.address.country=[91], itr1.personalInfo.address.pinCode=[410209], itr1.personalInfo.address.mobileNo=[9619156719], itr1.personalInfo.address.emailAddress=[tusharmohite0@gmail.com], itr1.personalInfo.dob=[15/07/1976], itr1.personalInfo.employerCategory=[NA], itr1.personalInfo.gender=[M], itr1.personalInfo.status=[I], itr1.filingStatus.adharNoOption=[Y], itr1.filingStatus.adharNumber=[592989647588], itr1.filingStatus.returnFileSec=[12], itr1.filingStatus.returnType=[O], itr1.filingStatus.residentialStatus=[RES], itr1.filingStatus.taxStatus=[TR], itr1.filingStatus.portugeseCC5A=[N], itr1.itr1IncomeDeductions.incomeFromSal=[0], itr1.itr1IncomeDeductions.typeOfHP=[S], itr1.itr1IncomeDeductions.totalIncomeOfHP=[0], itr1.itr1IncomeDeductions.incomeOthSrc=[125732], itr1.itr1IncomeDeductions.grossTotIncome=[125732], itr1.itr1IncomeDeductions.usrDeductUndChapVIA.section80C_Usr=[0], itr1.itr1IncomeDeductions.usrDeductUndChapVIA.section80CCC_Usr=[0], itr1.itr1IncomeDeductions.usrDeductUndChapVIA.section80CCD_Usr=[0], itr1.itr1IncomeDeductions.usrDeductUndChapVIA.section80CCDEmployer_Usr=[0], itr1.itr1IncomeDeductions.usrDeductUndChapVIA.section80D_Usr=[0], itr1.itr1IncomeDeductions.usrDeductUndChapVIA.section80DD_Usr=[0], itr1.itr1IncomeDeductions.usrDeductUndChapVIA.section80DDB_Usr=[0], itr1.itr1IncomeDeductions.usrDeductUndChapVIA.section80E_Usr=[0], itr1.itr1IncomeDeductions.usrDeductUndChapVIA.section80EE_Usr=[0], itr1.itr1IncomeDeductions.usrDeductUndChapVIA.section80G_Usr=[0], itr1.itr1IncomeDeductions.usrDeductUndChapVIA.section80GG_Usr=[0], itr1.itr1IncomeDeductions.usrDeductUndChapVIA.section80GGA_Usr=[0], itr1.itr1IncomeDeductions.usrDeductUndChapVIA.section80GGC_Usr=[0], itr1.itr1IncomeDeductions.usrDeductUndChapVIA.section80U_Usr=[0], itr1.itr1IncomeDeductions.usrDeductUndChapVIA.section80RRB_Usr=[0], itr1.itr1IncomeDeductions.usrDeductUndChapVIA.section80QQB_Usr=[0], itr1.itr1IncomeDeductions.usrDeductUndChapVIA.section80CCG_Usr=[0], itr1.itr1IncomeDeductions.usrDeductUndChapVIA.section80TTA_Usr=[0], itr1.itr1IncomeDeductions.usrDeductUndChapVIA.totalChapVIADeductions_Usr=[0], itr1.itr1IncomeDeductions.deductUndChapVIA.section80C=[0], itr1.itr1IncomeDeductions.deductUndChapVIA.section80CCC=[0], itr1.itr1IncomeDeductions.deductUndChapVIA.section80CCD=[0], itr1.itr1IncomeDeductions.deductUndChapVIA.section80CCDEmployer=[0], itr1.itr1IncomeDeductions.deductUndChapVIA.section80D=[0], itr1.itr1IncomeDeductions.deductUndChapVIA.section80DD=[0], itr1.itr1IncomeDeductions.deductUndChapVIA.section80DDB=[0], itr1.itr1IncomeDeductions.deductUndChapVIA.section80E=[0], itr1.itr1IncomeDeductions.deductUndChapVIA.section80EE=[0], itr1.itr1IncomeDeductions.deductUndChapVIA.section80G=[0], itr1.itr1IncomeDeductions.deductUndChapVIA.section80GG=[0], itr1.itr1IncomeDeductions.deductUndChapVIA.section80GGA=[0], itr1.itr1IncomeDeductions.deductUndChapVIA.section80GGC=[0], itr1.itr1IncomeDeductions.deductUndChapVIA.section80U=[0], itr1.itr1IncomeDeductions.deductUndChapVIA.section80RRB=[0], itr1.itr1IncomeDeductions.deductUndChapVIA.section80QQB=[0], itr1.itr1IncomeDeductions.deductUndChapVIA.section80CCG=[0], itr1.itr1IncomeDeductions.deductUndChapVIA.section80TTA=[0], itr1.itr1IncomeDeductions.deductUndChapVIA.totalChapVIADeductions=[0], itr1.itr1IncomeDeductions.totalIncome=[125730], itr1.itr1TaxComputationOnline.totalTaxPayable=[0], itr1.itr1TaxComputationOnline.rebate87A=[0], itr1.itr1TaxComputationOnline.taxPayableOnRebate=[0], itr1.itr1TaxComputationOnline.surchargeOnAboveCrore=[0], itr1.itr1TaxComputationOnline.educationCess=[0], itr1.itr1TaxComputationOnline.grossTaxLiability=[0], itr1.itr1TaxComputationOnline.section89=[0], itr1.itr1TaxComputationOnline.netTaxLiability=[0], itr1.itr1TaxComputationOnline.totalIntrstPay=[0], itr1.itr1TaxComputationOnline.intrstPay.intrstPayUs234A=[0], itr1.itr1TaxComputationOnline.intrstPay.intrstPayUs234B=[0], itr1.itr1TaxComputationOnline.intrstPay.intrstPayUs234C=[0], itr1.itr1TaxComputationOnline.totTaxPlusIntrstPay=[0], itr1.taxPaid.taxesPaid.advanceTax=[0], itr1.taxPaid.taxesPaid.tds=[6539], itr1.taxPaid.taxesPaid.selfAssessmentTax=[0], itr1.taxPaid.taxesPaid.totalTaxesPaid=[6539], itr1.taxPaid.balTaxPayable=[0], itr1.refund.refundDue=[6540], itr1.refund.depositToBankAccount.iFSCCode=[ANDB0001650], itr1.refund.depositToBankAccount.bankName=[Andhra Bank], itr1.refund.bankAccountNumber=[165010100002120], itr1.refund.depositToBankAccount.bankAccountType=[SAV], itr1.scheduleBA[0].ifscCode=[ANDB0001650], itr1.scheduleBA[0].bankName=[Andhra Bank], itr1.scheduleBA[0].accNo=[165011100000247], itr1.scheduleBA[0].bankAccType=[CUR], itr1.scheduleBA.noOfBankAcc=[2], itr1.tdSonOthThanSals.tdSonOthThanSal[0].employerOrDeductorOrCollectDetl.tan=[MUMU05151G], itr1.tdSonOthThanSals.tdSonOthThanSal[1].employerOrDeductorOrCollectDetl.tan=[MUMA35747F], itr1.tdSonOthThanSals.tdSonOthThanSal[0].employerOrDeductorOrCollectDetl.employerOrDeductorOrCollecterName=[AXIS BANK LIMITED], itr1.tdSonOthThanSals.tdSonOthThanSal[1].employerOrDeductorOrCollectDetl.employerOrDeductorOrCollecterName=[ANDHRA BANK (KAMOTHE)], itr1.tdSonOthThanSals.tdSonOthThanSal[0].deductedYr=[2014], itr1.tdSonOthThanSals.tdSonOthThanSal[1].deductedYr=[2014], itr1.tdSonOthThanSals.tdSonOthThanSal[0].totTDSOnAmtPaid=[6539], itr1.tdSonOthThanSals.tdSonOthThanSal[1].totTDSOnAmtPaid=[0], itr1.tdSonOthThanSals.tdSonOthThanSal[0].claimOutOfTotTDSOnAmtPaid=[6539], itr1.tdSonOthThanSals.tdSonOthThanSal[1].claimOutOfTotTDSOnAmtPaid=[0], itr1.tdSonOthThanSals.tdSonOthThanSal.claimOutOfTotTDSOnAmtPaid=[6539], itr1.verification.declaration.assesseeVerName=[RAVINDRA DHONDIRAM BHOSALE], itr1.verification.declaration.fatherName=[DHONDIRAM JIJABA BHOSALE], itr1.verification.declaration.assesseeVerPAN=[ALXPB6162G], itr1.verification.place=[MUMBAI], itr1.verification.date=[30/06/2016]}]
[30-Jun-2016]::[9:24:18 AM]::[SEVERE]::[Error in setValuesSingle: itr1.creationInfo.swCreatedBy val:SW10000002, index:0]
[30-Jun-2016]::[9:24:18 AM]::[SEVERE]::[Error in setValuesSingle: itr1.formITR1.formName val:ITR-1, index:0]
[30-Jun-2016]::[9:24:18 AM]::[SEVERE]::[Error in setValuesSingle: itr1.formITR1.schemaVer val:Ver1.0, index:0]
[30-Jun-2016]::[9:24:18 AM]::[SEVERE]::[Error in setValuesSingle: itr1.formITR1.formVer val:Ver1.0, index:0]
[30-Jun-2016]::[9:24:18 AM]::[INFO]::[time taken in importxml function: 231]
[30-Jun-2016]::[9:24:18 AM]::[INFO]::[javascript: to run: ]
[30-Jun-2016]::[9:24:18 AM]::[INFO]::[time taken in changed : 519]
[30-Jun-2016]::[9:24:40 AM]::[INFO]::[show validation]
[30-Jun-2016]::[9:24:40 AM]::[INFO]::[Time taken in validateAll(): 0]
[30-Jun-2016]::[9:24:40 AM]::[INFO]::[No validation for field: itr1.creationInfo.xmlCreationDate]
[30-Jun-2016]::[9:24:40 AM]::[INFO]::[No validation for field: totalPage]
[30-Jun-2016]::[9:24:40 AM]::[INFO]::[No validation for field: returnType]
[30-Jun-2016]::[9:24:40 AM]::[INFO]::[No validation for field: customReturnType]
[30-Jun-2016]::[9:24:40 AM]::[INFO]::[No validation for field: ]
[30-Jun-2016]::[9:24:40 AM]::[INFO]::[No validation for field: itr1.currentPage]
[30-Jun-2016]::[9:24:40 AM]::[INFO]::[No validation for field: itr1.filingStatus.adharNoOption]
[30-Jun-2016]::[9:24:40 AM]::[INFO]::[No validation for field: itr1.itr1TaxComputationOnline.surchargeOnTaxPayable]
[30-Jun-2016]::[9:24:40 AM]::[INFO]::[No validation for field: itr1.tdSonSalaries.tdSonSalary[0].employerOrDeductorOrCollectDetl.chosenCheckBox]
[30-Jun-2016]::[9:24:40 AM]::[INFO]::[No validation for field: __checkbox_itr1.tdSonSalaries.tdSonSalary[0].employerOrDeductorOrCollectDetl.chosenCheckBox]
[30-Jun-2016]::[9:24:40 AM]::[INFO]::[No validation for field: itr1.tdSonSalaries.tdSonSalary.totalTaxDeducted]
[30-Jun-2016]::[9:24:40 AM]::[INFO]::[No validation for field: Count_SCH_TDS1]
[30-Jun-2016]::[9:24:40 AM]::[INFO]::[No validation for field: itr1.tdSonOthThanSals.tdSonOthThanSal[0].employerOrDeductorOrCollectDetl.chosenCheckBox]
[30-Jun-2016]::[9:24:40 AM]::[INFO]::[No validation for field: __checkbox_itr1.tdSonOthThanSals.tdSonOthThanSal[0].employerOrDeductorOrCollectDetl.chosenCheckBox]
[30-Jun-2016]::[9:24:40 AM]::[INFO]::[No validation for field: itr1.tdSonOthThanSals.tdSonOthThanSal[1].employerOrDeductorOrCollectDetl.chosenCheckBox]
[30-Jun-2016]::[9:24:40 AM]::[INFO]::[No validation for field: __checkbox_itr1.tdSonOthThanSals.tdSonOthThanSal[1].employerOrDeductorOrCollectDetl.chosenCheckBox]
[30-Jun-2016]::[9:24:40 AM]::[INFO]::[No validation for field: itr1.tdSonOthThanSals.tdSonOthThanSal.claimOutOfTotTDSOnAmtPaid]
[30-Jun-2016]::[9:24:40 AM]::[INFO]::[No validation for field: itr1.taxPayments.taxPayment[0].chosenCheckBox]
[30-Jun-2016]::[9:24:40 AM]::[INFO]::[No validation for field: __checkbox_itr1.taxPayments.taxPayment[0].chosenCheckBox]
[30-Jun-2016]::[9:24:40 AM]::[INFO]::[No validation for field: itr1.scheduleIT.taxPayment.amt]
[30-Jun-2016]::[9:24:40 AM]::[INFO]::[No validation for field: itr4S.us44aeHeavy[0].chosenCheckBox]
[30-Jun-2016]::[9:24:40 AM]::[INFO]::[No validation for field: __checkbox_itr4S.us44aeHeavy[0].chosenCheckBox]
[30-Jun-2016]::[9:24:40 AM]::[INFO]::[No validation for field: Count_SCH_IT]
[30-Jun-2016]::[9:24:40 AM]::[INFO]::[No validation for field: itr1.schedule80G.don100Percent.doneeWithPan[0].chosenCheckBox]
[30-Jun-2016]::[9:24:40 AM]::[INFO]::[No validation for field: __checkbox_itr1.schedule80G.don100Percent.doneeWithPan[0].chosenCheckBox]
[30-Jun-2016]::[9:24:40 AM]::[INFO]::[No validation for field: itr1.schedule80G.don100Percent.doneeWithPan[0].eligibleDonationAmt]
[30-Jun-2016]::[9:24:40 AM]::[INFO]::[No validation for field: itr1.schedule80G.don100Percent.totDon100Percent]
[30-Jun-2016]::[9:24:40 AM]::[INFO]::[No validation for field: itr1.schedule80G.don100Percent.totEligibleDon100Percent]
[30-Jun-2016]::[9:24:40 AM]::[INFO]::[No validation for field: itr1.schedule80G.don50PercentNoApprReqd.doneeWithPan[0].chosenCheckBox]
[30-Jun-2016]::[9:24:40 AM]::[INFO]::[No validation for field: __checkbox_itr1.schedule80G.don50PercentNoApprReqd.doneeWithPan[0].chosenCheckBox]
[30-Jun-2016]::[9:24:40 AM]::[INFO]::[No validation for field: itr1.schedule80G.don50PercentNoApprReqd.doneeWithPan[0].eligibleDonationAmt]
[30-Jun-2016]::[9:24:40 AM]::[INFO]::[No validation for field: itr1.schedule80G.don50PercentNoApprReqd.totDon50PercentNoApprReqd]
[30-Jun-2016]::[9:24:40 AM]::[INFO]::[No validation for field: itr1.schedule80G.don50PercentNoApprReqd.totEligibleDon50Percent]
[30-Jun-2016]::[9:24:40 AM]::[INFO]::[No validation for field: itr1.schedule80G.don100PercentApprReqd.doneeWithPan[0].chosenCheckBox]
[30-Jun-2016]::[9:24:40 AM]::[INFO]::[No validation for field: __checkbox_itr1.schedule80G.don100PercentApprReqd.doneeWithPan[0].chosenCheckBox]
[30-Jun-2016]::[9:24:40 AM]::[INFO]::[No validation for field: itr1.schedule80G.don100PercentApprReqd.doneeWithPan[0].eligibleDonationAmt]
[30-Jun-2016]::[9:24:40 AM]::[INFO]::[No validation for field: itr1.schedule80G.don100PercentApprReqd.totDon100PercentApprReqd]
[30-Jun-2016]::[9:24:40 AM]::[INFO]::[No validation for field: itr1.schedule80G.don100PercentApprReqd.totEligibleDon100PercentApprReqd]
[30-Jun-2016]::[9:24:40 AM]::[INFO]::[No validation for field: itr1.schedule80G.don50PercentApprReqd.doneeWithPan[0].chosenCheckBox]
[30-Jun-2016]::[9:24:40 AM]::[INFO]::[No validation for field: __checkbox_itr1.schedule80G.don50PercentApprReqd.doneeWithPan[0].chosenCheckBox]
[30-Jun-2016]::[9:24:40 AM]::[INFO]::[No validation for field: itr1.schedule80G.don50PercentApprReqd.doneeWithPan[0].eligibleDonationAmt]
[30-Jun-2016]::[9:24:40 AM]::[INFO]::[No validation for field: itr1.schedule80G.don50PercentApprReqd.totDon50PercentApprReqd]
[30-Jun-2016]::[9:24:40 AM]::[INFO]::[No validation for field: itr1.schedule80G.don50PercentApprReqd.totEligibleDon50PercentApprReqd]
[30-Jun-2016]::[9:24:40 AM]::[INFO]::[Call() ends time taken: 77  error count :0]
[30-Jun-2016]::[9:24:40 AM]::[INFO]::[submit itr starts]
[30-Jun-2016]::[9:24:40 AM]::[INFO]::[Time taken to start generateXml(): 27]
[30-Jun-2016]::[9:24:40 AM]::[INFO]::[modifyXmlDoc starts  name: itr1.tdSonOthThanSals.tdSonOthThanSal[1].employerOrDeductorOrCollectDetl.tan,xpathStr:/ITRETURN:ITR/ITR1FORM:ITR1/ITRForm:TDSonOthThanSals/ITRForm:TDSonOthThanSal[2]/ITRForm:EmployerOrDeductorOrCollectDetl/ITRForm:TAN,currList length:0]
[30-Jun-2016]::[9:24:40 AM]::[INFO]::[modifyXmlDoc starts  name: itr1.tdSonOthThanSals.tdSonOthThanSal[1].employerOrDeductorOrCollectDetl.employerOrDeductorOrCollecterName,xpathStr:/ITRETURN:ITR/ITR1FORM:ITR1/ITRForm:TDSonOthThanSals/ITRForm:TDSonOthThanSal[2]/ITRForm:EmployerOrDeductorOrCollectDetl/ITRForm:EmployerOrDeductorOrCollecterName,currList length:1]
[30-Jun-2016]::[9:24:40 AM]::[INFO]::[modifyXmlDoc starts  name: itr1.tdSonOthThanSals.tdSonOthThanSal[1].uniqueTDSCerNo,xpathStr:/ITRETURN:ITR/ITR1FORM:ITR1/ITRForm:TDSonOthThanSals/ITRForm:TDSonOthThanSal[2]/ITRForm:UniqueTDSCerNo,currList length:1]
[30-Jun-2016]::[9:24:40 AM]::[INFO]::[modifyXmlDoc starts  name: itr1.tdSonOthThanSals.tdSonOthThanSal[1].deductedYr,xpathStr:/ITRETURN:ITR/ITR1FORM:ITR1/ITRForm:TDSonOthThanSals/ITRForm:TDSonOthThanSal[2]/ITRForm:DeductedYr,currList length:1]
[30-Jun-2016]::[9:24:40 AM]::[INFO]::[modifyXmlDoc starts  name: itr1.tdSonOthThanSals.tdSonOthThanSal[1].totTDSOnAmtPaid,xpathStr:/ITRETURN:ITR/ITR1FORM:ITR1/ITRForm:TDSonOthThanSals/ITRForm:TDSonOthThanSal[2]/ITRForm:TotTDSOnAmtPaid,currList length:1]
[30-Jun-2016]::[9:24:40 AM]::[INFO]::[modifyXmlDoc starts  name: itr1.tdSonOthThanSals.tdSonOthThanSal[1].claimOutOfTotTDSOnAmtPaid,xpathStr:/ITRETURN:ITR/ITR1FORM:ITR1/ITRForm:TDSonOthThanSals/ITRForm:TDSonOthThanSal[2]/ITRForm:ClaimOutOfTotTDSOnAmtPaid,currList length:1]
[30-Jun-2016]::[9:24:40 AM]::[INFO]::[modifyXmlDoc starts  name: itr1.tdSonOthThanSals.tdSonOthThanSal[1].amtClaimedBySpouse,xpathStr:/ITRETURN:ITR/ITR1FORM:ITR1/ITRForm:TDSonOthThanSals/ITRForm:TDSonOthThanSal[2]/ITRForm:AmtClaimedBySpouse,currList length:1]
[30-Jun-2016]::[9:24:40 AM]::[INFO]::[outputfilePathC:\Users\TUSHAR~1\AppData\Local\Temp\ITR165646287325799775023082083.xml,generateXmlFlag: true]
[30-Jun-2016]::[9:24:41 AM]::[INFO]::[done with schema error; 0]
[30-Jun-2016]::[9:24:41 AM]::[INFO]::[Time taken to generate: 561]
[30-Jun-2016]::[9:24:41 AM]::[INFO]::[modifyXmlDoc starts  name: itr1.tdSonOthThanSals.tdSonOthThanSal[1].employerOrDeductorOrCollectDetl.tan,xpathStr:/ITRETURN:ITR/ITR1FORM:ITR1/ITRForm:TDSonOthThanSals/ITRForm:TDSonOthThanSal[2]/ITRForm:EmployerOrDeductorOrCollectDetl/ITRForm:TAN,currList length:0]
[30-Jun-2016]::[9:24:41 AM]::[INFO]::[modifyXmlDoc starts  name: itr1.tdSonOthThanSals.tdSonOthThanSal[1].employerOrDeductorOrCollectDetl.employerOrDeductorOrCollecterName,xpathStr:/ITRETURN:ITR/ITR1FORM:ITR1/ITRForm:TDSonOthThanSals/ITRForm:TDSonOthThanSal[2]/ITRForm:EmployerOrDeductorOrCollectDetl/ITRForm:EmployerOrDeductorOrCollecterName,currList length:1]
[30-Jun-2016]::[9:24:41 AM]::[INFO]::[modifyXmlDoc starts  name: itr1.tdSonOthThanSals.tdSonOthThanSal[1].uniqueTDSCerNo,xpathStr:/ITRETURN:ITR/ITR1FORM:ITR1/ITRForm:TDSonOthThanSals/ITRForm:TDSonOthThanSal[2]/ITRForm:UniqueTDSCerNo,currList length:1]
[30-Jun-2016]::[9:24:41 AM]::[INFO]::[modifyXmlDoc starts  name: itr1.tdSonOthThanSals.tdSonOthThanSal[1].deductedYr,xpathStr:/ITRETURN:ITR/ITR1FORM:ITR1/ITRForm:TDSonOthThanSals/ITRForm:TDSonOthThanSal[2]/ITRForm:DeductedYr,currList length:1]
[30-Jun-2016]::[9:24:41 AM]::[INFO]::[modifyXmlDoc starts  name: itr1.tdSonOthThanSals.tdSonOthThanSal[1].totTDSOnAmtPaid,xpathStr:/ITRETURN:ITR/ITR1FORM:ITR1/ITRForm:TDSonOthThanSals/ITRForm:TDSonOthThanSal[2]/ITRForm:TotTDSOnAmtPaid,currList length:1]
[30-Jun-2016]::[9:24:41 AM]::[INFO]::[modifyXmlDoc starts  name: itr1.tdSonOthThanSals.tdSonOthThanSal[1].claimOutOfTotTDSOnAmtPaid,xpathStr:/ITRETURN:ITR/ITR1FORM:ITR1/ITRForm:TDSonOthThanSals/ITRForm:TDSonOthThanSal[2]/ITRForm:ClaimOutOfTotTDSOnAmtPaid,currList length:1]
[30-Jun-2016]::[9:24:41 AM]::[INFO]::[modifyXmlDoc starts  name: itr1.tdSonOthThanSals.tdSonOthThanSal[1].amtClaimedBySpouse,xpathStr:/ITRETURN:ITR/ITR1FORM:ITR1/ITRForm:TDSonOthThanSals/ITRForm:TDSonOthThanSal[2]/ITRForm:AmtClaimedBySpouse,currList length:1]
[30-Jun-2016]::[9:24:41 AM]::[INFO]::[initialize submit itr starts]
[30-Jun-2016]::[9:24:44 AM]::[INFO]::[tokenList: {BHOSALE RAVINDRA D=uma [issuedTo=CN=BHOSALE RAVINDRA D, SERIALNUMBER=5a70ff06822f82c4b8a69dfb7ca32649eb644c61585bbcfd647aed3f76853e51, ST=Maharashtra, OID.2.5.4.17=410218, OID.2.5.4.20=20f21dbdd91aaca5b706ef003519b101856897e96bb8ddb921b7d03efa385616, O="Personal , CID - 4331759", C=IN, issuedBy=CN=(n)Code Solutions CA 2014, OID.2.5.4.51="301, GNFC Infotower", STREET="Bodakdev, S G Road, Ahmedabad", ST=Gujarat, OID.2.5.4.17=380054, OU=Certifying Authority, O=Gujarat Narmada Valley Fertilizers and Chemicals Limited, C=IN, validForm=Wed Jun 29 15:12:19 IST 2016, validTill=Fri Jun 29 15:30:58 IST 2018]}]
[30-Jun-2016]::[9:24:44 AM]::[INFO]::[dscMandatory starts::ITR-1]
[30-Jun-2016]::[9:24:44 AM]::[INFO]::[dscMandatory ends]
[30-Jun-2016]::[9:25:41 AM]::[INFO]::[url: https://www.google.co.in timeout: 30000]
[30-Jun-2016]::[9:25:42 AM]::[INFO]::[usb token selected]
[30-Jun-2016]::[9:25:53 AM]::[INFO]::[validateDSCKey ends with flag: true]
[30-Jun-2016]::[9:25:53 AM]::[INFO]::[file : .\ITR]
[30-Jun-2016]::[9:25:53 AM]::[INFO]::[file : .\ITR-1_AY201516_PR7.jar]
[30-Jun-2016]::[9:25:53 AM]::[INFO]::[hash : 77DCAF5D01AED0693A0FFE79453A7D8A2A0DB3656B5F055C3E0AB5AF59A630F6]
[30-Jun-2016]::[9:25:53 AM]::[INFO]::[submitHash : 6B9C78BEF58457B0066D77A34A1BB7E49630377E37B6A0D7F0F37F968E7C69BD]
[30-Jun-2016]::[9:25:53 AM]::[INFO]::[webservie url: https://incometaxindiaefiling.gov.in/e-FilingWS/ditws]
[30-Jun-2016]::[9:25:53 AM]::[INFO]::[Thread call starts]
[30-Jun-2016]::[9:25:53 AM]::[INFO]::[sendRequest starts]
[30-Jun-2016]::[9:25:58 AM]::[INFO]::[Soap fault: null]
[30-Jun-2016]::[9:25:58 AM]::[INFO]::[ackNo: 225085441300616 ,transactionId:3057919073,emailId:tusharmohite0@gmail.com]
[30-Jun-2016]::[9:25:58 AM]::[INFO]::[cancel caled]
[30-Jun-2016]::[9:25:58 AM]::[INFO]::[Thread call ends : time taken: 4687]
[30-Jun-2016]::[9:25:58 AM]::[INFO]::[Writing to file: C:\Users\TUSHAR~1\AppData\Local\Temp\ITRvFile-5926092909087176369009216844.zip]
[30-Jun-2016]::[9:25:58 AM]::[INFO]::[initialize starts]
[30-Jun-2016]::[9:25:58 AM]::[INFO]::[loadITRVPage stats with transaction id 3057919073 ,email tusharmohite0@gmail.com]
