detecting proxies
proxy type: DIRECT
No Proxy
onlineservices.tin.egov-nsdl.com
the proxy validator is true
detecting proxies
proxy type: DIRECT
No Proxy
onlineservices.tin.egov-nsdl.com
--result--6.0^2.156^2.1288
FVU_Electronic_after2010116.0
FVU_Electronic_before2010112.156
FVU_Paper2.1288
FVU path: C:\\Users\\VISHAL\\Desktop\\Data0\\TDS\\FY 2017-18\\AIR\\CORRECTION OF DEMAND 54\\TESTING1\\MO026Q2Cerror.txt
--TO CHECK FVU VERSION-- 4.5
Inside RPU func
Inside RPU func 1
Thje cons File name is 74
The 20 digit Hash code is  00000000000081781581
The Hash value in file 00000000000081781581
The upload type CThe Cons hash in file 00000000000081781581-
In else part of is cons valid
To Continue 0
