The part added gets called returns true for value TaxPro e-TDS 2018
BATCH VALIDATION STARTED
................ 2
................ 2
................ 2
................ 2
isFinYrGrtrthn:- true
 PersonResponsilblePAN :: ABJPG0168K
PersonResponsilblePAN.trim().length() ::10
................ 2
................ 2
................ 2
................ 2
isFinYrGrtrthn:- true
 PersonResponsilblePAN :: ABJPG0168K
PersonResponsilblePAN.trim().length() ::10
Validating Challan 1
Validating Challan For Batch Number3
Value of forCSIfile  :: false
TanNameFromTxtFile ::  MAJOR SUBSTATION DIVISION   TanNameFromCSIFile :: null
TanFromTxtFile ::  PNEM07924A   TanFromCSIFile  :: null
 STARTING DEDUTEE VALIDATION FOR CHALLAN 1
RateAtWhichTaxDeducted^
RateAtWhichTaxDeducted^
RateAtWhichTaxDeducted^
RateAtWhichTaxDeducted^
RateAtWhichTaxDeducted^
RateAtWhichTaxDeducted^
RateAtWhichTaxDeducted^
RateAtWhichTaxDeducted^
RateAtWhichTaxDeducted^
RateAtWhichTaxDeducted^
RateAtWhichTaxDeducted^
RateAtWhichTaxDeducted^
RateAtWhichTaxDeducted^
RateAtWhichTaxDeducted^
RateAtWhichTaxDeducted^
RateAtWhichTaxDeducted^
RateAtWhichTaxDeducted^
RateAtWhichTaxDeducted^
RateAtWhichTaxDeducted^
RateAtWhichTaxDeducted^
RateAtWhichTaxDeducted^
RateAtWhichTaxDeducted^
RateAtWhichTaxDeducted^
RateAtWhichTaxDeducted^
RateAtWhichTaxDeducted^
RateAtWhichTaxDeducted^
RateAtWhichTaxDeducted^
RateAtWhichTaxDeducted^
RateAtWhichTaxDeducted^
RateAtWhichTaxDeducted^
RateAtWhichTaxDeducted^
RateAtWhichTaxDeducted^
RateAtWhichTaxDeducted^
RateAtWhichTaxDeducted^
RateAtWhichTaxDeducted^
RateAtWhichTaxDeducted^
RateAtWhichTaxDeducted^
Validating Challan 2
Validating Challan For Batch Number3
Value of forCSIfile  :: false
TanNameFromTxtFile ::  MAJOR SUBSTATION DIVISION   TanNameFromCSIFile :: null
TanFromTxtFile ::  PNEM07924A   TanFromCSIFile  :: null
 STARTING DEDUTEE VALIDATION FOR CHALLAN 2
RateAtWhichTaxDeducted^
Validating Challan 3
Validating Challan For Batch Number3
Value of forCSIfile  :: false
TanNameFromTxtFile ::  MAJOR SUBSTATION DIVISION   TanNameFromCSIFile :: null
TanFromTxtFile ::  PNEM07924A   TanFromCSIFile  :: null
 STARTING DEDUTEE VALIDATION FOR CHALLAN 3
RateAtWhichTaxDeducted^
RateAtWhichTaxDeducted^
RateAtWhichTaxDeducted^
RateAtWhichTaxDeducted^
RateAtWhichTaxDeducted^
RateAtWhichTaxDeducted^
RateAtWhichTaxDeducted^
RateAtWhichTaxDeducted^
RateAtWhichTaxDeducted^
RateAtWhichTaxDeducted^
RateAtWhichTaxDeducted^
RateAtWhichTaxDeducted^
RateAtWhichTaxDeducted^
RateAtWhichTaxDeducted^
RateAtWhichTaxDeducted^
RateAtWhichTaxDeducted^
RateAtWhichTaxDeducted^
RateAtWhichTaxDeducted^
RateAtWhichTaxDeducted^
RateAtWhichTaxDeducted^
RateAtWhichTaxDeducted^
RateAtWhichTaxDeducted^
RateAtWhichTaxDeducted^
RateAtWhichTaxDeducted^
RateAtWhichTaxDeducted^
RateAtWhichTaxDeducted^
RateAtWhichTaxDeducted^
RateAtWhichTaxDeducted^
RateAtWhichTaxDeducted^
RateAtWhichTaxDeducted^
RateAtWhichTaxDeducted^
RateAtWhichTaxDeducted^
RateAtWhichTaxDeducted^
RateAtWhichTaxDeducted^
RateAtWhichTaxDeducted^
RateAtWhichTaxDeducted^
RateAtWhichTaxDeducted^
RateAtWhichTaxDeducted^
Validating Challan 4
Validating Challan For Batch Number3
Value of forCSIfile  :: false
TanNameFromTxtFile ::  MAJOR SUBSTATION DIVISION   TanNameFromCSIFile :: null
TanFromTxtFile ::  PNEM07924A   TanFromCSIFile  :: null
 STARTING DEDUTEE VALIDATION FOR CHALLAN 4
RateAtWhichTaxDeducted^
Validating Challan 5
Validating Challan For Batch Number3
Value of forCSIfile  :: false
TanNameFromTxtFile ::  MAJOR SUBSTATION DIVISION   TanNameFromCSIFile :: null
TanFromTxtFile ::  PNEM07924A   TanFromCSIFile  :: null
 STARTING DEDUTEE VALIDATION FOR CHALLAN 5
RateAtWhichTaxDeducted^
RateAtWhichTaxDeducted^
RateAtWhichTaxDeducted^
RateAtWhichTaxDeducted^
RateAtWhichTaxDeducted^
RateAtWhichTaxDeducted^
RateAtWhichTaxDeducted^
RateAtWhichTaxDeducted^
RateAtWhichTaxDeducted^
RateAtWhichTaxDeducted^
RateAtWhichTaxDeducted^
RateAtWhichTaxDeducted^
RateAtWhichTaxDeducted^
RateAtWhichTaxDeducted^
RateAtWhichTaxDeducted^
RateAtWhichTaxDeducted^
RateAtWhichTaxDeducted^
RateAtWhichTaxDeducted^
RateAtWhichTaxDeducted^
RateAtWhichTaxDeducted^
RateAtWhichTaxDeducted^
RateAtWhichTaxDeducted^
RateAtWhichTaxDeducted^
RateAtWhichTaxDeducted^
RateAtWhichTaxDeducted^
RateAtWhichTaxDeducted^
RateAtWhichTaxDeducted^
RateAtWhichTaxDeducted^
RateAtWhichTaxDeducted^
RateAtWhichTaxDeducted^
RateAtWhichTaxDeducted^
RateAtWhichTaxDeducted^
RateAtWhichTaxDeducted^
RateAtWhichTaxDeducted^
RateAtWhichTaxDeducted^
RateAtWhichTaxDeducted^
 END OF :::BIFERCATING CHALAN AND TV AND CIN CHECKINGTue Jun 12 11:36:39 IST 2018
Field Validation of file is compleated sucessfully
START # 12-06-2018 11:36:39.980
 Original file object created and file exist
tempFileName String cretaed ::  F://Data0//TDS//MSEB Pune//Revised Return Q1-17-18 MSEB//EM024Q1C_temp.fvu
 brtTemp object created for temp file
String line created 
isAppendForNextLine (Inside if condition ) :: 1
 After appending line 2^121^FVU 5.7^00000000000000000000^SAM 1.0^00000000000000000000^18061211363932349232
f.close()
f = null
brTemp.flush()
brTemp.close()
brTemp = null;
END # 12-06-2018 11:36:40.011
Original file is deleted
Temp file renamed
In processCINFile method
the challan count is 37
the cinFileLevelHC no. is00000000000027467741
Return Hash Code = 0
Hash Validation of file is done sucessfully
Inside generateStatisticFile Method 
FileGenerator.java ParseString() method is called 
FileGenerator.java ParseString() method is returning 
FileGenerator.java createStatisticFileString() method is called
 Entering writeStatisticFile() Method Tue Jun 12 11:36:40 IST 2018
 Exiting writeStatisticFile() Method Tue Jun 12 11:36:40 IST 2018
FileGenerator.java createStatisticFileString() method is returning
FileGenerator.java ParseString() method is called 
FileGenerator.java ParseString() method is returning 
FileGenerator.java createStatisticFileString() method is called
 Entering writeStatisticFile() Method Tue Jun 12 11:36:40 IST 2018
 Exiting writeStatisticFile() Method Tue Jun 12 11:36:40 IST 2018
FileGenerator.java createStatisticFileString() method is returning
 length : 70
 length : 70
 length : 69
 length : 70
 BARCODE :- 18061211363932349232
Inside generateForm27A
 Entering writePdfFile() Method Tue Jun 12 11:36:40 IST 2018
 Exiting writePdfFile() Method Tue Jun 12 11:36:40 IST 2018
pdf generatedtrue
END TIME : Tue Jun 12 11:36:40 IST 2018
--DESKTOP OBJECT: java.awt.Desktop@c4ed84
--error file path: F:\\Data0\\TDS\\MSEB Pune\\Revised Return Q1-17-18 MSEB\
--dir to open object: F:\Data0\TDS\MSEB Pune\Revised Return Q1-17-18 MSEB
the text error file path is F:\\Data0\\TDS\\MSEB Pune\\Revised Return Q1-17-18 MSEB\
the errorFileNameSAM is F:\\Data0\\TDS\\MSEB Pune\\Revised Return Q1-17-18 MSEB\\EM024Q1Cerror.txt
