[24-Jun-2016]::[6:08:43 PM]::[com.itd.efiling.itr.main.ctrl.ThreeRedLightsIlluminate init]::[INFO]::[init starts]
[24-Jun-2016]::[6:08:43 PM]::[com.itd.efiling.itr.common.util.j setUtilityParams]::[INFO]::[url jar:file:/C:/Users/TUSHAR%20PC/Desktop/Jayantilal%20Shevak/AY%202016-17/Return/ITR-4S_AY201617_PR4.jar!/META-INF/MANIFEST.MF]
[24-Jun-2016]::[6:08:43 PM]::[com.itd.efiling.itr.common.util.j setUtilityParams]::[INFO]::[2016-17 :: ITR-4S :: ]
[24-Jun-2016]::[6:08:43 PM]::[com.itd.efiling.itr.main.ctrl.ThreeRedLightsIlluminate init]::[INFO]::[init ends in 47 ms.]
[24-Jun-2016]::[6:08:44 PM]::[com.itd.efiling.itr.main.ctrl.ThreeRedLightsIlluminate start]::[INFO]::[MainLoader start method starts]
[24-Jun-2016]::[6:08:45 PM]::[com.itd.efiling.itr.main.ctrl.d initialize]::[INFO]::[initialize starts]
[24-Jun-2016]::[6:08:45 PM]::[com.itd.efiling.itr.common.util.c b]::[INFO]::[Before Validating fileListCommonScript ]
[24-Jun-2016]::[6:08:45 PM]::[com.itd.efiling.itr.common.util.c b]::[INFO]::[Before Validating fileListItrAy ]
[24-Jun-2016]::[6:08:45 PM]::[com.itd.efiling.itr.common.util.c b]::[INFO]::[Before Validating fileListConfig ]
[24-Jun-2016]::[6:08:45 PM]::[com.itd.efiling.itr.common.util.c b]::[INFO]::[Before Validating verifySignature ]
[24-Jun-2016]::[6:08:46 PM]::[com.itd.efiling.itr.common.util.c a]::[INFO]::[verifies : true]
[24-Jun-2016]::[6:08:46 PM]::[com.itd.efiling.itr.main.ctrl.d initialize]::[INFO]::[Is utiltity valid ::true]
[24-Jun-2016]::[6:08:46 PM]::[com.itd.efiling.itr.a.a.d c]::[INFO]::[loadingDialog starts]
[24-Jun-2016]::[6:08:46 PM]::[com.itd.efiling.itr.a.a.a <init>]::[INFO]::[CommonDialog starts]
[24-Jun-2016]::[6:08:46 PM]::[com.itd.efiling.itr.a.a.a <init>]::[INFO]::[CommonDialog ends]
[24-Jun-2016]::[6:08:47 PM]::[com.itd.efiling.itr.a.a.d c]::[INFO]::[loadingDialog ends]
[24-Jun-2016]::[6:08:47 PM]::[com.itd.efiling.itr.main.ctrl.a b]::[INFO]::[hide validation]
[24-Jun-2016]::[6:08:47 PM]::[com.itd.efiling.itr.main.ctrl.d a]::[INFO]::[importFile : null]
[24-Jun-2016]::[6:08:47 PM]::[com.itd.efiling.itr.main.ctrl.d initialize]::[INFO]::[initialize ends: time taken: 1623ms]
[24-Jun-2016]::[6:08:47 PM]::[com.itd.efiling.itr.main.ctrl.d initialize]::[INFO]::[initialize ends: time taken: 2ms]
[24-Jun-2016]::[6:08:47 PM]::[com.sun.javafx.css.parser.CSSParser declaration]::[WARNING]::[CSS Error parsing '*{-fx-font-weight: bold;-fx-font: 22px;}: Expected '<font-family>' while parsing '-fx-font' at [1,34]]
[24-Jun-2016]::[6:08:47 PM]::[com.sun.javafx.css.parser.CSSParser declaration]::[WARNING]::[CSS Error parsing '*{-fx-background-color: linear-gradient(#3A5058, #6aa2b1);-fx-font-weight: bold;-fx-font: 22px;}: Expected '<font-family>' while parsing '-fx-font' at [1,90]]
[24-Jun-2016]::[6:08:47 PM]::[com.itd.efiling.itr.main.ctrl.ThreeRedLightsIlluminate start]::[INFO]::[mainController.windowWidth new : 1366.0]
[24-Jun-2016]::[6:08:47 PM]::[com.itd.efiling.itr.main.ctrl.ThreeRedLightsIlluminate start]::[INFO]::[1366.0 :: 1079.14 :: 232.22000000000003]
[24-Jun-2016]::[6:08:47 PM]::[com.itd.efiling.itr.main.ctrl.ThreeRedLightsIlluminate start]::[INFO]::[MainLoader start method ends. Time taken: 3851]
[24-Jun-2016]::[6:08:48 PM]::[com.itd.efiling.itr.common.a.a a]::[INFO]::[oldState  : RUNNING newState : SUCCEEDED]
[24-Jun-2016]::[6:08:48 PM]::[com.itd.efiling.itr.common.a.a a]::[INFO]::[jsobj [object Window]]
[24-Jun-2016]::[6:08:51 PM]::[com.itd.efiling.itr.common.a.a a]::[INFO]::[time taken in changed : 66]
[24-Jun-2016]::[6:08:53 PM]::[com.itd.efiling.itr.toolbar.b prefill]::[INFO]::[prefill]
[24-Jun-2016]::[6:08:53 PM]::[com.itd.efiling.itr.a.a.a <init>]::[INFO]::[CommonDialog starts]
[24-Jun-2016]::[6:08:54 PM]::[com.itd.efiling.itr.a.a.a <init>]::[INFO]::[CommonDialog ends]
[24-Jun-2016]::[6:09:13 PM]::[com.itd.efiling.itr.a.a.f prefill]::[INFO]::[prefill caled]
[24-Jun-2016]::[6:09:13 PM]::[com.itd.efiling.itr.webservice.a.a b]::[INFO]::[call starts ]
[24-Jun-2016]::[6:09:13 PM]::[com.itd.efiling.itr.a.a.f prefill]::[INFO]::[prefill ends after starting thread: ]
[24-Jun-2016]::[6:09:13 PM]::[com.itd.efiling.itr.webservice.a.a c]::[INFO]::[sendRequest starts]
[24-Jun-2016]::[6:09:13 PM]::[com.itd.efiling.itr.common.util.e getSecuredRequest]::[INFO]::[Before getting secured request]
[24-Jun-2016]::[6:09:13 PM]::[com.itd.efiling.itr.common.util.e getSecuredRequest]::[INFO]::[After getting secured request]
[24-Jun-2016]::[6:09:13 PM]::[com.itd.efiling.itr.common.util.c d]::[INFO]::[file : .\ITR]
[24-Jun-2016]::[6:09:13 PM]::[com.itd.efiling.itr.common.util.c d]::[INFO]::[file : .\ITR-4S_AY201617_PR4.jar]
[24-Jun-2016]::[6:09:18 PM]::[com.itd.efiling.itr.webservice.a.a c]::[INFO]::[Soap fault: null]
[24-Jun-2016]::[6:09:18 PM]::[com.itd.efiling.itr.webservice.a.a c]::[INFO]::[Soap errorNode : null]
[24-Jun-2016]::[6:09:18 PM]::[com.itd.efiling.itr.webservice.a.a c]::[INFO]::[sendrequest ends]
[24-Jun-2016]::[6:09:18 PM]::[com.itd.efiling.itr.webservice.a.a b]::[INFO]::[call ends Time taken:4989]
[24-Jun-2016]::[6:09:18 PM]::[com.itd.efiling.itr.a.a.f cancel]::[INFO]::[cancel caled]
[24-Jun-2016]::[6:09:22 PM]::[com.itd.efiling.itr.webservice.a.d run]::[INFO]::[Prefill done successfully]
[24-Jun-2016]::[6:09:29 PM]::[com.itd.efiling.itr.validation.a.a a]::[INFO]::[FIELD_VALIDATORS_MAP 198]
[24-Jun-2016]::[6:11:27 PM]::[com.itd.efiling.itr.main.ctrl.g a]::[INFO]::[itrEngine alert: Exception in onStateChng () = error@file:///C:/Users/TUSHAR%20PC/Desktop/Jayantilal%20Shevak/AY%202016-17/Return/ITR/Common/scripts/jquery-1.8.0.js:487:18
file:///C:/Users/TUSHAR%20PC/Desktop/Jayantilal%20Shevak/AY%202016-17/Return/ITR/Common/scripts/jquery-ui.js:1:23374
each@file:///C:/Users/TUSHAR%20PC/Desktop/Jayantilal%20Shevak/AY%202016-17/Return/ITR/Common/scripts/jquery-1.8.0.js:621:24
each@file:///C:/Users/TUSHAR%20PC/Desktop/Jayantilal%20Shevak/AY%202016-17/Return/ITR/Common/scripts/jquery-1.8.0.js:251:21
file:///C:/Users/TUSHAR%20PC/Desktop/Jayantilal%20Shevak/AY%202016-17/Return/ITR/Common/scripts/jquery-ui.js:1:23113
onStateChng@file:///C:/Users/TUSHAR%20PC/Desktop/Jayantilal%20Shevak/AY%202016-17/Return/ITR/ITR-4S/2016-17/ITR4S_Calculations_2016.js:2298:28
onchange@file:///C:/Users/TUSHAR%20PC/Desktop/Jayantilal%20Shevak/AY%202016-17/Return/ITR/ITR-4S/2016-17/SubmitITR.html:264:12]
[24-Jun-2016]::[6:11:30 PM]::[com.itd.efiling.itr.main.ctrl.g a]::[INFO]::[itrEngine alert: Exception in onStateChng () = error@file:///C:/Users/TUSHAR%20PC/Desktop/Jayantilal%20Shevak/AY%202016-17/Return/ITR/Common/scripts/jquery-1.8.0.js:487:18
file:///C:/Users/TUSHAR%20PC/Desktop/Jayantilal%20Shevak/AY%202016-17/Return/ITR/Common/scripts/jquery-ui.js:1:23374
each@file:///C:/Users/TUSHAR%20PC/Desktop/Jayantilal%20Shevak/AY%202016-17/Return/ITR/Common/scripts/jquery-1.8.0.js:621:24
each@file:///C:/Users/TUSHAR%20PC/Desktop/Jayantilal%20Shevak/AY%202016-17/Return/ITR/Common/scripts/jquery-1.8.0.js:251:21
file:///C:/Users/TUSHAR%20PC/Desktop/Jayantilal%20Shevak/AY%202016-17/Return/ITR/Common/scripts/jquery-ui.js:1:23113
onStateChng@file:///C:/Users/TUSHAR%20PC/Desktop/Jayantilal%20Shevak/AY%202016-17/Return/ITR/ITR-4S/2016-17/ITR4S_Calculations_2016.js:2298:28
onchange@file:///C:/Users/TUSHAR%20PC/Desktop/Jayantilal%20Shevak/AY%202016-17/Return/ITR/ITR-4S/2016-17/SubmitITR.html:264:12]
[24-Jun-2016]::[6:11:34 PM]::[com.itd.efiling.itr.main.ctrl.g a]::[INFO]::[itrEngine alert: Exception in onStateChng () = error@file:///C:/Users/TUSHAR%20PC/Desktop/Jayantilal%20Shevak/AY%202016-17/Return/ITR/Common/scripts/jquery-1.8.0.js:487:18
file:///C:/Users/TUSHAR%20PC/Desktop/Jayantilal%20Shevak/AY%202016-17/Return/ITR/Common/scripts/jquery-ui.js:1:23374
each@file:///C:/Users/TUSHAR%20PC/Desktop/Jayantilal%20Shevak/AY%202016-17/Return/ITR/Common/scripts/jquery-1.8.0.js:621:24
each@file:///C:/Users/TUSHAR%20PC/Desktop/Jayantilal%20Shevak/AY%202016-17/Return/ITR/Common/scripts/jquery-1.8.0.js:251:21
file:///C:/Users/TUSHAR%20PC/Desktop/Jayantilal%20Shevak/AY%202016-17/Return/ITR/Common/scripts/jquery-ui.js:1:23113
onStateChng@file:///C:/Users/TUSHAR%20PC/Desktop/Jayantilal%20Shevak/AY%202016-17/Return/ITR/ITR-4S/2016-17/ITR4S_Calculations_2016.js:2298:28
onchange@file:///C:/Users/TUSHAR%20PC/Desktop/Jayantilal%20Shevak/AY%202016-17/Return/ITR/ITR-4S/2016-17/SubmitITR.html:264:12]
[24-Jun-2016]::[6:11:40 PM]::[com.itd.efiling.itr.main.ctrl.g a]::[INFO]::[itrEngine alert: Exception in onStateChng () = error@file:///C:/Users/TUSHAR%20PC/Desktop/Jayantilal%20Shevak/AY%202016-17/Return/ITR/Common/scripts/jquery-1.8.0.js:487:18
file:///C:/Users/TUSHAR%20PC/Desktop/Jayantilal%20Shevak/AY%202016-17/Return/ITR/Common/scripts/jquery-ui.js:1:23374
each@file:///C:/Users/TUSHAR%20PC/Desktop/Jayantilal%20Shevak/AY%202016-17/Return/ITR/Common/scripts/jquery-1.8.0.js:621:24
each@file:///C:/Users/TUSHAR%20PC/Desktop/Jayantilal%20Shevak/AY%202016-17/Return/ITR/Common/scripts/jquery-1.8.0.js:251:21
file:///C:/Users/TUSHAR%20PC/Desktop/Jayantilal%20Shevak/AY%202016-17/Return/ITR/Common/scripts/jquery-ui.js:1:23113
onStateChng@file:///C:/Users/TUSHAR%20PC/Desktop/Jayantilal%20Shevak/AY%202016-17/Return/ITR/ITR-4S/2016-17/ITR4S_Calculations_2016.js:2298:28
onchange@file:///C:/Users/TUSHAR%20PC/Desktop/Jayantilal%20Shevak/AY%202016-17/Return/ITR/ITR-4S/2016-17/SubmitITR.html:264:12]
[24-Jun-2016]::[6:15:11 PM]::[com.itd.efiling.itr.toolbar.b validateAndSaveFile]::[INFO]::[validateAndSaveFile ]
[24-Jun-2016]::[6:15:11 PM]::[com.itd.efiling.itr.main.ctrl.a c]::[INFO]::[show validation]
[24-Jun-2016]::[6:15:11 PM]::[com.itd.efiling.itr.validation.helpers.Validator validateAll]::[INFO]::[Time taken in validateAll(): 0]
[24-Jun-2016]::[6:15:11 PM]::[com.itd.efiling.itr.validation.helpers.Validator call]::[INFO]::[Call() starts : ]
[24-Jun-2016]::[6:15:11 PM]::[com.itd.efiling.itr.validation.helpers.Validator call]::[INFO]::[Call() ends time taken: 35  error count :9]
[24-Jun-2016]::[6:15:33 PM]::[com.itd.efiling.itr.common.util.JavaScriptFunctions getBankName]::[INFO]::[ifsc isSTBP]
[24-Jun-2016]::[6:16:18 PM]::[com.itd.efiling.itr.toolbar.b validateAndSaveFile]::[INFO]::[validateAndSaveFile ]
[24-Jun-2016]::[6:16:18 PM]::[com.itd.efiling.itr.main.ctrl.a c]::[INFO]::[show validation]
[24-Jun-2016]::[6:16:18 PM]::[com.itd.efiling.itr.validation.helpers.Validator validateAll]::[INFO]::[Time taken in validateAll(): 0]
[24-Jun-2016]::[6:16:18 PM]::[com.itd.efiling.itr.validation.helpers.Validator call]::[INFO]::[Call() starts : ]
[24-Jun-2016]::[6:16:18 PM]::[com.itd.efiling.itr.validation.helpers.Validator call]::[INFO]::[Call() ends time taken: 33  error count :1]
[24-Jun-2016]::[6:16:48 PM]::[com.itd.efiling.itr.toolbar.b preview]::[INFO]::[preview]
[24-Jun-2016]::[6:16:48 PM]::[com.itd.efiling.itr.common.util.m a]::[INFO]::[Time taken in addToFieldNameValue(): 30]
[24-Jun-2016]::[6:16:48 PM]::[com.itd.efiling.itr.common.util.m a]::[INFO]::[Time taken in addToFieldNameValue(): 28]
[24-Jun-2016]::[6:16:48 PM]::[com.itd.efiling.itr.common.util.m b]::[INFO]::[Adding resources: ]
[24-Jun-2016]::[6:17:26 PM]::[com.itd.efiling.itr.toolbar.b saveAsDraft]::[INFO]::[saveFile]
[24-Jun-2016]::[6:17:26 PM]::[com.itd.efiling.itr.a.a.e a]::[INFO]::[extension : .draft title : null type : true]
[24-Jun-2016]::[6:17:41 PM]::[com.itd.efiling.itr.common.util.f b]::[INFO]::[Before setDocument]
[24-Jun-2016]::[6:17:41 PM]::[com.itd.efiling.itr.common.util.f b]::[INFO]::[After setDocument[#document: null]]
[24-Jun-2016]::[6:17:41 PM]::[com.itd.efiling.itr.common.cachers.b a]::[INFO]::[flagfalse]
[24-Jun-2016]::[6:17:41 PM]::[com.itd.efiling.itr.common.cachers.b a]::[INFO]::[doc[#document: null]]
[24-Jun-2016]::[6:17:41 PM]::[com.itd.efiling.itr.common.util.f b]::[INFO]::[FIELD_VALUE 237]
[24-Jun-2016]::[6:17:45 PM]::[com.itd.efiling.itr.toolbar.b importXml]::[INFO]::[importXmlDialog starts]
[24-Jun-2016]::[6:17:45 PM]::[com.itd.efiling.itr.a.a.k a]::[INFO]::[saveIfNot starts: type: 4]
[24-Jun-2016]::[6:17:45 PM]::[com.itd.efiling.itr.a.a.a <init>]::[INFO]::[CommonDialog starts]
[24-Jun-2016]::[6:17:45 PM]::[com.itd.efiling.itr.a.a.a <init>]::[INFO]::[CommonDialog ends]
[24-Jun-2016]::[6:17:45 PM]::[com.itd.efiling.itr.a.a.k a]::[INFO]::[saveIfNot after shows: ]
[24-Jun-2016]::[6:17:45 PM]::[com.itd.efiling.itr.toolbar.b importXml]::[INFO]::[importXmlDialog ends]
[24-Jun-2016]::[6:17:48 PM]::[com.itd.efiling.itr.a.a.k saveITR]::[INFO]::[saveITR starts saving file]
[24-Jun-2016]::[6:17:48 PM]::[com.itd.efiling.itr.toolbar.b validateAndSaveFile]::[INFO]::[validateAndSaveFile ]
[24-Jun-2016]::[6:17:48 PM]::[com.itd.efiling.itr.main.ctrl.a c]::[INFO]::[show validation]
[24-Jun-2016]::[6:17:48 PM]::[com.itd.efiling.itr.validation.helpers.Validator validateAll]::[INFO]::[Time taken in validateAll(): 0]
[24-Jun-2016]::[6:17:48 PM]::[com.itd.efiling.itr.validation.helpers.Validator call]::[INFO]::[Call() starts : ]
[24-Jun-2016]::[6:17:48 PM]::[com.itd.efiling.itr.validation.helpers.Validator call]::[INFO]::[Call() ends time taken: 31  error count :1]
[24-Jun-2016]::[6:17:51 PM]::[com.itd.efiling.itr.toolbar.b importXml]::[INFO]::[importXmlDialog starts]
[24-Jun-2016]::[6:17:51 PM]::[com.itd.efiling.itr.a.a.k a]::[INFO]::[saveIfNot starts: type: 4]
[24-Jun-2016]::[6:17:51 PM]::[com.itd.efiling.itr.a.a.a <init>]::[INFO]::[CommonDialog starts]
[24-Jun-2016]::[6:17:51 PM]::[com.itd.efiling.itr.a.a.a <init>]::[INFO]::[CommonDialog ends]
[24-Jun-2016]::[6:17:51 PM]::[com.itd.efiling.itr.a.a.k a]::[INFO]::[saveIfNot after shows: ]
[24-Jun-2016]::[6:17:51 PM]::[com.itd.efiling.itr.toolbar.b importXml]::[INFO]::[importXmlDialog ends]
[24-Jun-2016]::[6:17:52 PM]::[com.itd.efiling.itr.a.a.k cancel]::[INFO]::[type 4: OpenFileDialogController ]
[24-Jun-2016]::[6:17:52 PM]::[com.itd.efiling.itr.a.a.e a]::[INFO]::[extension : .open title : null type : false]
[24-Jun-2016]::[6:17:56 PM]::[com.itd.efiling.itr.toolbar.b a]::[INFO]::[Actual ITR ITR-4S Actual assesment year2016-17]
[24-Jun-2016]::[6:17:56 PM]::[com.itd.efiling.itr.toolbar.b a]::[INFO]::[Imported ITR ITR-4S Imported assesment year2016-17]
[24-Jun-2016]::[6:17:56 PM]::[com.itd.efiling.itr.a.a.d c]::[INFO]::[loadingDialog starts]
[24-Jun-2016]::[6:17:56 PM]::[com.itd.efiling.itr.a.a.a <init>]::[INFO]::[CommonDialog starts]
[24-Jun-2016]::[6:17:56 PM]::[com.itd.efiling.itr.a.a.a <init>]::[INFO]::[CommonDialog ends]
[24-Jun-2016]::[6:17:56 PM]::[com.itd.efiling.itr.a.a.d c]::[INFO]::[loadingDialog ends]
[24-Jun-2016]::[6:17:56 PM]::[com.itd.efiling.itr.main.ctrl.a b]::[INFO]::[hide validation]
[24-Jun-2016]::[6:17:56 PM]::[com.itd.efiling.itr.main.ctrl.d a]::[INFO]::[importFile : C:\Users\TUSHAR PC\Desktop\Jayantilal Shevak\AY 2016-17\DRAFT.draft]
[24-Jun-2016]::[6:17:56 PM]::[com.itd.efiling.itr.common.a.a a]::[INFO]::[oldState  : SUCCEEDED newState : READY]
[24-Jun-2016]::[6:17:56 PM]::[com.itd.efiling.itr.common.a.a a]::[INFO]::[oldState  : READY newState : SCHEDULED]
[24-Jun-2016]::[6:17:56 PM]::[com.itd.efiling.itr.common.a.a a]::[INFO]::[oldState  : SCHEDULED newState : RUNNING]
[24-Jun-2016]::[6:17:57 PM]::[com.itd.efiling.itr.common.a.a a]::[INFO]::[oldState  : RUNNING newState : SUCCEEDED]
[24-Jun-2016]::[6:17:57 PM]::[com.itd.efiling.itr.common.a.a a]::[INFO]::[jsobj [object Window]]
[24-Jun-2016]::[6:17:57 PM]::[com.itd.efiling.itr.common.util.l a]::[INFO]::[Before setDocument]
[24-Jun-2016]::[6:17:57 PM]::[com.itd.efiling.itr.common.util.l a]::[INFO]::[iterateNodeImportXml 0]
[24-Jun-2016]::[6:17:57 PM]::[com.itd.efiling.itr.common.util.l a]::[INFO]::[cacheHtmlElements ]
[24-Jun-2016]::[6:17:57 PM]::[com.itd.efiling.itr.common.util.l b]::[INFO]::[Before cacheHtmlElements 0]
[24-Jun-2016]::[6:17:57 PM]::[com.itd.efiling.itr.common.util.l b]::[INFO]::[After cacheHtmlElements 237]
[24-Jun-2016]::[6:17:57 PM]::[com.itd.efiling.itr.common.util.l a]::[INFO]::[putValuesToHTML ]
[24-Jun-2016]::[6:17:57 PM]::[com.itd.efiling.itr.common.util.l a]::[INFO]::[Before setValuesInForm]
[24-Jun-2016]::[6:17:57 PM]::[com.itd.efiling.itr.common.util.l a]::[INFO]::[End of putValuesToHTML]
[24-Jun-2016]::[6:17:57 PM]::[com.itd.efiling.itr.common.util.l a]::[INFO]::[time taken in importxml function: 38]
[24-Jun-2016]::[6:18:00 PM]::[com.itd.efiling.itr.common.a.a a]::[INFO]::[time taken in changed : 2050]
[24-Jun-2016]::[6:18:00 PM]::[com.itd.efiling.itr.common.a.a a]::[INFO]::[oldState  : RUNNING newState : SUCCEEDED]
[24-Jun-2016]::[6:18:11 PM]::[com.itd.efiling.itr.toolbar.b validateAndSaveFile]::[INFO]::[validateAndSaveFile ]
[24-Jun-2016]::[6:18:11 PM]::[com.itd.efiling.itr.main.ctrl.a c]::[INFO]::[show validation]
[24-Jun-2016]::[6:18:11 PM]::[com.itd.efiling.itr.validation.helpers.Validator validateAll]::[INFO]::[Time taken in validateAll(): 0]
[24-Jun-2016]::[6:18:11 PM]::[com.itd.efiling.itr.validation.helpers.Validator call]::[INFO]::[Call() starts : ]
[24-Jun-2016]::[6:18:12 PM]::[com.itd.efiling.itr.validation.helpers.Validator call]::[INFO]::[Call() ends time taken: 31  error count :0]
[24-Jun-2016]::[6:18:12 PM]::[com.itd.efiling.itr.a.a.e a]::[INFO]::[extension : .xml title : null type : true]
[24-Jun-2016]::[6:18:46 PM]::[com.itd.efiling.itr.toolbar.b validateAndSaveFile]::[INFO]::[validateAndSaveFile ]
[24-Jun-2016]::[6:18:46 PM]::[com.itd.efiling.itr.main.ctrl.a c]::[INFO]::[show validation]
[24-Jun-2016]::[6:18:46 PM]::[com.itd.efiling.itr.validation.helpers.Validator validateAll]::[INFO]::[Time taken in validateAll(): 0]
[24-Jun-2016]::[6:18:46 PM]::[com.itd.efiling.itr.validation.helpers.Validator call]::[INFO]::[Call() starts : ]
[24-Jun-2016]::[6:18:46 PM]::[com.itd.efiling.itr.validation.helpers.Validator call]::[INFO]::[Call() ends time taken: 20  error count :0]
[24-Jun-2016]::[6:18:46 PM]::[com.itd.efiling.itr.a.a.e a]::[INFO]::[extension : .xml title : null type : true]
[24-Jun-2016]::[6:19:11 PM]::[com.itd.efiling.itr.common.util.f b]::[INFO]::[Before setDocument]
[24-Jun-2016]::[6:19:11 PM]::[com.itd.efiling.itr.common.util.f b]::[INFO]::[After setDocument[#document: null]]
[24-Jun-2016]::[6:19:11 PM]::[com.itd.efiling.itr.common.cachers.b a]::[INFO]::[flagtrue]
[24-Jun-2016]::[6:19:11 PM]::[com.itd.efiling.itr.common.cachers.b a]::[INFO]::[doc[#document: null]]
[24-Jun-2016]::[6:19:11 PM]::[com.itd.efiling.itr.common.cachers.b a]::[INFO]::[Inside deleteNodeGenerateXml]
[24-Jun-2016]::[6:19:11 PM]::[com.itd.efiling.itr.common.util.f b]::[INFO]::[FIELD_VALUE 237]
[24-Jun-2016]::[6:19:12 PM]::[com.itd.efiling.itr.common.util.f a]::[INFO]::[done with schema error; 0]
[24-Jun-2016]::[6:19:12 PM]::[com.itd.efiling.itr.common.util.f a]::[INFO]::[hash {} o/vdPqtl2s9CbpuiImoJFl9H7KbXv9VPlolFxNo6jUU=]
[24-Jun-2016]::[6:19:12 PM]::[com.itd.efiling.itr.common.util.f a]::[INFO]::[Time taken to generate: 632 ms ]
[24-Jun-2016]::[6:19:16 PM]::[com.itd.efiling.itr.toolbar.b submit]::[INFO]::[validateITR starts]
[24-Jun-2016]::[6:19:16 PM]::[com.itd.efiling.itr.main.ctrl.a c]::[INFO]::[show validation]
[24-Jun-2016]::[6:19:16 PM]::[com.itd.efiling.itr.validation.helpers.Validator validateAll]::[INFO]::[Time taken in validateAll(): 0]
[24-Jun-2016]::[6:19:16 PM]::[com.itd.efiling.itr.validation.helpers.Validator call]::[INFO]::[Call() starts : ]
[24-Jun-2016]::[6:19:16 PM]::[com.itd.efiling.itr.validation.helpers.Validator call]::[INFO]::[Call() ends time taken: 17  error count :0]
[24-Jun-2016]::[6:19:16 PM]::[com.itd.efiling.itr.common.util.f b]::[INFO]::[Before setDocument]
[24-Jun-2016]::[6:19:16 PM]::[com.itd.efiling.itr.common.util.f b]::[INFO]::[After setDocument[#document: null]]
[24-Jun-2016]::[6:19:16 PM]::[com.itd.efiling.itr.common.cachers.b a]::[INFO]::[flagtrue]
[24-Jun-2016]::[6:19:16 PM]::[com.itd.efiling.itr.common.cachers.b a]::[INFO]::[doc[#document: null]]
[24-Jun-2016]::[6:19:16 PM]::[com.itd.efiling.itr.common.cachers.b a]::[INFO]::[Inside deleteNodeGenerateXml]
[24-Jun-2016]::[6:19:16 PM]::[com.itd.efiling.itr.common.util.f b]::[INFO]::[FIELD_VALUE 237]
[24-Jun-2016]::[6:19:16 PM]::[com.itd.efiling.itr.common.util.f a]::[INFO]::[done with schema error; 0]
[24-Jun-2016]::[6:19:16 PM]::[com.itd.efiling.itr.common.util.f a]::[INFO]::[hash {} o/vdPqtl2s9CbpuiImoJFl9H7KbXv9VPlolFxNo6jUU=]
[24-Jun-2016]::[6:19:16 PM]::[com.itd.efiling.itr.common.util.f a]::[INFO]::[Time taken to generate: 260 ms ]
[24-Jun-2016]::[6:19:16 PM]::[com.itd.efiling.itr.a.a.a <init>]::[INFO]::[CommonDialog starts]
[24-Jun-2016]::[6:19:16 PM]::[com.itd.efiling.itr.a.a.n initialize]::[INFO]::[initialize submit itr starts]
[24-Jun-2016]::[6:19:16 PM]::[com.itd.efiling.itr.a.a.n initialize]::[INFO]::[Time taken to get the document 8]
[24-Jun-2016]::[6:19:16 PM]::[com.itd.efiling.itr.a.a.n initialize]::[INFO]::[Time taken to set the parameters0]
[24-Jun-2016]::[6:19:16 PM]::[com.itd.efiling.itr.a.a.n initialize]::[INFO]::[Time taken to enableSec44AB 0]
[24-Jun-2016]::[6:19:16 PM]::[com.itd.efiling.itr.a.a.n initialize]::[INFO]::[Time taken to addKeyEvent 3]
[24-Jun-2016]::[6:19:16 PM]::[com.itd.efiling.itr.a.a.n initialize]::[INFO]::[Time taken to hideDscRelated 0]
[24-Jun-2016]::[6:19:16 PM]::[com.itd.efiling.itr.b.a.n getKeyStoreAliases]::[INFO]::[set : []]
[24-Jun-2016]::[6:19:16 PM]::[com.itd.efiling.itr.a.a.n o]::[INFO]::[Time taken to initialize usb tokens22]
[24-Jun-2016]::[6:19:16 PM]::[com.itd.efiling.itr.a.a.n initialize]::[INFO]::[Time taken to initUsbTokens 23]
[24-Jun-2016]::[6:19:16 PM]::[com.itd.efiling.itr.a.a.a <init>]::[INFO]::[CommonDialog ends]
[24-Jun-2016]::[6:19:16 PM]::[com.itd.efiling.itr.a.a.n dscMandatory]::[INFO]::[dscMandatory starts::ITR-4S]
[24-Jun-2016]::[6:19:16 PM]::[com.itd.efiling.itr.a.a.n dscMandatory]::[INFO]::[dscMandatory ends]
[24-Jun-2016]::[6:22:58 PM]::[com.itd.efiling.itr.a.a.n f]::[INFO]::[validateDSCKey ends with flag: true]
[24-Jun-2016]::[6:22:58 PM]::[com.itd.efiling.itr.webservice.a.f b]::[INFO]::[Thread call starts]
[24-Jun-2016]::[6:22:58 PM]::[com.itd.efiling.itr.webservice.a.f a]::[INFO]::[sendRequest starts]
[24-Jun-2016]::[6:22:59 PM]::[com.itd.efiling.itr.common.util.e getSecuredRequest]::[INFO]::[Before getting secured request]
[24-Jun-2016]::[6:22:59 PM]::[com.itd.efiling.itr.common.util.e getSecuredRequest]::[INFO]::[After getting secured request]
[24-Jun-2016]::[6:22:59 PM]::[com.itd.efiling.itr.common.util.c d]::[INFO]::[file : .\ITR]
[24-Jun-2016]::[6:22:59 PM]::[com.itd.efiling.itr.common.util.c d]::[INFO]::[file : .\ITR-4S_AY201617_PR4.jar]
[24-Jun-2016]::[6:23:06 PM]::[com.itd.efiling.itr.webservice.a.f a]::[INFO]::[Soap fault: , errorNode: nullnull]
[24-Jun-2016]::[6:23:06 PM]::[com.itd.efiling.itr.a.a.n cancel]::[INFO]::[cancel caled]
[24-Jun-2016]::[6:23:06 PM]::[com.itd.efiling.itr.webservice.a.f b]::[INFO]::[Thread call ends : time taken: 7244]
[24-Jun-2016]::[6:23:06 PM]::[com.itd.efiling.itr.webservice.a.f b]::[INFO]::[Writing to file: C:\Users\TUSHAR~1\AppData\Local\Temp\ITRvFile2322646945212296867286038864.zip]
[24-Jun-2016]::[6:23:06 PM]::[com.itd.efiling.itr.a.a.a <init>]::[INFO]::[CommonDialog starts]
[24-Jun-2016]::[6:23:06 PM]::[com.itd.efiling.itr.a.a.l initialize]::[INFO]::[initialize starts]
[24-Jun-2016]::[6:23:06 PM]::[com.itd.efiling.itr.a.a.l b]::[INFO]::[loadITRVPage stats with transaction id 3044951826 ,email TUSHARMOHITE0@GMAIL.COM]
[24-Jun-2016]::[6:23:06 PM]::[com.itd.efiling.itr.a.a.a <init>]::[INFO]::[CommonDialog ends]
[24-Jun-2016]::[6:23:06 PM]::[com.itd.efiling.itr.a.a.l a]::[INFO]::[saveIfNot after shows: ]
[24-Jun-2016]::[6:23:09 PM]::[com.itd.efiling.itr.a.a.l downloadITRV]::[INFO]::[downloadITRV starts]
[24-Jun-2016]::[6:23:09 PM]::[com.itd.efiling.itr.a.a.e a]::[INFO]::[extension : .pdf title : Save ITR-V pdf type : true]
[24-Jun-2016]::[6:29:52 PM]::[com.itd.efiling.itr.common.dialog.o a]::[INFO]::[Inside  closeUtility]
[24-Jun-2016]::[6:29:53 PM]::[com.itd.efiling.itr.main.ctrl.h a]::[INFO]::[ Close Event WindowEvent [source = javafx.stage.Stage@1d47e7a, target = javafx.stage.Stage@1d47e7a, eventType = WINDOW_CLOSE_REQUEST, consumed = false]]
