[16-Aug-2016]::[8:56:48 PM]::[INFO]::[init starts]
[16-Aug-2016]::[8:56:48 PM]::[INFO]::[ITRConfigUtil.getConfigURL(): java.io.FileInputStream@163587f]
[16-Aug-2016]::[8:56:48 PM]::[INFO]::[url jar:file:/D:/Tushar%20Data/Business/IT%20RETURNS/FORMAT/Utilitites/AY%202015-16/ITR-4S_2015/ITR-4S_AY201516_PR7.jar!/META-INF/MANIFEST.MF]
[16-Aug-2016]::[8:56:48 PM]::[INFO]::[2015-16 :: ITR-4S :: 1.0]
[16-Aug-2016]::[8:56:48 PM]::[INFO]::[init ends in 636 ms.]
[16-Aug-2016]::[8:56:48 PM]::[INFO]::[MainLoader start method starts]
[16-Aug-2016]::[8:56:50 PM]::[INFO]::[Before Validating fileListCommonScript ]
[16-Aug-2016]::[8:56:51 PM]::[INFO]::[Before Validating fileListItrAy ]
[16-Aug-2016]::[8:56:51 PM]::[INFO]::[Before Validating fileListConfig ]
[16-Aug-2016]::[8:56:51 PM]::[INFO]::[Before Validating verifySignature ]
[16-Aug-2016]::[8:56:51 PM]::[INFO]::[verifies : true]
[16-Aug-2016]::[8:56:51 PM]::[INFO]::[Is utiltity valid ::true]
[16-Aug-2016]::[8:56:51 PM]::[INFO]::[openNewITR starts with values: asstYear:2015-16,itr:ITR-4S,ver:1.0,importXml:null]
[16-Aug-2016]::[8:56:51 PM]::[INFO]::[Opening ITR: ITR-4S For AsstYear: 2015-16]
[16-Aug-2016]::[8:56:51 PM]::[INFO]::[generateCopy starts]
[16-Aug-2016]::[8:56:52 PM]::[INFO]::[initialize starts]
[16-Aug-2016]::[8:56:52 PM]::[INFO]::[initialize ends]
[16-Aug-2016]::[8:56:52 PM]::[INFO]::[hideShowValidation starts]
[16-Aug-2016]::[8:56:52 PM]::[INFO]::[webViewActWidth in: 1079.14,vboxActWidth:  232.22000000000003,mainController.windowWidth: 1366.0]
[16-Aug-2016]::[8:56:52 PM]::[INFO]::[hide validation]
[16-Aug-2016]::[8:56:52 PM]::[INFO]::[hideShowValidation ends]
[16-Aug-2016]::[8:56:52 PM]::[INFO]::[Time taken in openNewITR(): 879]
[16-Aug-2016]::[8:56:52 PM]::[INFO]::[calculateITR starts]
[16-Aug-2016]::[8:56:53 PM]::[INFO]::[calculateITR ok starts]
[16-Aug-2016]::[8:56:53 PM]::[INFO]::[mainController.windowWidth new : 1366.0]
[16-Aug-2016]::[8:56:53 PM]::[INFO]::[MainLoader start method ends. Time taken: 4709]
[16-Aug-2016]::[8:56:55 PM]::[INFO]::[javascript: to run: ]
[16-Aug-2016]::[8:56:55 PM]::[INFO]::[time taken in changed : 602]
[16-Aug-2016]::[8:56:58 PM]::[INFO]::[url: https://www.google.co.in timeout: 30000]
[16-Aug-2016]::[8:57:16 PM]::[INFO]::[prefill caled]
[16-Aug-2016]::[8:57:16 PM]::[INFO]::[webservie url: https://incometaxindiaefiling.gov.in/e-FilingWS/ditws]
[16-Aug-2016]::[8:57:16 PM]::[INFO]::[call starts ]
[16-Aug-2016]::[8:57:16 PM]::[INFO]::[sendRequest starts]
[16-Aug-2016]::[8:57:16 PM]::[INFO]::[prefill ends after starting thread: ]
[16-Aug-2016]::[8:57:17 PM]::[INFO]::[Soap fault: null]
[16-Aug-2016]::[8:57:17 PM]::[INFO]::[sendrequest ends]
[16-Aug-2016]::[8:57:17 PM]::[INFO]::[call ends Time taken:842]
[16-Aug-2016]::[8:57:17 PM]::[INFO]::[cancel caled]
[16-Aug-2016]::[8:57:17 PM]::[INFO]::[Prefill done successfully]
