[10-Aug-2016]::[5:14:05 PM]::[com.itd.efiling.itr.main.ctrl.ThreeRedLightsIlluminate init]::[INFO]::[init starts]
[10-Aug-2016]::[5:14:05 PM]::[com.itd.efiling.itr.common.util.j setUtilityParams]::[INFO]::[url jar:file:/D:/Tushar%20Data/Business/IT%20RETURNS/Dineshbhai%20Sosa/AY%202016-17/ITR-1_2016/ITR-1_AY201617_PR4.jar!/META-INF/MANIFEST.MF]
[10-Aug-2016]::[5:14:05 PM]::[com.itd.efiling.itr.common.util.j setUtilityParams]::[INFO]::[2016-17 :: ITR-1 :: ]
[10-Aug-2016]::[5:14:05 PM]::[com.itd.efiling.itr.main.ctrl.ThreeRedLightsIlluminate init]::[INFO]::[init ends in 47 ms.]
[10-Aug-2016]::[5:14:05 PM]::[com.itd.efiling.itr.main.ctrl.ThreeRedLightsIlluminate start]::[INFO]::[MainLoader start method starts]
[10-Aug-2016]::[5:14:08 PM]::[com.itd.efiling.itr.main.ctrl.d initialize]::[INFO]::[initialize starts]
[10-Aug-2016]::[5:14:08 PM]::[com.itd.efiling.itr.common.util.c b]::[INFO]::[Before Validating fileListCommonScript ]
[10-Aug-2016]::[5:14:08 PM]::[com.itd.efiling.itr.common.util.c b]::[INFO]::[Before Validating fileListItrAy ]
[10-Aug-2016]::[5:14:09 PM]::[com.itd.efiling.itr.common.util.c b]::[INFO]::[Before Validating fileListConfig ]
[10-Aug-2016]::[5:14:09 PM]::[com.itd.efiling.itr.common.util.c b]::[INFO]::[Before Validating verifySignature ]
[10-Aug-2016]::[5:14:09 PM]::[com.itd.efiling.itr.common.util.c a]::[INFO]::[verifies : true]
[10-Aug-2016]::[5:14:09 PM]::[com.itd.efiling.itr.main.ctrl.d initialize]::[INFO]::[Is utiltity valid ::true]
[10-Aug-2016]::[5:14:09 PM]::[com.itd.efiling.itr.a.a.d c]::[INFO]::[loadingDialog starts]
[10-Aug-2016]::[5:14:09 PM]::[com.itd.efiling.itr.a.a.a <init>]::[INFO]::[CommonDialog starts]
[10-Aug-2016]::[5:14:09 PM]::[com.itd.efiling.itr.a.a.a <init>]::[INFO]::[CommonDialog ends]
[10-Aug-2016]::[5:14:10 PM]::[com.itd.efiling.itr.a.a.d c]::[INFO]::[loadingDialog ends]
[10-Aug-2016]::[5:14:10 PM]::[com.itd.efiling.itr.main.ctrl.a b]::[INFO]::[hide validation]
[10-Aug-2016]::[5:14:10 PM]::[com.itd.efiling.itr.main.ctrl.d a]::[INFO]::[importFile : null]
[10-Aug-2016]::[5:14:10 PM]::[com.itd.efiling.itr.main.ctrl.d initialize]::[INFO]::[initialize ends: time taken: 2212ms]
[10-Aug-2016]::[5:14:10 PM]::[com.itd.efiling.itr.main.ctrl.d initialize]::[INFO]::[initialize ends: time taken: 1ms]
[10-Aug-2016]::[5:14:10 PM]::[com.sun.javafx.css.parser.CSSParser declaration]::[WARNING]::[CSS Error parsing '*{-fx-font-weight: bold;-fx-font: 22px;}: Expected '<font-family>' while parsing '-fx-font' at [1,34]]
[10-Aug-2016]::[5:14:10 PM]::[com.sun.javafx.css.parser.CSSParser declaration]::[WARNING]::[CSS Error parsing '*{-fx-background-color: linear-gradient(#3A5058, #6aa2b1);-fx-font-weight: bold;-fx-font: 22px;}: Expected '<font-family>' while parsing '-fx-font' at [1,90]]
[10-Aug-2016]::[5:14:10 PM]::[com.itd.efiling.itr.main.ctrl.ThreeRedLightsIlluminate start]::[INFO]::[mainController.windowWidth new : 1366.0]
[10-Aug-2016]::[5:14:11 PM]::[com.itd.efiling.itr.main.ctrl.ThreeRedLightsIlluminate start]::[INFO]::[1366.0 :: 1079.14 :: 232.22000000000003]
[10-Aug-2016]::[5:14:11 PM]::[com.itd.efiling.itr.main.ctrl.ThreeRedLightsIlluminate start]::[INFO]::[MainLoader start method ends. Time taken: 5635]
[10-Aug-2016]::[5:14:12 PM]::[com.itd.efiling.itr.common.a.a a]::[INFO]::[oldState  : RUNNING newState : SUCCEEDED]
[10-Aug-2016]::[5:14:12 PM]::[com.itd.efiling.itr.common.a.a a]::[INFO]::[jsobj [object Window]]
[10-Aug-2016]::[5:14:15 PM]::[com.itd.efiling.itr.common.a.a a]::[INFO]::[time taken in changed : 65]
[10-Aug-2016]::[5:14:16 PM]::[com.itd.efiling.itr.toolbar.b importXml]::[INFO]::[importXmlDialog starts]
[10-Aug-2016]::[5:14:16 PM]::[com.itd.efiling.itr.a.a.e a]::[INFO]::[extension : .open title : null type : false]
[10-Aug-2016]::[5:14:26 PM]::[com.itd.efiling.itr.toolbar.b a]::[INFO]::[Actual ITR ITR-1 Actual assesment year2016-17]
[10-Aug-2016]::[5:14:27 PM]::[com.itd.efiling.itr.toolbar.b a]::[INFO]::[Imported ITR ITR-1 Imported assesment year2016-17]
[10-Aug-2016]::[5:14:27 PM]::[com.itd.efiling.itr.a.a.d c]::[INFO]::[loadingDialog starts]
[10-Aug-2016]::[5:14:27 PM]::[com.itd.efiling.itr.a.a.a <init>]::[INFO]::[CommonDialog starts]
[10-Aug-2016]::[5:14:27 PM]::[com.itd.efiling.itr.a.a.a <init>]::[INFO]::[CommonDialog ends]
[10-Aug-2016]::[5:14:27 PM]::[com.itd.efiling.itr.a.a.d c]::[INFO]::[loadingDialog ends]
[10-Aug-2016]::[5:14:27 PM]::[com.itd.efiling.itr.main.ctrl.a b]::[INFO]::[hide validation]
[10-Aug-2016]::[5:14:27 PM]::[com.itd.efiling.itr.main.ctrl.d a]::[INFO]::[importFile : D:\Tushar Data\Business\IT RETURNS\Dineshbhai Sosa\AY 2016-17\FINAL.xml]
[10-Aug-2016]::[5:14:27 PM]::[com.itd.efiling.itr.common.a.a a]::[INFO]::[oldState  : SUCCEEDED newState : READY]
[10-Aug-2016]::[5:14:27 PM]::[com.itd.efiling.itr.common.a.a a]::[INFO]::[oldState  : READY newState : SCHEDULED]
[10-Aug-2016]::[5:14:27 PM]::[com.itd.efiling.itr.common.a.a a]::[INFO]::[oldState  : SCHEDULED newState : RUNNING]
[10-Aug-2016]::[5:14:27 PM]::[com.itd.efiling.itr.toolbar.b importXml]::[INFO]::[importXmlDialog ends]
[10-Aug-2016]::[5:14:27 PM]::[com.itd.efiling.itr.common.a.a a]::[INFO]::[oldState  : RUNNING newState : SUCCEEDED]
[10-Aug-2016]::[5:14:27 PM]::[com.itd.efiling.itr.common.a.a a]::[INFO]::[jsobj [object Window]]
[10-Aug-2016]::[5:14:27 PM]::[com.itd.efiling.itr.common.util.l a]::[INFO]::[Before setDocument]
[10-Aug-2016]::[5:14:27 PM]::[com.itd.efiling.itr.common.util.l a]::[INFO]::[iterateNodeImportXml 0]
[10-Aug-2016]::[5:14:27 PM]::[com.itd.efiling.itr.common.util.l a]::[INFO]::[cacheHtmlElements ]
[10-Aug-2016]::[5:14:27 PM]::[com.itd.efiling.itr.common.util.l b]::[INFO]::[Before cacheHtmlElements 0]
[10-Aug-2016]::[5:14:27 PM]::[com.itd.efiling.itr.common.util.l b]::[INFO]::[After cacheHtmlElements 218]
[10-Aug-2016]::[5:14:27 PM]::[com.itd.efiling.itr.common.util.l a]::[INFO]::[putValuesToHTML ]
[10-Aug-2016]::[5:14:27 PM]::[com.itd.efiling.itr.common.util.l a]::[INFO]::[Before setValuesInForm]
[10-Aug-2016]::[5:14:27 PM]::[com.itd.efiling.itr.common.util.l a]::[INFO]::[End of putValuesToHTML]
[10-Aug-2016]::[5:14:27 PM]::[com.itd.efiling.itr.common.util.l a]::[INFO]::[time taken in importxml function: 107]
[10-Aug-2016]::[5:14:30 PM]::[com.itd.efiling.itr.common.a.a a]::[INFO]::[time taken in changed : 1349]
[10-Aug-2016]::[5:14:30 PM]::[com.itd.efiling.itr.common.a.a a]::[INFO]::[oldState  : RUNNING newState : SUCCEEDED]
[10-Aug-2016]::[5:14:43 PM]::[com.itd.efiling.itr.validation.a.a a]::[INFO]::[FIELD_VALIDATORS_MAP 183]
[10-Aug-2016]::[5:15:27 PM]::[com.itd.efiling.itr.toolbar.b validateAndSaveFile]::[INFO]::[validateAndSaveFile ]
[10-Aug-2016]::[5:15:27 PM]::[com.itd.efiling.itr.main.ctrl.a c]::[INFO]::[show validation]
[10-Aug-2016]::[5:15:27 PM]::[com.itd.efiling.itr.validation.helpers.Validator validateAll]::[INFO]::[Time taken in validateAll(): 0]
[10-Aug-2016]::[5:15:27 PM]::[com.itd.efiling.itr.validation.helpers.Validator call]::[INFO]::[Call() starts : ]
[10-Aug-2016]::[5:15:27 PM]::[com.itd.efiling.itr.validation.helpers.Validator call]::[INFO]::[Call() ends time taken: 434  error count :2]
[10-Aug-2016]::[5:16:56 PM]::[com.itd.efiling.itr.toolbar.b validateAndSaveFile]::[INFO]::[validateAndSaveFile ]
[10-Aug-2016]::[5:16:56 PM]::[com.itd.efiling.itr.main.ctrl.a c]::[INFO]::[show validation]
[10-Aug-2016]::[5:16:56 PM]::[com.itd.efiling.itr.validation.helpers.Validator validateAll]::[INFO]::[Time taken in validateAll(): 0]
[10-Aug-2016]::[5:16:56 PM]::[com.itd.efiling.itr.validation.helpers.Validator call]::[INFO]::[Call() starts : ]
[10-Aug-2016]::[5:16:56 PM]::[com.itd.efiling.itr.validation.helpers.Validator call]::[INFO]::[Call() ends time taken: 28  error count :0]
[10-Aug-2016]::[5:16:56 PM]::[com.itd.efiling.itr.a.a.e a]::[INFO]::[extension : .xml title : null type : true]
[10-Aug-2016]::[5:17:01 PM]::[com.itd.efiling.itr.common.util.f b]::[INFO]::[Before setDocument]
[10-Aug-2016]::[5:17:01 PM]::[com.itd.efiling.itr.common.util.f b]::[INFO]::[After setDocument[#document: null]]
[10-Aug-2016]::[5:17:01 PM]::[com.itd.efiling.itr.common.cachers.b a]::[INFO]::[flagtrue]
[10-Aug-2016]::[5:17:01 PM]::[com.itd.efiling.itr.common.cachers.b a]::[INFO]::[doc[#document: null]]
[10-Aug-2016]::[5:17:01 PM]::[com.itd.efiling.itr.common.cachers.b a]::[INFO]::[Inside deleteNodeGenerateXml]
[10-Aug-2016]::[5:17:01 PM]::[com.itd.efiling.itr.common.util.f b]::[INFO]::[FIELD_VALUE 218]
[10-Aug-2016]::[5:17:02 PM]::[com.itd.efiling.itr.common.util.f a]::[INFO]::[done with schema error; 0]
[10-Aug-2016]::[5:17:02 PM]::[com.itd.efiling.itr.common.util.f a]::[INFO]::[hash {} RspwTQFS9ytLtYAWMaIg4MvUdJUoog9gGiGCzbOzNLs=]
[10-Aug-2016]::[5:17:02 PM]::[com.itd.efiling.itr.common.util.f a]::[INFO]::[Time taken to generate: 836 ms ]
[10-Aug-2016]::[5:17:05 PM]::[com.itd.efiling.itr.toolbar.b submit]::[INFO]::[validateITR starts]
[10-Aug-2016]::[5:17:05 PM]::[com.itd.efiling.itr.main.ctrl.a c]::[INFO]::[show validation]
[10-Aug-2016]::[5:17:05 PM]::[com.itd.efiling.itr.validation.helpers.Validator validateAll]::[INFO]::[Time taken in validateAll(): 0]
[10-Aug-2016]::[5:17:05 PM]::[com.itd.efiling.itr.validation.helpers.Validator call]::[INFO]::[Call() starts : ]
[10-Aug-2016]::[5:17:05 PM]::[com.itd.efiling.itr.validation.helpers.Validator call]::[INFO]::[Call() ends time taken: 37  error count :0]
[10-Aug-2016]::[5:17:05 PM]::[com.itd.efiling.itr.common.util.f b]::[INFO]::[Before setDocument]
[10-Aug-2016]::[5:17:05 PM]::[com.itd.efiling.itr.common.util.f b]::[INFO]::[After setDocument[#document: null]]
[10-Aug-2016]::[5:17:05 PM]::[com.itd.efiling.itr.common.cachers.b a]::[INFO]::[flagtrue]
[10-Aug-2016]::[5:17:05 PM]::[com.itd.efiling.itr.common.cachers.b a]::[INFO]::[doc[#document: null]]
[10-Aug-2016]::[5:17:05 PM]::[com.itd.efiling.itr.common.cachers.b a]::[INFO]::[Inside deleteNodeGenerateXml]
[10-Aug-2016]::[5:17:05 PM]::[com.itd.efiling.itr.common.util.f b]::[INFO]::[FIELD_VALUE 218]
[10-Aug-2016]::[5:17:05 PM]::[com.itd.efiling.itr.common.util.f a]::[INFO]::[done with schema error; 0]
[10-Aug-2016]::[5:17:05 PM]::[com.itd.efiling.itr.common.util.f a]::[INFO]::[hash {} RspwTQFS9ytLtYAWMaIg4MvUdJUoog9gGiGCzbOzNLs=]
[10-Aug-2016]::[5:17:05 PM]::[com.itd.efiling.itr.common.util.f a]::[INFO]::[Time taken to generate: 290 ms ]
[10-Aug-2016]::[5:17:05 PM]::[com.itd.efiling.itr.a.a.a <init>]::[INFO]::[CommonDialog starts]
[10-Aug-2016]::[5:17:06 PM]::[com.itd.efiling.itr.a.a.n initialize]::[INFO]::[initialize submit itr starts]
[10-Aug-2016]::[5:17:06 PM]::[com.itd.efiling.itr.a.a.n initialize]::[INFO]::[Time taken to get the document 11]
[10-Aug-2016]::[5:17:06 PM]::[com.itd.efiling.itr.a.a.n initialize]::[INFO]::[Time taken to set the parameters1]
[10-Aug-2016]::[5:17:06 PM]::[com.itd.efiling.itr.a.a.n initialize]::[INFO]::[Time taken to enableSec44AB 0]
[10-Aug-2016]::[5:17:06 PM]::[com.itd.efiling.itr.a.a.n initialize]::[INFO]::[Time taken to addKeyEvent 4]
[10-Aug-2016]::[5:17:06 PM]::[com.itd.efiling.itr.a.a.n initialize]::[INFO]::[Time taken to hideDscRelated 0]
[10-Aug-2016]::[5:17:06 PM]::[com.itd.efiling.itr.b.a.n getKeyStoreAliases]::[INFO]::[set : []]
[10-Aug-2016]::[5:17:06 PM]::[com.itd.efiling.itr.a.a.n o]::[INFO]::[Time taken to initialize usb tokens315]
[10-Aug-2016]::[5:17:06 PM]::[com.itd.efiling.itr.a.a.n initialize]::[INFO]::[Time taken to initUsbTokens 317]
[10-Aug-2016]::[5:17:06 PM]::[com.itd.efiling.itr.a.a.a <init>]::[INFO]::[CommonDialog ends]
[10-Aug-2016]::[5:17:06 PM]::[com.itd.efiling.itr.a.a.n dscMandatory]::[INFO]::[dscMandatory starts::ITR-1]
[10-Aug-2016]::[5:17:06 PM]::[com.itd.efiling.itr.a.a.n dscMandatory]::[INFO]::[dscMandatory ends]
[10-Aug-2016]::[5:17:18 PM]::[com.itd.efiling.itr.a.a.n f]::[INFO]::[validateDSCKey ends with flag: true]
[10-Aug-2016]::[5:17:18 PM]::[com.itd.efiling.itr.webservice.a.f b]::[INFO]::[Thread call starts]
[10-Aug-2016]::[5:17:18 PM]::[com.itd.efiling.itr.webservice.a.f a]::[INFO]::[sendRequest starts]
[10-Aug-2016]::[5:17:18 PM]::[com.itd.efiling.itr.common.util.e getSecuredRequest]::[INFO]::[Before getting secured request]
[10-Aug-2016]::[5:17:18 PM]::[com.itd.efiling.itr.common.util.e getSecuredRequest]::[INFO]::[After getting secured request]
[10-Aug-2016]::[5:17:18 PM]::[com.itd.efiling.itr.common.util.c d]::[INFO]::[file : .\ITR]
[10-Aug-2016]::[5:17:18 PM]::[com.itd.efiling.itr.common.util.c d]::[INFO]::[file : .\ITR-1_AY201617_PR4.jar]
[10-Aug-2016]::[5:17:21 PM]::[com.itd.efiling.itr.webservice.a.f a]::[INFO]::[Soap fault: , errorNode: nullnull]
[10-Aug-2016]::[5:17:21 PM]::[com.itd.efiling.itr.a.a.n cancel]::[INFO]::[cancel caled]
[10-Aug-2016]::[5:17:21 PM]::[com.itd.efiling.itr.webservice.a.f b]::[INFO]::[Thread call ends : time taken: 3303]
[10-Aug-2016]::[5:17:21 PM]::[com.itd.efiling.itr.webservice.a.f b]::[INFO]::[Writing to file: C:\Users\TUSHAR~1\AppData\Local\Temp\ITRvFile-8113766712497972568734790775.zip]
[10-Aug-2016]::[5:17:21 PM]::[com.itd.efiling.itr.a.a.a <init>]::[INFO]::[CommonDialog starts]
[10-Aug-2016]::[5:17:22 PM]::[com.itd.efiling.itr.a.a.l initialize]::[INFO]::[initialize starts]
[10-Aug-2016]::[5:17:22 PM]::[com.itd.efiling.itr.a.a.l b]::[INFO]::[loadITRVPage stats with transaction id 3275144234 ,email TUSHARMOHITE0@GMAIL.COM]
[10-Aug-2016]::[5:17:22 PM]::[com.itd.efiling.itr.a.a.a <init>]::[INFO]::[CommonDialog ends]
[10-Aug-2016]::[5:17:22 PM]::[com.itd.efiling.itr.a.a.l a]::[INFO]::[saveIfNot after shows: ]
[10-Aug-2016]::[5:26:06 PM]::[com.itd.efiling.itr.common.dialog.o a]::[INFO]::[Inside  closeUtility]
[10-Aug-2016]::[5:26:07 PM]::[com.itd.efiling.itr.main.ctrl.h a]::[INFO]::[ Close Event WindowEvent [source = javafx.stage.Stage@1c4214d, target = javafx.stage.Stage@1c4214d, eventType = WINDOW_CLOSE_REQUEST, consumed = false]]
