[24-Jul-2018]::[11:51:38 AM]::[com.itd.efiling.itr.main.ctrl.ThreeRedLightsIlluminate init]::[INFO]::[init starts]
[24-Jul-2018]::[11:51:38 AM]::[com.itd.efiling.itr.common.util.j setUtilityParams]::[INFO]::[url jar:file:/D:/Data0/IT%20Returns/Varsha%20Mali/AY%202018-19/ITR-3_2018/ITR-3_AY201819_PR2.jar!/META-INF/MANIFEST.MF]
[24-Jul-2018]::[11:51:38 AM]::[com.itd.efiling.itr.common.util.j setUtilityParams]::[INFO]::[2018-19 :: ITR-3 :: ]
[24-Jul-2018]::[11:51:38 AM]::[com.itd.efiling.itr.main.ctrl.ThreeRedLightsIlluminate init]::[INFO]::[init ends in 67 ms.]
[24-Jul-2018]::[11:51:38 AM]::[com.itd.efiling.itr.main.ctrl.ThreeRedLightsIlluminate start]::[INFO]::[MainLoader start method starts]
[24-Jul-2018]::[11:51:41 AM]::[com.itd.efiling.itr.main.ctrl.d initialize]::[INFO]::[initialize starts]
[24-Jul-2018]::[11:51:41 AM]::[com.itd.efiling.itr.common.util.c b]::[INFO]::[Before Validating fileListCommonScript ]
[24-Jul-2018]::[11:51:42 AM]::[com.itd.efiling.itr.common.util.c b]::[INFO]::[Before Validating fileListItrAy ]
[24-Jul-2018]::[11:51:43 AM]::[com.itd.efiling.itr.common.util.c b]::[INFO]::[Before Validating fileListConfig ]
[24-Jul-2018]::[11:51:44 AM]::[com.itd.efiling.itr.common.util.c b]::[INFO]::[Before Validating verifySignature ]
[24-Jul-2018]::[11:51:44 AM]::[com.itd.efiling.itr.common.util.c a]::[INFO]::[verifies : true]
[24-Jul-2018]::[11:51:44 AM]::[com.itd.efiling.itr.main.ctrl.d initialize]::[INFO]::[Is utiltity valid ::true]
[24-Jul-2018]::[11:51:44 AM]::[com.itd.efiling.itr.a.a.d c]::[INFO]::[loadingDialog starts]
[24-Jul-2018]::[11:51:44 AM]::[com.itd.efiling.itr.a.a.a <init>]::[INFO]::[CommonDialog starts]
[24-Jul-2018]::[11:51:44 AM]::[com.itd.efiling.itr.a.a.a <init>]::[INFO]::[CommonDialog ends]
[24-Jul-2018]::[11:51:45 AM]::[com.itd.efiling.itr.a.a.d c]::[INFO]::[loadingDialog ends]
[24-Jul-2018]::[11:51:45 AM]::[com.itd.efiling.itr.main.ctrl.a b]::[INFO]::[hide validation]
[24-Jul-2018]::[11:51:45 AM]::[com.itd.efiling.itr.main.ctrl.d a]::[INFO]::[importFile : null]
[24-Jul-2018]::[11:51:45 AM]::[com.itd.efiling.itr.main.ctrl.d initialize]::[INFO]::[initialize ends: time taken: 3939ms]
[24-Jul-2018]::[11:51:45 AM]::[com.itd.efiling.itr.main.ctrl.d initialize]::[INFO]::[initialize ends: time taken: 2ms]
[24-Jul-2018]::[11:51:45 AM]::[com.sun.javafx.css.parser.CSSParser declaration]::[WARNING]::[CSS Error parsing '*{-fx-background-color: linear-gradient(#3A5058, #6aa2b1);-fx-font-weight: bold;-fx-font: 22px;}: Expected '<font-family>' while parsing '-fx-font' at [1,90]]
[24-Jul-2018]::[11:51:45 AM]::[com.sun.javafx.css.parser.CSSParser declaration]::[WARNING]::[CSS Error parsing '*{-fx-font-weight: bold;-fx-font: 22px;}: Expected '<font-family>' while parsing '-fx-font' at [1,34]]
[24-Jul-2018]::[11:51:45 AM]::[com.itd.efiling.itr.main.ctrl.ThreeRedLightsIlluminate start]::[INFO]::[mainController.windowWidth new : 1303.0]
[24-Jul-2018]::[11:51:45 AM]::[com.itd.efiling.itr.main.ctrl.ThreeRedLightsIlluminate start]::[INFO]::[1303.0 :: 1029.3700000000001 :: 221.51000000000002]
[24-Jul-2018]::[11:51:45 AM]::[com.itd.efiling.itr.main.ctrl.ThreeRedLightsIlluminate start]::[INFO]::[MainLoader start method ends. Time taken: 7155]
[24-Jul-2018]::[11:51:48 AM]::[com.itd.efiling.itr.common.a.a a]::[INFO]::[oldState  : RUNNING newState : SUCCEEDED]
[24-Jul-2018]::[11:51:48 AM]::[com.itd.efiling.itr.common.a.a a]::[INFO]::[jsobj [object Window]]
[24-Jul-2018]::[11:51:54 AM]::[com.itd.efiling.itr.common.a.a a]::[INFO]::[time taken in changed : 5521]
[24-Jul-2018]::[11:51:58 AM]::[com.itd.efiling.itr.toolbar.b prefill]::[INFO]::[prefill]
[24-Jul-2018]::[11:52:01 AM]::[com.itd.efiling.itr.toolbar.b prefill]::[INFO]::[importprefillXmlDialog starts]
[24-Jul-2018]::[11:52:01 AM]::[com.itd.efiling.itr.a.a.e a]::[INFO]::[extension : .open title : null type : false]
[24-Jul-2018]::[11:52:12 AM]::[com.itd.efiling.itr.toolbar.b a]::[INFO]::[Actual ITR ITR-3 Actual assesment year2018-19]
[24-Jul-2018]::[11:52:13 AM]::[com.itd.efiling.itr.toolbar.b a]::[INFO]::[Imported ITR ITR-3 Imported assesment year2018-19]
[24-Jul-2018]::[11:52:13 AM]::[com.itd.efiling.itr.a.a.d c]::[INFO]::[loadingDialog starts]
[24-Jul-2018]::[11:52:13 AM]::[com.itd.efiling.itr.a.a.a <init>]::[INFO]::[CommonDialog starts]
[24-Jul-2018]::[11:52:13 AM]::[com.itd.efiling.itr.a.a.a <init>]::[INFO]::[CommonDialog ends]
[24-Jul-2018]::[11:52:13 AM]::[com.itd.efiling.itr.a.a.d c]::[INFO]::[loadingDialog ends]
[24-Jul-2018]::[11:52:13 AM]::[com.itd.efiling.itr.main.ctrl.a b]::[INFO]::[hide validation]
[24-Jul-2018]::[11:52:13 AM]::[com.itd.efiling.itr.main.ctrl.d a]::[INFO]::[importFile : D:\Data0\IT Returns\Varsha Mali\AY 2018-19\2018-07-24-09-54-05-217_ADHPM5213D_2018_.xml]
[24-Jul-2018]::[11:52:13 AM]::[com.itd.efiling.itr.common.a.a a]::[INFO]::[oldState  : SUCCEEDED newState : READY]
[24-Jul-2018]::[11:52:13 AM]::[com.itd.efiling.itr.common.a.a a]::[INFO]::[oldState  : READY newState : SCHEDULED]
[24-Jul-2018]::[11:52:13 AM]::[com.itd.efiling.itr.common.a.a a]::[INFO]::[oldState  : SCHEDULED newState : RUNNING]
[24-Jul-2018]::[11:52:13 AM]::[com.itd.efiling.itr.toolbar.b prefill]::[INFO]::[imporprefilltXmlDialog ends]
[24-Jul-2018]::[11:52:15 AM]::[com.itd.efiling.itr.common.a.a a]::[INFO]::[oldState  : RUNNING newState : SUCCEEDED]
[24-Jul-2018]::[11:52:15 AM]::[com.itd.efiling.itr.common.a.a a]::[INFO]::[jsobj [object Window]]
[24-Jul-2018]::[11:52:15 AM]::[com.itd.efiling.itr.common.util.l a]::[INFO]::[Before setDocument]
[24-Jul-2018]::[11:52:15 AM]::[com.itd.efiling.itr.common.util.l a]::[INFO]::[iterateNodeImportXml 0]
[24-Jul-2018]::[11:52:15 AM]::[com.itd.efiling.itr.common.util.l a]::[INFO]::[cacheHtmlElements ]
[24-Jul-2018]::[11:52:15 AM]::[com.itd.efiling.itr.common.util.l b]::[INFO]::[Before cacheHtmlElements 0]
[24-Jul-2018]::[11:52:15 AM]::[com.itd.efiling.itr.common.util.l b]::[INFO]::[After cacheHtmlElements 2246]
[24-Jul-2018]::[11:52:15 AM]::[com.itd.efiling.itr.common.util.l a]::[INFO]::[putValuesToHTML ]
[24-Jul-2018]::[11:52:15 AM]::[com.itd.efiling.itr.common.util.l a]::[INFO]::[Before setValuesInForm]
[24-Jul-2018]::[11:52:17 AM]::[com.itd.efiling.itr.common.util.l a]::[INFO]::[End of putValuesToHTML]
[24-Jul-2018]::[11:52:17 AM]::[com.itd.efiling.itr.common.util.l a]::[INFO]::[time taken in importxml function: 1919]
[24-Jul-2018]::[11:52:21 AM]::[com.itd.efiling.itr.common.a.a a]::[INFO]::[time taken in changed : 6246]
[24-Jul-2018]::[11:52:21 AM]::[com.itd.efiling.itr.common.a.a a]::[INFO]::[oldState  : RUNNING newState : SUCCEEDED]
[24-Jul-2018]::[12:44:55 PM]::[com.itd.efiling.itr.validation.a.a a]::[INFO]::[FIELD_VALIDATORS_MAP 1917]
[24-Jul-2018]::[1:33:00 PM]::[com.itd.efiling.itr.common.dialog.p a]::[INFO]::[Inside  closeUtility]
[24-Jul-2018]::[1:33:02 PM]::[com.itd.efiling.itr.main.ctrl.h a]::[INFO]::[ Close Event WindowEvent [source = javafx.stage.Stage@64b18c, target = javafx.stage.Stage@64b18c, eventType = WINDOW_CLOSE_REQUEST, consumed = false]]
