[17-Aug-2016]::[3:17:26 PM]::[com.itd.efiling.itr.main.ctrl.ThreeRedLightsIlluminate init]::[INFO]::[init starts]
[17-Aug-2016]::[3:17:26 PM]::[com.itd.efiling.itr.common.util.j setUtilityParams]::[INFO]::[url jar:file:/F:/Tushar%20Data/Business/IT%20RETURNS/Muralidhar%20Gejge/ITR-4S_2016/ITR-4S_AY201617_PR5.jar!/META-INF/MANIFEST.MF]
[17-Aug-2016]::[3:17:26 PM]::[com.itd.efiling.itr.common.util.j setUtilityParams]::[INFO]::[2016-17 :: ITR-4S :: ]
[17-Aug-2016]::[3:17:26 PM]::[com.itd.efiling.itr.main.ctrl.ThreeRedLightsIlluminate init]::[INFO]::[init ends in 15 ms.]
[17-Aug-2016]::[3:17:26 PM]::[com.itd.efiling.itr.main.ctrl.ThreeRedLightsIlluminate start]::[INFO]::[MainLoader start method starts]
[17-Aug-2016]::[3:17:27 PM]::[com.itd.efiling.itr.main.ctrl.d initialize]::[INFO]::[initialize starts]
[17-Aug-2016]::[3:17:27 PM]::[com.itd.efiling.itr.common.util.c b]::[INFO]::[Before Validating fileListCommonScript ]
[17-Aug-2016]::[3:17:27 PM]::[com.itd.efiling.itr.common.util.c b]::[INFO]::[Before Validating fileListItrAy ]
[17-Aug-2016]::[3:17:27 PM]::[com.itd.efiling.itr.common.util.c b]::[INFO]::[Before Validating fileListConfig ]
[17-Aug-2016]::[3:17:27 PM]::[com.itd.efiling.itr.common.util.c b]::[INFO]::[Before Validating verifySignature ]
[17-Aug-2016]::[3:17:27 PM]::[com.itd.efiling.itr.common.util.c a]::[INFO]::[verifies : true]
[17-Aug-2016]::[3:17:27 PM]::[com.itd.efiling.itr.main.ctrl.d initialize]::[INFO]::[Is utiltity valid ::true]
[17-Aug-2016]::[3:17:27 PM]::[com.itd.efiling.itr.a.a.d c]::[INFO]::[loadingDialog starts]
[17-Aug-2016]::[3:17:27 PM]::[com.itd.efiling.itr.a.a.a <init>]::[INFO]::[CommonDialog starts]
[17-Aug-2016]::[3:17:27 PM]::[com.itd.efiling.itr.a.a.a <init>]::[INFO]::[CommonDialog ends]
[17-Aug-2016]::[3:17:28 PM]::[com.itd.efiling.itr.a.a.d c]::[INFO]::[loadingDialog ends]
[17-Aug-2016]::[3:17:28 PM]::[com.itd.efiling.itr.main.ctrl.a b]::[INFO]::[hide validation]
[17-Aug-2016]::[3:17:28 PM]::[com.itd.efiling.itr.main.ctrl.d a]::[INFO]::[importFile : null]
[17-Aug-2016]::[3:17:28 PM]::[com.itd.efiling.itr.main.ctrl.d initialize]::[INFO]::[initialize ends: time taken: 811ms]
[17-Aug-2016]::[3:17:28 PM]::[com.itd.efiling.itr.main.ctrl.d initialize]::[INFO]::[initialize ends: time taken: 1ms]
[17-Aug-2016]::[3:17:28 PM]::[com.sun.javafx.css.parser.CSSParser declaration]::[WARNING]::[CSS Error parsing '*{-fx-font-weight: bold;-fx-font: 22px;}: Expected '<font-family>' while parsing '-fx-font' at [1,34]]
[17-Aug-2016]::[3:17:28 PM]::[com.sun.javafx.css.parser.CSSParser declaration]::[WARNING]::[CSS Error parsing '*{-fx-background-color: linear-gradient(#3A5058, #6aa2b1);-fx-font-weight: bold;-fx-font: 22px;}: Expected '<font-family>' while parsing '-fx-font' at [1,90]]
[17-Aug-2016]::[3:17:28 PM]::[com.itd.efiling.itr.main.ctrl.ThreeRedLightsIlluminate start]::[INFO]::[mainController.windowWidth new : 1366.0]
[17-Aug-2016]::[3:17:28 PM]::[com.itd.efiling.itr.main.ctrl.ThreeRedLightsIlluminate start]::[INFO]::[1366.0 :: 1079.14 :: 232.22000000000003]
[17-Aug-2016]::[3:17:28 PM]::[com.itd.efiling.itr.main.ctrl.ThreeRedLightsIlluminate start]::[INFO]::[MainLoader start method ends. Time taken: 1505]
[17-Aug-2016]::[3:17:28 PM]::[com.itd.efiling.itr.common.a.a a]::[INFO]::[oldState  : RUNNING newState : SUCCEEDED]
[17-Aug-2016]::[3:17:28 PM]::[com.itd.efiling.itr.common.a.a a]::[INFO]::[jsobj [object Window]]
[17-Aug-2016]::[3:17:30 PM]::[com.itd.efiling.itr.common.a.a a]::[INFO]::[time taken in changed : 21]
[17-Aug-2016]::[3:17:30 PM]::[com.itd.efiling.itr.toolbar.b prefill]::[INFO]::[prefill]
[17-Aug-2016]::[3:17:31 PM]::[com.itd.efiling.itr.a.a.a <init>]::[INFO]::[CommonDialog starts]
[17-Aug-2016]::[3:17:31 PM]::[com.itd.efiling.itr.a.a.a <init>]::[INFO]::[CommonDialog ends]
[17-Aug-2016]::[3:17:48 PM]::[com.itd.efiling.itr.a.a.f prefill]::[INFO]::[prefill caled]
[17-Aug-2016]::[3:17:48 PM]::[com.itd.efiling.itr.a.a.f prefill]::[INFO]::[prefill ends after starting thread: ]
[17-Aug-2016]::[3:17:48 PM]::[com.itd.efiling.itr.webservice.a.a b]::[INFO]::[call starts ]
[17-Aug-2016]::[3:17:48 PM]::[com.itd.efiling.itr.webservice.a.a c]::[INFO]::[sendRequest starts]
[17-Aug-2016]::[3:17:48 PM]::[com.itd.efiling.itr.common.util.e getSecuredRequest]::[INFO]::[Before getting secured request]
[17-Aug-2016]::[3:17:48 PM]::[com.itd.efiling.itr.common.util.e getSecuredRequest]::[INFO]::[After getting secured request]
[17-Aug-2016]::[3:17:48 PM]::[com.itd.efiling.itr.common.util.c d]::[INFO]::[file : .\ITR]
[17-Aug-2016]::[3:17:48 PM]::[com.itd.efiling.itr.common.util.c d]::[INFO]::[file : .\ITR-4S_AY201617_PR5.jar]
[17-Aug-2016]::[3:17:49 PM]::[com.itd.efiling.itr.webservice.a.a c]::[INFO]::[Soap fault: null]
[17-Aug-2016]::[3:17:49 PM]::[com.itd.efiling.itr.webservice.a.a c]::[INFO]::[Soap errorNode : null]
[17-Aug-2016]::[3:17:49 PM]::[com.itd.efiling.itr.webservice.a.a c]::[INFO]::[sendrequest ends]
[17-Aug-2016]::[3:17:49 PM]::[com.itd.efiling.itr.webservice.a.a b]::[INFO]::[call ends Time taken:1227]
[17-Aug-2016]::[3:17:49 PM]::[com.itd.efiling.itr.a.a.f cancel]::[INFO]::[cancel caled]
[17-Aug-2016]::[3:17:50 PM]::[com.itd.efiling.itr.webservice.a.d run]::[INFO]::[Prefill done successfully]
[17-Aug-2016]::[3:17:57 PM]::[com.itd.efiling.itr.validation.a.a a]::[INFO]::[FIELD_VALIDATORS_MAP 198]
[17-Aug-2016]::[3:19:38 PM]::[com.itd.efiling.itr.common.util.JavaScriptFunctions getBankName]::[INFO]::[ifsc isBKID]
[17-Aug-2016]::[3:19:57 PM]::[com.itd.efiling.itr.toolbar.b saveAsDraft]::[INFO]::[saveFile]
[17-Aug-2016]::[3:19:57 PM]::[com.itd.efiling.itr.a.a.e a]::[INFO]::[extension : .draft title : null type : true]
[17-Aug-2016]::[3:20:06 PM]::[com.itd.efiling.itr.common.util.f b]::[INFO]::[Before setDocument]
[17-Aug-2016]::[3:20:06 PM]::[com.itd.efiling.itr.common.util.f b]::[INFO]::[After setDocument[#document: null]]
[17-Aug-2016]::[3:20:06 PM]::[com.itd.efiling.itr.common.cachers.b a]::[INFO]::[flagfalse]
[17-Aug-2016]::[3:20:06 PM]::[com.itd.efiling.itr.common.cachers.b a]::[INFO]::[doc[#document: null]]
[17-Aug-2016]::[3:20:07 PM]::[com.itd.efiling.itr.common.util.f b]::[INFO]::[FIELD_VALUE 237]
[17-Aug-2016]::[3:20:08 PM]::[com.itd.efiling.itr.toolbar.b validateAndSaveFile]::[INFO]::[validateAndSaveFile ]
[17-Aug-2016]::[3:20:08 PM]::[com.itd.efiling.itr.main.ctrl.a c]::[INFO]::[show validation]
[17-Aug-2016]::[3:20:08 PM]::[com.itd.efiling.itr.validation.helpers.Validator validateAll]::[INFO]::[Time taken in validateAll(): 0]
[17-Aug-2016]::[3:20:08 PM]::[com.itd.efiling.itr.validation.helpers.Validator call]::[INFO]::[Call() starts : ]
[17-Aug-2016]::[3:20:08 PM]::[com.itd.efiling.itr.validation.helpers.Validator call]::[INFO]::[Call() ends time taken: 29  error count :0]
[17-Aug-2016]::[3:20:08 PM]::[com.itd.efiling.itr.a.a.e a]::[INFO]::[extension : .xml title : null type : true]
[17-Aug-2016]::[3:20:31 PM]::[com.itd.efiling.itr.toolbar.b validateAndSaveFile]::[INFO]::[validateAndSaveFile ]
[17-Aug-2016]::[3:20:31 PM]::[com.itd.efiling.itr.main.ctrl.a c]::[INFO]::[show validation]
[17-Aug-2016]::[3:20:31 PM]::[com.itd.efiling.itr.validation.helpers.Validator validateAll]::[INFO]::[Time taken in validateAll(): 0]
[17-Aug-2016]::[3:20:31 PM]::[com.itd.efiling.itr.validation.helpers.Validator call]::[INFO]::[Call() starts : ]
[17-Aug-2016]::[3:20:31 PM]::[com.itd.efiling.itr.validation.helpers.Validator call]::[INFO]::[Call() ends time taken: 9  error count :0]
[17-Aug-2016]::[3:20:31 PM]::[com.itd.efiling.itr.a.a.e a]::[INFO]::[extension : .xml title : null type : true]
[17-Aug-2016]::[3:20:36 PM]::[com.itd.efiling.itr.common.util.f b]::[INFO]::[Before setDocument]
[17-Aug-2016]::[3:20:36 PM]::[com.itd.efiling.itr.common.util.f b]::[INFO]::[After setDocument[#document: null]]
[17-Aug-2016]::[3:20:36 PM]::[com.itd.efiling.itr.common.cachers.b a]::[INFO]::[flagtrue]
[17-Aug-2016]::[3:20:36 PM]::[com.itd.efiling.itr.common.cachers.b a]::[INFO]::[doc[#document: null]]
[17-Aug-2016]::[3:20:36 PM]::[com.itd.efiling.itr.common.cachers.b a]::[INFO]::[Inside deleteNodeGenerateXml]
[17-Aug-2016]::[3:20:36 PM]::[com.itd.efiling.itr.common.util.f b]::[INFO]::[FIELD_VALUE 237]
[17-Aug-2016]::[3:20:37 PM]::[com.itd.efiling.itr.common.util.f a]::[INFO]::[done with schema error; 0]
[17-Aug-2016]::[3:20:37 PM]::[com.itd.efiling.itr.common.util.f a]::[INFO]::[hash {} uEdON7CJAEzao3Mg29H1L8R19XCWLx5CAjth3yffqdA=]
[17-Aug-2016]::[3:20:37 PM]::[com.itd.efiling.itr.common.util.f a]::[INFO]::[Time taken to generate: 282 ms ]
[17-Aug-2016]::[3:20:50 PM]::[com.itd.efiling.itr.toolbar.b submit]::[INFO]::[validateITR starts]
[17-Aug-2016]::[3:20:50 PM]::[com.itd.efiling.itr.main.ctrl.a c]::[INFO]::[show validation]
[17-Aug-2016]::[3:20:50 PM]::[com.itd.efiling.itr.validation.helpers.Validator validateAll]::[INFO]::[Time taken in validateAll(): 0]
[17-Aug-2016]::[3:20:50 PM]::[com.itd.efiling.itr.validation.helpers.Validator call]::[INFO]::[Call() starts : ]
[17-Aug-2016]::[3:20:50 PM]::[com.itd.efiling.itr.validation.helpers.Validator call]::[INFO]::[Call() ends time taken: 11  error count :0]
[17-Aug-2016]::[3:20:50 PM]::[com.itd.efiling.itr.common.util.f b]::[INFO]::[Before setDocument]
[17-Aug-2016]::[3:20:50 PM]::[com.itd.efiling.itr.common.util.f b]::[INFO]::[After setDocument[#document: null]]
[17-Aug-2016]::[3:20:50 PM]::[com.itd.efiling.itr.common.cachers.b a]::[INFO]::[flagtrue]
[17-Aug-2016]::[3:20:50 PM]::[com.itd.efiling.itr.common.cachers.b a]::[INFO]::[doc[#document: null]]
[17-Aug-2016]::[3:20:50 PM]::[com.itd.efiling.itr.common.cachers.b a]::[INFO]::[Inside deleteNodeGenerateXml]
[17-Aug-2016]::[3:20:50 PM]::[com.itd.efiling.itr.common.util.f b]::[INFO]::[FIELD_VALUE 237]
[17-Aug-2016]::[3:20:50 PM]::[com.itd.efiling.itr.common.util.f a]::[INFO]::[done with schema error; 0]
[17-Aug-2016]::[3:20:50 PM]::[com.itd.efiling.itr.common.util.f a]::[INFO]::[hash {} uEdON7CJAEzao3Mg29H1L8R19XCWLx5CAjth3yffqdA=]
[17-Aug-2016]::[3:20:50 PM]::[com.itd.efiling.itr.common.util.f a]::[INFO]::[Time taken to generate: 96 ms ]
[17-Aug-2016]::[3:20:50 PM]::[com.itd.efiling.itr.a.a.a <init>]::[INFO]::[CommonDialog starts]
[17-Aug-2016]::[3:20:50 PM]::[com.itd.efiling.itr.a.a.n initialize]::[INFO]::[initialize submit itr starts]
[17-Aug-2016]::[3:20:50 PM]::[com.itd.efiling.itr.a.a.n initialize]::[INFO]::[Time taken to get the document 4]
[17-Aug-2016]::[3:20:50 PM]::[com.itd.efiling.itr.a.a.n initialize]::[INFO]::[Time taken to set the parameters0]
[17-Aug-2016]::[3:20:50 PM]::[com.itd.efiling.itr.a.a.n initialize]::[INFO]::[Time taken to enableSec44AB 0]
[17-Aug-2016]::[3:20:50 PM]::[com.itd.efiling.itr.a.a.n initialize]::[INFO]::[Time taken to addKeyEvent 2]
[17-Aug-2016]::[3:20:50 PM]::[com.itd.efiling.itr.a.a.n initialize]::[INFO]::[Time taken to hideDscRelated 0]
[17-Aug-2016]::[3:20:50 PM]::[com.itd.efiling.itr.b.a.n getKeyStoreAliases]::[INFO]::[set : []]
[17-Aug-2016]::[3:20:50 PM]::[com.itd.efiling.itr.a.a.n o]::[INFO]::[Time taken to initialize usb tokens46]
[17-Aug-2016]::[3:20:50 PM]::[com.itd.efiling.itr.a.a.n initialize]::[INFO]::[Time taken to initUsbTokens 46]
[17-Aug-2016]::[3:20:50 PM]::[com.itd.efiling.itr.a.a.a <init>]::[INFO]::[CommonDialog ends]
[17-Aug-2016]::[3:20:50 PM]::[com.itd.efiling.itr.a.a.n dscMandatory]::[INFO]::[dscMandatory starts::ITR-4S]
[17-Aug-2016]::[3:20:50 PM]::[com.itd.efiling.itr.a.a.n dscMandatory]::[INFO]::[dscMandatory ends]
[17-Aug-2016]::[3:21:06 PM]::[com.itd.efiling.itr.a.a.n f]::[INFO]::[validateDSCKey ends with flag: true]
[17-Aug-2016]::[3:21:06 PM]::[com.itd.efiling.itr.webservice.a.f b]::[INFO]::[Thread call starts]
[17-Aug-2016]::[3:21:06 PM]::[com.itd.efiling.itr.webservice.a.f a]::[INFO]::[sendRequest starts]
[17-Aug-2016]::[3:21:06 PM]::[com.itd.efiling.itr.common.util.e getSecuredRequest]::[INFO]::[Before getting secured request]
[17-Aug-2016]::[3:21:06 PM]::[com.itd.efiling.itr.common.util.e getSecuredRequest]::[INFO]::[After getting secured request]
[17-Aug-2016]::[3:21:06 PM]::[com.itd.efiling.itr.common.util.c d]::[INFO]::[file : .\DRAFT.draft]
[17-Aug-2016]::[3:21:06 PM]::[com.itd.efiling.itr.common.util.c d]::[INFO]::[file : .\FINAL.xml]
[17-Aug-2016]::[3:21:06 PM]::[com.itd.efiling.itr.common.util.c d]::[INFO]::[file : .\ITR]
[17-Aug-2016]::[3:21:06 PM]::[com.itd.efiling.itr.common.util.c d]::[INFO]::[file : .\ITR-4S_AY201617_PR5.jar]
[17-Aug-2016]::[3:21:11 PM]::[com.itd.efiling.itr.webservice.a.f a]::[INFO]::[Soap fault: , errorNode: nullnull]
[17-Aug-2016]::[3:21:11 PM]::[com.itd.efiling.itr.a.a.n cancel]::[INFO]::[cancel caled]
[17-Aug-2016]::[3:21:11 PM]::[com.itd.efiling.itr.webservice.a.f b]::[INFO]::[Thread call ends : time taken: 5637]
[17-Aug-2016]::[3:21:11 PM]::[com.itd.efiling.itr.webservice.a.f b]::[INFO]::[Writing to file: C:\Users\user9\AppData\Local\Temp\ITRvFile9381288214257836817066311609.zip]
[17-Aug-2016]::[3:21:11 PM]::[com.itd.efiling.itr.a.a.a <init>]::[INFO]::[CommonDialog starts]
[17-Aug-2016]::[3:21:11 PM]::[com.itd.efiling.itr.a.a.l initialize]::[INFO]::[initialize starts]
[17-Aug-2016]::[3:21:11 PM]::[com.itd.efiling.itr.a.a.l b]::[INFO]::[loadITRVPage stats with transaction id 3289369924 ,email tusharmohite0@gmail.com]
[17-Aug-2016]::[3:21:11 PM]::[com.itd.efiling.itr.a.a.a <init>]::[INFO]::[CommonDialog ends]
[17-Aug-2016]::[3:21:11 PM]::[com.itd.efiling.itr.a.a.l a]::[INFO]::[saveIfNot after shows: ]
[17-Aug-2016]::[3:21:30 PM]::[com.itd.efiling.itr.common.dialog.o a]::[INFO]::[Inside  closeUtility]
[17-Aug-2016]::[3:21:30 PM]::[com.itd.efiling.itr.main.ctrl.h a]::[INFO]::[ Close Event WindowEvent [source = javafx.stage.Stage@427e5d, target = javafx.stage.Stage@427e5d, eventType = WINDOW_CLOSE_REQUEST, consumed = false]]
