[27-Mar-2018]::[11:28:47 PM]::[com.itd.efiling.itr.main.ctrl.ThreeRedLightsIlluminate init]::[INFO]::[init starts]
[27-Mar-2018]::[11:28:47 PM]::[com.itd.efiling.itr.common.util.j setUtilityParams]::[INFO]::[url jar:file:/C:/Program%20Files/Java/jre1.8.0_151/lib/ext/dns_sd.jar!/META-INF/MANIFEST.MF]
[27-Mar-2018]::[11:28:47 PM]::[com.itd.efiling.itr.common.util.j setUtilityParams]::[INFO]::[url jar:file:/D:/Data0/IT%20Returns/Carol%20Mendonca/Return/ITR-2_AY201718_PR12.jar!/META-INF/MANIFEST.MF]
[27-Mar-2018]::[11:28:47 PM]::[com.itd.efiling.itr.common.util.j setUtilityParams]::[INFO]::[2017-18 :: ITR-2 :: ]
[27-Mar-2018]::[11:28:47 PM]::[com.itd.efiling.itr.main.ctrl.ThreeRedLightsIlluminate init]::[INFO]::[init ends in 63 ms.]
[27-Mar-2018]::[11:28:47 PM]::[com.itd.efiling.itr.main.ctrl.ThreeRedLightsIlluminate start]::[INFO]::[MainLoader start method starts]
[27-Mar-2018]::[11:28:49 PM]::[com.itd.efiling.itr.main.ctrl.d initialize]::[INFO]::[initialize starts]
[27-Mar-2018]::[11:28:49 PM]::[com.itd.efiling.itr.common.util.c b]::[INFO]::[Before Validating fileListCommonScript ]
[27-Mar-2018]::[11:28:50 PM]::[com.itd.efiling.itr.common.util.c b]::[INFO]::[Before Validating fileListItrAy ]
[27-Mar-2018]::[11:28:51 PM]::[com.itd.efiling.itr.common.util.c b]::[INFO]::[Before Validating fileListConfig ]
[27-Mar-2018]::[11:28:51 PM]::[com.itd.efiling.itr.common.util.c b]::[INFO]::[Before Validating verifySignature ]
[27-Mar-2018]::[11:28:51 PM]::[com.itd.efiling.itr.common.util.c a]::[INFO]::[verifies : true]
[27-Mar-2018]::[11:28:51 PM]::[com.itd.efiling.itr.main.ctrl.d initialize]::[INFO]::[Is utiltity valid ::true]
[27-Mar-2018]::[11:28:51 PM]::[com.itd.efiling.itr.a.a.d c]::[INFO]::[loadingDialog starts]
[27-Mar-2018]::[11:28:51 PM]::[com.itd.efiling.itr.a.a.a <init>]::[INFO]::[CommonDialog starts]
[27-Mar-2018]::[11:28:52 PM]::[com.itd.efiling.itr.a.a.a <init>]::[INFO]::[CommonDialog ends]
[27-Mar-2018]::[11:28:52 PM]::[com.itd.efiling.itr.a.a.d c]::[INFO]::[loadingDialog ends]
[27-Mar-2018]::[11:28:52 PM]::[com.itd.efiling.itr.main.ctrl.a b]::[INFO]::[hide validation]
[27-Mar-2018]::[11:28:52 PM]::[com.itd.efiling.itr.main.ctrl.d a]::[INFO]::[importFile : null]
[27-Mar-2018]::[11:28:52 PM]::[com.itd.efiling.itr.main.ctrl.d initialize]::[INFO]::[initialize ends: time taken: 3116ms]
[27-Mar-2018]::[11:28:52 PM]::[com.itd.efiling.itr.main.ctrl.d initialize]::[INFO]::[initialize ends: time taken: 2ms]
[27-Mar-2018]::[11:28:53 PM]::[com.sun.javafx.css.parser.CSSParser declaration]::[WARNING]::[CSS Error parsing '*{-fx-background-color: linear-gradient(#3A5058, #6aa2b1);-fx-font-weight: bold;-fx-font: 22px;}: Expected '<font-family>' while parsing '-fx-font' at [1,90]]
[27-Mar-2018]::[11:28:53 PM]::[com.sun.javafx.css.parser.CSSParser declaration]::[WARNING]::[CSS Error parsing '*{-fx-font-weight: bold;-fx-font: 22px;}: Expected '<font-family>' while parsing '-fx-font' at [1,34]]
[27-Mar-2018]::[11:28:53 PM]::[com.itd.efiling.itr.main.ctrl.ThreeRedLightsIlluminate start]::[INFO]::[mainController.windowWidth new : 1303.0]
[27-Mar-2018]::[11:28:53 PM]::[com.itd.efiling.itr.main.ctrl.ThreeRedLightsIlluminate start]::[INFO]::[1303.0 :: 1029.3700000000001 :: 221.51000000000002]
[27-Mar-2018]::[11:28:53 PM]::[com.itd.efiling.itr.main.ctrl.ThreeRedLightsIlluminate start]::[INFO]::[MainLoader start method ends. Time taken: 5956]
[27-Mar-2018]::[11:28:55 PM]::[com.itd.efiling.itr.common.a.a a]::[INFO]::[oldState  : RUNNING newState : SUCCEEDED]
[27-Mar-2018]::[11:28:55 PM]::[com.itd.efiling.itr.common.a.a a]::[INFO]::[jsobj [object Window]]
[27-Mar-2018]::[11:29:01 PM]::[com.itd.efiling.itr.common.a.a a]::[INFO]::[time taken in changed : 1546]
[27-Mar-2018]::[11:29:04 PM]::[com.itd.efiling.itr.toolbar.b importXml]::[INFO]::[importXmlDialog starts]
[27-Mar-2018]::[11:29:04 PM]::[com.itd.efiling.itr.a.a.e a]::[INFO]::[extension : .open title : null type : false]
[27-Mar-2018]::[11:29:18 PM]::[com.itd.efiling.itr.toolbar.b a]::[INFO]::[Actual ITR ITR-2 Actual assesment year2017-18]
[27-Mar-2018]::[11:29:18 PM]::[com.itd.efiling.itr.toolbar.b a]::[INFO]::[Imported ITR ITR-2 Imported assesment year2017-18]
[27-Mar-2018]::[11:29:18 PM]::[com.itd.efiling.itr.a.a.d c]::[INFO]::[loadingDialog starts]
[27-Mar-2018]::[11:29:18 PM]::[com.itd.efiling.itr.a.a.a <init>]::[INFO]::[CommonDialog starts]
[27-Mar-2018]::[11:29:18 PM]::[com.itd.efiling.itr.a.a.a <init>]::[INFO]::[CommonDialog ends]
[27-Mar-2018]::[11:29:18 PM]::[com.itd.efiling.itr.a.a.d c]::[INFO]::[loadingDialog ends]
[27-Mar-2018]::[11:29:18 PM]::[com.itd.efiling.itr.main.ctrl.a b]::[INFO]::[hide validation]
[27-Mar-2018]::[11:29:18 PM]::[com.itd.efiling.itr.main.ctrl.d a]::[INFO]::[importFile : C:\Users\Tushar\Downloads\2018-03-27-23-24-17-537_BHGPM4464G_2017_.xml]
[27-Mar-2018]::[11:29:18 PM]::[com.itd.efiling.itr.common.a.a a]::[INFO]::[oldState  : SUCCEEDED newState : READY]
[27-Mar-2018]::[11:29:18 PM]::[com.itd.efiling.itr.common.a.a a]::[INFO]::[oldState  : READY newState : SCHEDULED]
[27-Mar-2018]::[11:29:18 PM]::[com.itd.efiling.itr.common.a.a a]::[INFO]::[oldState  : SCHEDULED newState : RUNNING]
[27-Mar-2018]::[11:29:18 PM]::[com.itd.efiling.itr.toolbar.b importXml]::[INFO]::[importXmlDialog ends]
[27-Mar-2018]::[11:29:20 PM]::[com.itd.efiling.itr.common.a.a a]::[INFO]::[oldState  : RUNNING newState : SUCCEEDED]
[27-Mar-2018]::[11:29:20 PM]::[com.itd.efiling.itr.common.a.a a]::[INFO]::[jsobj [object Window]]
[27-Mar-2018]::[11:29:20 PM]::[com.itd.efiling.itr.common.util.l a]::[INFO]::[Before setDocument]
[27-Mar-2018]::[11:29:20 PM]::[com.itd.efiling.itr.common.util.l a]::[INFO]::[iterateNodeImportXml 0]
[27-Mar-2018]::[11:29:20 PM]::[com.itd.efiling.itr.common.util.l a]::[INFO]::[cacheHtmlElements ]
[27-Mar-2018]::[11:29:20 PM]::[com.itd.efiling.itr.common.util.l b]::[INFO]::[Before cacheHtmlElements 0]
[27-Mar-2018]::[11:29:20 PM]::[com.itd.efiling.itr.common.util.l b]::[INFO]::[After cacheHtmlElements 1144]
[27-Mar-2018]::[11:29:20 PM]::[com.itd.efiling.itr.common.util.l a]::[INFO]::[putValuesToHTML ]
[27-Mar-2018]::[11:29:20 PM]::[com.itd.efiling.itr.common.util.l a]::[INFO]::[Before setValuesInForm]
[27-Mar-2018]::[11:29:20 PM]::[com.itd.efiling.itr.common.util.l a]::[INFO]::[End of putValuesToHTML]
[27-Mar-2018]::[11:29:20 PM]::[com.itd.efiling.itr.common.util.l a]::[INFO]::[time taken in importxml function: 127]
[27-Mar-2018]::[11:29:24 PM]::[com.itd.efiling.itr.common.a.a a]::[INFO]::[time taken in changed : 2972]
[27-Mar-2018]::[11:29:24 PM]::[com.itd.efiling.itr.common.a.a a]::[INFO]::[oldState  : RUNNING newState : SUCCEEDED]
[27-Mar-2018]::[11:29:37 PM]::[com.itd.efiling.itr.validation.a.a a]::[INFO]::[FIELD_VALIDATORS_MAP 966]
[27-Mar-2018]::[11:45:29 PM]::[com.itd.efiling.itr.toolbar.b validateAndSaveFile]::[INFO]::[validateAndSaveFile ]
[27-Mar-2018]::[11:45:29 PM]::[com.itd.efiling.itr.main.ctrl.a c]::[INFO]::[show validation]
[27-Mar-2018]::[11:45:29 PM]::[com.itd.efiling.itr.validation.helpers.Validator validateAll]::[INFO]::[Time taken in validateAll(): 0]
[27-Mar-2018]::[11:45:29 PM]::[com.itd.efiling.itr.validation.helpers.Validator call]::[INFO]::[Call() starts : ]
[27-Mar-2018]::[11:45:30 PM]::[com.itd.efiling.itr.validation.helpers.Validator call]::[INFO]::[Call() ends time taken: 142  error count :8]
[27-Mar-2018]::[11:47:18 PM]::[com.itd.efiling.itr.toolbar.b calculateITR]::[INFO]::[calculateITR starts]
[27-Mar-2018]::[11:47:18 PM]::[com.itd.efiling.itr.common.dialog.p b]::[INFO]::[Inside  reCalculate]
[27-Mar-2018]::[11:48:01 PM]::[com.itd.efiling.itr.common.util.JavaScriptFunctions getBankName]::[INFO]::[ifsc isCNRB]
[27-Mar-2018]::[11:49:39 PM]::[com.itd.efiling.itr.toolbar.b validateAndSaveFile]::[INFO]::[validateAndSaveFile ]
[27-Mar-2018]::[11:49:39 PM]::[com.itd.efiling.itr.main.ctrl.a c]::[INFO]::[show validation]
[27-Mar-2018]::[11:49:39 PM]::[com.itd.efiling.itr.validation.helpers.Validator validateAll]::[INFO]::[Time taken in validateAll(): 0]
[27-Mar-2018]::[11:49:39 PM]::[com.itd.efiling.itr.validation.helpers.Validator call]::[INFO]::[Call() starts : ]
[27-Mar-2018]::[11:49:39 PM]::[com.itd.efiling.itr.validation.helpers.Validator call]::[INFO]::[Call() ends time taken: 58  error count :1]
[27-Mar-2018]::[11:49:52 PM]::[com.itd.efiling.itr.toolbar.b validateAndSaveFile]::[INFO]::[validateAndSaveFile ]
[27-Mar-2018]::[11:49:52 PM]::[com.itd.efiling.itr.main.ctrl.a c]::[INFO]::[show validation]
[27-Mar-2018]::[11:49:53 PM]::[com.itd.efiling.itr.validation.helpers.Validator validateAll]::[INFO]::[Time taken in validateAll(): 0]
[27-Mar-2018]::[11:49:53 PM]::[com.itd.efiling.itr.validation.helpers.Validator call]::[INFO]::[Call() starts : ]
[27-Mar-2018]::[11:49:53 PM]::[com.itd.efiling.itr.validation.helpers.Validator call]::[INFO]::[Call() ends time taken: 54  error count :0]
[27-Mar-2018]::[11:50:16 PM]::[com.itd.efiling.itr.toolbar.b validateAndSaveFile]::[INFO]::[validateAndSaveFile ]
[27-Mar-2018]::[11:50:16 PM]::[com.itd.efiling.itr.main.ctrl.a c]::[INFO]::[show validation]
[27-Mar-2018]::[11:50:16 PM]::[com.itd.efiling.itr.validation.helpers.Validator validateAll]::[INFO]::[Time taken in validateAll(): 0]
[27-Mar-2018]::[11:50:16 PM]::[com.itd.efiling.itr.validation.helpers.Validator call]::[INFO]::[Call() starts : ]
[27-Mar-2018]::[11:50:16 PM]::[com.itd.efiling.itr.validation.helpers.Validator call]::[INFO]::[Call() ends time taken: 107  error count :0]
[27-Mar-2018]::[11:50:16 PM]::[com.itd.efiling.itr.a.a.e a]::[INFO]::[extension : .xml title : null type : true]
[27-Mar-2018]::[11:50:42 PM]::[com.itd.efiling.itr.common.util.f b]::[INFO]::[Before setDocument]
[27-Mar-2018]::[11:50:42 PM]::[com.itd.efiling.itr.common.util.f b]::[INFO]::[After setDocument[#document: null]]
[27-Mar-2018]::[11:50:42 PM]::[com.itd.efiling.itr.common.util.f b]::[INFO]::[name: scheduleHP.propertyDetails[1].hpSno xpath: /ITRETURN:ITR/ITR2FORM:ITR2/ITRForm:ScheduleHP/ITRForm:PropertyDetails[2]/ITRForm:HPSNo nodelist: 1]
[27-Mar-2018]::[11:50:42 PM]::[com.itd.efiling.itr.common.util.f b]::[INFO]::[name: scheduleOS.incOthThanOwnRaceHorse.othersGrossDtls[1].sourceDescription xpath: /ITRETURN:ITR/ITR2FORM:ITR2/ITRForm:ScheduleOS/ITRForm:IncOthThanOwnRaceHorse/ITRForm:OthersGrossDtls[2]/ITRForm:SourceDescription nodelist: 1]
[27-Mar-2018]::[11:50:42 PM]::[com.itd.efiling.itr.common.util.f b]::[INFO]::[name: scheduleOS.incOthThanOwnRaceHorse.othersGrossDtls[2].sourceDescription xpath: /ITRETURN:ITR/ITR2FORM:ITR2/ITRForm:ScheduleOS/ITRForm:IncOthThanOwnRaceHorse/ITRForm:OthersGrossDtls[3]/ITRForm:SourceDescription nodelist: 2]
[27-Mar-2018]::[11:50:42 PM]::[com.itd.efiling.itr.common.util.f b]::[INFO]::[name: scheduleOS.incOthThanOwnRaceHorse.othersGrossDtls[3].sourceDescription xpath: /ITRETURN:ITR/ITR2FORM:ITR2/ITRForm:ScheduleOS/ITRForm:IncOthThanOwnRaceHorse/ITRForm:OthersGrossDtls[4]/ITRForm:SourceDescription nodelist: 3]
[27-Mar-2018]::[11:50:42 PM]::[com.itd.efiling.itr.common.util.f b]::[INFO]::[name: scheduleOS.incOthThanOwnRaceHorse.othersGrossDtls[4].sourceDescription xpath: /ITRETURN:ITR/ITR2FORM:ITR2/ITRForm:ScheduleOS/ITRForm:IncOthThanOwnRaceHorse/ITRForm:OthersGrossDtls[5]/ITRForm:SourceDescription nodelist: 4]
[27-Mar-2018]::[11:50:42 PM]::[com.itd.efiling.itr.common.util.f b]::[INFO]::[name: scheduleOS.incOthThanOwnRaceHorse.othersGrossDtls[5].sourceDescription xpath: /ITRETURN:ITR/ITR2FORM:ITR2/ITRForm:ScheduleOS/ITRForm:IncOthThanOwnRaceHorse/ITRForm:OthersGrossDtls[6]/ITRForm:SourceDescription nodelist: 5]
[27-Mar-2018]::[11:50:42 PM]::[com.itd.efiling.itr.common.util.f b]::[INFO]::[name: scheduleOS.incOthThanOwnRaceHorse.othersGrossDtls[6].sourceDescription xpath: /ITRETURN:ITR/ITR2FORM:ITR2/ITRForm:ScheduleOS/ITRForm:IncOthThanOwnRaceHorse/ITRForm:OthersGrossDtls[7]/ITRForm:SourceDescription nodelist: 6]
[27-Mar-2018]::[11:50:42 PM]::[com.itd.efiling.itr.common.util.f b]::[INFO]::[name: scheduleOS.incOthThanOwnRaceHorse.othersGrossDtls[7].sourceDescription xpath: /ITRETURN:ITR/ITR2FORM:ITR2/ITRForm:ScheduleOS/ITRForm:IncOthThanOwnRaceHorse/ITRForm:OthersGrossDtls[8]/ITRForm:SourceDescription nodelist: 7]
[27-Mar-2018]::[11:50:42 PM]::[com.itd.efiling.itr.common.util.f b]::[INFO]::[name: scheduleOS.incOthThanOwnRaceHorse.othersGrossDtls[8].sourceDescription xpath: /ITRETURN:ITR/ITR2FORM:ITR2/ITRForm:ScheduleOS/ITRForm:IncOthThanOwnRaceHorse/ITRForm:OthersGrossDtls[9]/ITRForm:SourceDescription nodelist: 8]
[27-Mar-2018]::[11:50:43 PM]::[com.itd.efiling.itr.common.cachers.b a]::[INFO]::[flagtrue]
[27-Mar-2018]::[11:50:43 PM]::[com.itd.efiling.itr.common.cachers.b a]::[INFO]::[doc[#document: null]]
[27-Mar-2018]::[11:50:43 PM]::[com.itd.efiling.itr.common.cachers.b a]::[INFO]::[Inside deleteNodeGenerateXml]
[27-Mar-2018]::[11:50:43 PM]::[com.itd.efiling.itr.common.util.f b]::[INFO]::[FIELD_VALUE 1144]
[27-Mar-2018]::[11:50:44 PM]::[com.itd.efiling.itr.common.util.f a]::[INFO]::[done with schema error; 0]
[27-Mar-2018]::[11:50:44 PM]::[com.itd.efiling.itr.common.util.f a]::[INFO]::[hash {} VIJ8j8WU0k0Fxtl1P0oQrInI5vg2ImApjLxdR9qr1qk=]
[27-Mar-2018]::[11:50:44 PM]::[com.itd.efiling.itr.common.util.f a]::[INFO]::[Time taken to generate: 2534 ms ]
[27-Mar-2018]::[11:53:15 PM]::[com.itd.efiling.itr.toolbar.b calculateITR]::[INFO]::[calculateITR starts]
[27-Mar-2018]::[11:53:15 PM]::[com.itd.efiling.itr.common.dialog.p b]::[INFO]::[Inside  reCalculate]
[27-Mar-2018]::[11:53:37 PM]::[com.itd.efiling.itr.toolbar.b validateAndSaveFile]::[INFO]::[validateAndSaveFile ]
[27-Mar-2018]::[11:53:37 PM]::[com.itd.efiling.itr.main.ctrl.a c]::[INFO]::[show validation]
[27-Mar-2018]::[11:53:37 PM]::[com.itd.efiling.itr.validation.helpers.Validator validateAll]::[INFO]::[Time taken in validateAll(): 0]
[27-Mar-2018]::[11:53:37 PM]::[com.itd.efiling.itr.validation.helpers.Validator call]::[INFO]::[Call() starts : ]
[27-Mar-2018]::[11:53:38 PM]::[com.itd.efiling.itr.validation.helpers.Validator call]::[INFO]::[Call() ends time taken: 68  error count :0]
[27-Mar-2018]::[11:53:38 PM]::[com.itd.efiling.itr.a.a.e a]::[INFO]::[extension : .xml title : null type : true]
[27-Mar-2018]::[11:53:44 PM]::[com.itd.efiling.itr.common.util.f b]::[INFO]::[Before setDocument]
[27-Mar-2018]::[11:53:44 PM]::[com.itd.efiling.itr.common.util.f b]::[INFO]::[After setDocument[#document: null]]
[27-Mar-2018]::[11:53:44 PM]::[com.itd.efiling.itr.common.util.f b]::[INFO]::[name: scheduleHP.propertyDetails[1].hpSno xpath: /ITRETURN:ITR/ITR2FORM:ITR2/ITRForm:ScheduleHP/ITRForm:PropertyDetails[2]/ITRForm:HPSNo nodelist: 1]
[27-Mar-2018]::[11:53:44 PM]::[com.itd.efiling.itr.common.util.f b]::[INFO]::[name: scheduleOS.incOthThanOwnRaceHorse.othersGrossDtls[1].sourceDescription xpath: /ITRETURN:ITR/ITR2FORM:ITR2/ITRForm:ScheduleOS/ITRForm:IncOthThanOwnRaceHorse/ITRForm:OthersGrossDtls[2]/ITRForm:SourceDescription nodelist: 1]
[27-Mar-2018]::[11:53:44 PM]::[com.itd.efiling.itr.common.util.f b]::[INFO]::[name: scheduleOS.incOthThanOwnRaceHorse.othersGrossDtls[2].sourceDescription xpath: /ITRETURN:ITR/ITR2FORM:ITR2/ITRForm:ScheduleOS/ITRForm:IncOthThanOwnRaceHorse/ITRForm:OthersGrossDtls[3]/ITRForm:SourceDescription nodelist: 2]
[27-Mar-2018]::[11:53:44 PM]::[com.itd.efiling.itr.common.util.f b]::[INFO]::[name: scheduleOS.incOthThanOwnRaceHorse.othersGrossDtls[3].sourceDescription xpath: /ITRETURN:ITR/ITR2FORM:ITR2/ITRForm:ScheduleOS/ITRForm:IncOthThanOwnRaceHorse/ITRForm:OthersGrossDtls[4]/ITRForm:SourceDescription nodelist: 3]
[27-Mar-2018]::[11:53:44 PM]::[com.itd.efiling.itr.common.util.f b]::[INFO]::[name: scheduleOS.incOthThanOwnRaceHorse.othersGrossDtls[4].sourceDescription xpath: /ITRETURN:ITR/ITR2FORM:ITR2/ITRForm:ScheduleOS/ITRForm:IncOthThanOwnRaceHorse/ITRForm:OthersGrossDtls[5]/ITRForm:SourceDescription nodelist: 4]
[27-Mar-2018]::[11:53:44 PM]::[com.itd.efiling.itr.common.util.f b]::[INFO]::[name: scheduleOS.incOthThanOwnRaceHorse.othersGrossDtls[5].sourceDescription xpath: /ITRETURN:ITR/ITR2FORM:ITR2/ITRForm:ScheduleOS/ITRForm:IncOthThanOwnRaceHorse/ITRForm:OthersGrossDtls[6]/ITRForm:SourceDescription nodelist: 5]
[27-Mar-2018]::[11:53:44 PM]::[com.itd.efiling.itr.common.util.f b]::[INFO]::[name: scheduleOS.incOthThanOwnRaceHorse.othersGrossDtls[6].sourceDescription xpath: /ITRETURN:ITR/ITR2FORM:ITR2/ITRForm:ScheduleOS/ITRForm:IncOthThanOwnRaceHorse/ITRForm:OthersGrossDtls[7]/ITRForm:SourceDescription nodelist: 6]
[27-Mar-2018]::[11:53:44 PM]::[com.itd.efiling.itr.common.util.f b]::[INFO]::[name: scheduleOS.incOthThanOwnRaceHorse.othersGrossDtls[7].sourceDescription xpath: /ITRETURN:ITR/ITR2FORM:ITR2/ITRForm:ScheduleOS/ITRForm:IncOthThanOwnRaceHorse/ITRForm:OthersGrossDtls[8]/ITRForm:SourceDescription nodelist: 7]
[27-Mar-2018]::[11:53:44 PM]::[com.itd.efiling.itr.common.util.f b]::[INFO]::[name: scheduleOS.incOthThanOwnRaceHorse.othersGrossDtls[8].sourceDescription xpath: /ITRETURN:ITR/ITR2FORM:ITR2/ITRForm:ScheduleOS/ITRForm:IncOthThanOwnRaceHorse/ITRForm:OthersGrossDtls[9]/ITRForm:SourceDescription nodelist: 8]
[27-Mar-2018]::[11:53:45 PM]::[com.itd.efiling.itr.common.cachers.b a]::[INFO]::[flagtrue]
[27-Mar-2018]::[11:53:45 PM]::[com.itd.efiling.itr.common.cachers.b a]::[INFO]::[doc[#document: null]]
[27-Mar-2018]::[11:53:45 PM]::[com.itd.efiling.itr.common.cachers.b a]::[INFO]::[Inside deleteNodeGenerateXml]
[27-Mar-2018]::[11:53:45 PM]::[com.itd.efiling.itr.common.util.f b]::[INFO]::[FIELD_VALUE 1144]
[27-Mar-2018]::[11:53:45 PM]::[com.itd.efiling.itr.common.util.f a]::[INFO]::[done with schema error; 0]
[27-Mar-2018]::[11:53:45 PM]::[com.itd.efiling.itr.common.util.f a]::[INFO]::[hash {} f4DSKtJWaD6hA+ivpKYstYWoAZqd2uSWBr8F9PpxFbA=]
[27-Mar-2018]::[11:53:45 PM]::[com.itd.efiling.itr.common.util.f a]::[INFO]::[Time taken to generate: 2007 ms ]
[27-Mar-2018]::[11:57:23 PM]::[com.itd.efiling.itr.toolbar.b validateAndSaveFile]::[INFO]::[validateAndSaveFile ]
[27-Mar-2018]::[11:57:23 PM]::[com.itd.efiling.itr.main.ctrl.a c]::[INFO]::[show validation]
[27-Mar-2018]::[11:57:23 PM]::[com.itd.efiling.itr.validation.helpers.Validator validateAll]::[INFO]::[Time taken in validateAll(): 0]
[27-Mar-2018]::[11:57:23 PM]::[com.itd.efiling.itr.validation.helpers.Validator call]::[INFO]::[Call() starts : ]
[27-Mar-2018]::[11:57:23 PM]::[com.itd.efiling.itr.validation.helpers.Validator call]::[INFO]::[Call() ends time taken: 114  error count :0]
[27-Mar-2018]::[11:57:24 PM]::[com.itd.efiling.itr.a.a.e a]::[INFO]::[extension : .xml title : null type : true]
[27-Mar-2018]::[11:57:29 PM]::[com.itd.efiling.itr.common.util.f b]::[INFO]::[Before setDocument]
[27-Mar-2018]::[11:57:29 PM]::[com.itd.efiling.itr.common.util.f b]::[INFO]::[After setDocument[#document: null]]
[27-Mar-2018]::[11:57:30 PM]::[com.itd.efiling.itr.common.util.f b]::[INFO]::[name: scheduleHP.propertyDetails[1].hpSno xpath: /ITRETURN:ITR/ITR2FORM:ITR2/ITRForm:ScheduleHP/ITRForm:PropertyDetails[2]/ITRForm:HPSNo nodelist: 1]
[27-Mar-2018]::[11:57:30 PM]::[com.itd.efiling.itr.common.util.f b]::[INFO]::[name: scheduleOS.incOthThanOwnRaceHorse.othersGrossDtls[1].sourceDescription xpath: /ITRETURN:ITR/ITR2FORM:ITR2/ITRForm:ScheduleOS/ITRForm:IncOthThanOwnRaceHorse/ITRForm:OthersGrossDtls[2]/ITRForm:SourceDescription nodelist: 1]
[27-Mar-2018]::[11:57:30 PM]::[com.itd.efiling.itr.common.util.f b]::[INFO]::[name: scheduleOS.incOthThanOwnRaceHorse.othersGrossDtls[2].sourceDescription xpath: /ITRETURN:ITR/ITR2FORM:ITR2/ITRForm:ScheduleOS/ITRForm:IncOthThanOwnRaceHorse/ITRForm:OthersGrossDtls[3]/ITRForm:SourceDescription nodelist: 2]
[27-Mar-2018]::[11:57:30 PM]::[com.itd.efiling.itr.common.util.f b]::[INFO]::[name: scheduleOS.incOthThanOwnRaceHorse.othersGrossDtls[3].sourceDescription xpath: /ITRETURN:ITR/ITR2FORM:ITR2/ITRForm:ScheduleOS/ITRForm:IncOthThanOwnRaceHorse/ITRForm:OthersGrossDtls[4]/ITRForm:SourceDescription nodelist: 3]
[27-Mar-2018]::[11:57:30 PM]::[com.itd.efiling.itr.common.util.f b]::[INFO]::[name: scheduleOS.incOthThanOwnRaceHorse.othersGrossDtls[4].sourceDescription xpath: /ITRETURN:ITR/ITR2FORM:ITR2/ITRForm:ScheduleOS/ITRForm:IncOthThanOwnRaceHorse/ITRForm:OthersGrossDtls[5]/ITRForm:SourceDescription nodelist: 4]
[27-Mar-2018]::[11:57:30 PM]::[com.itd.efiling.itr.common.util.f b]::[INFO]::[name: scheduleOS.incOthThanOwnRaceHorse.othersGrossDtls[5].sourceDescription xpath: /ITRETURN:ITR/ITR2FORM:ITR2/ITRForm:ScheduleOS/ITRForm:IncOthThanOwnRaceHorse/ITRForm:OthersGrossDtls[6]/ITRForm:SourceDescription nodelist: 5]
[27-Mar-2018]::[11:57:30 PM]::[com.itd.efiling.itr.common.util.f b]::[INFO]::[name: scheduleOS.incOthThanOwnRaceHorse.othersGrossDtls[6].sourceDescription xpath: /ITRETURN:ITR/ITR2FORM:ITR2/ITRForm:ScheduleOS/ITRForm:IncOthThanOwnRaceHorse/ITRForm:OthersGrossDtls[7]/ITRForm:SourceDescription nodelist: 6]
[27-Mar-2018]::[11:57:30 PM]::[com.itd.efiling.itr.common.util.f b]::[INFO]::[name: scheduleOS.incOthThanOwnRaceHorse.othersGrossDtls[7].sourceDescription xpath: /ITRETURN:ITR/ITR2FORM:ITR2/ITRForm:ScheduleOS/ITRForm:IncOthThanOwnRaceHorse/ITRForm:OthersGrossDtls[8]/ITRForm:SourceDescription nodelist: 7]
[27-Mar-2018]::[11:57:30 PM]::[com.itd.efiling.itr.common.util.f b]::[INFO]::[name: scheduleOS.incOthThanOwnRaceHorse.othersGrossDtls[8].sourceDescription xpath: /ITRETURN:ITR/ITR2FORM:ITR2/ITRForm:ScheduleOS/ITRForm:IncOthThanOwnRaceHorse/ITRForm:OthersGrossDtls[9]/ITRForm:SourceDescription nodelist: 8]
[27-Mar-2018]::[11:57:31 PM]::[com.itd.efiling.itr.common.cachers.b a]::[INFO]::[flagtrue]
[27-Mar-2018]::[11:57:31 PM]::[com.itd.efiling.itr.common.cachers.b a]::[INFO]::[doc[#document: null]]
[27-Mar-2018]::[11:57:31 PM]::[com.itd.efiling.itr.common.cachers.b a]::[INFO]::[Inside deleteNodeGenerateXml]
[27-Mar-2018]::[11:57:31 PM]::[com.itd.efiling.itr.common.util.f b]::[INFO]::[FIELD_VALUE 1144]
[27-Mar-2018]::[11:57:32 PM]::[com.itd.efiling.itr.common.util.f a]::[INFO]::[done with schema error; 0]
[27-Mar-2018]::[11:57:32 PM]::[com.itd.efiling.itr.common.util.f a]::[INFO]::[hash {} f4DSKtJWaD6hA+ivpKYstYWoAZqd2uSWBr8F9PpxFbA=]
[27-Mar-2018]::[11:57:32 PM]::[com.itd.efiling.itr.common.util.f a]::[INFO]::[Time taken to generate: 2831 ms ]
[27-Mar-2018]::[11:57:43 PM]::[com.itd.efiling.itr.toolbar.b submit]::[INFO]::[validateITR starts]
[27-Mar-2018]::[11:57:43 PM]::[com.itd.efiling.itr.main.ctrl.a c]::[INFO]::[show validation]
[27-Mar-2018]::[11:57:43 PM]::[com.itd.efiling.itr.validation.helpers.Validator validateAll]::[INFO]::[Time taken in validateAll(): 0]
[27-Mar-2018]::[11:57:43 PM]::[com.itd.efiling.itr.validation.helpers.Validator call]::[INFO]::[Call() starts : ]
[27-Mar-2018]::[11:57:44 PM]::[com.itd.efiling.itr.validation.helpers.Validator call]::[INFO]::[Call() ends time taken: 52  error count :0]
[27-Mar-2018]::[11:57:44 PM]::[com.itd.efiling.itr.common.util.f b]::[INFO]::[Before setDocument]
[27-Mar-2018]::[11:57:44 PM]::[com.itd.efiling.itr.common.util.f b]::[INFO]::[After setDocument[#document: null]]
[27-Mar-2018]::[11:57:44 PM]::[com.itd.efiling.itr.common.util.f b]::[INFO]::[name: scheduleHP.propertyDetails[1].hpSno xpath: /ITRETURN:ITR/ITR2FORM:ITR2/ITRForm:ScheduleHP/ITRForm:PropertyDetails[2]/ITRForm:HPSNo nodelist: 1]
[27-Mar-2018]::[11:57:44 PM]::[com.itd.efiling.itr.common.util.f b]::[INFO]::[name: scheduleOS.incOthThanOwnRaceHorse.othersGrossDtls[1].sourceDescription xpath: /ITRETURN:ITR/ITR2FORM:ITR2/ITRForm:ScheduleOS/ITRForm:IncOthThanOwnRaceHorse/ITRForm:OthersGrossDtls[2]/ITRForm:SourceDescription nodelist: 1]
[27-Mar-2018]::[11:57:44 PM]::[com.itd.efiling.itr.common.util.f b]::[INFO]::[name: scheduleOS.incOthThanOwnRaceHorse.othersGrossDtls[2].sourceDescription xpath: /ITRETURN:ITR/ITR2FORM:ITR2/ITRForm:ScheduleOS/ITRForm:IncOthThanOwnRaceHorse/ITRForm:OthersGrossDtls[3]/ITRForm:SourceDescription nodelist: 2]
[27-Mar-2018]::[11:57:44 PM]::[com.itd.efiling.itr.common.util.f b]::[INFO]::[name: scheduleOS.incOthThanOwnRaceHorse.othersGrossDtls[3].sourceDescription xpath: /ITRETURN:ITR/ITR2FORM:ITR2/ITRForm:ScheduleOS/ITRForm:IncOthThanOwnRaceHorse/ITRForm:OthersGrossDtls[4]/ITRForm:SourceDescription nodelist: 3]
[27-Mar-2018]::[11:57:44 PM]::[com.itd.efiling.itr.common.util.f b]::[INFO]::[name: scheduleOS.incOthThanOwnRaceHorse.othersGrossDtls[4].sourceDescription xpath: /ITRETURN:ITR/ITR2FORM:ITR2/ITRForm:ScheduleOS/ITRForm:IncOthThanOwnRaceHorse/ITRForm:OthersGrossDtls[5]/ITRForm:SourceDescription nodelist: 4]
[27-Mar-2018]::[11:57:44 PM]::[com.itd.efiling.itr.common.util.f b]::[INFO]::[name: scheduleOS.incOthThanOwnRaceHorse.othersGrossDtls[5].sourceDescription xpath: /ITRETURN:ITR/ITR2FORM:ITR2/ITRForm:ScheduleOS/ITRForm:IncOthThanOwnRaceHorse/ITRForm:OthersGrossDtls[6]/ITRForm:SourceDescription nodelist: 5]
[27-Mar-2018]::[11:57:44 PM]::[com.itd.efiling.itr.common.util.f b]::[INFO]::[name: scheduleOS.incOthThanOwnRaceHorse.othersGrossDtls[6].sourceDescription xpath: /ITRETURN:ITR/ITR2FORM:ITR2/ITRForm:ScheduleOS/ITRForm:IncOthThanOwnRaceHorse/ITRForm:OthersGrossDtls[7]/ITRForm:SourceDescription nodelist: 6]
[27-Mar-2018]::[11:57:45 PM]::[com.itd.efiling.itr.common.util.f b]::[INFO]::[name: scheduleOS.incOthThanOwnRaceHorse.othersGrossDtls[7].sourceDescription xpath: /ITRETURN:ITR/ITR2FORM:ITR2/ITRForm:ScheduleOS/ITRForm:IncOthThanOwnRaceHorse/ITRForm:OthersGrossDtls[8]/ITRForm:SourceDescription nodelist: 7]
[27-Mar-2018]::[11:57:45 PM]::[com.itd.efiling.itr.common.util.f b]::[INFO]::[name: scheduleOS.incOthThanOwnRaceHorse.othersGrossDtls[8].sourceDescription xpath: /ITRETURN:ITR/ITR2FORM:ITR2/ITRForm:ScheduleOS/ITRForm:IncOthThanOwnRaceHorse/ITRForm:OthersGrossDtls[9]/ITRForm:SourceDescription nodelist: 8]
[27-Mar-2018]::[11:57:45 PM]::[com.itd.efiling.itr.common.cachers.b a]::[INFO]::[flagtrue]
[27-Mar-2018]::[11:57:45 PM]::[com.itd.efiling.itr.common.cachers.b a]::[INFO]::[doc[#document: null]]
[27-Mar-2018]::[11:57:45 PM]::[com.itd.efiling.itr.common.cachers.b a]::[INFO]::[Inside deleteNodeGenerateXml]
[27-Mar-2018]::[11:57:45 PM]::[com.itd.efiling.itr.common.util.f b]::[INFO]::[FIELD_VALUE 1144]
[27-Mar-2018]::[11:57:45 PM]::[com.itd.efiling.itr.common.util.f a]::[INFO]::[done with schema error; 0]
[27-Mar-2018]::[11:57:45 PM]::[com.itd.efiling.itr.common.util.f a]::[INFO]::[hash {} f4DSKtJWaD6hA+ivpKYstYWoAZqd2uSWBr8F9PpxFbA=]
[27-Mar-2018]::[11:57:45 PM]::[com.itd.efiling.itr.common.util.f a]::[INFO]::[Time taken to generate: 1601 ms ]
[27-Mar-2018]::[11:57:45 PM]::[com.itd.efiling.itr.a.a.a <init>]::[INFO]::[CommonDialog starts]
[27-Mar-2018]::[11:57:46 PM]::[com.itd.efiling.itr.a.a.n initialize]::[INFO]::[initialize submit itr starts]
[27-Mar-2018]::[11:57:46 PM]::[com.itd.efiling.itr.a.a.n initialize]::[INFO]::[Time taken to get the document 11]
[27-Mar-2018]::[11:57:46 PM]::[com.itd.efiling.itr.a.a.n initialize]::[INFO]::[Time taken to set the parameters1]
[27-Mar-2018]::[11:57:46 PM]::[com.itd.efiling.itr.a.a.n initialize]::[INFO]::[Time taken to enableSec44AB 1]
[27-Mar-2018]::[11:57:46 PM]::[com.itd.efiling.itr.a.a.n r]::[INFO]::[Enabling 92E for AY2017-18 and ITR 3,5,6 and 7]
[27-Mar-2018]::[11:57:46 PM]::[com.itd.efiling.itr.a.a.n initialize]::[INFO]::[Time taken to addKeyEvent 4]
[27-Mar-2018]::[11:57:46 PM]::[com.itd.efiling.itr.a.a.n initialize]::[INFO]::[Time taken to hideDscRelated 0]
[27-Mar-2018]::[11:57:47 PM]::[com.itd.efiling.itr.b.a.n getKeyStoreAliases]::[INFO]::[set : []]
[27-Mar-2018]::[11:57:47 PM]::[com.itd.efiling.itr.a.a.n o]::[INFO]::[Time taken to initialize usb tokens798]
[27-Mar-2018]::[11:57:47 PM]::[com.itd.efiling.itr.a.a.n initialize]::[INFO]::[Time taken to initUsbTokens 799]
[27-Mar-2018]::[11:57:47 PM]::[com.itd.efiling.itr.a.a.a <init>]::[INFO]::[CommonDialog ends]
[27-Mar-2018]::[11:57:47 PM]::[com.itd.efiling.itr.a.a.n dscMandatory]::[INFO]::[dscMandatory starts::ITR-2]
[27-Mar-2018]::[11:57:47 PM]::[com.itd.efiling.itr.a.a.n dscMandatory]::[INFO]::[dscMandatory ends]
[27-Mar-2018]::[11:57:59 PM]::[com.itd.efiling.itr.a.a.n f]::[INFO]::[validateDSCKey ends with flag: true]
[27-Mar-2018]::[11:58:00 PM]::[com.itd.efiling.itr.webservice.a.f b]::[INFO]::[Thread call starts]
[27-Mar-2018]::[11:58:00 PM]::[com.itd.efiling.itr.webservice.a.f a]::[INFO]::[sendRequest starts]
[27-Mar-2018]::[11:58:00 PM]::[com.itd.efiling.itr.common.util.e getSecuredRequest]::[INFO]::[Before getting secured request]
[27-Mar-2018]::[11:58:00 PM]::[com.itd.efiling.itr.common.util.e getSecuredRequest]::[INFO]::[After getting secured request]
[27-Mar-2018]::[11:58:00 PM]::[com.itd.efiling.itr.common.util.c d]::[INFO]::[file : .\Readme.txt]
[27-Mar-2018]::[11:58:00 PM]::[com.itd.efiling.itr.common.util.c d]::[INFO]::[file : .\ITR-2_2017 (1).zip]
[27-Mar-2018]::[11:58:00 PM]::[com.itd.efiling.itr.common.util.c d]::[INFO]::[file : .\ITR]
[27-Mar-2018]::[11:58:00 PM]::[com.itd.efiling.itr.common.util.c d]::[INFO]::[file : .\ITR-2_AY201718_PR12.jar]
[27-Mar-2018]::[11:58:02 PM]::[com.itd.efiling.itr.webservice.a.f a]::[INFO]::[Soap fault: , errorNode: nullnull]
[27-Mar-2018]::[11:58:02 PM]::[com.itd.efiling.itr.webservice.a.f b]::[INFO]::[Thread call ends : time taken: 2968]
[27-Mar-2018]::[11:58:02 PM]::[com.itd.efiling.itr.a.a.n cancel]::[INFO]::[cancel caled]
[27-Mar-2018]::[11:58:03 PM]::[com.itd.efiling.itr.webservice.a.f b]::[INFO]::[Writing to file: C:\Users\Tushar\AppData\Local\Temp\ITRvFile2353074647283400865618489949.zip]
[27-Mar-2018]::[11:58:03 PM]::[com.itd.efiling.itr.a.a.a <init>]::[INFO]::[CommonDialog starts]
[27-Mar-2018]::[11:58:03 PM]::[com.itd.efiling.itr.a.a.l initialize]::[INFO]::[initialize starts]
[27-Mar-2018]::[11:58:03 PM]::[com.itd.efiling.itr.a.a.l b]::[INFO]::[loadITRVPage stats with transaction id 5134841702 ,email admin@mohitetax.in]
[27-Mar-2018]::[11:58:03 PM]::[com.itd.efiling.itr.a.a.a <init>]::[INFO]::[CommonDialog ends]
[27-Mar-2018]::[11:58:03 PM]::[com.itd.efiling.itr.a.a.l a]::[INFO]::[saveIfNot after shows: ]
[27-Mar-2018]::[11:58:06 PM]::[com.itd.efiling.itr.common.dialog.p a]::[INFO]::[Inside  closeUtility]
[27-Mar-2018]::[11:58:08 PM]::[com.itd.efiling.itr.main.ctrl.h a]::[INFO]::[ Close Event WindowEvent [source = javafx.stage.Stage@845904, target = javafx.stage.Stage@845904, eventType = WINDOW_CLOSE_REQUEST, consumed = false]]
