[25-Jul-2016]::[10:48:32 PM]::[com.itd.efiling.itr.main.ctrl.ThreeRedLightsIlluminate init]::[INFO]::[init starts]
[25-Jul-2016]::[10:48:32 PM]::[com.itd.efiling.itr.common.util.j setUtilityParams]::[INFO]::[url jar:file:/D:/Tushar%20Data/Business/IT%20RETURNS/Rajendra%20Tarlekar/AY%202016-17/ITR%20form/ITR-4S_AY201617_PR4.jar!/META-INF/MANIFEST.MF]
[25-Jul-2016]::[10:48:32 PM]::[com.itd.efiling.itr.common.util.j setUtilityParams]::[INFO]::[2016-17 :: ITR-4S :: ]
[25-Jul-2016]::[10:48:32 PM]::[com.itd.efiling.itr.main.ctrl.ThreeRedLightsIlluminate init]::[INFO]::[init ends in 41 ms.]
[25-Jul-2016]::[10:48:32 PM]::[com.itd.efiling.itr.main.ctrl.ThreeRedLightsIlluminate start]::[INFO]::[MainLoader start method starts]
[25-Jul-2016]::[10:48:34 PM]::[com.itd.efiling.itr.main.ctrl.d initialize]::[INFO]::[initialize starts]
[25-Jul-2016]::[10:48:34 PM]::[com.itd.efiling.itr.common.util.c b]::[INFO]::[Before Validating fileListCommonScript ]
[25-Jul-2016]::[10:48:34 PM]::[com.itd.efiling.itr.common.util.c b]::[INFO]::[Before Validating fileListItrAy ]
[25-Jul-2016]::[10:48:34 PM]::[com.itd.efiling.itr.common.util.c b]::[INFO]::[Before Validating fileListConfig ]
[25-Jul-2016]::[10:48:34 PM]::[com.itd.efiling.itr.common.util.c b]::[INFO]::[Before Validating verifySignature ]
[25-Jul-2016]::[10:48:34 PM]::[com.itd.efiling.itr.common.util.c a]::[INFO]::[verifies : true]
[25-Jul-2016]::[10:48:34 PM]::[com.itd.efiling.itr.main.ctrl.d initialize]::[INFO]::[Is utiltity valid ::true]
[25-Jul-2016]::[10:48:34 PM]::[com.itd.efiling.itr.a.a.d c]::[INFO]::[loadingDialog starts]
[25-Jul-2016]::[10:48:34 PM]::[com.itd.efiling.itr.a.a.a <init>]::[INFO]::[CommonDialog starts]
[25-Jul-2016]::[10:48:34 PM]::[com.itd.efiling.itr.a.a.a <init>]::[INFO]::[CommonDialog ends]
[25-Jul-2016]::[10:48:35 PM]::[com.itd.efiling.itr.a.a.d c]::[INFO]::[loadingDialog ends]
[25-Jul-2016]::[10:48:35 PM]::[com.itd.efiling.itr.main.ctrl.a b]::[INFO]::[hide validation]
[25-Jul-2016]::[10:48:35 PM]::[com.itd.efiling.itr.main.ctrl.d a]::[INFO]::[importFile : null]
[25-Jul-2016]::[10:48:35 PM]::[com.itd.efiling.itr.main.ctrl.d initialize]::[INFO]::[initialize ends: time taken: 1176ms]
[25-Jul-2016]::[10:48:35 PM]::[com.itd.efiling.itr.main.ctrl.d initialize]::[INFO]::[initialize ends: time taken: 2ms]
[25-Jul-2016]::[10:48:35 PM]::[com.sun.javafx.css.parser.CSSParser declaration]::[WARNING]::[CSS Error parsing '*{-fx-font-weight: bold;-fx-font: 22px;}: Expected '<font-family>' while parsing '-fx-font' at [1,34]]
[25-Jul-2016]::[10:48:35 PM]::[com.sun.javafx.css.parser.CSSParser declaration]::[WARNING]::[CSS Error parsing '*{-fx-background-color: linear-gradient(#3A5058, #6aa2b1);-fx-font-weight: bold;-fx-font: 22px;}: Expected '<font-family>' while parsing '-fx-font' at [1,90]]
[25-Jul-2016]::[10:48:35 PM]::[com.itd.efiling.itr.main.ctrl.ThreeRedLightsIlluminate start]::[INFO]::[mainController.windowWidth new : 1366.0]
[25-Jul-2016]::[10:48:35 PM]::[com.itd.efiling.itr.main.ctrl.ThreeRedLightsIlluminate start]::[INFO]::[1366.0 :: 1079.14 :: 232.22000000000003]
[25-Jul-2016]::[10:48:35 PM]::[com.itd.efiling.itr.main.ctrl.ThreeRedLightsIlluminate start]::[INFO]::[MainLoader start method ends. Time taken: 3157]
[25-Jul-2016]::[10:48:36 PM]::[com.itd.efiling.itr.common.a.a a]::[INFO]::[oldState  : RUNNING newState : SUCCEEDED]
[25-Jul-2016]::[10:48:36 PM]::[com.itd.efiling.itr.common.a.a a]::[INFO]::[jsobj [object Window]]
[25-Jul-2016]::[10:48:39 PM]::[com.itd.efiling.itr.common.a.a a]::[INFO]::[time taken in changed : 69]
[25-Jul-2016]::[10:48:41 PM]::[com.itd.efiling.itr.toolbar.b importXml]::[INFO]::[importXmlDialog starts]
[25-Jul-2016]::[10:48:41 PM]::[com.itd.efiling.itr.a.a.e a]::[INFO]::[extension : .open title : null type : false]
[25-Jul-2016]::[10:48:59 PM]::[com.itd.efiling.itr.toolbar.b a]::[INFO]::[Actual ITR ITR-4S Actual assesment year2016-17]
[25-Jul-2016]::[10:48:59 PM]::[com.itd.efiling.itr.toolbar.b a]::[INFO]::[Imported ITR ITR-4S Imported assesment year2015-16]
[25-Jul-2016]::[10:49:01 PM]::[com.itd.efiling.itr.toolbar.b importXml]::[INFO]::[importXmlDialog ends]
[25-Jul-2016]::[10:49:03 PM]::[com.itd.efiling.itr.toolbar.b prefill]::[INFO]::[prefill]
[25-Jul-2016]::[10:49:04 PM]::[com.itd.efiling.itr.a.a.a <init>]::[INFO]::[CommonDialog starts]
[25-Jul-2016]::[10:49:04 PM]::[com.itd.efiling.itr.a.a.a <init>]::[INFO]::[CommonDialog ends]
[25-Jul-2016]::[10:49:23 PM]::[com.itd.efiling.itr.a.a.f prefill]::[INFO]::[prefill caled]
[25-Jul-2016]::[10:49:23 PM]::[com.itd.efiling.itr.webservice.a.a b]::[INFO]::[call starts ]
[25-Jul-2016]::[10:49:23 PM]::[com.itd.efiling.itr.a.a.f prefill]::[INFO]::[prefill ends after starting thread: ]
[25-Jul-2016]::[10:49:23 PM]::[com.itd.efiling.itr.webservice.a.a c]::[INFO]::[sendRequest starts]
[25-Jul-2016]::[10:49:23 PM]::[com.itd.efiling.itr.common.util.e getSecuredRequest]::[INFO]::[Before getting secured request]
[25-Jul-2016]::[10:49:23 PM]::[com.itd.efiling.itr.common.util.e getSecuredRequest]::[INFO]::[After getting secured request]
[25-Jul-2016]::[10:49:24 PM]::[com.itd.efiling.itr.common.util.c d]::[INFO]::[file : .\ITR]
[25-Jul-2016]::[10:49:24 PM]::[com.itd.efiling.itr.common.util.c d]::[INFO]::[file : .\ITR-4S_2016.zip]
[25-Jul-2016]::[10:49:24 PM]::[com.itd.efiling.itr.common.util.c d]::[INFO]::[file : .\ITR-4S_AY201617_PR4.jar]
[25-Jul-2016]::[10:49:25 PM]::[com.itd.efiling.itr.webservice.a.a c]::[INFO]::[Soap fault: null]
[25-Jul-2016]::[10:49:25 PM]::[com.itd.efiling.itr.webservice.a.a c]::[INFO]::[Soap errorNode : null]
[25-Jul-2016]::[10:49:25 PM]::[com.itd.efiling.itr.webservice.a.a c]::[INFO]::[sendrequest ends]
[25-Jul-2016]::[10:49:25 PM]::[com.itd.efiling.itr.webservice.a.a b]::[INFO]::[call ends Time taken:2143]
[25-Jul-2016]::[10:49:25 PM]::[com.itd.efiling.itr.a.a.f cancel]::[INFO]::[cancel caled]
[25-Jul-2016]::[10:49:27 PM]::[com.itd.efiling.itr.webservice.a.d run]::[INFO]::[Prefill done successfully]
[25-Jul-2016]::[10:49:40 PM]::[com.itd.efiling.itr.validation.a.a a]::[INFO]::[FIELD_VALIDATORS_MAP 198]
[25-Jul-2016]::[10:52:04 PM]::[com.itd.efiling.itr.common.util.JavaScriptFunctions getBankName]::[INFO]::[ifsc isSBIN]
[25-Jul-2016]::[10:52:31 PM]::[com.itd.efiling.itr.main.ctrl.g a]::[INFO]::[itrEngine alert: Please enter Name in correct format]
[25-Jul-2016]::[10:53:20 PM]::[com.itd.efiling.itr.toolbar.b validateAndSaveFile]::[INFO]::[validateAndSaveFile ]
[25-Jul-2016]::[10:53:20 PM]::[com.itd.efiling.itr.main.ctrl.a c]::[INFO]::[show validation]
[25-Jul-2016]::[10:53:20 PM]::[com.itd.efiling.itr.validation.helpers.Validator validateAll]::[INFO]::[Time taken in validateAll(): 0]
[25-Jul-2016]::[10:53:20 PM]::[com.itd.efiling.itr.validation.helpers.Validator call]::[INFO]::[Call() starts : ]
[25-Jul-2016]::[10:53:20 PM]::[com.itd.efiling.itr.validation.helpers.Validator call]::[INFO]::[Call() ends time taken: 44  error count :1]
[25-Jul-2016]::[10:53:36 PM]::[com.itd.efiling.itr.toolbar.b validateAndSaveFile]::[INFO]::[validateAndSaveFile ]
[25-Jul-2016]::[10:53:36 PM]::[com.itd.efiling.itr.main.ctrl.a c]::[INFO]::[show validation]
[25-Jul-2016]::[10:53:36 PM]::[com.itd.efiling.itr.validation.helpers.Validator validateAll]::[INFO]::[Time taken in validateAll(): 0]
[25-Jul-2016]::[10:53:36 PM]::[com.itd.efiling.itr.validation.helpers.Validator call]::[INFO]::[Call() starts : ]
[25-Jul-2016]::[10:53:36 PM]::[com.itd.efiling.itr.validation.helpers.Validator call]::[INFO]::[Call() ends time taken: 24  error count :0]
[25-Jul-2016]::[10:53:36 PM]::[com.itd.efiling.itr.a.a.e a]::[INFO]::[extension : .xml title : null type : true]
[25-Jul-2016]::[10:53:49 PM]::[com.itd.efiling.itr.common.util.f b]::[INFO]::[Before setDocument]
[25-Jul-2016]::[10:53:49 PM]::[com.itd.efiling.itr.common.util.f b]::[INFO]::[After setDocument[#document: null]]
[25-Jul-2016]::[10:53:49 PM]::[com.itd.efiling.itr.common.cachers.b a]::[INFO]::[flagtrue]
[25-Jul-2016]::[10:53:49 PM]::[com.itd.efiling.itr.common.cachers.b a]::[INFO]::[doc[#document: null]]
[25-Jul-2016]::[10:53:49 PM]::[com.itd.efiling.itr.common.cachers.b a]::[INFO]::[Inside deleteNodeGenerateXml]
[25-Jul-2016]::[10:53:49 PM]::[com.itd.efiling.itr.common.util.f b]::[INFO]::[FIELD_VALUE 237]
[25-Jul-2016]::[10:53:50 PM]::[com.itd.efiling.itr.common.util.f a]::[INFO]::[done with schema error; 0]
[25-Jul-2016]::[10:53:50 PM]::[com.itd.efiling.itr.common.util.f a]::[INFO]::[hash {} 4dCJW76QbDPhVhme80RGdOpY+ab1QrKeb2POiCiyln8=]
[25-Jul-2016]::[10:53:50 PM]::[com.itd.efiling.itr.common.util.f a]::[INFO]::[Time taken to generate: 735 ms ]
[25-Jul-2016]::[10:54:59 PM]::[com.itd.efiling.itr.toolbar.b validateAndSaveFile]::[INFO]::[validateAndSaveFile ]
[25-Jul-2016]::[10:54:59 PM]::[com.itd.efiling.itr.main.ctrl.a c]::[INFO]::[show validation]
[25-Jul-2016]::[10:54:59 PM]::[com.itd.efiling.itr.validation.helpers.Validator validateAll]::[INFO]::[Time taken in validateAll(): 0]
[25-Jul-2016]::[10:54:59 PM]::[com.itd.efiling.itr.validation.helpers.Validator call]::[INFO]::[Call() starts : ]
[25-Jul-2016]::[10:54:59 PM]::[com.itd.efiling.itr.validation.helpers.Validator call]::[INFO]::[Call() ends time taken: 22  error count :0]
[25-Jul-2016]::[10:54:59 PM]::[com.itd.efiling.itr.a.a.e a]::[INFO]::[extension : .xml title : null type : true]
[25-Jul-2016]::[10:55:06 PM]::[com.itd.efiling.itr.common.util.f b]::[INFO]::[Before setDocument]
[25-Jul-2016]::[10:55:06 PM]::[com.itd.efiling.itr.common.util.f b]::[INFO]::[After setDocument[#document: null]]
[25-Jul-2016]::[10:55:06 PM]::[com.itd.efiling.itr.common.cachers.b a]::[INFO]::[flagtrue]
[25-Jul-2016]::[10:55:06 PM]::[com.itd.efiling.itr.common.cachers.b a]::[INFO]::[doc[#document: null]]
[25-Jul-2016]::[10:55:06 PM]::[com.itd.efiling.itr.common.cachers.b a]::[INFO]::[Inside deleteNodeGenerateXml]
[25-Jul-2016]::[10:55:06 PM]::[com.itd.efiling.itr.common.util.f b]::[INFO]::[FIELD_VALUE 237]
[25-Jul-2016]::[10:55:06 PM]::[com.itd.efiling.itr.common.util.f a]::[INFO]::[done with schema error; 0]
[25-Jul-2016]::[10:55:06 PM]::[com.itd.efiling.itr.common.util.f a]::[INFO]::[hash {} 3KBvpvKxWMX62aYxMgvNtQUWx055PMm3Rx438D6LSdE=]
[25-Jul-2016]::[10:55:06 PM]::[com.itd.efiling.itr.common.util.f a]::[INFO]::[Time taken to generate: 343 ms ]
[25-Jul-2016]::[10:55:59 PM]::[com.itd.efiling.itr.toolbar.b submit]::[INFO]::[validateITR starts]
[25-Jul-2016]::[10:55:59 PM]::[com.itd.efiling.itr.main.ctrl.a c]::[INFO]::[show validation]
[25-Jul-2016]::[10:55:59 PM]::[com.itd.efiling.itr.validation.helpers.Validator validateAll]::[INFO]::[Time taken in validateAll(): 0]
[25-Jul-2016]::[10:55:59 PM]::[com.itd.efiling.itr.validation.helpers.Validator call]::[INFO]::[Call() starts : ]
[25-Jul-2016]::[10:55:59 PM]::[com.itd.efiling.itr.validation.helpers.Validator call]::[INFO]::[Call() ends time taken: 23  error count :0]
[25-Jul-2016]::[10:55:59 PM]::[com.itd.efiling.itr.common.util.f b]::[INFO]::[Before setDocument]
[25-Jul-2016]::[10:55:59 PM]::[com.itd.efiling.itr.common.util.f b]::[INFO]::[After setDocument[#document: null]]
[25-Jul-2016]::[10:55:59 PM]::[com.itd.efiling.itr.common.cachers.b a]::[INFO]::[flagtrue]
[25-Jul-2016]::[10:55:59 PM]::[com.itd.efiling.itr.common.cachers.b a]::[INFO]::[doc[#document: null]]
[25-Jul-2016]::[10:55:59 PM]::[com.itd.efiling.itr.common.cachers.b a]::[INFO]::[Inside deleteNodeGenerateXml]
[25-Jul-2016]::[10:55:59 PM]::[com.itd.efiling.itr.common.util.f b]::[INFO]::[FIELD_VALUE 237]
[25-Jul-2016]::[10:55:59 PM]::[com.itd.efiling.itr.common.util.f a]::[INFO]::[done with schema error; 0]
[25-Jul-2016]::[10:55:59 PM]::[com.itd.efiling.itr.common.util.f a]::[INFO]::[hash {} 3KBvpvKxWMX62aYxMgvNtQUWx055PMm3Rx438D6LSdE=]
[25-Jul-2016]::[10:55:59 PM]::[com.itd.efiling.itr.common.util.f a]::[INFO]::[Time taken to generate: 273 ms ]
[25-Jul-2016]::[10:55:59 PM]::[com.itd.efiling.itr.a.a.a <init>]::[INFO]::[CommonDialog starts]
[25-Jul-2016]::[10:55:59 PM]::[com.itd.efiling.itr.a.a.n initialize]::[INFO]::[initialize submit itr starts]
[25-Jul-2016]::[10:55:59 PM]::[com.itd.efiling.itr.a.a.n initialize]::[INFO]::[Time taken to get the document 10]
[25-Jul-2016]::[10:55:59 PM]::[com.itd.efiling.itr.a.a.n initialize]::[INFO]::[Time taken to set the parameters1]
[25-Jul-2016]::[10:55:59 PM]::[com.itd.efiling.itr.a.a.n initialize]::[INFO]::[Time taken to enableSec44AB 0]
[25-Jul-2016]::[10:55:59 PM]::[com.itd.efiling.itr.a.a.n initialize]::[INFO]::[Time taken to addKeyEvent 3]
[25-Jul-2016]::[10:55:59 PM]::[com.itd.efiling.itr.a.a.n initialize]::[INFO]::[Time taken to hideDscRelated 1]
[25-Jul-2016]::[10:55:59 PM]::[com.itd.efiling.itr.b.a.n getKeyStoreAliases]::[INFO]::[set : []]
[25-Jul-2016]::[10:55:59 PM]::[com.itd.efiling.itr.a.a.n o]::[INFO]::[Time taken to initialize usb tokens18]
[25-Jul-2016]::[10:55:59 PM]::[com.itd.efiling.itr.a.a.n initialize]::[INFO]::[Time taken to initUsbTokens 19]
[25-Jul-2016]::[10:55:59 PM]::[com.itd.efiling.itr.a.a.a <init>]::[INFO]::[CommonDialog ends]
[25-Jul-2016]::[10:55:59 PM]::[com.itd.efiling.itr.a.a.n dscMandatory]::[INFO]::[dscMandatory starts::ITR-4S]
[25-Jul-2016]::[10:55:59 PM]::[com.itd.efiling.itr.a.a.n dscMandatory]::[INFO]::[dscMandatory ends]
[25-Jul-2016]::[10:56:11 PM]::[com.itd.efiling.itr.a.a.n f]::[INFO]::[validateDSCKey ends with flag: true]
[25-Jul-2016]::[10:56:11 PM]::[com.itd.efiling.itr.webservice.a.f b]::[INFO]::[Thread call starts]
[25-Jul-2016]::[10:56:11 PM]::[com.itd.efiling.itr.webservice.a.f a]::[INFO]::[sendRequest starts]
[25-Jul-2016]::[10:56:11 PM]::[com.itd.efiling.itr.common.util.e getSecuredRequest]::[INFO]::[Before getting secured request]
[25-Jul-2016]::[10:56:11 PM]::[com.itd.efiling.itr.common.util.e getSecuredRequest]::[INFO]::[After getting secured request]
[25-Jul-2016]::[10:56:11 PM]::[com.itd.efiling.itr.common.util.c d]::[INFO]::[file : .\ITR]
[25-Jul-2016]::[10:56:11 PM]::[com.itd.efiling.itr.common.util.c d]::[INFO]::[file : .\ITR-4S_2016.zip]
[25-Jul-2016]::[10:56:11 PM]::[com.itd.efiling.itr.common.util.c d]::[INFO]::[file : .\ITR-4S_AY201617_PR4.jar]
[25-Jul-2016]::[10:56:15 PM]::[com.itd.efiling.itr.webservice.a.f a]::[INFO]::[Soap fault: , errorNode: nullnull]
[25-Jul-2016]::[10:56:15 PM]::[com.itd.efiling.itr.a.a.n cancel]::[INFO]::[cancel caled]
[25-Jul-2016]::[10:56:15 PM]::[com.itd.efiling.itr.webservice.a.f b]::[INFO]::[Thread call ends : time taken: 4209]
[25-Jul-2016]::[10:56:15 PM]::[com.itd.efiling.itr.webservice.a.f b]::[INFO]::[Writing to file: C:\Users\TUSHAR~1\AppData\Local\Temp\ITRvFile-3714848094822292161718002635.zip]
[25-Jul-2016]::[10:56:15 PM]::[com.itd.efiling.itr.a.a.a <init>]::[INFO]::[CommonDialog starts]
[25-Jul-2016]::[10:56:15 PM]::[com.itd.efiling.itr.a.a.l initialize]::[INFO]::[initialize starts]
[25-Jul-2016]::[10:56:15 PM]::[com.itd.efiling.itr.a.a.l b]::[INFO]::[loadITRVPage stats with transaction id 3156948542 ,email TUSHARMOHITE0@GMAIL.COM]
[25-Jul-2016]::[10:56:15 PM]::[com.itd.efiling.itr.a.a.a <init>]::[INFO]::[CommonDialog ends]
[25-Jul-2016]::[10:56:15 PM]::[com.itd.efiling.itr.a.a.l a]::[INFO]::[saveIfNot after shows: ]
[25-Jul-2016]::[10:56:20 PM]::[com.itd.efiling.itr.common.dialog.o a]::[INFO]::[Inside  closeUtility]
[25-Jul-2016]::[10:56:22 PM]::[com.itd.efiling.itr.main.ctrl.h a]::[INFO]::[ Close Event WindowEvent [source = javafx.stage.Stage@dbcb32, target = javafx.stage.Stage@dbcb32, eventType = WINDOW_CLOSE_REQUEST, consumed = false]]
