detecting proxies
proxy type: DIRECT
No Proxy
onlineservices.tin.egov-nsdl.com
proxy validationtrue
detecting proxies
proxy type: DIRECT
No Proxy
onlineservices.tin.egov-nsdl.com
--result--6.0^2.156^2.1288
FVU_Electronic_after2010116.0
FVU_Electronic_before2010112.156
FVU_Paper2.1288
--TO CHECK FVU VERSION-- 2.141
Inside RPU func
Thje cons File name is 74
The 20 digit Hash code is  00000000000349099737
The Hash value in file 00000000000349099737
The upload type CThe Cons hash in file 00000000000349099737-
In else part of is cons valid
To Continue 0
