[10-Aug-2016]::[1:27:00 PM]::[INFO]::[init starts]
[10-Aug-2016]::[1:27:01 PM]::[INFO]::[ITRConfigUtil.getConfigURL(): java.io.FileInputStream@1b7c9a0]
[10-Aug-2016]::[1:27:01 PM]::[INFO]::[url jar:file:/D:/Tushar%20Data/Business/IT%20RETURNS/Dineshbhai%20Sosa/AY%202015-16/ITR-1_2015/ITR-1_AY201516_PR7.jar!/META-INF/MANIFEST.MF]
[10-Aug-2016]::[1:27:01 PM]::[INFO]::[2015-16 :: ITR-1 :: 1.0]
[10-Aug-2016]::[1:27:01 PM]::[INFO]::[init ends in 684 ms.]
[10-Aug-2016]::[1:27:01 PM]::[INFO]::[MainLoader start method starts]
[10-Aug-2016]::[1:27:03 PM]::[INFO]::[Before Validating fileListCommonScript ]
[10-Aug-2016]::[1:27:04 PM]::[INFO]::[Before Validating fileListItrAy ]
[10-Aug-2016]::[1:27:04 PM]::[INFO]::[Before Validating fileListConfig ]
[10-Aug-2016]::[1:27:04 PM]::[INFO]::[Before Validating verifySignature ]
[10-Aug-2016]::[1:27:04 PM]::[INFO]::[verifies : true]
[10-Aug-2016]::[1:27:04 PM]::[INFO]::[Is utiltity valid ::true]
[10-Aug-2016]::[1:27:04 PM]::[INFO]::[openNewITR starts with values: asstYear:2015-16,itr:ITR-1,ver:1.0,importXml:null]
[10-Aug-2016]::[1:27:04 PM]::[INFO]::[Opening ITR: ITR-1 For AsstYear: 2015-16]
[10-Aug-2016]::[1:27:04 PM]::[INFO]::[generateCopy starts]
[10-Aug-2016]::[1:27:04 PM]::[INFO]::[initialize starts]
[10-Aug-2016]::[1:27:05 PM]::[INFO]::[initialize ends]
[10-Aug-2016]::[1:27:05 PM]::[INFO]::[hideShowValidation starts]
[10-Aug-2016]::[1:27:05 PM]::[INFO]::[webViewActWidth in: 1079.14,vboxActWidth:  232.22000000000003,mainController.windowWidth: 1366.0]
[10-Aug-2016]::[1:27:05 PM]::[INFO]::[hide validation]
[10-Aug-2016]::[1:27:05 PM]::[INFO]::[hideShowValidation ends]
[10-Aug-2016]::[1:27:05 PM]::[INFO]::[Time taken in openNewITR(): 877]
[10-Aug-2016]::[1:27:05 PM]::[INFO]::[calculateITR starts]
[10-Aug-2016]::[1:27:05 PM]::[INFO]::[calculateITR ok starts]
[10-Aug-2016]::[1:27:06 PM]::[INFO]::[mainController.windowWidth new : 1366.0]
[10-Aug-2016]::[1:27:06 PM]::[INFO]::[MainLoader start method ends. Time taken: 5081]
[10-Aug-2016]::[1:27:08 PM]::[INFO]::[javascript: to run: ]
[10-Aug-2016]::[1:27:08 PM]::[INFO]::[time taken in changed : 679]
[10-Aug-2016]::[1:27:18 PM]::[INFO]::[ifsc isBKID]
[10-Aug-2016]::[1:27:50 PM]::[INFO]::[importXmlDialog starts]
[10-Aug-2016]::[1:27:50 PM]::[INFO]::[saveIfNot starts: type: 4]
[10-Aug-2016]::[1:27:50 PM]::[INFO]::[saveIfNot after shows: ]
[10-Aug-2016]::[1:27:50 PM]::[INFO]::[importXmlDialog ends]
[10-Aug-2016]::[1:28:15 PM]::[INFO]::[openNewITR starts with values: asstYear:2015-16,itr:ITR-1,ver:1.0,importXml:D:\Tushar Data\Business\IT RETURNS\Dineshbhai Sosa\AY 2015-16\Draft.draft]
[10-Aug-2016]::[1:28:15 PM]::[INFO]::[Opening ITR: ITR-1 For AsstYear: 2015-16]
[10-Aug-2016]::[1:28:15 PM]::[INFO]::[generateCopy starts]
[10-Aug-2016]::[1:28:15 PM]::[INFO]::[hideShowValidation starts]
[10-Aug-2016]::[1:28:15 PM]::[INFO]::[show validation]
[10-Aug-2016]::[1:28:15 PM]::[INFO]::[hideShowValidation ends]
[10-Aug-2016]::[1:28:16 PM]::[INFO]::[Time taken in openNewITR(): 53]
[10-Aug-2016]::[1:28:16 PM]::[INFO]::[IMPORT_HTML_FIELD_VALUE: {itr1.creationInfo.swCreatedBy=[SW10000002], itr1.creationInfo.xmlCreationDate=[10/08/2016], itr1.formITR1.formName=[ITR-1], itr1.formITR1.schemaVer=[Ver1.0], itr1.formITR1.formVer=[Ver1.0], itr1.personalInfo.assesseeName.firstName=[DINESHBHAI], itr1.personalInfo.assesseeName.middleName=[PREMJIBHAI], itr1.personalInfo.assesseeName.surNameOrOrgName=[SOSA], itr1.personalInfo.pan=[BXNPS4451E], itr1.personalInfo.address.residenceNo=[ROOM NO 2], itr1.personalInfo.address.residenceName=[MUNICIPAL BUILDING NO 1], itr1.personalInfo.address.roadOrStreet=[P L LOKHANDE MARG], itr1.personalInfo.address.localityOrArea=[CHEMBUR LABOUR CAMP], itr1.personalInfo.address.cityOrTownOrDistrict=[MUMBAI], itr1.personalInfo.address.stateCode=[19], itr1.personalInfo.address.country=[91], itr1.personalInfo.address.pinCode=[400098], itr1.personalInfo.address.phone.stDcode=[], itr1.personalInfo.address.phone.phoneNo=[], itr1.personalInfo.address.mobileNo=[9619156719], itr1.personalInfo.address.secMobileNo=[], itr1.personalInfo.address.emailAddress=[TUSHARMOHITE0@GMAIL.COM], itr1.personalInfo.dob=[04/11/1976], itr1.personalInfo.employerCategory=[GOV], itr1.personalInfo.gender=[M], itr1.personalInfo.status=[I], itr1.filingStatus.adharNoOption=[N], itr1.filingStatus.adharNumber=[], itr1.filingStatus.desigOfficerWardorCircle=[], itr1.filingStatus.returnFileSec=[12], itr1.filingStatus.ackNoOriginalReturn=[], itr1.filingStatus.noticeNo=[], itr1.filingStatus.noticeDate=[], itr1.filingStatus.returnType=[O], itr1.filingStatus.receiptNo=[], itr1.filingStatus.origRetFiledDate=[], itr1.filingStatus.residentialStatus=[RES], itr1.filingStatus.taxStatus=[NT], itr1.filingStatus.portugeseCC5A=[N], itr1.filingStatus.panOfSpouse=[], itr1.filingStatus.noticeDateUnderSec=[], itr1.itr1IncomeDeductions.incomeFromSal=[296635], itr1.itr1IncomeDeductions.typeOfHP=[S], itr1.itr1IncomeDeductions.totalIncomeOfHP=[0], itr1.itr1IncomeDeductions.incomeOthSrc=[0], itr1.itr1IncomeDeductions.grossTotIncome=[296635], itr1.itr1IncomeDeductions.usrDeductUndChapVIA.section80C_Usr=[47000], itr1.itr1IncomeDeductions.usrDeductUndChapVIA.section80CCC_Usr=[0], itr1.itr1IncomeDeductions.usrDeductUndChapVIA.section80CCD_Usr=[0], itr1.itr1IncomeDeductions.usrDeductUndChapVIA.section80CCDEmployer_Usr=[0], itr1.itr1IncomeDeductions.usrDeductUndChapVIA.section80D_Usr=[0], itr1.itr1IncomeDeductions.usrDeductUndChapVIA.section80DD_Usr=[0], itr1.itr1IncomeDeductions.usrDeductUndChapVIA.section80DDB_Usr=[0], itr1.itr1IncomeDeductions.usrDeductUndChapVIA.section80E_Usr=[0], itr1.itr1IncomeDeductions.usrDeductUndChapVIA.section80EE_Usr=[0], itr1.itr1IncomeDeductions.usrDeductUndChapVIA.section80G_Usr=[0], itr1.itr1IncomeDeductions.usrDeductUndChapVIA.section80GG_Usr=[0], itr1.itr1IncomeDeductions.usrDeductUndChapVIA.section80GGA_Usr=[0], itr1.itr1IncomeDeductions.usrDeductUndChapVIA.section80GGC_Usr=[0], itr1.itr1IncomeDeductions.usrDeductUndChapVIA.section80U_Usr=[0], itr1.itr1IncomeDeductions.usrDeductUndChapVIA.section80RRB_Usr=[0], itr1.itr1IncomeDeductions.usrDeductUndChapVIA.section80QQB_Usr=[0], itr1.itr1IncomeDeductions.usrDeductUndChapVIA.section80CCG_Usr=[0], itr1.itr1IncomeDeductions.usrDeductUndChapVIA.section80TTA_Usr=[0], itr1.itr1IncomeDeductions.usrDeductUndChapVIA.totalChapVIADeductions_Usr=[47000], itr1.itr1IncomeDeductions.deductUndChapVIA.section80C=[47000], itr1.itr1IncomeDeductions.deductUndChapVIA.section80CCC=[0], itr1.itr1IncomeDeductions.deductUndChapVIA.section80CCD=[0], itr1.itr1IncomeDeductions.deductUndChapVIA.section80CCDEmployer=[0], itr1.itr1IncomeDeductions.deductUndChapVIA.section80D=[0], itr1.itr1IncomeDeductions.deductUndChapVIA.section80DD=[0], itr1.itr1IncomeDeductions.deductUndChapVIA.section80DDB=[0], itr1.itr1IncomeDeductions.deductUndChapVIA.section80E=[0], itr1.itr1IncomeDeductions.deductUndChapVIA.section80EE=[0], itr1.itr1IncomeDeductions.deductUndChapVIA.section80G=[0], itr1.itr1IncomeDeductions.deductUndChapVIA.section80GG=[0], itr1.itr1IncomeDeductions.deductUndChapVIA.section80GGA=[0], itr1.itr1IncomeDeductions.deductUndChapVIA.section80GGC=[0], itr1.itr1IncomeDeductions.deductUndChapVIA.section80U=[0], itr1.itr1IncomeDeductions.deductUndChapVIA.section80RRB=[0], itr1.itr1IncomeDeductions.deductUndChapVIA.section80QQB=[0], itr1.itr1IncomeDeductions.deductUndChapVIA.section80CCG=[0], itr1.itr1IncomeDeductions.deductUndChapVIA.section80TTA=[0], itr1.itr1IncomeDeductions.deductUndChapVIA.totalChapVIADeductions=[47000], itr1.itr1IncomeDeductions.totalIncome=[249640], itr1.itr1TaxComputationOnline.totalTaxPayable=[0], itr1.itr1TaxComputationOnline.rebate87A=[0], itr1.itr1TaxComputationOnline.taxPayableOnRebate=[0], itr1.itr1TaxComputationOnline.surchargeOnAboveCrore=[0], itr1.itr1TaxComputationOnline.educationCess=[0], itr1.itr1TaxComputationOnline.grossTaxLiability=[0], itr1.itr1TaxComputationOnline.section89=[0], itr1.itr1TaxComputationOnline.netTaxLiability=[0], itr1.itr1TaxComputationOnline.totalIntrstPay=[0], itr1.itr1TaxComputationOnline.intrstPay.intrstPayUs234A=[0], itr1.itr1TaxComputationOnline.intrstPay.intrstPayUs234B=[0], itr1.itr1TaxComputationOnline.intrstPay.intrstPayUs234C=[0], itr1.itr1TaxComputationOnline.totTaxPlusIntrstPay=[0], itr1.taxPaid.taxesPaid.advanceTax=[0], itr1.taxPaid.taxesPaid.tds=[0], itr1.taxPaid.taxesPaid.tcs=[], itr1.taxPaid.taxesPaid.selfAssessmentTax=[0], itr1.taxPaid.taxesPaid.totalTaxesPaid=[0], itr1.taxPaid.balTaxPayable=[0], itr1.refund.refundDue=[0], itr1.refund.depositToBankAccount.iFSCCode=[], itr1.refund.depositToBankAccount.bankName=[], itr1.refund.bankAccountNumber=[], itr1.refund.depositToBankAccount.bankAccountType=[SAV], itr1.scheduleBA[0].ifscCode=[], itr1.scheduleBA[0].bankName=[], itr1.scheduleBA[0].accNo=[], itr1.scheduleBA[0].bankAccType=[], itr1.scheduleBA.noOfBankAcc=[1], itr1.tdSonSalaries.tdSonSalary[0].employerOrDeductorOrCollectDetl.tan=[MUMM01325C], itr1.tdSonSalaries.tdSonSalary[0].employerOrDeductorOrCollectDetl.employerOrDeductorOrCollecterName=[MUNICIPAL CORPORATION OF GREATER MUMBAI], itr1.tdSonSalaries.tdSonSalary[0].incChrgSal=[308294], itr1.tdSonSalaries.tdSonSalary[0].totalTDSSal=[0], itr1.tdSonSalaries.tdSonSalary.totalTaxDeducted=[0], itr1.taxExmpIntInc=[], itr1.verification.declaration.assesseeVerName=[SOSA DINESHBHAI], itr1.verification.declaration.fatherName=[PREMJIBHAI SOSA], itr1.verification.declaration.assesseeVerPAN=[BXNPS4451E], itr1.verification.place=[ MUMBAI], itr1.verification.date=[10/08/2016]}]
[10-Aug-2016]::[1:28:16 PM]::[SEVERE]::[Error in setValuesSingle: itr1.creationInfo.swCreatedBy val:SW10000002, index:0]
[10-Aug-2016]::[1:28:16 PM]::[SEVERE]::[Error in setValuesSingle: itr1.formITR1.formName val:ITR-1, index:0]
[10-Aug-2016]::[1:28:16 PM]::[SEVERE]::[Error in setValuesSingle: itr1.formITR1.schemaVer val:Ver1.0, index:0]
[10-Aug-2016]::[1:28:16 PM]::[SEVERE]::[Error in setValuesSingle: itr1.formITR1.formVer val:Ver1.0, index:0]
[10-Aug-2016]::[1:28:16 PM]::[INFO]::[time taken in importxml function: 98]
[10-Aug-2016]::[1:28:16 PM]::[INFO]::[javascript: to run: ]
[10-Aug-2016]::[1:28:16 PM]::[INFO]::[time taken in changed : 382]
[10-Aug-2016]::[1:28:45 PM]::[INFO]::[ifsc isBKID]
[10-Aug-2016]::[1:31:10 PM]::[INFO]::[show validation]
[10-Aug-2016]::[1:31:10 PM]::[INFO]::[Time taken in validateAll(): 0]
[10-Aug-2016]::[1:31:10 PM]::[INFO]::[No validation for field: itr1.creationInfo.xmlCreationDate]
[10-Aug-2016]::[1:31:10 PM]::[INFO]::[No validation for field: totalPage]
[10-Aug-2016]::[1:31:10 PM]::[INFO]::[No validation for field: returnType]
[10-Aug-2016]::[1:31:10 PM]::[INFO]::[No validation for field: customReturnType]
[10-Aug-2016]::[1:31:10 PM]::[INFO]::[No validation for field: ]
[10-Aug-2016]::[1:31:10 PM]::[INFO]::[No validation for field: itr1.currentPage]
[10-Aug-2016]::[1:31:10 PM]::[INFO]::[No validation for field: itr1.filingStatus.adharNoOption]
[10-Aug-2016]::[1:31:10 PM]::[INFO]::[No validation for field: itr1.itr1TaxComputationOnline.surchargeOnTaxPayable]
[10-Aug-2016]::[1:31:10 PM]::[INFO]::[No validation for field: itr1.tdSonSalaries.tdSonSalary[0].employerOrDeductorOrCollectDetl.chosenCheckBox]
[10-Aug-2016]::[1:31:10 PM]::[INFO]::[No validation for field: __checkbox_itr1.tdSonSalaries.tdSonSalary[0].employerOrDeductorOrCollectDetl.chosenCheckBox]
[10-Aug-2016]::[1:31:10 PM]::[INFO]::[No validation for field: itr1.tdSonSalaries.tdSonSalary.totalTaxDeducted]
[10-Aug-2016]::[1:31:10 PM]::[INFO]::[No validation for field: Count_SCH_TDS1]
[10-Aug-2016]::[1:31:10 PM]::[INFO]::[No validation for field: itr1.tdSonOthThanSals.tdSonOthThanSal[0].employerOrDeductorOrCollectDetl.chosenCheckBox]
[10-Aug-2016]::[1:31:10 PM]::[INFO]::[No validation for field: __checkbox_itr1.tdSonOthThanSals.tdSonOthThanSal[0].employerOrDeductorOrCollectDetl.chosenCheckBox]
[10-Aug-2016]::[1:31:10 PM]::[INFO]::[No validation for field: itr1.tdSonOthThanSals.tdSonOthThanSal.claimOutOfTotTDSOnAmtPaid]
[10-Aug-2016]::[1:31:10 PM]::[INFO]::[No validation for field: itr1.taxPayments.taxPayment[0].chosenCheckBox]
[10-Aug-2016]::[1:31:10 PM]::[INFO]::[No validation for field: __checkbox_itr1.taxPayments.taxPayment[0].chosenCheckBox]
[10-Aug-2016]::[1:31:10 PM]::[INFO]::[No validation for field: itr1.scheduleIT.taxPayment.amt]
[10-Aug-2016]::[1:31:10 PM]::[INFO]::[No validation for field: itr4S.us44aeHeavy[0].chosenCheckBox]
[10-Aug-2016]::[1:31:10 PM]::[INFO]::[No validation for field: __checkbox_itr4S.us44aeHeavy[0].chosenCheckBox]
[10-Aug-2016]::[1:31:10 PM]::[INFO]::[No validation for field: Count_SCH_IT]
[10-Aug-2016]::[1:31:10 PM]::[INFO]::[No validation for field: itr1.schedule80G.don100Percent.doneeWithPan[0].chosenCheckBox]
[10-Aug-2016]::[1:31:10 PM]::[INFO]::[No validation for field: __checkbox_itr1.schedule80G.don100Percent.doneeWithPan[0].chosenCheckBox]
[10-Aug-2016]::[1:31:10 PM]::[INFO]::[No validation for field: itr1.schedule80G.don100Percent.doneeWithPan[0].eligibleDonationAmt]
[10-Aug-2016]::[1:31:10 PM]::[INFO]::[No validation for field: itr1.schedule80G.don100Percent.totDon100Percent]
[10-Aug-2016]::[1:31:10 PM]::[INFO]::[No validation for field: itr1.schedule80G.don100Percent.totEligibleDon100Percent]
[10-Aug-2016]::[1:31:10 PM]::[INFO]::[No validation for field: itr1.schedule80G.don50PercentNoApprReqd.doneeWithPan[0].chosenCheckBox]
[10-Aug-2016]::[1:31:10 PM]::[INFO]::[No validation for field: __checkbox_itr1.schedule80G.don50PercentNoApprReqd.doneeWithPan[0].chosenCheckBox]
[10-Aug-2016]::[1:31:10 PM]::[INFO]::[No validation for field: itr1.schedule80G.don50PercentNoApprReqd.doneeWithPan[0].eligibleDonationAmt]
[10-Aug-2016]::[1:31:10 PM]::[INFO]::[No validation for field: itr1.schedule80G.don50PercentNoApprReqd.totDon50PercentNoApprReqd]
[10-Aug-2016]::[1:31:10 PM]::[INFO]::[No validation for field: itr1.schedule80G.don50PercentNoApprReqd.totEligibleDon50Percent]
[10-Aug-2016]::[1:31:10 PM]::[INFO]::[No validation for field: itr1.schedule80G.don100PercentApprReqd.doneeWithPan[0].chosenCheckBox]
[10-Aug-2016]::[1:31:10 PM]::[INFO]::[No validation for field: __checkbox_itr1.schedule80G.don100PercentApprReqd.doneeWithPan[0].chosenCheckBox]
[10-Aug-2016]::[1:31:10 PM]::[INFO]::[No validation for field: itr1.schedule80G.don100PercentApprReqd.doneeWithPan[0].eligibleDonationAmt]
[10-Aug-2016]::[1:31:10 PM]::[INFO]::[No validation for field: itr1.schedule80G.don100PercentApprReqd.totDon100PercentApprReqd]
[10-Aug-2016]::[1:31:10 PM]::[INFO]::[No validation for field: itr1.schedule80G.don100PercentApprReqd.totEligibleDon100PercentApprReqd]
[10-Aug-2016]::[1:31:10 PM]::[INFO]::[No validation for field: itr1.schedule80G.don50PercentApprReqd.doneeWithPan[0].chosenCheckBox]
[10-Aug-2016]::[1:31:10 PM]::[INFO]::[No validation for field: __checkbox_itr1.schedule80G.don50PercentApprReqd.doneeWithPan[0].chosenCheckBox]
[10-Aug-2016]::[1:31:10 PM]::[INFO]::[No validation for field: itr1.schedule80G.don50PercentApprReqd.doneeWithPan[0].eligibleDonationAmt]
[10-Aug-2016]::[1:31:10 PM]::[INFO]::[No validation for field: itr1.schedule80G.don50PercentApprReqd.totDon50PercentApprReqd]
[10-Aug-2016]::[1:31:10 PM]::[INFO]::[No validation for field: itr1.schedule80G.don50PercentApprReqd.totEligibleDon50PercentApprReqd]
[10-Aug-2016]::[1:31:10 PM]::[INFO]::[Call() ends time taken: 74  error count :0]
[10-Aug-2016]::[1:31:15 PM]::[INFO]::[Time taken to start generateXml(): 26]
[10-Aug-2016]::[1:31:15 PM]::[INFO]::[outputfilePathD:\Tushar Data\Business\IT RETURNS\Dineshbhai Sosa\AY 2015-16\FINAL.xml,generateXmlFlag: true]
[10-Aug-2016]::[1:31:16 PM]::[INFO]::[done with schema error; 0]
[10-Aug-2016]::[1:31:16 PM]::[INFO]::[Time taken to generate: 581]
