[07-Jul-2016]::[7:07:50 PM]::[INFO]::[init starts]
[07-Jul-2016]::[7:07:50 PM]::[INFO]::[ITRConfigUtil.getConfigURL(): java.io.FileInputStream@17b1592]
[07-Jul-2016]::[7:07:50 PM]::[INFO]::[url jar:file:/E:/Business/Neeta%20More/AY%202015-16/ITR-4S_2015/ITR-4S_AY201516_PR7.jar!/META-INF/MANIFEST.MF]
[07-Jul-2016]::[7:07:50 PM]::[INFO]::[2015-16 :: ITR-4S :: 1.0]
[07-Jul-2016]::[7:07:50 PM]::[INFO]::[init ends in 417 ms.]
[07-Jul-2016]::[7:07:51 PM]::[INFO]::[MainLoader start method starts]
[07-Jul-2016]::[7:07:52 PM]::[INFO]::[Before Validating fileListCommonScript ]
[07-Jul-2016]::[7:07:52 PM]::[INFO]::[Before Validating fileListItrAy ]
[07-Jul-2016]::[7:07:53 PM]::[INFO]::[Before Validating fileListConfig ]
[07-Jul-2016]::[7:07:53 PM]::[INFO]::[Before Validating verifySignature ]
[07-Jul-2016]::[7:07:54 PM]::[INFO]::[verifies : true]
[07-Jul-2016]::[7:07:54 PM]::[INFO]::[Is utiltity valid ::true]
[07-Jul-2016]::[7:07:54 PM]::[INFO]::[openNewITR starts with values: asstYear:2015-16,itr:ITR-4S,ver:1.0,importXml:null]
[07-Jul-2016]::[7:07:54 PM]::[INFO]::[Opening ITR: ITR-4S For AsstYear: 2015-16]
[07-Jul-2016]::[7:07:54 PM]::[INFO]::[generateCopy starts]
[07-Jul-2016]::[7:07:54 PM]::[INFO]::[initialize starts]
[07-Jul-2016]::[7:07:54 PM]::[INFO]::[initialize ends]
[07-Jul-2016]::[7:07:54 PM]::[INFO]::[hideShowValidation starts]
[07-Jul-2016]::[7:07:54 PM]::[INFO]::[webViewActWidth in: 808.96,vboxActWidth:  174.08,mainController.windowWidth: 1024.0]
[07-Jul-2016]::[7:07:54 PM]::[INFO]::[hide validation]
[07-Jul-2016]::[7:07:54 PM]::[INFO]::[hideShowValidation ends]
[07-Jul-2016]::[7:07:56 PM]::[INFO]::[Time taken in openNewITR(): 1912]
[07-Jul-2016]::[7:07:56 PM]::[INFO]::[calculateITR starts]
[07-Jul-2016]::[7:07:56 PM]::[INFO]::[calculateITR ok starts]
[07-Jul-2016]::[7:07:56 PM]::[INFO]::[mainController.windowWidth new : 1024.0]
[07-Jul-2016]::[7:07:57 PM]::[INFO]::[MainLoader start method ends. Time taken: 6874]
[07-Jul-2016]::[7:08:04 PM]::[INFO]::[javascript: to run: ]
[07-Jul-2016]::[7:08:04 PM]::[INFO]::[time taken in changed : 2062]
[07-Jul-2016]::[7:12:08 PM]::[INFO]::[url: https://www.google.co.in timeout: 30000]
[07-Jul-2016]::[7:12:43 PM]::[INFO]::[prefill caled]
[07-Jul-2016]::[7:12:43 PM]::[INFO]::[webservie url: https://incometaxindiaefiling.gov.in/e-FilingWS/ditws]
[07-Jul-2016]::[7:12:43 PM]::[INFO]::[call starts ]
[07-Jul-2016]::[7:12:43 PM]::[INFO]::[prefill ends after starting thread: ]
[07-Jul-2016]::[7:12:43 PM]::[INFO]::[sendRequest starts]
[07-Jul-2016]::[7:12:44 PM]::[INFO]::[Soap fault: null]
[07-Jul-2016]::[7:12:44 PM]::[INFO]::[sendrequest ends]
[07-Jul-2016]::[7:12:44 PM]::[INFO]::[call ends Time taken:1021]
[07-Jul-2016]::[7:12:44 PM]::[INFO]::[cancel caled]
[07-Jul-2016]::[7:12:44 PM]::[INFO]::[Prefill done successfully]
[07-Jul-2016]::[7:15:40 PM]::[INFO]::[No validation for field: itr4S.filingStatus.adharNoOption]
[07-Jul-2016]::[7:17:42 PM]::[INFO]::[No validation for field: itr4S.filingStatus.adharNoOption]
[07-Jul-2016]::[7:17:43 PM]::[INFO]::[No validation for field: itr4S.filingStatus.adharNoOption]
[07-Jul-2016]::[7:18:37 PM]::[INFO]::[No validation for field: itr4S.natOfBus.business[0].trade.tradeName]
[07-Jul-2016]::[7:18:39 PM]::[INFO]::[No validation for field: itr4S.natOfBus.business[0].trade.tradeName]
[07-Jul-2016]::[7:18:56 PM]::[INFO]::[No validation for field: itr4S.natOfBus.business[0].trade.tradeName]
[07-Jul-2016]::[7:20:56 PM]::[INFO]::[ifsc isCNRB]
[07-Jul-2016]::[7:23:31 PM]::[INFO]::[show validation]
[07-Jul-2016]::[7:23:31 PM]::[INFO]::[Time taken in validateAll(): 0]
[07-Jul-2016]::[7:23:31 PM]::[INFO]::[No validation for field: requestId]
[07-Jul-2016]::[7:23:31 PM]::[INFO]::[No validation for field: itr4S.creationInfo.xmlCreationDate]
[07-Jul-2016]::[7:23:31 PM]::[INFO]::[No validation for field: totalPage]
[07-Jul-2016]::[7:23:31 PM]::[INFO]::[No validation for field: returnType]
[07-Jul-2016]::[7:23:31 PM]::[INFO]::[No validation for field: customReturnType]
[07-Jul-2016]::[7:23:31 PM]::[INFO]::[No validation for field: ]
[07-Jul-2016]::[7:23:31 PM]::[INFO]::[No validation for field: itr4S.currentPage]
[07-Jul-2016]::[7:23:31 PM]::[INFO]::[No validation for field: itr4S.filingStatus.adharNoOption]
[07-Jul-2016]::[7:23:31 PM]::[INFO]::[No validation for field: itr4S.itr4sTaxComputationOnline.surchargeOnTaxPayable]
[07-Jul-2016]::[7:23:31 PM]::[INFO]::[No validation for field: itr4S.us44aeHeavy[0].chosenCheckBox]
[07-Jul-2016]::[7:23:31 PM]::[INFO]::[No validation for field: __checkbox_itr4S.us44aeHeavy[0].chosenCheckBox]
[07-Jul-2016]::[7:23:31 PM]::[INFO]::[No validation for field: Count_SCH_IT]
[07-Jul-2016]::[7:23:31 PM]::[INFO]::[No validation for field: itr4S.natOfBus.business[0].chosenCheckBox]
[07-Jul-2016]::[7:23:31 PM]::[INFO]::[No validation for field: __checkbox_scheduleFA.detailsOfTrustOutIndiaTrustee[0].chosenCheckBox]
[07-Jul-2016]::[7:23:31 PM]::[INFO]::[No validation for field: itr4S.natOfBus.business[0].trade.tradeName]
[07-Jul-2016]::[7:23:31 PM]::[INFO]::[No validation for field: itr4S.scheduleBPForITR4S.incChargeableUnderBus]
[07-Jul-2016]::[7:23:31 PM]::[INFO]::[No validation for field: itr4S.tdSonSalaries.tdSonSalary[0].employerOrDeductorOrCollectDetl.chosenCheckBox]
[07-Jul-2016]::[7:23:31 PM]::[INFO]::[No validation for field: __checkbox_itr4S.tdSonSalaries.tdSonSalary[0].employerOrDeductorOrCollectDetl.chosenCheckBox]
[07-Jul-2016]::[7:23:31 PM]::[INFO]::[No validation for field: itr4S.tdSonSalaries.tdSonSalary.totalTaxDeducted]
[07-Jul-2016]::[7:23:31 PM]::[INFO]::[No validation for field: Count_SCH_TDS1]
[07-Jul-2016]::[7:23:31 PM]::[INFO]::[No validation for field: itr4S.tdSonOthThanSals.tdSonOthThanSal[0].employerOrDeductorOrCollectDetl.chosenCheckBox]
[07-Jul-2016]::[7:23:31 PM]::[INFO]::[No validation for field: __checkbox_itr4S.tdSonOthThanSals.tdSonOthThanSal[0].employerOrDeductorOrCollectDetl.chosenCheckBox]
[07-Jul-2016]::[7:23:31 PM]::[INFO]::[No validation for field: itr4S.tdSonOthThanSals.tdSonOthThanSal.claimOutOfTotTDSOnAmtPaid]
[07-Jul-2016]::[7:23:31 PM]::[INFO]::[No validation for field: itr4S.scheduleTCS.tcs[0].chosenCheckBox]
[07-Jul-2016]::[7:23:31 PM]::[INFO]::[No validation for field: __checkbox_itr4S.scheduleTCS.tcs[0].chosenCheckBox]
[07-Jul-2016]::[7:23:31 PM]::[INFO]::[No validation for field: itr4S.scheduleTCS.tcs.amtTCSClaimedThisYear]
[07-Jul-2016]::[7:23:31 PM]::[INFO]::[No validation for field: itr4S.scheduleIT.taxPayment[0].chosenCheckBox]
[07-Jul-2016]::[7:23:31 PM]::[INFO]::[No validation for field: __checkbox_itr4S.scheduleIT.taxPayment[0].chosenCheckBox]
[07-Jul-2016]::[7:23:31 PM]::[INFO]::[No validation for field: itr4S.scheduleIT.taxPayment.amt]
[07-Jul-2016]::[7:23:31 PM]::[INFO]::[No validation for field: itr4S.taxPaid.taxesPaid.tcs]
[07-Jul-2016]::[7:23:31 PM]::[INFO]::[No validation for field: itr4S.schedule80G.don100Percent.doneeWithPan[0].chosenCheckBox]
[07-Jul-2016]::[7:23:31 PM]::[INFO]::[No validation for field: __checkbox_itr4S.schedule80G.don100Percent.doneeWithPan[0].chosenCheckBox]
[07-Jul-2016]::[7:23:31 PM]::[INFO]::[No validation for field: itr4S.schedule80G.don100Percent.doneeWithPan[0].eligibleDonationAmt]
[07-Jul-2016]::[7:23:31 PM]::[INFO]::[No validation for field: itr4S.schedule80G.don100Percent.totDon100Percent]
[07-Jul-2016]::[7:23:31 PM]::[INFO]::[No validation for field: itr4S.schedule80G.don100Percent.totEligibleDon100Percent]
[07-Jul-2016]::[7:23:31 PM]::[INFO]::[No validation for field: itr4S.schedule80G.don50PercentNoApprReqd.doneeWithPan[0].chosenCheckBox]
[07-Jul-2016]::[7:23:31 PM]::[INFO]::[No validation for field: __checkbox_itr4S.schedule80G.don50PercentNoApprReqd.doneeWithPan[0].chosenCheckBox]
[07-Jul-2016]::[7:23:31 PM]::[INFO]::[No validation for field: itr4S.schedule80G.don50PercentNoApprReqd.doneeWithPan[0].eligibleDonationAmt]
[07-Jul-2016]::[7:23:31 PM]::[INFO]::[No validation for field: itr4S.schedule80G.don50PercentNoApprReqd.totDon50PercentNoApprReqd]
[07-Jul-2016]::[7:23:31 PM]::[INFO]::[No validation for field: itr4S.schedule80G.don50PercentNoApprReqd.totEligibleDon50Percent]
[07-Jul-2016]::[7:23:31 PM]::[INFO]::[No validation for field: itr4S.schedule80G.don100PercentApprReqd.doneeWithPan[0].chosenCheckBox]
[07-Jul-2016]::[7:23:31 PM]::[INFO]::[No validation for field: __checkbox_itr4S.schedule80G.don100PercentApprReqd.doneeWithPan[0].chosenCheckBox]
[07-Jul-2016]::[7:23:31 PM]::[INFO]::[No validation for field: itr4S.schedule80G.don100PercentApprReqd.doneeWithPan[0].eligibleDonationAmt]
[07-Jul-2016]::[7:23:31 PM]::[INFO]::[No validation for field: itr4S.schedule80G.don100PercentApprReqd.totDon100PercentApprReqd]
[07-Jul-2016]::[7:23:31 PM]::[INFO]::[No validation for field: itr4S.schedule80G.don100PercentApprReqd.totEligibleDon100PercentApprReqd]
[07-Jul-2016]::[7:23:31 PM]::[INFO]::[No validation for field: itr4S.schedule80G.don50PercentApprReqd.doneeWithPan[0].chosenCheckBox]
[07-Jul-2016]::[7:23:31 PM]::[INFO]::[No validation for field: __checkbox_itr4S.schedule80G.don50PercentApprReqd.doneeWithPan[0].chosenCheckBox]
[07-Jul-2016]::[7:23:31 PM]::[INFO]::[No validation for field: itr4S.schedule80G.don50PercentApprReqd.doneeWithPan[0].eligibleDonationAmt]
[07-Jul-2016]::[7:23:31 PM]::[INFO]::[No validation for field: itr4S.schedule80G.don50PercentApprReqd.totDon50PercentApprReqd]
[07-Jul-2016]::[7:23:31 PM]::[INFO]::[No validation for field: itr4S.schedule80G.don50PercentApprReqd.totEligibleDon50PercentApprReqd]
[07-Jul-2016]::[7:23:31 PM]::[INFO]::[Call() ends time taken: 59  error count :1]
[07-Jul-2016]::[7:23:59 PM]::[INFO]::[Time taken to start generateXml(): 7]
[07-Jul-2016]::[7:23:59 PM]::[INFO]::[outputfilePathE:\Business\Neeta More\AY 2015-16\AY 2015-16 DRAFT.draft,generateXmlFlag: false]
[07-Jul-2016]::[7:24:00 PM]::[INFO]::[Time taken to generate: 302]
[07-Jul-2016]::[7:24:01 PM]::[INFO]::[importXmlDialog starts]
[07-Jul-2016]::[7:24:04 PM]::[INFO]::[openNewITR starts with values: asstYear:2015-16,itr:ITR-4S,ver:1.0,importXml:E:\Business\Neeta More\AY 2015-16\AY 2015-16 DRAFT.draft]
[07-Jul-2016]::[7:24:04 PM]::[INFO]::[Opening ITR: ITR-4S For AsstYear: 2015-16]
[07-Jul-2016]::[7:24:04 PM]::[INFO]::[generateCopy starts]
[07-Jul-2016]::[7:24:04 PM]::[INFO]::[hideShowValidation starts]
[07-Jul-2016]::[7:24:04 PM]::[INFO]::[hide validation]
[07-Jul-2016]::[7:24:04 PM]::[INFO]::[hideShowValidation ends]
[07-Jul-2016]::[7:24:04 PM]::[INFO]::[Time taken in openNewITR(): 77]
[07-Jul-2016]::[7:24:04 PM]::[INFO]::[importXmlDialog ends]
[07-Jul-2016]::[7:24:04 PM]::[INFO]::[IMPORT_HTML_FIELD_VALUE: {itr4S.creationInfo.swVersionNo=[R1], itr4S.creationInfo.swCreatedBy=[SW10000002], itr4S.creationInfo.xmlCreationDate=[07/07/2016], itr4S.creationInfo.intermediaryCity=[Delhi], itr4S.formITR4S.description=[For Indl having Income From Presemptive Business], itr4S.formITR4S.schemaVer=[Ver1.0], itr4S.personalInfo.assesseeName.firstName=[NEETA], itr4S.personalInfo.assesseeName.middleName=[DILIP], itr4S.personalInfo.assesseeName.surNameOrOrgName=[MORE], itr4S.personalInfo.pan=[AYSPM5820A], itr4S.personalInfo.address.residenceNo=[Neeta Chinese Corner and Snacks Center], itr4S.personalInfo.address.residenceName=[Behind M.S. Building, Near Ranjeetda Dhaba], itr4S.personalInfo.address.roadOrStreet=[Nityanand Baug Road], itr4S.personalInfo.address.localityOrArea=[Chembur Colony, Chembur Camp], itr4S.personalInfo.address.cityOrTownOrDistrict=[MUMBAI], itr4S.personalInfo.address.stateCode=[19], itr4S.personalInfo.address.country=[91], itr4S.personalInfo.address.pinCode=[400071], itr4S.personalInfo.address.phone.stDcode=[], itr4S.personalInfo.address.phone.phoneNo=[], itr4S.personalInfo.address.mobileNo=[9594410423], itr4S.personalInfo.address.secMobileNo=[], itr4S.personalInfo.address.emailAddress=[tusharmohite0@gmail.com], itr4S.personalInfo.dob=[06/08/1984], itr4S.personalInfo.gender=[F], itr4S.personalInfo.status=[I], itr4S.filingStatus.adharNoOption=[Y], itr4S.filingStatus.adharNumber=[], itr4S.filingStatus.desigOfficerWardorCircle=[], itr4S.filingStatus.returnFileSec=[12], itr4S.filingStatus.ackNoOriginalReturn=[], itr4S.filingStatus.noticeNo=[], itr4S.filingStatus.noticeDate=[], itr4S.filingStatus.returnType=[O], itr4S.filingStatus.receiptNo=[], itr4S.filingStatus.origRetFiledDate=[], itr4S.filingStatus.residentialStatus=[RES], itr4S.filingStatus.taxStatus=[NT], itr4S.filingStatus.asseseeRepFlg=[], itr4S.filingStatus.assesseeRep.repName=[], itr4S.filingStatus.assesseeRep.repPAN=[], itr4S.filingStatus.portugeseCC5A=[], itr4S.filingStatus.panOfSpouse=[], itr4S.filingStatus.noticeDateUnderSec=[], itr4S.itr4SIncomeDeductions.incomeFromBusinessProf=[240000], itr4S.itr4SIncomeDeductions.incomeFromSal=[0], itr4S.itr4SIncomeDeductions.typeOfHP=[S], itr4S.itr4SIncomeDeductions.totalIncomeOfHP=[0], itr4S.itr4SIncomeDeductions.incomeOthSrc=[0], itr4S.itr4SIncomeDeductions.grossTotIncome=[240000], itr4S.itr4SIncomeDeductions.usrDeductUndChapVIA.section80C_Usr=[0], itr4S.itr4SIncomeDeductions.usrDeductUndChapVIA.section80CCC_Usr=[0], itr4S.itr4SIncomeDeductions.usrDeductUndChapVIA.section80CCD_Usr=[0], itr4S.itr4SIncomeDeductions.usrDeductUndChapVIA.section80CCDEmployer_Usr=[0], itr4S.itr4SIncomeDeductions.usrDeductUndChapVIA.section80D_Usr=[0], itr4S.itr4SIncomeDeductions.usrDeductUndChapVIA.section80DD_Usr=[0], itr4S.itr4SIncomeDeductions.usrDeductUndChapVIA.section80DDB_Usr=[0], itr4S.itr4SIncomeDeductions.usrDeductUndChapVIA.section80E_Usr=[0], itr4S.itr4SIncomeDeductions.usrDeductUndChapVIA.section80EE_Usr=[0], itr4S.itr4SIncomeDeductions.usrDeductUndChapVIA.section80G_Usr=[0], itr4S.itr4SIncomeDeductions.usrDeductUndChapVIA.section80GG_Usr=[0], itr4S.itr4SIncomeDeductions.usrDeductUndChapVIA.section80GGC_Usr=[0], itr4S.itr4SIncomeDeductions.usrDeductUndChapVIA.section80U_Usr=[0], itr4S.itr4SIncomeDeductions.usrDeductUndChapVIA.section80RRB_Usr=[0], itr4S.itr4SIncomeDeductions.usrDeductUndChapVIA.section80QQB_Usr=[0], itr4S.itr4SIncomeDeductions.usrDeductUndChapVIA.section80IB_Usr=[], itr4S.itr4SIncomeDeductions.usrDeductUndChapVIA.section80IC_Usr=[], itr4S.itr4SIncomeDeductions.usrDeductUndChapVIA.section80JJA_Usr=[], itr4S.itr4SIncomeDeductions.usrDeductUndChapVIA.section80CCG_Usr=[0], itr4S.itr4SIncomeDeductions.usrDeductUndChapVIA.section80TTA_Usr=[0], itr4S.itr4SIncomeDeductions.usrDeductUndChapVIA.totalChapVIADeductions_Usr=[0], itr4S.itr4SIncomeDeductions.deductUndChapVIA.section80C=[0], itr4S.itr4SIncomeDeductions.deductUndChapVIA.section80CCC=[0], itr4S.itr4SIncomeDeductions.deductUndChapVIA.section80CCD=[0], itr4S.itr4SIncomeDeductions.deductUndChapVIA.section80CCDEmployer=[0], itr4S.itr4SIncomeDeductions.deductUndChapVIA.section80D=[0], itr4S.itr4SIncomeDeductions.deductUndChapVIA.section80DD=[0], itr4S.itr4SIncomeDeductions.deductUndChapVIA.section80DDB=[0], itr4S.itr4SIncomeDeductions.deductUndChapVIA.section80E=[0], itr4S.itr4SIncomeDeductions.deductUndChapVIA.section80EE=[0], itr4S.itr4SIncomeDeductions.deductUndChapVIA.section80G=[0], itr4S.itr4SIncomeDeductions.deductUndChapVIA.section80GG=[0], itr4S.itr4SIncomeDeductions.deductUndChapVIA.section80GGC=[0], itr4S.itr4SIncomeDeductions.deductUndChapVIA.section80U=[0], itr4S.itr4SIncomeDeductions.deductUndChapVIA.section80RRB=[0], itr4S.itr4SIncomeDeductions.deductUndChapVIA.section80QQB=[0], itr4S.itr4SIncomeDeductions.deductUndChapVIA.section80IA=[], itr4S.itr4SIncomeDeductions.deductUndChapVIA.section80IAB=[], itr4S.itr4SIncomeDeductions.deductUndChapVIA.section80IB=[], itr4S.itr4SIncomeDeductions.deductUndChapVIA.section80IC=[], itr4S.itr4SIncomeDeductions.deductUndChapVIA.section80ID=[], itr4S.itr4SIncomeDeductions.deductUndChapVIA.section80JJA=[], itr4S.itr4SIncomeDeductions.deductUndChapVIA.section80CCG=[0], itr4S.itr4SIncomeDeductions.deductUndChapVIA.section80TTA=[0], itr4S.itr4SIncomeDeductions.deductUndChapVIA.totalChapVIADeductions=[0], itr4S.itr4SIncomeDeductions.totalIncome=[240000], itr4S.itr4sTaxComputationOnline.totalTaxPayable=[0], itr4S.itr1TaxComputationOnline.rebate87A=[0], itr4S.ITR1TaxComputationOnline.taxPayableOnRebate=[0], itr4S.ITR1TaxComputationOnline.surchargeOnAboveCrore=[0], itr4S.itr4sTaxComputationOnline.educationCess=[0], itr4S.itr4sTaxComputationOnline.grossTaxLiability=[0], itr4S.itr4sTaxComputationOnline.section89=[0], itr4S.itr4sTaxComputationOnline.netTaxLiability=[0], itr4S.itr4sTaxComputationOnline.totalIntrstPay=[0], itr4S.itr4sTaxComputationOnline.intrstPay.intrstPayUs234A=[0], itr4S.itr4sTaxComputationOnline.intrstPay.intrstPayUs234B=[0], itr4S.itr4sTaxComputationOnline.intrstPay.intrstPayUs234C=[0], itr4S.itr4STaxComputation.intrstPay.totalIntrstPay=[], itr4S.itr4sTaxComputationOnline.totTaxPlusIntrstPay=[0], itr4S.taxPaid.taxesPaid.advanceTax=[0], itr4S.taxPaid.taxesPaid.tds=[0], itr4S.taxPaid.taxesPaid.tcs=[0], itr4S.taxPaid.taxesPaid.selfAssessmentTax=[0], itr4S.taxPaid.taxesPaid.totalTaxesPaid=[0], itr4S.taxPaid.balTaxPayable=[0], itr4S.refund.refundDue=[0], itr4S.refund.depositToBankAccount.iFSCCode=[CNRB0000229], itr4S.refund.depositToBankAccount.bankName=[Canara Bank], itr4S.refund.bankAccountNumber=[0229101132561], itr4S.refund.depositToBankAccount.bankAccountType=[SAV], itr4S.scheduleBA[0].ifscCode=[], itr4S.scheduleBA[0].bankName=[], itr4S.scheduleBA[0].accNo=[], itr4S.scheduleBA[0].bankAccType=[], itr4S.scheduleBA.noOfBankAcc=[1], itr4S.taxExmpIntInc=[], itr4S.verification.declaration.assesseeVerName=[NEETA DILIP MORE], itr4S.verification.declaration.fatherName=[DILIP MORE], itr4S.verification.declaration.assesseeVerPAN=[AYSPM5820A], itr4S.verification.place=[MUMBAI], itr4S.verification.date=[07/07/2016], itr4S.natOfBus.business[0].code=[1001], itr4S.natOfBus.business[1].code=[], itr4S.natOfBus.business[2].code=[], itr4S.natOfBus.business[0].trade.tradeName=[Neeta Chinese Corner and Snacks Center, , ], itr4S.natOfBus.business[1].trade.tradeName=[, , ], itr4S.natOfBus.business[2].trade.tradeName=[, , ], itr4S.scheduleBPForITR4S.persumptiveInc44AD.grsTrnOverOrReceipt=[435000], itr4S.scheduleBPForITR4S.persumptiveInc44AD.totPersumptiveInc44AD=[240000], itr4S.scheduleBPForITR4S.persumptiveInc44AE.totPersumInc44AE=[0], itr4S.scheduleBPForITR4S.incChargeableUnderBus=[240000], itr4S.scheduleBPForITR4S.noBooksOfAccBS.totSundryDbtAmt=[8000], itr4S.scheduleBPForITR4S.noBooksOfAccBS.totSundryCrdAmt=[7600], itr4S.scheduleBPForITR4S.noBooksOfAccBS.totStkInTradAmt=[5900], itr4S.scheduleBPForITR4S.noBooksOfAccBS.cashBalAmt=[12800], itr4S.totalHeavyVehcl=[0]}]
[07-Jul-2016]::[7:24:04 PM]::[SEVERE]::[Error in setValuesSingle: itr4S.creationInfo.swVersionNo val:R1, index:0]
[07-Jul-2016]::[7:24:04 PM]::[SEVERE]::[Error in setValuesSingle: itr4S.creationInfo.swCreatedBy val:SW10000002, index:0]
[07-Jul-2016]::[7:24:04 PM]::[SEVERE]::[Error in setValuesSingle: itr4S.creationInfo.intermediaryCity val:Delhi, index:0]
[07-Jul-2016]::[7:24:04 PM]::[SEVERE]::[Error in setValuesSingle: itr4S.formITR4S.description val:For%20Indl%20having%20Income%20From%20Presemptive%20Business, index:0]
[07-Jul-2016]::[7:24:04 PM]::[SEVERE]::[Error in setValuesSingle: itr4S.formITR4S.schemaVer val:Ver1.0, index:0]
[07-Jul-2016]::[7:24:04 PM]::[SEVERE]::[Error in setValuesSingle: itr4S.ITR1TaxComputationOnline.taxPayableOnRebate val:0, index:0]
[07-Jul-2016]::[7:24:04 PM]::[SEVERE]::[Error in setValuesSingle: itr4S.ITR1TaxComputationOnline.surchargeOnAboveCrore val:0, index:0]
[07-Jul-2016]::[7:24:04 PM]::[INFO]::[time taken in importxml function: 31]
[07-Jul-2016]::[7:24:04 PM]::[INFO]::[javascript: to run: ]
[07-Jul-2016]::[7:24:04 PM]::[INFO]::[time taken in changed : 200]
[07-Jul-2016]::[7:24:14 PM]::[INFO]::[show validation]
[07-Jul-2016]::[7:24:14 PM]::[INFO]::[Time taken in validateAll(): 0]
[07-Jul-2016]::[7:24:14 PM]::[INFO]::[No validation for field: requestId]
[07-Jul-2016]::[7:24:14 PM]::[INFO]::[No validation for field: itr4S.creationInfo.xmlCreationDate]
[07-Jul-2016]::[7:24:14 PM]::[INFO]::[No validation for field: totalPage]
[07-Jul-2016]::[7:24:14 PM]::[INFO]::[No validation for field: returnType]
[07-Jul-2016]::[7:24:14 PM]::[INFO]::[No validation for field: customReturnType]
[07-Jul-2016]::[7:24:14 PM]::[INFO]::[No validation for field: ]
[07-Jul-2016]::[7:24:14 PM]::[INFO]::[No validation for field: itr4S.currentPage]
[07-Jul-2016]::[7:24:14 PM]::[INFO]::[No validation for field: itr4S.filingStatus.adharNoOption]
[07-Jul-2016]::[7:24:14 PM]::[INFO]::[No validation for field: itr4S.itr4sTaxComputationOnline.surchargeOnTaxPayable]
[07-Jul-2016]::[7:24:14 PM]::[INFO]::[No validation for field: itr4S.us44aeHeavy[0].chosenCheckBox]
[07-Jul-2016]::[7:24:14 PM]::[INFO]::[No validation for field: __checkbox_itr4S.us44aeHeavy[0].chosenCheckBox]
[07-Jul-2016]::[7:24:14 PM]::[INFO]::[No validation for field: Count_SCH_IT]
[07-Jul-2016]::[7:24:14 PM]::[INFO]::[No validation for field: itr4S.natOfBus.business[0].chosenCheckBox]
[07-Jul-2016]::[7:24:14 PM]::[INFO]::[No validation for field: __checkbox_scheduleFA.detailsOfTrustOutIndiaTrustee[0].chosenCheckBox]
[07-Jul-2016]::[7:24:14 PM]::[INFO]::[No validation for field: itr4S.natOfBus.business[0].trade.tradeName]
[07-Jul-2016]::[7:24:14 PM]::[INFO]::[No validation for field: itr4S.scheduleBPForITR4S.incChargeableUnderBus]
[07-Jul-2016]::[7:24:14 PM]::[INFO]::[No validation for field: itr4S.tdSonSalaries.tdSonSalary[0].employerOrDeductorOrCollectDetl.chosenCheckBox]
[07-Jul-2016]::[7:24:14 PM]::[INFO]::[No validation for field: __checkbox_itr4S.tdSonSalaries.tdSonSalary[0].employerOrDeductorOrCollectDetl.chosenCheckBox]
[07-Jul-2016]::[7:24:14 PM]::[INFO]::[No validation for field: itr4S.tdSonSalaries.tdSonSalary.totalTaxDeducted]
[07-Jul-2016]::[7:24:14 PM]::[INFO]::[No validation for field: Count_SCH_TDS1]
[07-Jul-2016]::[7:24:14 PM]::[INFO]::[No validation for field: itr4S.tdSonOthThanSals.tdSonOthThanSal[0].employerOrDeductorOrCollectDetl.chosenCheckBox]
[07-Jul-2016]::[7:24:14 PM]::[INFO]::[No validation for field: __checkbox_itr4S.tdSonOthThanSals.tdSonOthThanSal[0].employerOrDeductorOrCollectDetl.chosenCheckBox]
[07-Jul-2016]::[7:24:14 PM]::[INFO]::[No validation for field: itr4S.tdSonOthThanSals.tdSonOthThanSal.claimOutOfTotTDSOnAmtPaid]
[07-Jul-2016]::[7:24:14 PM]::[INFO]::[No validation for field: itr4S.scheduleTCS.tcs[0].chosenCheckBox]
[07-Jul-2016]::[7:24:14 PM]::[INFO]::[No validation for field: __checkbox_itr4S.scheduleTCS.tcs[0].chosenCheckBox]
[07-Jul-2016]::[7:24:14 PM]::[INFO]::[No validation for field: itr4S.scheduleTCS.tcs.amtTCSClaimedThisYear]
[07-Jul-2016]::[7:24:14 PM]::[INFO]::[No validation for field: itr4S.scheduleIT.taxPayment[0].chosenCheckBox]
[07-Jul-2016]::[7:24:14 PM]::[INFO]::[No validation for field: __checkbox_itr4S.scheduleIT.taxPayment[0].chosenCheckBox]
[07-Jul-2016]::[7:24:14 PM]::[INFO]::[No validation for field: itr4S.scheduleIT.taxPayment.amt]
[07-Jul-2016]::[7:24:14 PM]::[INFO]::[No validation for field: itr4S.taxPaid.taxesPaid.tcs]
[07-Jul-2016]::[7:24:14 PM]::[INFO]::[No validation for field: itr4S.schedule80G.don100Percent.doneeWithPan[0].chosenCheckBox]
[07-Jul-2016]::[7:24:14 PM]::[INFO]::[No validation for field: __checkbox_itr4S.schedule80G.don100Percent.doneeWithPan[0].chosenCheckBox]
[07-Jul-2016]::[7:24:14 PM]::[INFO]::[No validation for field: itr4S.schedule80G.don100Percent.doneeWithPan[0].eligibleDonationAmt]
[07-Jul-2016]::[7:24:14 PM]::[INFO]::[No validation for field: itr4S.schedule80G.don100Percent.totDon100Percent]
[07-Jul-2016]::[7:24:14 PM]::[INFO]::[No validation for field: itr4S.schedule80G.don100Percent.totEligibleDon100Percent]
[07-Jul-2016]::[7:24:14 PM]::[INFO]::[No validation for field: itr4S.schedule80G.don50PercentNoApprReqd.doneeWithPan[0].chosenCheckBox]
[07-Jul-2016]::[7:24:14 PM]::[INFO]::[No validation for field: __checkbox_itr4S.schedule80G.don50PercentNoApprReqd.doneeWithPan[0].chosenCheckBox]
[07-Jul-2016]::[7:24:14 PM]::[INFO]::[No validation for field: itr4S.schedule80G.don50PercentNoApprReqd.doneeWithPan[0].eligibleDonationAmt]
[07-Jul-2016]::[7:24:14 PM]::[INFO]::[No validation for field: itr4S.schedule80G.don50PercentNoApprReqd.totDon50PercentNoApprReqd]
[07-Jul-2016]::[7:24:14 PM]::[INFO]::[No validation for field: itr4S.schedule80G.don50PercentNoApprReqd.totEligibleDon50Percent]
[07-Jul-2016]::[7:24:14 PM]::[INFO]::[No validation for field: itr4S.schedule80G.don100PercentApprReqd.doneeWithPan[0].chosenCheckBox]
[07-Jul-2016]::[7:24:14 PM]::[INFO]::[No validation for field: __checkbox_itr4S.schedule80G.don100PercentApprReqd.doneeWithPan[0].chosenCheckBox]
[07-Jul-2016]::[7:24:14 PM]::[INFO]::[No validation for field: itr4S.schedule80G.don100PercentApprReqd.doneeWithPan[0].eligibleDonationAmt]
[07-Jul-2016]::[7:24:14 PM]::[INFO]::[No validation for field: itr4S.schedule80G.don100PercentApprReqd.totDon100PercentApprReqd]
[07-Jul-2016]::[7:24:14 PM]::[INFO]::[No validation for field: itr4S.schedule80G.don100PercentApprReqd.totEligibleDon100PercentApprReqd]
[07-Jul-2016]::[7:24:14 PM]::[INFO]::[No validation for field: itr4S.schedule80G.don50PercentApprReqd.doneeWithPan[0].chosenCheckBox]
[07-Jul-2016]::[7:24:14 PM]::[INFO]::[No validation for field: __checkbox_itr4S.schedule80G.don50PercentApprReqd.doneeWithPan[0].chosenCheckBox]
[07-Jul-2016]::[7:24:14 PM]::[INFO]::[No validation for field: itr4S.schedule80G.don50PercentApprReqd.doneeWithPan[0].eligibleDonationAmt]
[07-Jul-2016]::[7:24:14 PM]::[INFO]::[No validation for field: itr4S.schedule80G.don50PercentApprReqd.totDon50PercentApprReqd]
[07-Jul-2016]::[7:24:14 PM]::[INFO]::[No validation for field: itr4S.schedule80G.don50PercentApprReqd.totEligibleDon50PercentApprReqd]
[07-Jul-2016]::[7:24:14 PM]::[INFO]::[Call() ends time taken: 30  error count :0]
[07-Jul-2016]::[7:24:43 PM]::[INFO]::[show validation]
[07-Jul-2016]::[7:24:43 PM]::[INFO]::[Time taken in validateAll(): 0]
[07-Jul-2016]::[7:24:43 PM]::[INFO]::[No validation for field: requestId]
[07-Jul-2016]::[7:24:43 PM]::[INFO]::[No validation for field: itr4S.creationInfo.xmlCreationDate]
[07-Jul-2016]::[7:24:43 PM]::[INFO]::[No validation for field: totalPage]
[07-Jul-2016]::[7:24:43 PM]::[INFO]::[No validation for field: returnType]
[07-Jul-2016]::[7:24:43 PM]::[INFO]::[No validation for field: customReturnType]
[07-Jul-2016]::[7:24:43 PM]::[INFO]::[No validation for field: ]
[07-Jul-2016]::[7:24:43 PM]::[INFO]::[No validation for field: itr4S.currentPage]
[07-Jul-2016]::[7:24:43 PM]::[INFO]::[No validation for field: itr4S.filingStatus.adharNoOption]
[07-Jul-2016]::[7:24:43 PM]::[INFO]::[No validation for field: itr4S.itr4sTaxComputationOnline.surchargeOnTaxPayable]
[07-Jul-2016]::[7:24:43 PM]::[INFO]::[No validation for field: itr4S.us44aeHeavy[0].chosenCheckBox]
[07-Jul-2016]::[7:24:43 PM]::[INFO]::[No validation for field: __checkbox_itr4S.us44aeHeavy[0].chosenCheckBox]
[07-Jul-2016]::[7:24:43 PM]::[INFO]::[No validation for field: Count_SCH_IT]
[07-Jul-2016]::[7:24:43 PM]::[INFO]::[No validation for field: itr4S.natOfBus.business[0].chosenCheckBox]
[07-Jul-2016]::[7:24:43 PM]::[INFO]::[No validation for field: __checkbox_scheduleFA.detailsOfTrustOutIndiaTrustee[0].chosenCheckBox]
[07-Jul-2016]::[7:24:43 PM]::[INFO]::[No validation for field: itr4S.natOfBus.business[0].trade.tradeName]
[07-Jul-2016]::[7:24:43 PM]::[INFO]::[No validation for field: itr4S.scheduleBPForITR4S.incChargeableUnderBus]
[07-Jul-2016]::[7:24:43 PM]::[INFO]::[No validation for field: itr4S.tdSonSalaries.tdSonSalary[0].employerOrDeductorOrCollectDetl.chosenCheckBox]
[07-Jul-2016]::[7:24:43 PM]::[INFO]::[No validation for field: __checkbox_itr4S.tdSonSalaries.tdSonSalary[0].employerOrDeductorOrCollectDetl.chosenCheckBox]
[07-Jul-2016]::[7:24:43 PM]::[INFO]::[No validation for field: itr4S.tdSonSalaries.tdSonSalary.totalTaxDeducted]
[07-Jul-2016]::[7:24:43 PM]::[INFO]::[No validation for field: Count_SCH_TDS1]
[07-Jul-2016]::[7:24:43 PM]::[INFO]::[No validation for field: itr4S.tdSonOthThanSals.tdSonOthThanSal[0].employerOrDeductorOrCollectDetl.chosenCheckBox]
[07-Jul-2016]::[7:24:43 PM]::[INFO]::[No validation for field: __checkbox_itr4S.tdSonOthThanSals.tdSonOthThanSal[0].employerOrDeductorOrCollectDetl.chosenCheckBox]
[07-Jul-2016]::[7:24:43 PM]::[INFO]::[No validation for field: itr4S.tdSonOthThanSals.tdSonOthThanSal.claimOutOfTotTDSOnAmtPaid]
[07-Jul-2016]::[7:24:43 PM]::[INFO]::[No validation for field: itr4S.scheduleTCS.tcs[0].chosenCheckBox]
[07-Jul-2016]::[7:24:43 PM]::[INFO]::[No validation for field: __checkbox_itr4S.scheduleTCS.tcs[0].chosenCheckBox]
[07-Jul-2016]::[7:24:43 PM]::[INFO]::[No validation for field: itr4S.scheduleTCS.tcs.amtTCSClaimedThisYear]
[07-Jul-2016]::[7:24:43 PM]::[INFO]::[No validation for field: itr4S.scheduleIT.taxPayment[0].chosenCheckBox]
[07-Jul-2016]::[7:24:43 PM]::[INFO]::[No validation for field: __checkbox_itr4S.scheduleIT.taxPayment[0].chosenCheckBox]
[07-Jul-2016]::[7:24:43 PM]::[INFO]::[No validation for field: itr4S.scheduleIT.taxPayment.amt]
[07-Jul-2016]::[7:24:43 PM]::[INFO]::[No validation for field: itr4S.taxPaid.taxesPaid.tcs]
[07-Jul-2016]::[7:24:43 PM]::[INFO]::[No validation for field: itr4S.schedule80G.don100Percent.doneeWithPan[0].chosenCheckBox]
[07-Jul-2016]::[7:24:43 PM]::[INFO]::[No validation for field: __checkbox_itr4S.schedule80G.don100Percent.doneeWithPan[0].chosenCheckBox]
[07-Jul-2016]::[7:24:43 PM]::[INFO]::[No validation for field: itr4S.schedule80G.don100Percent.doneeWithPan[0].eligibleDonationAmt]
[07-Jul-2016]::[7:24:43 PM]::[INFO]::[No validation for field: itr4S.schedule80G.don100Percent.totDon100Percent]
[07-Jul-2016]::[7:24:43 PM]::[INFO]::[No validation for field: itr4S.schedule80G.don100Percent.totEligibleDon100Percent]
[07-Jul-2016]::[7:24:43 PM]::[INFO]::[No validation for field: itr4S.schedule80G.don50PercentNoApprReqd.doneeWithPan[0].chosenCheckBox]
[07-Jul-2016]::[7:24:43 PM]::[INFO]::[No validation for field: __checkbox_itr4S.schedule80G.don50PercentNoApprReqd.doneeWithPan[0].chosenCheckBox]
[07-Jul-2016]::[7:24:43 PM]::[INFO]::[No validation for field: itr4S.schedule80G.don50PercentNoApprReqd.doneeWithPan[0].eligibleDonationAmt]
[07-Jul-2016]::[7:24:43 PM]::[INFO]::[No validation for field: itr4S.schedule80G.don50PercentNoApprReqd.totDon50PercentNoApprReqd]
[07-Jul-2016]::[7:24:43 PM]::[INFO]::[No validation for field: itr4S.schedule80G.don50PercentNoApprReqd.totEligibleDon50Percent]
[07-Jul-2016]::[7:24:43 PM]::[INFO]::[No validation for field: itr4S.schedule80G.don100PercentApprReqd.doneeWithPan[0].chosenCheckBox]
[07-Jul-2016]::[7:24:43 PM]::[INFO]::[No validation for field: __checkbox_itr4S.schedule80G.don100PercentApprReqd.doneeWithPan[0].chosenCheckBox]
[07-Jul-2016]::[7:24:43 PM]::[INFO]::[No validation for field: itr4S.schedule80G.don100PercentApprReqd.doneeWithPan[0].eligibleDonationAmt]
[07-Jul-2016]::[7:24:43 PM]::[INFO]::[No validation for field: itr4S.schedule80G.don100PercentApprReqd.totDon100PercentApprReqd]
[07-Jul-2016]::[7:24:43 PM]::[INFO]::[No validation for field: itr4S.schedule80G.don100PercentApprReqd.totEligibleDon100PercentApprReqd]
[07-Jul-2016]::[7:24:43 PM]::[INFO]::[No validation for field: itr4S.schedule80G.don50PercentApprReqd.doneeWithPan[0].chosenCheckBox]
[07-Jul-2016]::[7:24:43 PM]::[INFO]::[No validation for field: __checkbox_itr4S.schedule80G.don50PercentApprReqd.doneeWithPan[0].chosenCheckBox]
[07-Jul-2016]::[7:24:43 PM]::[INFO]::[No validation for field: itr4S.schedule80G.don50PercentApprReqd.doneeWithPan[0].eligibleDonationAmt]
[07-Jul-2016]::[7:24:43 PM]::[INFO]::[No validation for field: itr4S.schedule80G.don50PercentApprReqd.totDon50PercentApprReqd]
[07-Jul-2016]::[7:24:43 PM]::[INFO]::[No validation for field: itr4S.schedule80G.don50PercentApprReqd.totEligibleDon50PercentApprReqd]
[07-Jul-2016]::[7:24:43 PM]::[INFO]::[Call() ends time taken: 31  error count :0]
[07-Jul-2016]::[7:26:34 PM]::[INFO]::[show validation]
[07-Jul-2016]::[7:26:34 PM]::[INFO]::[Time taken in validateAll(): 0]
[07-Jul-2016]::[7:26:34 PM]::[INFO]::[No validation for field: requestId]
[07-Jul-2016]::[7:26:34 PM]::[INFO]::[No validation for field: itr4S.creationInfo.xmlCreationDate]
[07-Jul-2016]::[7:26:34 PM]::[INFO]::[No validation for field: totalPage]
[07-Jul-2016]::[7:26:34 PM]::[INFO]::[No validation for field: returnType]
[07-Jul-2016]::[7:26:34 PM]::[INFO]::[No validation for field: customReturnType]
[07-Jul-2016]::[7:26:34 PM]::[INFO]::[No validation for field: ]
[07-Jul-2016]::[7:26:34 PM]::[INFO]::[No validation for field: itr4S.currentPage]
[07-Jul-2016]::[7:26:34 PM]::[INFO]::[No validation for field: itr4S.filingStatus.adharNoOption]
[07-Jul-2016]::[7:26:34 PM]::[INFO]::[No validation for field: itr4S.itr4sTaxComputationOnline.surchargeOnTaxPayable]
[07-Jul-2016]::[7:26:34 PM]::[INFO]::[No validation for field: itr4S.us44aeHeavy[0].chosenCheckBox]
[07-Jul-2016]::[7:26:34 PM]::[INFO]::[No validation for field: __checkbox_itr4S.us44aeHeavy[0].chosenCheckBox]
[07-Jul-2016]::[7:26:34 PM]::[INFO]::[No validation for field: Count_SCH_IT]
[07-Jul-2016]::[7:26:34 PM]::[INFO]::[No validation for field: itr4S.natOfBus.business[0].chosenCheckBox]
[07-Jul-2016]::[7:26:34 PM]::[INFO]::[No validation for field: __checkbox_scheduleFA.detailsOfTrustOutIndiaTrustee[0].chosenCheckBox]
[07-Jul-2016]::[7:26:34 PM]::[INFO]::[No validation for field: itr4S.natOfBus.business[0].trade.tradeName]
[07-Jul-2016]::[7:26:34 PM]::[INFO]::[No validation for field: itr4S.scheduleBPForITR4S.incChargeableUnderBus]
[07-Jul-2016]::[7:26:34 PM]::[INFO]::[No validation for field: itr4S.tdSonSalaries.tdSonSalary[0].employerOrDeductorOrCollectDetl.chosenCheckBox]
[07-Jul-2016]::[7:26:34 PM]::[INFO]::[No validation for field: __checkbox_itr4S.tdSonSalaries.tdSonSalary[0].employerOrDeductorOrCollectDetl.chosenCheckBox]
[07-Jul-2016]::[7:26:34 PM]::[INFO]::[No validation for field: itr4S.tdSonSalaries.tdSonSalary.totalTaxDeducted]
[07-Jul-2016]::[7:26:34 PM]::[INFO]::[No validation for field: Count_SCH_TDS1]
[07-Jul-2016]::[7:26:34 PM]::[INFO]::[No validation for field: itr4S.tdSonOthThanSals.tdSonOthThanSal[0].employerOrDeductorOrCollectDetl.chosenCheckBox]
[07-Jul-2016]::[7:26:34 PM]::[INFO]::[No validation for field: __checkbox_itr4S.tdSonOthThanSals.tdSonOthThanSal[0].employerOrDeductorOrCollectDetl.chosenCheckBox]
[07-Jul-2016]::[7:26:34 PM]::[INFO]::[No validation for field: itr4S.tdSonOthThanSals.tdSonOthThanSal.claimOutOfTotTDSOnAmtPaid]
[07-Jul-2016]::[7:26:34 PM]::[INFO]::[No validation for field: itr4S.scheduleTCS.tcs[0].chosenCheckBox]
[07-Jul-2016]::[7:26:34 PM]::[INFO]::[No validation for field: __checkbox_itr4S.scheduleTCS.tcs[0].chosenCheckBox]
[07-Jul-2016]::[7:26:34 PM]::[INFO]::[No validation for field: itr4S.scheduleTCS.tcs.amtTCSClaimedThisYear]
[07-Jul-2016]::[7:26:34 PM]::[INFO]::[No validation for field: itr4S.scheduleIT.taxPayment[0].chosenCheckBox]
[07-Jul-2016]::[7:26:34 PM]::[INFO]::[No validation for field: __checkbox_itr4S.scheduleIT.taxPayment[0].chosenCheckBox]
[07-Jul-2016]::[7:26:34 PM]::[INFO]::[No validation for field: itr4S.scheduleIT.taxPayment.amt]
[07-Jul-2016]::[7:26:34 PM]::[INFO]::[No validation for field: itr4S.taxPaid.taxesPaid.tcs]
[07-Jul-2016]::[7:26:34 PM]::[INFO]::[No validation for field: itr4S.schedule80G.don100Percent.doneeWithPan[0].chosenCheckBox]
[07-Jul-2016]::[7:26:34 PM]::[INFO]::[No validation for field: __checkbox_itr4S.schedule80G.don100Percent.doneeWithPan[0].chosenCheckBox]
[07-Jul-2016]::[7:26:34 PM]::[INFO]::[No validation for field: itr4S.schedule80G.don100Percent.doneeWithPan[0].eligibleDonationAmt]
[07-Jul-2016]::[7:26:34 PM]::[INFO]::[No validation for field: itr4S.schedule80G.don100Percent.totDon100Percent]
[07-Jul-2016]::[7:26:34 PM]::[INFO]::[No validation for field: itr4S.schedule80G.don100Percent.totEligibleDon100Percent]
[07-Jul-2016]::[7:26:34 PM]::[INFO]::[No validation for field: itr4S.schedule80G.don50PercentNoApprReqd.doneeWithPan[0].chosenCheckBox]
[07-Jul-2016]::[7:26:34 PM]::[INFO]::[No validation for field: __checkbox_itr4S.schedule80G.don50PercentNoApprReqd.doneeWithPan[0].chosenCheckBox]
[07-Jul-2016]::[7:26:34 PM]::[INFO]::[No validation for field: itr4S.schedule80G.don50PercentNoApprReqd.doneeWithPan[0].eligibleDonationAmt]
[07-Jul-2016]::[7:26:34 PM]::[INFO]::[No validation for field: itr4S.schedule80G.don50PercentNoApprReqd.totDon50PercentNoApprReqd]
[07-Jul-2016]::[7:26:34 PM]::[INFO]::[No validation for field: itr4S.schedule80G.don50PercentNoApprReqd.totEligibleDon50Percent]
[07-Jul-2016]::[7:26:34 PM]::[INFO]::[No validation for field: itr4S.schedule80G.don100PercentApprReqd.doneeWithPan[0].chosenCheckBox]
[07-Jul-2016]::[7:26:34 PM]::[INFO]::[No validation for field: __checkbox_itr4S.schedule80G.don100PercentApprReqd.doneeWithPan[0].chosenCheckBox]
[07-Jul-2016]::[7:26:34 PM]::[INFO]::[No validation for field: itr4S.schedule80G.don100PercentApprReqd.doneeWithPan[0].eligibleDonationAmt]
[07-Jul-2016]::[7:26:34 PM]::[INFO]::[No validation for field: itr4S.schedule80G.don100PercentApprReqd.totDon100PercentApprReqd]
[07-Jul-2016]::[7:26:34 PM]::[INFO]::[No validation for field: itr4S.schedule80G.don100PercentApprReqd.totEligibleDon100PercentApprReqd]
[07-Jul-2016]::[7:26:34 PM]::[INFO]::[No validation for field: itr4S.schedule80G.don50PercentApprReqd.doneeWithPan[0].chosenCheckBox]
[07-Jul-2016]::[7:26:34 PM]::[INFO]::[No validation for field: __checkbox_itr4S.schedule80G.don50PercentApprReqd.doneeWithPan[0].chosenCheckBox]
[07-Jul-2016]::[7:26:34 PM]::[INFO]::[No validation for field: itr4S.schedule80G.don50PercentApprReqd.doneeWithPan[0].eligibleDonationAmt]
[07-Jul-2016]::[7:26:34 PM]::[INFO]::[No validation for field: itr4S.schedule80G.don50PercentApprReqd.totDon50PercentApprReqd]
[07-Jul-2016]::[7:26:34 PM]::[INFO]::[No validation for field: itr4S.schedule80G.don50PercentApprReqd.totEligibleDon50PercentApprReqd]
[07-Jul-2016]::[7:26:34 PM]::[INFO]::[Call() ends time taken: 42  error count :0]
[07-Jul-2016]::[7:26:43 PM]::[INFO]::[Time taken to start generateXml(): 6]
[07-Jul-2016]::[7:26:43 PM]::[INFO]::[outputfilePathE:\Business\Neeta More\AY 2015-16\AY 2015-16 XML.xml,generateXmlFlag: true]
[07-Jul-2016]::[7:26:44 PM]::[INFO]::[done with schema error; 0]
[07-Jul-2016]::[7:26:44 PM]::[INFO]::[Time taken to generate: 647]
[07-Jul-2016]::[7:26:47 PM]::[INFO]::[url: https://www.google.co.in timeout: 30000]
[07-Jul-2016]::[7:27:11 PM]::[INFO]::[cancel caled]
[07-Jul-2016]::[7:27:13 PM]::[INFO]::[show validation]
[07-Jul-2016]::[7:27:13 PM]::[INFO]::[Time taken in validateAll(): 0]
[07-Jul-2016]::[7:27:13 PM]::[INFO]::[No validation for field: requestId]
[07-Jul-2016]::[7:27:13 PM]::[INFO]::[No validation for field: itr4S.creationInfo.xmlCreationDate]
[07-Jul-2016]::[7:27:13 PM]::[INFO]::[No validation for field: totalPage]
[07-Jul-2016]::[7:27:13 PM]::[INFO]::[No validation for field: returnType]
[07-Jul-2016]::[7:27:13 PM]::[INFO]::[No validation for field: customReturnType]
[07-Jul-2016]::[7:27:13 PM]::[INFO]::[No validation for field: ]
[07-Jul-2016]::[7:27:13 PM]::[INFO]::[No validation for field: itr4S.currentPage]
[07-Jul-2016]::[7:27:13 PM]::[INFO]::[No validation for field: itr4S.filingStatus.adharNoOption]
[07-Jul-2016]::[7:27:13 PM]::[INFO]::[No validation for field: itr4S.itr4sTaxComputationOnline.surchargeOnTaxPayable]
[07-Jul-2016]::[7:27:13 PM]::[INFO]::[No validation for field: itr4S.us44aeHeavy[0].chosenCheckBox]
[07-Jul-2016]::[7:27:13 PM]::[INFO]::[No validation for field: __checkbox_itr4S.us44aeHeavy[0].chosenCheckBox]
[07-Jul-2016]::[7:27:13 PM]::[INFO]::[No validation for field: Count_SCH_IT]
[07-Jul-2016]::[7:27:13 PM]::[INFO]::[No validation for field: itr4S.natOfBus.business[0].chosenCheckBox]
[07-Jul-2016]::[7:27:13 PM]::[INFO]::[No validation for field: __checkbox_scheduleFA.detailsOfTrustOutIndiaTrustee[0].chosenCheckBox]
[07-Jul-2016]::[7:27:13 PM]::[INFO]::[No validation for field: itr4S.natOfBus.business[0].trade.tradeName]
[07-Jul-2016]::[7:27:13 PM]::[INFO]::[No validation for field: itr4S.scheduleBPForITR4S.incChargeableUnderBus]
[07-Jul-2016]::[7:27:13 PM]::[INFO]::[No validation for field: itr4S.tdSonSalaries.tdSonSalary[0].employerOrDeductorOrCollectDetl.chosenCheckBox]
[07-Jul-2016]::[7:27:13 PM]::[INFO]::[No validation for field: __checkbox_itr4S.tdSonSalaries.tdSonSalary[0].employerOrDeductorOrCollectDetl.chosenCheckBox]
[07-Jul-2016]::[7:27:13 PM]::[INFO]::[No validation for field: itr4S.tdSonSalaries.tdSonSalary.totalTaxDeducted]
[07-Jul-2016]::[7:27:13 PM]::[INFO]::[No validation for field: Count_SCH_TDS1]
[07-Jul-2016]::[7:27:13 PM]::[INFO]::[No validation for field: itr4S.tdSonOthThanSals.tdSonOthThanSal[0].employerOrDeductorOrCollectDetl.chosenCheckBox]
[07-Jul-2016]::[7:27:13 PM]::[INFO]::[No validation for field: __checkbox_itr4S.tdSonOthThanSals.tdSonOthThanSal[0].employerOrDeductorOrCollectDetl.chosenCheckBox]
[07-Jul-2016]::[7:27:13 PM]::[INFO]::[No validation for field: itr4S.tdSonOthThanSals.tdSonOthThanSal.claimOutOfTotTDSOnAmtPaid]
[07-Jul-2016]::[7:27:13 PM]::[INFO]::[No validation for field: itr4S.scheduleTCS.tcs[0].chosenCheckBox]
[07-Jul-2016]::[7:27:13 PM]::[INFO]::[No validation for field: __checkbox_itr4S.scheduleTCS.tcs[0].chosenCheckBox]
[07-Jul-2016]::[7:27:13 PM]::[INFO]::[No validation for field: itr4S.scheduleTCS.tcs.amtTCSClaimedThisYear]
[07-Jul-2016]::[7:27:13 PM]::[INFO]::[No validation for field: itr4S.scheduleIT.taxPayment[0].chosenCheckBox]
[07-Jul-2016]::[7:27:13 PM]::[INFO]::[No validation for field: __checkbox_itr4S.scheduleIT.taxPayment[0].chosenCheckBox]
[07-Jul-2016]::[7:27:13 PM]::[INFO]::[No validation for field: itr4S.scheduleIT.taxPayment.amt]
[07-Jul-2016]::[7:27:13 PM]::[INFO]::[No validation for field: itr4S.taxPaid.taxesPaid.tcs]
[07-Jul-2016]::[7:27:13 PM]::[INFO]::[No validation for field: itr4S.schedule80G.don100Percent.doneeWithPan[0].chosenCheckBox]
[07-Jul-2016]::[7:27:13 PM]::[INFO]::[No validation for field: __checkbox_itr4S.schedule80G.don100Percent.doneeWithPan[0].chosenCheckBox]
[07-Jul-2016]::[7:27:13 PM]::[INFO]::[No validation for field: itr4S.schedule80G.don100Percent.doneeWithPan[0].eligibleDonationAmt]
[07-Jul-2016]::[7:27:13 PM]::[INFO]::[No validation for field: itr4S.schedule80G.don100Percent.totDon100Percent]
[07-Jul-2016]::[7:27:13 PM]::[INFO]::[No validation for field: itr4S.schedule80G.don100Percent.totEligibleDon100Percent]
[07-Jul-2016]::[7:27:13 PM]::[INFO]::[No validation for field: itr4S.schedule80G.don50PercentNoApprReqd.doneeWithPan[0].chosenCheckBox]
[07-Jul-2016]::[7:27:13 PM]::[INFO]::[No validation for field: __checkbox_itr4S.schedule80G.don50PercentNoApprReqd.doneeWithPan[0].chosenCheckBox]
[07-Jul-2016]::[7:27:13 PM]::[INFO]::[No validation for field: itr4S.schedule80G.don50PercentNoApprReqd.doneeWithPan[0].eligibleDonationAmt]
[07-Jul-2016]::[7:27:13 PM]::[INFO]::[No validation for field: itr4S.schedule80G.don50PercentNoApprReqd.totDon50PercentNoApprReqd]
[07-Jul-2016]::[7:27:13 PM]::[INFO]::[No validation for field: itr4S.schedule80G.don50PercentNoApprReqd.totEligibleDon50Percent]
[07-Jul-2016]::[7:27:13 PM]::[INFO]::[No validation for field: itr4S.schedule80G.don100PercentApprReqd.doneeWithPan[0].chosenCheckBox]
[07-Jul-2016]::[7:27:13 PM]::[INFO]::[No validation for field: __checkbox_itr4S.schedule80G.don100PercentApprReqd.doneeWithPan[0].chosenCheckBox]
[07-Jul-2016]::[7:27:13 PM]::[INFO]::[No validation for field: itr4S.schedule80G.don100PercentApprReqd.doneeWithPan[0].eligibleDonationAmt]
[07-Jul-2016]::[7:27:13 PM]::[INFO]::[No validation for field: itr4S.schedule80G.don100PercentApprReqd.totDon100PercentApprReqd]
[07-Jul-2016]::[7:27:13 PM]::[INFO]::[No validation for field: itr4S.schedule80G.don100PercentApprReqd.totEligibleDon100PercentApprReqd]
[07-Jul-2016]::[7:27:13 PM]::[INFO]::[No validation for field: itr4S.schedule80G.don50PercentApprReqd.doneeWithPan[0].chosenCheckBox]
[07-Jul-2016]::[7:27:13 PM]::[INFO]::[No validation for field: __checkbox_itr4S.schedule80G.don50PercentApprReqd.doneeWithPan[0].chosenCheckBox]
[07-Jul-2016]::[7:27:13 PM]::[INFO]::[No validation for field: itr4S.schedule80G.don50PercentApprReqd.doneeWithPan[0].eligibleDonationAmt]
[07-Jul-2016]::[7:27:13 PM]::[INFO]::[No validation for field: itr4S.schedule80G.don50PercentApprReqd.totDon50PercentApprReqd]
[07-Jul-2016]::[7:27:13 PM]::[INFO]::[No validation for field: itr4S.schedule80G.don50PercentApprReqd.totEligibleDon50PercentApprReqd]
[07-Jul-2016]::[7:27:13 PM]::[INFO]::[Call() ends time taken: 31  error count :0]
[07-Jul-2016]::[7:27:13 PM]::[INFO]::[submit itr starts]
[07-Jul-2016]::[7:27:13 PM]::[INFO]::[Time taken to start generateXml(): 6]
[07-Jul-2016]::[7:27:13 PM]::[INFO]::[outputfilePathC:\Users\user\AppData\Local\Temp\ITR-1055952325857188188741011390.xml,generateXmlFlag: true]
[07-Jul-2016]::[7:27:13 PM]::[INFO]::[done with schema error; 0]
[07-Jul-2016]::[7:27:13 PM]::[INFO]::[Time taken to generate: 88]
[07-Jul-2016]::[7:27:13 PM]::[INFO]::[initialize submit itr starts]
[07-Jul-2016]::[7:27:13 PM]::[SEVERE]::[initUsbTokens error]
java.lang.Exception: The KeyStore is empty
	at com.tcs.efiling.itr.config.UsbTokenUtil.getUsbTokenData(UsbTokenUtil.java:56)
	at com.tcs.efiling.itr.main.SubmitItrDialogController.initUsbTokens(SubmitItrDialogController.java:149)
	at com.tcs.efiling.itr.main.SubmitItrDialogController.initialize(SubmitItrDialogController.java:140)
	at javafx.fxml.FXMLLoader.loadImpl(Unknown Source)
	at javafx.fxml.FXMLLoader.loadImpl(Unknown Source)
	at javafx.fxml.FXMLLoader.load(Unknown Source)
	at com.tcs.efiling.itr.main.NewITRDialog.<init>(NewITRDialog.java:36)
	at com.tcs.efiling.itr.main.MainController.OpenSubmitDialog(MainController.java:1071)
	at com.tcs.efiling.itr.main.ITRUtil$4.run(ITRUtil.java:905)
	at com.sun.javafx.application.PlatformImpl.lambda$null$173(Unknown Source)
	at java.security.AccessController.doPrivileged(Native Method)
	at com.sun.javafx.application.PlatformImpl.lambda$runLater$174(Unknown Source)
	at com.sun.glass.ui.InvokeLaterDispatcher$Future.run(Unknown Source)
	at com.sun.glass.ui.win.WinApplication._runLoop(Native Method)
	at com.sun.glass.ui.win.WinApplication.lambda$null$148(Unknown Source)
	at java.lang.Thread.run(Unknown Source)

[07-Jul-2016]::[7:27:14 PM]::[INFO]::[dscMandatory starts::ITR-4S]
[07-Jul-2016]::[7:27:14 PM]::[INFO]::[dscMandatory ends]
[07-Jul-2016]::[7:27:33 PM]::[INFO]::[url: https://www.google.co.in timeout: 30000]
[07-Jul-2016]::[7:27:33 PM]::[INFO]::[validateDSCKey ends with flag: true]
[07-Jul-2016]::[7:27:33 PM]::[INFO]::[file : .\ITR]
[07-Jul-2016]::[7:27:33 PM]::[INFO]::[file : .\ITR-4S_AY201516_PR7.jar]
[07-Jul-2016]::[7:27:34 PM]::[INFO]::[hash : 50AB66C625BA1B159A485E8BC4446B1A3C097834F9A57DB1747342087A77CB94]
[07-Jul-2016]::[7:27:34 PM]::[INFO]::[submitHash : 49C6FAC67450D5EED7725BCEF5066F5407C3A66B876E1879DCC8BB5E62AF4344]
[07-Jul-2016]::[7:27:34 PM]::[INFO]::[webservie url: https://incometaxindiaefiling.gov.in/e-FilingWS/ditws]
[07-Jul-2016]::[7:27:34 PM]::[INFO]::[Thread call starts]
[07-Jul-2016]::[7:27:34 PM]::[INFO]::[sendRequest starts]
[07-Jul-2016]::[7:27:36 PM]::[INFO]::[Soap fault: null]
[07-Jul-2016]::[7:27:36 PM]::[INFO]::[ackNo: 240911170070716 ,transactionId:3078875981,emailId:tusharmohite0@gmail.com]
[07-Jul-2016]::[7:27:36 PM]::[INFO]::[Thread call ends : time taken: 2199]
[07-Jul-2016]::[7:27:36 PM]::[INFO]::[cancel caled]
[07-Jul-2016]::[7:27:36 PM]::[INFO]::[Writing to file: C:\Users\user\AppData\Local\Temp\ITRvFile9182566764473624754372330531.zip]
[07-Jul-2016]::[7:27:36 PM]::[INFO]::[initialize starts]
[07-Jul-2016]::[7:27:36 PM]::[INFO]::[loadITRVPage stats with transaction id 3078875981 ,email tusharmohite0@gmail.com]
[07-Jul-2016]::[7:27:39 PM]::[INFO]::[downloadITRV starts]
