[31-Mar-2017]::[7:23:25 AM]::[INFO]::[init starts]
[31-Mar-2017]::[7:23:25 AM]::[INFO]::[ITRConfigUtil.getConfigURL(): java.io.FileInputStream@1145c3c]
[31-Mar-2017]::[7:23:25 AM]::[INFO]::[url jar:file:/C:/Program%20Files/Java/jre1.8.0_121/lib/ext/dns_sd.jar!/META-INF/MANIFEST.MF]
[31-Mar-2017]::[7:23:25 AM]::[INFO]::[url jar:file:/D:/Business/Mohite%20Consultancy%20Services/Assignments/IT%20Returns/Navin%20Sethi/ITR-4S_2015/ITR-4S_AY201516_PR10.jar!/META-INF/MANIFEST.MF]
[31-Mar-2017]::[7:23:25 AM]::[INFO]::[2015-16 :: ITR-4S :: 1.0]
[31-Mar-2017]::[7:23:26 AM]::[INFO]::[init ends in 763 ms.]
[31-Mar-2017]::[7:23:26 AM]::[INFO]::[MainLoader start method starts]
[31-Mar-2017]::[7:23:28 AM]::[INFO]::[Before Validating fileListCommonScript ]
[31-Mar-2017]::[7:23:28 AM]::[INFO]::[Before Validating fileListItrAy ]
[31-Mar-2017]::[7:23:28 AM]::[INFO]::[Before Validating fileListConfig ]
[31-Mar-2017]::[7:23:28 AM]::[INFO]::[Before Validating verifySignature ]
[31-Mar-2017]::[7:23:28 AM]::[INFO]::[verifies : true]
[31-Mar-2017]::[7:23:28 AM]::[INFO]::[Is utiltity valid ::true]
[31-Mar-2017]::[7:23:28 AM]::[INFO]::[openNewITR starts with values: asstYear:2015-16,itr:ITR-4S,ver:1.0,importXml:null]
[31-Mar-2017]::[7:23:28 AM]::[INFO]::[Opening ITR: ITR-4S For AsstYear: 2015-16]
[31-Mar-2017]::[7:23:28 AM]::[INFO]::[generateCopy starts]
[31-Mar-2017]::[7:23:28 AM]::[INFO]::[initialize starts]
[31-Mar-2017]::[7:23:28 AM]::[INFO]::[initialize ends]
[31-Mar-2017]::[7:23:29 AM]::[INFO]::[hideShowValidation starts]
[31-Mar-2017]::[7:23:29 AM]::[INFO]::[webViewActWidth in: 1079.14,vboxActWidth:  232.22000000000003,mainController.windowWidth: 1366.0]
[31-Mar-2017]::[7:23:29 AM]::[INFO]::[hide validation]
[31-Mar-2017]::[7:23:29 AM]::[INFO]::[hideShowValidation ends]
[31-Mar-2017]::[7:23:29 AM]::[INFO]::[Time taken in openNewITR(): 1144]
[31-Mar-2017]::[7:23:30 AM]::[INFO]::[calculateITR starts]
[31-Mar-2017]::[7:23:30 AM]::[INFO]::[calculateITR ok starts]
[31-Mar-2017]::[7:23:30 AM]::[INFO]::[mainController.windowWidth new : 1366.0]
[31-Mar-2017]::[7:23:31 AM]::[INFO]::[MainLoader start method ends. Time taken: 4653]
[31-Mar-2017]::[7:23:33 AM]::[INFO]::[javascript: to run: ]
[31-Mar-2017]::[7:23:33 AM]::[INFO]::[time taken in changed : 744]
