[25-Jun-2016]::[5:40:56 PM]::[com.itd.efiling.itr.main.ctrl.ThreeRedLightsIlluminate init]::[INFO]::[init starts]
[25-Jun-2016]::[5:40:56 PM]::[com.itd.efiling.itr.common.util.j setUtilityParams]::[INFO]::[url jar:file:/D:/SHRAVANI%20TARLEKAR/AY%202016-17/ITR%20form/ITR-4S_AY201617_PR4.jar!/META-INF/MANIFEST.MF]
[25-Jun-2016]::[5:40:56 PM]::[com.itd.efiling.itr.common.util.j setUtilityParams]::[INFO]::[2016-17 :: ITR-4S :: ]
[25-Jun-2016]::[5:40:56 PM]::[com.itd.efiling.itr.main.ctrl.ThreeRedLightsIlluminate init]::[INFO]::[init ends in 13 ms.]
[25-Jun-2016]::[5:40:56 PM]::[com.itd.efiling.itr.main.ctrl.ThreeRedLightsIlluminate start]::[INFO]::[MainLoader start method starts]
[25-Jun-2016]::[5:40:56 PM]::[com.itd.efiling.itr.main.ctrl.d initialize]::[INFO]::[initialize starts]
[25-Jun-2016]::[5:40:56 PM]::[com.itd.efiling.itr.common.util.c b]::[INFO]::[Before Validating fileListCommonScript ]
[25-Jun-2016]::[5:40:56 PM]::[com.itd.efiling.itr.common.util.c b]::[INFO]::[Before Validating fileListItrAy ]
[25-Jun-2016]::[5:40:56 PM]::[com.itd.efiling.itr.common.util.c b]::[INFO]::[Before Validating fileListConfig ]
[25-Jun-2016]::[5:40:56 PM]::[com.itd.efiling.itr.common.util.c b]::[INFO]::[Before Validating verifySignature ]
[25-Jun-2016]::[5:40:56 PM]::[com.itd.efiling.itr.common.util.c a]::[INFO]::[verifies : true]
[25-Jun-2016]::[5:40:56 PM]::[com.itd.efiling.itr.main.ctrl.d initialize]::[INFO]::[Is utiltity valid ::true]
[25-Jun-2016]::[5:40:56 PM]::[com.itd.efiling.itr.a.a.d c]::[INFO]::[loadingDialog starts]
[25-Jun-2016]::[5:40:56 PM]::[com.itd.efiling.itr.a.a.a <init>]::[INFO]::[CommonDialog starts]
[25-Jun-2016]::[5:40:56 PM]::[com.itd.efiling.itr.a.a.a <init>]::[INFO]::[CommonDialog ends]
[25-Jun-2016]::[5:40:56 PM]::[com.itd.efiling.itr.a.a.d c]::[INFO]::[loadingDialog ends]
[25-Jun-2016]::[5:40:56 PM]::[com.itd.efiling.itr.main.ctrl.a b]::[INFO]::[hide validation]
[25-Jun-2016]::[5:40:56 PM]::[com.itd.efiling.itr.main.ctrl.d a]::[INFO]::[importFile : null]
[25-Jun-2016]::[5:40:56 PM]::[com.itd.efiling.itr.main.ctrl.d initialize]::[INFO]::[initialize ends: time taken: 329ms]
[25-Jun-2016]::[5:40:56 PM]::[com.itd.efiling.itr.main.ctrl.d initialize]::[INFO]::[initialize ends: time taken: 0ms]
[25-Jun-2016]::[5:40:56 PM]::[com.sun.javafx.css.parser.CSSParser declaration]::[WARNING]::[CSS Error parsing '*{-fx-font-weight: bold;-fx-font: 22px;}: Expected '<font-family>' while parsing '-fx-font' at [1,34]]
[25-Jun-2016]::[5:40:56 PM]::[com.sun.javafx.css.parser.CSSParser declaration]::[WARNING]::[CSS Error parsing '*{-fx-background-color: linear-gradient(#3A5058, #6aa2b1);-fx-font-weight: bold;-fx-font: 22px;}: Expected '<font-family>' while parsing '-fx-font' at [1,90]]
[25-Jun-2016]::[5:40:56 PM]::[com.itd.efiling.itr.main.ctrl.ThreeRedLightsIlluminate start]::[INFO]::[mainController.windowWidth new : 1360.0]
[25-Jun-2016]::[5:40:57 PM]::[com.itd.efiling.itr.main.ctrl.ThreeRedLightsIlluminate start]::[INFO]::[1360.0 :: 1074.4 :: 231.20000000000002]
[25-Jun-2016]::[5:40:57 PM]::[com.itd.efiling.itr.main.ctrl.ThreeRedLightsIlluminate start]::[INFO]::[MainLoader start method ends. Time taken: 931]
[25-Jun-2016]::[5:40:57 PM]::[com.itd.efiling.itr.common.a.a a]::[INFO]::[oldState  : RUNNING newState : SUCCEEDED]
[25-Jun-2016]::[5:40:57 PM]::[com.itd.efiling.itr.common.a.a a]::[INFO]::[jsobj [object Window]]
[25-Jun-2016]::[5:40:59 PM]::[com.itd.efiling.itr.common.a.a a]::[INFO]::[time taken in changed : 16]
[25-Jun-2016]::[5:40:59 PM]::[com.itd.efiling.itr.toolbar.b prefill]::[INFO]::[prefill]
[25-Jun-2016]::[5:41:00 PM]::[com.itd.efiling.itr.a.a.a <init>]::[INFO]::[CommonDialog starts]
[25-Jun-2016]::[5:41:00 PM]::[com.itd.efiling.itr.a.a.a <init>]::[INFO]::[CommonDialog ends]
[25-Jun-2016]::[5:41:16 PM]::[com.itd.efiling.itr.a.a.f prefill]::[INFO]::[prefill caled]
[25-Jun-2016]::[5:41:16 PM]::[com.itd.efiling.itr.webservice.a.a b]::[INFO]::[call starts ]
[25-Jun-2016]::[5:41:16 PM]::[com.itd.efiling.itr.a.a.f prefill]::[INFO]::[prefill ends after starting thread: ]
[25-Jun-2016]::[5:41:16 PM]::[com.itd.efiling.itr.webservice.a.a c]::[INFO]::[sendRequest starts]
[25-Jun-2016]::[5:41:16 PM]::[com.itd.efiling.itr.common.util.e getSecuredRequest]::[INFO]::[Before getting secured request]
[25-Jun-2016]::[5:41:16 PM]::[com.itd.efiling.itr.common.util.e getSecuredRequest]::[INFO]::[After getting secured request]
[25-Jun-2016]::[5:41:16 PM]::[com.itd.efiling.itr.common.util.c d]::[INFO]::[file : .\ITR]
[25-Jun-2016]::[5:41:16 PM]::[com.itd.efiling.itr.common.util.c d]::[INFO]::[file : .\ITR-4S_AY201617_PR4.jar]
[25-Jun-2016]::[5:41:20 PM]::[com.itd.efiling.itr.webservice.a.a c]::[INFO]::[Soap fault: null]
[25-Jun-2016]::[5:41:20 PM]::[com.itd.efiling.itr.webservice.a.a c]::[INFO]::[Soap errorNode : null]
[25-Jun-2016]::[5:41:20 PM]::[com.itd.efiling.itr.webservice.a.a c]::[INFO]::[sendrequest ends]
[25-Jun-2016]::[5:41:20 PM]::[com.itd.efiling.itr.webservice.a.a b]::[INFO]::[call ends Time taken:3409]
[25-Jun-2016]::[5:41:20 PM]::[com.itd.efiling.itr.a.a.f cancel]::[INFO]::[cancel caled]
[25-Jun-2016]::[5:41:21 PM]::[com.itd.efiling.itr.webservice.a.d run]::[INFO]::[Prefill done successfully]
[25-Jun-2016]::[5:41:30 PM]::[com.itd.efiling.itr.validation.a.a a]::[INFO]::[FIELD_VALIDATORS_MAP 198]
[25-Jun-2016]::[5:43:26 PM]::[com.itd.efiling.itr.toolbar.b validateAndSaveFile]::[INFO]::[validateAndSaveFile ]
[25-Jun-2016]::[5:43:26 PM]::[com.itd.efiling.itr.main.ctrl.a c]::[INFO]::[show validation]
[25-Jun-2016]::[5:43:26 PM]::[com.itd.efiling.itr.validation.helpers.Validator validateAll]::[INFO]::[Time taken in validateAll(): 0]
[25-Jun-2016]::[5:43:26 PM]::[com.itd.efiling.itr.validation.helpers.Validator call]::[INFO]::[Call() starts : ]
[25-Jun-2016]::[5:43:26 PM]::[com.itd.efiling.itr.validation.helpers.Validator call]::[INFO]::[Call() ends time taken: 44  error count :10]
[25-Jun-2016]::[5:43:49 PM]::[com.itd.efiling.itr.common.util.JavaScriptFunctions getBankName]::[INFO]::[ifsc isSBIN]
[25-Jun-2016]::[5:44:25 PM]::[com.itd.efiling.itr.toolbar.b validateAndSaveFile]::[INFO]::[validateAndSaveFile ]
[25-Jun-2016]::[5:44:25 PM]::[com.itd.efiling.itr.main.ctrl.a c]::[INFO]::[show validation]
[25-Jun-2016]::[5:44:25 PM]::[com.itd.efiling.itr.validation.helpers.Validator validateAll]::[INFO]::[Time taken in validateAll(): 0]
[25-Jun-2016]::[5:44:25 PM]::[com.itd.efiling.itr.validation.helpers.Validator call]::[INFO]::[Call() starts : ]
[25-Jun-2016]::[5:44:25 PM]::[com.itd.efiling.itr.validation.helpers.Validator call]::[INFO]::[Call() ends time taken: 22  error count :1]
[25-Jun-2016]::[5:44:27 PM]::[com.itd.efiling.itr.toolbar.b saveAsDraft]::[INFO]::[saveFile]
[25-Jun-2016]::[5:44:27 PM]::[com.itd.efiling.itr.a.a.e a]::[INFO]::[extension : .draft title : null type : true]
[25-Jun-2016]::[5:44:36 PM]::[com.itd.efiling.itr.common.util.f b]::[INFO]::[Before setDocument]
[25-Jun-2016]::[5:44:36 PM]::[com.itd.efiling.itr.common.util.f b]::[INFO]::[After setDocument[#document: null]]
[25-Jun-2016]::[5:44:36 PM]::[com.itd.efiling.itr.common.cachers.b a]::[INFO]::[flagfalse]
[25-Jun-2016]::[5:44:36 PM]::[com.itd.efiling.itr.common.cachers.b a]::[INFO]::[doc[#document: null]]
[25-Jun-2016]::[5:44:36 PM]::[com.itd.efiling.itr.common.util.f b]::[INFO]::[FIELD_VALUE 237]
[25-Jun-2016]::[5:44:38 PM]::[com.itd.efiling.itr.toolbar.b importXml]::[INFO]::[importXmlDialog starts]
[25-Jun-2016]::[5:44:38 PM]::[com.itd.efiling.itr.a.a.k a]::[INFO]::[saveIfNot starts: type: 4]
[25-Jun-2016]::[5:44:38 PM]::[com.itd.efiling.itr.a.a.a <init>]::[INFO]::[CommonDialog starts]
[25-Jun-2016]::[5:44:38 PM]::[com.itd.efiling.itr.a.a.a <init>]::[INFO]::[CommonDialog ends]
[25-Jun-2016]::[5:44:38 PM]::[com.itd.efiling.itr.a.a.k a]::[INFO]::[saveIfNot after shows: ]
[25-Jun-2016]::[5:44:38 PM]::[com.itd.efiling.itr.toolbar.b importXml]::[INFO]::[importXmlDialog ends]
[25-Jun-2016]::[5:44:41 PM]::[com.itd.efiling.itr.a.a.k saveITR]::[INFO]::[saveITR starts saving file]
[25-Jun-2016]::[5:44:41 PM]::[com.itd.efiling.itr.toolbar.b validateAndSaveFile]::[INFO]::[validateAndSaveFile ]
[25-Jun-2016]::[5:44:41 PM]::[com.itd.efiling.itr.main.ctrl.a c]::[INFO]::[show validation]
[25-Jun-2016]::[5:44:41 PM]::[com.itd.efiling.itr.validation.helpers.Validator validateAll]::[INFO]::[Time taken in validateAll(): 0]
[25-Jun-2016]::[5:44:41 PM]::[com.itd.efiling.itr.validation.helpers.Validator call]::[INFO]::[Call() starts : ]
[25-Jun-2016]::[5:44:41 PM]::[com.itd.efiling.itr.validation.helpers.Validator call]::[INFO]::[Call() ends time taken: 26  error count :1]
[25-Jun-2016]::[5:44:44 PM]::[com.itd.efiling.itr.toolbar.b importXml]::[INFO]::[importXmlDialog starts]
[25-Jun-2016]::[5:44:44 PM]::[com.itd.efiling.itr.a.a.k a]::[INFO]::[saveIfNot starts: type: 4]
[25-Jun-2016]::[5:44:44 PM]::[com.itd.efiling.itr.a.a.a <init>]::[INFO]::[CommonDialog starts]
[25-Jun-2016]::[5:44:44 PM]::[com.itd.efiling.itr.a.a.a <init>]::[INFO]::[CommonDialog ends]
[25-Jun-2016]::[5:44:44 PM]::[com.itd.efiling.itr.a.a.k a]::[INFO]::[saveIfNot after shows: ]
[25-Jun-2016]::[5:44:44 PM]::[com.itd.efiling.itr.toolbar.b importXml]::[INFO]::[importXmlDialog ends]
[25-Jun-2016]::[5:44:45 PM]::[com.itd.efiling.itr.a.a.k cancel]::[INFO]::[type 4: OpenFileDialogController ]
[25-Jun-2016]::[5:44:45 PM]::[com.itd.efiling.itr.a.a.e a]::[INFO]::[extension : .open title : null type : false]
[25-Jun-2016]::[5:44:47 PM]::[com.itd.efiling.itr.toolbar.b a]::[INFO]::[Actual ITR ITR-4S Actual assesment year2016-17]
[25-Jun-2016]::[5:44:47 PM]::[com.itd.efiling.itr.toolbar.b a]::[INFO]::[Imported ITR ITR-4S Imported assesment year2016-17]
[25-Jun-2016]::[5:44:47 PM]::[com.itd.efiling.itr.a.a.d c]::[INFO]::[loadingDialog starts]
[25-Jun-2016]::[5:44:47 PM]::[com.itd.efiling.itr.a.a.a <init>]::[INFO]::[CommonDialog starts]
[25-Jun-2016]::[5:44:47 PM]::[com.itd.efiling.itr.a.a.a <init>]::[INFO]::[CommonDialog ends]
[25-Jun-2016]::[5:44:47 PM]::[com.itd.efiling.itr.a.a.d c]::[INFO]::[loadingDialog ends]
[25-Jun-2016]::[5:44:47 PM]::[com.itd.efiling.itr.main.ctrl.a b]::[INFO]::[hide validation]
[25-Jun-2016]::[5:44:47 PM]::[com.itd.efiling.itr.main.ctrl.d a]::[INFO]::[importFile : D:\SHRAVANI TARLEKAR\AY 2016-17\DRAFT.draft]
[25-Jun-2016]::[5:44:47 PM]::[com.itd.efiling.itr.common.a.a a]::[INFO]::[oldState  : SUCCEEDED newState : READY]
[25-Jun-2016]::[5:44:47 PM]::[com.itd.efiling.itr.common.a.a a]::[INFO]::[oldState  : READY newState : SCHEDULED]
[25-Jun-2016]::[5:44:47 PM]::[com.itd.efiling.itr.common.a.a a]::[INFO]::[oldState  : SCHEDULED newState : RUNNING]
[25-Jun-2016]::[5:44:47 PM]::[com.itd.efiling.itr.common.a.a a]::[INFO]::[oldState  : RUNNING newState : SUCCEEDED]
[25-Jun-2016]::[5:44:47 PM]::[com.itd.efiling.itr.common.a.a a]::[INFO]::[jsobj [object Window]]
[25-Jun-2016]::[5:44:47 PM]::[com.itd.efiling.itr.common.util.l a]::[INFO]::[Before setDocument]
[25-Jun-2016]::[5:44:47 PM]::[com.itd.efiling.itr.common.util.l a]::[INFO]::[iterateNodeImportXml 0]
[25-Jun-2016]::[5:44:47 PM]::[com.itd.efiling.itr.common.util.l a]::[INFO]::[cacheHtmlElements ]
[25-Jun-2016]::[5:44:47 PM]::[com.itd.efiling.itr.common.util.l b]::[INFO]::[Before cacheHtmlElements 0]
[25-Jun-2016]::[5:44:47 PM]::[com.itd.efiling.itr.common.util.l b]::[INFO]::[After cacheHtmlElements 237]
[25-Jun-2016]::[5:44:47 PM]::[com.itd.efiling.itr.common.util.l a]::[INFO]::[putValuesToHTML ]
[25-Jun-2016]::[5:44:47 PM]::[com.itd.efiling.itr.common.util.l a]::[INFO]::[Before setValuesInForm]
[25-Jun-2016]::[5:44:47 PM]::[com.itd.efiling.itr.common.util.l a]::[INFO]::[End of putValuesToHTML]
[25-Jun-2016]::[5:44:47 PM]::[com.itd.efiling.itr.common.util.l a]::[INFO]::[time taken in importxml function: 67]
[25-Jun-2016]::[5:44:49 PM]::[com.itd.efiling.itr.common.a.a a]::[INFO]::[time taken in changed : 1091]
[25-Jun-2016]::[5:44:49 PM]::[com.itd.efiling.itr.common.a.a a]::[INFO]::[oldState  : RUNNING newState : SUCCEEDED]
[25-Jun-2016]::[5:44:56 PM]::[com.itd.efiling.itr.toolbar.b validateAndSaveFile]::[INFO]::[validateAndSaveFile ]
[25-Jun-2016]::[5:44:56 PM]::[com.itd.efiling.itr.main.ctrl.a c]::[INFO]::[show validation]
[25-Jun-2016]::[5:44:56 PM]::[com.itd.efiling.itr.validation.helpers.Validator validateAll]::[INFO]::[Time taken in validateAll(): 0]
[25-Jun-2016]::[5:44:56 PM]::[com.itd.efiling.itr.validation.helpers.Validator call]::[INFO]::[Call() starts : ]
[25-Jun-2016]::[5:44:56 PM]::[com.itd.efiling.itr.validation.helpers.Validator call]::[INFO]::[Call() ends time taken: 20  error count :0]
[25-Jun-2016]::[5:44:56 PM]::[com.itd.efiling.itr.a.a.e a]::[INFO]::[extension : .xml title : null type : true]
[25-Jun-2016]::[5:45:13 PM]::[com.itd.efiling.itr.common.util.f b]::[INFO]::[Before setDocument]
[25-Jun-2016]::[5:45:13 PM]::[com.itd.efiling.itr.common.util.f b]::[INFO]::[After setDocument[#document: null]]
[25-Jun-2016]::[5:45:13 PM]::[com.itd.efiling.itr.common.cachers.b a]::[INFO]::[flagtrue]
[25-Jun-2016]::[5:45:13 PM]::[com.itd.efiling.itr.common.cachers.b a]::[INFO]::[doc[#document: null]]
[25-Jun-2016]::[5:45:13 PM]::[com.itd.efiling.itr.common.cachers.b a]::[INFO]::[Inside deleteNodeGenerateXml]
[25-Jun-2016]::[5:45:13 PM]::[com.itd.efiling.itr.common.util.f b]::[INFO]::[FIELD_VALUE 237]
[25-Jun-2016]::[5:45:13 PM]::[com.itd.efiling.itr.common.util.f a]::[INFO]::[done with schema error; 0]
[25-Jun-2016]::[5:45:13 PM]::[com.itd.efiling.itr.common.util.f a]::[INFO]::[hash {} J8b9TL03p+Rf3JzyzhkgFNwxtIX5xH8UhOKoAIfSdmg=]
[25-Jun-2016]::[5:45:13 PM]::[com.itd.efiling.itr.common.util.f a]::[INFO]::[Time taken to generate: 164 ms ]
[25-Jun-2016]::[5:46:03 PM]::[com.itd.efiling.itr.toolbar.b calculateITR]::[INFO]::[calculateITR starts]
[25-Jun-2016]::[5:46:03 PM]::[com.itd.efiling.itr.common.dialog.o b]::[INFO]::[Inside  reCalculate]
[25-Jun-2016]::[5:46:16 PM]::[com.itd.efiling.itr.toolbar.b submit]::[INFO]::[validateITR starts]
[25-Jun-2016]::[5:46:16 PM]::[com.itd.efiling.itr.main.ctrl.a c]::[INFO]::[show validation]
[25-Jun-2016]::[5:46:16 PM]::[com.itd.efiling.itr.validation.helpers.Validator validateAll]::[INFO]::[Time taken in validateAll(): 0]
[25-Jun-2016]::[5:46:16 PM]::[com.itd.efiling.itr.validation.helpers.Validator call]::[INFO]::[Call() starts : ]
[25-Jun-2016]::[5:46:16 PM]::[com.itd.efiling.itr.validation.helpers.Validator call]::[INFO]::[Call() ends time taken: 13  error count :0]
[25-Jun-2016]::[5:46:16 PM]::[com.itd.efiling.itr.common.util.f b]::[INFO]::[Before setDocument]
[25-Jun-2016]::[5:46:16 PM]::[com.itd.efiling.itr.common.util.f b]::[INFO]::[After setDocument[#document: null]]
[25-Jun-2016]::[5:46:16 PM]::[com.itd.efiling.itr.common.cachers.b a]::[INFO]::[flagtrue]
[25-Jun-2016]::[5:46:16 PM]::[com.itd.efiling.itr.common.cachers.b a]::[INFO]::[doc[#document: null]]
[25-Jun-2016]::[5:46:16 PM]::[com.itd.efiling.itr.common.cachers.b a]::[INFO]::[Inside deleteNodeGenerateXml]
[25-Jun-2016]::[5:46:16 PM]::[com.itd.efiling.itr.common.util.f b]::[INFO]::[FIELD_VALUE 237]
[25-Jun-2016]::[5:46:16 PM]::[com.itd.efiling.itr.common.util.f a]::[INFO]::[done with schema error; 0]
[25-Jun-2016]::[5:46:16 PM]::[com.itd.efiling.itr.common.util.f a]::[INFO]::[hash {} J8b9TL03p+Rf3JzyzhkgFNwxtIX5xH8UhOKoAIfSdmg=]
[25-Jun-2016]::[5:46:16 PM]::[com.itd.efiling.itr.common.util.f a]::[INFO]::[Time taken to generate: 82 ms ]
[25-Jun-2016]::[5:46:16 PM]::[com.itd.efiling.itr.a.a.a <init>]::[INFO]::[CommonDialog starts]
[25-Jun-2016]::[5:46:16 PM]::[com.itd.efiling.itr.a.a.n initialize]::[INFO]::[initialize submit itr starts]
[25-Jun-2016]::[5:46:16 PM]::[com.itd.efiling.itr.a.a.n initialize]::[INFO]::[Time taken to get the document 2]
[25-Jun-2016]::[5:46:16 PM]::[com.itd.efiling.itr.a.a.n initialize]::[INFO]::[Time taken to set the parameters0]
[25-Jun-2016]::[5:46:16 PM]::[com.itd.efiling.itr.a.a.n initialize]::[INFO]::[Time taken to enableSec44AB 0]
[25-Jun-2016]::[5:46:16 PM]::[com.itd.efiling.itr.a.a.n initialize]::[INFO]::[Time taken to addKeyEvent 1]
[25-Jun-2016]::[5:46:16 PM]::[com.itd.efiling.itr.a.a.n initialize]::[INFO]::[Time taken to hideDscRelated 1]
[25-Jun-2016]::[5:46:16 PM]::[com.itd.efiling.itr.b.a.n getKeyStoreAliases]::[INFO]::[set : []]
[25-Jun-2016]::[5:46:16 PM]::[com.itd.efiling.itr.a.a.n o]::[INFO]::[Time taken to initialize usb tokens5]
[25-Jun-2016]::[5:46:16 PM]::[com.itd.efiling.itr.a.a.n initialize]::[INFO]::[Time taken to initUsbTokens 5]
[25-Jun-2016]::[5:46:16 PM]::[com.itd.efiling.itr.a.a.a <init>]::[INFO]::[CommonDialog ends]
[25-Jun-2016]::[5:46:16 PM]::[com.itd.efiling.itr.a.a.n dscMandatory]::[INFO]::[dscMandatory starts::ITR-4S]
[25-Jun-2016]::[5:46:16 PM]::[com.itd.efiling.itr.a.a.n dscMandatory]::[INFO]::[dscMandatory ends]
[25-Jun-2016]::[5:46:55 PM]::[com.itd.efiling.itr.toolbar.b submit]::[INFO]::[validateITR starts]
[25-Jun-2016]::[5:46:55 PM]::[com.itd.efiling.itr.main.ctrl.a c]::[INFO]::[show validation]
[25-Jun-2016]::[5:46:55 PM]::[com.itd.efiling.itr.validation.helpers.Validator validateAll]::[INFO]::[Time taken in validateAll(): 0]
[25-Jun-2016]::[5:46:55 PM]::[com.itd.efiling.itr.validation.helpers.Validator call]::[INFO]::[Call() starts : ]
[25-Jun-2016]::[5:46:55 PM]::[com.itd.efiling.itr.validation.helpers.Validator call]::[INFO]::[Call() ends time taken: 18  error count :0]
[25-Jun-2016]::[5:46:55 PM]::[com.itd.efiling.itr.common.util.f b]::[INFO]::[Before setDocument]
[25-Jun-2016]::[5:46:55 PM]::[com.itd.efiling.itr.common.util.f b]::[INFO]::[After setDocument[#document: null]]
[25-Jun-2016]::[5:46:55 PM]::[com.itd.efiling.itr.common.cachers.b a]::[INFO]::[flagtrue]
[25-Jun-2016]::[5:46:55 PM]::[com.itd.efiling.itr.common.cachers.b a]::[INFO]::[doc[#document: null]]
[25-Jun-2016]::[5:46:55 PM]::[com.itd.efiling.itr.common.cachers.b a]::[INFO]::[Inside deleteNodeGenerateXml]
[25-Jun-2016]::[5:46:55 PM]::[com.itd.efiling.itr.common.util.f b]::[INFO]::[FIELD_VALUE 237]
[25-Jun-2016]::[5:46:55 PM]::[com.itd.efiling.itr.common.util.f a]::[INFO]::[done with schema error; 0]
[25-Jun-2016]::[5:46:55 PM]::[com.itd.efiling.itr.common.util.f a]::[INFO]::[hash {} J8b9TL03p+Rf3JzyzhkgFNwxtIX5xH8UhOKoAIfSdmg=]
[25-Jun-2016]::[5:46:55 PM]::[com.itd.efiling.itr.common.util.f a]::[INFO]::[Time taken to generate: 67 ms ]
[25-Jun-2016]::[5:46:55 PM]::[com.itd.efiling.itr.a.a.a <init>]::[INFO]::[CommonDialog starts]
[25-Jun-2016]::[5:46:55 PM]::[com.itd.efiling.itr.a.a.n initialize]::[INFO]::[initialize submit itr starts]
[25-Jun-2016]::[5:46:55 PM]::[com.itd.efiling.itr.a.a.n initialize]::[INFO]::[Time taken to get the document 3]
[25-Jun-2016]::[5:46:55 PM]::[com.itd.efiling.itr.a.a.n initialize]::[INFO]::[Time taken to set the parameters0]
[25-Jun-2016]::[5:46:55 PM]::[com.itd.efiling.itr.a.a.n initialize]::[INFO]::[Time taken to enableSec44AB 0]
[25-Jun-2016]::[5:46:55 PM]::[com.itd.efiling.itr.a.a.n initialize]::[INFO]::[Time taken to addKeyEvent 0]
[25-Jun-2016]::[5:46:55 PM]::[com.itd.efiling.itr.a.a.n initialize]::[INFO]::[Time taken to hideDscRelated 0]
[25-Jun-2016]::[5:46:55 PM]::[com.itd.efiling.itr.b.a.n getKeyStoreAliases]::[INFO]::[set : []]
[25-Jun-2016]::[5:46:55 PM]::[com.itd.efiling.itr.a.a.n o]::[INFO]::[Time taken to initialize usb tokens1]
[25-Jun-2016]::[5:46:55 PM]::[com.itd.efiling.itr.a.a.n initialize]::[INFO]::[Time taken to initUsbTokens 1]
[25-Jun-2016]::[5:46:55 PM]::[com.itd.efiling.itr.a.a.a <init>]::[INFO]::[CommonDialog ends]
[25-Jun-2016]::[5:46:55 PM]::[com.itd.efiling.itr.a.a.n dscMandatory]::[INFO]::[dscMandatory starts::ITR-4S]
[25-Jun-2016]::[5:46:55 PM]::[com.itd.efiling.itr.a.a.n dscMandatory]::[INFO]::[dscMandatory ends]
[25-Jun-2016]::[5:47:45 PM]::[com.itd.efiling.itr.a.a.n f]::[INFO]::[validateDSCKey ends with flag: true]
[25-Jun-2016]::[5:47:45 PM]::[com.itd.efiling.itr.webservice.a.f b]::[INFO]::[Thread call starts]
[25-Jun-2016]::[5:47:45 PM]::[com.itd.efiling.itr.webservice.a.f a]::[INFO]::[sendRequest starts]
[25-Jun-2016]::[5:47:45 PM]::[com.itd.efiling.itr.common.util.e getSecuredRequest]::[INFO]::[Before getting secured request]
[25-Jun-2016]::[5:47:45 PM]::[com.itd.efiling.itr.common.util.e getSecuredRequest]::[INFO]::[After getting secured request]
[25-Jun-2016]::[5:47:45 PM]::[com.itd.efiling.itr.common.util.c d]::[INFO]::[file : .\ITR]
[25-Jun-2016]::[5:47:45 PM]::[com.itd.efiling.itr.common.util.c d]::[INFO]::[file : .\ITR-4S_AY201617_PR4.jar]
[25-Jun-2016]::[5:47:54 PM]::[com.itd.efiling.itr.webservice.a.f a]::[INFO]::[Soap fault: , errorNode: nullnull]
[25-Jun-2016]::[5:47:54 PM]::[com.itd.efiling.itr.webservice.a.f b]::[INFO]::[Thread call ends : time taken: 8899]
[25-Jun-2016]::[5:47:54 PM]::[com.itd.efiling.itr.a.a.n cancel]::[INFO]::[cancel caled]
[25-Jun-2016]::[5:47:54 PM]::[com.itd.efiling.itr.webservice.a.f b]::[INFO]::[Writing to file: C:\Users\SHILPA~1\AppData\Local\Temp\ITRvFile489123651688508316790277309.zip]
[25-Jun-2016]::[5:47:54 PM]::[com.itd.efiling.itr.a.a.a <init>]::[INFO]::[CommonDialog starts]
[25-Jun-2016]::[5:47:54 PM]::[com.itd.efiling.itr.a.a.l initialize]::[INFO]::[initialize starts]
[25-Jun-2016]::[5:47:54 PM]::[com.itd.efiling.itr.a.a.l b]::[INFO]::[loadITRVPage stats with transaction id 3047328587 ,email tusharmohite0@gmail.com]
[25-Jun-2016]::[5:47:54 PM]::[com.itd.efiling.itr.a.a.a <init>]::[INFO]::[CommonDialog ends]
[25-Jun-2016]::[5:47:54 PM]::[com.itd.efiling.itr.a.a.l a]::[INFO]::[saveIfNot after shows: ]
[25-Jun-2016]::[5:48:02 PM]::[com.itd.efiling.itr.common.dialog.o a]::[INFO]::[Inside  closeUtility]
[25-Jun-2016]::[5:48:03 PM]::[com.itd.efiling.itr.main.ctrl.h a]::[INFO]::[ Close Event WindowEvent [source = javafx.stage.Stage@1099d63, target = javafx.stage.Stage@1099d63, eventType = WINDOW_CLOSE_REQUEST, consumed = false]]
