The part added gets called returns true for value NSDL RPU 2.2
BATCH VALIDATION STARTED
isFinYrGrtrthn:- true
 PersonResponsilblePAN :: ABBPM5358D
PersonResponsilblePAN.trim().length() ::10
................ 2
................ 2
Validating Challan 1
Validating Challan For Batch Number2
Value of forCSIfile  :: true
 cinmandatory
No of challan from csi file :: 13
The FVU Higher Version is 5.7
The FVU lower Version is 2.153
TanNameFromTxtFile ::  OFFICE OF THE CHIEF ENGINEER (WZ)   TanNameFromCSIFile :: OFFICE OF THE CHIEF ENGINEER (WZ)
TanFromTxtFile ::  MUMO02862G   TanFromCSIFile  :: MUMO02862G
 STARTING DEDUTEE VALIDATION FOR CHALLAN 1
RateAtWhichTaxDeducted^
RateAtWhichTaxDeducted^
RateAtWhichTaxDeducted^
RateAtWhichTaxDeducted^
RateAtWhichTaxDeducted^
RateAtWhichTaxDeducted^
RateAtWhichTaxDeducted^
RateAtWhichTaxDeducted^
RateAtWhichTaxDeducted^
RateAtWhichTaxDeducted^
RateAtWhichTaxDeducted^
RateAtWhichTaxDeducted^
RateAtWhichTaxDeducted^
RateAtWhichTaxDeducted^
RateAtWhichTaxDeducted^
RateAtWhichTaxDeducted^
RateAtWhichTaxDeducted^
RateAtWhichTaxDeducted^
RateAtWhichTaxDeducted^
RateAtWhichTaxDeducted^
RateAtWhichTaxDeducted^
RateAtWhichTaxDeducted^
RateAtWhichTaxDeducted^
RateAtWhichTaxDeducted^
RateAtWhichTaxDeducted^
RateAtWhichTaxDeducted^
RateAtWhichTaxDeducted^
RateAtWhichTaxDeducted^
RateAtWhichTaxDeducted^
RateAtWhichTaxDeducted^
RateAtWhichTaxDeducted^
RateAtWhichTaxDeducted^
RateAtWhichTaxDeducted^
RateAtWhichTaxDeducted^
RateAtWhichTaxDeducted^
RateAtWhichTaxDeducted^
RateAtWhichTaxDeducted^
RateAtWhichTaxDeducted^
RateAtWhichTaxDeducted^
RateAtWhichTaxDeducted^
RateAtWhichTaxDeducted^
RateAtWhichTaxDeducted^
RateAtWhichTaxDeducted^
RateAtWhichTaxDeducted^
RateAtWhichTaxDeducted^
RateAtWhichTaxDeducted^
RateAtWhichTaxDeducted^
RateAtWhichTaxDeducted^
RateAtWhichTaxDeducted^
RateAtWhichTaxDeducted^
RateAtWhichTaxDeducted^
RateAtWhichTaxDeducted^
RateAtWhichTaxDeducted^
RateAtWhichTaxDeducted^
RateAtWhichTaxDeducted^
RateAtWhichTaxDeducted^
RateAtWhichTaxDeducted^
RateAtWhichTaxDeducted^
RateAtWhichTaxDeducted^
RateAtWhichTaxDeducted^
RateAtWhichTaxDeducted^
RateAtWhichTaxDeducted^
RateAtWhichTaxDeducted^
RateAtWhichTaxDeducted^
RateAtWhichTaxDeducted^
RateAtWhichTaxDeducted^
RateAtWhichTaxDeducted^
RateAtWhichTaxDeducted^
RateAtWhichTaxDeducted^
RateAtWhichTaxDeducted^
RateAtWhichTaxDeducted^
RateAtWhichTaxDeducted^
RateAtWhichTaxDeducted^
RateAtWhichTaxDeducted^
RateAtWhichTaxDeducted^
RateAtWhichTaxDeducted^
RateAtWhichTaxDeducted^
RateAtWhichTaxDeducted^
RateAtWhichTaxDeducted^
RateAtWhichTaxDeducted^
RateAtWhichTaxDeducted^
RateAtWhichTaxDeducted^
RateAtWhichTaxDeducted^
RateAtWhichTaxDeducted^
RateAtWhichTaxDeducted^
RateAtWhichTaxDeducted^
RateAtWhichTaxDeducted^
RateAtWhichTaxDeducted^
RateAtWhichTaxDeducted^
RateAtWhichTaxDeducted^
RateAtWhichTaxDeducted^
Validating Challan 2
Validating Challan For Batch Number2
Value of forCSIfile  :: true
 cinmandatory
No of challan from csi file :: 13
The FVU Higher Version is 5.7
The FVU lower Version is 2.153
TanNameFromTxtFile ::  OFFICE OF THE CHIEF ENGINEER (WZ)   TanNameFromCSIFile :: OFFICE OF THE CHIEF ENGINEER (WZ)
TanFromTxtFile ::  MUMO02862G   TanFromCSIFile  :: MUMO02862G
 STARTING DEDUTEE VALIDATION FOR CHALLAN 2
RateAtWhichTaxDeducted^
RateAtWhichTaxDeducted^
RateAtWhichTaxDeducted^
RateAtWhichTaxDeducted^
RateAtWhichTaxDeducted^
RateAtWhichTaxDeducted^
RateAtWhichTaxDeducted^
RateAtWhichTaxDeducted^
RateAtWhichTaxDeducted^
RateAtWhichTaxDeducted^
RateAtWhichTaxDeducted^
RateAtWhichTaxDeducted^
RateAtWhichTaxDeducted^
RateAtWhichTaxDeducted^
RateAtWhichTaxDeducted^
RateAtWhichTaxDeducted^
RateAtWhichTaxDeducted^
RateAtWhichTaxDeducted^
RateAtWhichTaxDeducted^
RateAtWhichTaxDeducted^
RateAtWhichTaxDeducted^
RateAtWhichTaxDeducted^
RateAtWhichTaxDeducted^
RateAtWhichTaxDeducted^
RateAtWhichTaxDeducted^
RateAtWhichTaxDeducted^
RateAtWhichTaxDeducted^
RateAtWhichTaxDeducted^
RateAtWhichTaxDeducted^
RateAtWhichTaxDeducted^
RateAtWhichTaxDeducted^
RateAtWhichTaxDeducted^
RateAtWhichTaxDeducted^
RateAtWhichTaxDeducted^
RateAtWhichTaxDeducted^
RateAtWhichTaxDeducted^
RateAtWhichTaxDeducted^
RateAtWhichTaxDeducted^
RateAtWhichTaxDeducted^
RateAtWhichTaxDeducted^
RateAtWhichTaxDeducted^
RateAtWhichTaxDeducted^
RateAtWhichTaxDeducted^
RateAtWhichTaxDeducted^
RateAtWhichTaxDeducted^
RateAtWhichTaxDeducted^
RateAtWhichTaxDeducted^
RateAtWhichTaxDeducted^
RateAtWhichTaxDeducted^
RateAtWhichTaxDeducted^
RateAtWhichTaxDeducted^
RateAtWhichTaxDeducted^
RateAtWhichTaxDeducted^
RateAtWhichTaxDeducted^
RateAtWhichTaxDeducted^
RateAtWhichTaxDeducted^
RateAtWhichTaxDeducted^
RateAtWhichTaxDeducted^
RateAtWhichTaxDeducted^
RateAtWhichTaxDeducted^
RateAtWhichTaxDeducted^
RateAtWhichTaxDeducted^
RateAtWhichTaxDeducted^
RateAtWhichTaxDeducted^
RateAtWhichTaxDeducted^
RateAtWhichTaxDeducted^
RateAtWhichTaxDeducted^
RateAtWhichTaxDeducted^
RateAtWhichTaxDeducted^
RateAtWhichTaxDeducted^
RateAtWhichTaxDeducted^
RateAtWhichTaxDeducted^
RateAtWhichTaxDeducted^
RateAtWhichTaxDeducted^
RateAtWhichTaxDeducted^
RateAtWhichTaxDeducted^
RateAtWhichTaxDeducted^
RateAtWhichTaxDeducted^
RateAtWhichTaxDeducted^
RateAtWhichTaxDeducted^
RateAtWhichTaxDeducted^
RateAtWhichTaxDeducted^
RateAtWhichTaxDeducted^
RateAtWhichTaxDeducted^
RateAtWhichTaxDeducted^
RateAtWhichTaxDeducted^
RateAtWhichTaxDeducted^
RateAtWhichTaxDeducted^
Entering Salary Detail Validation
TotTDSWholeYear- 109310.00TDSCurEmp- 109310.00TDSPreEmp- 0.00
TotTDSWholeYear- 88350.00TDSCurEmp- 88350.00TDSPreEmp- 0.00
TotTDSWholeYear- 12000.00TDSCurEmp- 12000.00TDSPreEmp- 0.00
TotTDSWholeYear- 184600.00TDSCurEmp- 184600.00TDSPreEmp- 0.00
TotTDSWholeYear- 97850.00TDSCurEmp- 97850.00TDSPreEmp- 0.00
TotTDSWholeYear- 112254.00TDSCurEmp- 67254.00TDSPreEmp- 45000.00
TotTDSWholeYear- 485.00TDSCurEmp- 485.00TDSPreEmp- 0.00
TotTDSWholeYear- 90730.00TDSCurEmp- 90730.00TDSPreEmp- 0.00
TotTDSWholeYear- 6000.00TDSCurEmp- 5000.00TDSPreEmp- 1000.00
TotTDSWholeYear- 0.00TDSCurEmp- 0.00TDSPreEmp- 0.00
TotTDSWholeYear- 9765.00TDSCurEmp- 9765.00TDSPreEmp- 0.00
TotTDSWholeYear- 129784.00TDSCurEmp- 129784.00TDSPreEmp- 0.00
TotTDSWholeYear- 103380.00TDSCurEmp- 85380.00TDSPreEmp- 18000.00
TotTDSWholeYear- 7881.00TDSCurEmp- 7881.00TDSPreEmp- 0.00
TotTDSWholeYear- 147256.00TDSCurEmp- 147256.00TDSPreEmp- 0.00
TotTDSWholeYear- 114000.00TDSCurEmp- 114000.00TDSPreEmp- 0.00
TotTDSWholeYear- 146100.00TDSCurEmp- 146100.00TDSPreEmp- 0.00
TotTDSWholeYear- 15870.00TDSCurEmp- 15870.00TDSPreEmp- 0.00
TotTDSWholeYear- 181994.00TDSCurEmp- 181994.00TDSPreEmp- 0.00
TotTDSWholeYear- 19866.00TDSCurEmp- 19866.00TDSPreEmp- 0.00
TotTDSWholeYear- 0.00TDSCurEmp- 0.00TDSPreEmp- 0.00
TotTDSWholeYear- 106855.00TDSCurEmp- 106855.00TDSPreEmp- 0.00
TotTDSWholeYear- 142270.00TDSCurEmp- 142270.00TDSPreEmp- 0.00
TotTDSWholeYear- 97516.00TDSCurEmp- 97516.00TDSPreEmp- 0.00
TotTDSWholeYear- 75946.00TDSCurEmp- 75946.00TDSPreEmp- 0.00
TotTDSWholeYear- 105800.00TDSCurEmp- 105800.00TDSPreEmp- 0.00
TotTDSWholeYear- 63486.00TDSCurEmp- 63486.00TDSPreEmp- 0.00
TotTDSWholeYear- 64300.00TDSCurEmp- 64300.00TDSPreEmp- 0.00
TotTDSWholeYear- 177806.00TDSCurEmp- 177806.00TDSPreEmp- 0.00
TotTDSWholeYear- 86995.00TDSCurEmp- 86995.00TDSPreEmp- 0.00
TotTDSWholeYear- 50750.00TDSCurEmp- 50750.00TDSPreEmp- 0.00
TotTDSWholeYear- 118366.00TDSCurEmp- 118366.00TDSPreEmp- 0.00
TotTDSWholeYear- 83205.00TDSCurEmp- 83205.00TDSPreEmp- 0.00
TotTDSWholeYear- 19410.00TDSCurEmp- 19410.00TDSPreEmp- 0.00
TotTDSWholeYear- 95380.00TDSCurEmp- 95380.00TDSPreEmp- 0.00
TotTDSWholeYear- 54471.00TDSCurEmp- 54471.00TDSPreEmp- 0.00
TotTDSWholeYear- 10635.00TDSCurEmp- 10635.00TDSPreEmp- 0.00
TotTDSWholeYear- 5860.00TDSCurEmp- 5860.00TDSPreEmp- 0.00
TotTDSWholeYear- 26495.00TDSCurEmp- 23495.00TDSPreEmp- 3000.00
TotTDSWholeYear- 176718.00TDSCurEmp- 116718.00TDSPreEmp- 60000.00
TotTDSWholeYear- 0.00TDSCurEmp- 0.00TDSPreEmp- 0.00
TotTDSWholeYear- 7888.00TDSCurEmp- 4888.00TDSPreEmp- 3000.00
TotTDSWholeYear- 0.00TDSCurEmp- 0.00TDSPreEmp- 0.00
TotTDSWholeYear- 2955.00TDSCurEmp- 2955.00TDSPreEmp- 0.00
TotTDSWholeYear- 0.00TDSCurEmp- 0.00TDSPreEmp- 0.00
TotTDSWholeYear- 74000.00TDSCurEmp- 74000.00TDSPreEmp- 0.00
TotTDSWholeYear- 4814.00TDSCurEmp- 4814.00TDSPreEmp- 0.00
TotTDSWholeYear- 8135.00TDSCurEmp- 8135.00TDSPreEmp- 0.00
TotTDSWholeYear- 10000.00TDSCurEmp- 10000.00TDSPreEmp- 0.00
TotTDSWholeYear- 0.00TDSCurEmp- 0.00TDSPreEmp- 0.00
TotTDSWholeYear- 0.00TDSCurEmp- 0.00TDSPreEmp- 0.00
TotTDSWholeYear- 0.00TDSCurEmp- 0.00TDSPreEmp- 0.00
TotTDSWholeYear- 5170.00TDSCurEmp- 5170.00TDSPreEmp- 0.00
TotTDSWholeYear- 0.00TDSCurEmp- 0.00TDSPreEmp- 0.00
TotTDSWholeYear- 194236.00TDSCurEmp- 81736.00TDSPreEmp- 112500.00
TotTDSWholeYear- 171530.00TDSCurEmp- 171530.00TDSPreEmp- 0.00
TotTDSWholeYear- 87724.00TDSCurEmp- 87724.00TDSPreEmp- 0.00
TotTDSWholeYear- 48665.00TDSCurEmp- 48665.00TDSPreEmp- 0.00
TotTDSWholeYear- 206070.00TDSCurEmp- 206070.00TDSPreEmp- 0.00
TotTDSWholeYear- 238090.00TDSCurEmp- 178090.00TDSPreEmp- 60000.00
TotTDSWholeYear- 75124.00TDSCurEmp- 75124.00TDSPreEmp- 0.00
TotTDSWholeYear- 30940.00TDSCurEmp- 30940.00TDSPreEmp- 0.00
TotTDSWholeYear- 206550.00TDSCurEmp- 206550.00TDSPreEmp- 0.00
TotTDSWholeYear- 6540.00TDSCurEmp- 6540.00TDSPreEmp- 0.00
TotTDSWholeYear- 15425.00TDSCurEmp- 15425.00TDSPreEmp- 0.00
TotTDSWholeYear- 97110.00TDSCurEmp- 97110.00TDSPreEmp- 0.00
TotTDSWholeYear- 52480.00TDSCurEmp- 52480.00TDSPreEmp- 0.00
TotTDSWholeYear- 216210.00TDSCurEmp- 216210.00TDSPreEmp- 0.00
TotTDSWholeYear- 170270.00TDSCurEmp- 170270.00TDSPreEmp- 0.00
TotTDSWholeYear- 190450.00TDSCurEmp- 190450.00TDSPreEmp- 0.00
TotTDSWholeYear- 89820.00TDSCurEmp- 89820.00TDSPreEmp- 0.00
TotTDSWholeYear- 234510.00TDSCurEmp- 234510.00TDSPreEmp- 0.00
TotTDSWholeYear- 186853.00TDSCurEmp- 24853.00TDSPreEmp- 162000.00
TotTDSWholeYear- 20853.00TDSCurEmp- 20853.00TDSPreEmp- 0.00
TotTDSWholeYear- 27030.00TDSCurEmp- 27030.00TDSPreEmp- 0.00
TotTDSWholeYear- 0.00TDSCurEmp- 0.00TDSPreEmp- 0.00
TotTDSWholeYear- 212036.00TDSCurEmp- 212036.00TDSPreEmp- 0.00
TotTDSWholeYear- 10000.00TDSCurEmp- 10000.00TDSPreEmp- 0.00
TotTDSWholeYear- 192780.00TDSCurEmp- 192780.00TDSPreEmp- 0.00
TotTDSWholeYear- 5770.00TDSCurEmp- 5770.00TDSPreEmp- 0.00
TotTDSWholeYear- 6500.00TDSCurEmp- 6500.00TDSPreEmp- 0.00
TotTDSWholeYear- 151240.00TDSCurEmp- 151240.00TDSPreEmp- 0.00
TotTDSWholeYear- 162780.00TDSCurEmp- 162780.00TDSPreEmp- 0.00
TotTDSWholeYear- 180120.00TDSCurEmp- 180120.00TDSPreEmp- 0.00
TotTDSWholeYear- 163905.00TDSCurEmp- 163905.00TDSPreEmp- 0.00
TotTDSWholeYear- 169492.00TDSCurEmp- 169492.00TDSPreEmp- 0.00
TotTDSWholeYear- 145835.00TDSCurEmp- 145835.00TDSPreEmp- 0.00
TotTDSWholeYear- 86885.00TDSCurEmp- 86885.00TDSPreEmp- 0.00
TotTDSWholeYear- 79025.00TDSCurEmp- 79025.00TDSPreEmp- 0.00
TotTDSWholeYear- 86495.00TDSCurEmp- 86495.00TDSPreEmp- 0.00
TotTDSWholeYear- 84884.00TDSCurEmp- 84884.00TDSPreEmp- 0.00
TotTDSWholeYear- 3164.00TDSCurEmp- 3164.00TDSPreEmp- 0.00
TotTDSWholeYear- 31000.00TDSCurEmp- 31000.00TDSPreEmp- 0.00
TotTDSWholeYear- 24000.00TDSCurEmp- 24000.00TDSPreEmp- 0.00
TotTDSWholeYear- 6150.00TDSCurEmp- 6150.00TDSPreEmp- 0.00
TotTDSWholeYear- 15426.00TDSCurEmp- 15426.00TDSPreEmp- 0.00
TotTDSWholeYear- 8410.00TDSCurEmp- 8410.00TDSPreEmp- 0.00
TotTDSWholeYear- 52180.00TDSCurEmp- 52180.00TDSPreEmp- 0.00
TotTDSWholeYear- 21260.00TDSCurEmp- 21260.00TDSPreEmp- 0.00
TotTDSWholeYear- 134236.00TDSCurEmp- 76556.00TDSPreEmp- 57680.00
TotTDSWholeYear- 13000.00TDSCurEmp- 13000.00TDSPreEmp- 0.00
TotTDSWholeYear- 78000.00TDSCurEmp- 78000.00TDSPreEmp- 0.00
TotTDSWholeYear- 30000.00TDSCurEmp- 30000.00TDSPreEmp- 0.00
TotTDSWholeYear- 18480.00TDSCurEmp- 18480.00TDSPreEmp- 0.00
TotTDSWholeYear- 67914.00TDSCurEmp- 67914.00TDSPreEmp- 0.00
TotTDSWholeYear- 10000.00TDSCurEmp- 10000.00TDSPreEmp- 0.00
TotTDSWholeYear- 7234.00TDSCurEmp- 7234.00TDSPreEmp- 0.00
TotTDSWholeYear- 10590.00TDSCurEmp- 10590.00TDSPreEmp- 0.00
TotTDSWholeYear- 24105.00TDSCurEmp- 24105.00TDSPreEmp- 0.00
TotTDSWholeYear- 14000.00TDSCurEmp- 14000.00TDSPreEmp- 0.00
TotTDSWholeYear- 9756.00TDSCurEmp- 9756.00TDSPreEmp- 0.00
TotTDSWholeYear- 34154.00TDSCurEmp- 34154.00TDSPreEmp- 0.00
TotTDSWholeYear- 2604.00TDSCurEmp- 2604.00TDSPreEmp- 0.00
TotTDSWholeYear- 44305.00TDSCurEmp- 44305.00TDSPreEmp- 0.00
TotTDSWholeYear- 26205.00TDSCurEmp- 26205.00TDSPreEmp- 0.00
TotTDSWholeYear- 99160.00TDSCurEmp- 99160.00TDSPreEmp- 0.00
TotTDSWholeYear- 36420.00TDSCurEmp- 36420.00TDSPreEmp- 0.00
TotTDSWholeYear- 7200.00TDSCurEmp- 7200.00TDSPreEmp- 0.00
TotTDSWholeYear- 113520.00TDSCurEmp- 113520.00TDSPreEmp- 0.00
TotTDSWholeYear- 14000.00TDSCurEmp- 14000.00TDSPreEmp- 0.00
 END OF :::BIFERCATING CHALAN AND TV AND CIN CHECKINGTue May 29 21:52:00 IST 2018
Field Validation of file is compleated sucessfully
START # 29-05-2018 21:52:02.300
 Original file object created and file exist
tempFileName String cretaed ::  C:/Users/Tushar/Desktop/24Q RETURN/24QRQ4_temp.fvu
 brtTemp object created for temp file
String line created 
isAppendForNextLine (Inside if condition ) :: 1
 After appending line 1^633^FVU 5.7^00000000000000000000^SAM 1.0^00000000000000000000^18052921520280150067
f.close()
f = null
brTemp.flush()
brTemp.close()
brTemp = null;
END # 29-05-2018 21:52:02.332
Original file is deleted
Temp file renamed
In processCINFile method
the challan count is 13
the cinFileLevelHC no. is00000000000003950928
Return Hash Code = 0
Hash Validation of file is done sucessfully
Inside generateStatisticFile Method 
FileGenerator.java ParseString() method is called 
FileGenerator.java ParseString() method is returning 
FileGenerator.java createStatisticFileString() method is called
 Entering writeStatisticFile() Method Tue May 29 21:52:02 IST 2018
 Exiting writeStatisticFile() Method Tue May 29 21:52:02 IST 2018
FileGenerator.java createStatisticFileString() method is returning
 length : 70
 length : 70
 BARCODE :- 18052921520280150067
Inside generateForm27A
 Entering writePdfFile() Method Tue May 29 21:52:02 IST 2018
 Exiting writePdfFile() Method Tue May 29 21:52:02 IST 2018
pdf generatedtrue
END TIME : Tue May 29 21:52:03 IST 2018
--DESKTOP OBJECT: java.awt.Desktop@106c81e
--error file path: C:\Users\Tushar\Desktop\24Q RETURN
--dir to open object: C:\Users\Tushar\Desktop\24Q RETURN
the text error file path is C:\Users\Tushar\Desktop\24Q RETURN
the errorFileNameSAM is C:\Users\Tushar\Desktop\24Q RETURN\24QRQ4.err
---UPPER---
