[28-Oct-2016]::[10:29:03 PM]::[com.itd.efiling.itr.main.ctrl.ThreeRedLightsIlluminate init]::[INFO]::[init starts]
[28-Oct-2016]::[10:29:03 PM]::[com.itd.efiling.itr.common.util.j setUtilityParams]::[INFO]::[url jar:file:/E:/PERSONAL/Business/IT%20RETURNS/Sachin%20Ghadge/AY%202016-17/ITR-4S_2016/ITR-4S_AY201617_PR5.jar!/META-INF/MANIFEST.MF]
[28-Oct-2016]::[10:29:03 PM]::[com.itd.efiling.itr.common.util.j setUtilityParams]::[INFO]::[2016-17 :: ITR-4S :: ]
[28-Oct-2016]::[10:29:03 PM]::[com.itd.efiling.itr.main.ctrl.ThreeRedLightsIlluminate init]::[INFO]::[init ends in 13 ms.]
[28-Oct-2016]::[10:29:03 PM]::[com.itd.efiling.itr.main.ctrl.ThreeRedLightsIlluminate start]::[INFO]::[MainLoader start method starts]
[28-Oct-2016]::[10:29:04 PM]::[com.itd.efiling.itr.main.ctrl.d initialize]::[INFO]::[initialize starts]
[28-Oct-2016]::[10:29:04 PM]::[com.itd.efiling.itr.common.util.c b]::[INFO]::[Before Validating fileListCommonScript ]
[28-Oct-2016]::[10:29:04 PM]::[com.itd.efiling.itr.common.util.c b]::[INFO]::[Before Validating fileListItrAy ]
[28-Oct-2016]::[10:29:04 PM]::[com.itd.efiling.itr.common.util.c b]::[INFO]::[Before Validating fileListConfig ]
[28-Oct-2016]::[10:29:04 PM]::[com.itd.efiling.itr.common.util.c b]::[INFO]::[Before Validating verifySignature ]
[28-Oct-2016]::[10:29:04 PM]::[com.itd.efiling.itr.common.util.c a]::[INFO]::[verifies : true]
[28-Oct-2016]::[10:29:04 PM]::[com.itd.efiling.itr.main.ctrl.d initialize]::[INFO]::[Is utiltity valid ::true]
[28-Oct-2016]::[10:29:04 PM]::[com.itd.efiling.itr.a.a.d c]::[INFO]::[loadingDialog starts]
[28-Oct-2016]::[10:29:04 PM]::[com.itd.efiling.itr.a.a.a <init>]::[INFO]::[CommonDialog starts]
[28-Oct-2016]::[10:29:04 PM]::[com.itd.efiling.itr.a.a.a <init>]::[INFO]::[CommonDialog ends]
[28-Oct-2016]::[10:29:04 PM]::[com.itd.efiling.itr.a.a.d c]::[INFO]::[loadingDialog ends]
[28-Oct-2016]::[10:29:04 PM]::[com.itd.efiling.itr.main.ctrl.a b]::[INFO]::[hide validation]
[28-Oct-2016]::[10:29:04 PM]::[com.itd.efiling.itr.main.ctrl.d a]::[INFO]::[importFile : null]
[28-Oct-2016]::[10:29:04 PM]::[com.itd.efiling.itr.main.ctrl.d initialize]::[INFO]::[initialize ends: time taken: 395ms]
[28-Oct-2016]::[10:29:04 PM]::[com.itd.efiling.itr.main.ctrl.d initialize]::[INFO]::[initialize ends: time taken: 0ms]
[28-Oct-2016]::[10:29:04 PM]::[com.sun.javafx.css.parser.CSSParser declaration]::[WARNING]::[CSS Error parsing '*{-fx-font-weight: bold;-fx-font: 22px;}: Expected '<font-family>' while parsing '-fx-font' at [1,34]]
[28-Oct-2016]::[10:29:04 PM]::[com.sun.javafx.css.parser.CSSParser declaration]::[WARNING]::[CSS Error parsing '*{-fx-background-color: linear-gradient(#3A5058, #6aa2b1);-fx-font-weight: bold;-fx-font: 22px;}: Expected '<font-family>' while parsing '-fx-font' at [1,90]]
[28-Oct-2016]::[10:29:04 PM]::[com.itd.efiling.itr.main.ctrl.ThreeRedLightsIlluminate start]::[INFO]::[mainController.windowWidth new : 1366.0]
[28-Oct-2016]::[10:29:04 PM]::[com.itd.efiling.itr.main.ctrl.ThreeRedLightsIlluminate start]::[INFO]::[1366.0 :: 1079.14 :: 232.22000000000003]
[28-Oct-2016]::[10:29:04 PM]::[com.itd.efiling.itr.main.ctrl.ThreeRedLightsIlluminate start]::[INFO]::[MainLoader start method ends. Time taken: 1006]
[28-Oct-2016]::[10:29:04 PM]::[com.itd.efiling.itr.common.a.a a]::[INFO]::[oldState  : RUNNING newState : SUCCEEDED]
[28-Oct-2016]::[10:29:04 PM]::[com.itd.efiling.itr.common.a.a a]::[INFO]::[jsobj [object Window]]
[28-Oct-2016]::[10:29:05 PM]::[com.itd.efiling.itr.common.a.a a]::[INFO]::[time taken in changed : 17]
[28-Oct-2016]::[10:29:12 PM]::[com.itd.efiling.itr.toolbar.b importXml]::[INFO]::[importXmlDialog starts]
[28-Oct-2016]::[10:29:12 PM]::[com.itd.efiling.itr.a.a.e a]::[INFO]::[extension : .open title : null type : false]
[28-Oct-2016]::[10:29:30 PM]::[com.itd.efiling.itr.toolbar.b a]::[INFO]::[Actual ITR ITR-4S Actual assesment year2016-17]
[28-Oct-2016]::[10:29:31 PM]::[com.itd.efiling.itr.toolbar.b a]::[INFO]::[Imported ITR ITR-4S Imported assesment year2016-17]
[28-Oct-2016]::[10:29:31 PM]::[com.itd.efiling.itr.a.a.d c]::[INFO]::[loadingDialog starts]
[28-Oct-2016]::[10:29:31 PM]::[com.itd.efiling.itr.a.a.a <init>]::[INFO]::[CommonDialog starts]
[28-Oct-2016]::[10:29:31 PM]::[com.itd.efiling.itr.a.a.a <init>]::[INFO]::[CommonDialog ends]
[28-Oct-2016]::[10:29:31 PM]::[com.itd.efiling.itr.a.a.d c]::[INFO]::[loadingDialog ends]
[28-Oct-2016]::[10:29:31 PM]::[com.itd.efiling.itr.main.ctrl.a b]::[INFO]::[hide validation]
[28-Oct-2016]::[10:29:31 PM]::[com.itd.efiling.itr.main.ctrl.d a]::[INFO]::[importFile : E:\PERSONAL\Business\IT RETURNS\Sachin Ghadge\AY 2016-17\DRAFT.draft]
[28-Oct-2016]::[10:29:31 PM]::[com.itd.efiling.itr.common.a.a a]::[INFO]::[oldState  : SUCCEEDED newState : READY]
[28-Oct-2016]::[10:29:31 PM]::[com.itd.efiling.itr.common.a.a a]::[INFO]::[oldState  : READY newState : SCHEDULED]
[28-Oct-2016]::[10:29:31 PM]::[com.itd.efiling.itr.common.a.a a]::[INFO]::[oldState  : SCHEDULED newState : RUNNING]
[28-Oct-2016]::[10:29:31 PM]::[com.itd.efiling.itr.toolbar.b importXml]::[INFO]::[importXmlDialog ends]
[28-Oct-2016]::[10:29:31 PM]::[com.itd.efiling.itr.common.a.a a]::[INFO]::[oldState  : RUNNING newState : SUCCEEDED]
[28-Oct-2016]::[10:29:31 PM]::[com.itd.efiling.itr.common.a.a a]::[INFO]::[jsobj [object Window]]
[28-Oct-2016]::[10:29:31 PM]::[com.itd.efiling.itr.common.util.l a]::[INFO]::[Before setDocument]
[28-Oct-2016]::[10:29:31 PM]::[com.itd.efiling.itr.common.util.l a]::[INFO]::[iterateNodeImportXml 0]
[28-Oct-2016]::[10:29:31 PM]::[com.itd.efiling.itr.common.util.l a]::[INFO]::[cacheHtmlElements ]
[28-Oct-2016]::[10:29:31 PM]::[com.itd.efiling.itr.common.util.l b]::[INFO]::[Before cacheHtmlElements 0]
[28-Oct-2016]::[10:29:31 PM]::[com.itd.efiling.itr.common.util.l b]::[INFO]::[After cacheHtmlElements 237]
[28-Oct-2016]::[10:29:31 PM]::[com.itd.efiling.itr.common.util.l a]::[INFO]::[putValuesToHTML ]
[28-Oct-2016]::[10:29:31 PM]::[com.itd.efiling.itr.common.util.l a]::[INFO]::[Before setValuesInForm]
[28-Oct-2016]::[10:29:31 PM]::[com.itd.efiling.itr.common.util.l a]::[INFO]::[End of putValuesToHTML]
[28-Oct-2016]::[10:29:31 PM]::[com.itd.efiling.itr.common.util.l a]::[INFO]::[time taken in importxml function: 36]
[28-Oct-2016]::[10:29:32 PM]::[com.itd.efiling.itr.common.a.a a]::[INFO]::[time taken in changed : 836]
[28-Oct-2016]::[10:29:32 PM]::[com.itd.efiling.itr.common.a.a a]::[INFO]::[oldState  : RUNNING newState : SUCCEEDED]
[28-Oct-2016]::[10:29:46 PM]::[com.itd.efiling.itr.validation.a.a a]::[INFO]::[FIELD_VALIDATORS_MAP 198]
[28-Oct-2016]::[10:30:17 PM]::[com.itd.efiling.itr.toolbar.b submit]::[INFO]::[validateITR starts]
[28-Oct-2016]::[10:30:17 PM]::[com.itd.efiling.itr.main.ctrl.a c]::[INFO]::[show validation]
[28-Oct-2016]::[10:30:17 PM]::[com.itd.efiling.itr.validation.helpers.Validator validateAll]::[INFO]::[Time taken in validateAll(): 0]
[28-Oct-2016]::[10:30:17 PM]::[com.itd.efiling.itr.validation.helpers.Validator call]::[INFO]::[Call() starts : ]
[28-Oct-2016]::[10:30:17 PM]::[com.itd.efiling.itr.validation.helpers.Validator call]::[INFO]::[Call() ends time taken: 122  error count :0]
[28-Oct-2016]::[10:30:17 PM]::[com.itd.efiling.itr.common.util.f b]::[INFO]::[Before setDocument]
[28-Oct-2016]::[10:30:17 PM]::[com.itd.efiling.itr.common.util.f b]::[INFO]::[After setDocument[#document: null]]
[28-Oct-2016]::[10:30:17 PM]::[com.itd.efiling.itr.common.cachers.b a]::[INFO]::[flagtrue]
[28-Oct-2016]::[10:30:17 PM]::[com.itd.efiling.itr.common.cachers.b a]::[INFO]::[doc[#document: null]]
[28-Oct-2016]::[10:30:17 PM]::[com.itd.efiling.itr.common.cachers.b a]::[INFO]::[Inside deleteNodeGenerateXml]
[28-Oct-2016]::[10:30:17 PM]::[com.itd.efiling.itr.common.util.f b]::[INFO]::[FIELD_VALUE 237]
[28-Oct-2016]::[10:30:17 PM]::[com.itd.efiling.itr.common.util.f a]::[INFO]::[done with schema error; 0]
[28-Oct-2016]::[10:30:17 PM]::[com.itd.efiling.itr.common.util.f a]::[INFO]::[hash {} 1X6Ks9heDmtwvkvbAx2WB3eTgUsBQ59PCMVsJfVFL0M=]
[28-Oct-2016]::[10:30:17 PM]::[com.itd.efiling.itr.common.util.f a]::[INFO]::[Time taken to generate: 259 ms ]
[28-Oct-2016]::[10:30:17 PM]::[com.itd.efiling.itr.a.a.a <init>]::[INFO]::[CommonDialog starts]
[28-Oct-2016]::[10:30:17 PM]::[com.itd.efiling.itr.a.a.n initialize]::[INFO]::[initialize submit itr starts]
[28-Oct-2016]::[10:30:17 PM]::[com.itd.efiling.itr.a.a.n initialize]::[INFO]::[Time taken to get the document 4]
[28-Oct-2016]::[10:30:17 PM]::[com.itd.efiling.itr.a.a.n initialize]::[INFO]::[Time taken to set the parameters0]
[28-Oct-2016]::[10:30:17 PM]::[com.itd.efiling.itr.a.a.n initialize]::[INFO]::[Time taken to enableSec44AB 0]
[28-Oct-2016]::[10:30:17 PM]::[com.itd.efiling.itr.a.a.n initialize]::[INFO]::[Time taken to addKeyEvent 0]
[28-Oct-2016]::[10:30:17 PM]::[com.itd.efiling.itr.a.a.n initialize]::[INFO]::[Time taken to hideDscRelated 0]
[28-Oct-2016]::[10:30:18 PM]::[com.itd.efiling.itr.b.a.n getKeyStoreAliases]::[INFO]::[set : []]
[28-Oct-2016]::[10:30:18 PM]::[com.itd.efiling.itr.a.a.n o]::[INFO]::[Time taken to initialize usb tokens67]
[28-Oct-2016]::[10:30:18 PM]::[com.itd.efiling.itr.a.a.n initialize]::[INFO]::[Time taken to initUsbTokens 67]
[28-Oct-2016]::[10:30:18 PM]::[com.itd.efiling.itr.a.a.a <init>]::[INFO]::[CommonDialog ends]
[28-Oct-2016]::[10:30:18 PM]::[com.itd.efiling.itr.a.a.n dscMandatory]::[INFO]::[dscMandatory starts::ITR-4S]
[28-Oct-2016]::[10:30:18 PM]::[com.itd.efiling.itr.a.a.n dscMandatory]::[INFO]::[dscMandatory ends]
[28-Oct-2016]::[10:30:36 PM]::[com.itd.efiling.itr.a.a.n f]::[INFO]::[validateDSCKey ends with flag: true]
[28-Oct-2016]::[10:30:36 PM]::[com.itd.efiling.itr.webservice.a.f b]::[INFO]::[Thread call starts]
[28-Oct-2016]::[10:30:36 PM]::[com.itd.efiling.itr.webservice.a.f a]::[INFO]::[sendRequest starts]
[28-Oct-2016]::[10:30:36 PM]::[com.itd.efiling.itr.common.util.e getSecuredRequest]::[INFO]::[Before getting secured request]
[28-Oct-2016]::[10:30:36 PM]::[com.itd.efiling.itr.common.util.e getSecuredRequest]::[INFO]::[After getting secured request]
[28-Oct-2016]::[10:30:36 PM]::[com.itd.efiling.itr.common.util.c d]::[INFO]::[file : .\ITR]
[28-Oct-2016]::[10:30:36 PM]::[com.itd.efiling.itr.common.util.c d]::[INFO]::[file : .\ITR-4S_AY201617_PR5.jar]
[28-Oct-2016]::[10:30:38 PM]::[com.itd.efiling.itr.webservice.a.f a]::[INFO]::[Soap fault: , errorNode: nullnull]
[28-Oct-2016]::[10:30:38 PM]::[com.itd.efiling.itr.a.a.n cancel]::[INFO]::[cancel caled]
[28-Oct-2016]::[10:30:38 PM]::[com.itd.efiling.itr.webservice.a.f b]::[INFO]::[Thread call ends : time taken: 1976]
[28-Oct-2016]::[10:30:38 PM]::[com.itd.efiling.itr.webservice.a.f b]::[INFO]::[Writing to file: C:\Users\user9\AppData\Local\Temp\ITRvFile16727265681272055389264684032.zip]
[28-Oct-2016]::[10:30:38 PM]::[com.itd.efiling.itr.a.a.a <init>]::[INFO]::[CommonDialog starts]
[28-Oct-2016]::[10:30:38 PM]::[com.itd.efiling.itr.a.a.l initialize]::[INFO]::[initialize starts]
[28-Oct-2016]::[10:30:38 PM]::[com.itd.efiling.itr.a.a.l b]::[INFO]::[loadITRVPage stats with transaction id 3463325339 ,email tusharmohite0@gmail.com]
[28-Oct-2016]::[10:30:38 PM]::[com.itd.efiling.itr.a.a.a <init>]::[INFO]::[CommonDialog ends]
[28-Oct-2016]::[10:30:38 PM]::[com.itd.efiling.itr.a.a.l a]::[INFO]::[saveIfNot after shows: ]
[28-Oct-2016]::[10:30:47 PM]::[com.itd.efiling.itr.toolbar.b saveAsDraft]::[INFO]::[saveFile]
[28-Oct-2016]::[10:30:47 PM]::[com.itd.efiling.itr.a.a.e a]::[INFO]::[extension : .draft title : null type : true]
[28-Oct-2016]::[10:30:50 PM]::[com.itd.efiling.itr.common.util.f b]::[INFO]::[Before setDocument]
[28-Oct-2016]::[10:30:50 PM]::[com.itd.efiling.itr.common.util.f b]::[INFO]::[After setDocument[#document: null]]
[28-Oct-2016]::[10:30:50 PM]::[com.itd.efiling.itr.common.cachers.b a]::[INFO]::[flagfalse]
[28-Oct-2016]::[10:30:50 PM]::[com.itd.efiling.itr.common.cachers.b a]::[INFO]::[doc[#document: null]]
[28-Oct-2016]::[10:30:50 PM]::[com.itd.efiling.itr.common.util.f b]::[INFO]::[FIELD_VALUE 237]
[28-Oct-2016]::[10:30:52 PM]::[com.itd.efiling.itr.common.dialog.o a]::[INFO]::[Inside  closeUtility]
[28-Oct-2016]::[10:30:53 PM]::[com.itd.efiling.itr.main.ctrl.h a]::[INFO]::[ Close Event WindowEvent [source = javafx.stage.Stage@1fcf81c, target = javafx.stage.Stage@1fcf81c, eventType = WINDOW_CLOSE_REQUEST, consumed = false]]
