[28-Jul-2016]::[7:39:17 AM]::[com.itd.efiling.itr.main.ctrl.ThreeRedLightsIlluminate init]::[INFO]::[init starts]
[28-Jul-2016]::[7:39:18 AM]::[com.itd.efiling.itr.common.util.j setUtilityParams]::[INFO]::[url jar:file:/D:/Tushar%20Data/Business/IT%20RETURNS/Vishnu%20Ghumre/AY%202016-17/ITR-4_2016/ITR-4_AY201617_PR2.jar!/META-INF/MANIFEST.MF]
[28-Jul-2016]::[7:39:18 AM]::[com.itd.efiling.itr.common.util.j setUtilityParams]::[INFO]::[2016-17 :: ITR-4 :: ]
[28-Jul-2016]::[7:39:18 AM]::[com.itd.efiling.itr.main.ctrl.ThreeRedLightsIlluminate init]::[INFO]::[init ends in 50 ms.]
[28-Jul-2016]::[7:39:18 AM]::[com.itd.efiling.itr.main.ctrl.ThreeRedLightsIlluminate start]::[INFO]::[MainLoader start method starts]
[28-Jul-2016]::[7:39:19 AM]::[com.itd.efiling.itr.main.ctrl.d initialize]::[INFO]::[initialize starts]
[28-Jul-2016]::[7:39:19 AM]::[com.itd.efiling.itr.common.util.c b]::[INFO]::[Before Validating fileListCommonScript ]
[28-Jul-2016]::[7:39:19 AM]::[com.itd.efiling.itr.common.util.c b]::[INFO]::[Before Validating fileListItrAy ]
[28-Jul-2016]::[7:39:20 AM]::[com.itd.efiling.itr.common.util.c b]::[INFO]::[Before Validating fileListConfig ]
[28-Jul-2016]::[7:39:20 AM]::[com.itd.efiling.itr.common.util.c b]::[INFO]::[Before Validating verifySignature ]
[28-Jul-2016]::[7:39:20 AM]::[com.itd.efiling.itr.common.util.c a]::[INFO]::[verifies : true]
[28-Jul-2016]::[7:39:20 AM]::[com.itd.efiling.itr.main.ctrl.d initialize]::[INFO]::[Is utiltity valid ::true]
[28-Jul-2016]::[7:39:20 AM]::[com.itd.efiling.itr.a.a.d c]::[INFO]::[loadingDialog starts]
[28-Jul-2016]::[7:39:20 AM]::[com.itd.efiling.itr.a.a.a <init>]::[INFO]::[CommonDialog starts]
[28-Jul-2016]::[7:39:20 AM]::[com.itd.efiling.itr.a.a.a <init>]::[INFO]::[CommonDialog ends]
[28-Jul-2016]::[7:39:21 AM]::[com.itd.efiling.itr.a.a.d c]::[INFO]::[loadingDialog ends]
[28-Jul-2016]::[7:39:21 AM]::[com.itd.efiling.itr.main.ctrl.a b]::[INFO]::[hide validation]
[28-Jul-2016]::[7:39:21 AM]::[com.itd.efiling.itr.main.ctrl.d a]::[INFO]::[importFile : null]
[28-Jul-2016]::[7:39:21 AM]::[com.itd.efiling.itr.main.ctrl.d initialize]::[INFO]::[initialize ends: time taken: 2203ms]
[28-Jul-2016]::[7:39:21 AM]::[com.itd.efiling.itr.main.ctrl.d initialize]::[INFO]::[initialize ends: time taken: 2ms]
[28-Jul-2016]::[7:39:21 AM]::[com.sun.javafx.css.parser.CSSParser declaration]::[WARNING]::[CSS Error parsing '*{-fx-font-weight: bold;-fx-font: 22px;}: Expected '<font-family>' while parsing '-fx-font' at [1,34]]
[28-Jul-2016]::[7:39:21 AM]::[com.sun.javafx.css.parser.CSSParser declaration]::[WARNING]::[CSS Error parsing '*{-fx-background-color: linear-gradient(#3A5058, #6aa2b1);-fx-font-weight: bold;-fx-font: 22px;}: Expected '<font-family>' while parsing '-fx-font' at [1,90]]
[28-Jul-2016]::[7:39:21 AM]::[com.itd.efiling.itr.main.ctrl.ThreeRedLightsIlluminate start]::[INFO]::[mainController.windowWidth new : 1366.0]
[28-Jul-2016]::[7:39:22 AM]::[com.itd.efiling.itr.main.ctrl.ThreeRedLightsIlluminate start]::[INFO]::[1366.0 :: 1079.14 :: 232.22000000000003]
[28-Jul-2016]::[7:39:22 AM]::[com.itd.efiling.itr.main.ctrl.ThreeRedLightsIlluminate start]::[INFO]::[MainLoader start method ends. Time taken: 4373]
[28-Jul-2016]::[7:39:25 AM]::[com.itd.efiling.itr.common.a.a a]::[INFO]::[oldState  : RUNNING newState : SUCCEEDED]
[28-Jul-2016]::[7:39:25 AM]::[com.itd.efiling.itr.common.a.a a]::[INFO]::[jsobj [object Window]]
[28-Jul-2016]::[7:39:26 AM]::[com.itd.efiling.itr.common.a.a a]::[SEVERE]::[error in changed: ]
java.lang.IllegalStateException: showAndWait is not allowed during animation or layout processing
	at javafx.stage.Stage.showAndWait(Stage.java:464)
	at com.itd.efiling.itr.common.dialog.MessageDialog.a(Unknown Source)
	at com.itd.efiling.itr.common.dialog.n.b(Unknown Source)
	at com.itd.efiling.itr.common.dialog.o.b(Unknown Source)
	at com.itd.efiling.itr.common.a.a.a(Unknown Source)
	at com.itd.efiling.itr.common.a.a.changed(Unknown Source)
	at com.sun.javafx.binding.ExpressionHelper$SingleChange.fireValueChangedEvent(ExpressionHelper.java:182)
	at com.sun.javafx.binding.ExpressionHelper.fireValueChangedEvent(ExpressionHelper.java:81)
	at javafx.beans.property.ReadOnlyObjectPropertyBase.fireValueChangedEvent(ReadOnlyObjectPropertyBase.java:74)
	at javafx.beans.property.ReadOnlyObjectWrapper.fireValueChangedEvent(ReadOnlyObjectWrapper.java:102)
	at javafx.beans.property.ObjectPropertyBase.markInvalid(ObjectPropertyBase.java:112)
	at javafx.beans.property.ObjectPropertyBase.set(ObjectPropertyBase.java:146)
	at javafx.scene.web.WebEngine$LoadWorker.updateState(WebEngine.java:1260)
	at javafx.scene.web.WebEngine$LoadWorker.dispatchLoadEvent(WebEngine.java:1371)
	at javafx.scene.web.WebEngine$LoadWorker.access$1200(WebEngine.java:1253)
	at javafx.scene.web.WebEngine$PageLoadListener.dispatchLoadEvent(WebEngine.java:1240)
	at com.sun.webkit.WebPage.fireLoadEvent(WebPage.java:2416)
	at com.sun.webkit.WebPage.fwkFireLoadEvent(WebPage.java:2260)
	at com.sun.webkit.Timer.twkFireTimerEvent(Native Method)
	at com.sun.webkit.Timer.fireTimerEvent(Timer.java:83)
	at com.sun.webkit.Timer.notifyTick(Timer.java:64)
	at javafx.scene.web.WebEngine$PulseTimer.lambda$static$47(WebEngine.java:1201)
	at com.sun.javafx.tk.Toolkit.lambda$runPulse$30(Toolkit.java:355)
	at java.security.AccessController.doPrivileged(Native Method)
	at com.sun.javafx.tk.Toolkit.runPulse(Toolkit.java:354)
	at com.sun.javafx.tk.Toolkit.firePulse(Toolkit.java:381)
	at com.sun.javafx.tk.quantum.QuantumToolkit.pulse(QuantumToolkit.java:510)
	at com.sun.javafx.tk.quantum.QuantumToolkit.pulse(QuantumToolkit.java:490)
	at com.sun.javafx.tk.quantum.QuantumToolkit.lambda$runToolkit$404(QuantumToolkit.java:319)
	at com.sun.glass.ui.InvokeLaterDispatcher$Future.run(InvokeLaterDispatcher.java:95)
	at com.sun.glass.ui.win.WinApplication._runLoop(Native Method)
	at com.sun.glass.ui.win.WinApplication.lambda$null$148(WinApplication.java:191)
	at java.lang.Thread.run(Unknown Source)

[28-Jul-2016]::[7:39:50 AM]::[com.itd.efiling.itr.main.ctrl.g a]::[INFO]::[itrEngine alert: scheduleCGPost45.currYrLosses.inStcg15Per.currYearIncomeafter  0]
[28-Jul-2016]::[7:39:50 AM]::[com.itd.efiling.itr.main.ctrl.g a]::[INFO]::[itrEngine alert: scheduleCGPost45.currYrLosses.inStcg30Per.currYearIncomeafter  0]
[28-Jul-2016]::[7:39:50 AM]::[com.itd.efiling.itr.main.ctrl.g a]::[INFO]::[itrEngine alert: scheduleCGPost45.currYrLosses.inStcgAppRate.currYearIncomeafter  0]
[28-Jul-2016]::[7:39:50 AM]::[com.itd.efiling.itr.main.ctrl.g a]::[INFO]::[itrEngine alert: scheduleCGPost45.currYrLosses.inLtcg10Per.currYearIncomeafter  0]
[28-Jul-2016]::[7:39:50 AM]::[com.itd.efiling.itr.main.ctrl.g a]::[INFO]::[itrEngine alert: scheduleCGPost45.currYrLosses.inLtcg20Per.currYearIncomeafter  0]
[28-Jul-2016]::[7:39:55 AM]::[com.itd.efiling.itr.validation.a.a a]::[INFO]::[FIELD_VALIDATORS_MAP 1741]
[28-Jul-2016]::[7:39:58 AM]::[com.itd.efiling.itr.main.ctrl.g a]::[INFO]::[itrEngine alert: scheduleCGPost45.currYrLosses.inStcg15Per.currYearIncomeafter  0]
[28-Jul-2016]::[7:39:58 AM]::[com.itd.efiling.itr.main.ctrl.g a]::[INFO]::[itrEngine alert: scheduleCGPost45.currYrLosses.inStcg30Per.currYearIncomeafter  0]
[28-Jul-2016]::[7:39:58 AM]::[com.itd.efiling.itr.main.ctrl.g a]::[INFO]::[itrEngine alert: scheduleCGPost45.currYrLosses.inStcgAppRate.currYearIncomeafter  0]
[28-Jul-2016]::[7:39:58 AM]::[com.itd.efiling.itr.main.ctrl.g a]::[INFO]::[itrEngine alert: scheduleCGPost45.currYrLosses.inLtcg10Per.currYearIncomeafter  0]
[28-Jul-2016]::[7:39:58 AM]::[com.itd.efiling.itr.main.ctrl.g a]::[INFO]::[itrEngine alert: scheduleCGPost45.currYrLosses.inLtcg20Per.currYearIncomeafter  0]
[28-Jul-2016]::[7:40:35 AM]::[com.itd.efiling.itr.main.ctrl.g a]::[INFO]::[itrEngine alert: scheduleCGPost45.currYrLosses.inStcg15Per.currYearIncomeafter  0]
[28-Jul-2016]::[7:40:35 AM]::[com.itd.efiling.itr.main.ctrl.g a]::[INFO]::[itrEngine alert: scheduleCGPost45.currYrLosses.inStcg30Per.currYearIncomeafter  0]
[28-Jul-2016]::[7:40:35 AM]::[com.itd.efiling.itr.main.ctrl.g a]::[INFO]::[itrEngine alert: scheduleCGPost45.currYrLosses.inStcgAppRate.currYearIncomeafter  0]
[28-Jul-2016]::[7:40:35 AM]::[com.itd.efiling.itr.main.ctrl.g a]::[INFO]::[itrEngine alert: scheduleCGPost45.currYrLosses.inLtcg10Per.currYearIncomeafter  0]
[28-Jul-2016]::[7:40:35 AM]::[com.itd.efiling.itr.main.ctrl.g a]::[INFO]::[itrEngine alert: scheduleCGPost45.currYrLosses.inLtcg20Per.currYearIncomeafter  0]
[28-Jul-2016]::[7:40:47 AM]::[com.itd.efiling.itr.main.ctrl.g a]::[INFO]::[itrEngine alert: scheduleCGPost45.currYrLosses.inStcg15Per.currYearIncomeafter  0]
[28-Jul-2016]::[7:40:47 AM]::[com.itd.efiling.itr.main.ctrl.g a]::[INFO]::[itrEngine alert: scheduleCGPost45.currYrLosses.inStcg30Per.currYearIncomeafter  0]
[28-Jul-2016]::[7:40:47 AM]::[com.itd.efiling.itr.main.ctrl.g a]::[INFO]::[itrEngine alert: scheduleCGPost45.currYrLosses.inStcgAppRate.currYearIncomeafter  0]
[28-Jul-2016]::[7:40:47 AM]::[com.itd.efiling.itr.main.ctrl.g a]::[INFO]::[itrEngine alert: scheduleCGPost45.currYrLosses.inLtcg10Per.currYearIncomeafter  0]
[28-Jul-2016]::[7:40:47 AM]::[com.itd.efiling.itr.main.ctrl.g a]::[INFO]::[itrEngine alert: scheduleCGPost45.currYrLosses.inLtcg20Per.currYearIncomeafter  0]
[28-Jul-2016]::[7:41:10 AM]::[com.itd.efiling.itr.main.ctrl.g a]::[INFO]::[itrEngine alert: scheduleCGPost45.currYrLosses.inStcg15Per.currYearIncomeafter  0]
[28-Jul-2016]::[7:41:10 AM]::[com.itd.efiling.itr.main.ctrl.g a]::[INFO]::[itrEngine alert: scheduleCGPost45.currYrLosses.inStcg30Per.currYearIncomeafter  0]
[28-Jul-2016]::[7:41:10 AM]::[com.itd.efiling.itr.main.ctrl.g a]::[INFO]::[itrEngine alert: scheduleCGPost45.currYrLosses.inStcgAppRate.currYearIncomeafter  0]
[28-Jul-2016]::[7:41:10 AM]::[com.itd.efiling.itr.main.ctrl.g a]::[INFO]::[itrEngine alert: scheduleCGPost45.currYrLosses.inLtcg10Per.currYearIncomeafter  0]
[28-Jul-2016]::[7:41:10 AM]::[com.itd.efiling.itr.main.ctrl.g a]::[INFO]::[itrEngine alert: scheduleCGPost45.currYrLosses.inLtcg20Per.currYearIncomeafter  0]
[28-Jul-2016]::[7:41:15 AM]::[com.itd.efiling.itr.main.ctrl.g a]::[INFO]::[itrEngine alert: scheduleCGPost45.currYrLosses.inStcg15Per.currYearIncomeafter  0]
[28-Jul-2016]::[7:41:15 AM]::[com.itd.efiling.itr.main.ctrl.g a]::[INFO]::[itrEngine alert: scheduleCGPost45.currYrLosses.inStcg30Per.currYearIncomeafter  0]
[28-Jul-2016]::[7:41:15 AM]::[com.itd.efiling.itr.main.ctrl.g a]::[INFO]::[itrEngine alert: scheduleCGPost45.currYrLosses.inStcgAppRate.currYearIncomeafter  0]
[28-Jul-2016]::[7:41:15 AM]::[com.itd.efiling.itr.main.ctrl.g a]::[INFO]::[itrEngine alert: scheduleCGPost45.currYrLosses.inLtcg10Per.currYearIncomeafter  0]
[28-Jul-2016]::[7:41:15 AM]::[com.itd.efiling.itr.main.ctrl.g a]::[INFO]::[itrEngine alert: scheduleCGPost45.currYrLosses.inLtcg20Per.currYearIncomeafter  0]
[28-Jul-2016]::[7:41:40 AM]::[com.itd.efiling.itr.main.ctrl.g a]::[INFO]::[itrEngine alert: scheduleCGPost45.currYrLosses.inStcg15Per.currYearIncomeafter  0]
[28-Jul-2016]::[7:41:40 AM]::[com.itd.efiling.itr.main.ctrl.g a]::[INFO]::[itrEngine alert: scheduleCGPost45.currYrLosses.inStcg30Per.currYearIncomeafter  0]
[28-Jul-2016]::[7:41:40 AM]::[com.itd.efiling.itr.main.ctrl.g a]::[INFO]::[itrEngine alert: scheduleCGPost45.currYrLosses.inStcgAppRate.currYearIncomeafter  0]
[28-Jul-2016]::[7:41:40 AM]::[com.itd.efiling.itr.main.ctrl.g a]::[INFO]::[itrEngine alert: scheduleCGPost45.currYrLosses.inLtcg10Per.currYearIncomeafter  0]
[28-Jul-2016]::[7:41:40 AM]::[com.itd.efiling.itr.main.ctrl.g a]::[INFO]::[itrEngine alert: scheduleCGPost45.currYrLosses.inLtcg20Per.currYearIncomeafter  0]
[28-Jul-2016]::[7:41:58 AM]::[com.itd.efiling.itr.common.dialog.o a]::[INFO]::[Inside  closeUtility]
[28-Jul-2016]::[7:41:59 AM]::[com.itd.efiling.itr.main.ctrl.h a]::[INFO]::[ Close Event WindowEvent [source = javafx.stage.Stage@303928, target = javafx.stage.Stage@303928, eventType = WINDOW_CLOSE_REQUEST, consumed = false]]
