[17-Aug-2016]::[3:14:16 PM]::[INFO]::[init starts]
[17-Aug-2016]::[3:14:16 PM]::[INFO]::[ITRConfigUtil.getConfigURL(): java.io.FileInputStream@17b1592]
[17-Aug-2016]::[3:14:16 PM]::[INFO]::[url jar:file:/F:/Tushar%20Data/Business/IT%20RETURNS/Muralidhar%20Gejge/ITR-4S_2015/ITR-4S_AY201516_PR7.jar!/META-INF/MANIFEST.MF]
[17-Aug-2016]::[3:14:16 PM]::[INFO]::[2015-16 :: ITR-4S :: 1.0]
[17-Aug-2016]::[3:14:16 PM]::[INFO]::[init ends in 214 ms.]
[17-Aug-2016]::[3:14:16 PM]::[INFO]::[MainLoader start method starts]
[17-Aug-2016]::[3:14:17 PM]::[INFO]::[Before Validating fileListCommonScript ]
[17-Aug-2016]::[3:14:17 PM]::[INFO]::[Before Validating fileListItrAy ]
[17-Aug-2016]::[3:14:17 PM]::[INFO]::[Before Validating fileListConfig ]
[17-Aug-2016]::[3:14:17 PM]::[INFO]::[Before Validating verifySignature ]
[17-Aug-2016]::[3:14:17 PM]::[INFO]::[verifies : true]
[17-Aug-2016]::[3:14:17 PM]::[INFO]::[Is utiltity valid ::true]
[17-Aug-2016]::[3:14:17 PM]::[INFO]::[openNewITR starts with values: asstYear:2015-16,itr:ITR-4S,ver:1.0,importXml:null]
[17-Aug-2016]::[3:14:17 PM]::[INFO]::[Opening ITR: ITR-4S For AsstYear: 2015-16]
[17-Aug-2016]::[3:14:17 PM]::[INFO]::[generateCopy starts]
[17-Aug-2016]::[3:14:17 PM]::[INFO]::[initialize starts]
[17-Aug-2016]::[3:14:17 PM]::[INFO]::[initialize ends]
[17-Aug-2016]::[3:14:17 PM]::[INFO]::[hideShowValidation starts]
[17-Aug-2016]::[3:14:17 PM]::[INFO]::[webViewActWidth in: 1079.14,vboxActWidth:  232.22000000000003,mainController.windowWidth: 1366.0]
[17-Aug-2016]::[3:14:17 PM]::[INFO]::[hide validation]
[17-Aug-2016]::[3:14:17 PM]::[INFO]::[hideShowValidation ends]
[17-Aug-2016]::[3:14:17 PM]::[INFO]::[Time taken in openNewITR(): 588]
[17-Aug-2016]::[3:14:17 PM]::[INFO]::[calculateITR starts]
[17-Aug-2016]::[3:14:17 PM]::[INFO]::[calculateITR ok starts]
[17-Aug-2016]::[3:14:18 PM]::[INFO]::[mainController.windowWidth new : 1366.0]
[17-Aug-2016]::[3:14:18 PM]::[INFO]::[MainLoader start method ends. Time taken: 1595]
[17-Aug-2016]::[3:14:19 PM]::[INFO]::[javascript: to run: ]
[17-Aug-2016]::[3:14:19 PM]::[INFO]::[time taken in changed : 272]
[17-Aug-2016]::[3:14:21 PM]::[INFO]::[importXmlDialog starts]
[17-Aug-2016]::[3:14:29 PM]::[INFO]::[openNewITR starts with values: asstYear:2015-16,itr:ITR-4S,ver:1.0,importXml:F:\Tushar Data\Business\IT RETURNS\Muralidhar Gejge\ITR-4S_2015\draft.draft]
[17-Aug-2016]::[3:14:29 PM]::[INFO]::[Opening ITR: ITR-4S For AsstYear: 2015-16]
[17-Aug-2016]::[3:14:29 PM]::[INFO]::[generateCopy starts]
[17-Aug-2016]::[3:14:29 PM]::[INFO]::[hideShowValidation starts]
[17-Aug-2016]::[3:14:29 PM]::[INFO]::[show validation]
[17-Aug-2016]::[3:14:29 PM]::[INFO]::[hideShowValidation ends]
[17-Aug-2016]::[3:14:29 PM]::[INFO]::[Time taken in openNewITR(): 20]
[17-Aug-2016]::[3:14:29 PM]::[INFO]::[importXmlDialog ends]
[17-Aug-2016]::[3:14:30 PM]::[INFO]::[IMPORT_HTML_FIELD_VALUE: {itr4S.creationInfo.swVersionNo=[R1], itr4S.creationInfo.swCreatedBy=[SW10000002], itr4S.creationInfo.xmlCreationDate=[16/08/2016], itr4S.creationInfo.intermediaryCity=[Delhi], itr4S.formITR4S.description=[For Indl having Income From Presemptive Business], itr4S.formITR4S.schemaVer=[Ver1.0], itr4S.personalInfo.assesseeName.firstName=[MURLIDHAR], itr4S.personalInfo.assesseeName.middleName=[EKNATH], itr4S.personalInfo.assesseeName.surNameOrOrgName=[GEJGE], itr4S.personalInfo.pan=[ASUPG4477B], itr4S.personalInfo.address.residenceNo=[INDIRA NAGAR], itr4S.personalInfo.address.residenceName=[LUMBINI BAUG], itr4S.personalInfo.address.roadOrStreet=[GOVANDI], itr4S.personalInfo.address.localityOrArea=[], itr4S.personalInfo.address.cityOrTownOrDistrict=[MUMBAI], itr4S.personalInfo.address.stateCode=[19], itr4S.personalInfo.address.country=[91], itr4S.personalInfo.address.pinCode=[400043], itr4S.personalInfo.address.phone.stDcode=[], itr4S.personalInfo.address.phone.phoneNo=[], itr4S.personalInfo.address.mobileNo=[9619156719], itr4S.personalInfo.address.secMobileNo=[], itr4S.personalInfo.address.emailAddress=[tusharmohite0@gmail.com], itr4S.personalInfo.dob=[01/06/1964], itr4S.personalInfo.gender=[M], itr4S.personalInfo.status=[I], itr4S.filingStatus.adharNoOption=[N], itr4S.filingStatus.adharNumber=[], itr4S.filingStatus.desigOfficerWardorCircle=[], itr4S.filingStatus.returnFileSec=[12], itr4S.filingStatus.ackNoOriginalReturn=[], itr4S.filingStatus.noticeNo=[], itr4S.filingStatus.noticeDate=[], itr4S.filingStatus.returnType=[O], itr4S.filingStatus.receiptNo=[], itr4S.filingStatus.origRetFiledDate=[], itr4S.filingStatus.residentialStatus=[RES], itr4S.filingStatus.taxStatus=[TR], itr4S.filingStatus.asseseeRepFlg=[], itr4S.filingStatus.assesseeRep.repName=[], itr4S.filingStatus.assesseeRep.repPAN=[], itr4S.filingStatus.portugeseCC5A=[], itr4S.filingStatus.panOfSpouse=[], itr4S.filingStatus.noticeDateUnderSec=[], itr4S.itr4SIncomeDeductions.incomeFromBusinessProf=[240000], itr4S.itr4SIncomeDeductions.incomeFromSal=[0], itr4S.itr4SIncomeDeductions.typeOfHP=[S], itr4S.itr4SIncomeDeductions.totalIncomeOfHP=[0], itr4S.itr4SIncomeDeductions.incomeOthSrc=[0], itr4S.itr4SIncomeDeductions.grossTotIncome=[240000], itr4S.itr4SIncomeDeductions.usrDeductUndChapVIA.section80C_Usr=[0], itr4S.itr4SIncomeDeductions.usrDeductUndChapVIA.section80CCC_Usr=[0], itr4S.itr4SIncomeDeductions.usrDeductUndChapVIA.section80CCD_Usr=[0], itr4S.itr4SIncomeDeductions.usrDeductUndChapVIA.section80CCDEmployer_Usr=[0], itr4S.itr4SIncomeDeductions.usrDeductUndChapVIA.section80D_Usr=[0], itr4S.itr4SIncomeDeductions.usrDeductUndChapVIA.section80DD_Usr=[0], itr4S.itr4SIncomeDeductions.usrDeductUndChapVIA.section80DDB_Usr=[0], itr4S.itr4SIncomeDeductions.usrDeductUndChapVIA.section80E_Usr=[0], itr4S.itr4SIncomeDeductions.usrDeductUndChapVIA.section80EE_Usr=[0], itr4S.itr4SIncomeDeductions.usrDeductUndChapVIA.section80G_Usr=[0], itr4S.itr4SIncomeDeductions.usrDeductUndChapVIA.section80GG_Usr=[0], itr4S.itr4SIncomeDeductions.usrDeductUndChapVIA.section80GGC_Usr=[0], itr4S.itr4SIncomeDeductions.usrDeductUndChapVIA.section80U_Usr=[0], itr4S.itr4SIncomeDeductions.usrDeductUndChapVIA.section80RRB_Usr=[0], itr4S.itr4SIncomeDeductions.usrDeductUndChapVIA.section80QQB_Usr=[0], itr4S.itr4SIncomeDeductions.usrDeductUndChapVIA.section80IB_Usr=[], itr4S.itr4SIncomeDeductions.usrDeductUndChapVIA.section80IC_Usr=[], itr4S.itr4SIncomeDeductions.usrDeductUndChapVIA.section80JJA_Usr=[], itr4S.itr4SIncomeDeductions.usrDeductUndChapVIA.section80CCG_Usr=[0], itr4S.itr4SIncomeDeductions.usrDeductUndChapVIA.section80TTA_Usr=[0], itr4S.itr4SIncomeDeductions.usrDeductUndChapVIA.totalChapVIADeductions_Usr=[0], itr4S.itr4SIncomeDeductions.deductUndChapVIA.section80C=[0], itr4S.itr4SIncomeDeductions.deductUndChapVIA.section80CCC=[0], itr4S.itr4SIncomeDeductions.deductUndChapVIA.section80CCD=[0], itr4S.itr4SIncomeDeductions.deductUndChapVIA.section80CCDEmployer=[0], itr4S.itr4SIncomeDeductions.deductUndChapVIA.section80D=[0], itr4S.itr4SIncomeDeductions.deductUndChapVIA.section80DD=[0], itr4S.itr4SIncomeDeductions.deductUndChapVIA.section80DDB=[0], itr4S.itr4SIncomeDeductions.deductUndChapVIA.section80E=[0], itr4S.itr4SIncomeDeductions.deductUndChapVIA.section80EE=[0], itr4S.itr4SIncomeDeductions.deductUndChapVIA.section80G=[0], itr4S.itr4SIncomeDeductions.deductUndChapVIA.section80GG=[0], itr4S.itr4SIncomeDeductions.deductUndChapVIA.section80GGC=[0], itr4S.itr4SIncomeDeductions.deductUndChapVIA.section80U=[0], itr4S.itr4SIncomeDeductions.deductUndChapVIA.section80RRB=[0], itr4S.itr4SIncomeDeductions.deductUndChapVIA.section80QQB=[0], itr4S.itr4SIncomeDeductions.deductUndChapVIA.section80IA=[], itr4S.itr4SIncomeDeductions.deductUndChapVIA.section80IAB=[], itr4S.itr4SIncomeDeductions.deductUndChapVIA.section80IB=[], itr4S.itr4SIncomeDeductions.deductUndChapVIA.section80IC=[], itr4S.itr4SIncomeDeductions.deductUndChapVIA.section80ID=[], itr4S.itr4SIncomeDeductions.deductUndChapVIA.section80JJA=[], itr4S.itr4SIncomeDeductions.deductUndChapVIA.section80CCG=[0], itr4S.itr4SIncomeDeductions.deductUndChapVIA.section80TTA=[0], itr4S.itr4SIncomeDeductions.deductUndChapVIA.totalChapVIADeductions=[0], itr4S.itr4SIncomeDeductions.totalIncome=[240000], itr4S.itr4sTaxComputationOnline.totalTaxPayable=[0], itr4S.itr1TaxComputationOnline.rebate87A=[0], itr4S.ITR1TaxComputationOnline.taxPayableOnRebate=[0], itr4S.ITR1TaxComputationOnline.surchargeOnAboveCrore=[0], itr4S.itr4sTaxComputationOnline.educationCess=[0], itr4S.itr4sTaxComputationOnline.grossTaxLiability=[0], itr4S.itr4sTaxComputationOnline.section89=[0], itr4S.itr4sTaxComputationOnline.netTaxLiability=[0], itr4S.itr4sTaxComputationOnline.totalIntrstPay=[0], itr4S.itr4sTaxComputationOnline.intrstPay.intrstPayUs234A=[0], itr4S.itr4sTaxComputationOnline.intrstPay.intrstPayUs234B=[0], itr4S.itr4sTaxComputationOnline.intrstPay.intrstPayUs234C=[0], itr4S.itr4STaxComputation.intrstPay.totalIntrstPay=[], itr4S.itr4sTaxComputationOnline.totTaxPlusIntrstPay=[0], itr4S.taxPaid.taxesPaid.advanceTax=[0], itr4S.taxPaid.taxesPaid.tds=[3531], itr4S.taxPaid.taxesPaid.tcs=[0], itr4S.taxPaid.taxesPaid.selfAssessmentTax=[0], itr4S.taxPaid.taxesPaid.totalTaxesPaid=[3531], itr4S.taxPaid.balTaxPayable=[0], itr4S.refund.refundDue=[3530], itr4S.refund.depositToBankAccount.iFSCCode=[], itr4S.refund.depositToBankAccount.bankName=[], itr4S.refund.bankAccountNumber=[], itr4S.refund.depositToBankAccount.bankAccountType=[], itr4S.scheduleBA[0].ifscCode=[], itr4S.scheduleBA[0].bankName=[], itr4S.scheduleBA[0].accNo=[], itr4S.scheduleBA[0].bankAccType=[], itr4S.scheduleBA.noOfBankAcc=[1], itr4S.taxExmpIntInc=[], itr4S.verification.declaration.assesseeVerName=[], itr4S.verification.declaration.fatherName=[], itr4S.verification.declaration.assesseeVerPAN=[], itr4S.verification.place=[], itr4S.verification.date=[16/08/2016], itr4S.natOfBus.business[0].code=[1001], itr4S.natOfBus.business[1].code=[], itr4S.natOfBus.business[2].code=[], itr4S.natOfBus.business[0].trade.tradeName=[contractors, , ], itr4S.natOfBus.business[1].trade.tradeName=[, , ], itr4S.natOfBus.business[2].trade.tradeName=[, , ], itr4S.scheduleBPForITR4S.persumptiveInc44AD.grsTrnOverOrReceipt=[435000], itr4S.scheduleBPForITR4S.persumptiveInc44AD.totPersumptiveInc44AD=[240000], itr4S.scheduleBPForITR4S.persumptiveInc44AE.totPersumInc44AE=[0], itr4S.scheduleBPForITR4S.incChargeableUnderBus=[240000], itr4S.scheduleBPForITR4S.noBooksOfAccBS.totSundryDbtAmt=[8000], itr4S.scheduleBPForITR4S.noBooksOfAccBS.totSundryCrdAmt=[7600], itr4S.scheduleBPForITR4S.noBooksOfAccBS.totStkInTradAmt=[5900], itr4S.scheduleBPForITR4S.noBooksOfAccBS.cashBalAmt=[14800], itr4S.tdSonOthThanSals.tdSonOthThanSal[0].employerOrDeductorOrCollectDetl.tan=[MUMM19852A], itr4S.tdSonOthThanSals.tdSonOthThanSal[0].employerOrDeductorOrCollectDetl.employerOrDeductorOrCollecterName=[ELMACH PACKAGES (INDIA) PRIVATE LIMITED], itr4S.tdSonOthThanSals.tdSonOthThanSal[0].uniqueTDSCerNo=[], itr4S.tdSonOthThanSals.tdSonOthThanSal[0].deductedYr=[2014], itr4S.tdSonOthThanSals.tdSonOthThanSal[0].totTDSOnAmtPaid=[3531], itr4S.tdSonOthThanSals.tdSonOthThanSal[0].claimOutOfTotTDSOnAmtPaid=[3531], itr4S.tdSonOthThanSals.tdSonOthThanSal[0].amtClaimedBySpouse=[], itr4S.tdSonOthThanSals.tdSonOthThanSal.claimOutOfTotTDSOnAmtPaid=[3531], itr4S.totalHeavyVehcl=[0]}]
[17-Aug-2016]::[3:14:30 PM]::[SEVERE]::[Error in setValuesSingle: itr4S.creationInfo.swVersionNo val:R1, index:0]
[17-Aug-2016]::[3:14:30 PM]::[SEVERE]::[Error in setValuesSingle: itr4S.creationInfo.swCreatedBy val:SW10000002, index:0]
[17-Aug-2016]::[3:14:30 PM]::[SEVERE]::[Error in setValuesSingle: itr4S.creationInfo.intermediaryCity val:Delhi, index:0]
[17-Aug-2016]::[3:14:30 PM]::[SEVERE]::[Error in setValuesSingle: itr4S.formITR4S.description val:For%20Indl%20having%20Income%20From%20Presemptive%20Business, index:0]
[17-Aug-2016]::[3:14:30 PM]::[SEVERE]::[Error in setValuesSingle: itr4S.formITR4S.schemaVer val:Ver1.0, index:0]
[17-Aug-2016]::[3:14:30 PM]::[SEVERE]::[Error in setValuesSingle: itr4S.ITR1TaxComputationOnline.taxPayableOnRebate val:0, index:0]
[17-Aug-2016]::[3:14:30 PM]::[SEVERE]::[Error in setValuesSingle: itr4S.ITR1TaxComputationOnline.surchargeOnAboveCrore val:0, index:0]
[17-Aug-2016]::[3:14:30 PM]::[INFO]::[time taken in importxml function: 49]
[17-Aug-2016]::[3:14:30 PM]::[INFO]::[javascript: to run: ]
[17-Aug-2016]::[3:14:30 PM]::[INFO]::[time taken in changed : 124]
[17-Aug-2016]::[3:15:41 PM]::[INFO]::[ifsc isBKID]
[17-Aug-2016]::[3:16:23 PM]::[INFO]::[show validation]
[17-Aug-2016]::[3:16:23 PM]::[INFO]::[Time taken in validateAll(): 0]
[17-Aug-2016]::[3:16:23 PM]::[INFO]::[No validation for field: requestId]
[17-Aug-2016]::[3:16:23 PM]::[INFO]::[No validation for field: itr4S.creationInfo.xmlCreationDate]
[17-Aug-2016]::[3:16:23 PM]::[INFO]::[No validation for field: totalPage]
[17-Aug-2016]::[3:16:23 PM]::[INFO]::[No validation for field: returnType]
[17-Aug-2016]::[3:16:23 PM]::[INFO]::[No validation for field: customReturnType]
[17-Aug-2016]::[3:16:23 PM]::[INFO]::[No validation for field: ]
[17-Aug-2016]::[3:16:23 PM]::[INFO]::[No validation for field: itr4S.currentPage]
[17-Aug-2016]::[3:16:23 PM]::[INFO]::[No validation for field: itr4S.filingStatus.adharNoOption]
[17-Aug-2016]::[3:16:23 PM]::[INFO]::[No validation for field: itr4S.itr4sTaxComputationOnline.surchargeOnTaxPayable]
[17-Aug-2016]::[3:16:23 PM]::[INFO]::[No validation for field: itr4S.us44aeHeavy[0].chosenCheckBox]
[17-Aug-2016]::[3:16:23 PM]::[INFO]::[No validation for field: __checkbox_itr4S.us44aeHeavy[0].chosenCheckBox]
[17-Aug-2016]::[3:16:23 PM]::[INFO]::[No validation for field: Count_SCH_IT]
[17-Aug-2016]::[3:16:23 PM]::[INFO]::[No validation for field: itr4S.natOfBus.business[0].chosenCheckBox]
[17-Aug-2016]::[3:16:23 PM]::[INFO]::[No validation for field: __checkbox_scheduleFA.detailsOfTrustOutIndiaTrustee[0].chosenCheckBox]
[17-Aug-2016]::[3:16:23 PM]::[INFO]::[No validation for field: itr4S.natOfBus.business[0].trade.tradeName]
[17-Aug-2016]::[3:16:23 PM]::[INFO]::[No validation for field: itr4S.scheduleBPForITR4S.incChargeableUnderBus]
[17-Aug-2016]::[3:16:23 PM]::[INFO]::[No validation for field: itr4S.tdSonSalaries.tdSonSalary[0].employerOrDeductorOrCollectDetl.chosenCheckBox]
[17-Aug-2016]::[3:16:23 PM]::[INFO]::[No validation for field: __checkbox_itr4S.tdSonSalaries.tdSonSalary[0].employerOrDeductorOrCollectDetl.chosenCheckBox]
[17-Aug-2016]::[3:16:23 PM]::[INFO]::[No validation for field: itr4S.tdSonSalaries.tdSonSalary.totalTaxDeducted]
[17-Aug-2016]::[3:16:23 PM]::[INFO]::[No validation for field: Count_SCH_TDS1]
[17-Aug-2016]::[3:16:23 PM]::[INFO]::[No validation for field: itr4S.tdSonOthThanSals.tdSonOthThanSal[0].employerOrDeductorOrCollectDetl.chosenCheckBox]
[17-Aug-2016]::[3:16:23 PM]::[INFO]::[No validation for field: __checkbox_itr4S.tdSonOthThanSals.tdSonOthThanSal[0].employerOrDeductorOrCollectDetl.chosenCheckBox]
[17-Aug-2016]::[3:16:23 PM]::[INFO]::[No validation for field: itr4S.tdSonOthThanSals.tdSonOthThanSal.claimOutOfTotTDSOnAmtPaid]
[17-Aug-2016]::[3:16:23 PM]::[INFO]::[No validation for field: itr4S.scheduleTCS.tcs[0].chosenCheckBox]
[17-Aug-2016]::[3:16:23 PM]::[INFO]::[No validation for field: __checkbox_itr4S.scheduleTCS.tcs[0].chosenCheckBox]
[17-Aug-2016]::[3:16:23 PM]::[INFO]::[No validation for field: itr4S.scheduleTCS.tcs.amtTCSClaimedThisYear]
[17-Aug-2016]::[3:16:23 PM]::[INFO]::[No validation for field: itr4S.scheduleIT.taxPayment[0].chosenCheckBox]
[17-Aug-2016]::[3:16:23 PM]::[INFO]::[No validation for field: __checkbox_itr4S.scheduleIT.taxPayment[0].chosenCheckBox]
[17-Aug-2016]::[3:16:23 PM]::[INFO]::[No validation for field: itr4S.scheduleIT.taxPayment.amt]
[17-Aug-2016]::[3:16:23 PM]::[INFO]::[No validation for field: itr4S.taxPaid.taxesPaid.tcs]
[17-Aug-2016]::[3:16:23 PM]::[INFO]::[No validation for field: itr4S.schedule80G.don100Percent.doneeWithPan[0].chosenCheckBox]
[17-Aug-2016]::[3:16:23 PM]::[INFO]::[No validation for field: __checkbox_itr4S.schedule80G.don100Percent.doneeWithPan[0].chosenCheckBox]
[17-Aug-2016]::[3:16:23 PM]::[INFO]::[No validation for field: itr4S.schedule80G.don100Percent.doneeWithPan[0].eligibleDonationAmt]
[17-Aug-2016]::[3:16:23 PM]::[INFO]::[No validation for field: itr4S.schedule80G.don100Percent.totDon100Percent]
[17-Aug-2016]::[3:16:23 PM]::[INFO]::[No validation for field: itr4S.schedule80G.don100Percent.totEligibleDon100Percent]
[17-Aug-2016]::[3:16:23 PM]::[INFO]::[No validation for field: itr4S.schedule80G.don50PercentNoApprReqd.doneeWithPan[0].chosenCheckBox]
[17-Aug-2016]::[3:16:23 PM]::[INFO]::[No validation for field: __checkbox_itr4S.schedule80G.don50PercentNoApprReqd.doneeWithPan[0].chosenCheckBox]
[17-Aug-2016]::[3:16:23 PM]::[INFO]::[No validation for field: itr4S.schedule80G.don50PercentNoApprReqd.doneeWithPan[0].eligibleDonationAmt]
[17-Aug-2016]::[3:16:23 PM]::[INFO]::[No validation for field: itr4S.schedule80G.don50PercentNoApprReqd.totDon50PercentNoApprReqd]
[17-Aug-2016]::[3:16:23 PM]::[INFO]::[No validation for field: itr4S.schedule80G.don50PercentNoApprReqd.totEligibleDon50Percent]
[17-Aug-2016]::[3:16:23 PM]::[INFO]::[No validation for field: itr4S.schedule80G.don100PercentApprReqd.doneeWithPan[0].chosenCheckBox]
[17-Aug-2016]::[3:16:23 PM]::[INFO]::[No validation for field: __checkbox_itr4S.schedule80G.don100PercentApprReqd.doneeWithPan[0].chosenCheckBox]
[17-Aug-2016]::[3:16:23 PM]::[INFO]::[No validation for field: itr4S.schedule80G.don100PercentApprReqd.doneeWithPan[0].eligibleDonationAmt]
[17-Aug-2016]::[3:16:23 PM]::[INFO]::[No validation for field: itr4S.schedule80G.don100PercentApprReqd.totDon100PercentApprReqd]
[17-Aug-2016]::[3:16:23 PM]::[INFO]::[No validation for field: itr4S.schedule80G.don100PercentApprReqd.totEligibleDon100PercentApprReqd]
[17-Aug-2016]::[3:16:23 PM]::[INFO]::[No validation for field: itr4S.schedule80G.don50PercentApprReqd.doneeWithPan[0].chosenCheckBox]
[17-Aug-2016]::[3:16:23 PM]::[INFO]::[No validation for field: __checkbox_itr4S.schedule80G.don50PercentApprReqd.doneeWithPan[0].chosenCheckBox]
[17-Aug-2016]::[3:16:23 PM]::[INFO]::[No validation for field: itr4S.schedule80G.don50PercentApprReqd.doneeWithPan[0].eligibleDonationAmt]
[17-Aug-2016]::[3:16:23 PM]::[INFO]::[No validation for field: itr4S.schedule80G.don50PercentApprReqd.totDon50PercentApprReqd]
[17-Aug-2016]::[3:16:23 PM]::[INFO]::[No validation for field: itr4S.schedule80G.don50PercentApprReqd.totEligibleDon50PercentApprReqd]
[17-Aug-2016]::[3:16:23 PM]::[INFO]::[Call() ends time taken: 35  error count :0]
[17-Aug-2016]::[3:16:29 PM]::[INFO]::[Time taken to start generateXml(): 7]
[17-Aug-2016]::[3:16:29 PM]::[INFO]::[outputfilePathF:\Tushar Data\Business\IT RETURNS\Muralidhar Gejge\ITR-4S_2015\draft.draft,generateXmlFlag: false]
[17-Aug-2016]::[3:16:29 PM]::[INFO]::[Time taken to generate: 481]
[17-Aug-2016]::[3:16:47 PM]::[INFO]::[calculateITR starts]
[17-Aug-2016]::[3:16:47 PM]::[INFO]::[calculateITR starts]
[17-Aug-2016]::[3:16:47 PM]::[INFO]::[initialize starts]
[17-Aug-2016]::[3:16:50 PM]::[INFO]::[show validation]
[17-Aug-2016]::[3:16:50 PM]::[INFO]::[Time taken in validateAll(): 0]
[17-Aug-2016]::[3:16:50 PM]::[INFO]::[No validation for field: requestId]
[17-Aug-2016]::[3:16:50 PM]::[INFO]::[No validation for field: itr4S.creationInfo.xmlCreationDate]
[17-Aug-2016]::[3:16:50 PM]::[INFO]::[No validation for field: totalPage]
[17-Aug-2016]::[3:16:50 PM]::[INFO]::[No validation for field: returnType]
[17-Aug-2016]::[3:16:50 PM]::[INFO]::[No validation for field: customReturnType]
[17-Aug-2016]::[3:16:50 PM]::[INFO]::[No validation for field: ]
[17-Aug-2016]::[3:16:50 PM]::[INFO]::[No validation for field: itr4S.currentPage]
[17-Aug-2016]::[3:16:50 PM]::[INFO]::[No validation for field: itr4S.filingStatus.adharNoOption]
[17-Aug-2016]::[3:16:50 PM]::[INFO]::[No validation for field: itr4S.itr4sTaxComputationOnline.surchargeOnTaxPayable]
[17-Aug-2016]::[3:16:50 PM]::[INFO]::[No validation for field: itr4S.us44aeHeavy[0].chosenCheckBox]
[17-Aug-2016]::[3:16:50 PM]::[INFO]::[No validation for field: __checkbox_itr4S.us44aeHeavy[0].chosenCheckBox]
[17-Aug-2016]::[3:16:50 PM]::[INFO]::[No validation for field: Count_SCH_IT]
[17-Aug-2016]::[3:16:50 PM]::[INFO]::[No validation for field: itr4S.natOfBus.business[0].chosenCheckBox]
[17-Aug-2016]::[3:16:50 PM]::[INFO]::[No validation for field: __checkbox_scheduleFA.detailsOfTrustOutIndiaTrustee[0].chosenCheckBox]
[17-Aug-2016]::[3:16:50 PM]::[INFO]::[No validation for field: itr4S.natOfBus.business[0].trade.tradeName]
[17-Aug-2016]::[3:16:50 PM]::[INFO]::[No validation for field: itr4S.scheduleBPForITR4S.incChargeableUnderBus]
[17-Aug-2016]::[3:16:50 PM]::[INFO]::[No validation for field: itr4S.tdSonSalaries.tdSonSalary[0].employerOrDeductorOrCollectDetl.chosenCheckBox]
[17-Aug-2016]::[3:16:50 PM]::[INFO]::[No validation for field: __checkbox_itr4S.tdSonSalaries.tdSonSalary[0].employerOrDeductorOrCollectDetl.chosenCheckBox]
[17-Aug-2016]::[3:16:50 PM]::[INFO]::[No validation for field: itr4S.tdSonSalaries.tdSonSalary.totalTaxDeducted]
[17-Aug-2016]::[3:16:50 PM]::[INFO]::[No validation for field: Count_SCH_TDS1]
[17-Aug-2016]::[3:16:50 PM]::[INFO]::[No validation for field: itr4S.tdSonOthThanSals.tdSonOthThanSal[0].employerOrDeductorOrCollectDetl.chosenCheckBox]
[17-Aug-2016]::[3:16:50 PM]::[INFO]::[No validation for field: __checkbox_itr4S.tdSonOthThanSals.tdSonOthThanSal[0].employerOrDeductorOrCollectDetl.chosenCheckBox]
[17-Aug-2016]::[3:16:50 PM]::[INFO]::[No validation for field: itr4S.tdSonOthThanSals.tdSonOthThanSal.claimOutOfTotTDSOnAmtPaid]
[17-Aug-2016]::[3:16:50 PM]::[INFO]::[No validation for field: itr4S.scheduleTCS.tcs[0].chosenCheckBox]
[17-Aug-2016]::[3:16:50 PM]::[INFO]::[No validation for field: __checkbox_itr4S.scheduleTCS.tcs[0].chosenCheckBox]
[17-Aug-2016]::[3:16:50 PM]::[INFO]::[No validation for field: itr4S.scheduleTCS.tcs.amtTCSClaimedThisYear]
[17-Aug-2016]::[3:16:50 PM]::[INFO]::[No validation for field: itr4S.scheduleIT.taxPayment[0].chosenCheckBox]
[17-Aug-2016]::[3:16:50 PM]::[INFO]::[No validation for field: __checkbox_itr4S.scheduleIT.taxPayment[0].chosenCheckBox]
[17-Aug-2016]::[3:16:50 PM]::[INFO]::[No validation for field: itr4S.scheduleIT.taxPayment.amt]
[17-Aug-2016]::[3:16:50 PM]::[INFO]::[No validation for field: itr4S.taxPaid.taxesPaid.tcs]
[17-Aug-2016]::[3:16:50 PM]::[INFO]::[No validation for field: itr4S.schedule80G.don100Percent.doneeWithPan[0].chosenCheckBox]
[17-Aug-2016]::[3:16:50 PM]::[INFO]::[No validation for field: __checkbox_itr4S.schedule80G.don100Percent.doneeWithPan[0].chosenCheckBox]
[17-Aug-2016]::[3:16:50 PM]::[INFO]::[No validation for field: itr4S.schedule80G.don100Percent.doneeWithPan[0].eligibleDonationAmt]
[17-Aug-2016]::[3:16:50 PM]::[INFO]::[No validation for field: itr4S.schedule80G.don100Percent.totDon100Percent]
[17-Aug-2016]::[3:16:50 PM]::[INFO]::[No validation for field: itr4S.schedule80G.don100Percent.totEligibleDon100Percent]
[17-Aug-2016]::[3:16:50 PM]::[INFO]::[No validation for field: itr4S.schedule80G.don50PercentNoApprReqd.doneeWithPan[0].chosenCheckBox]
[17-Aug-2016]::[3:16:50 PM]::[INFO]::[No validation for field: __checkbox_itr4S.schedule80G.don50PercentNoApprReqd.doneeWithPan[0].chosenCheckBox]
[17-Aug-2016]::[3:16:50 PM]::[INFO]::[No validation for field: itr4S.schedule80G.don50PercentNoApprReqd.doneeWithPan[0].eligibleDonationAmt]
[17-Aug-2016]::[3:16:50 PM]::[INFO]::[No validation for field: itr4S.schedule80G.don50PercentNoApprReqd.totDon50PercentNoApprReqd]
[17-Aug-2016]::[3:16:50 PM]::[INFO]::[No validation for field: itr4S.schedule80G.don50PercentNoApprReqd.totEligibleDon50Percent]
[17-Aug-2016]::[3:16:50 PM]::[INFO]::[No validation for field: itr4S.schedule80G.don100PercentApprReqd.doneeWithPan[0].chosenCheckBox]
[17-Aug-2016]::[3:16:50 PM]::[INFO]::[No validation for field: __checkbox_itr4S.schedule80G.don100PercentApprReqd.doneeWithPan[0].chosenCheckBox]
[17-Aug-2016]::[3:16:50 PM]::[INFO]::[No validation for field: itr4S.schedule80G.don100PercentApprReqd.doneeWithPan[0].eligibleDonationAmt]
[17-Aug-2016]::[3:16:50 PM]::[INFO]::[No validation for field: itr4S.schedule80G.don100PercentApprReqd.totDon100PercentApprReqd]
[17-Aug-2016]::[3:16:50 PM]::[INFO]::[No validation for field: itr4S.schedule80G.don100PercentApprReqd.totEligibleDon100PercentApprReqd]
[17-Aug-2016]::[3:16:50 PM]::[INFO]::[No validation for field: itr4S.schedule80G.don50PercentApprReqd.doneeWithPan[0].chosenCheckBox]
[17-Aug-2016]::[3:16:50 PM]::[INFO]::[No validation for field: __checkbox_itr4S.schedule80G.don50PercentApprReqd.doneeWithPan[0].chosenCheckBox]
[17-Aug-2016]::[3:16:50 PM]::[INFO]::[No validation for field: itr4S.schedule80G.don50PercentApprReqd.doneeWithPan[0].eligibleDonationAmt]
[17-Aug-2016]::[3:16:50 PM]::[INFO]::[No validation for field: itr4S.schedule80G.don50PercentApprReqd.totDon50PercentApprReqd]
[17-Aug-2016]::[3:16:50 PM]::[INFO]::[No validation for field: itr4S.schedule80G.don50PercentApprReqd.totEligibleDon50PercentApprReqd]
[17-Aug-2016]::[3:16:50 PM]::[INFO]::[Call() ends time taken: 22  error count :0]
[17-Aug-2016]::[3:16:50 PM]::[INFO]::[submit itr starts]
[17-Aug-2016]::[3:16:51 PM]::[INFO]::[Time taken to start generateXml(): 5]
[17-Aug-2016]::[3:16:51 PM]::[INFO]::[outputfilePathC:\Users\user9\AppData\Local\Temp\ITR21140143043827656078139553696.xml,generateXmlFlag: true]
[17-Aug-2016]::[3:16:51 PM]::[INFO]::[done with schema error; 0]
[17-Aug-2016]::[3:16:51 PM]::[INFO]::[Time taken to generate: 286]
[17-Aug-2016]::[3:16:51 PM]::[INFO]::[initialize submit itr starts]
[17-Aug-2016]::[3:16:51 PM]::[SEVERE]::[initUsbTokens error]
java.security.GeneralSecurityException: No Certificate found in your keystore
	at com.tcs.efiling.itr.config.UsbTokenUtil.getUsbTokenData(UsbTokenUtil.java:68)
	at com.tcs.efiling.itr.main.SubmitItrDialogController.initUsbTokens(SubmitItrDialogController.java:149)
	at com.tcs.efiling.itr.main.SubmitItrDialogController.initialize(SubmitItrDialogController.java:140)
	at javafx.fxml.FXMLLoader.loadImpl(Unknown Source)
	at javafx.fxml.FXMLLoader.loadImpl(Unknown Source)
	at javafx.fxml.FXMLLoader.load(Unknown Source)
	at com.tcs.efiling.itr.main.NewITRDialog.<init>(NewITRDialog.java:36)
	at com.tcs.efiling.itr.main.MainController.OpenSubmitDialog(MainController.java:1071)
	at com.tcs.efiling.itr.main.ITRUtil$4.run(ITRUtil.java:905)
	at com.sun.javafx.application.PlatformImpl.lambda$null$173(Unknown Source)
	at java.security.AccessController.doPrivileged(Native Method)
	at com.sun.javafx.application.PlatformImpl.lambda$runLater$174(Unknown Source)
	at com.sun.glass.ui.InvokeLaterDispatcher$Future.run(Unknown Source)
	at com.sun.glass.ui.win.WinApplication._runLoop(Native Method)
	at com.sun.glass.ui.win.WinApplication.lambda$null$148(Unknown Source)
	at java.lang.Thread.run(Unknown Source)

[17-Aug-2016]::[3:16:52 PM]::[INFO]::[dscMandatory starts::ITR-4S]
[17-Aug-2016]::[3:16:52 PM]::[INFO]::[dscMandatory ends]
[17-Aug-2016]::[3:17:05 PM]::[INFO]::[url: https://www.google.co.in timeout: 30000]
[17-Aug-2016]::[3:17:06 PM]::[INFO]::[validateDSCKey ends with flag: true]
[17-Aug-2016]::[3:17:06 PM]::[INFO]::[file : .\draft.draft]
[17-Aug-2016]::[3:17:06 PM]::[INFO]::[file : .\ITR]
[17-Aug-2016]::[3:17:06 PM]::[INFO]::[file : .\ITR-4S_AY201516_PR7.jar]
[17-Aug-2016]::[3:17:06 PM]::[INFO]::[hash : 50AB66C625BA1B159A485E8BC4446B1A3C097834F9A57DB1747342087A77CB94]
[17-Aug-2016]::[3:17:06 PM]::[INFO]::[submitHash : 49C6FAC67450D5EED7725BCEF5066F5407C3A66B876E1879DCC8BB5E62AF4344]
[17-Aug-2016]::[3:17:06 PM]::[INFO]::[webservie url: https://incometaxindiaefiling.gov.in/e-FilingWS/ditws]
[17-Aug-2016]::[3:17:06 PM]::[INFO]::[Thread call starts]
[17-Aug-2016]::[3:17:06 PM]::[INFO]::[sendRequest starts]
[17-Aug-2016]::[3:17:16 PM]::[INFO]::[Soap fault: null]
[17-Aug-2016]::[3:17:16 PM]::[INFO]::[ackNo: 413327270170816 ,transactionId:3289351368,emailId:tusharmohite0@gmail.com]
[17-Aug-2016]::[3:17:16 PM]::[INFO]::[Thread call ends : time taken: 10326]
[17-Aug-2016]::[3:17:16 PM]::[INFO]::[cancel caled]
[17-Aug-2016]::[3:17:16 PM]::[INFO]::[Writing to file: C:\Users\user9\AppData\Local\Temp\ITRvFile9175267805061925207376949323.zip]
[17-Aug-2016]::[3:17:16 PM]::[INFO]::[initialize starts]
[17-Aug-2016]::[3:17:16 PM]::[INFO]::[loadITRVPage stats with transaction id 3289351368 ,email tusharmohite0@gmail.com]
