detecting proxies
proxy type: DIRECT
No Proxy
onlineservices.tin.egov-nsdl.com
the proxy validator is true
detecting proxies
proxy type: DIRECT
No Proxy
onlineservices.tin.egov-nsdl.com
--result--6.0^2.156^2.1288
FVU_Electronic_after2010116.0
FVU_Electronic_before2010112.156
FVU_Paper2.1288
FVU path: C:\\Users\\VISHAL\\Desktop\\To upload TDS\\26Q ETDS - 2011-12 -Q2\\MO026Q2Cerror.txt
--TO CHECK FVU VERSION-- 4.5
Inside RPU func
Inside RPU func 1
Thje cons File name is 75
The 20 digit Hash code is  00000000000080194144
The Hash value in file 00000000000080194144
The upload type CThe Cons hash in file 00000000000080194144-
In else part of is cons valid
To Continue 0
