The part added gets called returns true for value TaxPro e-TDS Professional
BATCH VALIDATION STARTED
................ 0
................ 0
................ 6
................ 6
isFinYrGrtrthn:- false
 PersonResponsilblePAN :: ABBPM5358D
PersonResponsilblePAN.trim().length() ::10
................ 0
................ 0
................ 6
................ 6
isFinYrGrtrthn:- false
 PersonResponsilblePAN :: ABBPM5358D
PersonResponsilblePAN.trim().length() ::10
Validating Challan 1
Validating Challan For Batch Number3
Value of forCSIfile  :: false
TanNameFromTxtFile ::  OFFICE OF THE CHIEF ENGINEER (WZ)   TanNameFromCSIFile :: null
TanFromTxtFile ::  MUMO02862G   TanFromCSIFile  :: null
 STARTING DEDUTEE VALIDATION FOR CHALLAN 1
RateAtWhichTaxDeducted1.9999
RateAtWhichTaxDeducted2.0000
Validating Challan 2
Validating Challan For Batch Number3
Value of forCSIfile  :: false
TanNameFromTxtFile ::  OFFICE OF THE CHIEF ENGINEER (WZ)   TanNameFromCSIFile :: null
TanFromTxtFile ::  MUMO02862G   TanFromCSIFile  :: null
 STARTING DEDUTEE VALIDATION FOR CHALLAN 2
RateAtWhichTaxDeducted2.0006
RateAtWhichTaxDeducted2.0000
RateAtWhichTaxDeducted2.0000
RateAtWhichTaxDeducted2.0000
RateAtWhichTaxDeducted2.0357
RateAtWhichTaxDeducted1.9048
RateAtWhichTaxDeducted2.0000
RateAtWhichTaxDeducted2.0000
RateAtWhichTaxDeducted2.0000
Validating Challan 3
Validating Challan For Batch Number3
Value of forCSIfile  :: false
TanNameFromTxtFile ::  OFFICE OF THE CHIEF ENGINEER (WZ)   TanNameFromCSIFile :: null
TanFromTxtFile ::  MUMO02862G   TanFromCSIFile  :: null
 STARTING DEDUTEE VALIDATION FOR CHALLAN 3
RateAtWhichTaxDeducted2.0000
RateAtWhichTaxDeducted2.0000
RateAtWhichTaxDeducted2.0000
RateAtWhichTaxDeducted2.0035
Validating Challan 4
Validating Challan For Batch Number3
Value of forCSIfile  :: false
TanNameFromTxtFile ::  OFFICE OF THE CHIEF ENGINEER (WZ)   TanNameFromCSIFile :: null
TanFromTxtFile ::  MUMO02862G   TanFromCSIFile  :: null
 STARTING DEDUTEE VALIDATION FOR CHALLAN 4
RateAtWhichTaxDeducted2.0000
RateAtWhichTaxDeducted2.0000
 END OF :::BIFERCATING CHALAN AND TV AND CIN CHECKINGMon Feb 25 18:52:58 IST 2019
Field Validation of file is compleated sucessfully
START # 25-02-2019 18:52:59.122
 Original file object created and file exist
tempFileName String cretaed ::  C://Users//VISHAL//Desktop//To upload TDS//26Q ETDS - 2011-12 -Q2//MO026Q2C_temp.fvu
 brtTemp object created for temp file
String line created 
isAppendForNextLine (Inside if condition ) :: 1
 After appending line 2^24^FVU 6.0^00000000000000000000^SAM 1.0^00000000000000000000^19022518525943591357
f.close()
f = null
brTemp.flush()
brTemp.close()
brTemp = null;
END # 25-02-2019 18:52:59.122
Original file is deleted
Temp file renamed
In processCINFile method
the challan count is 22
the cinFileLevelHC no. is00000000000010393402
Return Hash Code = 0
searchbarcode called
Barcodeval :19022518525943591357
Barcode is present
Hash Validation of file is done sucessfully
Inside generateStatisticFile Method 
FileGenerator.java ParseString() method is called 
FileGenerator.java ParseString() method is returning 
FileGenerator.java createStatisticFileString() method is called
 Entering writeStatisticFile() Method Mon Feb 25 18:52:59 IST 2019
 Exiting writeStatisticFile() Method Mon Feb 25 18:52:59 IST 2019
FileGenerator.java createStatisticFileString() method is returning
FileGenerator.java ParseString() method is called 
FileGenerator.java ParseString() method is returning 
FileGenerator.java createStatisticFileString() method is called
 Entering writeStatisticFile() Method Mon Feb 25 18:52:59 IST 2019
 Exiting writeStatisticFile() Method Mon Feb 25 18:52:59 IST 2019
FileGenerator.java createStatisticFileString() method is returning
 length : 70
 length : 70
 length : 69
 length : 70
 BARCODE :- 19022518525943591357
Inside generateForm27A
 Entering writePdfFile() Method Mon Feb 25 18:52:59 IST 2019
 Exiting writePdfFile() Method Mon Feb 25 18:52:59 IST 2019
pdf generatedtrue
END TIME : Mon Feb 25 18:53:00 IST 2019
--DESKTOP OBJECT: java.awt.Desktop@626c44e7
--error file path: C:\\Users\\VISHAL\\Desktop\\To upload TDS\\26Q ETDS - 2011-12 -Q2\
--dir to open object: C:\Users\VISHAL\Desktop\To upload TDS\26Q ETDS - 2011-12 -Q2
the text error file path is C:\\Users\\VISHAL\\Desktop\\To upload TDS\\26Q ETDS - 2011-12 -Q2\
the errorFileNameSAM is C:\\Users\\VISHAL\\Desktop\\To upload TDS\\26Q ETDS - 2011-12 -Q2\\MO026Q2Cerror.txt
