[28-Oct-2016]::[10:25:39 PM]::[INFO]::[init starts]
[28-Oct-2016]::[10:25:39 PM]::[INFO]::[ITRConfigUtil.getConfigURL(): java.io.FileInputStream@1b7c9a0]
[28-Oct-2016]::[10:25:39 PM]::[INFO]::[url jar:file:/E:/PERSONAL/Business/IT%20RETURNS/Sachin%20Ghadge/AY%202015-16/ITR-4S_AY201516_PR9.jar!/META-INF/MANIFEST.MF]
[28-Oct-2016]::[10:25:39 PM]::[INFO]::[2015-16 :: ITR-4S :: 1.0]
[28-Oct-2016]::[10:25:39 PM]::[INFO]::[init ends in 196 ms.]
[28-Oct-2016]::[10:25:39 PM]::[INFO]::[MainLoader start method starts]
[28-Oct-2016]::[10:25:39 PM]::[INFO]::[Before Validating fileListCommonScript ]
[28-Oct-2016]::[10:25:39 PM]::[INFO]::[Before Validating fileListItrAy ]
[28-Oct-2016]::[10:25:39 PM]::[INFO]::[Before Validating fileListConfig ]
[28-Oct-2016]::[10:25:39 PM]::[INFO]::[Before Validating verifySignature ]
[28-Oct-2016]::[10:25:39 PM]::[INFO]::[verifies : true]
[28-Oct-2016]::[10:25:39 PM]::[INFO]::[Is utiltity valid ::true]
[28-Oct-2016]::[10:25:39 PM]::[INFO]::[openNewITR starts with values: asstYear:2015-16,itr:ITR-4S,ver:1.0,importXml:null]
[28-Oct-2016]::[10:25:39 PM]::[INFO]::[Opening ITR: ITR-4S For AsstYear: 2015-16]
[28-Oct-2016]::[10:25:39 PM]::[INFO]::[generateCopy starts]
[28-Oct-2016]::[10:25:39 PM]::[INFO]::[initialize starts]
[28-Oct-2016]::[10:25:39 PM]::[INFO]::[initialize ends]
[28-Oct-2016]::[10:25:39 PM]::[INFO]::[hideShowValidation starts]
[28-Oct-2016]::[10:25:39 PM]::[INFO]::[webViewActWidth in: 1079.14,vboxActWidth:  232.22000000000003,mainController.windowWidth: 1366.0]
[28-Oct-2016]::[10:25:39 PM]::[INFO]::[hide validation]
[28-Oct-2016]::[10:25:39 PM]::[INFO]::[hideShowValidation ends]
[28-Oct-2016]::[10:25:40 PM]::[INFO]::[Time taken in openNewITR(): 297]
[28-Oct-2016]::[10:25:40 PM]::[INFO]::[calculateITR starts]
[28-Oct-2016]::[10:25:40 PM]::[INFO]::[calculateITR ok starts]
[28-Oct-2016]::[10:25:40 PM]::[INFO]::[mainController.windowWidth new : 1366.0]
[28-Oct-2016]::[10:25:40 PM]::[INFO]::[MainLoader start method ends. Time taken: 1152]
[28-Oct-2016]::[10:25:41 PM]::[INFO]::[javascript: to run: ]
[28-Oct-2016]::[10:25:41 PM]::[INFO]::[time taken in changed : 183]
[28-Oct-2016]::[10:27:05 PM]::[INFO]::[importXmlDialog starts]
[28-Oct-2016]::[10:27:16 PM]::[INFO]::[openNewITR starts with values: asstYear:2015-16,itr:ITR-4S,ver:1.0,importXml:E:\PERSONAL\Business\IT RETURNS\Sachin Ghadge\AY 2015-16\DRAFT.draft]
[28-Oct-2016]::[10:27:16 PM]::[INFO]::[Opening ITR: ITR-4S For AsstYear: 2015-16]
[28-Oct-2016]::[10:27:16 PM]::[INFO]::[generateCopy starts]
[28-Oct-2016]::[10:27:16 PM]::[INFO]::[hideShowValidation starts]
[28-Oct-2016]::[10:27:16 PM]::[INFO]::[show validation]
[28-Oct-2016]::[10:27:16 PM]::[INFO]::[hideShowValidation ends]
[28-Oct-2016]::[10:27:16 PM]::[INFO]::[Time taken in openNewITR(): 28]
[28-Oct-2016]::[10:27:16 PM]::[INFO]::[importXmlDialog ends]
[28-Oct-2016]::[10:27:16 PM]::[INFO]::[IMPORT_HTML_FIELD_VALUE: {itr4S.creationInfo.swVersionNo=[R1], itr4S.creationInfo.swCreatedBy=[SW10000002], itr4S.creationInfo.xmlCreationDate=[28/10/2016], itr4S.creationInfo.intermediaryCity=[Delhi], itr4S.formITR4S.description=[For Indl having Income From Presemptive Business], itr4S.formITR4S.schemaVer=[Ver1.0], itr4S.personalInfo.assesseeName.firstName=[SACHIN], itr4S.personalInfo.assesseeName.middleName=[RAMCHANDRA], itr4S.personalInfo.assesseeName.surNameOrOrgName=[GHADGE], itr4S.personalInfo.pan=[AOVPG9179D], itr4S.personalInfo.address.residenceNo=[1 ST FLOOR], itr4S.personalInfo.address.residenceName=[EMPIRE VYAS BUILDING], itr4S.personalInfo.address.roadOrStreet=[ABOVE ROYAL CHALEH REST A], itr4S.personalInfo.address.localityOrArea=[OPP HITTHCO EE HIGHWAY], itr4S.personalInfo.address.cityOrTownOrDistrict=[THANE], itr4S.personalInfo.address.stateCode=[19], itr4S.personalInfo.address.country=[91], itr4S.personalInfo.address.pinCode=[400604], itr4S.personalInfo.address.phone.stDcode=[], itr4S.personalInfo.address.phone.phoneNo=[], itr4S.personalInfo.address.mobileNo=[9619156719], itr4S.personalInfo.address.secMobileNo=[], itr4S.personalInfo.address.emailAddress=[tusharmohite0@gmail.com], itr4S.personalInfo.dob=[12/08/1983], itr4S.personalInfo.gender=[M], itr4S.personalInfo.status=[I], itr4S.filingStatus.adharNoOption=[Y], itr4S.filingStatus.adharNumber=[741964588847], itr4S.filingStatus.desigOfficerWardorCircle=[], itr4S.filingStatus.returnFileSec=[12], itr4S.filingStatus.ackNoOriginalReturn=[], itr4S.filingStatus.noticeNo=[], itr4S.filingStatus.noticeDate=[], itr4S.filingStatus.returnType=[O], itr4S.filingStatus.receiptNo=[], itr4S.filingStatus.origRetFiledDate=[], itr4S.filingStatus.residentialStatus=[RES], itr4S.filingStatus.taxStatus=[NT], itr4S.filingStatus.asseseeRepFlg=[], itr4S.filingStatus.assesseeRep.repName=[], itr4S.filingStatus.assesseeRep.repPAN=[], itr4S.filingStatus.portugeseCC5A=[N], itr4S.filingStatus.panOfSpouse=[], itr4S.filingStatus.noticeDateUnderSec=[], itr4S.itr4SIncomeDeductions.incomeFromBusinessProf=[240000], itr4S.itr4SIncomeDeductions.incomeFromSal=[0], itr4S.itr4SIncomeDeductions.typeOfHP=[S], itr4S.itr4SIncomeDeductions.totalIncomeOfHP=[0], itr4S.itr4SIncomeDeductions.incomeOthSrc=[0], itr4S.itr4SIncomeDeductions.grossTotIncome=[240000], itr4S.itr4SIncomeDeductions.usrDeductUndChapVIA.section80C_Usr=[0], itr4S.itr4SIncomeDeductions.usrDeductUndChapVIA.section80CCC_Usr=[0], itr4S.itr4SIncomeDeductions.usrDeductUndChapVIA.section80CCD_Usr=[0], itr4S.itr4SIncomeDeductions.usrDeductUndChapVIA.section80CCDEmployer_Usr=[0], itr4S.itr4SIncomeDeductions.usrDeductUndChapVIA.section80D_Usr=[0], itr4S.itr4SIncomeDeductions.usrDeductUndChapVIA.section80DD_Usr=[0], itr4S.itr4SIncomeDeductions.usrDeductUndChapVIA.section80DDB_Usr=[0], itr4S.itr4SIncomeDeductions.usrDeductUndChapVIA.section80E_Usr=[0], itr4S.itr4SIncomeDeductions.usrDeductUndChapVIA.section80EE_Usr=[0], itr4S.itr4SIncomeDeductions.usrDeductUndChapVIA.section80G_Usr=[0], itr4S.itr4SIncomeDeductions.usrDeductUndChapVIA.section80GG_Usr=[0], itr4S.itr4SIncomeDeductions.usrDeductUndChapVIA.section80GGC_Usr=[0], itr4S.itr4SIncomeDeductions.usrDeductUndChapVIA.section80U_Usr=[0], itr4S.itr4SIncomeDeductions.usrDeductUndChapVIA.section80RRB_Usr=[0], itr4S.itr4SIncomeDeductions.usrDeductUndChapVIA.section80QQB_Usr=[0], itr4S.itr4SIncomeDeductions.usrDeductUndChapVIA.section80IB_Usr=[], itr4S.itr4SIncomeDeductions.usrDeductUndChapVIA.section80IC_Usr=[], itr4S.itr4SIncomeDeductions.usrDeductUndChapVIA.section80JJA_Usr=[], itr4S.itr4SIncomeDeductions.usrDeductUndChapVIA.section80CCG_Usr=[0], itr4S.itr4SIncomeDeductions.usrDeductUndChapVIA.section80TTA_Usr=[0], itr4S.itr4SIncomeDeductions.usrDeductUndChapVIA.totalChapVIADeductions_Usr=[0], itr4S.itr4SIncomeDeductions.deductUndChapVIA.section80C=[0], itr4S.itr4SIncomeDeductions.deductUndChapVIA.section80CCC=[0], itr4S.itr4SIncomeDeductions.deductUndChapVIA.section80CCD=[0], itr4S.itr4SIncomeDeductions.deductUndChapVIA.section80CCDEmployer=[0], itr4S.itr4SIncomeDeductions.deductUndChapVIA.section80D=[0], itr4S.itr4SIncomeDeductions.deductUndChapVIA.section80DD=[0], itr4S.itr4SIncomeDeductions.deductUndChapVIA.section80DDB=[0], itr4S.itr4SIncomeDeductions.deductUndChapVIA.section80E=[0], itr4S.itr4SIncomeDeductions.deductUndChapVIA.section80EE=[0], itr4S.itr4SIncomeDeductions.deductUndChapVIA.section80G=[0], itr4S.itr4SIncomeDeductions.deductUndChapVIA.section80GG=[0], itr4S.itr4SIncomeDeductions.deductUndChapVIA.section80GGC=[0], itr4S.itr4SIncomeDeductions.deductUndChapVIA.section80U=[0], itr4S.itr4SIncomeDeductions.deductUndChapVIA.section80RRB=[0], itr4S.itr4SIncomeDeductions.deductUndChapVIA.section80QQB=[0], itr4S.itr4SIncomeDeductions.deductUndChapVIA.section80IA=[], itr4S.itr4SIncomeDeductions.deductUndChapVIA.section80IAB=[], itr4S.itr4SIncomeDeductions.deductUndChapVIA.section80IB=[], itr4S.itr4SIncomeDeductions.deductUndChapVIA.section80IC=[], itr4S.itr4SIncomeDeductions.deductUndChapVIA.section80ID=[], itr4S.itr4SIncomeDeductions.deductUndChapVIA.section80JJA=[], itr4S.itr4SIncomeDeductions.deductUndChapVIA.section80CCG=[0], itr4S.itr4SIncomeDeductions.deductUndChapVIA.section80TTA=[0], itr4S.itr4SIncomeDeductions.deductUndChapVIA.totalChapVIADeductions=[0], itr4S.itr4SIncomeDeductions.totalIncome=[240000], itr4S.itr4sTaxComputationOnline.totalTaxPayable=[0], itr4S.itr1TaxComputationOnline.rebate87A=[0], itr4S.ITR1TaxComputationOnline.taxPayableOnRebate=[0], itr4S.ITR1TaxComputationOnline.surchargeOnAboveCrore=[0], itr4S.itr4sTaxComputationOnline.educationCess=[0], itr4S.itr4sTaxComputationOnline.grossTaxLiability=[0], itr4S.itr4sTaxComputationOnline.section89=[0], itr4S.itr4sTaxComputationOnline.netTaxLiability=[0], itr4S.itr4sTaxComputationOnline.totalIntrstPay=[0], itr4S.itr4sTaxComputationOnline.intrstPay.intrstPayUs234A=[0], itr4S.itr4sTaxComputationOnline.intrstPay.intrstPayUs234B=[0], itr4S.itr4sTaxComputationOnline.intrstPay.intrstPayUs234C=[0], itr4S.itr4STaxComputation.intrstPay.totalIntrstPay=[], itr4S.itr4sTaxComputationOnline.totTaxPlusIntrstPay=[0], itr4S.taxPaid.taxesPaid.advanceTax=[0], itr4S.taxPaid.taxesPaid.tds=[0], itr4S.taxPaid.taxesPaid.tcs=[0], itr4S.taxPaid.taxesPaid.selfAssessmentTax=[0], itr4S.taxPaid.taxesPaid.totalTaxesPaid=[0], itr4S.taxPaid.balTaxPayable=[0], itr4S.refund.refundDue=[0], itr4S.refund.depositToBankAccount.iFSCCode=[SRCB0000099], itr4S.refund.depositToBankAccount.bankName=[The Saraswat Cooperative Bank Ltd], itr4S.refund.bankAccountNumber=[099203100004392], itr4S.refund.depositToBankAccount.bankAccountType=[SAV], itr4S.scheduleBA[0].ifscCode=[], itr4S.scheduleBA[0].bankName=[], itr4S.scheduleBA[0].accNo=[], itr4S.scheduleBA[0].bankAccType=[], itr4S.scheduleBA.noOfBankAcc=[1], itr4S.taxExmpIntInc=[], itr4S.verification.declaration.assesseeVerName=[SACHIN RAMCHANDRA GHADGE], itr4S.verification.declaration.fatherName=[RAMCHANDRA GHADGE], itr4S.verification.declaration.assesseeVerPAN=[AOVPG9179D], itr4S.verification.place=[MUMBAI], itr4S.verification.date=[28/10/2016], itr4S.natOfBus.business[0].code=[0713], itr4S.natOfBus.business[1].code=[], itr4S.natOfBus.business[2].code=[], itr4S.natOfBus.business[0].trade.tradeName=[, , ], itr4S.natOfBus.business[1].trade.tradeName=[, , ], itr4S.natOfBus.business[2].trade.tradeName=[, , ], itr4S.scheduleBPForITR4S.persumptiveInc44AD.grsTrnOverOrReceipt=[435000], itr4S.scheduleBPForITR4S.persumptiveInc44AD.totPersumptiveInc44AD=[240000], itr4S.scheduleBPForITR4S.persumptiveInc44AE.totPersumInc44AE=[0], itr4S.scheduleBPForITR4S.incChargeableUnderBus=[240000], itr4S.scheduleBPForITR4S.noBooksOfAccBS.totSundryDbtAmt=[8000], itr4S.scheduleBPForITR4S.noBooksOfAccBS.totSundryCrdAmt=[7600], itr4S.scheduleBPForITR4S.noBooksOfAccBS.totStkInTradAmt=[5900], itr4S.scheduleBPForITR4S.noBooksOfAccBS.cashBalAmt=[14800], itr4S.totalHeavyVehcl=[0]}]
[28-Oct-2016]::[10:27:16 PM]::[SEVERE]::[Error in setValuesSingle: itr4S.creationInfo.swVersionNo val:R1, index:0]
[28-Oct-2016]::[10:27:16 PM]::[SEVERE]::[Error in setValuesSingle: itr4S.creationInfo.swCreatedBy val:SW10000002, index:0]
[28-Oct-2016]::[10:27:16 PM]::[SEVERE]::[Error in setValuesSingle: itr4S.creationInfo.intermediaryCity val:Delhi, index:0]
[28-Oct-2016]::[10:27:16 PM]::[SEVERE]::[Error in setValuesSingle: itr4S.formITR4S.description val:For%20Indl%20having%20Income%20From%20Presemptive%20Business, index:0]
[28-Oct-2016]::[10:27:16 PM]::[SEVERE]::[Error in setValuesSingle: itr4S.formITR4S.schemaVer val:Ver1.0, index:0]
[28-Oct-2016]::[10:27:16 PM]::[SEVERE]::[Error in setValuesSingle: itr4S.ITR1TaxComputationOnline.taxPayableOnRebate val:0, index:0]
[28-Oct-2016]::[10:27:16 PM]::[SEVERE]::[Error in setValuesSingle: itr4S.ITR1TaxComputationOnline.surchargeOnAboveCrore val:0, index:0]
[28-Oct-2016]::[10:27:16 PM]::[INFO]::[time taken in importxml function: 57]
[28-Oct-2016]::[10:27:16 PM]::[INFO]::[javascript: to run: ]
[28-Oct-2016]::[10:27:16 PM]::[INFO]::[time taken in changed : 143]
[28-Oct-2016]::[10:28:04 PM]::[INFO]::[Time taken to start generateXml(): 7]
[28-Oct-2016]::[10:28:04 PM]::[INFO]::[outputfilePathE:\PERSONAL\Business\IT RETURNS\Sachin Ghadge\AY 2015-16\DRAFT.draft,generateXmlFlag: false]
[28-Oct-2016]::[10:28:04 PM]::[INFO]::[Time taken to generate: 160]
[28-Oct-2016]::[10:28:29 PM]::[INFO]::[show validation]
[28-Oct-2016]::[10:28:29 PM]::[INFO]::[Time taken in validateAll(): 0]
[28-Oct-2016]::[10:28:29 PM]::[INFO]::[No validation for field: requestId]
[28-Oct-2016]::[10:28:29 PM]::[INFO]::[No validation for field: itr4S.creationInfo.xmlCreationDate]
[28-Oct-2016]::[10:28:29 PM]::[INFO]::[No validation for field: totalPage]
[28-Oct-2016]::[10:28:29 PM]::[INFO]::[No validation for field: returnType]
[28-Oct-2016]::[10:28:29 PM]::[INFO]::[No validation for field: customReturnType]
[28-Oct-2016]::[10:28:29 PM]::[INFO]::[No validation for field: ]
[28-Oct-2016]::[10:28:29 PM]::[INFO]::[No validation for field: itr4S.currentPage]
[28-Oct-2016]::[10:28:29 PM]::[INFO]::[No validation for field: itr4S.filingStatus.adharNoOption]
[28-Oct-2016]::[10:28:29 PM]::[INFO]::[No validation for field: itr4S.itr4sTaxComputationOnline.surchargeOnTaxPayable]
[28-Oct-2016]::[10:28:29 PM]::[INFO]::[No validation for field: itr4S.us44aeHeavy[0].chosenCheckBox]
[28-Oct-2016]::[10:28:29 PM]::[INFO]::[No validation for field: __checkbox_itr4S.us44aeHeavy[0].chosenCheckBox]
[28-Oct-2016]::[10:28:29 PM]::[INFO]::[No validation for field: Count_SCH_IT]
[28-Oct-2016]::[10:28:29 PM]::[INFO]::[No validation for field: itr4S.natOfBus.business[0].chosenCheckBox]
[28-Oct-2016]::[10:28:29 PM]::[INFO]::[No validation for field: __checkbox_scheduleFA.detailsOfTrustOutIndiaTrustee[0].chosenCheckBox]
[28-Oct-2016]::[10:28:29 PM]::[INFO]::[No validation for field: itr4S.natOfBus.business[0].trade.tradeName]
[28-Oct-2016]::[10:28:29 PM]::[INFO]::[No validation for field: itr4S.scheduleBPForITR4S.incChargeableUnderBus]
[28-Oct-2016]::[10:28:29 PM]::[INFO]::[No validation for field: itr4S.tdSonSalaries.tdSonSalary[0].employerOrDeductorOrCollectDetl.chosenCheckBox]
[28-Oct-2016]::[10:28:29 PM]::[INFO]::[No validation for field: __checkbox_itr4S.tdSonSalaries.tdSonSalary[0].employerOrDeductorOrCollectDetl.chosenCheckBox]
[28-Oct-2016]::[10:28:29 PM]::[INFO]::[No validation for field: itr4S.tdSonSalaries.tdSonSalary.totalTaxDeducted]
[28-Oct-2016]::[10:28:29 PM]::[INFO]::[No validation for field: Count_SCH_TDS1]
[28-Oct-2016]::[10:28:29 PM]::[INFO]::[No validation for field: itr4S.tdSonOthThanSals.tdSonOthThanSal[0].employerOrDeductorOrCollectDetl.chosenCheckBox]
[28-Oct-2016]::[10:28:29 PM]::[INFO]::[No validation for field: __checkbox_itr4S.tdSonOthThanSals.tdSonOthThanSal[0].employerOrDeductorOrCollectDetl.chosenCheckBox]
[28-Oct-2016]::[10:28:29 PM]::[INFO]::[No validation for field: itr4S.tdSonOthThanSals.tdSonOthThanSal.claimOutOfTotTDSOnAmtPaid]
[28-Oct-2016]::[10:28:29 PM]::[INFO]::[No validation for field: itr4S.scheduleTCS.tcs[0].chosenCheckBox]
[28-Oct-2016]::[10:28:29 PM]::[INFO]::[No validation for field: __checkbox_itr4S.scheduleTCS.tcs[0].chosenCheckBox]
[28-Oct-2016]::[10:28:29 PM]::[INFO]::[No validation for field: itr4S.scheduleTCS.tcs.amtTCSClaimedThisYear]
[28-Oct-2016]::[10:28:29 PM]::[INFO]::[No validation for field: itr4S.scheduleIT.taxPayment[0].chosenCheckBox]
[28-Oct-2016]::[10:28:29 PM]::[INFO]::[No validation for field: __checkbox_itr4S.scheduleIT.taxPayment[0].chosenCheckBox]
[28-Oct-2016]::[10:28:29 PM]::[INFO]::[No validation for field: itr4S.scheduleIT.taxPayment.amt]
[28-Oct-2016]::[10:28:29 PM]::[INFO]::[No validation for field: itr4S.taxPaid.taxesPaid.tcs]
[28-Oct-2016]::[10:28:29 PM]::[INFO]::[No validation for field: itr4S.schedule80G.don100Percent.doneeWithPan[0].chosenCheckBox]
[28-Oct-2016]::[10:28:29 PM]::[INFO]::[No validation for field: __checkbox_itr4S.schedule80G.don100Percent.doneeWithPan[0].chosenCheckBox]
[28-Oct-2016]::[10:28:29 PM]::[INFO]::[No validation for field: itr4S.schedule80G.don100Percent.doneeWithPan[0].eligibleDonationAmt]
[28-Oct-2016]::[10:28:29 PM]::[INFO]::[No validation for field: itr4S.schedule80G.don100Percent.totDon100Percent]
[28-Oct-2016]::[10:28:29 PM]::[INFO]::[No validation for field: itr4S.schedule80G.don100Percent.totEligibleDon100Percent]
[28-Oct-2016]::[10:28:29 PM]::[INFO]::[No validation for field: itr4S.schedule80G.don50PercentNoApprReqd.doneeWithPan[0].chosenCheckBox]
[28-Oct-2016]::[10:28:29 PM]::[INFO]::[No validation for field: __checkbox_itr4S.schedule80G.don50PercentNoApprReqd.doneeWithPan[0].chosenCheckBox]
[28-Oct-2016]::[10:28:29 PM]::[INFO]::[No validation for field: itr4S.schedule80G.don50PercentNoApprReqd.doneeWithPan[0].eligibleDonationAmt]
[28-Oct-2016]::[10:28:29 PM]::[INFO]::[No validation for field: itr4S.schedule80G.don50PercentNoApprReqd.totDon50PercentNoApprReqd]
[28-Oct-2016]::[10:28:29 PM]::[INFO]::[No validation for field: itr4S.schedule80G.don50PercentNoApprReqd.totEligibleDon50Percent]
[28-Oct-2016]::[10:28:29 PM]::[INFO]::[No validation for field: itr4S.schedule80G.don100PercentApprReqd.doneeWithPan[0].chosenCheckBox]
[28-Oct-2016]::[10:28:29 PM]::[INFO]::[No validation for field: __checkbox_itr4S.schedule80G.don100PercentApprReqd.doneeWithPan[0].chosenCheckBox]
[28-Oct-2016]::[10:28:29 PM]::[INFO]::[No validation for field: itr4S.schedule80G.don100PercentApprReqd.doneeWithPan[0].eligibleDonationAmt]
[28-Oct-2016]::[10:28:29 PM]::[INFO]::[No validation for field: itr4S.schedule80G.don100PercentApprReqd.totDon100PercentApprReqd]
[28-Oct-2016]::[10:28:29 PM]::[INFO]::[No validation for field: itr4S.schedule80G.don100PercentApprReqd.totEligibleDon100PercentApprReqd]
[28-Oct-2016]::[10:28:29 PM]::[INFO]::[No validation for field: itr4S.schedule80G.don50PercentApprReqd.doneeWithPan[0].chosenCheckBox]
[28-Oct-2016]::[10:28:29 PM]::[INFO]::[No validation for field: __checkbox_itr4S.schedule80G.don50PercentApprReqd.doneeWithPan[0].chosenCheckBox]
[28-Oct-2016]::[10:28:29 PM]::[INFO]::[No validation for field: itr4S.schedule80G.don50PercentApprReqd.doneeWithPan[0].eligibleDonationAmt]
[28-Oct-2016]::[10:28:29 PM]::[INFO]::[No validation for field: itr4S.schedule80G.don50PercentApprReqd.totDon50PercentApprReqd]
[28-Oct-2016]::[10:28:29 PM]::[INFO]::[No validation for field: itr4S.schedule80G.don50PercentApprReqd.totEligibleDon50PercentApprReqd]
[28-Oct-2016]::[10:28:29 PM]::[INFO]::[Call() ends time taken: 50  error count :0]
[28-Oct-2016]::[10:28:29 PM]::[INFO]::[submit itr starts]
[28-Oct-2016]::[10:28:30 PM]::[INFO]::[Time taken to start generateXml(): 6]
[28-Oct-2016]::[10:28:30 PM]::[INFO]::[outputfilePathC:\Users\user9\AppData\Local\Temp\ITR-919166002994490244701677026.xml,generateXmlFlag: true]
[28-Oct-2016]::[10:28:30 PM]::[INFO]::[done with schema error; 0]
[28-Oct-2016]::[10:28:30 PM]::[INFO]::[Time taken to generate: 152]
[28-Oct-2016]::[10:28:30 PM]::[INFO]::[initialize submit itr starts]
[28-Oct-2016]::[10:28:30 PM]::[SEVERE]::[initUsbTokens error]
java.security.GeneralSecurityException: No Certificate found in your keystore
	at com.tcs.efiling.itr.config.UsbTokenUtil.getUsbTokenData(UsbTokenUtil.java:68)
	at com.tcs.efiling.itr.main.SubmitItrDialogController.initUsbTokens(SubmitItrDialogController.java:149)
	at com.tcs.efiling.itr.main.SubmitItrDialogController.initialize(SubmitItrDialogController.java:140)
	at javafx.fxml.FXMLLoader.loadImpl(FXMLLoader.java:2548)
	at javafx.fxml.FXMLLoader.loadImpl(FXMLLoader.java:2441)
	at javafx.fxml.FXMLLoader.load(FXMLLoader.java:2409)
	at com.tcs.efiling.itr.main.NewITRDialog.<init>(NewITRDialog.java:36)
	at com.tcs.efiling.itr.main.MainController.OpenSubmitDialog(MainController.java:1071)
	at com.tcs.efiling.itr.main.ITRUtil$4.run(ITRUtil.java:905)
	at com.sun.javafx.application.PlatformImpl.lambda$null$173(PlatformImpl.java:295)
	at java.security.AccessController.doPrivileged(Native Method)
	at com.sun.javafx.application.PlatformImpl.lambda$runLater$174(PlatformImpl.java:294)
	at com.sun.glass.ui.InvokeLaterDispatcher$Future.run(InvokeLaterDispatcher.java:95)
	at com.sun.glass.ui.win.WinApplication._runLoop(Native Method)
	at com.sun.glass.ui.win.WinApplication.lambda$null$148(WinApplication.java:191)
	at java.lang.Thread.run(Unknown Source)

[28-Oct-2016]::[10:28:30 PM]::[INFO]::[dscMandatory starts::ITR-4S]
[28-Oct-2016]::[10:28:30 PM]::[INFO]::[dscMandatory ends]
[28-Oct-2016]::[10:28:38 PM]::[INFO]::[url: https://www.google.co.in timeout: 30000]
[28-Oct-2016]::[10:28:39 PM]::[INFO]::[validateDSCKey ends with flag: true]
[28-Oct-2016]::[10:28:39 PM]::[INFO]::[file : .\ITR]
[28-Oct-2016]::[10:28:39 PM]::[INFO]::[file : .\ITR-4S_AY201516_PR9.jar]
[28-Oct-2016]::[10:28:39 PM]::[INFO]::[hash : F26C79BA1CF7ED790A79EE702F0573C46BF684D24301F9F1B9688B8AEA162A9D]
[28-Oct-2016]::[10:28:39 PM]::[INFO]::[submitHash : EBEAF67098B20925BF90D7959ECC9CA225FCB1C6AA7DB9AB27DC365E5785EB0E]
[28-Oct-2016]::[10:28:39 PM]::[INFO]::[webservie url: https://incometaxindiaefiling.gov.in/e-FilingWS/ditws]
[28-Oct-2016]::[10:28:39 PM]::[INFO]::[Thread call starts]
[28-Oct-2016]::[10:28:39 PM]::[INFO]::[sendRequest starts]
[28-Oct-2016]::[10:28:41 PM]::[INFO]::[Soap fault: null]
[28-Oct-2016]::[10:28:41 PM]::[INFO]::[ackNo: 522913490281016 ,transactionId:3463325114,emailId:tusharmohite0@gmail.com]
[28-Oct-2016]::[10:28:41 PM]::[INFO]::[cancel caled]
[28-Oct-2016]::[10:28:41 PM]::[INFO]::[Thread call ends : time taken: 1735]
[28-Oct-2016]::[10:28:41 PM]::[INFO]::[Writing to file: C:\Users\user9\AppData\Local\Temp\ITRvFile-11146717851650853610117315674.zip]
[28-Oct-2016]::[10:28:41 PM]::[INFO]::[initialize starts]
[28-Oct-2016]::[10:28:41 PM]::[INFO]::[loadITRVPage stats with transaction id 3463325114 ,email tusharmohite0@gmail.com]
