[21-Aug-2016]::[7:38:05 PM]::[com.itd.efiling.itr.main.ctrl.ThreeRedLightsIlluminate init]::[INFO]::[init starts]
[21-Aug-2016]::[7:38:06 PM]::[com.itd.efiling.itr.common.util.j setUtilityParams]::[INFO]::[url jar:file:/D:/Tushar%20Data/Business/IT%20RETURNS/Dileep%20Patil/AY%202016-17/ITR-1_2016/ITR-1_AY201617_PR3.jar!/META-INF/MANIFEST.MF]
[21-Aug-2016]::[7:38:06 PM]::[com.itd.efiling.itr.common.util.j setUtilityParams]::[INFO]::[2016-17 :: ITR-1 :: ]
[21-Aug-2016]::[7:38:06 PM]::[com.itd.efiling.itr.main.ctrl.ThreeRedLightsIlluminate init]::[INFO]::[init ends in 47 ms.]
[21-Aug-2016]::[7:38:06 PM]::[com.itd.efiling.itr.main.ctrl.ThreeRedLightsIlluminate start]::[INFO]::[MainLoader start method starts]
[21-Aug-2016]::[7:38:07 PM]::[com.itd.efiling.itr.main.ctrl.d initialize]::[INFO]::[initialize starts]
[21-Aug-2016]::[7:38:07 PM]::[com.itd.efiling.itr.common.util.c b]::[INFO]::[Before Validating fileListCommonScript ]
[21-Aug-2016]::[7:38:08 PM]::[com.itd.efiling.itr.common.util.c b]::[INFO]::[Before Validating fileListItrAy ]
[21-Aug-2016]::[7:38:08 PM]::[com.itd.efiling.itr.common.util.c b]::[INFO]::[Before Validating fileListConfig ]
[21-Aug-2016]::[7:38:09 PM]::[com.itd.efiling.itr.common.util.c b]::[INFO]::[Before Validating verifySignature ]
[21-Aug-2016]::[7:38:09 PM]::[com.itd.efiling.itr.common.util.c a]::[INFO]::[verifies : true]
[21-Aug-2016]::[7:38:09 PM]::[com.itd.efiling.itr.main.ctrl.d initialize]::[INFO]::[Is utiltity valid ::true]
[21-Aug-2016]::[7:38:09 PM]::[com.itd.efiling.itr.a.a.d c]::[INFO]::[loadingDialog starts]
[21-Aug-2016]::[7:38:09 PM]::[com.itd.efiling.itr.a.a.a <init>]::[INFO]::[CommonDialog starts]
[21-Aug-2016]::[7:38:09 PM]::[com.itd.efiling.itr.a.a.a <init>]::[INFO]::[CommonDialog ends]
[21-Aug-2016]::[7:38:09 PM]::[com.itd.efiling.itr.a.a.d c]::[INFO]::[loadingDialog ends]
[21-Aug-2016]::[7:38:09 PM]::[com.itd.efiling.itr.main.ctrl.a b]::[INFO]::[hide validation]
[21-Aug-2016]::[7:38:09 PM]::[com.itd.efiling.itr.main.ctrl.d a]::[INFO]::[importFile : null]
[21-Aug-2016]::[7:38:10 PM]::[com.itd.efiling.itr.main.ctrl.d initialize]::[INFO]::[initialize ends: time taken: 2397ms]
[21-Aug-2016]::[7:38:10 PM]::[com.itd.efiling.itr.main.ctrl.d initialize]::[INFO]::[initialize ends: time taken: 1ms]
[21-Aug-2016]::[7:38:10 PM]::[com.sun.javafx.css.parser.CSSParser declaration]::[WARNING]::[CSS Error parsing '*{-fx-font-weight: bold;-fx-font: 22px;}: Expected '<font-family>' while parsing '-fx-font' at [1,34]]
[21-Aug-2016]::[7:38:10 PM]::[com.sun.javafx.css.parser.CSSParser declaration]::[WARNING]::[CSS Error parsing '*{-fx-background-color: linear-gradient(#3A5058, #6aa2b1);-fx-font-weight: bold;-fx-font: 22px;}: Expected '<font-family>' while parsing '-fx-font' at [1,90]]
[21-Aug-2016]::[7:38:10 PM]::[com.itd.efiling.itr.main.ctrl.ThreeRedLightsIlluminate start]::[INFO]::[mainController.windowWidth new : 1366.0]
[21-Aug-2016]::[7:38:10 PM]::[com.itd.efiling.itr.main.ctrl.ThreeRedLightsIlluminate start]::[INFO]::[1366.0 :: 1079.14 :: 232.22000000000003]
[21-Aug-2016]::[7:38:10 PM]::[com.itd.efiling.itr.main.ctrl.ThreeRedLightsIlluminate start]::[INFO]::[MainLoader start method ends. Time taken: 4620]
[21-Aug-2016]::[7:38:11 PM]::[com.itd.efiling.itr.common.a.a a]::[INFO]::[oldState  : RUNNING newState : SUCCEEDED]
[21-Aug-2016]::[7:38:11 PM]::[com.itd.efiling.itr.common.a.a a]::[INFO]::[jsobj [object Window]]
[21-Aug-2016]::[7:38:14 PM]::[com.itd.efiling.itr.common.a.a a]::[INFO]::[time taken in changed : 54]
[21-Aug-2016]::[7:38:32 PM]::[com.itd.efiling.itr.toolbar.b importXml]::[INFO]::[importXmlDialog starts]
[21-Aug-2016]::[7:38:32 PM]::[com.itd.efiling.itr.a.a.e a]::[INFO]::[extension : .open title : null type : false]
[21-Aug-2016]::[7:38:35 PM]::[com.itd.efiling.itr.toolbar.b importXml]::[INFO]::[importXmlDialog ends]
[21-Aug-2016]::[7:38:38 PM]::[com.itd.efiling.itr.toolbar.b importXml]::[INFO]::[importXmlDialog starts]
[21-Aug-2016]::[7:38:38 PM]::[com.itd.efiling.itr.a.a.e a]::[INFO]::[extension : .open title : null type : false]
[21-Aug-2016]::[7:38:52 PM]::[com.itd.efiling.itr.toolbar.b a]::[INFO]::[Actual ITR ITR-1 Actual assesment year2016-17]
[21-Aug-2016]::[7:38:52 PM]::[com.itd.efiling.itr.toolbar.b a]::[INFO]::[Imported ITR ITR-1 Imported assesment year2016-17]
[21-Aug-2016]::[7:38:52 PM]::[com.itd.efiling.itr.a.a.d c]::[INFO]::[loadingDialog starts]
[21-Aug-2016]::[7:38:52 PM]::[com.itd.efiling.itr.a.a.a <init>]::[INFO]::[CommonDialog starts]
[21-Aug-2016]::[7:38:52 PM]::[com.itd.efiling.itr.a.a.a <init>]::[INFO]::[CommonDialog ends]
[21-Aug-2016]::[7:38:52 PM]::[com.itd.efiling.itr.a.a.d c]::[INFO]::[loadingDialog ends]
[21-Aug-2016]::[7:38:52 PM]::[com.itd.efiling.itr.main.ctrl.a b]::[INFO]::[hide validation]
[21-Aug-2016]::[7:38:52 PM]::[com.itd.efiling.itr.main.ctrl.d a]::[INFO]::[importFile : D:\Tushar Data\Business\IT RETURNS\Dileep Patil\AY 2016-17\RETURN.xml]
[21-Aug-2016]::[7:38:52 PM]::[com.itd.efiling.itr.common.a.a a]::[INFO]::[oldState  : SUCCEEDED newState : READY]
[21-Aug-2016]::[7:38:52 PM]::[com.itd.efiling.itr.common.a.a a]::[INFO]::[oldState  : READY newState : SCHEDULED]
[21-Aug-2016]::[7:38:52 PM]::[com.itd.efiling.itr.common.a.a a]::[INFO]::[oldState  : SCHEDULED newState : RUNNING]
[21-Aug-2016]::[7:38:52 PM]::[com.itd.efiling.itr.toolbar.b importXml]::[INFO]::[importXmlDialog ends]
[21-Aug-2016]::[7:38:53 PM]::[com.itd.efiling.itr.common.a.a a]::[INFO]::[oldState  : RUNNING newState : SUCCEEDED]
[21-Aug-2016]::[7:38:53 PM]::[com.itd.efiling.itr.common.a.a a]::[INFO]::[jsobj [object Window]]
[21-Aug-2016]::[7:38:53 PM]::[com.itd.efiling.itr.common.util.l a]::[INFO]::[Before setDocument]
[21-Aug-2016]::[7:38:53 PM]::[com.itd.efiling.itr.common.util.l a]::[INFO]::[iterateNodeImportXml 0]
[21-Aug-2016]::[7:38:53 PM]::[com.itd.efiling.itr.common.util.l a]::[INFO]::[cacheHtmlElements ]
[21-Aug-2016]::[7:38:53 PM]::[com.itd.efiling.itr.common.util.l b]::[INFO]::[Before cacheHtmlElements 0]
[21-Aug-2016]::[7:38:53 PM]::[com.itd.efiling.itr.common.util.l b]::[INFO]::[After cacheHtmlElements 218]
[21-Aug-2016]::[7:38:53 PM]::[com.itd.efiling.itr.common.util.l a]::[INFO]::[putValuesToHTML ]
[21-Aug-2016]::[7:38:53 PM]::[com.itd.efiling.itr.common.util.l a]::[INFO]::[Before setValuesInForm]
[21-Aug-2016]::[7:38:53 PM]::[com.itd.efiling.itr.common.util.l a]::[INFO]::[End of putValuesToHTML]
[21-Aug-2016]::[7:38:53 PM]::[com.itd.efiling.itr.common.util.l a]::[INFO]::[time taken in importxml function: 95]
[21-Aug-2016]::[7:38:55 PM]::[com.itd.efiling.itr.common.a.a a]::[INFO]::[time taken in changed : 1482]
[21-Aug-2016]::[7:38:55 PM]::[com.itd.efiling.itr.common.a.a a]::[INFO]::[oldState  : RUNNING newState : SUCCEEDED]
[21-Aug-2016]::[7:42:03 PM]::[com.itd.efiling.itr.validation.a.a a]::[INFO]::[FIELD_VALIDATORS_MAP 183]
[21-Aug-2016]::[7:44:33 PM]::[com.itd.efiling.itr.toolbar.b calculateITR]::[INFO]::[calculateITR starts]
[21-Aug-2016]::[7:44:33 PM]::[com.itd.efiling.itr.common.dialog.o b]::[INFO]::[Inside  reCalculate]
[21-Aug-2016]::[7:46:12 PM]::[com.itd.efiling.itr.toolbar.b calculateITR]::[INFO]::[calculateITR starts]
[21-Aug-2016]::[7:46:12 PM]::[com.itd.efiling.itr.common.dialog.o b]::[INFO]::[Inside  reCalculate]
[21-Aug-2016]::[7:46:54 PM]::[com.itd.efiling.itr.toolbar.b calculateITR]::[INFO]::[calculateITR starts]
[21-Aug-2016]::[7:46:54 PM]::[com.itd.efiling.itr.common.dialog.o b]::[INFO]::[Inside  reCalculate]
[21-Aug-2016]::[7:49:07 PM]::[com.itd.efiling.itr.toolbar.b calculateITR]::[INFO]::[calculateITR starts]
[21-Aug-2016]::[7:49:07 PM]::[com.itd.efiling.itr.common.dialog.o b]::[INFO]::[Inside  reCalculate]
[21-Aug-2016]::[7:49:19 PM]::[com.itd.efiling.itr.toolbar.b validateAndSaveFile]::[INFO]::[validateAndSaveFile ]
[21-Aug-2016]::[7:49:19 PM]::[com.itd.efiling.itr.main.ctrl.a c]::[INFO]::[show validation]
[21-Aug-2016]::[7:49:19 PM]::[com.itd.efiling.itr.validation.helpers.Validator validateAll]::[INFO]::[Time taken in validateAll(): 0]
[21-Aug-2016]::[7:49:19 PM]::[com.itd.efiling.itr.validation.helpers.Validator call]::[INFO]::[Call() starts : ]
[21-Aug-2016]::[7:49:19 PM]::[com.itd.efiling.itr.validation.helpers.Validator call]::[INFO]::[Call() ends time taken: 369  error count :0]
[21-Aug-2016]::[7:49:19 PM]::[com.itd.efiling.itr.a.a.e a]::[INFO]::[extension : .xml title : null type : true]
[21-Aug-2016]::[7:49:27 PM]::[com.itd.efiling.itr.common.util.f b]::[INFO]::[Before setDocument]
[21-Aug-2016]::[7:49:27 PM]::[com.itd.efiling.itr.common.util.f b]::[INFO]::[After setDocument[#document: null]]
[21-Aug-2016]::[7:49:27 PM]::[com.itd.efiling.itr.common.cachers.b a]::[INFO]::[flagtrue]
[21-Aug-2016]::[7:49:27 PM]::[com.itd.efiling.itr.common.cachers.b a]::[INFO]::[doc[#document: null]]
[21-Aug-2016]::[7:49:27 PM]::[com.itd.efiling.itr.common.cachers.b a]::[INFO]::[Inside deleteNodeGenerateXml]
[21-Aug-2016]::[7:49:27 PM]::[com.itd.efiling.itr.common.util.f b]::[INFO]::[FIELD_VALUE 218]
[21-Aug-2016]::[7:49:28 PM]::[com.itd.efiling.itr.common.util.f a]::[INFO]::[done with schema error; 0]
[21-Aug-2016]::[7:49:28 PM]::[com.itd.efiling.itr.common.util.f a]::[INFO]::[hash {} 7X4XQUy2jyGe1JCmEHkk3b0+PWRWiDm52+vjHyPbSpY=]
[21-Aug-2016]::[7:49:28 PM]::[com.itd.efiling.itr.common.util.f a]::[INFO]::[Time taken to generate: 1144 ms ]
[21-Aug-2016]::[7:50:34 PM]::[com.itd.efiling.itr.toolbar.b submit]::[INFO]::[validateITR starts]
[21-Aug-2016]::[7:50:34 PM]::[com.itd.efiling.itr.main.ctrl.a c]::[INFO]::[show validation]
[21-Aug-2016]::[7:50:34 PM]::[com.itd.efiling.itr.validation.helpers.Validator validateAll]::[INFO]::[Time taken in validateAll(): 0]
[21-Aug-2016]::[7:50:34 PM]::[com.itd.efiling.itr.validation.helpers.Validator call]::[INFO]::[Call() starts : ]
[21-Aug-2016]::[7:50:34 PM]::[com.itd.efiling.itr.validation.helpers.Validator call]::[INFO]::[Call() ends time taken: 22  error count :0]
[21-Aug-2016]::[7:50:35 PM]::[com.itd.efiling.itr.common.util.f b]::[INFO]::[Before setDocument]
[21-Aug-2016]::[7:50:35 PM]::[com.itd.efiling.itr.common.util.f b]::[INFO]::[After setDocument[#document: null]]
[21-Aug-2016]::[7:50:35 PM]::[com.itd.efiling.itr.common.cachers.b a]::[INFO]::[flagtrue]
[21-Aug-2016]::[7:50:35 PM]::[com.itd.efiling.itr.common.cachers.b a]::[INFO]::[doc[#document: null]]
[21-Aug-2016]::[7:50:35 PM]::[com.itd.efiling.itr.common.cachers.b a]::[INFO]::[Inside deleteNodeGenerateXml]
[21-Aug-2016]::[7:50:35 PM]::[com.itd.efiling.itr.common.util.f b]::[INFO]::[FIELD_VALUE 218]
[21-Aug-2016]::[7:50:35 PM]::[com.itd.efiling.itr.common.util.f a]::[INFO]::[done with schema error; 0]
[21-Aug-2016]::[7:50:35 PM]::[com.itd.efiling.itr.common.util.f a]::[INFO]::[hash {} 7X4XQUy2jyGe1JCmEHkk3b0+PWRWiDm52+vjHyPbSpY=]
[21-Aug-2016]::[7:50:35 PM]::[com.itd.efiling.itr.common.util.f a]::[INFO]::[Time taken to generate: 291 ms ]
[21-Aug-2016]::[7:50:35 PM]::[com.itd.efiling.itr.a.a.a <init>]::[INFO]::[CommonDialog starts]
[21-Aug-2016]::[7:50:35 PM]::[com.itd.efiling.itr.a.a.n initialize]::[INFO]::[initialize submit itr starts]
[21-Aug-2016]::[7:50:35 PM]::[com.itd.efiling.itr.a.a.n initialize]::[INFO]::[Time taken to get the document 14]
[21-Aug-2016]::[7:50:35 PM]::[com.itd.efiling.itr.a.a.n initialize]::[INFO]::[Time taken to set the parameters1]
[21-Aug-2016]::[7:50:35 PM]::[com.itd.efiling.itr.a.a.n initialize]::[INFO]::[Time taken to enableSec44AB 0]
[21-Aug-2016]::[7:50:35 PM]::[com.itd.efiling.itr.a.a.n initialize]::[INFO]::[Time taken to addKeyEvent 4]
[21-Aug-2016]::[7:50:35 PM]::[com.itd.efiling.itr.a.a.n initialize]::[INFO]::[Time taken to hideDscRelated 0]
[21-Aug-2016]::[7:50:36 PM]::[com.itd.efiling.itr.b.a.n getKeyStoreAliases]::[INFO]::[set : []]
[21-Aug-2016]::[7:50:36 PM]::[com.itd.efiling.itr.a.a.n o]::[INFO]::[Time taken to initialize usb tokens308]
[21-Aug-2016]::[7:50:36 PM]::[com.itd.efiling.itr.a.a.n initialize]::[INFO]::[Time taken to initUsbTokens 309]
[21-Aug-2016]::[7:50:36 PM]::[com.itd.efiling.itr.a.a.a <init>]::[INFO]::[CommonDialog ends]
[21-Aug-2016]::[7:50:36 PM]::[com.itd.efiling.itr.a.a.n dscMandatory]::[INFO]::[dscMandatory starts::ITR-1]
[21-Aug-2016]::[7:50:36 PM]::[com.itd.efiling.itr.a.a.n dscMandatory]::[INFO]::[dscMandatory ends]
[21-Aug-2016]::[7:50:55 PM]::[com.itd.efiling.itr.a.a.n f]::[INFO]::[validateDSCKey ends with flag: true]
[21-Aug-2016]::[7:50:55 PM]::[com.itd.efiling.itr.webservice.a.f b]::[INFO]::[Thread call starts]
[21-Aug-2016]::[7:50:55 PM]::[com.itd.efiling.itr.webservice.a.f a]::[INFO]::[sendRequest starts]
[21-Aug-2016]::[7:50:55 PM]::[com.itd.efiling.itr.common.util.e getSecuredRequest]::[INFO]::[Before getting secured request]
[21-Aug-2016]::[7:50:55 PM]::[com.itd.efiling.itr.common.util.e getSecuredRequest]::[INFO]::[After getting secured request]
[21-Aug-2016]::[7:50:55 PM]::[com.itd.efiling.itr.common.util.c d]::[INFO]::[file : .\ITR]
[21-Aug-2016]::[7:50:55 PM]::[com.itd.efiling.itr.common.util.c d]::[INFO]::[file : .\ITR-1_AY201617_PR3.jar]
[21-Aug-2016]::[7:51:01 PM]::[com.itd.efiling.itr.webservice.a.f a]::[INFO]::[Soap fault: , errorNode: [soap:Fault: null]null]
[21-Aug-2016]::[7:51:01 PM]::[com.itd.efiling.itr.webservice.a.f b]::[INFO]::[Thread call ends : time taken: 6393]
[21-Aug-2016]::[7:51:05 PM]::[com.itd.efiling.itr.a.a.n cancel]::[INFO]::[cancel caled]
[21-Aug-2016]::[7:51:08 PM]::[com.itd.efiling.itr.common.dialog.o a]::[INFO]::[Inside  closeUtility]
[21-Aug-2016]::[7:51:10 PM]::[com.itd.efiling.itr.main.ctrl.h a]::[INFO]::[ Close Event WindowEvent [source = javafx.stage.Stage@b4cd78, target = javafx.stage.Stage@b4cd78, eventType = WINDOW_CLOSE_REQUEST, consumed = false]]
