The part added gets called returns true for value TaxPro e-TDS 2018
BATCH VALIDATION STARTED
isFinYrGrtrthn:- true
 PersonResponsilblePAN :: ABBPM5358D
PersonResponsilblePAN.trim().length() ::10
................ 3
................ 3
Validating Challan 1
Validating Challan For Batch Number2
Value of forCSIfile  :: true
 cinmandatory
No of challan from csi file :: 42
The FVU Higher Version is 6.0
The FVU lower Version is 2.156
TanNameFromTxtFile ::  OFFICE OF THE CHIEF ENGINEER (WZ)   TanNameFromCSIFile :: OFFICE OF THE CHIEF ENGINEER (WZ)
TanFromTxtFile ::  MUMO02862G   TanFromCSIFile  :: MUMO02862G
 STARTING DEDUTEE VALIDATION FOR CHALLAN 1
RateAtWhichTaxDeducted^
Validating Challan 2
Validating Challan For Batch Number2
Value of forCSIfile  :: true
 cinmandatory
No of challan from csi file :: 42
The FVU Higher Version is 6.0
The FVU lower Version is 2.156
TanNameFromTxtFile ::  OFFICE OF THE CHIEF ENGINEER (WZ)   TanNameFromCSIFile :: OFFICE OF THE CHIEF ENGINEER (WZ)
TanFromTxtFile ::  MUMO02862G   TanFromCSIFile  :: MUMO02862G
 STARTING DEDUTEE VALIDATION FOR CHALLAN 2
RateAtWhichTaxDeducted^
RateAtWhichTaxDeducted^
RateAtWhichTaxDeducted^
RateAtWhichTaxDeducted^
RateAtWhichTaxDeducted^
RateAtWhichTaxDeducted^
RateAtWhichTaxDeducted^
RateAtWhichTaxDeducted^
RateAtWhichTaxDeducted^
RateAtWhichTaxDeducted^
RateAtWhichTaxDeducted^
RateAtWhichTaxDeducted^
RateAtWhichTaxDeducted^
RateAtWhichTaxDeducted^
RateAtWhichTaxDeducted^
RateAtWhichTaxDeducted^
RateAtWhichTaxDeducted^
RateAtWhichTaxDeducted^
RateAtWhichTaxDeducted^
RateAtWhichTaxDeducted^
RateAtWhichTaxDeducted^
RateAtWhichTaxDeducted^
RateAtWhichTaxDeducted^
RateAtWhichTaxDeducted^
RateAtWhichTaxDeducted^
RateAtWhichTaxDeducted^
RateAtWhichTaxDeducted^
RateAtWhichTaxDeducted^
RateAtWhichTaxDeducted^
RateAtWhichTaxDeducted^
RateAtWhichTaxDeducted^
RateAtWhichTaxDeducted^
RateAtWhichTaxDeducted^
RateAtWhichTaxDeducted^
RateAtWhichTaxDeducted^
RateAtWhichTaxDeducted^
RateAtWhichTaxDeducted^
RateAtWhichTaxDeducted^
RateAtWhichTaxDeducted^
RateAtWhichTaxDeducted^
RateAtWhichTaxDeducted^
RateAtWhichTaxDeducted^
RateAtWhichTaxDeducted^
RateAtWhichTaxDeducted^
RateAtWhichTaxDeducted^
RateAtWhichTaxDeducted^
RateAtWhichTaxDeducted^
RateAtWhichTaxDeducted^
RateAtWhichTaxDeducted^
RateAtWhichTaxDeducted^
RateAtWhichTaxDeducted^
RateAtWhichTaxDeducted^
RateAtWhichTaxDeducted^
RateAtWhichTaxDeducted^
RateAtWhichTaxDeducted^
RateAtWhichTaxDeducted^
RateAtWhichTaxDeducted^
RateAtWhichTaxDeducted^
RateAtWhichTaxDeducted^
RateAtWhichTaxDeducted^
RateAtWhichTaxDeducted^
RateAtWhichTaxDeducted^
RateAtWhichTaxDeducted^
RateAtWhichTaxDeducted^
RateAtWhichTaxDeducted^
RateAtWhichTaxDeducted^
RateAtWhichTaxDeducted^
RateAtWhichTaxDeducted^
RateAtWhichTaxDeducted^
RateAtWhichTaxDeducted^
RateAtWhichTaxDeducted^
RateAtWhichTaxDeducted^
RateAtWhichTaxDeducted^
RateAtWhichTaxDeducted^
RateAtWhichTaxDeducted^
RateAtWhichTaxDeducted^
RateAtWhichTaxDeducted^
RateAtWhichTaxDeducted^
RateAtWhichTaxDeducted^
RateAtWhichTaxDeducted^
RateAtWhichTaxDeducted^
RateAtWhichTaxDeducted^
RateAtWhichTaxDeducted^
RateAtWhichTaxDeducted^
RateAtWhichTaxDeducted^
RateAtWhichTaxDeducted^
RateAtWhichTaxDeducted^
RateAtWhichTaxDeducted^
RateAtWhichTaxDeducted^
RateAtWhichTaxDeducted^
RateAtWhichTaxDeducted^
RateAtWhichTaxDeducted^
RateAtWhichTaxDeducted^
RateAtWhichTaxDeducted^
RateAtWhichTaxDeducted^
RateAtWhichTaxDeducted^
RateAtWhichTaxDeducted^
Validating Challan 3
Validating Challan For Batch Number2
Value of forCSIfile  :: true
 cinmandatory
No of challan from csi file :: 42
The FVU Higher Version is 6.0
The FVU lower Version is 2.156
TanNameFromTxtFile ::  OFFICE OF THE CHIEF ENGINEER (WZ)   TanNameFromCSIFile :: OFFICE OF THE CHIEF ENGINEER (WZ)
TanFromTxtFile ::  MUMO02862G   TanFromCSIFile  :: MUMO02862G
 STARTING DEDUTEE VALIDATION FOR CHALLAN 3
RateAtWhichTaxDeducted^
RateAtWhichTaxDeducted^
RateAtWhichTaxDeducted^
RateAtWhichTaxDeducted^
RateAtWhichTaxDeducted^
RateAtWhichTaxDeducted^
RateAtWhichTaxDeducted^
RateAtWhichTaxDeducted^
RateAtWhichTaxDeducted^
RateAtWhichTaxDeducted^
RateAtWhichTaxDeducted^
RateAtWhichTaxDeducted^
RateAtWhichTaxDeducted^
RateAtWhichTaxDeducted^
RateAtWhichTaxDeducted^
RateAtWhichTaxDeducted^
RateAtWhichTaxDeducted^
RateAtWhichTaxDeducted^
RateAtWhichTaxDeducted^
RateAtWhichTaxDeducted^
RateAtWhichTaxDeducted^
RateAtWhichTaxDeducted^
RateAtWhichTaxDeducted^
RateAtWhichTaxDeducted^
RateAtWhichTaxDeducted^
RateAtWhichTaxDeducted^
RateAtWhichTaxDeducted^
RateAtWhichTaxDeducted^
RateAtWhichTaxDeducted^
RateAtWhichTaxDeducted^
RateAtWhichTaxDeducted^
RateAtWhichTaxDeducted^
RateAtWhichTaxDeducted^
RateAtWhichTaxDeducted^
RateAtWhichTaxDeducted^
RateAtWhichTaxDeducted^
RateAtWhichTaxDeducted^
RateAtWhichTaxDeducted^
RateAtWhichTaxDeducted^
RateAtWhichTaxDeducted^
RateAtWhichTaxDeducted^
RateAtWhichTaxDeducted^
RateAtWhichTaxDeducted^
RateAtWhichTaxDeducted^
RateAtWhichTaxDeducted^
RateAtWhichTaxDeducted^
RateAtWhichTaxDeducted^
RateAtWhichTaxDeducted^
RateAtWhichTaxDeducted^
RateAtWhichTaxDeducted^
RateAtWhichTaxDeducted^
RateAtWhichTaxDeducted^
RateAtWhichTaxDeducted^
RateAtWhichTaxDeducted^
RateAtWhichTaxDeducted^
RateAtWhichTaxDeducted^
RateAtWhichTaxDeducted^
RateAtWhichTaxDeducted^
RateAtWhichTaxDeducted^
RateAtWhichTaxDeducted^
RateAtWhichTaxDeducted^
RateAtWhichTaxDeducted^
RateAtWhichTaxDeducted^
RateAtWhichTaxDeducted^
RateAtWhichTaxDeducted^
RateAtWhichTaxDeducted^
RateAtWhichTaxDeducted^
RateAtWhichTaxDeducted^
RateAtWhichTaxDeducted^
RateAtWhichTaxDeducted^
RateAtWhichTaxDeducted^
RateAtWhichTaxDeducted^
RateAtWhichTaxDeducted^
RateAtWhichTaxDeducted^
RateAtWhichTaxDeducted^
RateAtWhichTaxDeducted^
RateAtWhichTaxDeducted^
RateAtWhichTaxDeducted^
RateAtWhichTaxDeducted^
RateAtWhichTaxDeducted^
RateAtWhichTaxDeducted^
RateAtWhichTaxDeducted^
RateAtWhichTaxDeducted^
RateAtWhichTaxDeducted^
RateAtWhichTaxDeducted^
RateAtWhichTaxDeducted^
RateAtWhichTaxDeducted^
RateAtWhichTaxDeducted^
RateAtWhichTaxDeducted^
RateAtWhichTaxDeducted^
RateAtWhichTaxDeducted^
RateAtWhichTaxDeducted^
RateAtWhichTaxDeducted^
RateAtWhichTaxDeducted^
RateAtWhichTaxDeducted^
RateAtWhichTaxDeducted^
RateAtWhichTaxDeducted^
RateAtWhichTaxDeducted^
RateAtWhichTaxDeducted^
Validating Challan 4
Validating Challan For Batch Number2
Value of forCSIfile  :: true
 cinmandatory
No of challan from csi file :: 42
The FVU Higher Version is 6.0
The FVU lower Version is 2.156
TanNameFromTxtFile ::  OFFICE OF THE CHIEF ENGINEER (WZ)   TanNameFromCSIFile :: OFFICE OF THE CHIEF ENGINEER (WZ)
TanFromTxtFile ::  MUMO02862G   TanFromCSIFile  :: MUMO02862G
 STARTING DEDUTEE VALIDATION FOR CHALLAN 4
RateAtWhichTaxDeducted^
RateAtWhichTaxDeducted^
RateAtWhichTaxDeducted^
RateAtWhichTaxDeducted^
RateAtWhichTaxDeducted^
RateAtWhichTaxDeducted^
RateAtWhichTaxDeducted^
RateAtWhichTaxDeducted^
RateAtWhichTaxDeducted^
RateAtWhichTaxDeducted^
RateAtWhichTaxDeducted^
RateAtWhichTaxDeducted^
RateAtWhichTaxDeducted^
RateAtWhichTaxDeducted^
RateAtWhichTaxDeducted^
RateAtWhichTaxDeducted^
RateAtWhichTaxDeducted^
RateAtWhichTaxDeducted^
RateAtWhichTaxDeducted^
RateAtWhichTaxDeducted^
RateAtWhichTaxDeducted^
RateAtWhichTaxDeducted^
RateAtWhichTaxDeducted^
RateAtWhichTaxDeducted^
RateAtWhichTaxDeducted^
RateAtWhichTaxDeducted^
RateAtWhichTaxDeducted^
RateAtWhichTaxDeducted^
RateAtWhichTaxDeducted^
RateAtWhichTaxDeducted^
RateAtWhichTaxDeducted^
RateAtWhichTaxDeducted^
RateAtWhichTaxDeducted^
RateAtWhichTaxDeducted^
RateAtWhichTaxDeducted^
RateAtWhichTaxDeducted^
RateAtWhichTaxDeducted^
RateAtWhichTaxDeducted^
RateAtWhichTaxDeducted^
RateAtWhichTaxDeducted^
RateAtWhichTaxDeducted^
RateAtWhichTaxDeducted^
RateAtWhichTaxDeducted^
RateAtWhichTaxDeducted^
RateAtWhichTaxDeducted^
RateAtWhichTaxDeducted^
RateAtWhichTaxDeducted^
RateAtWhichTaxDeducted^
RateAtWhichTaxDeducted^
RateAtWhichTaxDeducted^
RateAtWhichTaxDeducted^
RateAtWhichTaxDeducted^
RateAtWhichTaxDeducted^
RateAtWhichTaxDeducted^
RateAtWhichTaxDeducted^
RateAtWhichTaxDeducted^
RateAtWhichTaxDeducted^
RateAtWhichTaxDeducted^
RateAtWhichTaxDeducted^
RateAtWhichTaxDeducted^
RateAtWhichTaxDeducted^
RateAtWhichTaxDeducted^
RateAtWhichTaxDeducted^
RateAtWhichTaxDeducted^
RateAtWhichTaxDeducted^
RateAtWhichTaxDeducted^
RateAtWhichTaxDeducted^
RateAtWhichTaxDeducted^
RateAtWhichTaxDeducted^
RateAtWhichTaxDeducted^
RateAtWhichTaxDeducted^
RateAtWhichTaxDeducted^
RateAtWhichTaxDeducted^
RateAtWhichTaxDeducted^
RateAtWhichTaxDeducted^
RateAtWhichTaxDeducted^
RateAtWhichTaxDeducted^
RateAtWhichTaxDeducted^
RateAtWhichTaxDeducted^
RateAtWhichTaxDeducted^
RateAtWhichTaxDeducted^
RateAtWhichTaxDeducted^
RateAtWhichTaxDeducted^
RateAtWhichTaxDeducted^
RateAtWhichTaxDeducted^
RateAtWhichTaxDeducted^
RateAtWhichTaxDeducted^
RateAtWhichTaxDeducted^
RateAtWhichTaxDeducted^
RateAtWhichTaxDeducted^
RateAtWhichTaxDeducted^
RateAtWhichTaxDeducted^
RateAtWhichTaxDeducted^
RateAtWhichTaxDeducted^
RateAtWhichTaxDeducted^
RateAtWhichTaxDeducted^
RateAtWhichTaxDeducted^
RateAtWhichTaxDeducted^
RateAtWhichTaxDeducted^
RateAtWhichTaxDeducted^
RateAtWhichTaxDeducted^
RateAtWhichTaxDeducted^
RateAtWhichTaxDeducted^
RateAtWhichTaxDeducted^
RateAtWhichTaxDeducted^
RateAtWhichTaxDeducted^
RateAtWhichTaxDeducted^
 END OF :::BIFERCATING CHALAN AND TV AND CIN CHECKINGTue Jan 29 16:49:54 IST 2019
Field Validation of file is compleated sucessfully
START # 29-01-2019 16:49:54.800
 Original file object created and file exist
tempFileName String cretaed ::  Z://Shilpa Madam//Timesheet//14. Ruchita//AI//24Q//MO024Q3_temp.fvu
 brtTemp object created for temp file
String line created 
isAppendForNextLine (Inside if condition ) :: 1
 After appending line 1^310^FVU 6.0^00000000000000000000^SAM 1.0^00000000000000000000^19012916495449956319
f.close()
f = null
brTemp.flush()
brTemp.close()
brTemp = null;
END # 29-01-2019 16:49:54.862
Original file is deleted
Temp file renamed
In processCINFile method
the challan count is 42
the cinFileLevelHC no. is00000000000035332565
Return Hash Code = 0
searchbarcode called
Barcodeval :19012916495449956319
Barcode is present
Hash Validation of file is done sucessfully
Inside generateStatisticFile Method 
FileGenerator.java ParseString() method is called 
FileGenerator.java ParseString() method is returning 
FileGenerator.java createStatisticFileString() method is called
 Entering writeStatisticFile() Method Tue Jan 29 16:49:55 IST 2019
 Exiting writeStatisticFile() Method Tue Jan 29 16:49:55 IST 2019
FileGenerator.java createStatisticFileString() method is returning
 length : 70
 length : 70
 BARCODE :- 19012916495449956319
Inside generateForm27A
 Entering writePdfFile() Method Tue Jan 29 16:49:55 IST 2019
 Exiting writePdfFile() Method Tue Jan 29 16:49:55 IST 2019
pdf generatedtrue
END TIME : Tue Jan 29 16:49:55 IST 2019
--DESKTOP OBJECT: java.awt.Desktop@31d0e481
--error file path: Z:\\Shilpa Madam\\Timesheet\\14. Ruchita\\AI\\24Q\
--dir to open object: Z:\Shilpa Madam\Timesheet\14. Ruchita\AI\24Q
the text error file path is Z:\\Shilpa Madam\\Timesheet\\14. Ruchita\\AI\\24Q\
the errorFileNameSAM is Z:\\Shilpa Madam\\Timesheet\\14. Ruchita\\AI\\24Q\\MO024Q3error.txt
