[21-Jun-2016]::[8:43:46 PM]::[INFO]::[init starts]
[21-Jun-2016]::[8:43:46 PM]::[INFO]::[ITRConfigUtil.getConfigURL(): java.io.FileInputStream@1e039c3]
[21-Jun-2016]::[8:43:46 PM]::[INFO]::[url jar:file:/E:/Rukmini%20Bhosale/AY%202015-16/Return/ITR-1_AY201516_PR7.jar!/META-INF/MANIFEST.MF]
[21-Jun-2016]::[8:43:46 PM]::[INFO]::[2015-16 :: ITR-1 :: 1.0]
[21-Jun-2016]::[8:43:46 PM]::[INFO]::[init ends in 200 ms.]
[21-Jun-2016]::[8:43:46 PM]::[INFO]::[MainLoader start method starts]
[21-Jun-2016]::[8:43:47 PM]::[INFO]::[Before Validating fileListCommonScript ]
[21-Jun-2016]::[8:43:47 PM]::[INFO]::[Before Validating fileListItrAy ]
[21-Jun-2016]::[8:43:47 PM]::[INFO]::[Before Validating fileListConfig ]
[21-Jun-2016]::[8:43:47 PM]::[INFO]::[Before Validating verifySignature ]
[21-Jun-2016]::[8:43:47 PM]::[INFO]::[verifies : true]
[21-Jun-2016]::[8:43:47 PM]::[INFO]::[Is utiltity valid ::true]
[21-Jun-2016]::[8:43:47 PM]::[INFO]::[openNewITR starts with values: asstYear:2015-16,itr:ITR-1,ver:1.0,importXml:null]
[21-Jun-2016]::[8:43:47 PM]::[INFO]::[Opening ITR: ITR-1 For AsstYear: 2015-16]
[21-Jun-2016]::[8:43:47 PM]::[INFO]::[generateCopy starts]
[21-Jun-2016]::[8:43:47 PM]::[INFO]::[initialize starts]
[21-Jun-2016]::[8:43:47 PM]::[INFO]::[initialize ends]
[21-Jun-2016]::[8:43:47 PM]::[INFO]::[hideShowValidation starts]
[21-Jun-2016]::[8:43:47 PM]::[INFO]::[webViewActWidth in: 1011.2,vboxActWidth:  217.60000000000002,mainController.windowWidth: 1280.0]
[21-Jun-2016]::[8:43:47 PM]::[INFO]::[hide validation]
[21-Jun-2016]::[8:43:47 PM]::[INFO]::[hideShowValidation ends]
[21-Jun-2016]::[8:43:48 PM]::[INFO]::[Time taken in openNewITR(): 300]
[21-Jun-2016]::[8:43:48 PM]::[INFO]::[calculateITR starts]
[21-Jun-2016]::[8:43:48 PM]::[INFO]::[calculateITR ok starts]
[21-Jun-2016]::[8:43:48 PM]::[INFO]::[mainController.windowWidth new : 1280.0]
[21-Jun-2016]::[8:43:48 PM]::[INFO]::[MainLoader start method ends. Time taken: 1737]
[21-Jun-2016]::[8:43:49 PM]::[INFO]::[javascript: to run: ]
[21-Jun-2016]::[8:43:49 PM]::[INFO]::[time taken in changed : 190]
[21-Jun-2016]::[8:43:55 PM]::[INFO]::[url: https://www.google.co.in timeout: 30000]
[21-Jun-2016]::[8:44:14 PM]::[INFO]::[prefill caled]
[21-Jun-2016]::[8:44:14 PM]::[INFO]::[webservie url: https://incometaxindiaefiling.gov.in/e-FilingWS/ditws]
[21-Jun-2016]::[8:44:14 PM]::[INFO]::[prefill ends after starting thread: ]
[21-Jun-2016]::[8:44:14 PM]::[INFO]::[call starts ]
[21-Jun-2016]::[8:44:14 PM]::[INFO]::[sendRequest starts]
[21-Jun-2016]::[8:44:14 PM]::[INFO]::[Soap fault: null]
[21-Jun-2016]::[8:44:14 PM]::[INFO]::[sendrequest ends]
[21-Jun-2016]::[8:44:14 PM]::[INFO]::[call ends Time taken:390]
[21-Jun-2016]::[8:44:14 PM]::[INFO]::[cancel caled]
[21-Jun-2016]::[8:44:14 PM]::[INFO]::[Prefill done successfully]
[21-Jun-2016]::[8:44:53 PM]::[INFO]::[No validation for field: itr1.filingStatus.adharNoOption]
[21-Jun-2016]::[8:47:30 PM]::[INFO]::[ifsc isANDB]
[21-Jun-2016]::[8:48:04 PM]::[INFO]::[ifsc isANDB]
[21-Jun-2016]::[8:51:08 PM]::[INFO]::[show validation]
[21-Jun-2016]::[8:51:08 PM]::[INFO]::[Time taken in validateAll(): 0]
[21-Jun-2016]::[8:51:08 PM]::[INFO]::[No validation for field: itr1.creationInfo.xmlCreationDate]
[21-Jun-2016]::[8:51:08 PM]::[INFO]::[No validation for field: totalPage]
[21-Jun-2016]::[8:51:08 PM]::[INFO]::[No validation for field: returnType]
[21-Jun-2016]::[8:51:08 PM]::[INFO]::[No validation for field: customReturnType]
[21-Jun-2016]::[8:51:08 PM]::[INFO]::[No validation for field: ]
[21-Jun-2016]::[8:51:08 PM]::[INFO]::[No validation for field: itr1.currentPage]
[21-Jun-2016]::[8:51:08 PM]::[INFO]::[No validation for field: itr1.filingStatus.adharNoOption]
[21-Jun-2016]::[8:51:08 PM]::[INFO]::[No validation for field: itr1.itr1TaxComputationOnline.surchargeOnTaxPayable]
[21-Jun-2016]::[8:51:08 PM]::[INFO]::[No validation for field: itr1.tdSonSalaries.tdSonSalary[0].employerOrDeductorOrCollectDetl.chosenCheckBox]
[21-Jun-2016]::[8:51:08 PM]::[INFO]::[No validation for field: __checkbox_itr1.tdSonSalaries.tdSonSalary[0].employerOrDeductorOrCollectDetl.chosenCheckBox]
[21-Jun-2016]::[8:51:08 PM]::[INFO]::[No validation for field: itr1.tdSonSalaries.tdSonSalary.totalTaxDeducted]
[21-Jun-2016]::[8:51:08 PM]::[INFO]::[No validation for field: Count_SCH_TDS1]
[21-Jun-2016]::[8:51:08 PM]::[INFO]::[No validation for field: itr1.tdSonOthThanSals.tdSonOthThanSal[0].employerOrDeductorOrCollectDetl.chosenCheckBox]
[21-Jun-2016]::[8:51:08 PM]::[INFO]::[No validation for field: __checkbox_itr1.tdSonOthThanSals.tdSonOthThanSal[0].employerOrDeductorOrCollectDetl.chosenCheckBox]
[21-Jun-2016]::[8:51:08 PM]::[INFO]::[No validation for field: itr1.tdSonOthThanSals.tdSonOthThanSal.claimOutOfTotTDSOnAmtPaid]
[21-Jun-2016]::[8:51:08 PM]::[INFO]::[No validation for field: itr1.taxPayments.taxPayment[0].chosenCheckBox]
[21-Jun-2016]::[8:51:08 PM]::[INFO]::[No validation for field: __checkbox_itr1.taxPayments.taxPayment[0].chosenCheckBox]
[21-Jun-2016]::[8:51:08 PM]::[INFO]::[No validation for field: itr1.scheduleIT.taxPayment.amt]
[21-Jun-2016]::[8:51:08 PM]::[INFO]::[No validation for field: itr4S.us44aeHeavy[0].chosenCheckBox]
[21-Jun-2016]::[8:51:08 PM]::[INFO]::[No validation for field: __checkbox_itr4S.us44aeHeavy[0].chosenCheckBox]
[21-Jun-2016]::[8:51:08 PM]::[INFO]::[No validation for field: Count_SCH_IT]
[21-Jun-2016]::[8:51:08 PM]::[INFO]::[No validation for field: itr1.schedule80G.don100Percent.doneeWithPan[0].chosenCheckBox]
[21-Jun-2016]::[8:51:08 PM]::[INFO]::[No validation for field: __checkbox_itr1.schedule80G.don100Percent.doneeWithPan[0].chosenCheckBox]
[21-Jun-2016]::[8:51:08 PM]::[INFO]::[No validation for field: itr1.schedule80G.don100Percent.doneeWithPan[0].eligibleDonationAmt]
[21-Jun-2016]::[8:51:08 PM]::[INFO]::[No validation for field: itr1.schedule80G.don100Percent.totDon100Percent]
[21-Jun-2016]::[8:51:08 PM]::[INFO]::[No validation for field: itr1.schedule80G.don100Percent.totEligibleDon100Percent]
[21-Jun-2016]::[8:51:08 PM]::[INFO]::[No validation for field: itr1.schedule80G.don50PercentNoApprReqd.doneeWithPan[0].chosenCheckBox]
[21-Jun-2016]::[8:51:08 PM]::[INFO]::[No validation for field: __checkbox_itr1.schedule80G.don50PercentNoApprReqd.doneeWithPan[0].chosenCheckBox]
[21-Jun-2016]::[8:51:08 PM]::[INFO]::[No validation for field: itr1.schedule80G.don50PercentNoApprReqd.doneeWithPan[0].eligibleDonationAmt]
[21-Jun-2016]::[8:51:08 PM]::[INFO]::[No validation for field: itr1.schedule80G.don50PercentNoApprReqd.totDon50PercentNoApprReqd]
[21-Jun-2016]::[8:51:08 PM]::[INFO]::[No validation for field: itr1.schedule80G.don50PercentNoApprReqd.totEligibleDon50Percent]
[21-Jun-2016]::[8:51:08 PM]::[INFO]::[No validation for field: itr1.schedule80G.don100PercentApprReqd.doneeWithPan[0].chosenCheckBox]
[21-Jun-2016]::[8:51:08 PM]::[INFO]::[No validation for field: __checkbox_itr1.schedule80G.don100PercentApprReqd.doneeWithPan[0].chosenCheckBox]
[21-Jun-2016]::[8:51:08 PM]::[INFO]::[No validation for field: itr1.schedule80G.don100PercentApprReqd.doneeWithPan[0].eligibleDonationAmt]
[21-Jun-2016]::[8:51:08 PM]::[INFO]::[No validation for field: itr1.schedule80G.don100PercentApprReqd.totDon100PercentApprReqd]
[21-Jun-2016]::[8:51:08 PM]::[INFO]::[No validation for field: itr1.schedule80G.don100PercentApprReqd.totEligibleDon100PercentApprReqd]
[21-Jun-2016]::[8:51:08 PM]::[INFO]::[No validation for field: itr1.schedule80G.don50PercentApprReqd.doneeWithPan[0].chosenCheckBox]
[21-Jun-2016]::[8:51:08 PM]::[INFO]::[No validation for field: __checkbox_itr1.schedule80G.don50PercentApprReqd.doneeWithPan[0].chosenCheckBox]
[21-Jun-2016]::[8:51:08 PM]::[INFO]::[No validation for field: itr1.schedule80G.don50PercentApprReqd.doneeWithPan[0].eligibleDonationAmt]
[21-Jun-2016]::[8:51:08 PM]::[INFO]::[No validation for field: itr1.schedule80G.don50PercentApprReqd.totDon50PercentApprReqd]
[21-Jun-2016]::[8:51:08 PM]::[INFO]::[No validation for field: itr1.schedule80G.don50PercentApprReqd.totEligibleDon50PercentApprReqd]
[21-Jun-2016]::[8:51:08 PM]::[INFO]::[Call() ends time taken: 38  error count :6]
[21-Jun-2016]::[8:55:32 PM]::[INFO]::[url: https://www.google.co.in timeout: 30000]
[21-Jun-2016]::[8:55:51 PM]::[INFO]::[url: https://www.google.co.in timeout: 30000]
[21-Jun-2016]::[8:56:19 PM]::[INFO]::[prefill caled]
[21-Jun-2016]::[8:56:19 PM]::[INFO]::[call starts ]
[21-Jun-2016]::[8:56:19 PM]::[INFO]::[prefill ends after starting thread: ]
[21-Jun-2016]::[8:56:19 PM]::[INFO]::[sendRequest starts]
[21-Jun-2016]::[8:56:20 PM]::[INFO]::[Soap fault: null]
[21-Jun-2016]::[8:56:20 PM]::[INFO]::[sendrequest ends]
[21-Jun-2016]::[8:56:20 PM]::[INFO]::[call ends Time taken:379]
[21-Jun-2016]::[8:56:20 PM]::[INFO]::[cancel caled]
[21-Jun-2016]::[8:56:20 PM]::[INFO]::[Prefill done successfully]
[21-Jun-2016]::[8:57:50 PM]::[INFO]::[show validation]
[21-Jun-2016]::[8:57:50 PM]::[INFO]::[Time taken in validateAll(): 0]
[21-Jun-2016]::[8:57:50 PM]::[INFO]::[No validation for field: itr1.creationInfo.xmlCreationDate]
[21-Jun-2016]::[8:57:50 PM]::[INFO]::[No validation for field: totalPage]
[21-Jun-2016]::[8:57:50 PM]::[INFO]::[No validation for field: returnType]
[21-Jun-2016]::[8:57:50 PM]::[INFO]::[No validation for field: customReturnType]
[21-Jun-2016]::[8:57:50 PM]::[INFO]::[No validation for field: ]
[21-Jun-2016]::[8:57:50 PM]::[INFO]::[No validation for field: itr1.currentPage]
[21-Jun-2016]::[8:57:50 PM]::[INFO]::[No validation for field: itr1.filingStatus.adharNoOption]
[21-Jun-2016]::[8:57:50 PM]::[INFO]::[No validation for field: itr1.itr1TaxComputationOnline.surchargeOnTaxPayable]
[21-Jun-2016]::[8:57:50 PM]::[INFO]::[No validation for field: itr1.tdSonSalaries.tdSonSalary[0].employerOrDeductorOrCollectDetl.chosenCheckBox]
[21-Jun-2016]::[8:57:50 PM]::[INFO]::[No validation for field: __checkbox_itr1.tdSonSalaries.tdSonSalary[0].employerOrDeductorOrCollectDetl.chosenCheckBox]
[21-Jun-2016]::[8:57:50 PM]::[INFO]::[No validation for field: itr1.tdSonSalaries.tdSonSalary.totalTaxDeducted]
[21-Jun-2016]::[8:57:50 PM]::[INFO]::[No validation for field: Count_SCH_TDS1]
[21-Jun-2016]::[8:57:50 PM]::[INFO]::[No validation for field: itr1.tdSonOthThanSals.tdSonOthThanSal[0].employerOrDeductorOrCollectDetl.chosenCheckBox]
[21-Jun-2016]::[8:57:50 PM]::[INFO]::[No validation for field: __checkbox_itr1.tdSonOthThanSals.tdSonOthThanSal[0].employerOrDeductorOrCollectDetl.chosenCheckBox]
[21-Jun-2016]::[8:57:50 PM]::[INFO]::[No validation for field: itr1.tdSonOthThanSals.tdSonOthThanSal.claimOutOfTotTDSOnAmtPaid]
[21-Jun-2016]::[8:57:50 PM]::[INFO]::[No validation for field: itr1.taxPayments.taxPayment[0].chosenCheckBox]
[21-Jun-2016]::[8:57:50 PM]::[INFO]::[No validation for field: __checkbox_itr1.taxPayments.taxPayment[0].chosenCheckBox]
[21-Jun-2016]::[8:57:50 PM]::[INFO]::[No validation for field: itr1.scheduleIT.taxPayment.amt]
[21-Jun-2016]::[8:57:50 PM]::[INFO]::[No validation for field: itr4S.us44aeHeavy[0].chosenCheckBox]
[21-Jun-2016]::[8:57:50 PM]::[INFO]::[No validation for field: __checkbox_itr4S.us44aeHeavy[0].chosenCheckBox]
[21-Jun-2016]::[8:57:50 PM]::[INFO]::[No validation for field: Count_SCH_IT]
[21-Jun-2016]::[8:57:50 PM]::[INFO]::[No validation for field: itr1.schedule80G.don100Percent.doneeWithPan[0].chosenCheckBox]
[21-Jun-2016]::[8:57:50 PM]::[INFO]::[No validation for field: __checkbox_itr1.schedule80G.don100Percent.doneeWithPan[0].chosenCheckBox]
[21-Jun-2016]::[8:57:50 PM]::[INFO]::[No validation for field: itr1.schedule80G.don100Percent.doneeWithPan[0].eligibleDonationAmt]
[21-Jun-2016]::[8:57:50 PM]::[INFO]::[No validation for field: itr1.schedule80G.don100Percent.totDon100Percent]
[21-Jun-2016]::[8:57:50 PM]::[INFO]::[No validation for field: itr1.schedule80G.don100Percent.totEligibleDon100Percent]
[21-Jun-2016]::[8:57:50 PM]::[INFO]::[No validation for field: itr1.schedule80G.don50PercentNoApprReqd.doneeWithPan[0].chosenCheckBox]
[21-Jun-2016]::[8:57:50 PM]::[INFO]::[No validation for field: __checkbox_itr1.schedule80G.don50PercentNoApprReqd.doneeWithPan[0].chosenCheckBox]
[21-Jun-2016]::[8:57:50 PM]::[INFO]::[No validation for field: itr1.schedule80G.don50PercentNoApprReqd.doneeWithPan[0].eligibleDonationAmt]
[21-Jun-2016]::[8:57:50 PM]::[INFO]::[No validation for field: itr1.schedule80G.don50PercentNoApprReqd.totDon50PercentNoApprReqd]
[21-Jun-2016]::[8:57:50 PM]::[INFO]::[No validation for field: itr1.schedule80G.don50PercentNoApprReqd.totEligibleDon50Percent]
[21-Jun-2016]::[8:57:50 PM]::[INFO]::[No validation for field: itr1.schedule80G.don100PercentApprReqd.doneeWithPan[0].chosenCheckBox]
[21-Jun-2016]::[8:57:50 PM]::[INFO]::[No validation for field: __checkbox_itr1.schedule80G.don100PercentApprReqd.doneeWithPan[0].chosenCheckBox]
[21-Jun-2016]::[8:57:50 PM]::[INFO]::[No validation for field: itr1.schedule80G.don100PercentApprReqd.doneeWithPan[0].eligibleDonationAmt]
[21-Jun-2016]::[8:57:50 PM]::[INFO]::[No validation for field: itr1.schedule80G.don100PercentApprReqd.totDon100PercentApprReqd]
[21-Jun-2016]::[8:57:50 PM]::[INFO]::[No validation for field: itr1.schedule80G.don100PercentApprReqd.totEligibleDon100PercentApprReqd]
[21-Jun-2016]::[8:57:50 PM]::[INFO]::[No validation for field: itr1.schedule80G.don50PercentApprReqd.doneeWithPan[0].chosenCheckBox]
[21-Jun-2016]::[8:57:50 PM]::[INFO]::[No validation for field: __checkbox_itr1.schedule80G.don50PercentApprReqd.doneeWithPan[0].chosenCheckBox]
[21-Jun-2016]::[8:57:50 PM]::[INFO]::[No validation for field: itr1.schedule80G.don50PercentApprReqd.doneeWithPan[0].eligibleDonationAmt]
[21-Jun-2016]::[8:57:50 PM]::[INFO]::[No validation for field: itr1.schedule80G.don50PercentApprReqd.totDon50PercentApprReqd]
[21-Jun-2016]::[8:57:50 PM]::[INFO]::[No validation for field: itr1.schedule80G.don50PercentApprReqd.totEligibleDon50PercentApprReqd]
[21-Jun-2016]::[8:57:50 PM]::[INFO]::[Call() ends time taken: 29  error count :0]
[21-Jun-2016]::[8:58:28 PM]::[INFO]::[Time taken to start generateXml(): 7]
[21-Jun-2016]::[8:58:28 PM]::[INFO]::[outputfilePathE:\Rukmini Bhosale\AY 2015-16\ITR-1 AY 2015-16.xml,generateXmlFlag: true]
[21-Jun-2016]::[8:58:28 PM]::[INFO]::[done with schema error; 0]
[21-Jun-2016]::[8:58:28 PM]::[INFO]::[Time taken to generate: 488]
[21-Jun-2016]::[8:58:33 PM]::[INFO]::[preview called: for itr: ITR-1 asstYear: 2015-16]
[21-Jun-2016]::[8:58:34 PM]::[INFO]::[Adding resources: ]
[21-Jun-2016]::[8:58:59 PM]::[INFO]::[show validation]
[21-Jun-2016]::[8:58:59 PM]::[INFO]::[Time taken in validateAll(): 0]
[21-Jun-2016]::[8:58:59 PM]::[INFO]::[No validation for field: itr1.creationInfo.xmlCreationDate]
[21-Jun-2016]::[8:58:59 PM]::[INFO]::[No validation for field: totalPage]
[21-Jun-2016]::[8:58:59 PM]::[INFO]::[No validation for field: returnType]
[21-Jun-2016]::[8:58:59 PM]::[INFO]::[No validation for field: customReturnType]
[21-Jun-2016]::[8:58:59 PM]::[INFO]::[No validation for field: ]
[21-Jun-2016]::[8:58:59 PM]::[INFO]::[No validation for field: itr1.currentPage]
[21-Jun-2016]::[8:58:59 PM]::[INFO]::[No validation for field: itr1.filingStatus.adharNoOption]
[21-Jun-2016]::[8:58:59 PM]::[INFO]::[No validation for field: itr1.itr1TaxComputationOnline.surchargeOnTaxPayable]
[21-Jun-2016]::[8:58:59 PM]::[INFO]::[No validation for field: itr1.tdSonSalaries.tdSonSalary[0].employerOrDeductorOrCollectDetl.chosenCheckBox]
[21-Jun-2016]::[8:58:59 PM]::[INFO]::[No validation for field: __checkbox_itr1.tdSonSalaries.tdSonSalary[0].employerOrDeductorOrCollectDetl.chosenCheckBox]
[21-Jun-2016]::[8:58:59 PM]::[INFO]::[No validation for field: itr1.tdSonSalaries.tdSonSalary.totalTaxDeducted]
[21-Jun-2016]::[8:58:59 PM]::[INFO]::[No validation for field: Count_SCH_TDS1]
[21-Jun-2016]::[8:58:59 PM]::[INFO]::[No validation for field: itr1.tdSonOthThanSals.tdSonOthThanSal[0].employerOrDeductorOrCollectDetl.chosenCheckBox]
[21-Jun-2016]::[8:58:59 PM]::[INFO]::[No validation for field: __checkbox_itr1.tdSonOthThanSals.tdSonOthThanSal[0].employerOrDeductorOrCollectDetl.chosenCheckBox]
[21-Jun-2016]::[8:58:59 PM]::[INFO]::[No validation for field: itr1.tdSonOthThanSals.tdSonOthThanSal.claimOutOfTotTDSOnAmtPaid]
[21-Jun-2016]::[8:58:59 PM]::[INFO]::[No validation for field: itr1.taxPayments.taxPayment[0].chosenCheckBox]
[21-Jun-2016]::[8:58:59 PM]::[INFO]::[No validation for field: __checkbox_itr1.taxPayments.taxPayment[0].chosenCheckBox]
[21-Jun-2016]::[8:58:59 PM]::[INFO]::[No validation for field: itr1.scheduleIT.taxPayment.amt]
[21-Jun-2016]::[8:58:59 PM]::[INFO]::[No validation for field: itr4S.us44aeHeavy[0].chosenCheckBox]
[21-Jun-2016]::[8:58:59 PM]::[INFO]::[No validation for field: __checkbox_itr4S.us44aeHeavy[0].chosenCheckBox]
[21-Jun-2016]::[8:58:59 PM]::[INFO]::[No validation for field: Count_SCH_IT]
[21-Jun-2016]::[8:58:59 PM]::[INFO]::[No validation for field: itr1.schedule80G.don100Percent.doneeWithPan[0].chosenCheckBox]
[21-Jun-2016]::[8:58:59 PM]::[INFO]::[No validation for field: __checkbox_itr1.schedule80G.don100Percent.doneeWithPan[0].chosenCheckBox]
[21-Jun-2016]::[8:58:59 PM]::[INFO]::[No validation for field: itr1.schedule80G.don100Percent.doneeWithPan[0].eligibleDonationAmt]
[21-Jun-2016]::[8:58:59 PM]::[INFO]::[No validation for field: itr1.schedule80G.don100Percent.totDon100Percent]
[21-Jun-2016]::[8:58:59 PM]::[INFO]::[No validation for field: itr1.schedule80G.don100Percent.totEligibleDon100Percent]
[21-Jun-2016]::[8:58:59 PM]::[INFO]::[No validation for field: itr1.schedule80G.don50PercentNoApprReqd.doneeWithPan[0].chosenCheckBox]
[21-Jun-2016]::[8:58:59 PM]::[INFO]::[No validation for field: __checkbox_itr1.schedule80G.don50PercentNoApprReqd.doneeWithPan[0].chosenCheckBox]
[21-Jun-2016]::[8:58:59 PM]::[INFO]::[No validation for field: itr1.schedule80G.don50PercentNoApprReqd.doneeWithPan[0].eligibleDonationAmt]
[21-Jun-2016]::[8:58:59 PM]::[INFO]::[No validation for field: itr1.schedule80G.don50PercentNoApprReqd.totDon50PercentNoApprReqd]
[21-Jun-2016]::[8:58:59 PM]::[INFO]::[No validation for field: itr1.schedule80G.don50PercentNoApprReqd.totEligibleDon50Percent]
[21-Jun-2016]::[8:58:59 PM]::[INFO]::[No validation for field: itr1.schedule80G.don100PercentApprReqd.doneeWithPan[0].chosenCheckBox]
[21-Jun-2016]::[8:58:59 PM]::[INFO]::[No validation for field: __checkbox_itr1.schedule80G.don100PercentApprReqd.doneeWithPan[0].chosenCheckBox]
[21-Jun-2016]::[8:58:59 PM]::[INFO]::[No validation for field: itr1.schedule80G.don100PercentApprReqd.doneeWithPan[0].eligibleDonationAmt]
[21-Jun-2016]::[8:58:59 PM]::[INFO]::[No validation for field: itr1.schedule80G.don100PercentApprReqd.totDon100PercentApprReqd]
[21-Jun-2016]::[8:58:59 PM]::[INFO]::[No validation for field: itr1.schedule80G.don100PercentApprReqd.totEligibleDon100PercentApprReqd]
[21-Jun-2016]::[8:58:59 PM]::[INFO]::[No validation for field: itr1.schedule80G.don50PercentApprReqd.doneeWithPan[0].chosenCheckBox]
[21-Jun-2016]::[8:58:59 PM]::[INFO]::[No validation for field: __checkbox_itr1.schedule80G.don50PercentApprReqd.doneeWithPan[0].chosenCheckBox]
[21-Jun-2016]::[8:58:59 PM]::[INFO]::[No validation for field: itr1.schedule80G.don50PercentApprReqd.doneeWithPan[0].eligibleDonationAmt]
[21-Jun-2016]::[8:58:59 PM]::[INFO]::[No validation for field: itr1.schedule80G.don50PercentApprReqd.totDon50PercentApprReqd]
[21-Jun-2016]::[8:58:59 PM]::[INFO]::[No validation for field: itr1.schedule80G.don50PercentApprReqd.totEligibleDon50PercentApprReqd]
[21-Jun-2016]::[8:58:59 PM]::[INFO]::[Call() ends time taken: 36  error count :0]
[21-Jun-2016]::[8:58:59 PM]::[INFO]::[submit itr starts]
[21-Jun-2016]::[8:58:59 PM]::[INFO]::[Time taken to start generateXml(): 5]
[21-Jun-2016]::[8:58:59 PM]::[INFO]::[outputfilePathC:\Users\NServer\AppData\Local\Temp\ITR19127685475894819295019851572.xml,generateXmlFlag: true]
[21-Jun-2016]::[8:58:59 PM]::[INFO]::[done with schema error; 0]
[21-Jun-2016]::[8:58:59 PM]::[INFO]::[Time taken to generate: 66]
[21-Jun-2016]::[8:58:59 PM]::[INFO]::[initialize submit itr starts]
[21-Jun-2016]::[8:59:20 PM]::[INFO]::[tokenList: {DEVDAS SHIVRAM KADAM=uma [issuedTo=CN=DEVDAS SHIVRAM KADAM, SERIALNUMBER=56222b22b7ec5e99fec63280034982ab906a3c881ded54f8fa4d7bc9c8cbe0e9, ST=Maharashtra, OID.2.5.4.17=400022, O=Personal, C=IN, issuedBy=CN=SafeScrypt sub-CA for RCAI Class 2 2012, OU=Sub-CA, O=Sify Technologies Limited, C=IN, validForm=Sat Sep 14 17:36:49 IST 2013, validTill=Mon Sep 14 17:36:49 IST 2015], RONALD MEIJERMAN=uma [issuedTo=CN=RONALD MEIJERMAN, SERIALNUMBER=b78edbe7ddcfd17e9524698a331a9373495fa469744e2d263d93cd380096d501, ST=Maharashtra, OID.2.5.4.17=400051, O=Personal, C=IN, issuedBy=CN=SafeScrypt sub-CA for RCAI Class 2 2012, OU=Sub-CA, O=Sify Technologies Limited, C=IN, validForm=Wed Sep 25 14:12:27 IST 2013, validTill=Fri Sep 25 14:12:27 IST 2015], JACOB HESSEL WIERSMA=uma [issuedTo=CN=JACOB HESSEL WIERSMA, SERIALNUMBER=702ab488a6b445ff58a1ab70df81e0d817a92d44363db59e161f6bb5ff02a88c, ST=Maharashtra, OID.2.5.4.17=400051, O=Personal, C=IN, issuedBy=CN=SafeScrypt sub-CA for RCAI Class 2 2012, OU=Sub-CA, O=Sify Technologies Limited, C=IN, validForm=Wed Sep 25 14:12:27 IST 2013, validTill=Fri Sep 25 14:12:27 IST 2015], PETER G R DEVINCK=uma [issuedTo=CN=PETER G R DEVINCK, SERIALNUMBER=1260c7b583b0ab8a2f564d6da8fb6331a1b634b9b6be5d930cfd4fff108d7a29, ST=Maharashtra, OID.2.5.4.17=400051, O=Personal, C=IN, issuedBy=CN=SafeScrypt sub-CA for RCAI Class 2 2012, OU=Sub-CA, O=Sify Technologies Limited, C=IN, validForm=Tue Sep 24 18:00:21 IST 2013, validTill=Thu Sep 24 18:00:21 IST 2015]}]
[21-Jun-2016]::[8:59:20 PM]::[INFO]::[dscMandatory starts::ITR-1]
[21-Jun-2016]::[8:59:20 PM]::[INFO]::[dscMandatory ends]
[21-Jun-2016]::[9:00:27 PM]::[INFO]::[url: https://www.google.co.in timeout: 30000]
[21-Jun-2016]::[9:00:27 PM]::[INFO]::[validateDSCKey ends with flag: true]
[21-Jun-2016]::[9:00:27 PM]::[INFO]::[file : .\ITR-1_2015.zip]
[21-Jun-2016]::[9:00:27 PM]::[INFO]::[file : .\ITR]
[21-Jun-2016]::[9:00:27 PM]::[INFO]::[file : .\ITR-1_AY201516_PR7.jar]
[21-Jun-2016]::[9:00:27 PM]::[INFO]::[hash : 77DCAF5D01AED0693A0FFE79453A7D8A2A0DB3656B5F055C3E0AB5AF59A630F6]
[21-Jun-2016]::[9:00:27 PM]::[INFO]::[submitHash : 6B9C78BEF58457B0066D77A34A1BB7E49630377E37B6A0D7F0F37F968E7C69BD]
[21-Jun-2016]::[9:00:27 PM]::[INFO]::[webservie url: https://incometaxindiaefiling.gov.in/e-FilingWS/ditws]
[21-Jun-2016]::[9:00:27 PM]::[INFO]::[Thread call starts]
[21-Jun-2016]::[9:00:27 PM]::[INFO]::[sendRequest starts]
[21-Jun-2016]::[9:00:29 PM]::[INFO]::[Soap fault: null]
[21-Jun-2016]::[9:00:29 PM]::[INFO]::[ackNo: 210264380210616 ,transactionId:3036881213,emailId:tusharmohite0@gmail.com]
[21-Jun-2016]::[9:00:29 PM]::[INFO]::[Thread call ends : time taken: 1261]
[21-Jun-2016]::[9:00:29 PM]::[INFO]::[cancel caled]
[21-Jun-2016]::[9:00:29 PM]::[INFO]::[Writing to file: C:\Users\NServer\AppData\Local\Temp\ITRvFile1785474381984432550060051604.zip]
[21-Jun-2016]::[9:00:29 PM]::[INFO]::[initialize starts]
[21-Jun-2016]::[9:00:29 PM]::[INFO]::[loadITRVPage stats with transaction id 3036881213 ,email tusharmohite0@gmail.com]
[21-Jun-2016]::[9:00:41 PM]::[INFO]::[downloadITRV starts]
