The part added gets called returns true for value TaxPro e-TDS 2018
BATCH VALIDATION STARTED
isFinYrGrtrthn:- true
 PersonResponsilblePAN :: AQRPC7803N
PersonResponsilblePAN.trim().length() ::10
................ 6
................ 6
Validating Challan 1
Validating Challan For Batch Number2
Value of forCSIfile  :: true
 cinmandatory
No of challan from csi file :: 83
The FVU Higher Version is 6.0
The FVU lower Version is 2.156
TanNameFromTxtFile ::  CANARA BANK   TanNameFromCSIFile :: CANARA BANK
TanFromTxtFile ::  MUMC10753B   TanFromCSIFile  :: MUMC10753B
 STARTING DEDUTEE VALIDATION FOR CHALLAN 1
RateAtWhichTaxDeducted10.0000
Validating Challan 2
Validating Challan For Batch Number2
Value of forCSIfile  :: true
 cinmandatory
No of challan from csi file :: 83
The FVU Higher Version is 6.0
The FVU lower Version is 2.156
TanNameFromTxtFile ::  CANARA BANK   TanNameFromCSIFile :: CANARA BANK
TanFromTxtFile ::  MUMC10753B   TanFromCSIFile  :: MUMC10753B
 STARTING DEDUTEE VALIDATION FOR CHALLAN 2
RateAtWhichTaxDeducted10.0000
Validating Challan 3
Validating Challan For Batch Number2
Value of forCSIfile  :: true
 cinmandatory
No of challan from csi file :: 83
The FVU Higher Version is 6.0
The FVU lower Version is 2.156
TanNameFromTxtFile ::  CANARA BANK   TanNameFromCSIFile :: CANARA BANK
TanFromTxtFile ::  MUMC10753B   TanFromCSIFile  :: MUMC10753B
 STARTING DEDUTEE VALIDATION FOR CHALLAN 3
RateAtWhichTaxDeducted10.0000
RateAtWhichTaxDeducted10.0000
RateAtWhichTaxDeducted10.0000
RateAtWhichTaxDeducted10.0000
RateAtWhichTaxDeducted10.0000
RateAtWhichTaxDeducted10.0000
RateAtWhichTaxDeducted10.0000
RateAtWhichTaxDeducted10.0000
RateAtWhichTaxDeducted10.0000
RateAtWhichTaxDeducted10.0000
RateAtWhichTaxDeducted10.0000
RateAtWhichTaxDeducted10.0000
RateAtWhichTaxDeducted10.0000
RateAtWhichTaxDeducted10.0000
RateAtWhichTaxDeducted10.0000
RateAtWhichTaxDeducted10.0000
RateAtWhichTaxDeducted10.0000
RateAtWhichTaxDeducted10.0000
RateAtWhichTaxDeducted10.0000
RateAtWhichTaxDeducted10.0000
RateAtWhichTaxDeducted10.0000
RateAtWhichTaxDeducted10.0000
RateAtWhichTaxDeducted10.0000
RateAtWhichTaxDeducted10.0000
RateAtWhichTaxDeducted10.0000
RateAtWhichTaxDeducted10.0000
RateAtWhichTaxDeducted10.0000
RateAtWhichTaxDeducted10.0000
Validating Challan 4
Validating Challan For Batch Number2
Value of forCSIfile  :: true
 cinmandatory
No of challan from csi file :: 83
The FVU Higher Version is 6.0
The FVU lower Version is 2.156
TanNameFromTxtFile ::  CANARA BANK   TanNameFromCSIFile :: CANARA BANK
TanFromTxtFile ::  MUMC10753B   TanFromCSIFile  :: MUMC10753B
 STARTING DEDUTEE VALIDATION FOR CHALLAN 4
RateAtWhichTaxDeducted10.0000
RateAtWhichTaxDeducted10.0000
RateAtWhichTaxDeducted10.0000
RateAtWhichTaxDeducted10.0000
RateAtWhichTaxDeducted10.0000
RateAtWhichTaxDeducted10.0000
RateAtWhichTaxDeducted10.0000
RateAtWhichTaxDeducted10.0000
RateAtWhichTaxDeducted10.0000
RateAtWhichTaxDeducted10.0000
RateAtWhichTaxDeducted10.0000
RateAtWhichTaxDeducted10.0000
RateAtWhichTaxDeducted10.0000
RateAtWhichTaxDeducted10.0000
RateAtWhichTaxDeducted10.0000
RateAtWhichTaxDeducted10.0000
RateAtWhichTaxDeducted10.0000
RateAtWhichTaxDeducted10.0000
RateAtWhichTaxDeducted10.0000
RateAtWhichTaxDeducted10.0000
RateAtWhichTaxDeducted10.0000
RateAtWhichTaxDeducted10.0000
RateAtWhichTaxDeducted10.0000
RateAtWhichTaxDeducted10.0000
RateAtWhichTaxDeducted10.0000
RateAtWhichTaxDeducted10.0000
RateAtWhichTaxDeducted10.0000
RateAtWhichTaxDeducted10.0000
RateAtWhichTaxDeducted10.0000
RateAtWhichTaxDeducted10.0000
RateAtWhichTaxDeducted10.0000
RateAtWhichTaxDeducted10.0000
RateAtWhichTaxDeducted10.0000
RateAtWhichTaxDeducted10.0000
RateAtWhichTaxDeducted10.0000
RateAtWhichTaxDeducted10.0000
RateAtWhichTaxDeducted10.0000
RateAtWhichTaxDeducted10.0000
RateAtWhichTaxDeducted10.0000
RateAtWhichTaxDeducted10.0000
RateAtWhichTaxDeducted10.0000
RateAtWhichTaxDeducted10.0000
RateAtWhichTaxDeducted10.0000
RateAtWhichTaxDeducted10.0000
RateAtWhichTaxDeducted10.0000
RateAtWhichTaxDeducted10.0000
RateAtWhichTaxDeducted10.0000
RateAtWhichTaxDeducted10.0000
RateAtWhichTaxDeducted10.0000
RateAtWhichTaxDeducted10.0000
RateAtWhichTaxDeducted10.0000
RateAtWhichTaxDeducted10.0000
RateAtWhichTaxDeducted10.0000
RateAtWhichTaxDeducted10.0000
RateAtWhichTaxDeducted10.0000
RateAtWhichTaxDeducted10.0000
RateAtWhichTaxDeducted10.0000
RateAtWhichTaxDeducted10.0000
RateAtWhichTaxDeducted10.0000
RateAtWhichTaxDeducted10.0000
RateAtWhichTaxDeducted10.0000
RateAtWhichTaxDeducted10.0000
RateAtWhichTaxDeducted10.0000
RateAtWhichTaxDeducted10.0000
RateAtWhichTaxDeducted10.0000
RateAtWhichTaxDeducted10.0000
RateAtWhichTaxDeducted10.0000
RateAtWhichTaxDeducted10.0000
RateAtWhichTaxDeducted10.0000
RateAtWhichTaxDeducted10.0000
RateAtWhichTaxDeducted10.0000
RateAtWhichTaxDeducted10.0000
RateAtWhichTaxDeducted10.0000
RateAtWhichTaxDeducted10.0000
RateAtWhichTaxDeducted10.0000
RateAtWhichTaxDeducted10.0000
RateAtWhichTaxDeducted10.0000
RateAtWhichTaxDeducted10.0000
RateAtWhichTaxDeducted10.0000
RateAtWhichTaxDeducted10.0000
RateAtWhichTaxDeducted10.0000
RateAtWhichTaxDeducted10.0000
RateAtWhichTaxDeducted10.0000
RateAtWhichTaxDeducted10.0000
RateAtWhichTaxDeducted10.0000
RateAtWhichTaxDeducted10.0000
RateAtWhichTaxDeducted10.0000
RateAtWhichTaxDeducted10.0000
RateAtWhichTaxDeducted10.0000
RateAtWhichTaxDeducted10.0000
RateAtWhichTaxDeducted10.0000
RateAtWhichTaxDeducted10.0000
RateAtWhichTaxDeducted10.0000
RateAtWhichTaxDeducted10.0000
RateAtWhichTaxDeducted10.0000
RateAtWhichTaxDeducted10.0000
RateAtWhichTaxDeducted10.0000
RateAtWhichTaxDeducted10.0000
RateAtWhichTaxDeducted10.0000
RateAtWhichTaxDeducted10.0000
RateAtWhichTaxDeducted10.0000
RateAtWhichTaxDeducted10.0000
RateAtWhichTaxDeducted10.0000
RateAtWhichTaxDeducted10.0000
RateAtWhichTaxDeducted10.0000
RateAtWhichTaxDeducted10.0000
RateAtWhichTaxDeducted10.0000
RateAtWhichTaxDeducted10.0000
RateAtWhichTaxDeducted10.0000
RateAtWhichTaxDeducted10.0000
RateAtWhichTaxDeducted10.0000
RateAtWhichTaxDeducted10.0000
RateAtWhichTaxDeducted10.0000
RateAtWhichTaxDeducted10.0000
RateAtWhichTaxDeducted10.0000
RateAtWhichTaxDeducted10.0000
RateAtWhichTaxDeducted10.0000
RateAtWhichTaxDeducted10.0000
RateAtWhichTaxDeducted10.0000
RateAtWhichTaxDeducted10.0000
RateAtWhichTaxDeducted10.0000
RateAtWhichTaxDeducted10.0000
RateAtWhichTaxDeducted10.0000
RateAtWhichTaxDeducted10.0000
RateAtWhichTaxDeducted10.0000
RateAtWhichTaxDeducted10.0000
RateAtWhichTaxDeducted10.0000
RateAtWhichTaxDeducted10.0000
RateAtWhichTaxDeducted10.0000
RateAtWhichTaxDeducted10.0000
RateAtWhichTaxDeducted10.0000
RateAtWhichTaxDeducted10.0000
RateAtWhichTaxDeducted10.0000
RateAtWhichTaxDeducted10.0000
RateAtWhichTaxDeducted10.0000
RateAtWhichTaxDeducted10.0000
RateAtWhichTaxDeducted10.0000
RateAtWhichTaxDeducted10.0000
RateAtWhichTaxDeducted10.0000
RateAtWhichTaxDeducted10.0000
RateAtWhichTaxDeducted10.0000
RateAtWhichTaxDeducted10.0000
RateAtWhichTaxDeducted10.0000
RateAtWhichTaxDeducted10.0000
RateAtWhichTaxDeducted10.0000
RateAtWhichTaxDeducted10.0000
RateAtWhichTaxDeducted10.0000
RateAtWhichTaxDeducted10.0000
RateAtWhichTaxDeducted10.0000
RateAtWhichTaxDeducted10.0000
Validating Challan 5
Validating Challan For Batch Number2
Value of forCSIfile  :: true
 cinmandatory
No of challan from csi file :: 83
The FVU Higher Version is 6.0
The FVU lower Version is 2.156
TanNameFromTxtFile ::  CANARA BANK   TanNameFromCSIFile :: CANARA BANK
TanFromTxtFile ::  MUMC10753B   TanFromCSIFile  :: MUMC10753B
 STARTING DEDUTEE VALIDATION FOR CHALLAN 5
RateAtWhichTaxDeducted1.0000
RateAtWhichTaxDeducted1.0000
Validating Challan 6
Validating Challan For Batch Number2
Value of forCSIfile  :: true
 cinmandatory
No of challan from csi file :: 83
The FVU Higher Version is 6.0
The FVU lower Version is 2.156
TanNameFromTxtFile ::  CANARA BANK   TanNameFromCSIFile :: CANARA BANK
TanFromTxtFile ::  MUMC10753B   TanFromCSIFile  :: MUMC10753B
 STARTING DEDUTEE VALIDATION FOR CHALLAN 6
RateAtWhichTaxDeducted10.0000
Validating Challan 7
Validating Challan For Batch Number2
Value of forCSIfile  :: true
 cinmandatory
No of challan from csi file :: 83
The FVU Higher Version is 6.0
The FVU lower Version is 2.156
TanNameFromTxtFile ::  CANARA BANK   TanNameFromCSIFile :: CANARA BANK
TanFromTxtFile ::  MUMC10753B   TanFromCSIFile  :: MUMC10753B
 STARTING DEDUTEE VALIDATION FOR CHALLAN 7
RateAtWhichTaxDeducted10.0000
RateAtWhichTaxDeducted10.0000
RateAtWhichTaxDeducted10.0000
RateAtWhichTaxDeducted10.0000
RateAtWhichTaxDeducted10.0000
RateAtWhichTaxDeducted10.0000
RateAtWhichTaxDeducted10.0000
RateAtWhichTaxDeducted10.0000
RateAtWhichTaxDeducted10.0000
RateAtWhichTaxDeducted10.0000
RateAtWhichTaxDeducted10.0000
RateAtWhichTaxDeducted10.0000
RateAtWhichTaxDeducted10.0000
RateAtWhichTaxDeducted10.0000
RateAtWhichTaxDeducted10.0000
RateAtWhichTaxDeducted10.0000
RateAtWhichTaxDeducted10.0000
RateAtWhichTaxDeducted10.0000
RateAtWhichTaxDeducted10.0000
RateAtWhichTaxDeducted10.0000
RateAtWhichTaxDeducted10.0000
RateAtWhichTaxDeducted10.0000
RateAtWhichTaxDeducted10.0000
RateAtWhichTaxDeducted10.0000
RateAtWhichTaxDeducted10.0000
RateAtWhichTaxDeducted10.0000
RateAtWhichTaxDeducted10.0000
RateAtWhichTaxDeducted10.0000
RateAtWhichTaxDeducted10.0000
RateAtWhichTaxDeducted10.0000
RateAtWhichTaxDeducted10.0000
RateAtWhichTaxDeducted10.0000
RateAtWhichTaxDeducted10.0000
RateAtWhichTaxDeducted10.0000
RateAtWhichTaxDeducted10.0000
RateAtWhichTaxDeducted10.0000
RateAtWhichTaxDeducted10.0000
RateAtWhichTaxDeducted10.0000
RateAtWhichTaxDeducted10.0000
RateAtWhichTaxDeducted10.0000
RateAtWhichTaxDeducted10.0000
RateAtWhichTaxDeducted10.0000
RateAtWhichTaxDeducted10.0000
RateAtWhichTaxDeducted10.0000
RateAtWhichTaxDeducted10.0000
RateAtWhichTaxDeducted10.0000
RateAtWhichTaxDeducted10.0000
RateAtWhichTaxDeducted10.0000
RateAtWhichTaxDeducted10.0000
RateAtWhichTaxDeducted10.0000
RateAtWhichTaxDeducted10.0000
RateAtWhichTaxDeducted10.0000
RateAtWhichTaxDeducted10.0000
RateAtWhichTaxDeducted10.0000
RateAtWhichTaxDeducted10.0000
RateAtWhichTaxDeducted10.0000
RateAtWhichTaxDeducted10.0000
RateAtWhichTaxDeducted10.0000
RateAtWhichTaxDeducted10.0000
RateAtWhichTaxDeducted10.0000
RateAtWhichTaxDeducted10.0000
RateAtWhichTaxDeducted10.0000
RateAtWhichTaxDeducted10.0000
RateAtWhichTaxDeducted10.0000
RateAtWhichTaxDeducted10.0000
RateAtWhichTaxDeducted10.0000
RateAtWhichTaxDeducted10.0000
RateAtWhichTaxDeducted10.0000
FileGenerator.java getPANStatBatchDetail() method Called
FileGenerator.java getStatisticaFileDetail() method is returning 
RateAtWhichTaxDeducted20.0000
The part added gets called returns true for value NOPAN00002
RateAtWhichTaxDeducted10.0000
RateAtWhichTaxDeducted10.0000
RateAtWhichTaxDeducted10.0000
RateAtWhichTaxDeducted10.0000
RateAtWhichTaxDeducted10.0000
RateAtWhichTaxDeducted10.0000
RateAtWhichTaxDeducted10.0000
RateAtWhichTaxDeducted10.0000
RateAtWhichTaxDeducted10.0000
RateAtWhichTaxDeducted10.0000
RateAtWhichTaxDeducted10.0000
RateAtWhichTaxDeducted10.0000
RateAtWhichTaxDeducted10.0000
RateAtWhichTaxDeducted10.0000
RateAtWhichTaxDeducted10.0000
RateAtWhichTaxDeducted10.0000
RateAtWhichTaxDeducted10.0000
RateAtWhichTaxDeducted10.0000
RateAtWhichTaxDeducted10.0000
RateAtWhichTaxDeducted10.0000
RateAtWhichTaxDeducted10.0000
RateAtWhichTaxDeducted10.0000
RateAtWhichTaxDeducted10.0000
RateAtWhichTaxDeducted10.0000
RateAtWhichTaxDeducted10.0000
RateAtWhichTaxDeducted10.0000
RateAtWhichTaxDeducted10.0000
RateAtWhichTaxDeducted10.0000
RateAtWhichTaxDeducted10.0000
RateAtWhichTaxDeducted10.0000
RateAtWhichTaxDeducted10.0000
RateAtWhichTaxDeducted10.0000
RateAtWhichTaxDeducted10.0000
RateAtWhichTaxDeducted10.0000
RateAtWhichTaxDeducted10.0000
RateAtWhichTaxDeducted10.0000
RateAtWhichTaxDeducted10.0000
RateAtWhichTaxDeducted10.0000
RateAtWhichTaxDeducted10.0000
RateAtWhichTaxDeducted10.0000
RateAtWhichTaxDeducted10.0000
RateAtWhichTaxDeducted10.0000
RateAtWhichTaxDeducted10.0000
RateAtWhichTaxDeducted10.0000
RateAtWhichTaxDeducted10.0000
RateAtWhichTaxDeducted10.0000
RateAtWhichTaxDeducted10.0000
RateAtWhichTaxDeducted10.0000
RateAtWhichTaxDeducted10.0000
RateAtWhichTaxDeducted10.0000
RateAtWhichTaxDeducted10.0000
RateAtWhichTaxDeducted10.0000
RateAtWhichTaxDeducted10.0000
RateAtWhichTaxDeducted10.0000
RateAtWhichTaxDeducted10.0000
RateAtWhichTaxDeducted10.0000
RateAtWhichTaxDeducted10.0000
RateAtWhichTaxDeducted10.0000
RateAtWhichTaxDeducted10.0000
RateAtWhichTaxDeducted10.0000
RateAtWhichTaxDeducted10.0000
RateAtWhichTaxDeducted10.0000
RateAtWhichTaxDeducted10.0000
RateAtWhichTaxDeducted10.0000
RateAtWhichTaxDeducted10.0000
RateAtWhichTaxDeducted10.0000
RateAtWhichTaxDeducted10.0000
RateAtWhichTaxDeducted10.0000
RateAtWhichTaxDeducted10.0000
RateAtWhichTaxDeducted10.0000
RateAtWhichTaxDeducted10.0000
RateAtWhichTaxDeducted10.0000
RateAtWhichTaxDeducted10.0000
RateAtWhichTaxDeducted10.0000
RateAtWhichTaxDeducted10.0000
RateAtWhichTaxDeducted10.0000
RateAtWhichTaxDeducted10.0000
RateAtWhichTaxDeducted10.0000
RateAtWhichTaxDeducted10.0000
RateAtWhichTaxDeducted10.0000
RateAtWhichTaxDeducted10.0000
RateAtWhichTaxDeducted10.0000
RateAtWhichTaxDeducted10.0000
RateAtWhichTaxDeducted10.0000
RateAtWhichTaxDeducted10.0000
RateAtWhichTaxDeducted10.0000
Validating Challan 8
Validating Challan For Batch Number2
Value of forCSIfile  :: true
 cinmandatory
No of challan from csi file :: 83
The FVU Higher Version is 6.0
The FVU lower Version is 2.156
TanNameFromTxtFile ::  CANARA BANK   TanNameFromCSIFile :: CANARA BANK
TanFromTxtFile ::  MUMC10753B   TanFromCSIFile  :: MUMC10753B
 STARTING DEDUTEE VALIDATION FOR CHALLAN 8
RateAtWhichTaxDeducted10.0000
Validating Challan 9
Validating Challan For Batch Number2
Value of forCSIfile  :: true
 cinmandatory
No of challan from csi file :: 83
The FVU Higher Version is 6.0
The FVU lower Version is 2.156
TanNameFromTxtFile ::  CANARA BANK   TanNameFromCSIFile :: CANARA BANK
TanFromTxtFile ::  MUMC10753B   TanFromCSIFile  :: MUMC10753B
 STARTING DEDUTEE VALIDATION FOR CHALLAN 9
RateAtWhichTaxDeducted10.0000
Validating Challan 10
Validating Challan For Batch Number2
Value of forCSIfile  :: true
 cinmandatory
No of challan from csi file :: 83
The FVU Higher Version is 6.0
The FVU lower Version is 2.156
TanNameFromTxtFile ::  CANARA BANK   TanNameFromCSIFile :: CANARA BANK
TanFromTxtFile ::  MUMC10753B   TanFromCSIFile  :: MUMC10753B
 STARTING DEDUTEE VALIDATION FOR CHALLAN 10
RateAtWhichTaxDeducted10.0000
Validating Challan 11
Validating Challan For Batch Number2
Value of forCSIfile  :: true
 cinmandatory
No of challan from csi file :: 83
The FVU Higher Version is 6.0
The FVU lower Version is 2.156
TanNameFromTxtFile ::  CANARA BANK   TanNameFromCSIFile :: CANARA BANK
TanFromTxtFile ::  MUMC10753B   TanFromCSIFile  :: MUMC10753B
 STARTING DEDUTEE VALIDATION FOR CHALLAN 11
RateAtWhichTaxDeducted10.0000
RateAtWhichTaxDeducted10.0000
Validating Challan 12
Validating Challan For Batch Number2
Value of forCSIfile  :: true
 cinmandatory
No of challan from csi file :: 83
The FVU Higher Version is 6.0
The FVU lower Version is 2.156
TanNameFromTxtFile ::  CANARA BANK   TanNameFromCSIFile :: CANARA BANK
TanFromTxtFile ::  MUMC10753B   TanFromCSIFile  :: MUMC10753B
 STARTING DEDUTEE VALIDATION FOR CHALLAN 12
RateAtWhichTaxDeducted10.0000
Validating Challan 13
Validating Challan For Batch Number2
Value of forCSIfile  :: true
 cinmandatory
No of challan from csi file :: 83
The FVU Higher Version is 6.0
The FVU lower Version is 2.156
TanNameFromTxtFile ::  CANARA BANK   TanNameFromCSIFile :: CANARA BANK
TanFromTxtFile ::  MUMC10753B   TanFromCSIFile  :: MUMC10753B
 STARTING DEDUTEE VALIDATION FOR CHALLAN 13
RateAtWhichTaxDeducted10.0000
Validating Challan 14
Validating Challan For Batch Number2
Value of forCSIfile  :: true
 cinmandatory
No of challan from csi file :: 83
The FVU Higher Version is 6.0
The FVU lower Version is 2.156
TanNameFromTxtFile ::  CANARA BANK   TanNameFromCSIFile :: CANARA BANK
TanFromTxtFile ::  MUMC10753B   TanFromCSIFile  :: MUMC10753B
 STARTING DEDUTEE VALIDATION FOR CHALLAN 14
RateAtWhichTaxDeducted1.0000
Validating Challan 15
Validating Challan For Batch Number2
Value of forCSIfile  :: true
 cinmandatory
No of challan from csi file :: 83
The FVU Higher Version is 6.0
The FVU lower Version is 2.156
TanNameFromTxtFile ::  CANARA BANK   TanNameFromCSIFile :: CANARA BANK
TanFromTxtFile ::  MUMC10753B   TanFromCSIFile  :: MUMC10753B
 STARTING DEDUTEE VALIDATION FOR CHALLAN 15
RateAtWhichTaxDeducted10.0000
Validating Challan 16
Validating Challan For Batch Number2
Value of forCSIfile  :: true
 cinmandatory
No of challan from csi file :: 83
The FVU Higher Version is 6.0
The FVU lower Version is 2.156
TanNameFromTxtFile ::  CANARA BANK   TanNameFromCSIFile :: CANARA BANK
TanFromTxtFile ::  MUMC10753B   TanFromCSIFile  :: MUMC10753B
 STARTING DEDUTEE VALIDATION FOR CHALLAN 16
RateAtWhichTaxDeducted10.0000
Validating Challan 17
Validating Challan For Batch Number2
Value of forCSIfile  :: true
 cinmandatory
No of challan from csi file :: 83
The FVU Higher Version is 6.0
The FVU lower Version is 2.156
TanNameFromTxtFile ::  CANARA BANK   TanNameFromCSIFile :: CANARA BANK
TanFromTxtFile ::  MUMC10753B   TanFromCSIFile  :: MUMC10753B
 STARTING DEDUTEE VALIDATION FOR CHALLAN 17
RateAtWhichTaxDeducted10.0000
RateAtWhichTaxDeducted10.0000
RateAtWhichTaxDeducted10.0000
RateAtWhichTaxDeducted10.0000
RateAtWhichTaxDeducted10.0000
RateAtWhichTaxDeducted10.0000
RateAtWhichTaxDeducted10.0000
RateAtWhichTaxDeducted10.0000
RateAtWhichTaxDeducted10.0000
RateAtWhichTaxDeducted10.0000
RateAtWhichTaxDeducted10.0000
RateAtWhichTaxDeducted10.0000
RateAtWhichTaxDeducted10.0000
RateAtWhichTaxDeducted10.0000
RateAtWhichTaxDeducted10.0000
RateAtWhichTaxDeducted10.0000
RateAtWhichTaxDeducted10.0000
RateAtWhichTaxDeducted10.0000
RateAtWhichTaxDeducted10.0000
RateAtWhichTaxDeducted10.0000
RateAtWhichTaxDeducted10.0000
RateAtWhichTaxDeducted10.0000
RateAtWhichTaxDeducted10.0000
RateAtWhichTaxDeducted10.0000
RateAtWhichTaxDeducted20.0000
The part added gets called returns true for value NOPAN00002
RateAtWhichTaxDeducted20.0000
The part added gets called returns true for value NOPAN00002
RateAtWhichTaxDeducted10.0000
RateAtWhichTaxDeducted10.0000
RateAtWhichTaxDeducted10.0000
RateAtWhichTaxDeducted10.0000
RateAtWhichTaxDeducted10.0000
RateAtWhichTaxDeducted10.0000
RateAtWhichTaxDeducted10.0000
RateAtWhichTaxDeducted10.0000
RateAtWhichTaxDeducted10.0000
RateAtWhichTaxDeducted10.0000
RateAtWhichTaxDeducted10.0000
RateAtWhichTaxDeducted10.0000
RateAtWhichTaxDeducted10.0000
RateAtWhichTaxDeducted10.0000
RateAtWhichTaxDeducted10.0000
RateAtWhichTaxDeducted10.0000
RateAtWhichTaxDeducted10.0000
RateAtWhichTaxDeducted10.0000
RateAtWhichTaxDeducted10.0000
RateAtWhichTaxDeducted10.0000
RateAtWhichTaxDeducted10.0000
RateAtWhichTaxDeducted10.0000
RateAtWhichTaxDeducted10.0000
RateAtWhichTaxDeducted10.0000
RateAtWhichTaxDeducted10.0000
RateAtWhichTaxDeducted10.0000
RateAtWhichTaxDeducted10.0000
RateAtWhichTaxDeducted10.0000
RateAtWhichTaxDeducted10.0000
RateAtWhichTaxDeducted10.0000
RateAtWhichTaxDeducted20.0000
The part added gets called returns true for value NOPAN00003
RateAtWhichTaxDeducted10.0000
RateAtWhichTaxDeducted10.0000
RateAtWhichTaxDeducted10.0000
RateAtWhichTaxDeducted10.0000
RateAtWhichTaxDeducted10.0000
RateAtWhichTaxDeducted10.0000
RateAtWhichTaxDeducted10.0000
RateAtWhichTaxDeducted10.0000
RateAtWhichTaxDeducted10.0000
RateAtWhichTaxDeducted10.0000
RateAtWhichTaxDeducted10.0000
RateAtWhichTaxDeducted10.0000
RateAtWhichTaxDeducted10.0000
RateAtWhichTaxDeducted10.0000
RateAtWhichTaxDeducted10.0000
RateAtWhichTaxDeducted10.0000
RateAtWhichTaxDeducted10.0000
RateAtWhichTaxDeducted10.0000
RateAtWhichTaxDeducted10.0000
RateAtWhichTaxDeducted10.0000
RateAtWhichTaxDeducted10.0000
RateAtWhichTaxDeducted10.0000
RateAtWhichTaxDeducted10.0000
RateAtWhichTaxDeducted10.0000
RateAtWhichTaxDeducted10.0000
RateAtWhichTaxDeducted10.0000
RateAtWhichTaxDeducted10.0000
RateAtWhichTaxDeducted10.0000
RateAtWhichTaxDeducted10.0000
RateAtWhichTaxDeducted10.0000
RateAtWhichTaxDeducted10.0000
RateAtWhichTaxDeducted10.0000
RateAtWhichTaxDeducted10.0000
RateAtWhichTaxDeducted10.0000
RateAtWhichTaxDeducted10.0000
RateAtWhichTaxDeducted10.0000
RateAtWhichTaxDeducted20.0000
The part added gets called returns true for value NOPAN00004
RateAtWhichTaxDeducted20.0000
The part added gets called returns true for value NOPAN00005
RateAtWhichTaxDeducted10.0000
RateAtWhichTaxDeducted10.0000
RateAtWhichTaxDeducted10.0000
RateAtWhichTaxDeducted10.0000
RateAtWhichTaxDeducted10.0000
RateAtWhichTaxDeducted10.0000
RateAtWhichTaxDeducted10.0000
RateAtWhichTaxDeducted10.0000
RateAtWhichTaxDeducted10.0000
RateAtWhichTaxDeducted10.0000
RateAtWhichTaxDeducted10.0000
RateAtWhichTaxDeducted10.0000
RateAtWhichTaxDeducted10.0000
RateAtWhichTaxDeducted10.0000
RateAtWhichTaxDeducted10.0000
RateAtWhichTaxDeducted10.0000
RateAtWhichTaxDeducted10.0000
RateAtWhichTaxDeducted10.0000
RateAtWhichTaxDeducted10.0000
RateAtWhichTaxDeducted10.0000
RateAtWhichTaxDeducted10.0000
RateAtWhichTaxDeducted10.0000
RateAtWhichTaxDeducted10.0000
RateAtWhichTaxDeducted10.0000
RateAtWhichTaxDeducted10.0000
RateAtWhichTaxDeducted10.0000
RateAtWhichTaxDeducted10.0000
RateAtWhichTaxDeducted10.0000
RateAtWhichTaxDeducted10.0000
RateAtWhichTaxDeducted10.0000
RateAtWhichTaxDeducted10.0000
RateAtWhichTaxDeducted10.0000
RateAtWhichTaxDeducted10.0000
RateAtWhichTaxDeducted10.0000
RateAtWhichTaxDeducted10.0000
RateAtWhichTaxDeducted10.0000
RateAtWhichTaxDeducted10.0000
RateAtWhichTaxDeducted10.0000
RateAtWhichTaxDeducted10.0000
RateAtWhichTaxDeducted10.0000
RateAtWhichTaxDeducted10.0000
RateAtWhichTaxDeducted10.0000
RateAtWhichTaxDeducted10.0000
RateAtWhichTaxDeducted10.0000
RateAtWhichTaxDeducted10.0000
RateAtWhichTaxDeducted10.0000
RateAtWhichTaxDeducted10.0000
RateAtWhichTaxDeducted10.0000
RateAtWhichTaxDeducted10.0000
RateAtWhichTaxDeducted10.0000
RateAtWhichTaxDeducted10.0000
RateAtWhichTaxDeducted10.0000
RateAtWhichTaxDeducted10.0000
RateAtWhichTaxDeducted20.0000
The part added gets called returns true for value NOPAN00002
RateAtWhichTaxDeducted20.0000
The part added gets called returns true for value NOPAN00002
RateAtWhichTaxDeducted20.0000
The part added gets called returns true for value NOPAN00002
RateAtWhichTaxDeducted10.0000
RateAtWhichTaxDeducted10.0000
RateAtWhichTaxDeducted10.0000
RateAtWhichTaxDeducted10.0000
RateAtWhichTaxDeducted10.0000
RateAtWhichTaxDeducted10.0000
RateAtWhichTaxDeducted10.0000
RateAtWhichTaxDeducted10.0000
RateAtWhichTaxDeducted10.0000
RateAtWhichTaxDeducted10.0000
RateAtWhichTaxDeducted10.0000
RateAtWhichTaxDeducted10.0000
RateAtWhichTaxDeducted10.0000
RateAtWhichTaxDeducted10.0000
RateAtWhichTaxDeducted10.0000
RateAtWhichTaxDeducted10.0000
RateAtWhichTaxDeducted10.0000
RateAtWhichTaxDeducted10.0000
RateAtWhichTaxDeducted10.0000
RateAtWhichTaxDeducted10.0000
RateAtWhichTaxDeducted10.0000
RateAtWhichTaxDeducted10.0000
RateAtWhichTaxDeducted10.0000
RateAtWhichTaxDeducted10.0000
RateAtWhichTaxDeducted10.0000
RateAtWhichTaxDeducted10.0000
RateAtWhichTaxDeducted10.0000
RateAtWhichTaxDeducted10.0000
RateAtWhichTaxDeducted10.0000
RateAtWhichTaxDeducted10.0000
RateAtWhichTaxDeducted10.0000
RateAtWhichTaxDeducted10.0000
RateAtWhichTaxDeducted10.0000
RateAtWhichTaxDeducted10.0000
RateAtWhichTaxDeducted10.0000
RateAtWhichTaxDeducted10.0000
RateAtWhichTaxDeducted10.0000
RateAtWhichTaxDeducted10.0000
RateAtWhichTaxDeducted10.0000
RateAtWhichTaxDeducted10.0000
RateAtWhichTaxDeducted20.0000
The part added gets called returns true for value NOPAN00006
RateAtWhichTaxDeducted10.0000
RateAtWhichTaxDeducted10.0000
RateAtWhichTaxDeducted10.0000
RateAtWhichTaxDeducted10.0000
RateAtWhichTaxDeducted0.0000
RateAtWhichTaxDeducted0.0000
RateAtWhichTaxDeducted0.0000
RateAtWhichTaxDeducted0.0000
RateAtWhichTaxDeducted0.0000
RateAtWhichTaxDeducted0.0000
RateAtWhichTaxDeducted0.0000
RateAtWhichTaxDeducted0.0000
RateAtWhichTaxDeducted0.0000
RateAtWhichTaxDeducted0.0000
RateAtWhichTaxDeducted0.0000
RateAtWhichTaxDeducted0.0000
RateAtWhichTaxDeducted0.0000
RateAtWhichTaxDeducted0.0000
RateAtWhichTaxDeducted0.0000
RateAtWhichTaxDeducted0.0000
RateAtWhichTaxDeducted0.0000
RateAtWhichTaxDeducted0.0000
RateAtWhichTaxDeducted0.0000
RateAtWhichTaxDeducted0.0000
RateAtWhichTaxDeducted0.0000
RateAtWhichTaxDeducted0.0000
RateAtWhichTaxDeducted0.0000
RateAtWhichTaxDeducted0.0000
RateAtWhichTaxDeducted0.0000
RateAtWhichTaxDeducted0.0000
RateAtWhichTaxDeducted0.0000
RateAtWhichTaxDeducted0.0000
RateAtWhichTaxDeducted0.0000
RateAtWhichTaxDeducted0.0000
RateAtWhichTaxDeducted0.0000
RateAtWhichTaxDeducted0.0000
RateAtWhichTaxDeducted0.0000
RateAtWhichTaxDeducted0.0000
RateAtWhichTaxDeducted0.0000
RateAtWhichTaxDeducted0.0000
RateAtWhichTaxDeducted0.0000
RateAtWhichTaxDeducted0.0000
RateAtWhichTaxDeducted0.0000
RateAtWhichTaxDeducted0.0000
RateAtWhichTaxDeducted0.0000
RateAtWhichTaxDeducted0.0000
RateAtWhichTaxDeducted0.0000
RateAtWhichTaxDeducted0.0000
RateAtWhichTaxDeducted0.0000
RateAtWhichTaxDeducted0.0000
RateAtWhichTaxDeducted0.0000
RateAtWhichTaxDeducted0.0000
RateAtWhichTaxDeducted0.0000
RateAtWhichTaxDeducted0.0000
RateAtWhichTaxDeducted0.0000
RateAtWhichTaxDeducted0.0000
RateAtWhichTaxDeducted0.0000
RateAtWhichTaxDeducted0.0000
RateAtWhichTaxDeducted0.0000
RateAtWhichTaxDeducted0.0000
RateAtWhichTaxDeducted0.0000
RateAtWhichTaxDeducted0.0000
RateAtWhichTaxDeducted0.0000
RateAtWhichTaxDeducted0.0000
RateAtWhichTaxDeducted0.0000
RateAtWhichTaxDeducted0.0000
RateAtWhichTaxDeducted0.0000
RateAtWhichTaxDeducted0.0000
RateAtWhichTaxDeducted0.0000
RateAtWhichTaxDeducted0.0000
RateAtWhichTaxDeducted0.0000
RateAtWhichTaxDeducted0.0000
RateAtWhichTaxDeducted0.0000
RateAtWhichTaxDeducted0.0000
RateAtWhichTaxDeducted0.0000
RateAtWhichTaxDeducted0.0000
RateAtWhichTaxDeducted0.0000
RateAtWhichTaxDeducted0.0000
RateAtWhichTaxDeducted0.0000
RateAtWhichTaxDeducted0.0000
RateAtWhichTaxDeducted0.0000
RateAtWhichTaxDeducted0.0000
RateAtWhichTaxDeducted0.0000
RateAtWhichTaxDeducted0.0000
RateAtWhichTaxDeducted0.0000
RateAtWhichTaxDeducted0.0000
RateAtWhichTaxDeducted0.0000
RateAtWhichTaxDeducted0.0000
RateAtWhichTaxDeducted0.0000
RateAtWhichTaxDeducted0.0000
RateAtWhichTaxDeducted0.0000
RateAtWhichTaxDeducted0.0000
RateAtWhichTaxDeducted0.0000
RateAtWhichTaxDeducted0.0000
RateAtWhichTaxDeducted0.0000
RateAtWhichTaxDeducted0.0000
RateAtWhichTaxDeducted0.0000
RateAtWhichTaxDeducted0.0000
RateAtWhichTaxDeducted0.0000
RateAtWhichTaxDeducted0.0000
RateAtWhichTaxDeducted0.0000
RateAtWhichTaxDeducted0.0000
RateAtWhichTaxDeducted0.0000
RateAtWhichTaxDeducted0.0000
RateAtWhichTaxDeducted0.0000
RateAtWhichTaxDeducted0.0000
RateAtWhichTaxDeducted0.0000
RateAtWhichTaxDeducted0.0000
RateAtWhichTaxDeducted0.0000
RateAtWhichTaxDeducted0.0000
RateAtWhichTaxDeducted0.0000
RateAtWhichTaxDeducted0.0000
RateAtWhichTaxDeducted0.0000
RateAtWhichTaxDeducted0.0000
RateAtWhichTaxDeducted0.0000
RateAtWhichTaxDeducted0.0000
RateAtWhichTaxDeducted0.0000
RateAtWhichTaxDeducted0.0000
RateAtWhichTaxDeducted0.0000
RateAtWhichTaxDeducted0.0000
RateAtWhichTaxDeducted0.0000
RateAtWhichTaxDeducted0.0000
RateAtWhichTaxDeducted0.0000
RateAtWhichTaxDeducted0.0000
RateAtWhichTaxDeducted0.0000
RateAtWhichTaxDeducted0.0000
RateAtWhichTaxDeducted0.0000
RateAtWhichTaxDeducted0.0000
RateAtWhichTaxDeducted0.0000
RateAtWhichTaxDeducted0.0000
RateAtWhichTaxDeducted0.0000
RateAtWhichTaxDeducted0.0000
RateAtWhichTaxDeducted0.0000
RateAtWhichTaxDeducted0.0000
RateAtWhichTaxDeducted0.0000
RateAtWhichTaxDeducted0.0000
RateAtWhichTaxDeducted0.0000
RateAtWhichTaxDeducted0.0000
RateAtWhichTaxDeducted0.0000
RateAtWhichTaxDeducted0.0000
RateAtWhichTaxDeducted0.0000
RateAtWhichTaxDeducted0.0000
RateAtWhichTaxDeducted0.0000
RateAtWhichTaxDeducted0.0000
RateAtWhichTaxDeducted0.0000
RateAtWhichTaxDeducted0.0000
RateAtWhichTaxDeducted0.0000
RateAtWhichTaxDeducted0.0000
RateAtWhichTaxDeducted0.0000
RateAtWhichTaxDeducted0.0000
RateAtWhichTaxDeducted0.0000
RateAtWhichTaxDeducted0.0000
RateAtWhichTaxDeducted0.0000
RateAtWhichTaxDeducted0.0000
RateAtWhichTaxDeducted0.0000
RateAtWhichTaxDeducted0.0000
RateAtWhichTaxDeducted0.0000
RateAtWhichTaxDeducted0.0000
RateAtWhichTaxDeducted0.0000
RateAtWhichTaxDeducted0.0000
RateAtWhichTaxDeducted0.0000
RateAtWhichTaxDeducted0.0000
RateAtWhichTaxDeducted0.0000
RateAtWhichTaxDeducted0.0000
RateAtWhichTaxDeducted0.0000
RateAtWhichTaxDeducted0.0000
RateAtWhichTaxDeducted0.0000
RateAtWhichTaxDeducted0.0000
RateAtWhichTaxDeducted0.0000
RateAtWhichTaxDeducted0.0000
RateAtWhichTaxDeducted0.0000
RateAtWhichTaxDeducted0.0000
RateAtWhichTaxDeducted0.0000
RateAtWhichTaxDeducted0.0000
RateAtWhichTaxDeducted0.0000
RateAtWhichTaxDeducted0.0000
RateAtWhichTaxDeducted0.0000
RateAtWhichTaxDeducted0.0000
RateAtWhichTaxDeducted0.0000
RateAtWhichTaxDeducted0.0000
RateAtWhichTaxDeducted0.0000
RateAtWhichTaxDeducted0.0000
RateAtWhichTaxDeducted0.0000
RateAtWhichTaxDeducted0.0000
RateAtWhichTaxDeducted0.0000
RateAtWhichTaxDeducted0.0000
RateAtWhichTaxDeducted0.0000
RateAtWhichTaxDeducted0.0000
RateAtWhichTaxDeducted0.0000
RateAtWhichTaxDeducted0.0000
RateAtWhichTaxDeducted0.0000
RateAtWhichTaxDeducted0.0000
RateAtWhichTaxDeducted0.0000
RateAtWhichTaxDeducted0.0000
RateAtWhichTaxDeducted0.0000
RateAtWhichTaxDeducted0.0000
RateAtWhichTaxDeducted0.0000
RateAtWhichTaxDeducted0.0000
RateAtWhichTaxDeducted0.0000
RateAtWhichTaxDeducted0.0000
RateAtWhichTaxDeducted0.0000
RateAtWhichTaxDeducted0.0000
RateAtWhichTaxDeducted0.0000
RateAtWhichTaxDeducted0.0000
RateAtWhichTaxDeducted0.0000
RateAtWhichTaxDeducted0.0000
RateAtWhichTaxDeducted0.0000
RateAtWhichTaxDeducted0.0000
RateAtWhichTaxDeducted0.0000
RateAtWhichTaxDeducted0.0000
RateAtWhichTaxDeducted0.0000
RateAtWhichTaxDeducted0.0000
RateAtWhichTaxDeducted0.0000
RateAtWhichTaxDeducted0.0000
RateAtWhichTaxDeducted0.0000
RateAtWhichTaxDeducted0.0000
RateAtWhichTaxDeducted0.0000
RateAtWhichTaxDeducted0.0000
RateAtWhichTaxDeducted0.0000
RateAtWhichTaxDeducted0.0000
RateAtWhichTaxDeducted0.0000
RateAtWhichTaxDeducted0.0000
RateAtWhichTaxDeducted0.0000
RateAtWhichTaxDeducted0.0000
RateAtWhichTaxDeducted0.0000
RateAtWhichTaxDeducted0.0000
RateAtWhichTaxDeducted0.0000
RateAtWhichTaxDeducted0.0000
RateAtWhichTaxDeducted0.0000
RateAtWhichTaxDeducted0.0000
RateAtWhichTaxDeducted0.0000
RateAtWhichTaxDeducted0.0000
RateAtWhichTaxDeducted0.0000
RateAtWhichTaxDeducted0.0000
RateAtWhichTaxDeducted0.0000
RateAtWhichTaxDeducted0.0000
RateAtWhichTaxDeducted0.0000
RateAtWhichTaxDeducted0.0000
RateAtWhichTaxDeducted0.0000
RateAtWhichTaxDeducted0.0000
RateAtWhichTaxDeducted0.0000
RateAtWhichTaxDeducted0.0000
RateAtWhichTaxDeducted0.0000
RateAtWhichTaxDeducted0.0000
RateAtWhichTaxDeducted0.0000
RateAtWhichTaxDeducted0.0000
RateAtWhichTaxDeducted0.0000
RateAtWhichTaxDeducted0.0000
RateAtWhichTaxDeducted0.0000
RateAtWhichTaxDeducted0.0000
RateAtWhichTaxDeducted0.0000
RateAtWhichTaxDeducted0.0000
RateAtWhichTaxDeducted0.0000
RateAtWhichTaxDeducted0.0000
RateAtWhichTaxDeducted0.0000
RateAtWhichTaxDeducted0.0000
RateAtWhichTaxDeducted0.0000
RateAtWhichTaxDeducted0.0000
RateAtWhichTaxDeducted0.0000
RateAtWhichTaxDeducted0.0000
RateAtWhichTaxDeducted0.0000
RateAtWhichTaxDeducted0.0000
RateAtWhichTaxDeducted0.0000
RateAtWhichTaxDeducted0.0000
RateAtWhichTaxDeducted0.0000
RateAtWhichTaxDeducted0.0000
RateAtWhichTaxDeducted0.0000
RateAtWhichTaxDeducted0.0000
RateAtWhichTaxDeducted0.0000
RateAtWhichTaxDeducted0.0000
RateAtWhichTaxDeducted0.0000
RateAtWhichTaxDeducted0.0000
RateAtWhichTaxDeducted0.0000
RateAtWhichTaxDeducted0.0000
RateAtWhichTaxDeducted0.0000
RateAtWhichTaxDeducted0.0000
RateAtWhichTaxDeducted0.0000
RateAtWhichTaxDeducted0.0000
RateAtWhichTaxDeducted0.0000
RateAtWhichTaxDeducted0.0000
RateAtWhichTaxDeducted0.0000
RateAtWhichTaxDeducted0.0000
RateAtWhichTaxDeducted0.0000
RateAtWhichTaxDeducted0.0000
RateAtWhichTaxDeducted0.0000
RateAtWhichTaxDeducted0.0000
RateAtWhichTaxDeducted0.0000
RateAtWhichTaxDeducted0.0000
RateAtWhichTaxDeducted0.0000
RateAtWhichTaxDeducted0.0000
RateAtWhichTaxDeducted0.0000
RateAtWhichTaxDeducted0.0000
RateAtWhichTaxDeducted0.0000
RateAtWhichTaxDeducted0.0000
RateAtWhichTaxDeducted0.0000
RateAtWhichTaxDeducted0.0000
RateAtWhichTaxDeducted0.0000
RateAtWhichTaxDeducted0.0000
RateAtWhichTaxDeducted0.0000
RateAtWhichTaxDeducted0.0000
Validating Challan 18
Validating Challan For Batch Number2
Value of forCSIfile  :: true
 cinmandatory
No of challan from csi file :: 83
The FVU Higher Version is 6.0
The FVU lower Version is 2.156
TanNameFromTxtFile ::  CANARA BANK   TanNameFromCSIFile :: CANARA BANK
TanFromTxtFile ::  MUMC10753B   TanFromCSIFile  :: MUMC10753B
 STARTING DEDUTEE VALIDATION FOR CHALLAN 18
RateAtWhichTaxDeducted10.0000
Validating Challan 19
Validating Challan For Batch Number2
Value of forCSIfile  :: true
 cinmandatory
No of challan from csi file :: 83
The FVU Higher Version is 6.0
The FVU lower Version is 2.156
TanNameFromTxtFile ::  CANARA BANK   TanNameFromCSIFile :: CANARA BANK
TanFromTxtFile ::  MUMC10753B   TanFromCSIFile  :: MUMC10753B
 STARTING DEDUTEE VALIDATION FOR CHALLAN 19
RateAtWhichTaxDeducted10.0000
Validating Challan 20
Validating Challan For Batch Number2
Value of forCSIfile  :: true
 cinmandatory
No of challan from csi file :: 83
The FVU Higher Version is 6.0
The FVU lower Version is 2.156
TanNameFromTxtFile ::  CANARA BANK   TanNameFromCSIFile :: CANARA BANK
TanFromTxtFile ::  MUMC10753B   TanFromCSIFile  :: MUMC10753B
 STARTING DEDUTEE VALIDATION FOR CHALLAN 20
RateAtWhichTaxDeducted10.0000
RateAtWhichTaxDeducted10.0000
RateAtWhichTaxDeducted10.0000
RateAtWhichTaxDeducted10.0000
RateAtWhichTaxDeducted10.0000
RateAtWhichTaxDeducted10.0000
RateAtWhichTaxDeducted10.0000
RateAtWhichTaxDeducted10.0000
RateAtWhichTaxDeducted10.0000
RateAtWhichTaxDeducted10.0000
RateAtWhichTaxDeducted10.0000
RateAtWhichTaxDeducted10.0000
RateAtWhichTaxDeducted10.0000
RateAtWhichTaxDeducted10.0000
RateAtWhichTaxDeducted10.0000
RateAtWhichTaxDeducted10.0000
RateAtWhichTaxDeducted10.0000
RateAtWhichTaxDeducted10.0000
RateAtWhichTaxDeducted10.0000
RateAtWhichTaxDeducted10.0000
RateAtWhichTaxDeducted10.0000
RateAtWhichTaxDeducted10.0000
RateAtWhichTaxDeducted10.0000
RateAtWhichTaxDeducted10.0000
RateAtWhichTaxDeducted10.0000
Validating Challan 21
Validating Challan For Batch Number2
Value of forCSIfile  :: true
 cinmandatory
No of challan from csi file :: 83
The FVU Higher Version is 6.0
The FVU lower Version is 2.156
TanNameFromTxtFile ::  CANARA BANK   TanNameFromCSIFile :: CANARA BANK
TanFromTxtFile ::  MUMC10753B   TanFromCSIFile  :: MUMC10753B
 STARTING DEDUTEE VALIDATION FOR CHALLAN 21
RateAtWhichTaxDeducted10.0000
Validating Challan 22
Validating Challan For Batch Number2
Value of forCSIfile  :: true
 cinmandatory
No of challan from csi file :: 83
The FVU Higher Version is 6.0
The FVU lower Version is 2.156
TanNameFromTxtFile ::  CANARA BANK   TanNameFromCSIFile :: CANARA BANK
TanFromTxtFile ::  MUMC10753B   TanFromCSIFile  :: MUMC10753B
 STARTING DEDUTEE VALIDATION FOR CHALLAN 22
RateAtWhichTaxDeducted10.0000
RateAtWhichTaxDeducted10.0000
RateAtWhichTaxDeducted10.0000
RateAtWhichTaxDeducted10.0000
RateAtWhichTaxDeducted10.0000
RateAtWhichTaxDeducted10.0000
RateAtWhichTaxDeducted10.0000
RateAtWhichTaxDeducted10.0000
RateAtWhichTaxDeducted10.0000
RateAtWhichTaxDeducted10.0000
RateAtWhichTaxDeducted10.0000
RateAtWhichTaxDeducted10.0000
RateAtWhichTaxDeducted10.0000
RateAtWhichTaxDeducted10.0000
RateAtWhichTaxDeducted10.0000
RateAtWhichTaxDeducted10.0000
RateAtWhichTaxDeducted10.0000
RateAtWhichTaxDeducted10.0000
RateAtWhichTaxDeducted10.0000
RateAtWhichTaxDeducted10.0000
RateAtWhichTaxDeducted10.0000
RateAtWhichTaxDeducted10.0000
RateAtWhichTaxDeducted10.0000
RateAtWhichTaxDeducted10.0000
RateAtWhichTaxDeducted10.0000
RateAtWhichTaxDeducted10.0000
RateAtWhichTaxDeducted10.0000
RateAtWhichTaxDeducted10.0000
RateAtWhichTaxDeducted10.0000
RateAtWhichTaxDeducted10.0000
RateAtWhichTaxDeducted10.0000
RateAtWhichTaxDeducted10.0000
RateAtWhichTaxDeducted10.0000
RateAtWhichTaxDeducted10.0000
Validating Challan 23
Validating Challan For Batch Number2
Value of forCSIfile  :: true
 cinmandatory
No of challan from csi file :: 83
The FVU Higher Version is 6.0
The FVU lower Version is 2.156
TanNameFromTxtFile ::  CANARA BANK   TanNameFromCSIFile :: CANARA BANK
TanFromTxtFile ::  MUMC10753B   TanFromCSIFile  :: MUMC10753B
 STARTING DEDUTEE VALIDATION FOR CHALLAN 23
RateAtWhichTaxDeducted10.0000
Validating Challan 24
Validating Challan For Batch Number2
Value of forCSIfile  :: true
 cinmandatory
No of challan from csi file :: 83
The FVU Higher Version is 6.0
The FVU lower Version is 2.156
TanNameFromTxtFile ::  CANARA BANK   TanNameFromCSIFile :: CANARA BANK
TanFromTxtFile ::  MUMC10753B   TanFromCSIFile  :: MUMC10753B
 STARTING DEDUTEE VALIDATION FOR CHALLAN 24
RateAtWhichTaxDeducted10.0000
Validating Challan 25
Validating Challan For Batch Number2
Value of forCSIfile  :: true
 cinmandatory
No of challan from csi file :: 83
The FVU Higher Version is 6.0
The FVU lower Version is 2.156
TanNameFromTxtFile ::  CANARA BANK   TanNameFromCSIFile :: CANARA BANK
TanFromTxtFile ::  MUMC10753B   TanFromCSIFile  :: MUMC10753B
 STARTING DEDUTEE VALIDATION FOR CHALLAN 25
RateAtWhichTaxDeducted10.0000
Validating Challan 26
Validating Challan For Batch Number2
Value of forCSIfile  :: true
 cinmandatory
No of challan from csi file :: 83
The FVU Higher Version is 6.0
The FVU lower Version is 2.156
TanNameFromTxtFile ::  CANARA BANK   TanNameFromCSIFile :: CANARA BANK
TanFromTxtFile ::  MUMC10753B   TanFromCSIFile  :: MUMC10753B
 STARTING DEDUTEE VALIDATION FOR CHALLAN 26
RateAtWhichTaxDeducted10.0000
RateAtWhichTaxDeducted10.0000
Validating Challan 27
Validating Challan For Batch Number2
Value of forCSIfile  :: true
 cinmandatory
No of challan from csi file :: 83
The FVU Higher Version is 6.0
The FVU lower Version is 2.156
TanNameFromTxtFile ::  CANARA BANK   TanNameFromCSIFile :: CANARA BANK
TanFromTxtFile ::  MUMC10753B   TanFromCSIFile  :: MUMC10753B
 STARTING DEDUTEE VALIDATION FOR CHALLAN 27
RateAtWhichTaxDeducted10.0000
 END OF :::BIFERCATING CHALAN AND TV AND CIN CHECKINGTue Jan 08 14:18:02 IST 2019
Field Validation of file is compleated sucessfully
START # 08-01-2019 14:18:03.211
 Original file object created and file exist
tempFileName String cretaed ::  Z://Shilpa Madam//Timesheet//14. Ruchita//CB - Byculla//E-TDS//MC126Q3_temp.fvu
 brtTemp object created for temp file
String line created 
isAppendForNextLine (Inside if condition ) :: 1
 After appending line 1^937^FVU 6.0^00000000000000000000^SAM 1.0^00000000000000000000^19010814180398428071
f.close()
f = null
brTemp.flush()
brTemp.close()
brTemp = null;
END # 08-01-2019 14:18:03.336
Original file is deleted
Temp file renamed
In processCINFile method
the challan count is 83
the cinFileLevelHC no. is00000000000131919075
Return Hash Code = 0
searchbarcode called
Barcodeval :19010814180398428071
Barcode is present
Hash Validation of file is done sucessfully
Inside generateStatisticFile Method 
FileGenerator.java ParseString() method is called 
FileGenerator.java ParseString() method is returning 
FileGenerator.java createStatisticFileString() method is called
 Entering writeStatisticFile() Method Tue Jan 08 14:18:03 IST 2019
 Exiting writeStatisticFile() Method Tue Jan 08 14:18:03 IST 2019
FileGenerator.java createStatisticFileString() method is returning
 length : 70
 length : 70
 BARCODE :- 19010814180398428071
Inside generateForm27A
 Entering writePdfFile() Method Tue Jan 08 14:18:04 IST 2019
 Exiting writePdfFile() Method Tue Jan 08 14:18:04 IST 2019
pdf generatedtrue
END TIME : Tue Jan 08 14:18:04 IST 2019
--DESKTOP OBJECT: java.awt.Desktop@1d730606
--error file path: Z:\\Shilpa Madam\\Timesheet\\14. Ruchita\\CB - Byculla\\E-TDS\
--dir to open object: Z:\Shilpa Madam\Timesheet\14. Ruchita\CB - Byculla\E-TDS
the text error file path is Z:\\Shilpa Madam\\Timesheet\\14. Ruchita\\CB - Byculla\\E-TDS\
the errorFileNameSAM is Z:\\Shilpa Madam\\Timesheet\\14. Ruchita\\CB - Byculla\\E-TDS\\MC126Q3error.txt
