[24-May-2018]::[10:12:59 AM]::[com.itd.efiling.offline.mt.ctrl.ValidateTableOnSaveMtCtrl$1 run]::[INFO]::[After Thread Completion]
[24-May-2018]::[10:12:59 AM]::[com.itd.efiling.offline.mt.ctrl.ValidateTableOnSaveMtCtrl$1 run]::[INFO]::[After Thread Completion]
[24-May-2018]::[10:12:59 AM]::[com.itd.efiling.offline.mt.ctrl.ValidateTableOnSaveMtCtrl$1 run]::[INFO]::[After Thread Completion]
[24-May-2018]::[10:12:59 AM]::[com.itd.efiling.offline.mt.ctrl.ValidateTableOnSaveMtCtrl$1 run]::[INFO]::[After Thread Completion]
[24-May-2018]::[10:12:59 AM]::[com.itd.efiling.offline.mt.ctrl.ValidateTableOnSaveMtCtrl$1 run]::[INFO]::[After Thread Completion]
[24-May-2018]::[10:12:59 AM]::[com.itd.efiling.offline.mt.ctrl.ValidateTableOnSaveMtCtrl$1 run]::[INFO]::[After Thread Completion]
[24-May-2018]::[10:12:59 AM]::[com.itd.efiling.offline.mt.ctrl.ValidateTableOnSaveMtCtrl$1 run]::[INFO]::[After Thread Completion]
[24-May-2018]::[10:12:59 AM]::[com.itd.efiling.offline.mt.ctrl.ValidateTableOnSaveMtCtrl$1 run]::[INFO]::[After Thread Completion]
[24-May-2018]::[10:12:59 AM]::[com.itd.efiling.offline.mt.ctrl.ValidateTableOnSaveMtCtrl$1 run]::[INFO]::[After Thread Completion]
[24-May-2018]::[10:12:59 AM]::[com.itd.efiling.offline.mt.ctrl.ValidateTableOnSaveMtCtrl$1 run]::[INFO]::[After Thread Completion]
[24-May-2018]::[10:12:59 AM]::[com.itd.efiling.offline.mt.ctrl.ValidateTableOnSaveMtCtrl$1 run]::[INFO]::[After Thread Completion]
[24-May-2018]::[10:12:59 AM]::[com.itd.efiling.offline.mt.ctrl.ValidateTableOnSaveMtCtrl$1 run]::[INFO]::[After Thread Completion]
[24-May-2018]::[10:12:59 AM]::[com.itd.efiling.offline.mt.ctrl.ValidateTableOnSaveMtCtrl$1 run]::[INFO]::[After Thread Completion]
[24-May-2018]::[10:13:28 AM]::[com.itd.efiling.offline.common.util.JfxCommonUtil fileDialog]::[INFO]::[extension : .xml title : XML file]
[24-May-2018]::[10:13:44 AM]::[com.itd.efiling.offline.common.util.XmlUtil generateXml]::[INFO]::[value of isSubmit :: false]
[24-May-2018]::[10:14:39 AM]::[com.itd.efiling.offline.common.onchange.util.OnChangeCommonUtil executeOnChangeMethodForRecalculate]::[INFO]::[onChangeMethod  in executeOnChangeMethodForRecalculate   ... public static void com.itd.efiling.offline.ITR4.onchange.util.OnChangeUtil.onRecalculate(com.itd.efiling.offline.javafx.ui.components.ValidationAware) throws java.lang.Exception]
[24-May-2018]::[10:14:55 AM]::[com.itd.efiling.offline.ITR4.onchange.util.OnChangeUtil onRecalculate]::[INFO]::[after onRecalculate::]
[24-May-2018]::[10:15:28 AM]::[com.itd.efiling.offline.common.onchange.util.OnChangeCommonUtil executeOnChangeMethodForxmlGen]::[INFO]::[onChangeMethod  in executeOnChangeMethodForXmlGEn   ... public static void com.itd.efiling.offline.ITR4.onchange.util.OnChangeUtil.onXmlGen(com.itd.efiling.offline.javafx.ui.components.ValidationAware) throws java.lang.Exception]
[24-May-2018]::[10:16:33 AM]::[com.itd.efiling.offline.common.util.XmlUtil generateXml]::[INFO]::[value of isSubmit :: true]
[24-May-2018]::[10:16:33 AM]::[com.itd.efiling.offline.common.validation.validators.ConditionalBigIntegerPercentageValidator validate]::[INFO]::[acctualConAttribute per ::862664268497]
[24-May-2018]::[10:16:33 AM]::[com.itd.efiling.offline.common.validation.validators.ConditionalBigIntegerPercentageValidator validate]::[INFO]::[acctualConAttribute per ::12916840203]
[24-May-2018]::[10:16:33 AM]::[com.itd.efiling.offline.common.validation.validators.ConditionalBigIntegerPercentageValidator validate]::[INFO]::[acctualConAttribute per ::nullnull]
[24-May-2018]::[10:16:33 AM]::[com.itd.efiling.offline.common.validation.validators.ValidationUtil validateTableOnSaveMme]::[INFO]::[Before Thread Start]
[24-May-2018]::[10:16:33 AM]::[com.itd.efiling.offline.common.validation.validators.ValidationUtil validateTableOnSaveMme]::[INFO]::[Before Check]
[24-May-2018]::[10:16:33 AM]::[com.itd.efiling.offline.mt.ctrl.ValidateTableOnSaveMtCtrl call]::[INFO]::[After importCsv ]
[24-May-2018]::[10:16:33 AM]::[com.itd.efiling.offline.common.validation.validators.ValidationUtil validateTableOnSave]::[INFO]::[Form.getForm() : ITRView@1906248 :: class com.itd.efiling.offline.ITR4.ctrl.Us44AeHeavyTable]
[24-May-2018]::[10:16:33 AM]::[com.itd.efiling.offline.mt.ctrl.ValidateTableOnSaveMtCtrl startThreadsCtrl]::[INFO]::[tvc target itr.itr4.us44AeHeavy]
[24-May-2018]::[10:16:33 AM]::[com.itd.efiling.offline.common.validation.validators.ValidationUtil validateTableOnSave]::[INFO]::[Form.getForm() : ITRView@1906248 :: class com.itd.efiling.offline.ITR4.ctrl.NatureOfBusiness_Table]
[24-May-2018]::[10:16:33 AM]::[com.itd.efiling.offline.common.validation.validators.ValidationUtil validateTableOnSave]::[INFO]::[Form.getForm() : ITRView@1906248 :: class com.itd.efiling.offline.ITR4.ctrl.TaxDeductedFrmSal]
[24-May-2018]::[10:16:33 AM]::[com.itd.efiling.offline.common.validation.validators.ValidationUtil validateTableOnSave]::[INFO]::[Form.getForm() : ITRView@1906248 :: class com.itd.efiling.offline.ITR4.ctrl.TaxDeductedFrmIncome]
[24-May-2018]::[10:16:33 AM]::[com.itd.efiling.offline.mt.ctrl.ValidateTableOnSaveMtCtrl startThreads]::[INFO]::[After Submit]
[24-May-2018]::[10:16:33 AM]::[com.itd.efiling.offline.mt.ctrl.ValidateTableOnSaveMtCtrl startThreads]::[INFO]::[After shutdown]
[24-May-2018]::[10:16:33 AM]::[com.itd.efiling.offline.mt.ctrl.ValidateTableOnSaveMtCtrl startThreads]::[INFO]::[After isTerminated]
[24-May-2018]::[10:16:33 AM]::[com.itd.efiling.offline.mt.ctrl.ValidateTableOnSaveMtCtrl startThreadsCtrl]::[INFO]::[tvc target itr.itr4.natOfBus.natureOfBusiness]
[24-May-2018]::[10:16:33 AM]::[com.itd.efiling.offline.common.validation.validators.ValidationUtil validateTableOnSave]::[INFO]::[Form.getForm() : ITRView@1906248 :: class com.itd.efiling.offline.ITR4.ctrl.TDSDetails26QC_Controller]
[24-May-2018]::[10:16:33 AM]::[com.itd.efiling.offline.common.validation.validators.ValidationUtil validateTableOnSave]::[INFO]::[Form.getForm() : ITRView@1906248 :: class com.itd.efiling.offline.ITR4.ctrl.TaxCollectedAtSource]
[24-May-2018]::[10:16:33 AM]::[com.itd.efiling.offline.common.validation.validators.ValidationUtil validateTableOnSave]::[INFO]::[Form.getForm() : ITRView@1906248 :: class com.itd.efiling.offline.ITR4.ctrl.TaxPaymentController]
[24-May-2018]::[10:16:33 AM]::[com.itd.efiling.offline.common.validation.validators.ValidationUtil validateTableOnSave]::[INFO]::[Form.getForm() : ITRView@1906248 :: class com.itd.efiling.offline.ITR4.ctrl.Nature_Income]
[24-May-2018]::[10:16:33 AM]::[com.itd.efiling.offline.common.validation.validators.ValidationUtil validateTableOnSave]::[INFO]::[Form.getForm() : ITRView@1906248 :: class com.itd.efiling.offline.ITR4.ctrl.Income_Details_Table]
[24-May-2018]::[10:16:33 AM]::[com.itd.efiling.offline.common.validation.validators.ValidationUtil validateTableOnSave]::[INFO]::[Form.getForm() : ITRView@1906248 :: class com.itd.efiling.offline.ITR4.ctrl.ImmovableDetails_Table]
[24-May-2018]::[10:16:33 AM]::[com.itd.efiling.offline.mt.ctrl.ValidateTableOnSaveMtCtrl startThreads]::[INFO]::[After Submit]
[24-May-2018]::[10:16:33 AM]::[com.itd.efiling.offline.common.validation.validators.ValidationUtil validateTableOnSave]::[INFO]::[Form.getForm() : ITRView@1906248 :: class com.itd.efiling.offline.ITR4.ctrl.AOP_Table]
[24-May-2018]::[10:16:33 AM]::[com.itd.efiling.offline.common.validation.validators.ValidationUtil validateTableOnSave]::[INFO]::[Form.getForm() : ITRView@1906248 :: class com.itd.efiling.offline.ITR4.ctrl.ITR4_80GTable1]
[24-May-2018]::[10:16:33 AM]::[com.itd.efiling.offline.mt.ctrl.ValidateTableOnSaveMtCtrl startThreads]::[INFO]::[After shutdown]
[24-May-2018]::[10:16:33 AM]::[com.itd.efiling.offline.common.validation.validators.ValidationUtil validateTableOnSave]::[INFO]::[Form.getForm() : ITRView@1906248 :: class com.itd.efiling.offline.ITR4.ctrl.ITR4_80GTable2]
[24-May-2018]::[10:16:33 AM]::[com.itd.efiling.offline.common.validation.validators.ValidationUtil validateTableOnSave]::[INFO]::[Form.getForm() : ITRView@1906248 :: class com.itd.efiling.offline.ITR4.ctrl.ITR4_80GTable3]
[24-May-2018]::[10:16:33 AM]::[com.itd.efiling.offline.common.validation.validators.ValidationUtil validateTableOnSave]::[INFO]::[Form.getForm() : ITRView@1906248 :: class com.itd.efiling.offline.ITR4.ctrl.ITR4_80G]
[24-May-2018]::[10:16:33 AM]::[com.itd.efiling.offline.common.player.ctrl.FormPlayerController submitFile]::[INFO]::[End validate]
[24-May-2018]::[10:16:33 AM]::[com.itd.efiling.offline.mt.ctrl.ValidateTableOnSaveMtCtrl startThreads]::[INFO]::[After isTerminated]
[24-May-2018]::[10:16:33 AM]::[com.itd.efiling.offline.mt.ctrl.ValidateTableOnSaveMtCtrl startThreadsCtrl]::[INFO]::[tvc target itr.itr4.tdSonSalaries.tdSonSalary]
[24-May-2018]::[10:16:33 AM]::[com.itd.efiling.offline.mt.ctrl.ValidateTableOnSaveMtCtrl startThreads]::[INFO]::[After Submit]
[24-May-2018]::[10:16:33 AM]::[com.itd.efiling.offline.mt.ctrl.ValidateTableOnSaveMtCtrl startThreads]::[INFO]::[After shutdown]
[24-May-2018]::[10:16:33 AM]::[com.itd.efiling.offline.mt.ctrl.ValidateTableOnSaveMtCtrl startThreads]::[INFO]::[After isTerminated]
[24-May-2018]::[10:16:33 AM]::[com.itd.efiling.offline.mt.ctrl.ValidateTableOnSaveMtCtrl startThreadsCtrl]::[INFO]::[tvc target itr.itr4.tdSonOthThanSals.tdSonOthThanSal]
[24-May-2018]::[10:16:33 AM]::[com.itd.efiling.offline.mt.ctrl.ValidateTableOnSaveMtCtrl startThreads]::[INFO]::[After Submit]
[24-May-2018]::[10:16:33 AM]::[com.itd.efiling.offline.mt.ctrl.ValidateTableOnSaveMtCtrl startThreads]::[INFO]::[After shutdown]
[24-May-2018]::[10:16:33 AM]::[com.itd.efiling.offline.mt.ctrl.ValidateTableOnSaveMtCtrl startThreads]::[INFO]::[After isTerminated]
[24-May-2018]::[10:16:33 AM]::[com.itd.efiling.offline.mt.ctrl.ValidateTableOnSaveMtCtrl startThreadsCtrl]::[INFO]::[tvc target itr.itr4.tdsDtls26QC.tdsDetails26QC]
[24-May-2018]::[10:16:33 AM]::[com.itd.efiling.offline.mt.ctrl.ValidateTableOnSaveMtCtrl startThreads]::[INFO]::[After Submit]
[24-May-2018]::[10:16:33 AM]::[com.itd.efiling.offline.mt.ctrl.ValidateTableOnSaveMtCtrl startThreads]::[INFO]::[After shutdown]
[24-May-2018]::[10:16:33 AM]::[com.itd.efiling.offline.mt.ctrl.ValidateTableOnSaveMtCtrl startThreads]::[INFO]::[After isTerminated]
[24-May-2018]::[10:16:33 AM]::[com.itd.efiling.offline.mt.ctrl.ValidateTableOnSaveMtCtrl startThreadsCtrl]::[INFO]::[tvc target itr.itr4.scheduleTCS.tcs]
[24-May-2018]::[10:16:33 AM]::[com.itd.efiling.offline.mt.ctrl.ValidateTableOnSaveMtCtrl startThreads]::[INFO]::[After Submit]
[24-May-2018]::[10:16:33 AM]::[com.itd.efiling.offline.mt.ctrl.ValidateTableOnSaveMtCtrl startThreads]::[INFO]::[After shutdown]
[24-May-2018]::[10:16:33 AM]::[com.itd.efiling.offline.mt.ctrl.ValidateTableOnSaveMtCtrl startThreads]::[INFO]::[After isTerminated]
[24-May-2018]::[10:16:33 AM]::[com.itd.efiling.offline.mt.ctrl.ValidateTableOnSaveMtCtrl startThreadsCtrl]::[INFO]::[tvc target itr.itr4.scheduleIT.taxPayment]
[24-May-2018]::[10:16:33 AM]::[com.itd.efiling.offline.mt.ctrl.ValidateTableOnSaveMtCtrl startThreads]::[INFO]::[After Submit]
[24-May-2018]::[10:16:33 AM]::[com.itd.efiling.offline.mt.ctrl.ValidateTableOnSaveMtCtrl startThreads]::[INFO]::[After shutdown]
[24-May-2018]::[10:16:33 AM]::[com.itd.efiling.offline.mt.ctrl.ValidateTableOnSaveMtCtrl startThreads]::[INFO]::[After isTerminated]
[24-May-2018]::[10:16:33 AM]::[com.itd.efiling.offline.mt.ctrl.ValidateTableOnSaveMtCtrl startThreadsCtrl]::[INFO]::[tvc target itr.itr4.taxExmpIntIncDtls.othersInc.othersIncDtls]
[24-May-2018]::[10:16:33 AM]::[com.itd.efiling.offline.mt.ctrl.ValidateTableOnSaveMtCtrl startThreads]::[INFO]::[After Submit]
[24-May-2018]::[10:16:33 AM]::[com.itd.efiling.offline.mt.ctrl.ValidateTableOnSaveMtCtrl startThreads]::[INFO]::[After shutdown]
[24-May-2018]::[10:16:33 AM]::[com.itd.efiling.offline.mt.ctrl.ValidateTableOnSaveMtCtrl startThreads]::[INFO]::[After isTerminated]
[24-May-2018]::[10:16:33 AM]::[com.itd.efiling.offline.mt.ctrl.ValidateTableOnSaveMtCtrl startThreadsCtrl]::[INFO]::[tvc target itr.itr4.refund.bankAccountDtls.addtnlBankDetails]
[24-May-2018]::[10:16:33 AM]::[com.itd.efiling.offline.mt.ctrl.ValidateTableOnSaveMtCtrl startThreads]::[INFO]::[After Submit]
[24-May-2018]::[10:16:33 AM]::[com.itd.efiling.offline.mt.ctrl.ValidateTableOnSaveMtCtrl startThreads]::[INFO]::[After shutdown]
[24-May-2018]::[10:16:33 AM]::[com.itd.efiling.offline.mt.ctrl.ValidateTableOnSaveMtCtrl startThreads]::[INFO]::[After isTerminated]
[24-May-2018]::[10:16:33 AM]::[com.itd.efiling.offline.mt.ctrl.ValidateTableOnSaveMtCtrl startThreadsCtrl]::[INFO]::[tvc target itr.itr4.scheduleAL.immovableDetails]
[24-May-2018]::[10:16:33 AM]::[com.itd.efiling.offline.mt.ctrl.ValidateTableOnSaveMtCtrl startThreads]::[INFO]::[After Submit]
[24-May-2018]::[10:16:33 AM]::[com.itd.efiling.offline.mt.ctrl.ValidateTableOnSaveMtCtrl startThreads]::[INFO]::[After shutdown]
[24-May-2018]::[10:16:33 AM]::[com.itd.efiling.offline.mt.ctrl.ValidateTableOnSaveMtCtrl startThreads]::[INFO]::[After isTerminated]
[24-May-2018]::[10:16:33 AM]::[com.itd.efiling.offline.mt.ctrl.ValidateTableOnSaveMtCtrl startThreadsCtrl]::[INFO]::[tvc target itr.itr4.scheduleAL.interestHeldInaAsset]
[24-May-2018]::[10:16:33 AM]::[com.itd.efiling.offline.mt.ctrl.ValidateTableOnSaveMtCtrl startThreads]::[INFO]::[After Submit]
[24-May-2018]::[10:16:33 AM]::[com.itd.efiling.offline.mt.ctrl.ValidateTableOnSaveMtCtrl startThreads]::[INFO]::[After shutdown]
[24-May-2018]::[10:16:33 AM]::[com.itd.efiling.offline.mt.ctrl.ValidateTableOnSaveMtCtrl startThreads]::[INFO]::[After isTerminated]
[24-May-2018]::[10:16:33 AM]::[com.itd.efiling.offline.mt.ctrl.ValidateTableOnSaveMtCtrl startThreadsCtrl]::[INFO]::[tvc target itr.itr4.schedule80G.don100Percent.doneeWithPan]
[24-May-2018]::[10:16:33 AM]::[com.itd.efiling.offline.mt.ctrl.ValidateTableOnSaveMtCtrl startThreads]::[INFO]::[After Submit]
[24-May-2018]::[10:16:33 AM]::[com.itd.efiling.offline.mt.ctrl.ValidateTableOnSaveMtCtrl startThreads]::[INFO]::[After shutdown]
[24-May-2018]::[10:16:33 AM]::[com.itd.efiling.offline.mt.ctrl.ValidateTableOnSaveMtCtrl startThreads]::[INFO]::[After isTerminated]
[24-May-2018]::[10:16:33 AM]::[com.itd.efiling.offline.mt.ctrl.ValidateTableOnSaveMtCtrl startThreadsCtrl]::[INFO]::[tvc target itr.itr4.schedule80G.don50PercentNoApprReqd.doneeWithPan]
[24-May-2018]::[10:16:33 AM]::[com.itd.efiling.offline.mt.ctrl.ValidateTableOnSaveMtCtrl startThreads]::[INFO]::[After Submit]
[24-May-2018]::[10:16:33 AM]::[com.itd.efiling.offline.mt.ctrl.ValidateTableOnSaveMtCtrl startThreads]::[INFO]::[After shutdown]
[24-May-2018]::[10:16:33 AM]::[com.itd.efiling.offline.mt.ctrl.ValidateTableOnSaveMtCtrl startThreads]::[INFO]::[After isTerminated]
[24-May-2018]::[10:16:33 AM]::[com.itd.efiling.offline.mt.ctrl.ValidateTableOnSaveMtCtrl startThreadsCtrl]::[INFO]::[tvc target itr.itr4.schedule80G.don100PercentApprReqd.doneeWithPan]
[24-May-2018]::[10:16:33 AM]::[com.itd.efiling.offline.mt.ctrl.ValidateTableOnSaveMtCtrl startThreads]::[INFO]::[After Submit]
[24-May-2018]::[10:16:33 AM]::[com.itd.efiling.offline.mt.ctrl.ValidateTableOnSaveMtCtrl startThreads]::[INFO]::[After shutdown]
[24-May-2018]::[10:16:33 AM]::[com.itd.efiling.offline.mt.ctrl.ValidateTableOnSaveMtCtrl startThreads]::[INFO]::[After isTerminated]
[24-May-2018]::[10:16:33 AM]::[com.itd.efiling.offline.mt.ctrl.ValidateTableOnSaveMtCtrl startThreadsCtrl]::[INFO]::[tvc target itr.itr4.schedule80G.don50PercentApprReqd.doneeWithPan]
[24-May-2018]::[10:16:33 AM]::[com.itd.efiling.offline.mt.ctrl.ValidateTableOnSaveMtCtrl startThreads]::[INFO]::[After Submit]
[24-May-2018]::[10:16:33 AM]::[com.itd.efiling.offline.mt.ctrl.ValidateTableOnSaveMtCtrl startThreads]::[INFO]::[After shutdown]
[24-May-2018]::[10:16:33 AM]::[com.itd.efiling.offline.mt.ctrl.ValidateTableOnSaveMtCtrl startThreads]::[INFO]::[After isTerminated]
[24-May-2018]::[10:16:34 AM]::[com.itd.efiling.offline.common.util.XmlUtil generateXml]::[INFO]::[value of isSubmit :: true]
[24-May-2018]::[10:16:34 AM]::[com.itd.efiling.offline.common.dialog.ctrl.CommonDialog <init>]::[INFO]::[CommonDialog starts]
[24-May-2018]::[10:16:35 AM]::[com.itd.efiling.offline.common.player.ctrl.SubmitFormController initialize]::[INFO]::[initialize submit itr starts]
[24-May-2018]::[10:16:35 AM]::[com.itd.efiling.offline.common.player.ctrl.SubmitFormController initialize]::[INFO]::[Time taken to get the document 0]
[24-May-2018]::[10:16:35 AM]::[com.itd.efiling.offline.common.player.ctrl.SubmitFormController initialize]::[INFO]::[Time taken to set the parameters0]
[24-May-2018]::[10:16:35 AM]::[com.itd.efiling.offline.common.player.ctrl.SubmitFormController initialize]::[INFO]::[Time taken to enableSec44AB 0]
[24-May-2018]::[10:16:35 AM]::[com.itd.efiling.offline.common.player.ctrl.SubmitFormController initialize]::[INFO]::[Time taken to addKeyEvent 3]
[24-May-2018]::[10:16:35 AM]::[com.itd.efiling.offline.common.player.ctrl.SubmitFormController initialize]::[INFO]::[Time taken to hideDscRelated 0]
[24-May-2018]::[10:16:37 AM]::[com.itd.efiling.offline.common.dsc.util.UsbTokenUtil getKeyStoreAliases]::[INFO]::[set : []]
[24-May-2018]::[10:16:37 AM]::[com.itd.efiling.offline.common.player.ctrl.SubmitFormController initUsbTokens]::[INFO]::[Time taken to initialize usb tokens1650]
[24-May-2018]::[10:16:37 AM]::[com.itd.efiling.offline.common.player.ctrl.SubmitFormController initialize]::[INFO]::[Time taken to initUsbTokens 1650]
[24-May-2018]::[10:16:37 AM]::[com.itd.efiling.offline.common.dialog.ctrl.CommonDialog <init>]::[INFO]::[CommonDialog ends]
[24-May-2018]::[10:16:37 AM]::[com.itd.efiling.offline.common.player.ctrl.SubmitFormController dscMandatory]::[INFO]::[dscMandatory starts::ITR-4]
[24-May-2018]::[10:16:37 AM]::[com.itd.efiling.offline.common.player.ctrl.SubmitFormController dscMandatory]::[INFO]::[dscMandatory ends]
[24-May-2018]::[10:16:37 AM]::[com.itd.efiling.offline.common.player.ctrl.SubmitFormController openSubmitDialog]::[INFO]::[Form.getForm().getFormDtl() {}]
[24-May-2018]::[10:16:37 AM]::[com.itd.efiling.offline.mt.ctrl.ValidateTableOnSaveMtCtrl$1 run]::[INFO]::[After Thread Completion]
[24-May-2018]::[10:16:37 AM]::[com.itd.efiling.offline.mt.ctrl.ValidateTableOnSaveMtCtrl$1 run]::[INFO]::[After Thread Completion]
[24-May-2018]::[10:16:37 AM]::[com.itd.efiling.offline.mt.ctrl.ValidateTableOnSaveMtCtrl$1 run]::[INFO]::[After Thread Completion]
[24-May-2018]::[10:16:37 AM]::[com.itd.efiling.offline.mt.ctrl.ValidateTableOnSaveMtCtrl$1 run]::[INFO]::[After Thread Completion]
[24-May-2018]::[10:16:37 AM]::[com.itd.efiling.offline.mt.ctrl.ValidateTableOnSaveMtCtrl$1 run]::[INFO]::[After Thread Completion]
[24-May-2018]::[10:16:37 AM]::[com.itd.efiling.offline.mt.ctrl.ValidateTableOnSaveMtCtrl$1 run]::[INFO]::[After Thread Completion]
[24-May-2018]::[10:16:37 AM]::[com.itd.efiling.offline.mt.ctrl.ValidateTableOnSaveMtCtrl$1 run]::[INFO]::[After Thread Completion]
[24-May-2018]::[10:16:37 AM]::[com.itd.efiling.offline.mt.ctrl.ValidateTableOnSaveMtCtrl$1 run]::[INFO]::[After Thread Completion]
[24-May-2018]::[10:16:37 AM]::[com.itd.efiling.offline.mt.ctrl.ValidateTableOnSaveMtCtrl$1 run]::[INFO]::[After Thread Completion]
[24-May-2018]::[10:16:37 AM]::[com.itd.efiling.offline.mt.ctrl.ValidateTableOnSaveMtCtrl$1 run]::[INFO]::[After Thread Completion]
[24-May-2018]::[10:16:37 AM]::[com.itd.efiling.offline.mt.ctrl.ValidateTableOnSaveMtCtrl$1 run]::[INFO]::[After Thread Completion]
[24-May-2018]::[10:16:37 AM]::[com.itd.efiling.offline.mt.ctrl.ValidateTableOnSaveMtCtrl$1 run]::[INFO]::[After Thread Completion]
[24-May-2018]::[10:16:37 AM]::[com.itd.efiling.offline.mt.ctrl.ValidateTableOnSaveMtCtrl$1 run]::[INFO]::[After Thread Completion]
[24-May-2018]::[10:16:37 AM]::[com.itd.efiling.offline.mt.ctrl.ValidateTableOnSaveMtCtrl$1 run]::[INFO]::[After Thread Completion]
[24-May-2018]::[10:16:37 AM]::[com.itd.efiling.offline.mt.ctrl.ValidateTableOnSaveMtCtrl$1 run]::[INFO]::[After Thread Completion]
[24-May-2018]::[10:16:46 AM]::[com.itd.efiling.offline.common.player.ctrl.SubmitFormController$3 changed]::[INFO]::[aaaa ::GGBPS1927K@10051985]
[24-May-2018]::[10:16:50 AM]::[javafx.scene.CssStyleHelper calculateValue]::[WARNING]::[Could not resolve '-fx-focused-base' while resolving lookups for '-fx-text-fill' from rule '*.button' in stylesheet jar:file:/C:/Program%20Files/Java/jre1.8.0_151/lib/ext/jfxrt.jar!/com/sun/javafx/scene/control/skin/modena/modena.bss]
[24-May-2018]::[10:16:50 AM]::[com.itd.efiling.offline.common.player.ctrl.SubmitFormController validateDSCKey]::[INFO]::[validateDSCKey ends with flag: true]
[24-May-2018]::[10:16:50 AM]::[com.itd.efiling.offline.common.player.ctrl.SubmitFormController initWebRequest]::[INFO]::[radioYes.isSelected()::false]
[24-May-2018]::[10:16:50 AM]::[com.itd.efiling.offline.common.webservice.util.SubmitFormUtil call]::[INFO]::[Thread call starts]
[24-May-2018]::[10:16:50 AM]::[com.itd.efiling.offline.common.webservice.util.SubmitFormUtil sendRequest]::[INFO]::[sendRequest starts]
[24-May-2018]::[10:16:50 AM]::[javafx.scene.CssStyleHelper calculateValue]::[WARNING]::[Could not resolve '-fx-focused-base' while resolving lookups for '-fx-text-fill' from rule '*.button' in stylesheet jar:file:/C:/Program%20Files/Java/jre1.8.0_151/lib/ext/jfxrt.jar!/com/sun/javafx/scene/control/skin/modena/modena.bss]
[24-May-2018]::[10:16:50 AM]::[com.itd.efiling.offline.common.util.EncryptManagementUtil getSecuredRequest]::[INFO]::[Before getting secured request]
[24-May-2018]::[10:16:50 AM]::[com.itd.efiling.offline.common.util.EncryptManagementUtil getSecuredRequest]::[INFO]::[After getting secured request]
[24-May-2018]::[10:16:50 AM]::[com.itd.efiling.offline.common.util.CreateHash jarHash]::[INFO]::[file : .\ITR]
[24-May-2018]::[10:16:50 AM]::[com.itd.efiling.offline.common.util.CreateHash jarHash]::[INFO]::[file : .\ITR-4_AY201819_PR1.jar]
[24-May-2018]::[10:16:51 AM]::[com.itd.efiling.offline.common.webservice.util.SubmitFormUtil sendRequest]::[INFO]::[requerst ::com.sun.xml.internal.messaging.saaj.soap.ver1_1.Message1_1Impl@da5ab7]
[24-May-2018]::[10:16:51 AM]::[com.itd.efiling.offline.common.webservice.util.SubmitFormUtil sendRequest]::[INFO]::[url ::https://services.incometaxindiaefiling.gov.in/e-FilingSecWS/ditsecws/SubmitITRService]
[24-May-2018]::[10:16:51 AM]::[com.itd.efiling.offline.common.webservice.util.SubmitFormUtil sendRequest]::[INFO]::[Soap fault:null]
[24-May-2018]::[10:16:51 AM]::[com.itd.efiling.offline.common.webservice.util.SubmitFormUtil sendRequest]::[INFO]::[errorNodenull]
[24-May-2018]::[10:16:51 AM]::[com.itd.efiling.offline.common.webservice.util.SubmitFormUtil sendRequest]::[INFO]::[hola else!!]
[24-May-2018]::[10:16:51 AM]::[com.itd.efiling.offline.common.webservice.util.SubmitFormUtil call]::[INFO]::[Thread call ends : time taken: 1195]
[24-May-2018]::[10:16:51 AM]::[com.itd.efiling.offline.common.player.ctrl.SubmitFormController cancel]::[INFO]::[cancel caled]
[24-May-2018]::[10:16:51 AM]::[com.itd.efiling.offline.common.webservice.util.SubmitFormUtil hexWriteToFile]::[INFO]::[Writing to file: C:\Users\Tushar\AppData\Local\Temp\ITRvFile3793483825427126680228349905.zip]
[24-May-2018]::[10:16:52 AM]::[com.itd.efiling.offline.common.dialog.ctrl.CommonDialog <init>]::[INFO]::[CommonDialog starts]
[24-May-2018]::[10:16:52 AM]::[com.itd.efiling.offline.common.dialog.ctrl.CommonDialog <init>]::[INFO]::[CommonDialog ends]
[24-May-2018]::[10:16:52 AM]::[com.itd.efiling.offline.common.dialog.ctrl.SubmitFormSuccessController generateSubmitFormSuccess]::[INFO]::[mails  []]
[24-May-2018]::[10:16:52 AM]::[com.itd.efiling.offline.common.dialog.ctrl.SubmitFormSuccessController generateSubmitFormSuccess]::[INFO]::[success dialog shows: ]
[24-May-2018]::[10:16:52 AM]::[com.itd.efiling.offline.common.dialog.ctrl.SubmitFormSuccessController generateSubmitFormSuccess]::[INFO]::[saveIfNot after shows: ]
[24-May-2018]::[10:16:57 AM]::[javafx.scene.CssStyleHelper calculateValue]::[WARNING]::[Could not resolve '-fx-focused-base' while resolving lookups for '-fx-text-fill' from rule '*.button' in stylesheet jar:file:/C:/Program%20Files/Java/jre1.8.0_151/lib/ext/jfxrt.jar!/com/sun/javafx/scene/control/skin/modena/modena.bss]
[24-May-2018]::[10:19:05 AM]::[com.itd.efiling.offline.common.dialog.MessageDialogCtrl closeUtility]::[INFO]::[Inside  closeUtility]
[24-May-2018]::[10:19:07 AM]::[com.itd.efiling.offline.common.player.ctrl.ThreeRedLightsIlluminate$1 handle]::[INFO]::[ Close Event WindowEvent [source = javafx.stage.Stage@13c5833, target = javafx.stage.Stage@13c5833, eventType = WINDOW_CLOSE_REQUEST, consumed = false]]
[24-May-2018]::[10:19:11 AM]::[com.itd.efiling.offline.common.onchange.util.OnChangeCommonUtil executeOnChangeMethodForxmlGen]::[INFO]::[onChangeMethod  in executeOnChangeMethodForXmlGEn   ... public static void com.itd.efiling.offline.ITR4.onchange.util.OnChangeUtil.onXmlGen(com.itd.efiling.offline.javafx.ui.components.ValidationAware) throws java.lang.Exception]
[24-May-2018]::[10:20:17 AM]::[com.itd.efiling.offline.common.validation.validators.ConditionalBigIntegerPercentageValidator validate]::[INFO]::[acctualConAttribute per ::862664268497]
[24-May-2018]::[10:20:17 AM]::[com.itd.efiling.offline.common.validation.validators.ConditionalBigIntegerPercentageValidator validate]::[INFO]::[acctualConAttribute per ::12916840203]
[24-May-2018]::[10:20:17 AM]::[com.itd.efiling.offline.common.validation.validators.ConditionalBigIntegerPercentageValidator validate]::[INFO]::[acctualConAttribute per ::nullnull]
[24-May-2018]::[10:20:17 AM]::[com.itd.efiling.offline.common.validation.validators.ValidationUtil validateTableOnSaveMme]::[INFO]::[Before Thread Start]
[24-May-2018]::[10:20:17 AM]::[com.itd.efiling.offline.common.validation.validators.ValidationUtil validateTableOnSaveMme]::[INFO]::[Before Check]
[24-May-2018]::[10:20:17 AM]::[com.itd.efiling.offline.mt.ctrl.ValidateTableOnSaveMtCtrl call]::[INFO]::[After importCsv ]
[24-May-2018]::[10:20:17 AM]::[com.itd.efiling.offline.common.validation.validators.ValidationUtil validateTableOnSave]::[INFO]::[Form.getForm() : ITRView@1906248 :: class com.itd.efiling.offline.ITR4.ctrl.Us44AeHeavyTable]
[24-May-2018]::[10:20:17 AM]::[com.itd.efiling.offline.mt.ctrl.ValidateTableOnSaveMtCtrl startThreadsCtrl]::[INFO]::[tvc target itr.itr4.us44AeHeavy]
[24-May-2018]::[10:20:17 AM]::[com.itd.efiling.offline.common.validation.validators.ValidationUtil validateTableOnSave]::[INFO]::[Form.getForm() : ITRView@1906248 :: class com.itd.efiling.offline.ITR4.ctrl.NatureOfBusiness_Table]
[24-May-2018]::[10:20:17 AM]::[com.itd.efiling.offline.common.validation.validators.ValidationUtil validateTableOnSave]::[INFO]::[Form.getForm() : ITRView@1906248 :: class com.itd.efiling.offline.ITR4.ctrl.TaxDeductedFrmSal]
[24-May-2018]::[10:20:17 AM]::[com.itd.efiling.offline.common.validation.validators.ValidationUtil validateTableOnSave]::[INFO]::[Form.getForm() : ITRView@1906248 :: class com.itd.efiling.offline.ITR4.ctrl.TaxDeductedFrmIncome]
[24-May-2018]::[10:20:17 AM]::[com.itd.efiling.offline.mt.ctrl.ValidateTableOnSaveMtCtrl startThreads]::[INFO]::[After Submit]
[24-May-2018]::[10:20:17 AM]::[com.itd.efiling.offline.mt.ctrl.ValidateTableOnSaveMtCtrl startThreads]::[INFO]::[After shutdown]
[24-May-2018]::[10:20:17 AM]::[com.itd.efiling.offline.mt.ctrl.ValidateTableOnSaveMtCtrl startThreads]::[INFO]::[After isTerminated]
[24-May-2018]::[10:20:17 AM]::[com.itd.efiling.offline.common.validation.validators.ValidationUtil validateTableOnSave]::[INFO]::[Form.getForm() : ITRView@1906248 :: class com.itd.efiling.offline.ITR4.ctrl.TDSDetails26QC_Controller]
[24-May-2018]::[10:20:17 AM]::[com.itd.efiling.offline.mt.ctrl.ValidateTableOnSaveMtCtrl startThreadsCtrl]::[INFO]::[tvc target itr.itr4.natOfBus.natureOfBusiness]
[24-May-2018]::[10:20:17 AM]::[com.itd.efiling.offline.common.validation.validators.ValidationUtil validateTableOnSave]::[INFO]::[Form.getForm() : ITRView@1906248 :: class com.itd.efiling.offline.ITR4.ctrl.TaxCollectedAtSource]
[24-May-2018]::[10:20:17 AM]::[com.itd.efiling.offline.common.validation.validators.ValidationUtil validateTableOnSave]::[INFO]::[Form.getForm() : ITRView@1906248 :: class com.itd.efiling.offline.ITR4.ctrl.TaxPaymentController]
[24-May-2018]::[10:20:17 AM]::[com.itd.efiling.offline.common.validation.validators.ValidationUtil validateTableOnSave]::[INFO]::[Form.getForm() : ITRView@1906248 :: class com.itd.efiling.offline.ITR4.ctrl.Nature_Income]
[24-May-2018]::[10:20:17 AM]::[com.itd.efiling.offline.common.validation.validators.ValidationUtil validateTableOnSave]::[INFO]::[Form.getForm() : ITRView@1906248 :: class com.itd.efiling.offline.ITR4.ctrl.Income_Details_Table]
[24-May-2018]::[10:20:18 AM]::[com.itd.efiling.offline.common.validation.validators.ValidationUtil validateTableOnSave]::[INFO]::[Form.getForm() : ITRView@1906248 :: class com.itd.efiling.offline.ITR4.ctrl.ImmovableDetails_Table]
[24-May-2018]::[10:20:18 AM]::[com.itd.efiling.offline.common.validation.validators.ValidationUtil validateTableOnSave]::[INFO]::[Form.getForm() : ITRView@1906248 :: class com.itd.efiling.offline.ITR4.ctrl.AOP_Table]
[24-May-2018]::[10:20:18 AM]::[com.itd.efiling.offline.mt.ctrl.ValidateTableOnSaveMtCtrl startThreads]::[INFO]::[After Submit]
[24-May-2018]::[10:20:18 AM]::[com.itd.efiling.offline.common.validation.validators.ValidationUtil validateTableOnSave]::[INFO]::[Form.getForm() : ITRView@1906248 :: class com.itd.efiling.offline.ITR4.ctrl.ITR4_80GTable1]
[24-May-2018]::[10:20:18 AM]::[com.itd.efiling.offline.mt.ctrl.ValidateTableOnSaveMtCtrl startThreads]::[INFO]::[After shutdown]
[24-May-2018]::[10:20:18 AM]::[com.itd.efiling.offline.common.validation.validators.ValidationUtil validateTableOnSave]::[INFO]::[Form.getForm() : ITRView@1906248 :: class com.itd.efiling.offline.ITR4.ctrl.ITR4_80GTable2]
[24-May-2018]::[10:20:18 AM]::[com.itd.efiling.offline.common.validation.validators.ValidationUtil validateTableOnSave]::[INFO]::[Form.getForm() : ITRView@1906248 :: class com.itd.efiling.offline.ITR4.ctrl.ITR4_80GTable3]
[24-May-2018]::[10:20:18 AM]::[com.itd.efiling.offline.common.validation.validators.ValidationUtil validateTableOnSave]::[INFO]::[Form.getForm() : ITRView@1906248 :: class com.itd.efiling.offline.ITR4.ctrl.ITR4_80G]
[24-May-2018]::[10:20:18 AM]::[com.itd.efiling.offline.common.player.ctrl.FormPlayerController generateXmlForm]::[INFO]::[End validate]
[24-May-2018]::[10:20:18 AM]::[com.itd.efiling.offline.mt.ctrl.ValidateTableOnSaveMtCtrl startThreads]::[INFO]::[After isTerminated]
[24-May-2018]::[10:20:18 AM]::[com.itd.efiling.offline.mt.ctrl.ValidateTableOnSaveMtCtrl startThreadsCtrl]::[INFO]::[tvc target itr.itr4.tdSonSalaries.tdSonSalary]
[24-May-2018]::[10:20:18 AM]::[com.itd.efiling.offline.mt.ctrl.ValidateTableOnSaveMtCtrl startThreads]::[INFO]::[After Submit]
[24-May-2018]::[10:20:18 AM]::[com.itd.efiling.offline.mt.ctrl.ValidateTableOnSaveMtCtrl startThreads]::[INFO]::[After shutdown]
[24-May-2018]::[10:20:18 AM]::[com.itd.efiling.offline.mt.ctrl.ValidateTableOnSaveMtCtrl startThreads]::[INFO]::[After isTerminated]
[24-May-2018]::[10:20:18 AM]::[com.itd.efiling.offline.mt.ctrl.ValidateTableOnSaveMtCtrl startThreadsCtrl]::[INFO]::[tvc target itr.itr4.tdSonOthThanSals.tdSonOthThanSal]
[24-May-2018]::[10:20:18 AM]::[com.itd.efiling.offline.mt.ctrl.ValidateTableOnSaveMtCtrl startThreads]::[INFO]::[After Submit]
[24-May-2018]::[10:20:18 AM]::[com.itd.efiling.offline.mt.ctrl.ValidateTableOnSaveMtCtrl startThreads]::[INFO]::[After shutdown]
[24-May-2018]::[10:20:18 AM]::[com.itd.efiling.offline.mt.ctrl.ValidateTableOnSaveMtCtrl startThreads]::[INFO]::[After isTerminated]
[24-May-2018]::[10:20:18 AM]::[com.itd.efiling.offline.mt.ctrl.ValidateTableOnSaveMtCtrl startThreadsCtrl]::[INFO]::[tvc target itr.itr4.tdsDtls26QC.tdsDetails26QC]
[24-May-2018]::[10:20:18 AM]::[com.itd.efiling.offline.mt.ctrl.ValidateTableOnSaveMtCtrl startThreads]::[INFO]::[After Submit]
[24-May-2018]::[10:20:18 AM]::[com.itd.efiling.offline.mt.ctrl.ValidateTableOnSaveMtCtrl startThreads]::[INFO]::[After shutdown]
[24-May-2018]::[10:20:18 AM]::[com.itd.efiling.offline.mt.ctrl.ValidateTableOnSaveMtCtrl startThreads]::[INFO]::[After isTerminated]
[24-May-2018]::[10:20:18 AM]::[com.itd.efiling.offline.mt.ctrl.ValidateTableOnSaveMtCtrl startThreadsCtrl]::[INFO]::[tvc target itr.itr4.scheduleTCS.tcs]
[24-May-2018]::[10:20:18 AM]::[com.itd.efiling.offline.mt.ctrl.ValidateTableOnSaveMtCtrl startThreads]::[INFO]::[After Submit]
[24-May-2018]::[10:20:18 AM]::[com.itd.efiling.offline.mt.ctrl.ValidateTableOnSaveMtCtrl startThreads]::[INFO]::[After shutdown]
[24-May-2018]::[10:20:18 AM]::[com.itd.efiling.offline.mt.ctrl.ValidateTableOnSaveMtCtrl startThreads]::[INFO]::[After isTerminated]
[24-May-2018]::[10:20:18 AM]::[com.itd.efiling.offline.mt.ctrl.ValidateTableOnSaveMtCtrl startThreadsCtrl]::[INFO]::[tvc target itr.itr4.scheduleIT.taxPayment]
[24-May-2018]::[10:20:18 AM]::[com.itd.efiling.offline.mt.ctrl.ValidateTableOnSaveMtCtrl startThreads]::[INFO]::[After Submit]
[24-May-2018]::[10:20:18 AM]::[com.itd.efiling.offline.mt.ctrl.ValidateTableOnSaveMtCtrl startThreads]::[INFO]::[After shutdown]
[24-May-2018]::[10:20:18 AM]::[com.itd.efiling.offline.mt.ctrl.ValidateTableOnSaveMtCtrl startThreads]::[INFO]::[After isTerminated]
[24-May-2018]::[10:20:18 AM]::[com.itd.efiling.offline.mt.ctrl.ValidateTableOnSaveMtCtrl startThreadsCtrl]::[INFO]::[tvc target itr.itr4.taxExmpIntIncDtls.othersInc.othersIncDtls]
[24-May-2018]::[10:20:18 AM]::[com.itd.efiling.offline.mt.ctrl.ValidateTableOnSaveMtCtrl startThreads]::[INFO]::[After Submit]
[24-May-2018]::[10:20:18 AM]::[com.itd.efiling.offline.mt.ctrl.ValidateTableOnSaveMtCtrl startThreads]::[INFO]::[After shutdown]
[24-May-2018]::[10:20:18 AM]::[com.itd.efiling.offline.mt.ctrl.ValidateTableOnSaveMtCtrl startThreads]::[INFO]::[After isTerminated]
[24-May-2018]::[10:20:18 AM]::[com.itd.efiling.offline.mt.ctrl.ValidateTableOnSaveMtCtrl startThreadsCtrl]::[INFO]::[tvc target itr.itr4.refund.bankAccountDtls.addtnlBankDetails]
[24-May-2018]::[10:20:18 AM]::[com.itd.efiling.offline.mt.ctrl.ValidateTableOnSaveMtCtrl startThreads]::[INFO]::[After Submit]
[24-May-2018]::[10:20:18 AM]::[com.itd.efiling.offline.mt.ctrl.ValidateTableOnSaveMtCtrl startThreads]::[INFO]::[After shutdown]
[24-May-2018]::[10:20:18 AM]::[com.itd.efiling.offline.mt.ctrl.ValidateTableOnSaveMtCtrl startThreads]::[INFO]::[After isTerminated]
[24-May-2018]::[10:20:18 AM]::[com.itd.efiling.offline.mt.ctrl.ValidateTableOnSaveMtCtrl startThreadsCtrl]::[INFO]::[tvc target itr.itr4.scheduleAL.immovableDetails]
[24-May-2018]::[10:20:18 AM]::[com.itd.efiling.offline.mt.ctrl.ValidateTableOnSaveMtCtrl startThreads]::[INFO]::[After Submit]
[24-May-2018]::[10:20:18 AM]::[com.itd.efiling.offline.mt.ctrl.ValidateTableOnSaveMtCtrl startThreads]::[INFO]::[After shutdown]
[24-May-2018]::[10:20:18 AM]::[com.itd.efiling.offline.mt.ctrl.ValidateTableOnSaveMtCtrl startThreads]::[INFO]::[After isTerminated]
[24-May-2018]::[10:20:18 AM]::[com.itd.efiling.offline.mt.ctrl.ValidateTableOnSaveMtCtrl startThreadsCtrl]::[INFO]::[tvc target itr.itr4.scheduleAL.interestHeldInaAsset]
[24-May-2018]::[10:20:18 AM]::[com.itd.efiling.offline.mt.ctrl.ValidateTableOnSaveMtCtrl startThreads]::[INFO]::[After Submit]
[24-May-2018]::[10:20:18 AM]::[com.itd.efiling.offline.mt.ctrl.ValidateTableOnSaveMtCtrl startThreads]::[INFO]::[After shutdown]
[24-May-2018]::[10:20:18 AM]::[com.itd.efiling.offline.mt.ctrl.ValidateTableOnSaveMtCtrl startThreads]::[INFO]::[After isTerminated]
[24-May-2018]::[10:20:18 AM]::[com.itd.efiling.offline.mt.ctrl.ValidateTableOnSaveMtCtrl startThreadsCtrl]::[INFO]::[tvc target itr.itr4.schedule80G.don100Percent.doneeWithPan]
[24-May-2018]::[10:20:18 AM]::[com.itd.efiling.offline.mt.ctrl.ValidateTableOnSaveMtCtrl startThreads]::[INFO]::[After Submit]
[24-May-2018]::[10:20:18 AM]::[com.itd.efiling.offline.mt.ctrl.ValidateTableOnSaveMtCtrl startThreads]::[INFO]::[After shutdown]
[24-May-2018]::[10:20:18 AM]::[com.itd.efiling.offline.mt.ctrl.ValidateTableOnSaveMtCtrl startThreads]::[INFO]::[After isTerminated]
[24-May-2018]::[10:20:18 AM]::[com.itd.efiling.offline.mt.ctrl.ValidateTableOnSaveMtCtrl startThreadsCtrl]::[INFO]::[tvc target itr.itr4.schedule80G.don50PercentNoApprReqd.doneeWithPan]
[24-May-2018]::[10:20:18 AM]::[com.itd.efiling.offline.mt.ctrl.ValidateTableOnSaveMtCtrl startThreads]::[INFO]::[After Submit]
[24-May-2018]::[10:20:18 AM]::[com.itd.efiling.offline.mt.ctrl.ValidateTableOnSaveMtCtrl startThreads]::[INFO]::[After shutdown]
[24-May-2018]::[10:20:18 AM]::[com.itd.efiling.offline.mt.ctrl.ValidateTableOnSaveMtCtrl startThreads]::[INFO]::[After isTerminated]
[24-May-2018]::[10:20:18 AM]::[com.itd.efiling.offline.mt.ctrl.ValidateTableOnSaveMtCtrl startThreadsCtrl]::[INFO]::[tvc target itr.itr4.schedule80G.don100PercentApprReqd.doneeWithPan]
[24-May-2018]::[10:20:18 AM]::[com.itd.efiling.offline.mt.ctrl.ValidateTableOnSaveMtCtrl startThreads]::[INFO]::[After Submit]
[24-May-2018]::[10:20:18 AM]::[com.itd.efiling.offline.mt.ctrl.ValidateTableOnSaveMtCtrl startThreads]::[INFO]::[After shutdown]
[24-May-2018]::[10:20:18 AM]::[com.itd.efiling.offline.mt.ctrl.ValidateTableOnSaveMtCtrl startThreads]::[INFO]::[After isTerminated]
[24-May-2018]::[10:20:18 AM]::[com.itd.efiling.offline.mt.ctrl.ValidateTableOnSaveMtCtrl startThreadsCtrl]::[INFO]::[tvc target itr.itr4.schedule80G.don50PercentApprReqd.doneeWithPan]
[24-May-2018]::[10:20:18 AM]::[com.itd.efiling.offline.mt.ctrl.ValidateTableOnSaveMtCtrl startThreads]::[INFO]::[After Submit]
[24-May-2018]::[10:20:18 AM]::[com.itd.efiling.offline.mt.ctrl.ValidateTableOnSaveMtCtrl startThreads]::[INFO]::[After shutdown]
[24-May-2018]::[10:20:18 AM]::[com.itd.efiling.offline.mt.ctrl.ValidateTableOnSaveMtCtrl startThreads]::[INFO]::[After isTerminated]
[24-May-2018]::[10:20:18 AM]::[com.itd.efiling.offline.mt.ctrl.ValidateTableOnSaveMtCtrl$1 run]::[INFO]::[After Thread Completion]
[24-May-2018]::[10:20:18 AM]::[com.itd.efiling.offline.mt.ctrl.ValidateTableOnSaveMtCtrl$1 run]::[INFO]::[After Thread Completion]
[24-May-2018]::[10:20:18 AM]::[com.itd.efiling.offline.mt.ctrl.ValidateTableOnSaveMtCtrl$1 run]::[INFO]::[After Thread Completion]
[24-May-2018]::[10:20:18 AM]::[com.itd.efiling.offline.mt.ctrl.ValidateTableOnSaveMtCtrl$1 run]::[INFO]::[After Thread Completion]
[24-May-2018]::[10:20:18 AM]::[com.itd.efiling.offline.mt.ctrl.ValidateTableOnSaveMtCtrl$1 run]::[INFO]::[After Thread Completion]
[24-May-2018]::[10:20:18 AM]::[com.itd.efiling.offline.mt.ctrl.ValidateTableOnSaveMtCtrl$1 run]::[INFO]::[After Thread Completion]
[24-May-2018]::[10:20:18 AM]::[com.itd.efiling.offline.mt.ctrl.ValidateTableOnSaveMtCtrl$1 run]::[INFO]::[After Thread Completion]
[24-May-2018]::[10:20:18 AM]::[com.itd.efiling.offline.mt.ctrl.ValidateTableOnSaveMtCtrl$1 run]::[INFO]::[After Thread Completion]
[24-May-2018]::[10:20:18 AM]::[com.itd.efiling.offline.mt.ctrl.ValidateTableOnSaveMtCtrl$1 run]::[INFO]::[After Thread Completion]
[24-May-2018]::[10:20:18 AM]::[com.itd.efiling.offline.mt.ctrl.ValidateTableOnSaveMtCtrl$1 run]::[INFO]::[After Thread Completion]
[24-May-2018]::[10:20:18 AM]::[com.itd.efiling.offline.mt.ctrl.ValidateTableOnSaveMtCtrl$1 run]::[INFO]::[After Thread Completion]
[24-May-2018]::[10:20:18 AM]::[com.itd.efiling.offline.mt.ctrl.ValidateTableOnSaveMtCtrl$1 run]::[INFO]::[After Thread Completion]
[24-May-2018]::[10:20:18 AM]::[com.itd.efiling.offline.mt.ctrl.ValidateTableOnSaveMtCtrl$1 run]::[INFO]::[After Thread Completion]
[24-May-2018]::[10:20:18 AM]::[com.itd.efiling.offline.mt.ctrl.ValidateTableOnSaveMtCtrl$1 run]::[INFO]::[After Thread Completion]
[24-May-2018]::[10:20:18 AM]::[com.itd.efiling.offline.mt.ctrl.ValidateTableOnSaveMtCtrl$1 run]::[INFO]::[After Thread Completion]
[24-May-2018]::[10:20:48 AM]::[com.itd.efiling.offline.common.util.JfxCommonUtil fileDialog]::[INFO]::[extension : .xml title : XML file]
[24-May-2018]::[10:20:53 AM]::[com.itd.efiling.offline.common.dialog.MessageDialogCtrl closeUtility]::[INFO]::[Inside  closeUtility]
[24-May-2018]::[10:20:54 AM]::[com.itd.efiling.offline.common.player.ctrl.ThreeRedLightsIlluminate$1 handle]::[INFO]::[ Close Event WindowEvent [source = javafx.stage.Stage@13c5833, target = javafx.stage.Stage@13c5833, eventType = WINDOW_CLOSE_REQUEST, consumed = false]]
