[28-Mar-2018]::[6:48:31 PM]::[com.itd.efiling.itr.validation.helpers.Validator call]::[INFO]::[Call() ends time taken: 15  error count :0]
[28-Mar-2018]::[6:48:31 PM]::[com.itd.efiling.itr.common.util.f b]::[INFO]::[Before setDocument]
[28-Mar-2018]::[6:48:31 PM]::[com.itd.efiling.itr.common.util.f b]::[INFO]::[After setDocument[#document: null]]
[28-Mar-2018]::[6:48:31 PM]::[com.itd.efiling.itr.common.util.f b]::[INFO]::[name: scheduleHP.propertyDetails[1].hpSno xpath: /ITRETURN:ITR/ITR4FORM:ITR4/ITRForm:ScheduleHP/ITRForm:PropertyDetails[2]/ITRForm:HPSNo nodelist: 1]
[28-Mar-2018]::[6:48:31 PM]::[com.itd.efiling.itr.common.util.f b]::[INFO]::[name: scheduleOS.incOthThanOwnRaceHorse.othersGrossDtls[1].sourceDescription xpath: /ITRETURN:ITR/ITR4FORM:ITR4/ITRForm:ScheduleOS/ITRForm:IncOthThanOwnRaceHorse/ITRForm:OthersGrossDtls[2]/ITRForm:SourceDescription nodelist: 1]
[28-Mar-2018]::[6:48:31 PM]::[com.itd.efiling.itr.common.util.f b]::[INFO]::[name: scheduleAMTC.scheduleAMTCUtil.prevAY[1].prevYr xpath: /ITRETURN:ITR/ITR4FORM:ITR4/ITRForm:ITRScheduleAMTC/ITRForm:ScheduleAMTC[2]/ITRForm:AssYr nodelist: 1]
[28-Mar-2018]::[6:48:31 PM]::[com.itd.efiling.itr.common.util.f b]::[INFO]::[name: scheduleAMTC.scheduleAMTCUtil.prevAY[2].prevYr xpath: /ITRETURN:ITR/ITR4FORM:ITR4/ITRForm:ITRScheduleAMTC/ITRForm:ScheduleAMTC[3]/ITRForm:AssYr nodelist: 2]
[28-Mar-2018]::[6:48:32 PM]::[com.itd.efiling.itr.common.cachers.b a]::[INFO]::[flagtrue]
[28-Mar-2018]::[6:48:32 PM]::[com.itd.efiling.itr.common.cachers.b a]::[INFO]::[doc[#document: null]]
[28-Mar-2018]::[6:48:32 PM]::[com.itd.efiling.itr.common.cachers.b a]::[INFO]::[Inside deleteNodeGenerateXml]
[28-Mar-2018]::[6:48:32 PM]::[com.itd.efiling.itr.common.util.f b]::[INFO]::[FIELD_VALUE 2032]
[28-Mar-2018]::[6:48:32 PM]::[com.itd.efiling.itr.common.util.f a]::[INFO]::[done with schema error; 0]
[28-Mar-2018]::[6:48:32 PM]::[com.itd.efiling.itr.common.util.f a]::[INFO]::[hash {} LAXWsQqCexYXPzUfuBNy2V4PXJfuyV30hDE3E1yAACQ=]
[28-Mar-2018]::[6:48:32 PM]::[com.itd.efiling.itr.common.util.f a]::[INFO]::[Time taken to generate: 776 ms ]
[28-Mar-2018]::[6:48:32 PM]::[com.itd.efiling.itr.a.a.a <init>]::[INFO]::[CommonDialog starts]
[28-Mar-2018]::[6:48:32 PM]::[com.itd.efiling.itr.a.a.n initialize]::[INFO]::[initialize submit itr starts]
[28-Mar-2018]::[6:48:32 PM]::[com.itd.efiling.itr.a.a.n initialize]::[INFO]::[Time taken to get the document 13]
[28-Mar-2018]::[6:48:32 PM]::[com.itd.efiling.itr.a.a.n initialize]::[INFO]::[Time taken to set the parameters0]
[28-Mar-2018]::[6:48:32 PM]::[com.itd.efiling.itr.a.a.n initialize]::[INFO]::[Time taken to enableSec44AB 0]
[28-Mar-2018]::[6:48:32 PM]::[com.itd.efiling.itr.a.a.n r]::[INFO]::[Enabling 92E for AY2017-18 and ITR 3,5,6 and 7]
[28-Mar-2018]::[6:48:32 PM]::[com.itd.efiling.itr.a.a.n initialize]::[INFO]::[Time taken to addKeyEvent 1]
[28-Mar-2018]::[6:48:32 PM]::[com.itd.efiling.itr.a.a.n initialize]::[INFO]::[Time taken to hideDscRelated 0]
[28-Mar-2018]::[6:48:32 PM]::[com.itd.efiling.itr.b.a.n getKeyStoreAliases]::[INFO]::[set : []]
[28-Mar-2018]::[6:48:32 PM]::[com.itd.efiling.itr.a.a.n o]::[INFO]::[Time taken to initialize usb tokens115]
[28-Mar-2018]::[6:48:32 PM]::[com.itd.efiling.itr.a.a.n initialize]::[INFO]::[Time taken to initUsbTokens 115]
[28-Mar-2018]::[6:48:32 PM]::[com.itd.efiling.itr.a.a.a <init>]::[INFO]::[CommonDialog ends]
[28-Mar-2018]::[6:48:32 PM]::[com.itd.efiling.itr.a.a.n dscMandatory]::[INFO]::[dscMandatory starts::ITR-4]
[28-Mar-2018]::[6:48:32 PM]::[com.itd.efiling.itr.a.a.n dscMandatory]::[INFO]::[dscMandatory ends]
[28-Mar-2018]::[6:50:31 PM]::[com.itd.efiling.itr.a.a.n f]::[INFO]::[validateDSCKey ends with flag: true]
[28-Mar-2018]::[6:50:31 PM]::[com.itd.efiling.itr.webservice.a.f b]::[INFO]::[Thread call starts]
[28-Mar-2018]::[6:50:31 PM]::[com.itd.efiling.itr.webservice.a.f a]::[INFO]::[sendRequest starts]
[28-Mar-2018]::[6:50:31 PM]::[com.itd.efiling.itr.common.util.e getSecuredRequest]::[INFO]::[Before getting secured request]
[28-Mar-2018]::[6:50:31 PM]::[com.itd.efiling.itr.common.util.e getSecuredRequest]::[INFO]::[After getting secured request]
[28-Mar-2018]::[6:50:31 PM]::[com.itd.efiling.itr.common.util.c d]::[INFO]::[file : .\ITR]
[28-Mar-2018]::[6:50:31 PM]::[com.itd.efiling.itr.common.util.c d]::[INFO]::[file : .\ITR-4_AY201617_PR11.jar]
[28-Mar-2018]::[6:50:32 PM]::[com.itd.efiling.itr.webservice.a.f a]::[INFO]::[Soap fault: , errorNode: nullnull]
[28-Mar-2018]::[6:50:32 PM]::[com.itd.efiling.itr.webservice.a.f b]::[INFO]::[Thread call ends : time taken: 902]
[28-Mar-2018]::[6:50:32 PM]::[com.itd.efiling.itr.a.a.n cancel]::[INFO]::[cancel caled]
[28-Mar-2018]::[6:50:32 PM]::[com.itd.efiling.itr.webservice.a.f b]::[INFO]::[Writing to file: C:\Users\SHCOPC~1\AppData\Local\Temp\ITRvFile-3541959893642333146615485028.zip]
[28-Mar-2018]::[6:50:32 PM]::[com.itd.efiling.itr.a.a.a <init>]::[INFO]::[CommonDialog starts]
[28-Mar-2018]::[6:50:32 PM]::[com.itd.efiling.itr.a.a.l initialize]::[INFO]::[initialize starts]
[28-Mar-2018]::[6:50:32 PM]::[com.itd.efiling.itr.a.a.l b]::[INFO]::[loadITRVPage stats with transaction id 5146305793 ,email girishsalunkhe350@gmail.com]
[28-Mar-2018]::[6:50:32 PM]::[com.itd.efiling.itr.a.a.a <init>]::[INFO]::[CommonDialog ends]
[28-Mar-2018]::[6:50:32 PM]::[com.itd.efiling.itr.a.a.l a]::[INFO]::[saveIfNot after shows: ]
[28-Mar-2018]::[6:57:47 PM]::[com.itd.efiling.itr.common.dialog.p a]::[INFO]::[Inside  closeUtility]
[28-Mar-2018]::[6:57:47 PM]::[com.itd.efiling.itr.main.ctrl.h a]::[INFO]::[ Close Event WindowEvent [source = javafx.stage.Stage@150d9f7, target = javafx.stage.Stage@150d9f7, eventType = WINDOW_CLOSE_REQUEST, consumed = false]]
