---KAK--0
---Record found13---1^FH^SL1^C^25022019^1^D^MUMO02862G^1^NSDL RPU 2.5^^^^^^^^00000000000352163348
Field Number  2  The conolodidated hash is nullAnd the value is1
Field Number  3  The conolodidated hash is nullAnd the value isFH
Field Number  4  The conolodidated hash is nullAnd the value isSL1
Field Number  5  The conolodidated hash is nullAnd the value isC
Field Number  6  The conolodidated hash is nullAnd the value is25022019
Field Number  7  The conolodidated hash is nullAnd the value is1
Field Number  8  The conolodidated hash is nullAnd the value isD
Field Number  9  The conolodidated hash is nullAnd the value isMUMO02862G
Field Number  10  The conolodidated hash is nullAnd the value is1
Field Number  11  The conolodidated hash is nullAnd the value isNSDL RPU 2.5
Field Number  12  The conolodidated hash is nullAnd the value is^
Field Number  13  The conolodidated hash is nullAnd the value is^
Field Number  14  The conolodidated hash is nullAnd the value is^
Field Number  15  The conolodidated hash is nullAnd the value is^
Field Number  16  The conolodidated hash is nullAnd the value is^
Field Number  17  The conolodidated hash is nullAnd the value is^
Field Number  18  The conolodidated hash is nullAnd the value is^
Field Number  19  The conolodidated hash is 00000000000352163348And the value is00000000000352163348
The part added gets called returns true for value NSDL RPU 2.5
BATCH VALIDATION STARTS HERE:::::Mon Feb 25 12:24:39 IST 2019
There is a non special character in my string
There is a non special character in my string
There is a non special character or space in my string
There is a non special character or space in my string
There is a non special character or space in my string
There is a non special character or space in my string
There is a non special character or space in my string
There is a non special character in my string
There is a non special character in my string
There is a non special character or space in my string
There is a non special character or space in my string
There is a non special character or space in my string
There is a non special character or space in my string
There is a non special character or space in my string
 END OF :::BIFERCATING CHALAN AND TV AND CIN CHECKINGMon Feb 25 12:24:39 IST 2019
Field Validation of file is compleated sucessfully
START # 25-02-2019 12:24:40.283
 Original file object created and file exist
tempFileName String cretaed ::  C:/Users/VISHAL/Desktop/To upload TDS/24Q ETDS - 2007-08 -Q4/24QCQ4_temp.fvu
 brtTemp object created for temp file
String line created 
isAppendForNextLine (Inside if condition ) :: 1
 After appending line 1^2^FVU 2.156^00000000000000000000^SAM 1.0^00000000000000000000^19022512244010956733
f.close()
f = null
brTemp.flush()
brTemp.close()
brTemp = null;
END # 25-02-2019 12:24:40.299
Original file is deleted
Temp file renamed
In processCINFile method
the cinCheckStr is 12^MUMO02862G^OFFICE OF THE CHIEF ENGINEER (WZ)^6.0^2.156^00000000000003491667
the checktoken no. isjava.util.StringTokenizer@4b2b0098
the check token count token is 11
the challan count is 12
Return Hash Code = 0
searchbarcode called
Barcodeval :19022512244010956733
Barcode is present
Hash Validation of file is done sucessfully
Inside generateStatisticFile Method 
FileGenerator.java ParseString() method is called 
FileGenerator.java ParseString() method is returning 
FileGenerator.java getStatisticaFileDetail() method Called
FileGenerator.java getStatisticaFileDetail() method is returning 
FileGenerator.java getStatisticSalDetail() method Called
FileGenerator.java getStatisticaFileDetail() method is returning 
FileGenerator.java createStatisticFileString() method is called
 Entering writeStatisticFile() Method Mon Feb 25 12:24:40 IST 2019
 Exiting writeStatisticFile() Method Mon Feb 25 12:24:40 IST 2019
FileGenerator.java createStatisticFileString() method is returning
 BARCODE :- 19022512244010956733
Inside generateForm27A
 Entering writePdfFile() Method Mon Feb 25 12:24:40 IST 2019
 Exiting writePdfFile() Method Mon Feb 25 12:24:40 IST 2019
pdf generatedtrue
END TIME : Mon Feb 25 12:24:41 IST 2019
the text error file path is C:\Users\VISHAL\Desktop\To upload TDS\24Q ETDS - 2007-08 -Q4
---LOWER---
