[27-Mar-2018]::[4:32:04 PM]::[com.itd.efiling.itr.main.ctrl.ThreeRedLightsIlluminate init]::[INFO]::[init starts]
[27-Mar-2018]::[4:32:04 PM]::[com.itd.efiling.itr.common.util.j setUtilityParams]::[INFO]::[url jar:file:/C:/Program%20Files/Java/jre1.8.0_161/lib/ext/jfxrt.jar!/META-INF/MANIFEST.MF]
[27-Mar-2018]::[4:32:04 PM]::[com.itd.efiling.itr.common.util.j setUtilityParams]::[INFO]::[url jar:file:/E:/Data0/IT%20Returns/Vaidhehi%20Salunkhe/ITR-4S_2016/ITR-4S_AY201617_PR10.jar!/META-INF/MANIFEST.MF]
[27-Mar-2018]::[4:32:04 PM]::[com.itd.efiling.itr.common.util.j setUtilityParams]::[INFO]::[2016-17 :: ITR-4S :: ]
[27-Mar-2018]::[4:32:04 PM]::[com.itd.efiling.itr.main.ctrl.ThreeRedLightsIlluminate init]::[INFO]::[init ends in 13 ms.]
[27-Mar-2018]::[4:32:04 PM]::[com.itd.efiling.itr.main.ctrl.ThreeRedLightsIlluminate start]::[INFO]::[MainLoader start method starts]
[27-Mar-2018]::[4:32:05 PM]::[com.itd.efiling.itr.main.ctrl.d initialize]::[INFO]::[initialize starts]
[27-Mar-2018]::[4:32:05 PM]::[com.itd.efiling.itr.common.util.c b]::[INFO]::[Before Validating fileListCommonScript ]
[27-Mar-2018]::[4:32:05 PM]::[com.itd.efiling.itr.common.util.c b]::[INFO]::[Before Validating fileListItrAy ]
[27-Mar-2018]::[4:32:05 PM]::[com.itd.efiling.itr.common.util.c b]::[INFO]::[Before Validating fileListConfig ]
[27-Mar-2018]::[4:32:05 PM]::[com.itd.efiling.itr.common.util.c b]::[INFO]::[Before Validating verifySignature ]
[27-Mar-2018]::[4:32:05 PM]::[com.itd.efiling.itr.common.util.c a]::[INFO]::[verifies : true]
[27-Mar-2018]::[4:32:05 PM]::[com.itd.efiling.itr.main.ctrl.d initialize]::[INFO]::[Is utiltity valid ::true]
[27-Mar-2018]::[4:32:05 PM]::[com.itd.efiling.itr.a.a.d c]::[INFO]::[loadingDialog starts]
[27-Mar-2018]::[4:32:05 PM]::[com.itd.efiling.itr.a.a.a <init>]::[INFO]::[CommonDialog starts]
[27-Mar-2018]::[4:32:05 PM]::[com.itd.efiling.itr.a.a.a <init>]::[INFO]::[CommonDialog ends]
[27-Mar-2018]::[4:32:05 PM]::[com.itd.efiling.itr.a.a.d c]::[INFO]::[loadingDialog ends]
[27-Mar-2018]::[4:32:05 PM]::[com.itd.efiling.itr.main.ctrl.a b]::[INFO]::[hide validation]
[27-Mar-2018]::[4:32:05 PM]::[com.itd.efiling.itr.main.ctrl.d a]::[INFO]::[importFile : null]
[27-Mar-2018]::[4:32:05 PM]::[com.itd.efiling.itr.main.ctrl.d initialize]::[INFO]::[initialize ends: time taken: 428ms]
[27-Mar-2018]::[4:32:05 PM]::[com.itd.efiling.itr.main.ctrl.d initialize]::[INFO]::[initialize ends: time taken: 0ms]
[27-Mar-2018]::[4:32:05 PM]::[com.sun.javafx.css.parser.CSSParser declaration]::[WARNING]::[CSS Error parsing '*{-fx-background-color: linear-gradient(#3A5058, #6aa2b1);-fx-font-weight: bold;-fx-font: 22px;}: Expected '<font-family>' while parsing '-fx-font' at [1,90]]
[27-Mar-2018]::[4:32:05 PM]::[com.sun.javafx.css.parser.CSSParser declaration]::[WARNING]::[CSS Error parsing '*{-fx-font-weight: bold;-fx-font: 22px;}: Expected '<font-family>' while parsing '-fx-font' at [1,34]]
[27-Mar-2018]::[4:32:05 PM]::[com.itd.efiling.itr.main.ctrl.ThreeRedLightsIlluminate start]::[INFO]::[mainController.windowWidth new : 1304.0]
[27-Mar-2018]::[4:32:05 PM]::[com.itd.efiling.itr.main.ctrl.ThreeRedLightsIlluminate start]::[INFO]::[1304.0 :: 1030.16 :: 221.68]
[27-Mar-2018]::[4:32:05 PM]::[com.itd.efiling.itr.main.ctrl.ThreeRedLightsIlluminate start]::[INFO]::[MainLoader start method ends. Time taken: 1098]
[27-Mar-2018]::[4:32:06 PM]::[com.itd.efiling.itr.common.a.a a]::[INFO]::[oldState  : RUNNING newState : SUCCEEDED]
[27-Mar-2018]::[4:32:06 PM]::[com.itd.efiling.itr.common.a.a a]::[INFO]::[jsobj [object Window]]
[27-Mar-2018]::[4:32:06 PM]::[com.itd.efiling.itr.common.a.a a]::[INFO]::[time taken in changed : 22]
[27-Mar-2018]::[4:32:14 PM]::[com.itd.efiling.itr.toolbar.b prefill]::[INFO]::[prefill]
[27-Mar-2018]::[4:32:15 PM]::[com.itd.efiling.itr.a.a.a <init>]::[INFO]::[CommonDialog starts]
[27-Mar-2018]::[4:32:15 PM]::[com.itd.efiling.itr.a.a.a <init>]::[INFO]::[CommonDialog ends]
[27-Mar-2018]::[4:32:26 PM]::[com.itd.efiling.itr.a.a.f prefill]::[INFO]::[prefill caled]
[27-Mar-2018]::[4:32:26 PM]::[com.itd.efiling.itr.a.a.f prefill]::[INFO]::[prefill ends after starting thread: ]
[27-Mar-2018]::[4:32:26 PM]::[com.itd.efiling.itr.webservice.a.a b]::[INFO]::[call starts ]
[27-Mar-2018]::[4:32:26 PM]::[com.itd.efiling.itr.webservice.a.a c]::[INFO]::[sendRequest starts]
[27-Mar-2018]::[4:32:26 PM]::[com.itd.efiling.itr.common.util.e getSecuredRequest]::[INFO]::[Before getting secured request]
[27-Mar-2018]::[4:32:26 PM]::[com.itd.efiling.itr.common.util.e getSecuredRequest]::[INFO]::[After getting secured request]
[27-Mar-2018]::[4:32:26 PM]::[com.itd.efiling.itr.common.util.c d]::[INFO]::[file : .\ITR]
[27-Mar-2018]::[4:32:26 PM]::[com.itd.efiling.itr.common.util.c d]::[INFO]::[file : .\ITR-4S_AY201617_PR10.jar]
[27-Mar-2018]::[4:32:27 PM]::[com.itd.efiling.itr.webservice.a.a c]::[INFO]::[Soap fault: null]
[27-Mar-2018]::[4:32:27 PM]::[com.itd.efiling.itr.webservice.a.a c]::[INFO]::[Soap errorNode : null]
[27-Mar-2018]::[4:32:27 PM]::[com.itd.efiling.itr.webservice.a.a c]::[INFO]::[sendrequest ends]
[27-Mar-2018]::[4:32:27 PM]::[com.itd.efiling.itr.webservice.a.a b]::[INFO]::[call ends Time taken:474]
[27-Mar-2018]::[4:32:27 PM]::[com.itd.efiling.itr.a.a.f cancel]::[INFO]::[cancel caled]
[27-Mar-2018]::[4:32:29 PM]::[com.itd.efiling.itr.webservice.a.d run]::[INFO]::[Prefill done successfully]
[27-Mar-2018]::[4:32:34 PM]::[com.itd.efiling.itr.validation.a.a a]::[INFO]::[FIELD_VALIDATORS_MAP 198]
[27-Mar-2018]::[4:37:29 PM]::[com.itd.efiling.itr.common.util.JavaScriptFunctions getBankName]::[INFO]::[ifsc isABHY]
[27-Mar-2018]::[4:39:51 PM]::[com.itd.efiling.itr.toolbar.b validateAndSaveFile]::[INFO]::[validateAndSaveFile ]
[27-Mar-2018]::[4:39:51 PM]::[com.itd.efiling.itr.main.ctrl.a c]::[INFO]::[show validation]
[27-Mar-2018]::[4:39:51 PM]::[com.itd.efiling.itr.validation.helpers.Validator validateAll]::[INFO]::[Time taken in validateAll(): 0]
[27-Mar-2018]::[4:39:51 PM]::[com.itd.efiling.itr.validation.helpers.Validator call]::[INFO]::[Call() starts : ]
[27-Mar-2018]::[4:39:51 PM]::[com.itd.efiling.itr.validation.helpers.Validator call]::[INFO]::[Call() ends time taken: 30  error count :4]
[27-Mar-2018]::[4:40:54 PM]::[com.itd.efiling.itr.toolbar.b validateAndSaveFile]::[INFO]::[validateAndSaveFile ]
[27-Mar-2018]::[4:40:54 PM]::[com.itd.efiling.itr.main.ctrl.a c]::[INFO]::[show validation]
[27-Mar-2018]::[4:40:54 PM]::[com.itd.efiling.itr.validation.helpers.Validator validateAll]::[INFO]::[Time taken in validateAll(): 0]
[27-Mar-2018]::[4:40:54 PM]::[com.itd.efiling.itr.validation.helpers.Validator call]::[INFO]::[Call() starts : ]
[27-Mar-2018]::[4:40:54 PM]::[com.itd.efiling.itr.validation.helpers.Validator call]::[INFO]::[Call() ends time taken: 18  error count :0]
[27-Mar-2018]::[4:40:54 PM]::[com.itd.efiling.itr.a.a.e a]::[INFO]::[extension : .xml title : null type : true]
[27-Mar-2018]::[4:42:02 PM]::[com.itd.efiling.itr.common.util.f b]::[INFO]::[Before setDocument]
[27-Mar-2018]::[4:42:02 PM]::[com.itd.efiling.itr.common.util.f b]::[INFO]::[After setDocument[#document: null]]
[27-Mar-2018]::[4:42:02 PM]::[com.itd.efiling.itr.common.cachers.b a]::[INFO]::[flagtrue]
[27-Mar-2018]::[4:42:02 PM]::[com.itd.efiling.itr.common.cachers.b a]::[INFO]::[doc[#document: null]]
[27-Mar-2018]::[4:42:02 PM]::[com.itd.efiling.itr.common.cachers.b a]::[INFO]::[Inside deleteNodeGenerateXml]
[27-Mar-2018]::[4:42:02 PM]::[com.itd.efiling.itr.common.util.f b]::[INFO]::[FIELD_VALUE 237]
[27-Mar-2018]::[4:42:02 PM]::[com.itd.efiling.itr.common.util.f a]::[INFO]::[done with schema error; 0]
[27-Mar-2018]::[4:42:02 PM]::[com.itd.efiling.itr.common.util.f a]::[INFO]::[hash {} 3zeUk+KYZN9Tr7V2bsyOa2cEMyI3R/mMM/ygn0G+V8c=]
[27-Mar-2018]::[4:42:02 PM]::[com.itd.efiling.itr.common.util.f a]::[INFO]::[Time taken to generate: 260 ms ]
[27-Mar-2018]::[4:43:20 PM]::[com.itd.efiling.itr.toolbar.b submit]::[INFO]::[validateITR starts]
[27-Mar-2018]::[4:43:20 PM]::[com.itd.efiling.itr.main.ctrl.a c]::[INFO]::[show validation]
[27-Mar-2018]::[4:43:20 PM]::[com.itd.efiling.itr.validation.helpers.Validator validateAll]::[INFO]::[Time taken in validateAll(): 0]
[27-Mar-2018]::[4:43:20 PM]::[com.itd.efiling.itr.validation.helpers.Validator call]::[INFO]::[Call() starts : ]
[27-Mar-2018]::[4:43:20 PM]::[com.itd.efiling.itr.validation.helpers.Validator call]::[INFO]::[Call() ends time taken: 19  error count :0]
[27-Mar-2018]::[4:43:20 PM]::[com.itd.efiling.itr.common.util.f b]::[INFO]::[Before setDocument]
[27-Mar-2018]::[4:43:20 PM]::[com.itd.efiling.itr.common.util.f b]::[INFO]::[After setDocument[#document: null]]
[27-Mar-2018]::[4:43:20 PM]::[com.itd.efiling.itr.common.cachers.b a]::[INFO]::[flagtrue]
[27-Mar-2018]::[4:43:20 PM]::[com.itd.efiling.itr.common.cachers.b a]::[INFO]::[doc[#document: null]]
[27-Mar-2018]::[4:43:20 PM]::[com.itd.efiling.itr.common.cachers.b a]::[INFO]::[Inside deleteNodeGenerateXml]
[27-Mar-2018]::[4:43:20 PM]::[com.itd.efiling.itr.common.util.f b]::[INFO]::[FIELD_VALUE 237]
[27-Mar-2018]::[4:43:20 PM]::[com.itd.efiling.itr.common.util.f a]::[INFO]::[done with schema error; 0]
[27-Mar-2018]::[4:43:20 PM]::[com.itd.efiling.itr.common.util.f a]::[INFO]::[hash {} 3zeUk+KYZN9Tr7V2bsyOa2cEMyI3R/mMM/ygn0G+V8c=]
[27-Mar-2018]::[4:43:20 PM]::[com.itd.efiling.itr.common.util.f a]::[INFO]::[Time taken to generate: 99 ms ]
[27-Mar-2018]::[4:43:20 PM]::[com.itd.efiling.itr.a.a.a <init>]::[INFO]::[CommonDialog starts]
[27-Mar-2018]::[4:43:21 PM]::[com.itd.efiling.itr.a.a.n initialize]::[INFO]::[initialize submit itr starts]
[27-Mar-2018]::[4:43:21 PM]::[com.itd.efiling.itr.a.a.n initialize]::[INFO]::[Time taken to get the document 5]
[27-Mar-2018]::[4:43:21 PM]::[com.itd.efiling.itr.a.a.n initialize]::[INFO]::[Time taken to set the parameters0]
[27-Mar-2018]::[4:43:21 PM]::[com.itd.efiling.itr.a.a.n initialize]::[INFO]::[Time taken to enableSec44AB 0]
[27-Mar-2018]::[4:43:21 PM]::[com.itd.efiling.itr.a.a.n r]::[INFO]::[Enabling 92E for AY2017-18 and ITR 3,5,6 and 7]
[27-Mar-2018]::[4:43:21 PM]::[com.itd.efiling.itr.a.a.n initialize]::[INFO]::[Time taken to addKeyEvent 1]
[27-Mar-2018]::[4:43:21 PM]::[com.itd.efiling.itr.a.a.n initialize]::[INFO]::[Time taken to hideDscRelated 0]
[27-Mar-2018]::[4:43:21 PM]::[com.itd.efiling.itr.b.a.n getKeyStoreAliases]::[INFO]::[set : []]
[27-Mar-2018]::[4:43:21 PM]::[com.itd.efiling.itr.a.a.n o]::[INFO]::[Time taken to initialize usb tokens375]
[27-Mar-2018]::[4:43:21 PM]::[com.itd.efiling.itr.a.a.n initialize]::[INFO]::[Time taken to initUsbTokens 375]
[27-Mar-2018]::[4:43:21 PM]::[com.itd.efiling.itr.a.a.a <init>]::[INFO]::[CommonDialog ends]
[27-Mar-2018]::[4:43:21 PM]::[com.itd.efiling.itr.a.a.n dscMandatory]::[INFO]::[dscMandatory starts::ITR-4S]
[27-Mar-2018]::[4:43:21 PM]::[com.itd.efiling.itr.a.a.n dscMandatory]::[INFO]::[dscMandatory ends]
[27-Mar-2018]::[4:43:53 PM]::[com.itd.efiling.itr.toolbar.b submit]::[INFO]::[validateITR starts]
[27-Mar-2018]::[4:43:53 PM]::[com.itd.efiling.itr.main.ctrl.a c]::[INFO]::[show validation]
[27-Mar-2018]::[4:43:53 PM]::[com.itd.efiling.itr.validation.helpers.Validator validateAll]::[INFO]::[Time taken in validateAll(): 0]
[27-Mar-2018]::[4:43:53 PM]::[com.itd.efiling.itr.validation.helpers.Validator call]::[INFO]::[Call() starts : ]
[27-Mar-2018]::[4:43:53 PM]::[com.itd.efiling.itr.validation.helpers.Validator call]::[INFO]::[Call() ends time taken: 13  error count :0]
[27-Mar-2018]::[4:43:53 PM]::[com.itd.efiling.itr.common.util.f b]::[INFO]::[Before setDocument]
[27-Mar-2018]::[4:43:53 PM]::[com.itd.efiling.itr.common.util.f b]::[INFO]::[After setDocument[#document: null]]
[27-Mar-2018]::[4:43:53 PM]::[com.itd.efiling.itr.common.cachers.b a]::[INFO]::[flagtrue]
[27-Mar-2018]::[4:43:53 PM]::[com.itd.efiling.itr.common.cachers.b a]::[INFO]::[doc[#document: null]]
[27-Mar-2018]::[4:43:53 PM]::[com.itd.efiling.itr.common.cachers.b a]::[INFO]::[Inside deleteNodeGenerateXml]
[27-Mar-2018]::[4:43:53 PM]::[com.itd.efiling.itr.common.util.f b]::[INFO]::[FIELD_VALUE 237]
[27-Mar-2018]::[4:43:53 PM]::[com.itd.efiling.itr.common.util.f a]::[INFO]::[done with schema error; 0]
[27-Mar-2018]::[4:43:53 PM]::[com.itd.efiling.itr.common.util.f a]::[INFO]::[hash {} 3zeUk+KYZN9Tr7V2bsyOa2cEMyI3R/mMM/ygn0G+V8c=]
[27-Mar-2018]::[4:43:53 PM]::[com.itd.efiling.itr.common.util.f a]::[INFO]::[Time taken to generate: 92 ms ]
[27-Mar-2018]::[4:43:53 PM]::[com.itd.efiling.itr.a.a.a <init>]::[INFO]::[CommonDialog starts]
[27-Mar-2018]::[4:43:53 PM]::[com.itd.efiling.itr.a.a.n initialize]::[INFO]::[initialize submit itr starts]
[27-Mar-2018]::[4:43:53 PM]::[com.itd.efiling.itr.a.a.n initialize]::[INFO]::[Time taken to get the document 3]
[27-Mar-2018]::[4:43:53 PM]::[com.itd.efiling.itr.a.a.n initialize]::[INFO]::[Time taken to set the parameters0]
[27-Mar-2018]::[4:43:53 PM]::[com.itd.efiling.itr.a.a.n initialize]::[INFO]::[Time taken to enableSec44AB 0]
[27-Mar-2018]::[4:43:53 PM]::[com.itd.efiling.itr.a.a.n r]::[INFO]::[Enabling 92E for AY2017-18 and ITR 3,5,6 and 7]
[27-Mar-2018]::[4:43:53 PM]::[com.itd.efiling.itr.a.a.n initialize]::[INFO]::[Time taken to addKeyEvent 0]
[27-Mar-2018]::[4:43:53 PM]::[com.itd.efiling.itr.a.a.n initialize]::[INFO]::[Time taken to hideDscRelated 0]
[27-Mar-2018]::[4:43:53 PM]::[com.itd.efiling.itr.b.a.n getKeyStoreAliases]::[INFO]::[set : []]
[27-Mar-2018]::[4:43:53 PM]::[com.itd.efiling.itr.a.a.n o]::[INFO]::[Time taken to initialize usb tokens260]
[27-Mar-2018]::[4:43:53 PM]::[com.itd.efiling.itr.a.a.n initialize]::[INFO]::[Time taken to initUsbTokens 260]
[27-Mar-2018]::[4:43:53 PM]::[com.itd.efiling.itr.a.a.a <init>]::[INFO]::[CommonDialog ends]
[27-Mar-2018]::[4:43:53 PM]::[com.itd.efiling.itr.a.a.n dscMandatory]::[INFO]::[dscMandatory starts::ITR-4S]
[27-Mar-2018]::[4:43:53 PM]::[com.itd.efiling.itr.a.a.n dscMandatory]::[INFO]::[dscMandatory ends]
[27-Mar-2018]::[4:44:00 PM]::[com.itd.efiling.itr.a.a.n f]::[INFO]::[validateDSCKey ends with flag: true]
[27-Mar-2018]::[4:44:00 PM]::[com.itd.efiling.itr.webservice.a.f b]::[INFO]::[Thread call starts]
[27-Mar-2018]::[4:44:00 PM]::[com.itd.efiling.itr.webservice.a.f a]::[INFO]::[sendRequest starts]
[27-Mar-2018]::[4:44:00 PM]::[com.itd.efiling.itr.common.util.e getSecuredRequest]::[INFO]::[Before getting secured request]
[27-Mar-2018]::[4:44:00 PM]::[com.itd.efiling.itr.common.util.e getSecuredRequest]::[INFO]::[After getting secured request]
[27-Mar-2018]::[4:44:00 PM]::[com.itd.efiling.itr.common.util.c d]::[INFO]::[file : .\ITR]
[27-Mar-2018]::[4:44:00 PM]::[com.itd.efiling.itr.common.util.c d]::[INFO]::[file : .\ITR-4S_AY201617_PR10.jar]
[27-Mar-2018]::[4:44:01 PM]::[com.itd.efiling.itr.webservice.a.f a]::[INFO]::[Soap fault: , errorNode: nullnull]
[27-Mar-2018]::[4:44:01 PM]::[com.itd.efiling.itr.webservice.a.f b]::[INFO]::[Thread call ends : time taken: 599]
[27-Mar-2018]::[4:44:01 PM]::[com.itd.efiling.itr.a.a.n cancel]::[INFO]::[cancel caled]
[27-Mar-2018]::[4:44:01 PM]::[com.itd.efiling.itr.webservice.a.f b]::[INFO]::[Writing to file: C:\Users\SHCOPC~1\AppData\Local\Temp\ITRvFile20832189341829433123783784569.zip]
[27-Mar-2018]::[4:44:01 PM]::[com.itd.efiling.itr.a.a.a <init>]::[INFO]::[CommonDialog starts]
[27-Mar-2018]::[4:44:01 PM]::[com.itd.efiling.itr.a.a.l initialize]::[INFO]::[initialize starts]
[27-Mar-2018]::[4:44:01 PM]::[com.itd.efiling.itr.a.a.l b]::[INFO]::[loadITRVPage stats with transaction id 5129805933 ,email girishsalunkhe350@gmail.com]
[27-Mar-2018]::[4:44:01 PM]::[com.itd.efiling.itr.a.a.a <init>]::[INFO]::[CommonDialog ends]
[27-Mar-2018]::[4:44:01 PM]::[com.itd.efiling.itr.a.a.l a]::[INFO]::[saveIfNot after shows: ]
[27-Mar-2018]::[4:44:03 PM]::[com.itd.efiling.itr.common.dialog.p a]::[INFO]::[Inside  closeUtility]
[27-Mar-2018]::[4:44:04 PM]::[com.itd.efiling.itr.common.dialog.p a]::[INFO]::[init starts]
[27-Mar-2018]::[4:44:04 PM]::[com.itd.efiling.itr.main.ctrl.h a]::[INFO]::[ Close Event WindowEvent [source = javafx.stage.Stage@1f6b7e, target = javafx.stage.Stage@1f6b7e, eventType = WINDOW_CLOSE_REQUEST, consumed = false]]
[27-Mar-2018]::[5:03:25 PM]::[com.itd.efiling.itr.common.dialog.p a]::[INFO]::[Inside  closeUtility]
[27-Mar-2018]::[5:03:26 PM]::[com.itd.efiling.itr.main.ctrl.h a]::[INFO]::[ Close Event WindowEvent [source = javafx.stage.Stage@1f6b7e, target = javafx.stage.Stage@1f6b7e, eventType = WINDOW_CLOSE_REQUEST, consumed = false]]
