[27-Mar-2018]::[4:26:56 PM]::[com.itd.efiling.itr.main.ctrl.ThreeRedLightsIlluminate init]::[INFO]::[init starts]
[27-Mar-2018]::[4:26:56 PM]::[com.itd.efiling.itr.common.util.j setUtilityParams]::[INFO]::[url jar:file:/C:/Program%20Files/Java/jre1.8.0_161/lib/ext/jfxrt.jar!/META-INF/MANIFEST.MF]
[27-Mar-2018]::[4:26:56 PM]::[com.itd.efiling.itr.common.util.j setUtilityParams]::[INFO]::[url jar:file:/E:/Data0/IT%20Returns/Girish%20Salunkhe/ITR-1_2016/ITR-1_AY201617_PR9.jar!/META-INF/MANIFEST.MF]
[27-Mar-2018]::[4:26:56 PM]::[com.itd.efiling.itr.common.util.j setUtilityParams]::[INFO]::[2016-17 :: ITR-1 :: ]
[27-Mar-2018]::[4:26:56 PM]::[com.itd.efiling.itr.main.ctrl.ThreeRedLightsIlluminate init]::[INFO]::[init ends in 52 ms.]
[27-Mar-2018]::[4:26:56 PM]::[com.itd.efiling.itr.main.ctrl.ThreeRedLightsIlluminate start]::[INFO]::[MainLoader start method starts]
[27-Mar-2018]::[4:26:58 PM]::[com.itd.efiling.itr.main.ctrl.d initialize]::[INFO]::[initialize starts]
[27-Mar-2018]::[4:26:58 PM]::[com.itd.efiling.itr.common.util.c b]::[INFO]::[Before Validating fileListCommonScript ]
[27-Mar-2018]::[4:26:59 PM]::[com.itd.efiling.itr.common.util.c b]::[INFO]::[Before Validating fileListItrAy ]
[27-Mar-2018]::[4:26:59 PM]::[com.itd.efiling.itr.common.util.c b]::[INFO]::[Before Validating fileListConfig ]
[27-Mar-2018]::[4:26:59 PM]::[com.itd.efiling.itr.common.util.c b]::[INFO]::[Before Validating verifySignature ]
[27-Mar-2018]::[4:26:59 PM]::[com.itd.efiling.itr.common.util.c a]::[INFO]::[verifies : true]
[27-Mar-2018]::[4:26:59 PM]::[com.itd.efiling.itr.main.ctrl.d initialize]::[INFO]::[Is utiltity valid ::true]
[27-Mar-2018]::[4:26:59 PM]::[com.itd.efiling.itr.a.a.d c]::[INFO]::[loadingDialog starts]
[27-Mar-2018]::[4:26:59 PM]::[com.itd.efiling.itr.a.a.a <init>]::[INFO]::[CommonDialog starts]
[27-Mar-2018]::[4:27:00 PM]::[com.itd.efiling.itr.a.a.a <init>]::[INFO]::[CommonDialog ends]
[27-Mar-2018]::[4:27:00 PM]::[com.itd.efiling.itr.a.a.d c]::[INFO]::[loadingDialog ends]
[27-Mar-2018]::[4:27:00 PM]::[com.itd.efiling.itr.main.ctrl.a b]::[INFO]::[hide validation]
[27-Mar-2018]::[4:27:00 PM]::[com.itd.efiling.itr.main.ctrl.d a]::[INFO]::[importFile : null]
[27-Mar-2018]::[4:27:01 PM]::[com.itd.efiling.itr.main.ctrl.d initialize]::[INFO]::[initialize ends: time taken: 2294ms]
[27-Mar-2018]::[4:27:01 PM]::[com.itd.efiling.itr.main.ctrl.d initialize]::[INFO]::[initialize ends: time taken: 1ms]
[27-Mar-2018]::[4:27:01 PM]::[com.sun.javafx.css.parser.CSSParser declaration]::[WARNING]::[CSS Error parsing '*{-fx-background-color: linear-gradient(#3A5058, #6aa2b1);-fx-font-weight: bold;-fx-font: 22px;}: Expected '<font-family>' while parsing '-fx-font' at [1,90]]
[27-Mar-2018]::[4:27:01 PM]::[com.sun.javafx.css.parser.CSSParser declaration]::[WARNING]::[CSS Error parsing '*{-fx-font-weight: bold;-fx-font: 22px;}: Expected '<font-family>' while parsing '-fx-font' at [1,34]]
[27-Mar-2018]::[4:27:01 PM]::[com.itd.efiling.itr.main.ctrl.ThreeRedLightsIlluminate start]::[INFO]::[mainController.windowWidth new : 1304.0]
[27-Mar-2018]::[4:27:01 PM]::[com.itd.efiling.itr.main.ctrl.ThreeRedLightsIlluminate start]::[INFO]::[1304.0 :: 1030.16 :: 221.68]
[27-Mar-2018]::[4:27:01 PM]::[com.itd.efiling.itr.main.ctrl.ThreeRedLightsIlluminate start]::[INFO]::[MainLoader start method ends. Time taken: 5134]
[27-Mar-2018]::[4:27:02 PM]::[com.itd.efiling.itr.common.a.a a]::[INFO]::[oldState  : RUNNING newState : SUCCEEDED]
[27-Mar-2018]::[4:27:02 PM]::[com.itd.efiling.itr.common.a.a a]::[INFO]::[jsobj [object Window]]
[27-Mar-2018]::[4:27:03 PM]::[com.itd.efiling.itr.common.a.a a]::[INFO]::[time taken in changed : 194]
[27-Mar-2018]::[4:27:05 PM]::[com.itd.efiling.itr.toolbar.b importXml]::[INFO]::[importXmlDialog starts]
[27-Mar-2018]::[4:27:05 PM]::[com.itd.efiling.itr.a.a.e a]::[INFO]::[extension : .open title : null type : false]
[27-Mar-2018]::[4:27:14 PM]::[com.itd.efiling.itr.toolbar.b a]::[INFO]::[Actual ITR ITR-1 Actual assesment year2016-17]
[27-Mar-2018]::[4:27:15 PM]::[com.itd.efiling.itr.toolbar.b a]::[INFO]::[Imported ITR ITR-1 Imported assesment year2016-17]
[27-Mar-2018]::[4:27:15 PM]::[com.itd.efiling.itr.a.a.d c]::[INFO]::[loadingDialog starts]
[27-Mar-2018]::[4:27:15 PM]::[com.itd.efiling.itr.a.a.a <init>]::[INFO]::[CommonDialog starts]
[27-Mar-2018]::[4:27:15 PM]::[com.itd.efiling.itr.a.a.a <init>]::[INFO]::[CommonDialog ends]
[27-Mar-2018]::[4:27:15 PM]::[com.itd.efiling.itr.a.a.d c]::[INFO]::[loadingDialog ends]
[27-Mar-2018]::[4:27:15 PM]::[com.itd.efiling.itr.main.ctrl.a b]::[INFO]::[hide validation]
[27-Mar-2018]::[4:27:15 PM]::[com.itd.efiling.itr.main.ctrl.d a]::[INFO]::[importFile : E:\Data0\IT Returns\Girish Salunkhe\AY 2016-17 ORIGINAL 25032018.xml]
[27-Mar-2018]::[4:27:15 PM]::[com.itd.efiling.itr.common.a.a a]::[INFO]::[oldState  : SUCCEEDED newState : READY]
[27-Mar-2018]::[4:27:15 PM]::[com.itd.efiling.itr.common.a.a a]::[INFO]::[oldState  : READY newState : SCHEDULED]
[27-Mar-2018]::[4:27:15 PM]::[com.itd.efiling.itr.common.a.a a]::[INFO]::[oldState  : SCHEDULED newState : RUNNING]
[27-Mar-2018]::[4:27:15 PM]::[com.itd.efiling.itr.toolbar.b importXml]::[INFO]::[importXmlDialog ends]
[27-Mar-2018]::[4:27:15 PM]::[com.itd.efiling.itr.common.a.a a]::[INFO]::[oldState  : RUNNING newState : SUCCEEDED]
[27-Mar-2018]::[4:27:15 PM]::[com.itd.efiling.itr.common.a.a a]::[INFO]::[jsobj [object Window]]
[27-Mar-2018]::[4:27:15 PM]::[com.itd.efiling.itr.common.util.l a]::[INFO]::[Before setDocument]
[27-Mar-2018]::[4:27:15 PM]::[com.itd.efiling.itr.common.util.l a]::[INFO]::[iterateNodeImportXml 0]
[27-Mar-2018]::[4:27:15 PM]::[com.itd.efiling.itr.common.util.l a]::[INFO]::[cacheHtmlElements ]
[27-Mar-2018]::[4:27:15 PM]::[com.itd.efiling.itr.common.util.l b]::[INFO]::[Before cacheHtmlElements 0]
[27-Mar-2018]::[4:27:15 PM]::[com.itd.efiling.itr.common.util.l b]::[INFO]::[After cacheHtmlElements 218]
[27-Mar-2018]::[4:27:15 PM]::[com.itd.efiling.itr.common.util.l a]::[INFO]::[putValuesToHTML ]
[27-Mar-2018]::[4:27:15 PM]::[com.itd.efiling.itr.common.util.l a]::[INFO]::[Before setValuesInForm]
[27-Mar-2018]::[4:27:15 PM]::[com.itd.efiling.itr.common.util.l a]::[INFO]::[End of putValuesToHTML]
[27-Mar-2018]::[4:27:15 PM]::[com.itd.efiling.itr.common.util.l a]::[INFO]::[time taken in importxml function: 97]
[27-Mar-2018]::[4:27:19 PM]::[com.itd.efiling.itr.common.a.a a]::[INFO]::[time taken in changed : 4341]
[27-Mar-2018]::[4:27:19 PM]::[com.itd.efiling.itr.common.a.a a]::[INFO]::[oldState  : RUNNING newState : SUCCEEDED]
[27-Mar-2018]::[4:27:36 PM]::[com.itd.efiling.itr.toolbar.b submit]::[INFO]::[validateITR starts]
[27-Mar-2018]::[4:27:36 PM]::[com.itd.efiling.itr.main.ctrl.a c]::[INFO]::[show validation]
[27-Mar-2018]::[4:27:36 PM]::[com.itd.efiling.itr.validation.helpers.Validator validateAll]::[INFO]::[Time taken in validateAll(): 0]
[27-Mar-2018]::[4:27:36 PM]::[com.itd.efiling.itr.validation.helpers.Validator call]::[INFO]::[Call() starts : ]
[27-Mar-2018]::[4:27:36 PM]::[com.itd.efiling.itr.validation.a.a a]::[INFO]::[FIELD_VALIDATORS_MAP 183]
[27-Mar-2018]::[4:27:37 PM]::[com.itd.efiling.itr.validation.helpers.Validator call]::[INFO]::[Call() ends time taken: 399  error count :0]
[27-Mar-2018]::[4:27:37 PM]::[com.itd.efiling.itr.common.util.f b]::[INFO]::[Before setDocument]
[27-Mar-2018]::[4:27:37 PM]::[com.itd.efiling.itr.common.util.f b]::[INFO]::[After setDocument[#document: null]]
[27-Mar-2018]::[4:27:37 PM]::[com.itd.efiling.itr.common.cachers.b a]::[INFO]::[flagtrue]
[27-Mar-2018]::[4:27:37 PM]::[com.itd.efiling.itr.common.cachers.b a]::[INFO]::[doc[#document: null]]
[27-Mar-2018]::[4:27:37 PM]::[com.itd.efiling.itr.common.cachers.b a]::[INFO]::[Inside deleteNodeGenerateXml]
[27-Mar-2018]::[4:27:37 PM]::[com.itd.efiling.itr.common.util.f b]::[INFO]::[FIELD_VALUE 218]
[27-Mar-2018]::[4:27:37 PM]::[com.itd.efiling.itr.common.util.f a]::[INFO]::[done with schema error; 0]
[27-Mar-2018]::[4:27:37 PM]::[com.itd.efiling.itr.common.util.f a]::[INFO]::[hash {} JoZU+Q1Am6y1slBzACIo3EzHi6GsgY5rMj8TCkKEJj8=]
[27-Mar-2018]::[4:27:37 PM]::[com.itd.efiling.itr.common.util.f a]::[INFO]::[Time taken to generate: 391 ms ]
[27-Mar-2018]::[4:27:37 PM]::[com.itd.efiling.itr.a.a.a <init>]::[INFO]::[CommonDialog starts]
[27-Mar-2018]::[4:27:37 PM]::[com.itd.efiling.itr.a.a.n initialize]::[INFO]::[initialize submit itr starts]
[27-Mar-2018]::[4:27:37 PM]::[com.itd.efiling.itr.a.a.n initialize]::[INFO]::[Time taken to get the document 4]
[27-Mar-2018]::[4:27:37 PM]::[com.itd.efiling.itr.a.a.n initialize]::[INFO]::[Time taken to set the parameters0]
[27-Mar-2018]::[4:27:37 PM]::[com.itd.efiling.itr.a.a.n initialize]::[INFO]::[Time taken to enableSec44AB 0]
[27-Mar-2018]::[4:27:37 PM]::[com.itd.efiling.itr.a.a.n r]::[INFO]::[Enabling 92E for AY2017-18 and ITR 3,5,6 and 7]
[27-Mar-2018]::[4:27:37 PM]::[com.itd.efiling.itr.a.a.n initialize]::[INFO]::[Time taken to addKeyEvent 1]
[27-Mar-2018]::[4:27:37 PM]::[com.itd.efiling.itr.a.a.n initialize]::[INFO]::[Time taken to hideDscRelated 1]
[27-Mar-2018]::[4:27:38 PM]::[com.itd.efiling.itr.b.a.n getKeyStoreAliases]::[INFO]::[set : []]
[27-Mar-2018]::[4:27:38 PM]::[com.itd.efiling.itr.a.a.n o]::[INFO]::[Time taken to initialize usb tokens1235]
[27-Mar-2018]::[4:27:38 PM]::[com.itd.efiling.itr.a.a.n initialize]::[INFO]::[Time taken to initUsbTokens 1236]
[27-Mar-2018]::[4:27:38 PM]::[com.itd.efiling.itr.a.a.a <init>]::[INFO]::[CommonDialog ends]
[27-Mar-2018]::[4:27:38 PM]::[com.itd.efiling.itr.a.a.n dscMandatory]::[INFO]::[dscMandatory starts::ITR-1]
[27-Mar-2018]::[4:27:38 PM]::[com.itd.efiling.itr.a.a.n dscMandatory]::[INFO]::[dscMandatory ends]
[27-Mar-2018]::[4:27:56 PM]::[com.itd.efiling.itr.a.a.n f]::[INFO]::[validateDSCKey ends with flag: true]
[27-Mar-2018]::[4:27:56 PM]::[com.itd.efiling.itr.webservice.a.f b]::[INFO]::[Thread call starts]
[27-Mar-2018]::[4:27:56 PM]::[com.itd.efiling.itr.webservice.a.f a]::[INFO]::[sendRequest starts]
[27-Mar-2018]::[4:27:56 PM]::[com.itd.efiling.itr.common.util.e getSecuredRequest]::[INFO]::[Before getting secured request]
[27-Mar-2018]::[4:27:56 PM]::[com.itd.efiling.itr.common.util.e getSecuredRequest]::[INFO]::[After getting secured request]
[27-Mar-2018]::[4:27:56 PM]::[com.itd.efiling.itr.common.util.c d]::[INFO]::[file : .\ITR]
[27-Mar-2018]::[4:27:56 PM]::[com.itd.efiling.itr.common.util.c d]::[INFO]::[file : .\ITR-1_AY201617_PR9.jar]
[27-Mar-2018]::[4:27:57 PM]::[com.itd.efiling.itr.webservice.a.f a]::[INFO]::[Soap fault: , errorNode: nullnull]
[27-Mar-2018]::[4:27:57 PM]::[com.itd.efiling.itr.a.a.n cancel]::[INFO]::[cancel caled]
[27-Mar-2018]::[4:27:57 PM]::[com.itd.efiling.itr.webservice.a.f b]::[INFO]::[Thread call ends : time taken: 1109]
[27-Mar-2018]::[4:27:57 PM]::[com.itd.efiling.itr.webservice.a.f b]::[INFO]::[Writing to file: C:\Users\SHCOPC~1\AppData\Local\Temp\ITRvFile-889067486401093402309995621.zip]
[27-Mar-2018]::[4:27:57 PM]::[com.itd.efiling.itr.a.a.a <init>]::[INFO]::[CommonDialog starts]
[27-Mar-2018]::[4:27:57 PM]::[com.itd.efiling.itr.a.a.l initialize]::[INFO]::[initialize starts]
[27-Mar-2018]::[4:27:57 PM]::[com.itd.efiling.itr.a.a.l b]::[INFO]::[loadITRVPage stats with transaction id 5129424191 ,email girishsalunkhe350@gmail.com]
[27-Mar-2018]::[4:27:57 PM]::[com.itd.efiling.itr.a.a.a <init>]::[INFO]::[CommonDialog ends]
[27-Mar-2018]::[4:27:57 PM]::[com.itd.efiling.itr.a.a.l a]::[INFO]::[saveIfNot after shows: ]
[27-Mar-2018]::[4:28:50 PM]::[com.itd.efiling.itr.common.dialog.p a]::[INFO]::[Inside  closeUtility]
[27-Mar-2018]::[4:28:50 PM]::[com.itd.efiling.itr.main.ctrl.h a]::[INFO]::[ Close Event WindowEvent [source = javafx.stage.Stage@1106c4f, target = javafx.stage.Stage@1106c4f, eventType = WINDOW_CLOSE_REQUEST, consumed = false]]
