[28-Dec-2016]::[6:20:53 PM]::[INFO]::[init starts]
[28-Dec-2016]::[6:20:54 PM]::[INFO]::[ITRConfigUtil.getConfigURL(): java.io.FileInputStream@14c0449]
[28-Dec-2016]::[6:20:54 PM]::[INFO]::[url jar:file:/C:/Users/TUSHAR%20PC/Downloads/Compressed/Vaishali%20Modhave/AY%202014-15/UTILITY/ITR-1_AY201415_PR13.jar!/META-INF/MANIFEST.MF]
[28-Dec-2016]::[6:20:54 PM]::[INFO]::[2014-15 :: ITR-1 :: 1.0]
[28-Dec-2016]::[6:20:54 PM]::[INFO]::[init ends in 676 ms.]
[28-Dec-2016]::[6:20:54 PM]::[INFO]::[MainLoader start method starts]
[28-Dec-2016]::[6:20:56 PM]::[INFO]::[Before Validating fileListCommonScript ]
[28-Dec-2016]::[6:20:56 PM]::[INFO]::[Before Validating fileListItrAy ]
[28-Dec-2016]::[6:20:56 PM]::[INFO]::[Before Validating fileListConfig ]
[28-Dec-2016]::[6:20:56 PM]::[INFO]::[Before Validating verifySignature ]
[28-Dec-2016]::[6:20:56 PM]::[INFO]::[verifies : true]
[28-Dec-2016]::[6:20:56 PM]::[INFO]::[Is utiltity valid ::true]
[28-Dec-2016]::[6:20:56 PM]::[INFO]::[openNewITR starts with values: asstYear:2014-15,itr:ITR-1,ver:1.0,importXml:null]
[28-Dec-2016]::[6:20:56 PM]::[INFO]::[Opening ITR: ITR-1 For AsstYear: 2014-15]
[28-Dec-2016]::[6:20:56 PM]::[INFO]::[generateCopy starts]
[28-Dec-2016]::[6:20:57 PM]::[INFO]::[initialize starts]
[28-Dec-2016]::[6:20:57 PM]::[INFO]::[initialize ends]
[28-Dec-2016]::[6:20:57 PM]::[INFO]::[hideShowValidation starts]
[28-Dec-2016]::[6:20:57 PM]::[INFO]::[webViewActWidth in: 1079.14,vboxActWidth:  232.22000000000003,mainController.windowWidth: 1366.0]
[28-Dec-2016]::[6:20:57 PM]::[INFO]::[hide validation]
[28-Dec-2016]::[6:20:57 PM]::[INFO]::[hideShowValidation ends]
[28-Dec-2016]::[6:20:57 PM]::[INFO]::[Time taken in openNewITR(): 922]
[28-Dec-2016]::[6:20:57 PM]::[INFO]::[calculateITR starts]
[28-Dec-2016]::[6:20:58 PM]::[INFO]::[calculateITR ok starts]
[28-Dec-2016]::[6:20:58 PM]::[INFO]::[mainController.windowWidth new : 1366.0]
[28-Dec-2016]::[6:20:58 PM]::[INFO]::[MainLoader start method ends. Time taken: 3915]
[28-Dec-2016]::[6:21:00 PM]::[INFO]::[javascript: to run: ]
[28-Dec-2016]::[6:21:00 PM]::[INFO]::[time taken in changed : 714]
[28-Dec-2016]::[6:21:05 PM]::[INFO]::[importXmlDialog starts]
[28-Dec-2016]::[6:21:09 PM]::[INFO]::[openNewITR starts with values: asstYear:2014-15,itr:ITR-1,ver:1.0,importXml:C:\Users\TUSHAR PC\Desktop\AY 2014-15 ITR 1.xml]
[28-Dec-2016]::[6:21:09 PM]::[INFO]::[Opening ITR: ITR-1 For AsstYear: 2014-15]
[28-Dec-2016]::[6:21:09 PM]::[INFO]::[generateCopy starts]
[28-Dec-2016]::[6:21:09 PM]::[INFO]::[hideShowValidation starts]
[28-Dec-2016]::[6:21:09 PM]::[INFO]::[show validation]
[28-Dec-2016]::[6:21:09 PM]::[INFO]::[hideShowValidation ends]
[28-Dec-2016]::[6:21:09 PM]::[INFO]::[Time taken in openNewITR(): 63]
[28-Dec-2016]::[6:21:09 PM]::[INFO]::[importXmlDialog ends]
[28-Dec-2016]::[6:21:10 PM]::[INFO]::[IMPORT_HTML_FIELD_VALUE: {itr1.creationInfo.swCreatedBy=[DIT-EFILING-JAVA], itr1.creationInfo.xmlCreationDate=[28/12/2016], itr1.formITR1.formName=[ITR-1], itr1.formITR1.schemaVer=[Ver1.0], itr1.formITR1.formVer=[Ver1.0], itr1.personalInfo.assesseeName.firstName=[VAISHALI], itr1.personalInfo.assesseeName.middleName=[CHANDRAKANT], itr1.personalInfo.assesseeName.surNameOrOrgName=[MODHAVE], itr1.personalInfo.pan=[AVSPM9607Q], itr1.personalInfo.address.residenceNo=[G F L PLOT 138 B], itr1.personalInfo.address.residenceName=[JIJAMATA NAGAR], itr1.personalInfo.address.roadOrStreet=[G D AMBEKAR MARG], itr1.personalInfo.address.localityOrArea=[KALACHOWKI], itr1.personalInfo.address.cityOrTownOrDistrict=[MUMBAI], itr1.personalInfo.address.stateCode=[19], itr1.personalInfo.address.country=[91], itr1.personalInfo.address.pinCode=[400033], itr1.personalInfo.address.mobileNo=[9029149660], itr1.personalInfo.address.secMobileNo=[7208249244], itr1.personalInfo.address.emailAddress=[chandrakantmodhave901@gmail.com], itr1.personalInfo.dob=[05/06/1983], itr1.personalInfo.employerCategory=[OTH], itr1.personalInfo.gender=[M], itr1.personalInfo.status=[I], itr1.filingStatus.returnFileSec=[18], itr1.filingStatus.ackNoOriginalReturn=[303386280310714], itr1.filingStatus.noticeNo=[CPC/1415/G5/1618393830], itr1.filingStatus.noticeDate=[31/07/2014], itr1.filingStatus.returnType=[O], itr1.filingStatus.residentialStatus=[RES], itr1.filingStatus.taxStatus=[TR], itr1.filingStatus.portugeseCC5A=[N], itr1.filingStatus.noticeDateUnderSec=[12/08/2016], itr1.itr1IncomeDeductions.incomeFromSal=[123483], itr1.itr1IncomeDeductions.typeOfHP=[S], itr1.itr1IncomeDeductions.totalIncomeOfHP=[0], itr1.itr1IncomeDeductions.incomeOthSrc=[0], itr1.itr1IncomeDeductions.grossTotIncome=[123483], itr1.itr1IncomeDeductions.usrDeductUndChapVIA.section80C_Usr=[0], itr1.itr1IncomeDeductions.usrDeductUndChapVIA.section80CCC_Usr=[0], itr1.itr1IncomeDeductions.usrDeductUndChapVIA.section80CCD_Usr=[0], itr1.itr1IncomeDeductions.usrDeductUndChapVIA.section80CCDEmployer_Usr=[0], itr1.itr1IncomeDeductions.usrDeductUndChapVIA.section80D_Usr=[0], itr1.itr1IncomeDeductions.usrDeductUndChapVIA.section80DD_Usr=[0], itr1.itr1IncomeDeductions.usrDeductUndChapVIA.section80DDB_Usr=[0], itr1.itr1IncomeDeductions.usrDeductUndChapVIA.section80E_Usr=[0], itr1.itr1IncomeDeductions.usrDeductUndChapVIA.section80EE_Usr=[0], itr1.itr1IncomeDeductions.usrDeductUndChapVIA.section80G_Usr=[0], itr1.itr1IncomeDeductions.usrDeductUndChapVIA.section80GG_Usr=[0], itr1.itr1IncomeDeductions.usrDeductUndChapVIA.section80GGA_Usr=[0], itr1.itr1IncomeDeductions.usrDeductUndChapVIA.section80GGC_Usr=[0], itr1.itr1IncomeDeductions.usrDeductUndChapVIA.section80U_Usr=[0], itr1.itr1IncomeDeductions.usrDeductUndChapVIA.section80RRB_Usr=[0], itr1.itr1IncomeDeductions.usrDeductUndChapVIA.section80QQB_Usr=[0], itr1.itr1IncomeDeductions.usrDeductUndChapVIA.section80CCG_Usr=[0], itr1.itr1IncomeDeductions.usrDeductUndChapVIA.section80TTA_Usr=[0], itr1.itr1IncomeDeductions.usrDeductUndChapVIA.totalChapVIADeductions_Usr=[0], itr1.itr1IncomeDeductions.deductUndChapVIA.section80C=[0], itr1.itr1IncomeDeductions.deductUndChapVIA.section80CCC=[0], itr1.itr1IncomeDeductions.deductUndChapVIA.section80CCD=[0], itr1.itr1IncomeDeductions.deductUndChapVIA.section80CCDEmployer=[0], itr1.itr1IncomeDeductions.deductUndChapVIA.section80D=[0], itr1.itr1IncomeDeductions.deductUndChapVIA.section80DD=[0], itr1.itr1IncomeDeductions.deductUndChapVIA.section80DDB=[0], itr1.itr1IncomeDeductions.deductUndChapVIA.section80E=[0], itr1.itr1IncomeDeductions.deductUndChapVIA.section80EE=[0], itr1.itr1IncomeDeductions.deductUndChapVIA.section80G=[0], itr1.itr1IncomeDeductions.deductUndChapVIA.section80GG=[0], itr1.itr1IncomeDeductions.deductUndChapVIA.section80GGA=[0], itr1.itr1IncomeDeductions.deductUndChapVIA.section80GGC=[0], itr1.itr1IncomeDeductions.deductUndChapVIA.section80U=[0], itr1.itr1IncomeDeductions.deductUndChapVIA.section80RRB=[0], itr1.itr1IncomeDeductions.deductUndChapVIA.section80QQB=[0], itr1.itr1IncomeDeductions.deductUndChapVIA.section80CCG=[0], itr1.itr1IncomeDeductions.deductUndChapVIA.section80TTA=[0], itr1.itr1IncomeDeductions.deductUndChapVIA.totalChapVIADeductions=[0], itr1.itr1IncomeDeductions.totalIncome=[123480], itr1.itr1TaxComputationOnline.totalTaxPayable=[0], itr1.itr1TaxComputationOnline.rebate87A=[0], itr1.itr1TaxComputationOnline.taxPayableOnRebate=[0], itr1.itr1TaxComputationOnline.surchargeOnAboveCrore=[0], itr1.itr1TaxComputationOnline.educationCess=[0], itr1.itr1TaxComputationOnline.grossTaxLiability=[0], itr1.itr1TaxComputationOnline.section89=[0], itr1.itr1TaxComputationOnline.netTaxLiability=[0], itr1.itr1TaxComputationOnline.totalIntrstPay=[0], itr1.itr1TaxComputationOnline.intrstPay.intrstPayUs234A=[0], itr1.itr1TaxComputationOnline.intrstPay.intrstPayUs234B=[0], itr1.itr1TaxComputationOnline.intrstPay.intrstPayUs234C=[0], itr1.itr1TaxComputationOnline.totTaxPlusIntrstPay=[0], itr1.taxPaid.taxesPaid.advanceTax=[0], itr1.taxPaid.taxesPaid.tds=[939], itr1.taxPaid.taxesPaid.selfAssessmentTax=[0], itr1.taxPaid.taxesPaid.totalTaxesPaid=[939], itr1.taxPaid.balTaxPayable=[0], itr1.refund.refundDue=[940], itr1.refund.bankAccountNumber=[034033300002390], itr1.refund.depositToBankAccount.iFSCCode=[ABHY0065034], itr1.refund.depositToBankAccount.bankAccountType=[SAV], itr1.tdSonSalaries.tdSonSalary[0].employerOrDeductorOrCollectDetl.tan=[MUMA01872D], itr1.tdSonSalaries.tdSonSalary[0].employerOrDeductorOrCollectDetl.employerOrDeductorOrCollecterName=[ABHYUDAYA CO-OP BANK LTD], itr1.tdSonSalaries.tdSonSalary[0].incChrgSal=[123483], itr1.tdSonSalaries.tdSonSalary[0].totalTDSSal=[939], itr1.verification.declaration.assesseeVerName=[VAISHALI CHANDRAKANT MODHAVE], itr1.verification.declaration.fatherName=[RANGANATH BHANGADE], itr1.verification.declaration.assesseeVerPAN=[AVSPM9607Q], itr1.verification.place=[KALACHOWKI], itr1.verification.date=[28/12/2016]}]
[28-Dec-2016]::[6:21:10 PM]::[SEVERE]::[Error in setValuesSingle: itr1.creationInfo.swCreatedBy val:DIT-EFILING-JAVA, index:0]
[28-Dec-2016]::[6:21:10 PM]::[SEVERE]::[Error in setValuesSingle: itr1.formITR1.formName val:ITR-1, index:0]
[28-Dec-2016]::[6:21:10 PM]::[SEVERE]::[Error in setValuesSingle: itr1.formITR1.schemaVer val:Ver1.0, index:0]
[28-Dec-2016]::[6:21:10 PM]::[SEVERE]::[Error in setValuesSingle: itr1.formITR1.formVer val:Ver1.0, index:0]
[28-Dec-2016]::[6:21:10 PM]::[INFO]::[time taken in importxml function: 115]
[28-Dec-2016]::[6:21:10 PM]::[INFO]::[javascript: to run: ]
[28-Dec-2016]::[6:21:10 PM]::[INFO]::[time taken in changed : 386]
