The part added gets called returns true for value TaxPro e-TDS 2018
BATCH VALIDATION STARTED
isFinYrGrtrthn:- true
 PersonResponsilblePAN :: ABBPM5358D
PersonResponsilblePAN.trim().length() ::10
................ 4
................ 4
Validating Challan 1
Validating Challan For Batch Number2
Value of forCSIfile  :: true
 cinmandatory
No of challan from csi file :: 44
The FVU Higher Version is 5.9
The FVU lower Version is 2.155
TanNameFromTxtFile ::  OFFICE OF THE CHIEF ENGINEER (WZ)   TanNameFromCSIFile :: OFFICE OF THE CHIEF ENGINEER (WZ)
TanFromTxtFile ::  MUMO02862G   TanFromCSIFile  :: MUMO02862G
 STARTING DEDUTEE VALIDATION FOR CHALLAN 1
RateAtWhichTaxDeducted2.0000
RateAtWhichTaxDeducted2.0000
RateAtWhichTaxDeducted2.0000
RateAtWhichTaxDeducted2.0000
RateAtWhichTaxDeducted2.0000
Validating Challan 2
Validating Challan For Batch Number2
Value of forCSIfile  :: true
 cinmandatory
No of challan from csi file :: 44
The FVU Higher Version is 5.9
The FVU lower Version is 2.155
TanNameFromTxtFile ::  OFFICE OF THE CHIEF ENGINEER (WZ)   TanNameFromCSIFile :: OFFICE OF THE CHIEF ENGINEER (WZ)
TanFromTxtFile ::  MUMO02862G   TanFromCSIFile  :: MUMO02862G
 STARTING DEDUTEE VALIDATION FOR CHALLAN 2
RateAtWhichTaxDeducted2.0000
RateAtWhichTaxDeducted2.0000
RateAtWhichTaxDeducted2.0000
RateAtWhichTaxDeducted2.0000
RateAtWhichTaxDeducted2.0000
RateAtWhichTaxDeducted2.0000
RateAtWhichTaxDeducted2.0000
RateAtWhichTaxDeducted2.0000
RateAtWhichTaxDeducted2.0000
RateAtWhichTaxDeducted2.0000
RateAtWhichTaxDeducted2.0000
RateAtWhichTaxDeducted2.0000
RateAtWhichTaxDeducted2.0000
RateAtWhichTaxDeducted2.0000
Validating Challan 3
Validating Challan For Batch Number2
Value of forCSIfile  :: true
 cinmandatory
No of challan from csi file :: 44
The FVU Higher Version is 5.9
The FVU lower Version is 2.155
TanNameFromTxtFile ::  OFFICE OF THE CHIEF ENGINEER (WZ)   TanNameFromCSIFile :: OFFICE OF THE CHIEF ENGINEER (WZ)
TanFromTxtFile ::  MUMO02862G   TanFromCSIFile  :: MUMO02862G
 STARTING DEDUTEE VALIDATION FOR CHALLAN 3
RateAtWhichTaxDeducted2.0000
RateAtWhichTaxDeducted2.0000
RateAtWhichTaxDeducted2.0000
Validating Challan 4
Validating Challan For Batch Number2
Value of forCSIfile  :: true
 cinmandatory
No of challan from csi file :: 44
The FVU Higher Version is 5.9
The FVU lower Version is 2.155
TanNameFromTxtFile ::  OFFICE OF THE CHIEF ENGINEER (WZ)   TanNameFromCSIFile :: OFFICE OF THE CHIEF ENGINEER (WZ)
TanFromTxtFile ::  MUMO02862G   TanFromCSIFile  :: MUMO02862G
 STARTING DEDUTEE VALIDATION FOR CHALLAN 4
RateAtWhichTaxDeducted2.0000
RateAtWhichTaxDeducted2.0000
RateAtWhichTaxDeducted2.0000
RateAtWhichTaxDeducted2.0000
RateAtWhichTaxDeducted2.0000
RateAtWhichTaxDeducted2.0000
RateAtWhichTaxDeducted2.0000
RateAtWhichTaxDeducted2.0000
RateAtWhichTaxDeducted2.0000
RateAtWhichTaxDeducted2.0000
Validating Challan 5
Validating Challan For Batch Number2
Value of forCSIfile  :: true
 cinmandatory
No of challan from csi file :: 44
The FVU Higher Version is 5.9
The FVU lower Version is 2.155
TanNameFromTxtFile ::  OFFICE OF THE CHIEF ENGINEER (WZ)   TanNameFromCSIFile :: OFFICE OF THE CHIEF ENGINEER (WZ)
TanFromTxtFile ::  MUMO02862G   TanFromCSIFile  :: MUMO02862G
 STARTING DEDUTEE VALIDATION FOR CHALLAN 5
RateAtWhichTaxDeducted2.0000
RateAtWhichTaxDeducted2.0000
RateAtWhichTaxDeducted2.0000
RateAtWhichTaxDeducted2.0000
RateAtWhichTaxDeducted2.0000
RateAtWhichTaxDeducted2.0000
RateAtWhichTaxDeducted2.0000
RateAtWhichTaxDeducted2.0000
RateAtWhichTaxDeducted2.0000
RateAtWhichTaxDeducted2.0000
RateAtWhichTaxDeducted2.0000
RateAtWhichTaxDeducted2.0000
RateAtWhichTaxDeducted2.0000
Validating Challan 6
Validating Challan For Batch Number2
Value of forCSIfile  :: true
 cinmandatory
No of challan from csi file :: 44
The FVU Higher Version is 5.9
The FVU lower Version is 2.155
TanNameFromTxtFile ::  OFFICE OF THE CHIEF ENGINEER (WZ)   TanNameFromCSIFile :: OFFICE OF THE CHIEF ENGINEER (WZ)
TanFromTxtFile ::  MUMO02862G   TanFromCSIFile  :: MUMO02862G
 STARTING DEDUTEE VALIDATION FOR CHALLAN 6
RateAtWhichTaxDeducted2.0000
RateAtWhichTaxDeducted2.0000
RateAtWhichTaxDeducted2.0000
RateAtWhichTaxDeducted2.0000
RateAtWhichTaxDeducted2.0000
RateAtWhichTaxDeducted2.0000
RateAtWhichTaxDeducted2.0000
RateAtWhichTaxDeducted2.0000
RateAtWhichTaxDeducted2.0000
RateAtWhichTaxDeducted2.0000
 END OF :::BIFERCATING CHALAN AND TV AND CIN CHECKINGMon Oct 15 16:02:48 IST 2018
Field Validation of file is compleated sucessfully
START # 15-10-2018 16:02:48.459
 Original file object created and file exist
tempFileName String cretaed ::  C://Users//SHCOGST//Desktop//AIR 2018-19 Q2//MO026Q2_temp.fvu
 brtTemp object created for temp file
String line created 
isAppendForNextLine (Inside if condition ) :: 1
 After appending line 1^63^FVU 5.9^00000000000000000000^SAM 1.0^00000000000000000000^18101516024858107916
f.close()
f = null
brTemp.flush()
brTemp.close()
brTemp = null;
END # 15-10-2018 16:02:48.461
Original file is deleted
Temp file renamed
In processCINFile method
the challan count is 44
the cinFileLevelHC no. is00000000000038843354
Return Hash Code = 0
searchbarcode called
Barcodeval :18101516024858107916
Barcode is present
Hash Validation of file is done sucessfully
Inside generateStatisticFile Method 
FileGenerator.java ParseString() method is called 
FileGenerator.java ParseString() method is returning 
FileGenerator.java createStatisticFileString() method is called
 Entering writeStatisticFile() Method Mon Oct 15 16:02:48 IST 2018
 Exiting writeStatisticFile() Method Mon Oct 15 16:02:48 IST 2018
FileGenerator.java createStatisticFileString() method is returning
 length : 70
 length : 70
 BARCODE :- 18101516024858107916
Inside generateForm27A
 Entering writePdfFile() Method Mon Oct 15 16:02:48 IST 2018
 Exiting writePdfFile() Method Mon Oct 15 16:02:48 IST 2018
pdf generatedtrue
END TIME : Mon Oct 15 16:02:48 IST 2018
--DESKTOP OBJECT: java.awt.Desktop@13e12b5
--error file path: C:\\Users\\SHCOGST\\Desktop\\AIR 2018-19 Q2\
--dir to open object: C:\Users\SHCOGST\Desktop\AIR 2018-19 Q2
the text error file path is C:\\Users\\SHCOGST\\Desktop\\AIR 2018-19 Q2\
the errorFileNameSAM is C:\\Users\\SHCOGST\\Desktop\\AIR 2018-19 Q2\\MO026Q2error.txt
