[25-Jul-2016]::[10:40:02 PM]::[INFO]::[init starts]
[25-Jul-2016]::[10:40:02 PM]::[INFO]::[ITRConfigUtil.getConfigURL(): java.io.FileInputStream@cd9bf4]
[25-Jul-2016]::[10:40:02 PM]::[INFO]::[url jar:file:/D:/Tushar%20Data/Business/IT%20RETURNS/Rajendra%20Tarlekar/AY%202015-16/ITR%20form/ITR-4S_AY201516_PR7.jar!/META-INF/MANIFEST.MF]
[25-Jul-2016]::[10:40:02 PM]::[INFO]::[2015-16 :: ITR-4S :: 1.0]
[25-Jul-2016]::[10:40:03 PM]::[INFO]::[init ends in 615 ms.]
[25-Jul-2016]::[10:40:03 PM]::[INFO]::[MainLoader start method starts]
[25-Jul-2016]::[10:40:04 PM]::[INFO]::[Before Validating fileListCommonScript ]
[25-Jul-2016]::[10:40:04 PM]::[INFO]::[Before Validating fileListItrAy ]
[25-Jul-2016]::[10:40:04 PM]::[INFO]::[Before Validating fileListConfig ]
[25-Jul-2016]::[10:40:04 PM]::[INFO]::[Before Validating verifySignature ]
[25-Jul-2016]::[10:40:04 PM]::[INFO]::[verifies : true]
[25-Jul-2016]::[10:40:04 PM]::[INFO]::[Is utiltity valid ::true]
[25-Jul-2016]::[10:40:04 PM]::[INFO]::[openNewITR starts with values: asstYear:2015-16,itr:ITR-4S,ver:1.0,importXml:null]
[25-Jul-2016]::[10:40:04 PM]::[INFO]::[Opening ITR: ITR-4S For AsstYear: 2015-16]
[25-Jul-2016]::[10:40:04 PM]::[INFO]::[generateCopy starts]
[25-Jul-2016]::[10:40:05 PM]::[INFO]::[initialize starts]
[25-Jul-2016]::[10:40:05 PM]::[INFO]::[initialize ends]
[25-Jul-2016]::[10:40:05 PM]::[INFO]::[hideShowValidation starts]
[25-Jul-2016]::[10:40:05 PM]::[INFO]::[webViewActWidth in: 1079.14,vboxActWidth:  232.22000000000003,mainController.windowWidth: 1366.0]
[25-Jul-2016]::[10:40:05 PM]::[INFO]::[hide validation]
[25-Jul-2016]::[10:40:05 PM]::[INFO]::[hideShowValidation ends]
[25-Jul-2016]::[10:40:05 PM]::[INFO]::[Time taken in openNewITR(): 909]
[25-Jul-2016]::[10:40:06 PM]::[INFO]::[calculateITR starts]
[25-Jul-2016]::[10:40:06 PM]::[INFO]::[calculateITR ok starts]
[25-Jul-2016]::[10:40:06 PM]::[INFO]::[mainController.windowWidth new : 1366.0]
[25-Jul-2016]::[10:40:06 PM]::[INFO]::[MainLoader start method ends. Time taken: 3285]
[25-Jul-2016]::[10:40:08 PM]::[INFO]::[javascript: to run: ]
[25-Jul-2016]::[10:40:08 PM]::[INFO]::[time taken in changed : 605]
[25-Jul-2016]::[10:40:12 PM]::[INFO]::[url: https://www.google.co.in timeout: 30000]
[25-Jul-2016]::[10:40:38 PM]::[INFO]::[prefill caled]
[25-Jul-2016]::[10:40:38 PM]::[INFO]::[webservie url: https://incometaxindiaefiling.gov.in/e-FilingWS/ditws]
[25-Jul-2016]::[10:40:38 PM]::[INFO]::[call starts ]
[25-Jul-2016]::[10:40:38 PM]::[INFO]::[prefill ends after starting thread: ]
[25-Jul-2016]::[10:40:38 PM]::[INFO]::[sendRequest starts]
[25-Jul-2016]::[10:40:40 PM]::[INFO]::[Soap fault: null]
[25-Jul-2016]::[10:40:40 PM]::[INFO]::[sendrequest ends]
[25-Jul-2016]::[10:40:40 PM]::[INFO]::[call ends Time taken:2359]
[25-Jul-2016]::[10:40:40 PM]::[INFO]::[cancel caled]
[25-Jul-2016]::[10:40:40 PM]::[INFO]::[Prefill done successfully]
[25-Jul-2016]::[10:41:30 PM]::[INFO]::[No validation for field: itr4S.filingStatus.adharNoOption]
[25-Jul-2016]::[10:41:30 PM]::[INFO]::[No validation for field: itr4S.filingStatus.adharNoOption]
[25-Jul-2016]::[10:44:55 PM]::[INFO]::[ifsc isSBIN]
[25-Jul-2016]::[10:45:31 PM]::[INFO]::[itrEngine alert: WebEvent [source = javafx.scene.web.WebEngine@10b8b1, eventType = WEB_ALERT, data = Please enter Name in correct format]]
[25-Jul-2016]::[10:45:49 PM]::[INFO]::[show validation]
[25-Jul-2016]::[10:45:49 PM]::[INFO]::[Time taken in validateAll(): 0]
[25-Jul-2016]::[10:45:49 PM]::[INFO]::[No validation for field: requestId]
[25-Jul-2016]::[10:45:49 PM]::[INFO]::[No validation for field: itr4S.creationInfo.xmlCreationDate]
[25-Jul-2016]::[10:45:49 PM]::[INFO]::[No validation for field: totalPage]
[25-Jul-2016]::[10:45:49 PM]::[INFO]::[No validation for field: returnType]
[25-Jul-2016]::[10:45:49 PM]::[INFO]::[No validation for field: customReturnType]
[25-Jul-2016]::[10:45:49 PM]::[INFO]::[No validation for field: ]
[25-Jul-2016]::[10:45:49 PM]::[INFO]::[No validation for field: itr4S.currentPage]
[25-Jul-2016]::[10:45:49 PM]::[INFO]::[No validation for field: itr4S.filingStatus.adharNoOption]
[25-Jul-2016]::[10:45:49 PM]::[INFO]::[No validation for field: itr4S.itr4sTaxComputationOnline.surchargeOnTaxPayable]
[25-Jul-2016]::[10:45:49 PM]::[INFO]::[No validation for field: itr4S.us44aeHeavy[0].chosenCheckBox]
[25-Jul-2016]::[10:45:49 PM]::[INFO]::[No validation for field: __checkbox_itr4S.us44aeHeavy[0].chosenCheckBox]
[25-Jul-2016]::[10:45:49 PM]::[INFO]::[No validation for field: Count_SCH_IT]
[25-Jul-2016]::[10:45:49 PM]::[INFO]::[No validation for field: itr4S.natOfBus.business[0].chosenCheckBox]
[25-Jul-2016]::[10:45:49 PM]::[INFO]::[No validation for field: __checkbox_scheduleFA.detailsOfTrustOutIndiaTrustee[0].chosenCheckBox]
[25-Jul-2016]::[10:45:49 PM]::[INFO]::[No validation for field: itr4S.natOfBus.business[0].trade.tradeName]
[25-Jul-2016]::[10:45:49 PM]::[INFO]::[No validation for field: itr4S.scheduleBPForITR4S.incChargeableUnderBus]
[25-Jul-2016]::[10:45:49 PM]::[INFO]::[No validation for field: itr4S.tdSonSalaries.tdSonSalary[0].employerOrDeductorOrCollectDetl.chosenCheckBox]
[25-Jul-2016]::[10:45:49 PM]::[INFO]::[No validation for field: __checkbox_itr4S.tdSonSalaries.tdSonSalary[0].employerOrDeductorOrCollectDetl.chosenCheckBox]
[25-Jul-2016]::[10:45:49 PM]::[INFO]::[No validation for field: itr4S.tdSonSalaries.tdSonSalary.totalTaxDeducted]
[25-Jul-2016]::[10:45:49 PM]::[INFO]::[No validation for field: Count_SCH_TDS1]
[25-Jul-2016]::[10:45:49 PM]::[INFO]::[No validation for field: itr4S.tdSonOthThanSals.tdSonOthThanSal[0].employerOrDeductorOrCollectDetl.chosenCheckBox]
[25-Jul-2016]::[10:45:49 PM]::[INFO]::[No validation for field: __checkbox_itr4S.tdSonOthThanSals.tdSonOthThanSal[0].employerOrDeductorOrCollectDetl.chosenCheckBox]
[25-Jul-2016]::[10:45:49 PM]::[INFO]::[No validation for field: itr4S.tdSonOthThanSals.tdSonOthThanSal.claimOutOfTotTDSOnAmtPaid]
[25-Jul-2016]::[10:45:49 PM]::[INFO]::[No validation for field: itr4S.scheduleTCS.tcs[0].chosenCheckBox]
[25-Jul-2016]::[10:45:49 PM]::[INFO]::[No validation for field: __checkbox_itr4S.scheduleTCS.tcs[0].chosenCheckBox]
[25-Jul-2016]::[10:45:49 PM]::[INFO]::[No validation for field: itr4S.scheduleTCS.tcs.amtTCSClaimedThisYear]
[25-Jul-2016]::[10:45:49 PM]::[INFO]::[No validation for field: itr4S.scheduleIT.taxPayment[0].chosenCheckBox]
[25-Jul-2016]::[10:45:49 PM]::[INFO]::[No validation for field: __checkbox_itr4S.scheduleIT.taxPayment[0].chosenCheckBox]
[25-Jul-2016]::[10:45:49 PM]::[INFO]::[No validation for field: itr4S.scheduleIT.taxPayment.amt]
[25-Jul-2016]::[10:45:49 PM]::[INFO]::[No validation for field: itr4S.taxPaid.taxesPaid.tcs]
[25-Jul-2016]::[10:45:49 PM]::[INFO]::[No validation for field: itr4S.schedule80G.don100Percent.doneeWithPan[0].chosenCheckBox]
[25-Jul-2016]::[10:45:49 PM]::[INFO]::[No validation for field: __checkbox_itr4S.schedule80G.don100Percent.doneeWithPan[0].chosenCheckBox]
[25-Jul-2016]::[10:45:49 PM]::[INFO]::[No validation for field: itr4S.schedule80G.don100Percent.doneeWithPan[0].eligibleDonationAmt]
[25-Jul-2016]::[10:45:49 PM]::[INFO]::[No validation for field: itr4S.schedule80G.don100Percent.totDon100Percent]
[25-Jul-2016]::[10:45:49 PM]::[INFO]::[No validation for field: itr4S.schedule80G.don100Percent.totEligibleDon100Percent]
[25-Jul-2016]::[10:45:49 PM]::[INFO]::[No validation for field: itr4S.schedule80G.don50PercentNoApprReqd.doneeWithPan[0].chosenCheckBox]
[25-Jul-2016]::[10:45:49 PM]::[INFO]::[No validation for field: __checkbox_itr4S.schedule80G.don50PercentNoApprReqd.doneeWithPan[0].chosenCheckBox]
[25-Jul-2016]::[10:45:49 PM]::[INFO]::[No validation for field: itr4S.schedule80G.don50PercentNoApprReqd.doneeWithPan[0].eligibleDonationAmt]
[25-Jul-2016]::[10:45:49 PM]::[INFO]::[No validation for field: itr4S.schedule80G.don50PercentNoApprReqd.totDon50PercentNoApprReqd]
[25-Jul-2016]::[10:45:49 PM]::[INFO]::[No validation for field: itr4S.schedule80G.don50PercentNoApprReqd.totEligibleDon50Percent]
[25-Jul-2016]::[10:45:49 PM]::[INFO]::[No validation for field: itr4S.schedule80G.don100PercentApprReqd.doneeWithPan[0].chosenCheckBox]
[25-Jul-2016]::[10:45:49 PM]::[INFO]::[No validation for field: __checkbox_itr4S.schedule80G.don100PercentApprReqd.doneeWithPan[0].chosenCheckBox]
[25-Jul-2016]::[10:45:49 PM]::[INFO]::[No validation for field: itr4S.schedule80G.don100PercentApprReqd.doneeWithPan[0].eligibleDonationAmt]
[25-Jul-2016]::[10:45:49 PM]::[INFO]::[No validation for field: itr4S.schedule80G.don100PercentApprReqd.totDon100PercentApprReqd]
[25-Jul-2016]::[10:45:49 PM]::[INFO]::[No validation for field: itr4S.schedule80G.don100PercentApprReqd.totEligibleDon100PercentApprReqd]
[25-Jul-2016]::[10:45:49 PM]::[INFO]::[No validation for field: itr4S.schedule80G.don50PercentApprReqd.doneeWithPan[0].chosenCheckBox]
[25-Jul-2016]::[10:45:49 PM]::[INFO]::[No validation for field: __checkbox_itr4S.schedule80G.don50PercentApprReqd.doneeWithPan[0].chosenCheckBox]
[25-Jul-2016]::[10:45:49 PM]::[INFO]::[No validation for field: itr4S.schedule80G.don50PercentApprReqd.doneeWithPan[0].eligibleDonationAmt]
[25-Jul-2016]::[10:45:49 PM]::[INFO]::[No validation for field: itr4S.schedule80G.don50PercentApprReqd.totDon50PercentApprReqd]
[25-Jul-2016]::[10:45:49 PM]::[INFO]::[No validation for field: itr4S.schedule80G.don50PercentApprReqd.totEligibleDon50PercentApprReqd]
[25-Jul-2016]::[10:45:49 PM]::[INFO]::[Call() ends time taken: 100  error count :1]
[25-Jul-2016]::[10:46:22 PM]::[INFO]::[Time taken to start generateXml(): 34]
[25-Jul-2016]::[10:46:22 PM]::[INFO]::[outputfilePathD:\Tushar Data\Business\IT RETURNS\Rajendra Tarlekar\AY 2015-16\DRAFT.draft,generateXmlFlag: false]
[25-Jul-2016]::[10:46:22 PM]::[INFO]::[Time taken to generate: 460]
[25-Jul-2016]::[10:46:28 PM]::[INFO]::[importXmlDialog starts]
[25-Jul-2016]::[10:46:32 PM]::[INFO]::[openNewITR starts with values: asstYear:2015-16,itr:ITR-4S,ver:1.0,importXml:D:\Tushar Data\Business\IT RETURNS\Rajendra Tarlekar\AY 2015-16\DRAFT.draft]
[25-Jul-2016]::[10:46:32 PM]::[INFO]::[Opening ITR: ITR-4S For AsstYear: 2015-16]
[25-Jul-2016]::[10:46:32 PM]::[INFO]::[generateCopy starts]
[25-Jul-2016]::[10:46:32 PM]::[INFO]::[hideShowValidation starts]
[25-Jul-2016]::[10:46:32 PM]::[INFO]::[hide validation]
[25-Jul-2016]::[10:46:32 PM]::[INFO]::[hideShowValidation ends]
[25-Jul-2016]::[10:46:32 PM]::[INFO]::[Time taken in openNewITR(): 102]
[25-Jul-2016]::[10:46:32 PM]::[INFO]::[importXmlDialog ends]
[25-Jul-2016]::[10:46:33 PM]::[INFO]::[IMPORT_HTML_FIELD_VALUE: {itr4S.creationInfo.swVersionNo=[R1], itr4S.creationInfo.swCreatedBy=[SW10000002], itr4S.creationInfo.xmlCreationDate=[25/07/2016], itr4S.creationInfo.intermediaryCity=[Delhi], itr4S.formITR4S.description=[For Indl having Income From Presemptive Business], itr4S.formITR4S.schemaVer=[Ver1.0], itr4S.personalInfo.assesseeName.firstName=[RAJENDRA], itr4S.personalInfo.assesseeName.middleName=[VISHVANATH], itr4S.personalInfo.assesseeName.surNameOrOrgName=[TARLEKAR], itr4S.personalInfo.pan=[AFTPT2331P], itr4S.personalInfo.address.residenceNo=[ROOM NO 3], itr4S.personalInfo.address.residenceName=[AWARI CHAWL], itr4S.personalInfo.address.roadOrStreet=[GHATIPADA BR ROAD], itr4S.personalInfo.address.localityOrArea=[VAISHALI NAGAR], itr4S.personalInfo.address.cityOrTownOrDistrict=[MULUND WEST], itr4S.personalInfo.address.stateCode=[19], itr4S.personalInfo.address.country=[91], itr4S.personalInfo.address.pinCode=[400080], itr4S.personalInfo.address.phone.stDcode=[], itr4S.personalInfo.address.phone.phoneNo=[], itr4S.personalInfo.address.mobileNo=[9619156719], itr4S.personalInfo.address.secMobileNo=[], itr4S.personalInfo.address.emailAddress=[TUSHARMOHITE0@GMAIL.COM], itr4S.personalInfo.dob=[04/12/1982], itr4S.personalInfo.gender=[M], itr4S.personalInfo.status=[I], itr4S.filingStatus.adharNoOption=[N], itr4S.filingStatus.adharNumber=[], itr4S.filingStatus.desigOfficerWardorCircle=[], itr4S.filingStatus.returnFileSec=[12], itr4S.filingStatus.ackNoOriginalReturn=[], itr4S.filingStatus.noticeNo=[], itr4S.filingStatus.noticeDate=[], itr4S.filingStatus.returnType=[O], itr4S.filingStatus.receiptNo=[], itr4S.filingStatus.origRetFiledDate=[], itr4S.filingStatus.residentialStatus=[RES], itr4S.filingStatus.taxStatus=[NT], itr4S.filingStatus.asseseeRepFlg=[], itr4S.filingStatus.assesseeRep.repName=[], itr4S.filingStatus.assesseeRep.repPAN=[], itr4S.filingStatus.portugeseCC5A=[], itr4S.filingStatus.panOfSpouse=[], itr4S.filingStatus.noticeDateUnderSec=[], itr4S.itr4SIncomeDeductions.incomeFromBusinessProf=[240000], itr4S.itr4SIncomeDeductions.incomeFromSal=[0], itr4S.itr4SIncomeDeductions.typeOfHP=[S], itr4S.itr4SIncomeDeductions.totalIncomeOfHP=[0], itr4S.itr4SIncomeDeductions.incomeOthSrc=[0], itr4S.itr4SIncomeDeductions.grossTotIncome=[240000], itr4S.itr4SIncomeDeductions.usrDeductUndChapVIA.section80C_Usr=[0], itr4S.itr4SIncomeDeductions.usrDeductUndChapVIA.section80CCC_Usr=[0], itr4S.itr4SIncomeDeductions.usrDeductUndChapVIA.section80CCD_Usr=[0], itr4S.itr4SIncomeDeductions.usrDeductUndChapVIA.section80CCDEmployer_Usr=[0], itr4S.itr4SIncomeDeductions.usrDeductUndChapVIA.section80D_Usr=[0], itr4S.itr4SIncomeDeductions.usrDeductUndChapVIA.section80DD_Usr=[0], itr4S.itr4SIncomeDeductions.usrDeductUndChapVIA.section80DDB_Usr=[0], itr4S.itr4SIncomeDeductions.usrDeductUndChapVIA.section80E_Usr=[0], itr4S.itr4SIncomeDeductions.usrDeductUndChapVIA.section80EE_Usr=[0], itr4S.itr4SIncomeDeductions.usrDeductUndChapVIA.section80G_Usr=[0], itr4S.itr4SIncomeDeductions.usrDeductUndChapVIA.section80GG_Usr=[0], itr4S.itr4SIncomeDeductions.usrDeductUndChapVIA.section80GGC_Usr=[0], itr4S.itr4SIncomeDeductions.usrDeductUndChapVIA.section80U_Usr=[0], itr4S.itr4SIncomeDeductions.usrDeductUndChapVIA.section80RRB_Usr=[0], itr4S.itr4SIncomeDeductions.usrDeductUndChapVIA.section80QQB_Usr=[0], itr4S.itr4SIncomeDeductions.usrDeductUndChapVIA.section80IB_Usr=[], itr4S.itr4SIncomeDeductions.usrDeductUndChapVIA.section80IC_Usr=[], itr4S.itr4SIncomeDeductions.usrDeductUndChapVIA.section80JJA_Usr=[], itr4S.itr4SIncomeDeductions.usrDeductUndChapVIA.section80CCG_Usr=[0], itr4S.itr4SIncomeDeductions.usrDeductUndChapVIA.section80TTA_Usr=[0], itr4S.itr4SIncomeDeductions.usrDeductUndChapVIA.totalChapVIADeductions_Usr=[0], itr4S.itr4SIncomeDeductions.deductUndChapVIA.section80C=[0], itr4S.itr4SIncomeDeductions.deductUndChapVIA.section80CCC=[0], itr4S.itr4SIncomeDeductions.deductUndChapVIA.section80CCD=[0], itr4S.itr4SIncomeDeductions.deductUndChapVIA.section80CCDEmployer=[0], itr4S.itr4SIncomeDeductions.deductUndChapVIA.section80D=[0], itr4S.itr4SIncomeDeductions.deductUndChapVIA.section80DD=[0], itr4S.itr4SIncomeDeductions.deductUndChapVIA.section80DDB=[0], itr4S.itr4SIncomeDeductions.deductUndChapVIA.section80E=[0], itr4S.itr4SIncomeDeductions.deductUndChapVIA.section80EE=[0], itr4S.itr4SIncomeDeductions.deductUndChapVIA.section80G=[0], itr4S.itr4SIncomeDeductions.deductUndChapVIA.section80GG=[0], itr4S.itr4SIncomeDeductions.deductUndChapVIA.section80GGC=[0], itr4S.itr4SIncomeDeductions.deductUndChapVIA.section80U=[0], itr4S.itr4SIncomeDeductions.deductUndChapVIA.section80RRB=[0], itr4S.itr4SIncomeDeductions.deductUndChapVIA.section80QQB=[0], itr4S.itr4SIncomeDeductions.deductUndChapVIA.section80IA=[], itr4S.itr4SIncomeDeductions.deductUndChapVIA.section80IAB=[], itr4S.itr4SIncomeDeductions.deductUndChapVIA.section80IB=[], itr4S.itr4SIncomeDeductions.deductUndChapVIA.section80IC=[], itr4S.itr4SIncomeDeductions.deductUndChapVIA.section80ID=[], itr4S.itr4SIncomeDeductions.deductUndChapVIA.section80JJA=[], itr4S.itr4SIncomeDeductions.deductUndChapVIA.section80CCG=[0], itr4S.itr4SIncomeDeductions.deductUndChapVIA.section80TTA=[0], itr4S.itr4SIncomeDeductions.deductUndChapVIA.totalChapVIADeductions=[0], itr4S.itr4SIncomeDeductions.totalIncome=[240000], itr4S.itr4sTaxComputationOnline.totalTaxPayable=[0], itr4S.itr1TaxComputationOnline.rebate87A=[0], itr4S.ITR1TaxComputationOnline.taxPayableOnRebate=[0], itr4S.ITR1TaxComputationOnline.surchargeOnAboveCrore=[0], itr4S.itr4sTaxComputationOnline.educationCess=[0], itr4S.itr4sTaxComputationOnline.grossTaxLiability=[0], itr4S.itr4sTaxComputationOnline.section89=[0], itr4S.itr4sTaxComputationOnline.netTaxLiability=[0], itr4S.itr4sTaxComputationOnline.totalIntrstPay=[0], itr4S.itr4sTaxComputationOnline.intrstPay.intrstPayUs234A=[0], itr4S.itr4sTaxComputationOnline.intrstPay.intrstPayUs234B=[0], itr4S.itr4sTaxComputationOnline.intrstPay.intrstPayUs234C=[0], itr4S.itr4STaxComputation.intrstPay.totalIntrstPay=[], itr4S.itr4sTaxComputationOnline.totTaxPlusIntrstPay=[0], itr4S.taxPaid.taxesPaid.advanceTax=[0], itr4S.taxPaid.taxesPaid.tds=[0], itr4S.taxPaid.taxesPaid.tcs=[0], itr4S.taxPaid.taxesPaid.selfAssessmentTax=[0], itr4S.taxPaid.taxesPaid.totalTaxesPaid=[0], itr4S.taxPaid.balTaxPayable=[0], itr4S.refund.refundDue=[0], itr4S.refund.depositToBankAccount.iFSCCode=[SBIN0001053], itr4S.refund.depositToBankAccount.bankName=[State Bank of India], itr4S.refund.bankAccountNumber=[34835150499], itr4S.refund.depositToBankAccount.bankAccountType=[SAV], itr4S.scheduleBA[0].ifscCode=[], itr4S.scheduleBA[0].bankName=[], itr4S.scheduleBA[0].accNo=[], itr4S.scheduleBA[0].bankAccType=[], itr4S.scheduleBA.noOfBankAcc=[1], itr4S.taxExmpIntInc=[], itr4S.verification.declaration.assesseeVerName=[RAJENDRA VISHVANATH TARLEKAR], itr4S.verification.declaration.fatherName=[ VISHVANATH TARLEKAR], itr4S.verification.declaration.assesseeVerPAN=[AFTPT2331P], itr4S.verification.place=[MUMBAI], itr4S.verification.date=[25/07/2016], itr4S.natOfBus.business[0].code=[0713], itr4S.natOfBus.business[1].code=[], itr4S.natOfBus.business[2].code=[], itr4S.natOfBus.business[0].trade.tradeName=[, , ], itr4S.natOfBus.business[1].trade.tradeName=[, , ], itr4S.natOfBus.business[2].trade.tradeName=[, , ], itr4S.scheduleBPForITR4S.persumptiveInc44AD.grsTrnOverOrReceipt=[435000], itr4S.scheduleBPForITR4S.persumptiveInc44AD.totPersumptiveInc44AD=[240000], itr4S.scheduleBPForITR4S.persumptiveInc44AE.totPersumInc44AE=[0], itr4S.scheduleBPForITR4S.incChargeableUnderBus=[240000], itr4S.scheduleBPForITR4S.noBooksOfAccBS.totSundryDbtAmt=[8000], itr4S.scheduleBPForITR4S.noBooksOfAccBS.totSundryCrdAmt=[7600], itr4S.scheduleBPForITR4S.noBooksOfAccBS.totStkInTradAmt=[5900], itr4S.scheduleBPForITR4S.noBooksOfAccBS.cashBalAmt=[14800], itr4S.totalHeavyVehcl=[0]}]
[25-Jul-2016]::[10:46:33 PM]::[SEVERE]::[Error in setValuesSingle: itr4S.creationInfo.swVersionNo val:R1, index:0]
[25-Jul-2016]::[10:46:33 PM]::[SEVERE]::[Error in setValuesSingle: itr4S.creationInfo.swCreatedBy val:SW10000002, index:0]
[25-Jul-2016]::[10:46:33 PM]::[SEVERE]::[Error in setValuesSingle: itr4S.creationInfo.intermediaryCity val:Delhi, index:0]
[25-Jul-2016]::[10:46:33 PM]::[SEVERE]::[Error in setValuesSingle: itr4S.formITR4S.description val:For%20Indl%20having%20Income%20From%20Presemptive%20Business, index:0]
[25-Jul-2016]::[10:46:33 PM]::[SEVERE]::[Error in setValuesSingle: itr4S.formITR4S.schemaVer val:Ver1.0, index:0]
[25-Jul-2016]::[10:46:33 PM]::[SEVERE]::[Error in setValuesSingle: itr4S.ITR1TaxComputationOnline.taxPayableOnRebate val:0, index:0]
[25-Jul-2016]::[10:46:33 PM]::[SEVERE]::[Error in setValuesSingle: itr4S.ITR1TaxComputationOnline.surchargeOnAboveCrore val:0, index:0]
[25-Jul-2016]::[10:46:33 PM]::[INFO]::[time taken in importxml function: 118]
[25-Jul-2016]::[10:46:33 PM]::[INFO]::[javascript: to run: ]
[25-Jul-2016]::[10:46:33 PM]::[INFO]::[time taken in changed : 473]
[25-Jul-2016]::[10:46:47 PM]::[INFO]::[show validation]
[25-Jul-2016]::[10:46:47 PM]::[INFO]::[Time taken in validateAll(): 0]
[25-Jul-2016]::[10:46:47 PM]::[INFO]::[No validation for field: requestId]
[25-Jul-2016]::[10:46:47 PM]::[INFO]::[No validation for field: itr4S.creationInfo.xmlCreationDate]
[25-Jul-2016]::[10:46:47 PM]::[INFO]::[No validation for field: totalPage]
[25-Jul-2016]::[10:46:47 PM]::[INFO]::[No validation for field: returnType]
[25-Jul-2016]::[10:46:47 PM]::[INFO]::[No validation for field: customReturnType]
[25-Jul-2016]::[10:46:47 PM]::[INFO]::[No validation for field: ]
[25-Jul-2016]::[10:46:47 PM]::[INFO]::[No validation for field: itr4S.currentPage]
[25-Jul-2016]::[10:46:47 PM]::[INFO]::[No validation for field: itr4S.filingStatus.adharNoOption]
[25-Jul-2016]::[10:46:47 PM]::[INFO]::[No validation for field: itr4S.itr4sTaxComputationOnline.surchargeOnTaxPayable]
[25-Jul-2016]::[10:46:47 PM]::[INFO]::[No validation for field: itr4S.us44aeHeavy[0].chosenCheckBox]
[25-Jul-2016]::[10:46:47 PM]::[INFO]::[No validation for field: __checkbox_itr4S.us44aeHeavy[0].chosenCheckBox]
[25-Jul-2016]::[10:46:47 PM]::[INFO]::[No validation for field: Count_SCH_IT]
[25-Jul-2016]::[10:46:47 PM]::[INFO]::[No validation for field: itr4S.natOfBus.business[0].chosenCheckBox]
[25-Jul-2016]::[10:46:47 PM]::[INFO]::[No validation for field: __checkbox_scheduleFA.detailsOfTrustOutIndiaTrustee[0].chosenCheckBox]
[25-Jul-2016]::[10:46:47 PM]::[INFO]::[No validation for field: itr4S.natOfBus.business[0].trade.tradeName]
[25-Jul-2016]::[10:46:47 PM]::[INFO]::[No validation for field: itr4S.scheduleBPForITR4S.incChargeableUnderBus]
[25-Jul-2016]::[10:46:47 PM]::[INFO]::[No validation for field: itr4S.tdSonSalaries.tdSonSalary[0].employerOrDeductorOrCollectDetl.chosenCheckBox]
[25-Jul-2016]::[10:46:47 PM]::[INFO]::[No validation for field: __checkbox_itr4S.tdSonSalaries.tdSonSalary[0].employerOrDeductorOrCollectDetl.chosenCheckBox]
[25-Jul-2016]::[10:46:47 PM]::[INFO]::[No validation for field: itr4S.tdSonSalaries.tdSonSalary.totalTaxDeducted]
[25-Jul-2016]::[10:46:47 PM]::[INFO]::[No validation for field: Count_SCH_TDS1]
[25-Jul-2016]::[10:46:47 PM]::[INFO]::[No validation for field: itr4S.tdSonOthThanSals.tdSonOthThanSal[0].employerOrDeductorOrCollectDetl.chosenCheckBox]
[25-Jul-2016]::[10:46:47 PM]::[INFO]::[No validation for field: __checkbox_itr4S.tdSonOthThanSals.tdSonOthThanSal[0].employerOrDeductorOrCollectDetl.chosenCheckBox]
[25-Jul-2016]::[10:46:47 PM]::[INFO]::[No validation for field: itr4S.tdSonOthThanSals.tdSonOthThanSal.claimOutOfTotTDSOnAmtPaid]
[25-Jul-2016]::[10:46:47 PM]::[INFO]::[No validation for field: itr4S.scheduleTCS.tcs[0].chosenCheckBox]
[25-Jul-2016]::[10:46:47 PM]::[INFO]::[No validation for field: __checkbox_itr4S.scheduleTCS.tcs[0].chosenCheckBox]
[25-Jul-2016]::[10:46:47 PM]::[INFO]::[No validation for field: itr4S.scheduleTCS.tcs.amtTCSClaimedThisYear]
[25-Jul-2016]::[10:46:47 PM]::[INFO]::[No validation for field: itr4S.scheduleIT.taxPayment[0].chosenCheckBox]
[25-Jul-2016]::[10:46:47 PM]::[INFO]::[No validation for field: __checkbox_itr4S.scheduleIT.taxPayment[0].chosenCheckBox]
[25-Jul-2016]::[10:46:47 PM]::[INFO]::[No validation for field: itr4S.scheduleIT.taxPayment.amt]
[25-Jul-2016]::[10:46:47 PM]::[INFO]::[No validation for field: itr4S.taxPaid.taxesPaid.tcs]
[25-Jul-2016]::[10:46:47 PM]::[INFO]::[No validation for field: itr4S.schedule80G.don100Percent.doneeWithPan[0].chosenCheckBox]
[25-Jul-2016]::[10:46:47 PM]::[INFO]::[No validation for field: __checkbox_itr4S.schedule80G.don100Percent.doneeWithPan[0].chosenCheckBox]
[25-Jul-2016]::[10:46:47 PM]::[INFO]::[No validation for field: itr4S.schedule80G.don100Percent.doneeWithPan[0].eligibleDonationAmt]
[25-Jul-2016]::[10:46:47 PM]::[INFO]::[No validation for field: itr4S.schedule80G.don100Percent.totDon100Percent]
[25-Jul-2016]::[10:46:47 PM]::[INFO]::[No validation for field: itr4S.schedule80G.don100Percent.totEligibleDon100Percent]
[25-Jul-2016]::[10:46:47 PM]::[INFO]::[No validation for field: itr4S.schedule80G.don50PercentNoApprReqd.doneeWithPan[0].chosenCheckBox]
[25-Jul-2016]::[10:46:47 PM]::[INFO]::[No validation for field: __checkbox_itr4S.schedule80G.don50PercentNoApprReqd.doneeWithPan[0].chosenCheckBox]
[25-Jul-2016]::[10:46:47 PM]::[INFO]::[No validation for field: itr4S.schedule80G.don50PercentNoApprReqd.doneeWithPan[0].eligibleDonationAmt]
[25-Jul-2016]::[10:46:47 PM]::[INFO]::[No validation for field: itr4S.schedule80G.don50PercentNoApprReqd.totDon50PercentNoApprReqd]
[25-Jul-2016]::[10:46:47 PM]::[INFO]::[No validation for field: itr4S.schedule80G.don50PercentNoApprReqd.totEligibleDon50Percent]
[25-Jul-2016]::[10:46:47 PM]::[INFO]::[No validation for field: itr4S.schedule80G.don100PercentApprReqd.doneeWithPan[0].chosenCheckBox]
[25-Jul-2016]::[10:46:47 PM]::[INFO]::[No validation for field: __checkbox_itr4S.schedule80G.don100PercentApprReqd.doneeWithPan[0].chosenCheckBox]
[25-Jul-2016]::[10:46:47 PM]::[INFO]::[No validation for field: itr4S.schedule80G.don100PercentApprReqd.doneeWithPan[0].eligibleDonationAmt]
[25-Jul-2016]::[10:46:47 PM]::[INFO]::[No validation for field: itr4S.schedule80G.don100PercentApprReqd.totDon100PercentApprReqd]
[25-Jul-2016]::[10:46:47 PM]::[INFO]::[No validation for field: itr4S.schedule80G.don100PercentApprReqd.totEligibleDon100PercentApprReqd]
[25-Jul-2016]::[10:46:47 PM]::[INFO]::[No validation for field: itr4S.schedule80G.don50PercentApprReqd.doneeWithPan[0].chosenCheckBox]
[25-Jul-2016]::[10:46:47 PM]::[INFO]::[No validation for field: __checkbox_itr4S.schedule80G.don50PercentApprReqd.doneeWithPan[0].chosenCheckBox]
[25-Jul-2016]::[10:46:47 PM]::[INFO]::[No validation for field: itr4S.schedule80G.don50PercentApprReqd.doneeWithPan[0].eligibleDonationAmt]
[25-Jul-2016]::[10:46:47 PM]::[INFO]::[No validation for field: itr4S.schedule80G.don50PercentApprReqd.totDon50PercentApprReqd]
[25-Jul-2016]::[10:46:47 PM]::[INFO]::[No validation for field: itr4S.schedule80G.don50PercentApprReqd.totEligibleDon50PercentApprReqd]
[25-Jul-2016]::[10:46:47 PM]::[INFO]::[Call() ends time taken: 71  error count :0]
[25-Jul-2016]::[10:46:47 PM]::[INFO]::[show validation]
[25-Jul-2016]::[10:46:47 PM]::[INFO]::[Time taken in validateAll(): 0]
[25-Jul-2016]::[10:46:47 PM]::[INFO]::[No validation for field: requestId]
[25-Jul-2016]::[10:46:47 PM]::[INFO]::[No validation for field: itr4S.creationInfo.xmlCreationDate]
[25-Jul-2016]::[10:46:47 PM]::[INFO]::[No validation for field: totalPage]
[25-Jul-2016]::[10:46:47 PM]::[INFO]::[No validation for field: returnType]
[25-Jul-2016]::[10:46:47 PM]::[INFO]::[No validation for field: customReturnType]
[25-Jul-2016]::[10:46:47 PM]::[INFO]::[No validation for field: ]
[25-Jul-2016]::[10:46:47 PM]::[INFO]::[No validation for field: itr4S.currentPage]
[25-Jul-2016]::[10:46:47 PM]::[INFO]::[No validation for field: itr4S.filingStatus.adharNoOption]
[25-Jul-2016]::[10:46:47 PM]::[INFO]::[No validation for field: itr4S.itr4sTaxComputationOnline.surchargeOnTaxPayable]
[25-Jul-2016]::[10:46:47 PM]::[INFO]::[No validation for field: itr4S.us44aeHeavy[0].chosenCheckBox]
[25-Jul-2016]::[10:46:47 PM]::[INFO]::[No validation for field: __checkbox_itr4S.us44aeHeavy[0].chosenCheckBox]
[25-Jul-2016]::[10:46:47 PM]::[INFO]::[No validation for field: Count_SCH_IT]
[25-Jul-2016]::[10:46:47 PM]::[INFO]::[No validation for field: itr4S.natOfBus.business[0].chosenCheckBox]
[25-Jul-2016]::[10:46:47 PM]::[INFO]::[No validation for field: __checkbox_scheduleFA.detailsOfTrustOutIndiaTrustee[0].chosenCheckBox]
[25-Jul-2016]::[10:46:47 PM]::[INFO]::[No validation for field: itr4S.natOfBus.business[0].trade.tradeName]
[25-Jul-2016]::[10:46:47 PM]::[INFO]::[No validation for field: itr4S.scheduleBPForITR4S.incChargeableUnderBus]
[25-Jul-2016]::[10:46:47 PM]::[INFO]::[No validation for field: itr4S.tdSonSalaries.tdSonSalary[0].employerOrDeductorOrCollectDetl.chosenCheckBox]
[25-Jul-2016]::[10:46:47 PM]::[INFO]::[No validation for field: __checkbox_itr4S.tdSonSalaries.tdSonSalary[0].employerOrDeductorOrCollectDetl.chosenCheckBox]
[25-Jul-2016]::[10:46:47 PM]::[INFO]::[No validation for field: itr4S.tdSonSalaries.tdSonSalary.totalTaxDeducted]
[25-Jul-2016]::[10:46:47 PM]::[INFO]::[No validation for field: Count_SCH_TDS1]
[25-Jul-2016]::[10:46:47 PM]::[INFO]::[No validation for field: itr4S.tdSonOthThanSals.tdSonOthThanSal[0].employerOrDeductorOrCollectDetl.chosenCheckBox]
[25-Jul-2016]::[10:46:47 PM]::[INFO]::[No validation for field: __checkbox_itr4S.tdSonOthThanSals.tdSonOthThanSal[0].employerOrDeductorOrCollectDetl.chosenCheckBox]
[25-Jul-2016]::[10:46:47 PM]::[INFO]::[No validation for field: itr4S.tdSonOthThanSals.tdSonOthThanSal.claimOutOfTotTDSOnAmtPaid]
[25-Jul-2016]::[10:46:47 PM]::[INFO]::[No validation for field: itr4S.scheduleTCS.tcs[0].chosenCheckBox]
[25-Jul-2016]::[10:46:47 PM]::[INFO]::[No validation for field: __checkbox_itr4S.scheduleTCS.tcs[0].chosenCheckBox]
[25-Jul-2016]::[10:46:47 PM]::[INFO]::[No validation for field: itr4S.scheduleTCS.tcs.amtTCSClaimedThisYear]
[25-Jul-2016]::[10:46:47 PM]::[INFO]::[No validation for field: itr4S.scheduleIT.taxPayment[0].chosenCheckBox]
[25-Jul-2016]::[10:46:47 PM]::[INFO]::[No validation for field: __checkbox_itr4S.scheduleIT.taxPayment[0].chosenCheckBox]
[25-Jul-2016]::[10:46:47 PM]::[INFO]::[No validation for field: itr4S.scheduleIT.taxPayment.amt]
[25-Jul-2016]::[10:46:47 PM]::[INFO]::[No validation for field: itr4S.taxPaid.taxesPaid.tcs]
[25-Jul-2016]::[10:46:47 PM]::[INFO]::[No validation for field: itr4S.schedule80G.don100Percent.doneeWithPan[0].chosenCheckBox]
[25-Jul-2016]::[10:46:47 PM]::[INFO]::[No validation for field: __checkbox_itr4S.schedule80G.don100Percent.doneeWithPan[0].chosenCheckBox]
[25-Jul-2016]::[10:46:47 PM]::[INFO]::[No validation for field: itr4S.schedule80G.don100Percent.doneeWithPan[0].eligibleDonationAmt]
[25-Jul-2016]::[10:46:47 PM]::[INFO]::[No validation for field: itr4S.schedule80G.don100Percent.totDon100Percent]
[25-Jul-2016]::[10:46:47 PM]::[INFO]::[No validation for field: itr4S.schedule80G.don100Percent.totEligibleDon100Percent]
[25-Jul-2016]::[10:46:47 PM]::[INFO]::[No validation for field: itr4S.schedule80G.don50PercentNoApprReqd.doneeWithPan[0].chosenCheckBox]
[25-Jul-2016]::[10:46:47 PM]::[INFO]::[No validation for field: __checkbox_itr4S.schedule80G.don50PercentNoApprReqd.doneeWithPan[0].chosenCheckBox]
[25-Jul-2016]::[10:46:47 PM]::[INFO]::[No validation for field: itr4S.schedule80G.don50PercentNoApprReqd.doneeWithPan[0].eligibleDonationAmt]
[25-Jul-2016]::[10:46:47 PM]::[INFO]::[No validation for field: itr4S.schedule80G.don50PercentNoApprReqd.totDon50PercentNoApprReqd]
[25-Jul-2016]::[10:46:47 PM]::[INFO]::[No validation for field: itr4S.schedule80G.don50PercentNoApprReqd.totEligibleDon50Percent]
[25-Jul-2016]::[10:46:47 PM]::[INFO]::[No validation for field: itr4S.schedule80G.don100PercentApprReqd.doneeWithPan[0].chosenCheckBox]
[25-Jul-2016]::[10:46:47 PM]::[INFO]::[No validation for field: __checkbox_itr4S.schedule80G.don100PercentApprReqd.doneeWithPan[0].chosenCheckBox]
[25-Jul-2016]::[10:46:47 PM]::[INFO]::[No validation for field: itr4S.schedule80G.don100PercentApprReqd.doneeWithPan[0].eligibleDonationAmt]
[25-Jul-2016]::[10:46:47 PM]::[INFO]::[No validation for field: itr4S.schedule80G.don100PercentApprReqd.totDon100PercentApprReqd]
[25-Jul-2016]::[10:46:47 PM]::[INFO]::[No validation for field: itr4S.schedule80G.don100PercentApprReqd.totEligibleDon100PercentApprReqd]
[25-Jul-2016]::[10:46:47 PM]::[INFO]::[No validation for field: itr4S.schedule80G.don50PercentApprReqd.doneeWithPan[0].chosenCheckBox]
[25-Jul-2016]::[10:46:47 PM]::[INFO]::[No validation for field: __checkbox_itr4S.schedule80G.don50PercentApprReqd.doneeWithPan[0].chosenCheckBox]
[25-Jul-2016]::[10:46:47 PM]::[INFO]::[No validation for field: itr4S.schedule80G.don50PercentApprReqd.doneeWithPan[0].eligibleDonationAmt]
[25-Jul-2016]::[10:46:47 PM]::[INFO]::[No validation for field: itr4S.schedule80G.don50PercentApprReqd.totDon50PercentApprReqd]
[25-Jul-2016]::[10:46:47 PM]::[INFO]::[No validation for field: itr4S.schedule80G.don50PercentApprReqd.totEligibleDon50PercentApprReqd]
[25-Jul-2016]::[10:46:47 PM]::[INFO]::[Call() ends time taken: 58  error count :0]
[25-Jul-2016]::[10:46:57 PM]::[INFO]::[calculateITR starts]
[25-Jul-2016]::[10:46:57 PM]::[INFO]::[calculateITR starts]
[25-Jul-2016]::[10:46:57 PM]::[INFO]::[initialize starts]
[25-Jul-2016]::[10:47:20 PM]::[INFO]::[show validation]
[25-Jul-2016]::[10:47:20 PM]::[INFO]::[Time taken in validateAll(): 0]
[25-Jul-2016]::[10:47:20 PM]::[INFO]::[No validation for field: requestId]
[25-Jul-2016]::[10:47:20 PM]::[INFO]::[No validation for field: itr4S.creationInfo.xmlCreationDate]
[25-Jul-2016]::[10:47:20 PM]::[INFO]::[No validation for field: totalPage]
[25-Jul-2016]::[10:47:20 PM]::[INFO]::[No validation for field: returnType]
[25-Jul-2016]::[10:47:20 PM]::[INFO]::[No validation for field: customReturnType]
[25-Jul-2016]::[10:47:20 PM]::[INFO]::[No validation for field: ]
[25-Jul-2016]::[10:47:20 PM]::[INFO]::[No validation for field: itr4S.currentPage]
[25-Jul-2016]::[10:47:20 PM]::[INFO]::[No validation for field: itr4S.filingStatus.adharNoOption]
[25-Jul-2016]::[10:47:20 PM]::[INFO]::[No validation for field: itr4S.itr4sTaxComputationOnline.surchargeOnTaxPayable]
[25-Jul-2016]::[10:47:20 PM]::[INFO]::[No validation for field: itr4S.us44aeHeavy[0].chosenCheckBox]
[25-Jul-2016]::[10:47:20 PM]::[INFO]::[No validation for field: __checkbox_itr4S.us44aeHeavy[0].chosenCheckBox]
[25-Jul-2016]::[10:47:20 PM]::[INFO]::[No validation for field: Count_SCH_IT]
[25-Jul-2016]::[10:47:20 PM]::[INFO]::[No validation for field: itr4S.natOfBus.business[0].chosenCheckBox]
[25-Jul-2016]::[10:47:20 PM]::[INFO]::[No validation for field: __checkbox_scheduleFA.detailsOfTrustOutIndiaTrustee[0].chosenCheckBox]
[25-Jul-2016]::[10:47:20 PM]::[INFO]::[No validation for field: itr4S.natOfBus.business[0].trade.tradeName]
[25-Jul-2016]::[10:47:20 PM]::[INFO]::[No validation for field: itr4S.scheduleBPForITR4S.incChargeableUnderBus]
[25-Jul-2016]::[10:47:20 PM]::[INFO]::[No validation for field: itr4S.tdSonSalaries.tdSonSalary[0].employerOrDeductorOrCollectDetl.chosenCheckBox]
[25-Jul-2016]::[10:47:20 PM]::[INFO]::[No validation for field: __checkbox_itr4S.tdSonSalaries.tdSonSalary[0].employerOrDeductorOrCollectDetl.chosenCheckBox]
[25-Jul-2016]::[10:47:20 PM]::[INFO]::[No validation for field: itr4S.tdSonSalaries.tdSonSalary.totalTaxDeducted]
[25-Jul-2016]::[10:47:20 PM]::[INFO]::[No validation for field: Count_SCH_TDS1]
[25-Jul-2016]::[10:47:20 PM]::[INFO]::[No validation for field: itr4S.tdSonOthThanSals.tdSonOthThanSal[0].employerOrDeductorOrCollectDetl.chosenCheckBox]
[25-Jul-2016]::[10:47:20 PM]::[INFO]::[No validation for field: __checkbox_itr4S.tdSonOthThanSals.tdSonOthThanSal[0].employerOrDeductorOrCollectDetl.chosenCheckBox]
[25-Jul-2016]::[10:47:20 PM]::[INFO]::[No validation for field: itr4S.tdSonOthThanSals.tdSonOthThanSal.claimOutOfTotTDSOnAmtPaid]
[25-Jul-2016]::[10:47:20 PM]::[INFO]::[No validation for field: itr4S.scheduleTCS.tcs[0].chosenCheckBox]
[25-Jul-2016]::[10:47:20 PM]::[INFO]::[No validation for field: __checkbox_itr4S.scheduleTCS.tcs[0].chosenCheckBox]
[25-Jul-2016]::[10:47:20 PM]::[INFO]::[No validation for field: itr4S.scheduleTCS.tcs.amtTCSClaimedThisYear]
[25-Jul-2016]::[10:47:20 PM]::[INFO]::[No validation for field: itr4S.scheduleIT.taxPayment[0].chosenCheckBox]
[25-Jul-2016]::[10:47:20 PM]::[INFO]::[No validation for field: __checkbox_itr4S.scheduleIT.taxPayment[0].chosenCheckBox]
[25-Jul-2016]::[10:47:20 PM]::[INFO]::[No validation for field: itr4S.scheduleIT.taxPayment.amt]
[25-Jul-2016]::[10:47:20 PM]::[INFO]::[No validation for field: itr4S.taxPaid.taxesPaid.tcs]
[25-Jul-2016]::[10:47:20 PM]::[INFO]::[No validation for field: itr4S.schedule80G.don100Percent.doneeWithPan[0].chosenCheckBox]
[25-Jul-2016]::[10:47:20 PM]::[INFO]::[No validation for field: __checkbox_itr4S.schedule80G.don100Percent.doneeWithPan[0].chosenCheckBox]
[25-Jul-2016]::[10:47:20 PM]::[INFO]::[No validation for field: itr4S.schedule80G.don100Percent.doneeWithPan[0].eligibleDonationAmt]
[25-Jul-2016]::[10:47:20 PM]::[INFO]::[No validation for field: itr4S.schedule80G.don100Percent.totDon100Percent]
[25-Jul-2016]::[10:47:20 PM]::[INFO]::[No validation for field: itr4S.schedule80G.don100Percent.totEligibleDon100Percent]
[25-Jul-2016]::[10:47:20 PM]::[INFO]::[No validation for field: itr4S.schedule80G.don50PercentNoApprReqd.doneeWithPan[0].chosenCheckBox]
[25-Jul-2016]::[10:47:20 PM]::[INFO]::[No validation for field: __checkbox_itr4S.schedule80G.don50PercentNoApprReqd.doneeWithPan[0].chosenCheckBox]
[25-Jul-2016]::[10:47:20 PM]::[INFO]::[No validation for field: itr4S.schedule80G.don50PercentNoApprReqd.doneeWithPan[0].eligibleDonationAmt]
[25-Jul-2016]::[10:47:20 PM]::[INFO]::[No validation for field: itr4S.schedule80G.don50PercentNoApprReqd.totDon50PercentNoApprReqd]
[25-Jul-2016]::[10:47:20 PM]::[INFO]::[No validation for field: itr4S.schedule80G.don50PercentNoApprReqd.totEligibleDon50Percent]
[25-Jul-2016]::[10:47:20 PM]::[INFO]::[No validation for field: itr4S.schedule80G.don100PercentApprReqd.doneeWithPan[0].chosenCheckBox]
[25-Jul-2016]::[10:47:20 PM]::[INFO]::[No validation for field: __checkbox_itr4S.schedule80G.don100PercentApprReqd.doneeWithPan[0].chosenCheckBox]
[25-Jul-2016]::[10:47:20 PM]::[INFO]::[No validation for field: itr4S.schedule80G.don100PercentApprReqd.doneeWithPan[0].eligibleDonationAmt]
[25-Jul-2016]::[10:47:20 PM]::[INFO]::[No validation for field: itr4S.schedule80G.don100PercentApprReqd.totDon100PercentApprReqd]
[25-Jul-2016]::[10:47:20 PM]::[INFO]::[No validation for field: itr4S.schedule80G.don100PercentApprReqd.totEligibleDon100PercentApprReqd]
[25-Jul-2016]::[10:47:20 PM]::[INFO]::[No validation for field: itr4S.schedule80G.don50PercentApprReqd.doneeWithPan[0].chosenCheckBox]
[25-Jul-2016]::[10:47:20 PM]::[INFO]::[No validation for field: __checkbox_itr4S.schedule80G.don50PercentApprReqd.doneeWithPan[0].chosenCheckBox]
[25-Jul-2016]::[10:47:20 PM]::[INFO]::[No validation for field: itr4S.schedule80G.don50PercentApprReqd.doneeWithPan[0].eligibleDonationAmt]
[25-Jul-2016]::[10:47:20 PM]::[INFO]::[No validation for field: itr4S.schedule80G.don50PercentApprReqd.totDon50PercentApprReqd]
[25-Jul-2016]::[10:47:20 PM]::[INFO]::[No validation for field: itr4S.schedule80G.don50PercentApprReqd.totEligibleDon50PercentApprReqd]
[25-Jul-2016]::[10:47:20 PM]::[INFO]::[Call() ends time taken: 55  error count :0]
[25-Jul-2016]::[10:47:24 PM]::[INFO]::[Time taken to start generateXml(): 30]
[25-Jul-2016]::[10:47:24 PM]::[INFO]::[outputfilePathD:\Tushar Data\Business\IT RETURNS\Rajendra Tarlekar\AY 2015-16\RETURN.xml,generateXmlFlag: true]
[25-Jul-2016]::[10:47:25 PM]::[INFO]::[done with schema error; 0]
[25-Jul-2016]::[10:47:25 PM]::[INFO]::[Time taken to generate: 690]
[25-Jul-2016]::[10:55:17 PM]::[INFO]::[show validation]
[25-Jul-2016]::[10:55:17 PM]::[INFO]::[Time taken in validateAll(): 0]
[25-Jul-2016]::[10:55:17 PM]::[INFO]::[No validation for field: requestId]
[25-Jul-2016]::[10:55:17 PM]::[INFO]::[No validation for field: itr4S.creationInfo.xmlCreationDate]
[25-Jul-2016]::[10:55:17 PM]::[INFO]::[No validation for field: totalPage]
[25-Jul-2016]::[10:55:17 PM]::[INFO]::[No validation for field: returnType]
[25-Jul-2016]::[10:55:17 PM]::[INFO]::[No validation for field: customReturnType]
[25-Jul-2016]::[10:55:17 PM]::[INFO]::[No validation for field: ]
[25-Jul-2016]::[10:55:17 PM]::[INFO]::[No validation for field: itr4S.currentPage]
[25-Jul-2016]::[10:55:17 PM]::[INFO]::[No validation for field: itr4S.filingStatus.adharNoOption]
[25-Jul-2016]::[10:55:17 PM]::[INFO]::[No validation for field: itr4S.itr4sTaxComputationOnline.surchargeOnTaxPayable]
[25-Jul-2016]::[10:55:17 PM]::[INFO]::[No validation for field: itr4S.us44aeHeavy[0].chosenCheckBox]
[25-Jul-2016]::[10:55:17 PM]::[INFO]::[No validation for field: __checkbox_itr4S.us44aeHeavy[0].chosenCheckBox]
[25-Jul-2016]::[10:55:17 PM]::[INFO]::[No validation for field: Count_SCH_IT]
[25-Jul-2016]::[10:55:17 PM]::[INFO]::[No validation for field: itr4S.natOfBus.business[0].chosenCheckBox]
[25-Jul-2016]::[10:55:17 PM]::[INFO]::[No validation for field: __checkbox_scheduleFA.detailsOfTrustOutIndiaTrustee[0].chosenCheckBox]
[25-Jul-2016]::[10:55:17 PM]::[INFO]::[No validation for field: itr4S.natOfBus.business[0].trade.tradeName]
[25-Jul-2016]::[10:55:17 PM]::[INFO]::[No validation for field: itr4S.scheduleBPForITR4S.incChargeableUnderBus]
[25-Jul-2016]::[10:55:17 PM]::[INFO]::[No validation for field: itr4S.tdSonSalaries.tdSonSalary[0].employerOrDeductorOrCollectDetl.chosenCheckBox]
[25-Jul-2016]::[10:55:17 PM]::[INFO]::[No validation for field: __checkbox_itr4S.tdSonSalaries.tdSonSalary[0].employerOrDeductorOrCollectDetl.chosenCheckBox]
[25-Jul-2016]::[10:55:17 PM]::[INFO]::[No validation for field: itr4S.tdSonSalaries.tdSonSalary.totalTaxDeducted]
[25-Jul-2016]::[10:55:17 PM]::[INFO]::[No validation for field: Count_SCH_TDS1]
[25-Jul-2016]::[10:55:17 PM]::[INFO]::[No validation for field: itr4S.tdSonOthThanSals.tdSonOthThanSal[0].employerOrDeductorOrCollectDetl.chosenCheckBox]
[25-Jul-2016]::[10:55:17 PM]::[INFO]::[No validation for field: __checkbox_itr4S.tdSonOthThanSals.tdSonOthThanSal[0].employerOrDeductorOrCollectDetl.chosenCheckBox]
[25-Jul-2016]::[10:55:17 PM]::[INFO]::[No validation for field: itr4S.tdSonOthThanSals.tdSonOthThanSal.claimOutOfTotTDSOnAmtPaid]
[25-Jul-2016]::[10:55:17 PM]::[INFO]::[No validation for field: itr4S.scheduleTCS.tcs[0].chosenCheckBox]
[25-Jul-2016]::[10:55:17 PM]::[INFO]::[No validation for field: __checkbox_itr4S.scheduleTCS.tcs[0].chosenCheckBox]
[25-Jul-2016]::[10:55:17 PM]::[INFO]::[No validation for field: itr4S.scheduleTCS.tcs.amtTCSClaimedThisYear]
[25-Jul-2016]::[10:55:17 PM]::[INFO]::[No validation for field: itr4S.scheduleIT.taxPayment[0].chosenCheckBox]
[25-Jul-2016]::[10:55:17 PM]::[INFO]::[No validation for field: __checkbox_itr4S.scheduleIT.taxPayment[0].chosenCheckBox]
[25-Jul-2016]::[10:55:17 PM]::[INFO]::[No validation for field: itr4S.scheduleIT.taxPayment.amt]
[25-Jul-2016]::[10:55:17 PM]::[INFO]::[No validation for field: itr4S.taxPaid.taxesPaid.tcs]
[25-Jul-2016]::[10:55:17 PM]::[INFO]::[No validation for field: itr4S.schedule80G.don100Percent.doneeWithPan[0].chosenCheckBox]
[25-Jul-2016]::[10:55:17 PM]::[INFO]::[No validation for field: __checkbox_itr4S.schedule80G.don100Percent.doneeWithPan[0].chosenCheckBox]
[25-Jul-2016]::[10:55:17 PM]::[INFO]::[No validation for field: itr4S.schedule80G.don100Percent.doneeWithPan[0].eligibleDonationAmt]
[25-Jul-2016]::[10:55:17 PM]::[INFO]::[No validation for field: itr4S.schedule80G.don100Percent.totDon100Percent]
[25-Jul-2016]::[10:55:17 PM]::[INFO]::[No validation for field: itr4S.schedule80G.don100Percent.totEligibleDon100Percent]
[25-Jul-2016]::[10:55:17 PM]::[INFO]::[No validation for field: itr4S.schedule80G.don50PercentNoApprReqd.doneeWithPan[0].chosenCheckBox]
[25-Jul-2016]::[10:55:17 PM]::[INFO]::[No validation for field: __checkbox_itr4S.schedule80G.don50PercentNoApprReqd.doneeWithPan[0].chosenCheckBox]
[25-Jul-2016]::[10:55:17 PM]::[INFO]::[No validation for field: itr4S.schedule80G.don50PercentNoApprReqd.doneeWithPan[0].eligibleDonationAmt]
[25-Jul-2016]::[10:55:17 PM]::[INFO]::[No validation for field: itr4S.schedule80G.don50PercentNoApprReqd.totDon50PercentNoApprReqd]
[25-Jul-2016]::[10:55:17 PM]::[INFO]::[No validation for field: itr4S.schedule80G.don50PercentNoApprReqd.totEligibleDon50Percent]
[25-Jul-2016]::[10:55:17 PM]::[INFO]::[No validation for field: itr4S.schedule80G.don100PercentApprReqd.doneeWithPan[0].chosenCheckBox]
[25-Jul-2016]::[10:55:17 PM]::[INFO]::[No validation for field: __checkbox_itr4S.schedule80G.don100PercentApprReqd.doneeWithPan[0].chosenCheckBox]
[25-Jul-2016]::[10:55:17 PM]::[INFO]::[No validation for field: itr4S.schedule80G.don100PercentApprReqd.doneeWithPan[0].eligibleDonationAmt]
[25-Jul-2016]::[10:55:17 PM]::[INFO]::[No validation for field: itr4S.schedule80G.don100PercentApprReqd.totDon100PercentApprReqd]
[25-Jul-2016]::[10:55:17 PM]::[INFO]::[No validation for field: itr4S.schedule80G.don100PercentApprReqd.totEligibleDon100PercentApprReqd]
[25-Jul-2016]::[10:55:17 PM]::[INFO]::[No validation for field: itr4S.schedule80G.don50PercentApprReqd.doneeWithPan[0].chosenCheckBox]
[25-Jul-2016]::[10:55:17 PM]::[INFO]::[No validation for field: __checkbox_itr4S.schedule80G.don50PercentApprReqd.doneeWithPan[0].chosenCheckBox]
[25-Jul-2016]::[10:55:17 PM]::[INFO]::[No validation for field: itr4S.schedule80G.don50PercentApprReqd.doneeWithPan[0].eligibleDonationAmt]
[25-Jul-2016]::[10:55:17 PM]::[INFO]::[No validation for field: itr4S.schedule80G.don50PercentApprReqd.totDon50PercentApprReqd]
[25-Jul-2016]::[10:55:17 PM]::[INFO]::[No validation for field: itr4S.schedule80G.don50PercentApprReqd.totEligibleDon50PercentApprReqd]
[25-Jul-2016]::[10:55:17 PM]::[INFO]::[Call() ends time taken: 51  error count :0]
[25-Jul-2016]::[10:55:17 PM]::[INFO]::[submit itr starts]
[25-Jul-2016]::[10:55:18 PM]::[INFO]::[Time taken to start generateXml(): 28]
[25-Jul-2016]::[10:55:18 PM]::[INFO]::[outputfilePathC:\Users\TUSHAR~1\AppData\Local\Temp\ITR-14856780465753307482670075766.xml,generateXmlFlag: true]
[25-Jul-2016]::[10:55:18 PM]::[INFO]::[done with schema error; 0]
[25-Jul-2016]::[10:55:18 PM]::[INFO]::[Time taken to generate: 209]
[25-Jul-2016]::[10:55:18 PM]::[INFO]::[initialize submit itr starts]
[25-Jul-2016]::[10:55:18 PM]::[SEVERE]::[initUsbTokens error]
java.lang.Exception: The KeyStore is empty
	at com.tcs.efiling.itr.config.UsbTokenUtil.getUsbTokenData(UsbTokenUtil.java:56)
	at com.tcs.efiling.itr.main.SubmitItrDialogController.initUsbTokens(SubmitItrDialogController.java:149)
	at com.tcs.efiling.itr.main.SubmitItrDialogController.initialize(SubmitItrDialogController.java:140)
	at javafx.fxml.FXMLLoader.loadImpl(Unknown Source)
	at javafx.fxml.FXMLLoader.loadImpl(Unknown Source)
	at javafx.fxml.FXMLLoader.load(Unknown Source)
	at com.tcs.efiling.itr.main.NewITRDialog.<init>(NewITRDialog.java:36)
	at com.tcs.efiling.itr.main.MainController.OpenSubmitDialog(MainController.java:1071)
	at com.tcs.efiling.itr.main.ITRUtil$4.run(ITRUtil.java:905)
	at com.sun.javafx.application.PlatformImpl.lambda$null$173(Unknown Source)
	at java.security.AccessController.doPrivileged(Native Method)
	at com.sun.javafx.application.PlatformImpl.lambda$runLater$174(Unknown Source)
	at com.sun.glass.ui.InvokeLaterDispatcher$Future.run(Unknown Source)
	at com.sun.glass.ui.win.WinApplication._runLoop(Native Method)
	at com.sun.glass.ui.win.WinApplication.lambda$null$148(Unknown Source)
	at java.lang.Thread.run(Unknown Source)

[25-Jul-2016]::[10:55:19 PM]::[INFO]::[dscMandatory starts::ITR-4S]
[25-Jul-2016]::[10:55:19 PM]::[INFO]::[dscMandatory ends]
[25-Jul-2016]::[10:55:46 PM]::[INFO]::[url: https://www.google.co.in timeout: 30000]
[25-Jul-2016]::[10:55:46 PM]::[INFO]::[validateDSCKey ends with flag: true]
[25-Jul-2016]::[10:55:46 PM]::[INFO]::[file : .\ITR]
[25-Jul-2016]::[10:55:46 PM]::[INFO]::[file : .\ITR-4S_2015_2.zip]
[25-Jul-2016]::[10:55:46 PM]::[INFO]::[file : .\ITR-4S_AY201516_PR7.jar]
[25-Jul-2016]::[10:55:46 PM]::[INFO]::[hash : 50AB66C625BA1B159A485E8BC4446B1A3C097834F9A57DB1747342087A77CB94]
[25-Jul-2016]::[10:55:46 PM]::[INFO]::[submitHash : 49C6FAC67450D5EED7725BCEF5066F5407C3A66B876E1879DCC8BB5E62AF4344]
[25-Jul-2016]::[10:55:46 PM]::[INFO]::[webservie url: https://incometaxindiaefiling.gov.in/e-FilingWS/ditws]
[25-Jul-2016]::[10:55:46 PM]::[INFO]::[Thread call starts]
[25-Jul-2016]::[10:55:46 PM]::[INFO]::[sendRequest starts]
[25-Jul-2016]::[10:55:53 PM]::[INFO]::[Soap fault: null]
[25-Jul-2016]::[10:55:53 PM]::[INFO]::[ackNo: 303561400250716 ,transactionId:3156947804,emailId:TUSHARMOHITE0@GMAIL.COM]
[25-Jul-2016]::[10:55:53 PM]::[INFO]::[cancel caled]
[25-Jul-2016]::[10:55:53 PM]::[INFO]::[Thread call ends : time taken: 6440]
[25-Jul-2016]::[10:55:53 PM]::[INFO]::[Writing to file: C:\Users\TUSHAR~1\AppData\Local\Temp\ITRvFile6618382149094570900448639742.zip]
[25-Jul-2016]::[10:55:53 PM]::[INFO]::[initialize starts]
[25-Jul-2016]::[10:55:53 PM]::[INFO]::[loadITRVPage stats with transaction id 3156947804 ,email TUSHARMOHITE0@GMAIL.COM]
