[29-Aug-2016]::[6:53:26 PM]::[com.itd.efiling.itr.main.ctrl.ThreeRedLightsIlluminate init]::[INFO]::[init starts]
[29-Aug-2016]::[6:53:27 PM]::[com.itd.efiling.itr.common.util.j setUtilityParams]::[INFO]::[url jar:file:/F:/Tushar%20Data/Business/IT%20RETURNS/FORMAT/Utilitites/AY%202016-17/ITR-4S_2016/ITR-4S_AY201617_PR5.jar!/META-INF/MANIFEST.MF]
[29-Aug-2016]::[6:53:27 PM]::[com.itd.efiling.itr.common.util.j setUtilityParams]::[INFO]::[2016-17 :: ITR-4S :: ]
[29-Aug-2016]::[6:53:27 PM]::[com.itd.efiling.itr.main.ctrl.ThreeRedLightsIlluminate init]::[INFO]::[init ends in 112 ms.]
[29-Aug-2016]::[6:53:27 PM]::[com.itd.efiling.itr.main.ctrl.ThreeRedLightsIlluminate start]::[INFO]::[MainLoader start method starts]
[29-Aug-2016]::[6:53:33 PM]::[com.itd.efiling.itr.main.ctrl.d initialize]::[INFO]::[initialize starts]
[29-Aug-2016]::[6:53:33 PM]::[com.itd.efiling.itr.common.util.c b]::[INFO]::[Before Validating fileListCommonScript ]
[29-Aug-2016]::[6:53:33 PM]::[com.itd.efiling.itr.common.util.c b]::[INFO]::[Before Validating fileListItrAy ]
[29-Aug-2016]::[6:53:33 PM]::[com.itd.efiling.itr.common.util.c b]::[INFO]::[Before Validating fileListConfig ]
[29-Aug-2016]::[6:53:34 PM]::[com.itd.efiling.itr.common.util.c b]::[INFO]::[Before Validating verifySignature ]
[29-Aug-2016]::[6:53:34 PM]::[com.itd.efiling.itr.common.util.c a]::[INFO]::[verifies : true]
[29-Aug-2016]::[6:53:34 PM]::[com.itd.efiling.itr.main.ctrl.d initialize]::[INFO]::[Is utiltity valid ::true]
[29-Aug-2016]::[6:53:34 PM]::[com.itd.efiling.itr.a.a.d c]::[INFO]::[loadingDialog starts]
[29-Aug-2016]::[6:53:34 PM]::[com.itd.efiling.itr.a.a.a <init>]::[INFO]::[CommonDialog starts]
[29-Aug-2016]::[6:53:34 PM]::[com.itd.efiling.itr.a.a.a <init>]::[INFO]::[CommonDialog ends]
[29-Aug-2016]::[6:53:36 PM]::[com.itd.efiling.itr.a.a.d c]::[INFO]::[loadingDialog ends]
[29-Aug-2016]::[6:53:36 PM]::[com.itd.efiling.itr.main.ctrl.a b]::[INFO]::[hide validation]
[29-Aug-2016]::[6:53:36 PM]::[com.itd.efiling.itr.main.ctrl.d a]::[INFO]::[importFile : null]
[29-Aug-2016]::[6:53:36 PM]::[com.itd.efiling.itr.main.ctrl.d initialize]::[INFO]::[initialize ends: time taken: 2894ms]
[29-Aug-2016]::[6:53:36 PM]::[com.itd.efiling.itr.main.ctrl.d initialize]::[INFO]::[initialize ends: time taken: 2ms]
[29-Aug-2016]::[6:53:36 PM]::[com.sun.javafx.css.parser.CSSParser declaration]::[WARNING]::[CSS Error parsing '*{-fx-font-weight: bold;-fx-font: 22px;}: Expected '<font-family>' while parsing '-fx-font' at [1,34]]
[29-Aug-2016]::[6:53:36 PM]::[com.sun.javafx.css.parser.CSSParser declaration]::[WARNING]::[CSS Error parsing '*{-fx-background-color: linear-gradient(#3A5058, #6aa2b1);-fx-font-weight: bold;-fx-font: 22px;}: Expected '<font-family>' while parsing '-fx-font' at [1,90]]
[29-Aug-2016]::[6:53:36 PM]::[com.itd.efiling.itr.main.ctrl.ThreeRedLightsIlluminate start]::[INFO]::[mainController.windowWidth new : 1366.0]
[29-Aug-2016]::[6:53:37 PM]::[com.itd.efiling.itr.main.ctrl.ThreeRedLightsIlluminate start]::[INFO]::[1366.0 :: 1079.14 :: 232.22000000000003]
[29-Aug-2016]::[6:53:38 PM]::[com.itd.efiling.itr.main.ctrl.ThreeRedLightsIlluminate start]::[INFO]::[MainLoader start method ends. Time taken: 10452]
[29-Aug-2016]::[6:53:40 PM]::[com.itd.efiling.itr.common.a.a a]::[INFO]::[oldState  : RUNNING newState : SUCCEEDED]
[29-Aug-2016]::[6:53:40 PM]::[com.itd.efiling.itr.common.a.a a]::[INFO]::[jsobj [object Window]]
[29-Aug-2016]::[6:53:48 PM]::[com.itd.efiling.itr.common.a.a a]::[INFO]::[time taken in changed : 114]
[29-Aug-2016]::[6:53:49 PM]::[com.itd.efiling.itr.toolbar.b prefill]::[INFO]::[prefill]
[29-Aug-2016]::[6:53:50 PM]::[com.itd.efiling.itr.a.a.a <init>]::[INFO]::[CommonDialog starts]
[29-Aug-2016]::[6:53:51 PM]::[com.itd.efiling.itr.a.a.a <init>]::[INFO]::[CommonDialog ends]
[29-Aug-2016]::[6:54:15 PM]::[com.itd.efiling.itr.a.a.f prefill]::[INFO]::[prefill caled]
[29-Aug-2016]::[6:54:15 PM]::[com.itd.efiling.itr.webservice.a.a b]::[INFO]::[call starts ]
[29-Aug-2016]::[6:54:15 PM]::[com.itd.efiling.itr.a.a.f prefill]::[INFO]::[prefill ends after starting thread: ]
[29-Aug-2016]::[6:54:15 PM]::[com.itd.efiling.itr.webservice.a.a c]::[INFO]::[sendRequest starts]
[29-Aug-2016]::[6:54:15 PM]::[com.itd.efiling.itr.common.util.e getSecuredRequest]::[INFO]::[Before getting secured request]
[29-Aug-2016]::[6:54:16 PM]::[com.itd.efiling.itr.common.util.e getSecuredRequest]::[INFO]::[After getting secured request]
[29-Aug-2016]::[6:54:16 PM]::[com.itd.efiling.itr.common.util.c d]::[INFO]::[file : .\ITR]
[29-Aug-2016]::[6:54:16 PM]::[com.itd.efiling.itr.common.util.c d]::[INFO]::[file : .\ITR-4S_AY201617_PR5.jar]
[29-Aug-2016]::[6:54:17 PM]::[com.itd.efiling.itr.webservice.a.a c]::[INFO]::[Soap fault: [soap:Fault: null]]
[29-Aug-2016]::[6:54:17 PM]::[com.itd.efiling.itr.webservice.a.a c]::[INFO]::[Soap errorNode : null]
[29-Aug-2016]::[6:54:17 PM]::[com.itd.efiling.itr.webservice.a.a c]::[INFO]::[sendrequest ends]
[29-Aug-2016]::[6:54:17 PM]::[com.itd.efiling.itr.webservice.a.a b]::[INFO]::[call ends Time taken:2685]
[29-Aug-2016]::[6:54:54 PM]::[com.itd.efiling.itr.a.a.f cancel]::[INFO]::[cancel caled]
[29-Aug-2016]::[6:54:55 PM]::[com.itd.efiling.itr.common.dialog.o a]::[INFO]::[Inside  closeUtility]
[29-Aug-2016]::[6:54:57 PM]::[com.itd.efiling.itr.main.ctrl.h a]::[INFO]::[ Close Event WindowEvent [source = javafx.stage.Stage@a28d78, target = javafx.stage.Stage@a28d78, eventType = WINDOW_CLOSE_REQUEST, consumed = false]]
