[27-Mar-2018]::[4:42:23 PM]::[com.itd.efiling.itr.main.ctrl.ThreeRedLightsIlluminate init]::[INFO]::[init starts]
[27-Mar-2018]::[4:42:23 PM]::[com.itd.efiling.itr.common.util.j setUtilityParams]::[INFO]::[url jar:file:/C:/Program%20Files/Java/jre1.8.0_161/lib/ext/jfxrt.jar!/META-INF/MANIFEST.MF]
[27-Mar-2018]::[4:42:23 PM]::[com.itd.efiling.itr.common.util.j setUtilityParams]::[INFO]::[url jar:file:/E:/Data0/IT%20Returns/Aruna%20Salunkhe/ITR-4_2017/ITR-4_AY201718_PR12.jar!/META-INF/MANIFEST.MF]
[27-Mar-2018]::[4:42:23 PM]::[com.itd.efiling.itr.common.util.j setUtilityParams]::[INFO]::[2017-18 :: ITR-4 :: ]
[27-Mar-2018]::[4:42:23 PM]::[com.itd.efiling.itr.main.ctrl.ThreeRedLightsIlluminate init]::[INFO]::[init ends in 21 ms.]
[27-Mar-2018]::[4:42:23 PM]::[com.itd.efiling.itr.main.ctrl.ThreeRedLightsIlluminate start]::[INFO]::[MainLoader start method starts]
[27-Mar-2018]::[4:42:23 PM]::[com.itd.efiling.itr.main.ctrl.d initialize]::[INFO]::[initialize starts]
[27-Mar-2018]::[4:42:23 PM]::[com.itd.efiling.itr.common.util.c b]::[INFO]::[Before Validating fileListCommonScript ]
[27-Mar-2018]::[4:42:24 PM]::[com.itd.efiling.itr.common.util.c b]::[INFO]::[Before Validating fileListItrAy ]
[27-Mar-2018]::[4:42:24 PM]::[com.itd.efiling.itr.common.util.c b]::[INFO]::[Before Validating fileListConfig ]
[27-Mar-2018]::[4:42:24 PM]::[com.itd.efiling.itr.common.util.c b]::[INFO]::[Before Validating verifySignature ]
[27-Mar-2018]::[4:42:24 PM]::[com.itd.efiling.itr.common.util.c a]::[INFO]::[verifies : true]
[27-Mar-2018]::[4:42:24 PM]::[com.itd.efiling.itr.main.ctrl.d initialize]::[INFO]::[Is utiltity valid ::true]
[27-Mar-2018]::[4:42:24 PM]::[com.itd.efiling.itr.a.a.d c]::[INFO]::[loadingDialog starts]
[27-Mar-2018]::[4:42:24 PM]::[com.itd.efiling.itr.a.a.a <init>]::[INFO]::[CommonDialog starts]
[27-Mar-2018]::[4:42:24 PM]::[com.itd.efiling.itr.a.a.a <init>]::[INFO]::[CommonDialog ends]
[27-Mar-2018]::[4:42:24 PM]::[com.itd.efiling.itr.a.a.d c]::[INFO]::[loadingDialog ends]
[27-Mar-2018]::[4:42:24 PM]::[com.itd.efiling.itr.main.ctrl.a b]::[INFO]::[hide validation]
[27-Mar-2018]::[4:42:24 PM]::[com.itd.efiling.itr.main.ctrl.d a]::[INFO]::[importFile : null]
[27-Mar-2018]::[4:42:24 PM]::[com.itd.efiling.itr.main.ctrl.d initialize]::[INFO]::[initialize ends: time taken: 1019ms]
[27-Mar-2018]::[4:42:24 PM]::[com.itd.efiling.itr.main.ctrl.d initialize]::[INFO]::[initialize ends: time taken: 0ms]
[27-Mar-2018]::[4:42:24 PM]::[com.sun.javafx.css.parser.CSSParser declaration]::[WARNING]::[CSS Error parsing '*{-fx-background-color: linear-gradient(#3A5058, #6aa2b1);-fx-font-weight: bold;-fx-font: 22px;}: Expected '<font-family>' while parsing '-fx-font' at [1,90]]
[27-Mar-2018]::[4:42:24 PM]::[com.sun.javafx.css.parser.CSSParser declaration]::[WARNING]::[CSS Error parsing '*{-fx-font-weight: bold;-fx-font: 22px;}: Expected '<font-family>' while parsing '-fx-font' at [1,34]]
[27-Mar-2018]::[4:42:24 PM]::[com.itd.efiling.itr.main.ctrl.ThreeRedLightsIlluminate start]::[INFO]::[mainController.windowWidth new : 1304.0]
[27-Mar-2018]::[4:42:24 PM]::[com.itd.efiling.itr.main.ctrl.ThreeRedLightsIlluminate start]::[INFO]::[1304.0 :: 1030.16 :: 221.68]
[27-Mar-2018]::[4:42:24 PM]::[com.itd.efiling.itr.main.ctrl.ThreeRedLightsIlluminate start]::[INFO]::[MainLoader start method ends. Time taken: 1690]
[27-Mar-2018]::[4:42:25 PM]::[com.itd.efiling.itr.common.a.a a]::[INFO]::[oldState  : RUNNING newState : SUCCEEDED]
[27-Mar-2018]::[4:42:25 PM]::[com.itd.efiling.itr.common.a.a a]::[INFO]::[jsobj [object Window]]
[27-Mar-2018]::[4:42:26 PM]::[com.itd.efiling.itr.common.a.a a]::[INFO]::[time taken in changed : 42]
[27-Mar-2018]::[4:42:36 PM]::[com.itd.efiling.itr.toolbar.b prefill]::[INFO]::[prefill]
[27-Mar-2018]::[4:42:37 PM]::[com.itd.efiling.itr.toolbar.b prefill]::[INFO]::[importprefillXmlDialog starts]
[27-Mar-2018]::[4:42:37 PM]::[com.itd.efiling.itr.a.a.e a]::[INFO]::[extension : .open title : null type : false]
[27-Mar-2018]::[4:42:47 PM]::[com.itd.efiling.itr.toolbar.b prefill]::[INFO]::[imporprefilltXmlDialog ends]
[27-Mar-2018]::[4:44:09 PM]::[com.itd.efiling.itr.toolbar.b importXml]::[INFO]::[importXmlDialog starts]
[27-Mar-2018]::[4:44:09 PM]::[com.itd.efiling.itr.a.a.e a]::[INFO]::[extension : .open title : null type : false]
[27-Mar-2018]::[4:44:24 PM]::[com.itd.efiling.itr.toolbar.b importXml]::[INFO]::[importXmlDialog ends]
[27-Mar-2018]::[4:49:03 PM]::[com.itd.efiling.itr.toolbar.b importXml]::[INFO]::[importXmlDialog starts]
[27-Mar-2018]::[4:49:03 PM]::[com.itd.efiling.itr.a.a.e a]::[INFO]::[extension : .open title : null type : false]
[27-Mar-2018]::[4:49:09 PM]::[com.itd.efiling.itr.toolbar.b a]::[INFO]::[Actual ITR ITR-4 Actual assesment year2017-18]
[27-Mar-2018]::[4:49:09 PM]::[com.itd.efiling.itr.toolbar.b a]::[INFO]::[Imported ITR ITR-4 Imported assesment year2017-18]
[27-Mar-2018]::[4:49:09 PM]::[com.itd.efiling.itr.a.a.d c]::[INFO]::[loadingDialog starts]
[27-Mar-2018]::[4:49:09 PM]::[com.itd.efiling.itr.a.a.a <init>]::[INFO]::[CommonDialog starts]
[27-Mar-2018]::[4:49:09 PM]::[com.itd.efiling.itr.a.a.a <init>]::[INFO]::[CommonDialog ends]
[27-Mar-2018]::[4:49:09 PM]::[com.itd.efiling.itr.a.a.d c]::[INFO]::[loadingDialog ends]
[27-Mar-2018]::[4:49:09 PM]::[com.itd.efiling.itr.main.ctrl.a b]::[INFO]::[hide validation]
[27-Mar-2018]::[4:49:09 PM]::[com.itd.efiling.itr.main.ctrl.d a]::[INFO]::[importFile : E:\Data0\IT Returns\Vaidhehi Salunkhe\2018-03-27-16-48-37-705_DTSPS7096L_2017_.xml]
[27-Mar-2018]::[4:49:09 PM]::[com.itd.efiling.itr.common.a.a a]::[INFO]::[oldState  : SUCCEEDED newState : READY]
[27-Mar-2018]::[4:49:09 PM]::[com.itd.efiling.itr.common.a.a a]::[INFO]::[oldState  : READY newState : SCHEDULED]
[27-Mar-2018]::[4:49:09 PM]::[com.itd.efiling.itr.common.a.a a]::[INFO]::[oldState  : SCHEDULED newState : RUNNING]
[27-Mar-2018]::[4:49:09 PM]::[com.itd.efiling.itr.toolbar.b importXml]::[INFO]::[importXmlDialog ends]
[27-Mar-2018]::[4:49:10 PM]::[com.itd.efiling.itr.common.a.a a]::[INFO]::[oldState  : RUNNING newState : SUCCEEDED]
[27-Mar-2018]::[4:49:10 PM]::[com.itd.efiling.itr.common.a.a a]::[INFO]::[jsobj [object Window]]
[27-Mar-2018]::[4:49:10 PM]::[com.itd.efiling.itr.common.util.l a]::[INFO]::[Before setDocument]
[27-Mar-2018]::[4:49:10 PM]::[com.itd.efiling.itr.common.util.l a]::[INFO]::[iterateNodeImportXml 0]
[27-Mar-2018]::[4:49:10 PM]::[com.itd.efiling.itr.common.util.l a]::[INFO]::[cacheHtmlElements ]
[27-Mar-2018]::[4:49:10 PM]::[com.itd.efiling.itr.common.util.l b]::[INFO]::[Before cacheHtmlElements 0]
[27-Mar-2018]::[4:49:10 PM]::[com.itd.efiling.itr.common.util.l b]::[INFO]::[After cacheHtmlElements 278]
[27-Mar-2018]::[4:49:10 PM]::[com.itd.efiling.itr.common.util.l a]::[INFO]::[putValuesToHTML ]
[27-Mar-2018]::[4:49:10 PM]::[com.itd.efiling.itr.common.util.l a]::[INFO]::[Before setValuesInForm]
[27-Mar-2018]::[4:49:10 PM]::[com.itd.efiling.itr.common.util.l a]::[INFO]::[End of putValuesToHTML]
[27-Mar-2018]::[4:49:10 PM]::[com.itd.efiling.itr.common.util.l a]::[INFO]::[time taken in importxml function: 26]
[27-Mar-2018]::[4:49:12 PM]::[com.itd.efiling.itr.common.a.a a]::[INFO]::[time taken in changed : 1244]
[27-Mar-2018]::[4:49:12 PM]::[com.itd.efiling.itr.common.a.a a]::[INFO]::[oldState  : RUNNING newState : SUCCEEDED]
[27-Mar-2018]::[4:49:36 PM]::[com.itd.efiling.itr.validation.a.a a]::[INFO]::[FIELD_VALIDATORS_MAP 243]
[27-Mar-2018]::[4:50:12 PM]::[com.itd.efiling.itr.main.ctrl.g a]::[INFO]::[itrEngine alert: inside NRI msg]
[27-Mar-2018]::[4:50:14 PM]::[com.itd.efiling.itr.main.ctrl.g a]::[INFO]::[itrEngine alert: inside NRI msg]
[27-Mar-2018]::[4:51:54 PM]::[com.itd.efiling.itr.main.ctrl.g a]::[INFO]::[itrEngine alert: inside NRI msg]
[27-Mar-2018]::[4:51:59 PM]::[com.itd.efiling.itr.main.ctrl.g a]::[INFO]::[itrEngine alert: inside NRI msg]
[27-Mar-2018]::[4:53:28 PM]::[com.itd.efiling.itr.main.ctrl.g a]::[INFO]::[itrEngine alert: inside NRI msg]
[27-Mar-2018]::[4:53:31 PM]::[com.itd.efiling.itr.main.ctrl.g a]::[INFO]::[itrEngine alert: inside NRI msg]
[27-Mar-2018]::[4:53:46 PM]::[com.itd.efiling.itr.main.ctrl.g a]::[INFO]::[itrEngine alert: inside NRI msg]
[27-Mar-2018]::[4:54:29 PM]::[com.itd.efiling.itr.toolbar.b validateAndSaveFile]::[INFO]::[validateAndSaveFile ]
[27-Mar-2018]::[4:54:29 PM]::[com.itd.efiling.itr.main.ctrl.a c]::[INFO]::[show validation]
[27-Mar-2018]::[4:54:29 PM]::[com.itd.efiling.itr.validation.helpers.Validator validateAll]::[INFO]::[Time taken in validateAll(): 0]
[27-Mar-2018]::[4:54:29 PM]::[com.itd.efiling.itr.validation.helpers.Validator call]::[INFO]::[Call() starts : ]
[27-Mar-2018]::[4:54:29 PM]::[com.itd.efiling.itr.validation.helpers.Validator call]::[INFO]::[Call() ends time taken: 38  error count :2]
[27-Mar-2018]::[4:54:39 PM]::[com.itd.efiling.itr.main.ctrl.g a]::[INFO]::[itrEngine alert: inside NRI msg]
[27-Mar-2018]::[4:54:40 PM]::[com.itd.efiling.itr.main.ctrl.g a]::[INFO]::[itrEngine alert: inside NRI msg]
[27-Mar-2018]::[4:54:41 PM]::[com.itd.efiling.itr.toolbar.b validateAndSaveFile]::[INFO]::[validateAndSaveFile ]
[27-Mar-2018]::[4:54:41 PM]::[com.itd.efiling.itr.main.ctrl.a c]::[INFO]::[show validation]
[27-Mar-2018]::[4:54:41 PM]::[com.itd.efiling.itr.validation.helpers.Validator validateAll]::[INFO]::[Time taken in validateAll(): 0]
[27-Mar-2018]::[4:54:41 PM]::[com.itd.efiling.itr.validation.helpers.Validator call]::[INFO]::[Call() starts : ]
[27-Mar-2018]::[4:54:41 PM]::[com.itd.efiling.itr.validation.helpers.Validator call]::[INFO]::[Call() ends time taken: 18  error count :2]
[27-Mar-2018]::[4:54:57 PM]::[com.itd.efiling.itr.main.ctrl.g a]::[INFO]::[itrEngine alert: inside NRI msg]
[27-Mar-2018]::[4:55:07 PM]::[com.itd.efiling.itr.toolbar.b validateAndSaveFile]::[INFO]::[validateAndSaveFile ]
[27-Mar-2018]::[4:55:07 PM]::[com.itd.efiling.itr.main.ctrl.a c]::[INFO]::[show validation]
[27-Mar-2018]::[4:55:07 PM]::[com.itd.efiling.itr.validation.helpers.Validator validateAll]::[INFO]::[Time taken in validateAll(): 0]
[27-Mar-2018]::[4:55:07 PM]::[com.itd.efiling.itr.validation.helpers.Validator call]::[INFO]::[Call() starts : ]
[27-Mar-2018]::[4:55:07 PM]::[com.itd.efiling.itr.validation.helpers.Validator call]::[INFO]::[Call() ends time taken: 18  error count :0]
[27-Mar-2018]::[4:55:07 PM]::[com.itd.efiling.itr.a.a.e a]::[INFO]::[extension : .xml title : null type : true]
[27-Mar-2018]::[4:55:22 PM]::[com.itd.efiling.itr.common.util.f b]::[INFO]::[Before setDocument]
[27-Mar-2018]::[4:55:22 PM]::[com.itd.efiling.itr.common.util.f b]::[INFO]::[After setDocument[#document: null]]
[27-Mar-2018]::[4:55:22 PM]::[com.itd.efiling.itr.common.cachers.b a]::[INFO]::[flagtrue]
[27-Mar-2018]::[4:55:22 PM]::[com.itd.efiling.itr.common.cachers.b a]::[INFO]::[doc[#document: null]]
[27-Mar-2018]::[4:55:23 PM]::[com.itd.efiling.itr.common.cachers.b a]::[INFO]::[Inside deleteNodeGenerateXml]
[27-Mar-2018]::[4:55:23 PM]::[com.itd.efiling.itr.common.util.f b]::[INFO]::[FIELD_VALUE 278]
[27-Mar-2018]::[4:55:23 PM]::[com.itd.efiling.itr.common.util.f a]::[INFO]::[done with schema error; 0]
[27-Mar-2018]::[4:55:23 PM]::[com.itd.efiling.itr.common.util.f a]::[INFO]::[hash {} 8xKA62k7taxt+RgMVQkwb7Bm0P44DcxxHCoRF6B+epk=]
[27-Mar-2018]::[4:55:23 PM]::[com.itd.efiling.itr.common.util.f a]::[INFO]::[Time taken to generate: 304 ms ]
[27-Mar-2018]::[4:57:27 PM]::[com.itd.efiling.itr.toolbar.b validateAndSaveFile]::[INFO]::[validateAndSaveFile ]
[27-Mar-2018]::[4:57:27 PM]::[com.itd.efiling.itr.main.ctrl.a c]::[INFO]::[show validation]
[27-Mar-2018]::[4:57:27 PM]::[com.itd.efiling.itr.validation.helpers.Validator validateAll]::[INFO]::[Time taken in validateAll(): 0]
[27-Mar-2018]::[4:57:27 PM]::[com.itd.efiling.itr.validation.helpers.Validator call]::[INFO]::[Call() starts : ]
[27-Mar-2018]::[4:57:27 PM]::[com.itd.efiling.itr.validation.helpers.Validator call]::[INFO]::[Call() ends time taken: 19  error count :0]
[27-Mar-2018]::[4:57:27 PM]::[com.itd.efiling.itr.a.a.e a]::[INFO]::[extension : .xml title : null type : true]
[27-Mar-2018]::[4:57:36 PM]::[com.itd.efiling.itr.common.util.f b]::[INFO]::[Before setDocument]
[27-Mar-2018]::[4:57:36 PM]::[com.itd.efiling.itr.common.util.f b]::[INFO]::[After setDocument[#document: null]]
[27-Mar-2018]::[4:57:36 PM]::[com.itd.efiling.itr.common.cachers.b a]::[INFO]::[flagtrue]
[27-Mar-2018]::[4:57:36 PM]::[com.itd.efiling.itr.common.cachers.b a]::[INFO]::[doc[#document: null]]
[27-Mar-2018]::[4:57:36 PM]::[com.itd.efiling.itr.common.cachers.b a]::[INFO]::[Inside deleteNodeGenerateXml]
[27-Mar-2018]::[4:57:36 PM]::[com.itd.efiling.itr.common.util.f b]::[INFO]::[FIELD_VALUE 278]
[27-Mar-2018]::[4:57:36 PM]::[com.itd.efiling.itr.common.util.f a]::[INFO]::[done with schema error; 0]
[27-Mar-2018]::[4:57:36 PM]::[com.itd.efiling.itr.common.util.f a]::[INFO]::[hash {} dwRYoSVtmiEuzyAmPawv6wyJx7dsHeHC7Inj+d8Px1I=]
[27-Mar-2018]::[4:57:36 PM]::[com.itd.efiling.itr.common.util.f a]::[INFO]::[Time taken to generate: 149 ms ]
[27-Mar-2018]::[5:03:03 PM]::[com.itd.efiling.itr.toolbar.b calculateITR]::[INFO]::[calculateITR starts]
[27-Mar-2018]::[5:03:03 PM]::[com.itd.efiling.itr.common.dialog.p b]::[INFO]::[Inside  reCalculate]
[27-Mar-2018]::[5:03:04 PM]::[com.itd.efiling.itr.main.ctrl.g a]::[INFO]::[itrEngine alert: inside NRI msg]
[27-Mar-2018]::[5:03:07 PM]::[com.itd.efiling.itr.toolbar.b submit]::[INFO]::[validateITR starts]
[27-Mar-2018]::[5:03:07 PM]::[com.itd.efiling.itr.main.ctrl.a c]::[INFO]::[show validation]
[27-Mar-2018]::[5:03:07 PM]::[com.itd.efiling.itr.validation.helpers.Validator validateAll]::[INFO]::[Time taken in validateAll(): 0]
[27-Mar-2018]::[5:03:07 PM]::[com.itd.efiling.itr.validation.helpers.Validator call]::[INFO]::[Call() starts : ]
[27-Mar-2018]::[5:03:07 PM]::[com.itd.efiling.itr.validation.helpers.Validator call]::[INFO]::[Call() ends time taken: 15  error count :0]
[27-Mar-2018]::[5:03:07 PM]::[com.itd.efiling.itr.common.util.f b]::[INFO]::[Before setDocument]
[27-Mar-2018]::[5:03:07 PM]::[com.itd.efiling.itr.common.util.f b]::[INFO]::[After setDocument[#document: null]]
[27-Mar-2018]::[5:03:07 PM]::[com.itd.efiling.itr.common.cachers.b a]::[INFO]::[flagtrue]
[27-Mar-2018]::[5:03:07 PM]::[com.itd.efiling.itr.common.cachers.b a]::[INFO]::[doc[#document: null]]
[27-Mar-2018]::[5:03:07 PM]::[com.itd.efiling.itr.common.cachers.b a]::[INFO]::[Inside deleteNodeGenerateXml]
[27-Mar-2018]::[5:03:07 PM]::[com.itd.efiling.itr.common.util.f b]::[INFO]::[FIELD_VALUE 278]
[27-Mar-2018]::[5:03:07 PM]::[com.itd.efiling.itr.common.util.f a]::[INFO]::[done with schema error; 0]
[27-Mar-2018]::[5:03:07 PM]::[com.itd.efiling.itr.common.util.f a]::[INFO]::[hash {} dwRYoSVtmiEuzyAmPawv6wyJx7dsHeHC7Inj+d8Px1I=]
[27-Mar-2018]::[5:03:07 PM]::[com.itd.efiling.itr.common.util.f a]::[INFO]::[Time taken to generate: 79 ms ]
[27-Mar-2018]::[5:03:07 PM]::[com.itd.efiling.itr.a.a.a <init>]::[INFO]::[CommonDialog starts]
[27-Mar-2018]::[5:03:07 PM]::[com.itd.efiling.itr.a.a.n initialize]::[INFO]::[initialize submit itr starts]
[27-Mar-2018]::[5:03:07 PM]::[com.itd.efiling.itr.a.a.n initialize]::[INFO]::[Time taken to get the document 3]
[27-Mar-2018]::[5:03:07 PM]::[com.itd.efiling.itr.a.a.n initialize]::[INFO]::[Time taken to set the parameters0]
[27-Mar-2018]::[5:03:07 PM]::[com.itd.efiling.itr.a.a.n initialize]::[INFO]::[Time taken to enableSec44AB 0]
[27-Mar-2018]::[5:03:07 PM]::[com.itd.efiling.itr.a.a.n r]::[INFO]::[Enabling 92E for AY2017-18 and ITR 3,5,6 and 7]
[27-Mar-2018]::[5:03:07 PM]::[com.itd.efiling.itr.a.a.n initialize]::[INFO]::[Time taken to addKeyEvent 1]
[27-Mar-2018]::[5:03:07 PM]::[com.itd.efiling.itr.a.a.n initialize]::[INFO]::[Time taken to hideDscRelated 0]
[27-Mar-2018]::[5:03:07 PM]::[com.itd.efiling.itr.b.a.n getKeyStoreAliases]::[INFO]::[set : []]
[27-Mar-2018]::[5:03:07 PM]::[com.itd.efiling.itr.a.a.n o]::[INFO]::[Time taken to initialize usb tokens348]
[27-Mar-2018]::[5:03:07 PM]::[com.itd.efiling.itr.a.a.n initialize]::[INFO]::[Time taken to initUsbTokens 349]
[27-Mar-2018]::[5:03:07 PM]::[com.itd.efiling.itr.a.a.a <init>]::[INFO]::[CommonDialog ends]
[27-Mar-2018]::[5:03:07 PM]::[com.itd.efiling.itr.a.a.n dscMandatory]::[INFO]::[dscMandatory starts::ITR-4]
[27-Mar-2018]::[5:03:07 PM]::[com.itd.efiling.itr.a.a.n dscMandatory]::[INFO]::[dscMandatory ends]
[27-Mar-2018]::[5:03:17 PM]::[com.itd.efiling.itr.a.a.n f]::[INFO]::[validateDSCKey ends with flag: true]
[27-Mar-2018]::[5:03:17 PM]::[com.itd.efiling.itr.webservice.a.f b]::[INFO]::[Thread call starts]
[27-Mar-2018]::[5:03:17 PM]::[com.itd.efiling.itr.webservice.a.f a]::[INFO]::[sendRequest starts]
[27-Mar-2018]::[5:03:17 PM]::[com.itd.efiling.itr.common.util.e getSecuredRequest]::[INFO]::[Before getting secured request]
[27-Mar-2018]::[5:03:17 PM]::[com.itd.efiling.itr.common.util.e getSecuredRequest]::[INFO]::[After getting secured request]
[27-Mar-2018]::[5:03:17 PM]::[com.itd.efiling.itr.common.util.c d]::[INFO]::[file : .\ITR-4_AY201718_PR12.jar]
[27-Mar-2018]::[5:03:18 PM]::[com.itd.efiling.itr.webservice.a.f a]::[INFO]::[Soap fault: , errorNode: nullnull]
[27-Mar-2018]::[5:03:18 PM]::[com.itd.efiling.itr.a.a.n cancel]::[INFO]::[cancel caled]
[27-Mar-2018]::[5:03:18 PM]::[com.itd.efiling.itr.webservice.a.f b]::[INFO]::[Thread call ends : time taken: 1038]
[27-Mar-2018]::[5:03:18 PM]::[com.itd.efiling.itr.webservice.a.f b]::[INFO]::[Writing to file: C:\Users\SHCOPC~1\AppData\Local\Temp\ITRvFile9714480032936080578252415196.zip]
[27-Mar-2018]::[5:03:18 PM]::[com.itd.efiling.itr.a.a.a <init>]::[INFO]::[CommonDialog starts]
[27-Mar-2018]::[5:03:18 PM]::[com.itd.efiling.itr.a.a.l initialize]::[INFO]::[initialize starts]
[27-Mar-2018]::[5:03:18 PM]::[com.itd.efiling.itr.a.a.l b]::[INFO]::[loadITRVPage stats with transaction id 5130131743 ,email girishsalunkhe350@gmail.com]
[27-Mar-2018]::[5:03:18 PM]::[com.itd.efiling.itr.a.a.a <init>]::[INFO]::[CommonDialog ends]
[27-Mar-2018]::[5:03:18 PM]::[com.itd.efiling.itr.a.a.l a]::[INFO]::[saveIfNot after shows: ]
[27-Mar-2018]::[5:03:21 PM]::[com.itd.efiling.itr.common.dialog.p a]::[INFO]::[Inside  closeUtility]
[27-Mar-2018]::[5:03:22 PM]::[com.itd.efiling.itr.main.ctrl.h a]::[INFO]::[ Close Event WindowEvent [source = javafx.stage.Stage@1500b6d, target = javafx.stage.Stage@1500b6d, eventType = WINDOW_CLOSE_REQUEST, consumed = false]]
