[11-Apr-2019]::[3:34:46 PM]::[com.itd.efiling.offline.common.player.ctrl.a initialize]::[INFO]::[msgContainer : VBox[id=msgContainer] scrollPane ScrollPane[id=formContainer, styleClass=scroll-pane]]
[11-Apr-2019]::[3:34:47 PM]::[com.itd.efiling.offline.form15h.ctrl.Form15HView <init>]::[INFO]::[Before loading fxmlLoader.....]
[11-Apr-2019]::[3:34:48 PM]::[com.itd.efiling.offline.form15h.ctrl.Form15HView <init>]::[INFO]::[After loading fxmlLoader.....]
[11-Apr-2019]::[3:35:05 PM]::[com.itd.efiling.offline.common.validation.a.b a]::[INFO]::[VALIDATORS_TYPE_MAP 19]
[11-Apr-2019]::[3:35:05 PM]::[com.itd.efiling.offline.common.validation.a.a a]::[INFO]::[FIELD_VALIDATORS_MAP 39]
[11-Apr-2019]::[3:35:05 PM]::[com.itd.efiling.offline.common.i.a.b setErrorMessages]::[INFO]::[Error While executeOnChangeMethod for onChangeMethodName ... onChangeMode]
[11-Apr-2019]::[3:35:05 PM]::[com.itd.efiling.offline.common.i.a.b setErrorMessages]::[SEVERE]::[com.itd.efiling.offline.form15h.a.a.a.onChangeMode(com.itd.efiling.offline.javafx.ui.components.n)]
java.lang.NoSuchMethodException: com.itd.efiling.offline.form15h.a.a.a.onChangeMode(com.itd.efiling.offline.javafx.ui.components.n)
	at java.lang.Class.getMethod(Unknown Source)
	at com.itd.efiling.offline.common.i.a.b.setErrorMessages(Unknown Source)
	at com.itd.efiling.offline.common.i.a.b.<clinit>(Unknown Source)
	at com.itd.efiling.offline.common.i.a.a.a(Unknown Source)
	at com.itd.efiling.offline.javafx.ui.components.b.a(Unknown Source)
	at com.itd.efiling.offline.javafx.ui.components.b.changed(Unknown Source)
	at com.sun.javafx.binding.ExpressionHelper$Generic.fireValueChangedEvent(ExpressionHelper.java:361)
	at com.sun.javafx.binding.ExpressionHelper.fireValueChangedEvent(ExpressionHelper.java:81)
	at javafx.beans.property.ReadOnlyBooleanPropertyBase.fireValueChangedEvent(ReadOnlyBooleanPropertyBase.java:72)
	at javafx.scene.Node$FocusedProperty.notifyListeners(Node.java:7718)
	at javafx.scene.Scene$13.invalidated(Scene.java:2077)
	at javafx.beans.property.ObjectPropertyBase.markInvalid(ObjectPropertyBase.java:111)
	at javafx.beans.property.ObjectPropertyBase.set(ObjectPropertyBase.java:146)
	at javafx.scene.Scene$KeyHandler.setFocusOwner(Scene.java:3924)
	at javafx.scene.Scene$KeyHandler.requestFocus(Scene.java:3971)
	at javafx.scene.Scene$KeyHandler.access$1900(Scene.java:3910)
	at javafx.scene.Scene.requestFocus(Scene.java:2044)
	at javafx.scene.Node.requestFocus(Node.java:7879)
	at com.sun.javafx.scene.control.behavior.ComboBoxBaseBehavior.show(ComboBoxBaseBehavior.java:285)
	at com.sun.javafx.scene.control.behavior.ComboBoxBaseBehavior.mouseReleased(ComboBoxBaseBehavior.java:241)
	at com.sun.javafx.scene.control.skin.BehaviorSkinBase$1.handle(BehaviorSkinBase.java:96)
	at com.sun.javafx.scene.control.skin.BehaviorSkinBase$1.handle(BehaviorSkinBase.java:89)
	at com.sun.javafx.event.CompositeEventHandler$NormalEventHandlerRecord.handleBubblingEvent(CompositeEventHandler.java:218)
	at com.sun.javafx.event.CompositeEventHandler.dispatchBubblingEvent(CompositeEventHandler.java:80)
	at com.sun.javafx.event.EventHandlerManager.dispatchBubblingEvent(EventHandlerManager.java:238)
	at com.sun.javafx.event.EventHandlerManager.dispatchBubblingEvent(EventHandlerManager.java:191)
	at com.sun.javafx.event.CompositeEventDispatcher.dispatchBubblingEvent(CompositeEventDispatcher.java:59)
	at com.sun.javafx.event.BasicEventDispatcher.dispatchEvent(BasicEventDispatcher.java:58)
	at com.sun.javafx.event.EventDispatchChainImpl.dispatchEvent(EventDispatchChainImpl.java:114)
	at com.sun.javafx.event.BasicEventDispatcher.dispatchEvent(BasicEventDispatcher.java:56)
	at com.sun.javafx.event.EventDispatchChainImpl.dispatchEvent(EventDispatchChainImpl.java:114)
	at com.sun.javafx.event.BasicEventDispatcher.dispatchEvent(BasicEventDispatcher.java:56)
	at com.sun.javafx.event.EventDispatchChainImpl.dispatchEvent(EventDispatchChainImpl.java:114)
	at com.sun.javafx.event.BasicEventDispatcher.dispatchEvent(BasicEventDispatcher.java:56)
	at com.sun.javafx.event.EventDispatchChainImpl.dispatchEvent(EventDispatchChainImpl.java:114)
	at com.sun.javafx.event.BasicEventDispatcher.dispatchEvent(BasicEventDispatcher.java:56)
	at com.sun.javafx.event.EventDispatchChainImpl.dispatchEvent(EventDispatchChainImpl.java:114)
	at com.sun.javafx.event.BasicEventDispatcher.dispatchEvent(BasicEventDispatcher.java:56)
	at com.sun.javafx.event.EventDispatchChainImpl.dispatchEvent(EventDispatchChainImpl.java:114)
	at com.sun.javafx.event.BasicEventDispatcher.dispatchEvent(BasicEventDispatcher.java:56)
	at com.sun.javafx.event.EventDispatchChainImpl.dispatchEvent(EventDispatchChainImpl.java:114)
	at com.sun.javafx.event.EventUtil.fireEventImpl(EventUtil.java:74)
	at com.sun.javafx.event.EventUtil.fireEvent(EventUtil.java:54)
	at javafx.event.Event.fireEvent(Event.java:198)
	at javafx.scene.Scene$MouseHandler.process(Scene.java:3757)
	at javafx.scene.Scene$MouseHandler.access$1500(Scene.java:3485)
	at javafx.scene.Scene.impl_processMouseEvent(Scene.java:1762)
	at javafx.scene.Scene$ScenePeerListener.mouseEvent(Scene.java:2494)
	at com.sun.javafx.tk.quantum.GlassViewEventHandler$MouseEventNotification.run(GlassViewEventHandler.java:394)
	at com.sun.javafx.tk.quantum.GlassViewEventHandler$MouseEventNotification.run(GlassViewEventHandler.java:295)
	at java.security.AccessController.doPrivileged(Native Method)
	at com.sun.javafx.tk.quantum.GlassViewEventHandler.lambda$handleMouseEvent$353(GlassViewEventHandler.java:432)
	at com.sun.javafx.tk.quantum.QuantumToolkit.runWithoutRenderLock(QuantumToolkit.java:389)
	at com.sun.javafx.tk.quantum.GlassViewEventHandler.handleMouseEvent(GlassViewEventHandler.java:431)
	at com.sun.glass.ui.View.handleMouseEvent(View.java:555)
	at com.sun.glass.ui.View.notifyMouse(View.java:937)
	at com.sun.glass.ui.win.WinApplication._runLoop(Native Method)
	at com.sun.glass.ui.win.WinApplication.lambda$null$147(WinApplication.java:177)
	at java.lang.Thread.run(Unknown Source)

[11-Apr-2019]::[3:35:05 PM]::[com.itd.efiling.offline.common.i.a.b setErrorMessages]::[INFO]::[Error While executeOnChangeMethod for onChangeMethodName ... test]
[11-Apr-2019]::[3:35:05 PM]::[com.itd.efiling.offline.common.i.a.b setErrorMessages]::[SEVERE]::[com.itd.efiling.offline.form15h.a.a.a.test(com.itd.efiling.offline.javafx.ui.components.n)]
java.lang.NoSuchMethodException: com.itd.efiling.offline.form15h.a.a.a.test(com.itd.efiling.offline.javafx.ui.components.n)
	at java.lang.Class.getMethod(Unknown Source)
	at com.itd.efiling.offline.common.i.a.b.setErrorMessages(Unknown Source)
	at com.itd.efiling.offline.common.i.a.b.<clinit>(Unknown Source)
	at com.itd.efiling.offline.common.i.a.a.a(Unknown Source)
	at com.itd.efiling.offline.javafx.ui.components.b.a(Unknown Source)
	at com.itd.efiling.offline.javafx.ui.components.b.changed(Unknown Source)
	at com.sun.javafx.binding.ExpressionHelper$Generic.fireValueChangedEvent(ExpressionHelper.java:361)
	at com.sun.javafx.binding.ExpressionHelper.fireValueChangedEvent(ExpressionHelper.java:81)
	at javafx.beans.property.ReadOnlyBooleanPropertyBase.fireValueChangedEvent(ReadOnlyBooleanPropertyBase.java:72)
	at javafx.scene.Node$FocusedProperty.notifyListeners(Node.java:7718)
	at javafx.scene.Scene$13.invalidated(Scene.java:2077)
	at javafx.beans.property.ObjectPropertyBase.markInvalid(ObjectPropertyBase.java:111)
	at javafx.beans.property.ObjectPropertyBase.set(ObjectPropertyBase.java:146)
	at javafx.scene.Scene$KeyHandler.setFocusOwner(Scene.java:3924)
	at javafx.scene.Scene$KeyHandler.requestFocus(Scene.java:3971)
	at javafx.scene.Scene$KeyHandler.access$1900(Scene.java:3910)
	at javafx.scene.Scene.requestFocus(Scene.java:2044)
	at javafx.scene.Node.requestFocus(Node.java:7879)
	at com.sun.javafx.scene.control.behavior.ComboBoxBaseBehavior.show(ComboBoxBaseBehavior.java:285)
	at com.sun.javafx.scene.control.behavior.ComboBoxBaseBehavior.mouseReleased(ComboBoxBaseBehavior.java:241)
	at com.sun.javafx.scene.control.skin.BehaviorSkinBase$1.handle(BehaviorSkinBase.java:96)
	at com.sun.javafx.scene.control.skin.BehaviorSkinBase$1.handle(BehaviorSkinBase.java:89)
	at com.sun.javafx.event.CompositeEventHandler$NormalEventHandlerRecord.handleBubblingEvent(CompositeEventHandler.java:218)
	at com.sun.javafx.event.CompositeEventHandler.dispatchBubblingEvent(CompositeEventHandler.java:80)
	at com.sun.javafx.event.EventHandlerManager.dispatchBubblingEvent(EventHandlerManager.java:238)
	at com.sun.javafx.event.EventHandlerManager.dispatchBubblingEvent(EventHandlerManager.java:191)
	at com.sun.javafx.event.CompositeEventDispatcher.dispatchBubblingEvent(CompositeEventDispatcher.java:59)
	at com.sun.javafx.event.BasicEventDispatcher.dispatchEvent(BasicEventDispatcher.java:58)
	at com.sun.javafx.event.EventDispatchChainImpl.dispatchEvent(EventDispatchChainImpl.java:114)
	at com.sun.javafx.event.BasicEventDispatcher.dispatchEvent(BasicEventDispatcher.java:56)
	at com.sun.javafx.event.EventDispatchChainImpl.dispatchEvent(EventDispatchChainImpl.java:114)
	at com.sun.javafx.event.BasicEventDispatcher.dispatchEvent(BasicEventDispatcher.java:56)
	at com.sun.javafx.event.EventDispatchChainImpl.dispatchEvent(EventDispatchChainImpl.java:114)
	at com.sun.javafx.event.BasicEventDispatcher.dispatchEvent(BasicEventDispatcher.java:56)
	at com.sun.javafx.event.EventDispatchChainImpl.dispatchEvent(EventDispatchChainImpl.java:114)
	at com.sun.javafx.event.BasicEventDispatcher.dispatchEvent(BasicEventDispatcher.java:56)
	at com.sun.javafx.event.EventDispatchChainImpl.dispatchEvent(EventDispatchChainImpl.java:114)
	at com.sun.javafx.event.BasicEventDispatcher.dispatchEvent(BasicEventDispatcher.java:56)
	at com.sun.javafx.event.EventDispatchChainImpl.dispatchEvent(EventDispatchChainImpl.java:114)
	at com.sun.javafx.event.BasicEventDispatcher.dispatchEvent(BasicEventDispatcher.java:56)
	at com.sun.javafx.event.EventDispatchChainImpl.dispatchEvent(EventDispatchChainImpl.java:114)
	at com.sun.javafx.event.EventUtil.fireEventImpl(EventUtil.java:74)
	at com.sun.javafx.event.EventUtil.fireEvent(EventUtil.java:54)
	at javafx.event.Event.fireEvent(Event.java:198)
	at javafx.scene.Scene$MouseHandler.process(Scene.java:3757)
	at javafx.scene.Scene$MouseHandler.access$1500(Scene.java:3485)
	at javafx.scene.Scene.impl_processMouseEvent(Scene.java:1762)
	at javafx.scene.Scene$ScenePeerListener.mouseEvent(Scene.java:2494)
	at com.sun.javafx.tk.quantum.GlassViewEventHandler$MouseEventNotification.run(GlassViewEventHandler.java:394)
	at com.sun.javafx.tk.quantum.GlassViewEventHandler$MouseEventNotification.run(GlassViewEventHandler.java:295)
	at java.security.AccessController.doPrivileged(Native Method)
	at com.sun.javafx.tk.quantum.GlassViewEventHandler.lambda$handleMouseEvent$353(GlassViewEventHandler.java:432)
	at com.sun.javafx.tk.quantum.QuantumToolkit.runWithoutRenderLock(QuantumToolkit.java:389)
	at com.sun.javafx.tk.quantum.GlassViewEventHandler.handleMouseEvent(GlassViewEventHandler.java:431)
	at com.sun.glass.ui.View.handleMouseEvent(View.java:555)
	at com.sun.glass.ui.View.notifyMouse(View.java:937)
	at com.sun.glass.ui.win.WinApplication._runLoop(Native Method)
	at com.sun.glass.ui.win.WinApplication.lambda$null$147(WinApplication.java:177)
	at java.lang.Thread.run(Unknown Source)

[11-Apr-2019]::[3:35:12 PM]::[javafx.scene.CssStyleHelper calculateValue]::[WARNING]::[Could not resolve '-fx-focused-base' while resolving lookups for '-fx-text-fill' from rule '*.button' in stylesheet jar:file:/C:/Program%20Files%20(x86)/Java/jre1.8.0_201/lib/ext/jfxrt.jar!/com/sun/javafx/scene/control/skin/modena/modena.bss]
[11-Apr-2019]::[3:35:12 PM]::[com.itd.efiling.offline.common.k.g a]::[INFO]::[extension : .csv title : Open]
[11-Apr-2019]::[3:35:27 PM]::[com.itd.efiling.offline.javafx.ui.components.g importCsv]::[INFO]::[records com.itd.efiling.offline.common.c.b.d@1519976]
[11-Apr-2019]::[3:35:27 PM]::[com.itd.efiling.offline.common.c.a.a.a a]::[INFO]::[IMPORT_CSV_DTL_MAPPINGS 2]
[11-Apr-2019]::[3:35:27 PM]::[com.itd.efiling.offline.javafx.ui.components.g importCsv]::[INFO]::[importCsvMappings 26]
[11-Apr-2019]::[3:35:28 PM]::[javafx.scene.CssStyleHelper calculateValue]::[WARNING]::[Could not resolve '-fx-focused-base' while resolving lookups for '-fx-text-fill' from rule '*.button' in stylesheet jar:file:/C:/Program%20Files%20(x86)/Java/jre1.8.0_201/lib/ext/jfxrt.jar!/com/sun/javafx/scene/control/skin/modena/modena.bss]
[11-Apr-2019]::[3:35:30 PM]::[com.itd.efiling.offline.common.k.g a]::[INFO]::[extension : .csv title : Open]
[11-Apr-2019]::[3:35:33 PM]::[com.itd.efiling.offline.common.player.ctrl.a validate]::[INFO]::[Start validate]
[11-Apr-2019]::[3:35:33 PM]::[com.itd.efiling.offline.common.validation.validators.ChildListValidator validate]::[INFO]::[list 20]
[11-Apr-2019]::[3:35:33 PM]::[com.itd.efiling.offline.common.validation.validators.ChildListValidator validate]::[INFO]::[keyParentSet size is {}20]
[11-Apr-2019]::[3:35:33 PM]::[com.itd.efiling.offline.common.validation.validators.ChildListValidator validate]::[INFO]::[keyChildSet size is {}20]
[11-Apr-2019]::[3:35:33 PM]::[com.itd.efiling.offline.common.validation.validators.ValidationUtil validateTableOnSave]::[INFO]::[Form.getForm() : Form15HView@8d3ea5 :: class com.itd.efiling.offline.form15h.ctrl.b]
[11-Apr-2019]::[3:35:33 PM]::[com.itd.efiling.offline.common.validation.validators.ValidationUtil validateTableOnSave]::[INFO]::[Form.getForm() : Form15HView@8d3ea5 :: class com.itd.efiling.offline.form15h.ctrl.a]
[11-Apr-2019]::[3:35:33 PM]::[com.itd.efiling.offline.common.player.ctrl.a validate]::[INFO]::[End validate]
[11-Apr-2019]::[3:35:34 PM]::[com.itd.efiling.offline.common.k.g a]::[INFO]::[extension : .zip title : ZIP file]
[11-Apr-2019]::[3:42:29 PM]::[com.itd.efiling.offline.common.dialog.o a]::[INFO]::[Inside  closeUtility]
[11-Apr-2019]::[3:42:31 PM]::[com.itd.efiling.offline.common.player.ctrl.f a]::[INFO]::[ Close Event WindowEvent [source = javafx.stage.Stage@8048e8, target = javafx.stage.Stage@8048e8, eventType = WINDOW_CLOSE_REQUEST, consumed = false]]
