[04-Aug-2016]::[4:15:56 PM]::[com.itd.efiling.itr.main.ctrl.ThreeRedLightsIlluminate init]::[INFO]::[init starts]
[04-Aug-2016]::[4:15:56 PM]::[com.itd.efiling.itr.common.util.j setUtilityParams]::[INFO]::[url jar:file:/D:/Tushar%20Data/Business/IT%20RETURNS/Piyush%20Adettiwar/A.Y.%202016-17/ITR-1_2016/ITR-1_AY201617_PR4.jar!/META-INF/MANIFEST.MF]
[04-Aug-2016]::[4:15:57 PM]::[com.itd.efiling.itr.common.util.j setUtilityParams]::[INFO]::[2016-17 :: ITR-1 :: ]
[04-Aug-2016]::[4:15:57 PM]::[com.itd.efiling.itr.main.ctrl.ThreeRedLightsIlluminate init]::[INFO]::[init ends in 45 ms.]
[04-Aug-2016]::[4:15:57 PM]::[com.itd.efiling.itr.main.ctrl.ThreeRedLightsIlluminate start]::[INFO]::[MainLoader start method starts]
[04-Aug-2016]::[4:15:58 PM]::[com.itd.efiling.itr.main.ctrl.d initialize]::[INFO]::[initialize starts]
[04-Aug-2016]::[4:15:58 PM]::[com.itd.efiling.itr.common.util.c b]::[INFO]::[Before Validating fileListCommonScript ]
[04-Aug-2016]::[4:15:58 PM]::[com.itd.efiling.itr.common.util.c b]::[INFO]::[Before Validating fileListItrAy ]
[04-Aug-2016]::[4:15:58 PM]::[com.itd.efiling.itr.common.util.c b]::[INFO]::[Before Validating fileListConfig ]
[04-Aug-2016]::[4:15:59 PM]::[com.itd.efiling.itr.common.util.c b]::[INFO]::[Before Validating verifySignature ]
[04-Aug-2016]::[4:15:59 PM]::[com.itd.efiling.itr.common.util.c a]::[INFO]::[verifies : true]
[04-Aug-2016]::[4:15:59 PM]::[com.itd.efiling.itr.main.ctrl.d initialize]::[INFO]::[Is utiltity valid ::true]
[04-Aug-2016]::[4:15:59 PM]::[com.itd.efiling.itr.a.a.d c]::[INFO]::[loadingDialog starts]
[04-Aug-2016]::[4:15:59 PM]::[com.itd.efiling.itr.a.a.a <init>]::[INFO]::[CommonDialog starts]
[04-Aug-2016]::[4:15:59 PM]::[com.itd.efiling.itr.a.a.a <init>]::[INFO]::[CommonDialog ends]
[04-Aug-2016]::[4:16:00 PM]::[com.itd.efiling.itr.a.a.d c]::[INFO]::[loadingDialog ends]
[04-Aug-2016]::[4:16:00 PM]::[com.itd.efiling.itr.main.ctrl.a b]::[INFO]::[hide validation]
[04-Aug-2016]::[4:16:00 PM]::[com.itd.efiling.itr.main.ctrl.d a]::[INFO]::[importFile : null]
[04-Aug-2016]::[4:16:00 PM]::[com.itd.efiling.itr.main.ctrl.d initialize]::[INFO]::[initialize ends: time taken: 1367ms]
[04-Aug-2016]::[4:16:00 PM]::[com.itd.efiling.itr.main.ctrl.d initialize]::[INFO]::[initialize ends: time taken: 1ms]
[04-Aug-2016]::[4:16:00 PM]::[com.sun.javafx.css.parser.CSSParser declaration]::[WARNING]::[CSS Error parsing '*{-fx-font-weight: bold;-fx-font: 22px;}: Expected '<font-family>' while parsing '-fx-font' at [1,34]]
[04-Aug-2016]::[4:16:00 PM]::[com.sun.javafx.css.parser.CSSParser declaration]::[WARNING]::[CSS Error parsing '*{-fx-background-color: linear-gradient(#3A5058, #6aa2b1);-fx-font-weight: bold;-fx-font: 22px;}: Expected '<font-family>' while parsing '-fx-font' at [1,90]]
[04-Aug-2016]::[4:16:00 PM]::[com.itd.efiling.itr.main.ctrl.ThreeRedLightsIlluminate start]::[INFO]::[mainController.windowWidth new : 1366.0]
[04-Aug-2016]::[4:16:00 PM]::[com.itd.efiling.itr.main.ctrl.ThreeRedLightsIlluminate start]::[INFO]::[1366.0 :: 1079.14 :: 232.22000000000003]
[04-Aug-2016]::[4:16:00 PM]::[com.itd.efiling.itr.main.ctrl.ThreeRedLightsIlluminate start]::[INFO]::[MainLoader start method ends. Time taken: 3727]
[04-Aug-2016]::[4:16:01 PM]::[com.itd.efiling.itr.common.a.a a]::[INFO]::[oldState  : RUNNING newState : SUCCEEDED]
[04-Aug-2016]::[4:16:01 PM]::[com.itd.efiling.itr.common.a.a a]::[INFO]::[jsobj [object Window]]
[04-Aug-2016]::[4:16:07 PM]::[com.itd.efiling.itr.common.a.a a]::[INFO]::[time taken in changed : 75]
[04-Aug-2016]::[4:16:44 PM]::[com.itd.efiling.itr.toolbar.b prefill]::[INFO]::[prefill]
[04-Aug-2016]::[4:16:45 PM]::[com.itd.efiling.itr.a.a.a <init>]::[INFO]::[CommonDialog starts]
[04-Aug-2016]::[4:16:45 PM]::[com.itd.efiling.itr.a.a.a <init>]::[INFO]::[CommonDialog ends]
[04-Aug-2016]::[4:17:04 PM]::[com.itd.efiling.itr.a.a.f prefill]::[INFO]::[prefill caled]
[04-Aug-2016]::[4:17:04 PM]::[com.itd.efiling.itr.webservice.a.a b]::[INFO]::[call starts ]
[04-Aug-2016]::[4:17:04 PM]::[com.itd.efiling.itr.a.a.f prefill]::[INFO]::[prefill ends after starting thread: ]
[04-Aug-2016]::[4:17:04 PM]::[com.itd.efiling.itr.webservice.a.a c]::[INFO]::[sendRequest starts]
[04-Aug-2016]::[4:17:04 PM]::[com.itd.efiling.itr.common.util.e getSecuredRequest]::[INFO]::[Before getting secured request]
[04-Aug-2016]::[4:17:04 PM]::[com.itd.efiling.itr.common.util.e getSecuredRequest]::[INFO]::[After getting secured request]
[04-Aug-2016]::[4:17:04 PM]::[com.itd.efiling.itr.common.util.c d]::[INFO]::[file : .\ITR]
[04-Aug-2016]::[4:17:04 PM]::[com.itd.efiling.itr.common.util.c d]::[INFO]::[file : .\ITR-1_AY201617_PR4.jar]
[04-Aug-2016]::[4:17:05 PM]::[com.itd.efiling.itr.webservice.a.a c]::[INFO]::[Soap fault: null]
[04-Aug-2016]::[4:17:05 PM]::[com.itd.efiling.itr.webservice.a.a c]::[INFO]::[Soap errorNode : null]
[04-Aug-2016]::[4:17:05 PM]::[com.itd.efiling.itr.webservice.a.a c]::[INFO]::[sendrequest ends]
[04-Aug-2016]::[4:17:05 PM]::[com.itd.efiling.itr.webservice.a.a b]::[INFO]::[call ends Time taken:1499]
[04-Aug-2016]::[4:17:05 PM]::[com.itd.efiling.itr.a.a.f cancel]::[INFO]::[cancel caled]
[04-Aug-2016]::[4:17:08 PM]::[com.itd.efiling.itr.webservice.a.d run]::[INFO]::[Prefill done successfully]
[04-Aug-2016]::[4:17:21 PM]::[com.itd.efiling.itr.validation.a.a a]::[INFO]::[FIELD_VALIDATORS_MAP 183]
[04-Aug-2016]::[4:19:20 PM]::[com.itd.efiling.itr.common.util.JavaScriptFunctions getBankName]::[INFO]::[ifsc isHDFC]
[04-Aug-2016]::[4:21:00 PM]::[com.itd.efiling.itr.toolbar.b validateAndSaveFile]::[INFO]::[validateAndSaveFile ]
[04-Aug-2016]::[4:21:00 PM]::[com.itd.efiling.itr.main.ctrl.a c]::[INFO]::[show validation]
[04-Aug-2016]::[4:21:00 PM]::[com.itd.efiling.itr.validation.helpers.Validator validateAll]::[INFO]::[Time taken in validateAll(): 0]
[04-Aug-2016]::[4:21:00 PM]::[com.itd.efiling.itr.validation.helpers.Validator call]::[INFO]::[Call() starts : ]
[04-Aug-2016]::[4:21:00 PM]::[com.itd.efiling.itr.validation.helpers.Validator call]::[INFO]::[Call() ends time taken: 38  error count :0]
[04-Aug-2016]::[4:21:00 PM]::[com.itd.efiling.itr.a.a.e a]::[INFO]::[extension : .xml title : null type : true]
[04-Aug-2016]::[4:21:24 PM]::[com.itd.efiling.itr.common.util.f b]::[INFO]::[Before setDocument]
[04-Aug-2016]::[4:21:24 PM]::[com.itd.efiling.itr.common.util.f b]::[INFO]::[After setDocument[#document: null]]
[04-Aug-2016]::[4:21:24 PM]::[com.itd.efiling.itr.common.cachers.b a]::[INFO]::[flagtrue]
[04-Aug-2016]::[4:21:24 PM]::[com.itd.efiling.itr.common.cachers.b a]::[INFO]::[doc[#document: null]]
[04-Aug-2016]::[4:21:24 PM]::[com.itd.efiling.itr.common.cachers.b a]::[INFO]::[Inside deleteNodeGenerateXml]
[04-Aug-2016]::[4:21:24 PM]::[com.itd.efiling.itr.common.util.f b]::[INFO]::[FIELD_VALUE 218]
[04-Aug-2016]::[4:21:25 PM]::[com.itd.efiling.itr.common.util.f a]::[INFO]::[done with schema error; 0]
[04-Aug-2016]::[4:21:25 PM]::[com.itd.efiling.itr.common.util.f a]::[INFO]::[hash {} CMmg9NJR4goNBx3POK0AWDOpcushPNEMpj0F/7MWqGw=]
[04-Aug-2016]::[4:21:25 PM]::[com.itd.efiling.itr.common.util.f a]::[INFO]::[Time taken to generate: 857 ms ]
[04-Aug-2016]::[4:23:01 PM]::[com.itd.efiling.itr.toolbar.b validateAndSaveFile]::[INFO]::[validateAndSaveFile ]
[04-Aug-2016]::[4:23:01 PM]::[com.itd.efiling.itr.main.ctrl.a c]::[INFO]::[show validation]
[04-Aug-2016]::[4:23:01 PM]::[com.itd.efiling.itr.validation.helpers.Validator validateAll]::[INFO]::[Time taken in validateAll(): 0]
[04-Aug-2016]::[4:23:01 PM]::[com.itd.efiling.itr.validation.helpers.Validator call]::[INFO]::[Call() starts : ]
[04-Aug-2016]::[4:23:01 PM]::[com.itd.efiling.itr.validation.helpers.Validator call]::[INFO]::[Call() ends time taken: 26  error count :0]
[04-Aug-2016]::[4:23:01 PM]::[com.itd.efiling.itr.a.a.e a]::[INFO]::[extension : .xml title : null type : true]
[04-Aug-2016]::[4:23:08 PM]::[com.itd.efiling.itr.common.util.f b]::[INFO]::[Before setDocument]
[04-Aug-2016]::[4:23:08 PM]::[com.itd.efiling.itr.common.util.f b]::[INFO]::[After setDocument[#document: null]]
[04-Aug-2016]::[4:23:08 PM]::[com.itd.efiling.itr.common.cachers.b a]::[INFO]::[flagtrue]
[04-Aug-2016]::[4:23:08 PM]::[com.itd.efiling.itr.common.cachers.b a]::[INFO]::[doc[#document: null]]
[04-Aug-2016]::[4:23:08 PM]::[com.itd.efiling.itr.common.cachers.b a]::[INFO]::[Inside deleteNodeGenerateXml]
[04-Aug-2016]::[4:23:08 PM]::[com.itd.efiling.itr.common.util.f b]::[INFO]::[FIELD_VALUE 218]
[04-Aug-2016]::[4:23:08 PM]::[com.itd.efiling.itr.common.util.f a]::[INFO]::[done with schema error; 0]
[04-Aug-2016]::[4:23:08 PM]::[com.itd.efiling.itr.common.util.f a]::[INFO]::[hash {} 990tRs0wTIwhq5iJIXs9X1F9xlDelQFysA4ydlhr8hM=]
[04-Aug-2016]::[4:23:08 PM]::[com.itd.efiling.itr.common.util.f a]::[INFO]::[Time taken to generate: 438 ms ]
[04-Aug-2016]::[4:23:41 PM]::[com.itd.efiling.itr.toolbar.b validateAndSaveFile]::[INFO]::[validateAndSaveFile ]
[04-Aug-2016]::[4:23:41 PM]::[com.itd.efiling.itr.main.ctrl.a c]::[INFO]::[show validation]
[04-Aug-2016]::[4:23:41 PM]::[com.itd.efiling.itr.validation.helpers.Validator validateAll]::[INFO]::[Time taken in validateAll(): 0]
[04-Aug-2016]::[4:23:41 PM]::[com.itd.efiling.itr.validation.helpers.Validator call]::[INFO]::[Call() starts : ]
[04-Aug-2016]::[4:23:41 PM]::[com.itd.efiling.itr.validation.helpers.Validator call]::[INFO]::[Call() ends time taken: 22  error count :0]
[04-Aug-2016]::[4:23:41 PM]::[com.itd.efiling.itr.a.a.e a]::[INFO]::[extension : .xml title : null type : true]
[04-Aug-2016]::[4:23:47 PM]::[com.itd.efiling.itr.common.util.f b]::[INFO]::[Before setDocument]
[04-Aug-2016]::[4:23:47 PM]::[com.itd.efiling.itr.common.util.f b]::[INFO]::[After setDocument[#document: null]]
[04-Aug-2016]::[4:23:48 PM]::[com.itd.efiling.itr.common.cachers.b a]::[INFO]::[flagtrue]
[04-Aug-2016]::[4:23:48 PM]::[com.itd.efiling.itr.common.cachers.b a]::[INFO]::[doc[#document: null]]
[04-Aug-2016]::[4:23:48 PM]::[com.itd.efiling.itr.common.cachers.b a]::[INFO]::[Inside deleteNodeGenerateXml]
[04-Aug-2016]::[4:23:48 PM]::[com.itd.efiling.itr.common.util.f b]::[INFO]::[FIELD_VALUE 218]
[04-Aug-2016]::[4:23:48 PM]::[com.itd.efiling.itr.common.util.f a]::[INFO]::[done with schema error; 0]
[04-Aug-2016]::[4:23:48 PM]::[com.itd.efiling.itr.common.util.f a]::[INFO]::[hash {} lYZj1u53EzaolZvcXK1E1SgnAbVeACO3skJsKNeODb0=]
[04-Aug-2016]::[4:23:48 PM]::[com.itd.efiling.itr.common.util.f a]::[INFO]::[Time taken to generate: 292 ms ]
[04-Aug-2016]::[4:23:51 PM]::[com.itd.efiling.itr.toolbar.b submit]::[INFO]::[validateITR starts]
[04-Aug-2016]::[4:23:51 PM]::[com.itd.efiling.itr.main.ctrl.a c]::[INFO]::[show validation]
[04-Aug-2016]::[4:23:51 PM]::[com.itd.efiling.itr.validation.helpers.Validator validateAll]::[INFO]::[Time taken in validateAll(): 0]
[04-Aug-2016]::[4:23:51 PM]::[com.itd.efiling.itr.validation.helpers.Validator call]::[INFO]::[Call() starts : ]
[04-Aug-2016]::[4:23:51 PM]::[com.itd.efiling.itr.validation.helpers.Validator call]::[INFO]::[Call() ends time taken: 20  error count :0]
[04-Aug-2016]::[4:23:51 PM]::[com.itd.efiling.itr.common.util.f b]::[INFO]::[Before setDocument]
[04-Aug-2016]::[4:23:51 PM]::[com.itd.efiling.itr.common.util.f b]::[INFO]::[After setDocument[#document: null]]
[04-Aug-2016]::[4:23:51 PM]::[com.itd.efiling.itr.common.cachers.b a]::[INFO]::[flagtrue]
[04-Aug-2016]::[4:23:51 PM]::[com.itd.efiling.itr.common.cachers.b a]::[INFO]::[doc[#document: null]]
[04-Aug-2016]::[4:23:51 PM]::[com.itd.efiling.itr.common.cachers.b a]::[INFO]::[Inside deleteNodeGenerateXml]
[04-Aug-2016]::[4:23:51 PM]::[com.itd.efiling.itr.common.util.f b]::[INFO]::[FIELD_VALUE 218]
[04-Aug-2016]::[4:23:51 PM]::[com.itd.efiling.itr.common.util.f a]::[INFO]::[done with schema error; 0]
[04-Aug-2016]::[4:23:51 PM]::[com.itd.efiling.itr.common.util.f a]::[INFO]::[hash {} lYZj1u53EzaolZvcXK1E1SgnAbVeACO3skJsKNeODb0=]
[04-Aug-2016]::[4:23:51 PM]::[com.itd.efiling.itr.common.util.f a]::[INFO]::[Time taken to generate: 259 ms ]
[04-Aug-2016]::[4:23:51 PM]::[com.itd.efiling.itr.a.a.a <init>]::[INFO]::[CommonDialog starts]
[04-Aug-2016]::[4:23:51 PM]::[com.itd.efiling.itr.a.a.n initialize]::[INFO]::[initialize submit itr starts]
[04-Aug-2016]::[4:23:51 PM]::[com.itd.efiling.itr.a.a.n initialize]::[INFO]::[Time taken to get the document 18]
[04-Aug-2016]::[4:23:51 PM]::[com.itd.efiling.itr.a.a.n initialize]::[INFO]::[Time taken to set the parameters1]
[04-Aug-2016]::[4:23:51 PM]::[com.itd.efiling.itr.a.a.n initialize]::[INFO]::[Time taken to enableSec44AB 0]
[04-Aug-2016]::[4:23:51 PM]::[com.itd.efiling.itr.a.a.n initialize]::[INFO]::[Time taken to addKeyEvent 4]
[04-Aug-2016]::[4:23:51 PM]::[com.itd.efiling.itr.a.a.n initialize]::[INFO]::[Time taken to hideDscRelated 0]
[04-Aug-2016]::[4:23:51 PM]::[com.itd.efiling.itr.b.a.n getKeyStoreAliases]::[INFO]::[set : []]
[04-Aug-2016]::[4:23:51 PM]::[com.itd.efiling.itr.a.a.n o]::[INFO]::[Time taken to initialize usb tokens26]
[04-Aug-2016]::[4:23:51 PM]::[com.itd.efiling.itr.a.a.n initialize]::[INFO]::[Time taken to initUsbTokens 27]
[04-Aug-2016]::[4:23:51 PM]::[com.itd.efiling.itr.a.a.a <init>]::[INFO]::[CommonDialog ends]
[04-Aug-2016]::[4:23:51 PM]::[com.itd.efiling.itr.a.a.n dscMandatory]::[INFO]::[dscMandatory starts::ITR-1]
[04-Aug-2016]::[4:23:51 PM]::[com.itd.efiling.itr.a.a.n dscMandatory]::[INFO]::[dscMandatory ends]
[04-Aug-2016]::[4:24:07 PM]::[com.itd.efiling.itr.a.a.n f]::[INFO]::[validateDSCKey ends with flag: true]
[04-Aug-2016]::[4:24:07 PM]::[com.itd.efiling.itr.webservice.a.f b]::[INFO]::[Thread call starts]
[04-Aug-2016]::[4:24:07 PM]::[com.itd.efiling.itr.webservice.a.f a]::[INFO]::[sendRequest starts]
[04-Aug-2016]::[4:24:07 PM]::[com.itd.efiling.itr.common.util.e getSecuredRequest]::[INFO]::[Before getting secured request]
[04-Aug-2016]::[4:24:07 PM]::[com.itd.efiling.itr.common.util.e getSecuredRequest]::[INFO]::[After getting secured request]
[04-Aug-2016]::[4:24:07 PM]::[com.itd.efiling.itr.common.util.c d]::[INFO]::[file : .\ITR]
[04-Aug-2016]::[4:24:07 PM]::[com.itd.efiling.itr.common.util.c d]::[INFO]::[file : .\ITR-1_AY201617_PR4.jar]
[04-Aug-2016]::[4:24:08 PM]::[com.itd.efiling.itr.webservice.a.f a]::[INFO]::[Soap fault: , errorNode: nullnull]
[04-Aug-2016]::[4:24:08 PM]::[com.itd.efiling.itr.webservice.a.f b]::[INFO]::[Thread call ends : time taken: 1612]
[04-Aug-2016]::[4:24:08 PM]::[com.itd.efiling.itr.a.a.n cancel]::[INFO]::[cancel caled]
[04-Aug-2016]::[4:24:08 PM]::[com.itd.efiling.itr.webservice.a.f b]::[INFO]::[Writing to file: C:\Users\TUSHAR~1\AppData\Local\Temp\ITRvFile21381769697297662208156626973.zip]
[04-Aug-2016]::[4:24:08 PM]::[com.itd.efiling.itr.a.a.a <init>]::[INFO]::[CommonDialog starts]
[04-Aug-2016]::[4:24:08 PM]::[com.itd.efiling.itr.a.a.l initialize]::[INFO]::[initialize starts]
[04-Aug-2016]::[4:24:08 PM]::[com.itd.efiling.itr.a.a.l b]::[INFO]::[loadITRVPage stats with transaction id 3245619766 ,email T.MOHITE@SOMAIYA.EDU]
[04-Aug-2016]::[4:24:08 PM]::[com.itd.efiling.itr.a.a.a <init>]::[INFO]::[CommonDialog ends]
[04-Aug-2016]::[4:24:08 PM]::[com.itd.efiling.itr.a.a.l a]::[INFO]::[saveIfNot after shows: ]
[04-Aug-2016]::[4:24:17 PM]::[com.itd.efiling.itr.common.dialog.o a]::[INFO]::[Inside  closeUtility]
[04-Aug-2016]::[4:24:18 PM]::[com.itd.efiling.itr.main.ctrl.h a]::[INFO]::[ Close Event WindowEvent [source = javafx.stage.Stage@3e5a59, target = javafx.stage.Stage@3e5a59, eventType = WINDOW_CLOSE_REQUEST, consumed = false]]
