[08-Aug-2016]::[8:53:26 AM]::[INFO]::[init starts]
[08-Aug-2016]::[8:53:26 AM]::[INFO]::[ITRConfigUtil.getConfigURL(): java.io.FileInputStream@1b7c9a0]
[08-Aug-2016]::[8:53:26 AM]::[INFO]::[url jar:file:/D:/Tushar%20Data/Business/IT%20RETURNS/Dipak%20Ghadge/AY%202015-16/ITR-4S_2015_2/ITR-4S_AY201516_PR7.jar!/META-INF/MANIFEST.MF]
[08-Aug-2016]::[8:53:26 AM]::[INFO]::[2015-16 :: ITR-4S :: 1.0]
[08-Aug-2016]::[8:53:27 AM]::[INFO]::[init ends in 702 ms.]
[08-Aug-2016]::[8:53:27 AM]::[INFO]::[MainLoader start method starts]
[08-Aug-2016]::[8:53:28 AM]::[INFO]::[Before Validating fileListCommonScript ]
[08-Aug-2016]::[8:53:29 AM]::[INFO]::[Before Validating fileListItrAy ]
[08-Aug-2016]::[8:53:30 AM]::[INFO]::[Before Validating fileListConfig ]
[08-Aug-2016]::[8:53:30 AM]::[INFO]::[Before Validating verifySignature ]
[08-Aug-2016]::[8:53:30 AM]::[INFO]::[verifies : true]
[08-Aug-2016]::[8:53:30 AM]::[INFO]::[Is utiltity valid ::true]
[08-Aug-2016]::[8:53:30 AM]::[INFO]::[openNewITR starts with values: asstYear:2015-16,itr:ITR-4S,ver:1.0,importXml:null]
[08-Aug-2016]::[8:53:30 AM]::[INFO]::[Opening ITR: ITR-4S For AsstYear: 2015-16]
[08-Aug-2016]::[8:53:30 AM]::[INFO]::[generateCopy starts]
[08-Aug-2016]::[8:53:30 AM]::[INFO]::[initialize starts]
[08-Aug-2016]::[8:53:30 AM]::[INFO]::[initialize ends]
[08-Aug-2016]::[8:53:31 AM]::[INFO]::[hideShowValidation starts]
[08-Aug-2016]::[8:53:31 AM]::[INFO]::[webViewActWidth in: 1079.14,vboxActWidth:  232.22000000000003,mainController.windowWidth: 1366.0]
[08-Aug-2016]::[8:53:31 AM]::[INFO]::[hide validation]
[08-Aug-2016]::[8:53:31 AM]::[INFO]::[hideShowValidation ends]
[08-Aug-2016]::[8:53:31 AM]::[INFO]::[Time taken in openNewITR(): 955]
[08-Aug-2016]::[8:53:32 AM]::[INFO]::[calculateITR starts]
[08-Aug-2016]::[8:53:32 AM]::[INFO]::[calculateITR ok starts]
[08-Aug-2016]::[8:53:32 AM]::[INFO]::[mainController.windowWidth new : 1366.0]
[08-Aug-2016]::[8:53:32 AM]::[INFO]::[MainLoader start method ends. Time taken: 5623]
[08-Aug-2016]::[8:53:35 AM]::[INFO]::[javascript: to run: ]
[08-Aug-2016]::[8:53:35 AM]::[INFO]::[time taken in changed : 696]
[08-Aug-2016]::[8:53:53 AM]::[INFO]::[ifsc isSVCB]
[08-Aug-2016]::[8:55:43 AM]::[INFO]::[importXmlDialog starts]
[08-Aug-2016]::[8:55:43 AM]::[INFO]::[saveIfNot starts: type: 4]
[08-Aug-2016]::[8:55:43 AM]::[INFO]::[saveIfNot after shows: ]
[08-Aug-2016]::[8:55:43 AM]::[INFO]::[importXmlDialog ends]
[08-Aug-2016]::[8:55:51 AM]::[INFO]::[openNewITR starts with values: asstYear:2015-16,itr:ITR-4S,ver:1.0,importXml:D:\Tushar Data\Business\IT RETURNS\Dipak Ghadge\AY 2015-16\DRAFT.draft]
[08-Aug-2016]::[8:55:51 AM]::[INFO]::[Opening ITR: ITR-4S For AsstYear: 2015-16]
[08-Aug-2016]::[8:55:51 AM]::[INFO]::[generateCopy starts]
[08-Aug-2016]::[8:55:51 AM]::[INFO]::[hideShowValidation starts]
[08-Aug-2016]::[8:55:51 AM]::[INFO]::[show validation]
[08-Aug-2016]::[8:55:51 AM]::[INFO]::[hideShowValidation ends]
[08-Aug-2016]::[8:55:51 AM]::[INFO]::[Time taken in openNewITR(): 76]
[08-Aug-2016]::[8:55:51 AM]::[INFO]::[IMPORT_HTML_FIELD_VALUE: {itr4S.creationInfo.swVersionNo=[R1], itr4S.creationInfo.swCreatedBy=[SW10000002], itr4S.creationInfo.xmlCreationDate=[07/08/2016], itr4S.creationInfo.intermediaryCity=[Delhi], itr4S.formITR4S.description=[For Indl having Income From Presemptive Business], itr4S.formITR4S.schemaVer=[Ver1.0], itr4S.personalInfo.assesseeName.firstName=[DIPAK], itr4S.personalInfo.assesseeName.middleName=[SAMPAT], itr4S.personalInfo.assesseeName.surNameOrOrgName=[GHADGE], itr4S.personalInfo.pan=[ARAPG7822R], itr4S.personalInfo.address.residenceNo=[LIG-2F-66], itr4S.personalInfo.address.residenceName=[THIRD FLOOR], itr4S.personalInfo.address.roadOrStreet=[SECTOR - 1], itr4S.personalInfo.address.localityOrArea=[KALAMBOLI], itr4S.personalInfo.address.cityOrTownOrDistrict=[NAVI MUMBAI], itr4S.personalInfo.address.stateCode=[19], itr4S.personalInfo.address.country=[91], itr4S.personalInfo.address.pinCode=[410209], itr4S.personalInfo.address.phone.stDcode=[], itr4S.personalInfo.address.phone.phoneNo=[], itr4S.personalInfo.address.mobileNo=[9619156719], itr4S.personalInfo.address.secMobileNo=[], itr4S.personalInfo.address.emailAddress=[T.MOHITE@SOMAIYA.EDU], itr4S.personalInfo.dob=[15/06/1982], itr4S.personalInfo.gender=[M], itr4S.personalInfo.status=[I], itr4S.filingStatus.adharNoOption=[Y], itr4S.filingStatus.adharNumber=[520809051861], itr4S.filingStatus.desigOfficerWardorCircle=[], itr4S.filingStatus.returnFileSec=[11], itr4S.filingStatus.ackNoOriginalReturn=[], itr4S.filingStatus.noticeNo=[], itr4S.filingStatus.noticeDate=[], itr4S.filingStatus.returnType=[O], itr4S.filingStatus.receiptNo=[], itr4S.filingStatus.origRetFiledDate=[], itr4S.filingStatus.residentialStatus=[RES], itr4S.filingStatus.taxStatus=[NT], itr4S.filingStatus.asseseeRepFlg=[], itr4S.filingStatus.assesseeRep.repName=[], itr4S.filingStatus.assesseeRep.repPAN=[], itr4S.filingStatus.portugeseCC5A=[N], itr4S.filingStatus.panOfSpouse=[], itr4S.filingStatus.noticeDateUnderSec=[], itr4S.itr4SIncomeDeductions.incomeFromBusinessProf=[240000], itr4S.itr4SIncomeDeductions.incomeFromSal=[0], itr4S.itr4SIncomeDeductions.typeOfHP=[S], itr4S.itr4SIncomeDeductions.totalIncomeOfHP=[0], itr4S.itr4SIncomeDeductions.incomeOthSrc=[0], itr4S.itr4SIncomeDeductions.grossTotIncome=[240000], itr4S.itr4SIncomeDeductions.usrDeductUndChapVIA.section80C_Usr=[0], itr4S.itr4SIncomeDeductions.usrDeductUndChapVIA.section80CCC_Usr=[0], itr4S.itr4SIncomeDeductions.usrDeductUndChapVIA.section80CCD_Usr=[0], itr4S.itr4SIncomeDeductions.usrDeductUndChapVIA.section80CCDEmployer_Usr=[0], itr4S.itr4SIncomeDeductions.usrDeductUndChapVIA.section80D_Usr=[0], itr4S.itr4SIncomeDeductions.usrDeductUndChapVIA.section80DD_Usr=[0], itr4S.itr4SIncomeDeductions.usrDeductUndChapVIA.section80DDB_Usr=[0], itr4S.itr4SIncomeDeductions.usrDeductUndChapVIA.section80E_Usr=[0], itr4S.itr4SIncomeDeductions.usrDeductUndChapVIA.section80EE_Usr=[0], itr4S.itr4SIncomeDeductions.usrDeductUndChapVIA.section80G_Usr=[0], itr4S.itr4SIncomeDeductions.usrDeductUndChapVIA.section80GG_Usr=[0], itr4S.itr4SIncomeDeductions.usrDeductUndChapVIA.section80GGC_Usr=[0], itr4S.itr4SIncomeDeductions.usrDeductUndChapVIA.section80U_Usr=[0], itr4S.itr4SIncomeDeductions.usrDeductUndChapVIA.section80RRB_Usr=[0], itr4S.itr4SIncomeDeductions.usrDeductUndChapVIA.section80QQB_Usr=[0], itr4S.itr4SIncomeDeductions.usrDeductUndChapVIA.section80IB_Usr=[], itr4S.itr4SIncomeDeductions.usrDeductUndChapVIA.section80IC_Usr=[], itr4S.itr4SIncomeDeductions.usrDeductUndChapVIA.section80JJA_Usr=[], itr4S.itr4SIncomeDeductions.usrDeductUndChapVIA.section80CCG_Usr=[0], itr4S.itr4SIncomeDeductions.usrDeductUndChapVIA.section80TTA_Usr=[0], itr4S.itr4SIncomeDeductions.usrDeductUndChapVIA.totalChapVIADeductions_Usr=[0], itr4S.itr4SIncomeDeductions.deductUndChapVIA.section80C=[0], itr4S.itr4SIncomeDeductions.deductUndChapVIA.section80CCC=[0], itr4S.itr4SIncomeDeductions.deductUndChapVIA.section80CCD=[0], itr4S.itr4SIncomeDeductions.deductUndChapVIA.section80CCDEmployer=[0], itr4S.itr4SIncomeDeductions.deductUndChapVIA.section80D=[0], itr4S.itr4SIncomeDeductions.deductUndChapVIA.section80DD=[0], itr4S.itr4SIncomeDeductions.deductUndChapVIA.section80DDB=[0], itr4S.itr4SIncomeDeductions.deductUndChapVIA.section80E=[0], itr4S.itr4SIncomeDeductions.deductUndChapVIA.section80EE=[0], itr4S.itr4SIncomeDeductions.deductUndChapVIA.section80G=[0], itr4S.itr4SIncomeDeductions.deductUndChapVIA.section80GG=[0], itr4S.itr4SIncomeDeductions.deductUndChapVIA.section80GGC=[0], itr4S.itr4SIncomeDeductions.deductUndChapVIA.section80U=[0], itr4S.itr4SIncomeDeductions.deductUndChapVIA.section80RRB=[0], itr4S.itr4SIncomeDeductions.deductUndChapVIA.section80QQB=[0], itr4S.itr4SIncomeDeductions.deductUndChapVIA.section80IA=[], itr4S.itr4SIncomeDeductions.deductUndChapVIA.section80IAB=[], itr4S.itr4SIncomeDeductions.deductUndChapVIA.section80IB=[], itr4S.itr4SIncomeDeductions.deductUndChapVIA.section80IC=[], itr4S.itr4SIncomeDeductions.deductUndChapVIA.section80ID=[], itr4S.itr4SIncomeDeductions.deductUndChapVIA.section80JJA=[], itr4S.itr4SIncomeDeductions.deductUndChapVIA.section80CCG=[0], itr4S.itr4SIncomeDeductions.deductUndChapVIA.section80TTA=[0], itr4S.itr4SIncomeDeductions.deductUndChapVIA.totalChapVIADeductions=[0], itr4S.itr4SIncomeDeductions.totalIncome=[240000], itr4S.itr4sTaxComputationOnline.totalTaxPayable=[0], itr4S.itr1TaxComputationOnline.rebate87A=[0], itr4S.ITR1TaxComputationOnline.taxPayableOnRebate=[0], itr4S.ITR1TaxComputationOnline.surchargeOnAboveCrore=[0], itr4S.itr4sTaxComputationOnline.educationCess=[0], itr4S.itr4sTaxComputationOnline.grossTaxLiability=[0], itr4S.itr4sTaxComputationOnline.section89=[0], itr4S.itr4sTaxComputationOnline.netTaxLiability=[0], itr4S.itr4sTaxComputationOnline.totalIntrstPay=[0], itr4S.itr4sTaxComputationOnline.intrstPay.intrstPayUs234A=[0], itr4S.itr4sTaxComputationOnline.intrstPay.intrstPayUs234B=[0], itr4S.itr4sTaxComputationOnline.intrstPay.intrstPayUs234C=[0], itr4S.itr4STaxComputation.intrstPay.totalIntrstPay=[], itr4S.itr4sTaxComputationOnline.totTaxPlusIntrstPay=[0], itr4S.taxPaid.taxesPaid.advanceTax=[0], itr4S.taxPaid.taxesPaid.tds=[0], itr4S.taxPaid.taxesPaid.tcs=[0], itr4S.taxPaid.taxesPaid.selfAssessmentTax=[0], itr4S.taxPaid.taxesPaid.totalTaxesPaid=[0], itr4S.taxPaid.balTaxPayable=[0], itr4S.refund.refundDue=[0], itr4S.refund.depositToBankAccount.iFSCCode=[], itr4S.refund.depositToBankAccount.bankName=[], itr4S.refund.bankAccountNumber=[], itr4S.refund.depositToBankAccount.bankAccountType=[SAV], itr4S.scheduleBA[0].ifscCode=[], itr4S.scheduleBA[0].bankName=[], itr4S.scheduleBA[0].accNo=[], itr4S.scheduleBA[0].bankAccType=[], itr4S.scheduleBA.noOfBankAcc=[1], itr4S.taxExmpIntInc=[], itr4S.verification.declaration.assesseeVerName=[DIPAK SAMPAT GHADGE], itr4S.verification.declaration.fatherName=[SAMPAT RAMCHANDRA GHADGE], itr4S.verification.declaration.assesseeVerPAN=[ARAPG7822R], itr4S.verification.place=[MUMBAI], itr4S.verification.date=[07/08/2016], itr4S.natOfBus.business[0].code=[0501], itr4S.natOfBus.business[1].code=[], itr4S.natOfBus.business[2].code=[], itr4S.natOfBus.business[0].trade.tradeName=[, , ], itr4S.natOfBus.business[1].trade.tradeName=[, , ], itr4S.natOfBus.business[2].trade.tradeName=[, , ], itr4S.scheduleBPForITR4S.persumptiveInc44AD.grsTrnOverOrReceipt=[435000], itr4S.scheduleBPForITR4S.persumptiveInc44AD.totPersumptiveInc44AD=[240000], itr4S.scheduleBPForITR4S.persumptiveInc44AE.totPersumInc44AE=[0], itr4S.scheduleBPForITR4S.incChargeableUnderBus=[240000], itr4S.scheduleBPForITR4S.noBooksOfAccBS.totSundryDbtAmt=[8000], itr4S.scheduleBPForITR4S.noBooksOfAccBS.totSundryCrdAmt=[7600], itr4S.scheduleBPForITR4S.noBooksOfAccBS.totStkInTradAmt=[5900], itr4S.scheduleBPForITR4S.noBooksOfAccBS.cashBalAmt=[14800], itr4S.totalHeavyVehcl=[0]}]
[08-Aug-2016]::[8:55:51 AM]::[SEVERE]::[Error in setValuesSingle: itr4S.creationInfo.swVersionNo val:R1, index:0]
[08-Aug-2016]::[8:55:51 AM]::[SEVERE]::[Error in setValuesSingle: itr4S.creationInfo.swCreatedBy val:SW10000002, index:0]
[08-Aug-2016]::[8:55:51 AM]::[SEVERE]::[Error in setValuesSingle: itr4S.creationInfo.intermediaryCity val:Delhi, index:0]
[08-Aug-2016]::[8:55:51 AM]::[SEVERE]::[Error in setValuesSingle: itr4S.formITR4S.description val:For%20Indl%20having%20Income%20From%20Presemptive%20Business, index:0]
[08-Aug-2016]::[8:55:51 AM]::[SEVERE]::[Error in setValuesSingle: itr4S.formITR4S.schemaVer val:Ver1.0, index:0]
[08-Aug-2016]::[8:55:51 AM]::[SEVERE]::[Error in setValuesSingle: itr4S.ITR1TaxComputationOnline.taxPayableOnRebate val:0, index:0]
[08-Aug-2016]::[8:55:51 AM]::[SEVERE]::[Error in setValuesSingle: itr4S.ITR1TaxComputationOnline.surchargeOnAboveCrore val:0, index:0]
[08-Aug-2016]::[8:55:51 AM]::[INFO]::[time taken in importxml function: 129]
[08-Aug-2016]::[8:55:51 AM]::[INFO]::[javascript: to run: ]
[08-Aug-2016]::[8:55:51 AM]::[INFO]::[time taken in changed : 427]
[08-Aug-2016]::[8:56:06 AM]::[INFO]::[ifsc isSVCB]
[08-Aug-2016]::[8:56:19 AM]::[INFO]::[Time taken to start generateXml(): 31]
[08-Aug-2016]::[8:56:20 AM]::[INFO]::[outputfilePathD:\Tushar Data\Business\IT RETURNS\Dipak Ghadge\AY 2015-16\DRAFT.draft,generateXmlFlag: false]
[08-Aug-2016]::[8:56:20 AM]::[INFO]::[Time taken to generate: 386]
[08-Aug-2016]::[8:56:22 AM]::[INFO]::[show validation]
[08-Aug-2016]::[8:56:22 AM]::[INFO]::[Time taken in validateAll(): 0]
[08-Aug-2016]::[8:56:22 AM]::[INFO]::[No validation for field: requestId]
[08-Aug-2016]::[8:56:22 AM]::[INFO]::[No validation for field: itr4S.creationInfo.xmlCreationDate]
[08-Aug-2016]::[8:56:22 AM]::[INFO]::[No validation for field: totalPage]
[08-Aug-2016]::[8:56:22 AM]::[INFO]::[No validation for field: returnType]
[08-Aug-2016]::[8:56:22 AM]::[INFO]::[No validation for field: customReturnType]
[08-Aug-2016]::[8:56:22 AM]::[INFO]::[No validation for field: ]
[08-Aug-2016]::[8:56:22 AM]::[INFO]::[No validation for field: itr4S.currentPage]
[08-Aug-2016]::[8:56:22 AM]::[INFO]::[No validation for field: itr4S.filingStatus.adharNoOption]
[08-Aug-2016]::[8:56:22 AM]::[INFO]::[No validation for field: itr4S.itr4sTaxComputationOnline.surchargeOnTaxPayable]
[08-Aug-2016]::[8:56:22 AM]::[INFO]::[No validation for field: itr4S.us44aeHeavy[0].chosenCheckBox]
[08-Aug-2016]::[8:56:22 AM]::[INFO]::[No validation for field: __checkbox_itr4S.us44aeHeavy[0].chosenCheckBox]
[08-Aug-2016]::[8:56:22 AM]::[INFO]::[No validation for field: Count_SCH_IT]
[08-Aug-2016]::[8:56:22 AM]::[INFO]::[No validation for field: itr4S.natOfBus.business[0].chosenCheckBox]
[08-Aug-2016]::[8:56:22 AM]::[INFO]::[No validation for field: __checkbox_scheduleFA.detailsOfTrustOutIndiaTrustee[0].chosenCheckBox]
[08-Aug-2016]::[8:56:22 AM]::[INFO]::[No validation for field: itr4S.natOfBus.business[0].trade.tradeName]
[08-Aug-2016]::[8:56:22 AM]::[INFO]::[No validation for field: itr4S.scheduleBPForITR4S.incChargeableUnderBus]
[08-Aug-2016]::[8:56:22 AM]::[INFO]::[No validation for field: itr4S.tdSonSalaries.tdSonSalary[0].employerOrDeductorOrCollectDetl.chosenCheckBox]
[08-Aug-2016]::[8:56:22 AM]::[INFO]::[No validation for field: __checkbox_itr4S.tdSonSalaries.tdSonSalary[0].employerOrDeductorOrCollectDetl.chosenCheckBox]
[08-Aug-2016]::[8:56:22 AM]::[INFO]::[No validation for field: itr4S.tdSonSalaries.tdSonSalary.totalTaxDeducted]
[08-Aug-2016]::[8:56:22 AM]::[INFO]::[No validation for field: Count_SCH_TDS1]
[08-Aug-2016]::[8:56:22 AM]::[INFO]::[No validation for field: itr4S.tdSonOthThanSals.tdSonOthThanSal[0].employerOrDeductorOrCollectDetl.chosenCheckBox]
[08-Aug-2016]::[8:56:22 AM]::[INFO]::[No validation for field: __checkbox_itr4S.tdSonOthThanSals.tdSonOthThanSal[0].employerOrDeductorOrCollectDetl.chosenCheckBox]
[08-Aug-2016]::[8:56:22 AM]::[INFO]::[No validation for field: itr4S.tdSonOthThanSals.tdSonOthThanSal.claimOutOfTotTDSOnAmtPaid]
[08-Aug-2016]::[8:56:22 AM]::[INFO]::[No validation for field: itr4S.scheduleTCS.tcs[0].chosenCheckBox]
[08-Aug-2016]::[8:56:22 AM]::[INFO]::[No validation for field: __checkbox_itr4S.scheduleTCS.tcs[0].chosenCheckBox]
[08-Aug-2016]::[8:56:22 AM]::[INFO]::[No validation for field: itr4S.scheduleTCS.tcs.amtTCSClaimedThisYear]
[08-Aug-2016]::[8:56:22 AM]::[INFO]::[No validation for field: itr4S.scheduleIT.taxPayment[0].chosenCheckBox]
[08-Aug-2016]::[8:56:22 AM]::[INFO]::[No validation for field: __checkbox_itr4S.scheduleIT.taxPayment[0].chosenCheckBox]
[08-Aug-2016]::[8:56:22 AM]::[INFO]::[No validation for field: itr4S.scheduleIT.taxPayment.amt]
[08-Aug-2016]::[8:56:22 AM]::[INFO]::[No validation for field: itr4S.taxPaid.taxesPaid.tcs]
[08-Aug-2016]::[8:56:22 AM]::[INFO]::[No validation for field: itr4S.schedule80G.don100Percent.doneeWithPan[0].chosenCheckBox]
[08-Aug-2016]::[8:56:22 AM]::[INFO]::[No validation for field: __checkbox_itr4S.schedule80G.don100Percent.doneeWithPan[0].chosenCheckBox]
[08-Aug-2016]::[8:56:22 AM]::[INFO]::[No validation for field: itr4S.schedule80G.don100Percent.doneeWithPan[0].eligibleDonationAmt]
[08-Aug-2016]::[8:56:22 AM]::[INFO]::[No validation for field: itr4S.schedule80G.don100Percent.totDon100Percent]
[08-Aug-2016]::[8:56:22 AM]::[INFO]::[No validation for field: itr4S.schedule80G.don100Percent.totEligibleDon100Percent]
[08-Aug-2016]::[8:56:22 AM]::[INFO]::[No validation for field: itr4S.schedule80G.don50PercentNoApprReqd.doneeWithPan[0].chosenCheckBox]
[08-Aug-2016]::[8:56:22 AM]::[INFO]::[No validation for field: __checkbox_itr4S.schedule80G.don50PercentNoApprReqd.doneeWithPan[0].chosenCheckBox]
[08-Aug-2016]::[8:56:22 AM]::[INFO]::[No validation for field: itr4S.schedule80G.don50PercentNoApprReqd.doneeWithPan[0].eligibleDonationAmt]
[08-Aug-2016]::[8:56:22 AM]::[INFO]::[No validation for field: itr4S.schedule80G.don50PercentNoApprReqd.totDon50PercentNoApprReqd]
[08-Aug-2016]::[8:56:22 AM]::[INFO]::[No validation for field: itr4S.schedule80G.don50PercentNoApprReqd.totEligibleDon50Percent]
[08-Aug-2016]::[8:56:22 AM]::[INFO]::[No validation for field: itr4S.schedule80G.don100PercentApprReqd.doneeWithPan[0].chosenCheckBox]
[08-Aug-2016]::[8:56:22 AM]::[INFO]::[No validation for field: __checkbox_itr4S.schedule80G.don100PercentApprReqd.doneeWithPan[0].chosenCheckBox]
[08-Aug-2016]::[8:56:22 AM]::[INFO]::[No validation for field: itr4S.schedule80G.don100PercentApprReqd.doneeWithPan[0].eligibleDonationAmt]
[08-Aug-2016]::[8:56:22 AM]::[INFO]::[No validation for field: itr4S.schedule80G.don100PercentApprReqd.totDon100PercentApprReqd]
[08-Aug-2016]::[8:56:22 AM]::[INFO]::[No validation for field: itr4S.schedule80G.don100PercentApprReqd.totEligibleDon100PercentApprReqd]
[08-Aug-2016]::[8:56:22 AM]::[INFO]::[No validation for field: itr4S.schedule80G.don50PercentApprReqd.doneeWithPan[0].chosenCheckBox]
[08-Aug-2016]::[8:56:22 AM]::[INFO]::[No validation for field: __checkbox_itr4S.schedule80G.don50PercentApprReqd.doneeWithPan[0].chosenCheckBox]
[08-Aug-2016]::[8:56:22 AM]::[INFO]::[No validation for field: itr4S.schedule80G.don50PercentApprReqd.doneeWithPan[0].eligibleDonationAmt]
[08-Aug-2016]::[8:56:22 AM]::[INFO]::[No validation for field: itr4S.schedule80G.don50PercentApprReqd.totDon50PercentApprReqd]
[08-Aug-2016]::[8:56:22 AM]::[INFO]::[No validation for field: itr4S.schedule80G.don50PercentApprReqd.totEligibleDon50PercentApprReqd]
[08-Aug-2016]::[8:56:22 AM]::[INFO]::[Call() ends time taken: 81  error count :0]
[08-Aug-2016]::[8:56:27 AM]::[INFO]::[calculateITR starts]
[08-Aug-2016]::[8:56:27 AM]::[INFO]::[calculateITR starts]
[08-Aug-2016]::[8:56:27 AM]::[INFO]::[initialize starts]
[08-Aug-2016]::[8:56:36 AM]::[INFO]::[show validation]
[08-Aug-2016]::[8:56:36 AM]::[INFO]::[Time taken in validateAll(): 0]
[08-Aug-2016]::[8:56:36 AM]::[INFO]::[No validation for field: requestId]
[08-Aug-2016]::[8:56:36 AM]::[INFO]::[No validation for field: itr4S.creationInfo.xmlCreationDate]
[08-Aug-2016]::[8:56:36 AM]::[INFO]::[No validation for field: totalPage]
[08-Aug-2016]::[8:56:36 AM]::[INFO]::[No validation for field: returnType]
[08-Aug-2016]::[8:56:36 AM]::[INFO]::[No validation for field: customReturnType]
[08-Aug-2016]::[8:56:36 AM]::[INFO]::[No validation for field: ]
[08-Aug-2016]::[8:56:36 AM]::[INFO]::[No validation for field: itr4S.currentPage]
[08-Aug-2016]::[8:56:36 AM]::[INFO]::[No validation for field: itr4S.filingStatus.adharNoOption]
[08-Aug-2016]::[8:56:36 AM]::[INFO]::[No validation for field: itr4S.itr4sTaxComputationOnline.surchargeOnTaxPayable]
[08-Aug-2016]::[8:56:36 AM]::[INFO]::[No validation for field: itr4S.us44aeHeavy[0].chosenCheckBox]
[08-Aug-2016]::[8:56:36 AM]::[INFO]::[No validation for field: __checkbox_itr4S.us44aeHeavy[0].chosenCheckBox]
[08-Aug-2016]::[8:56:36 AM]::[INFO]::[No validation for field: Count_SCH_IT]
[08-Aug-2016]::[8:56:36 AM]::[INFO]::[No validation for field: itr4S.natOfBus.business[0].chosenCheckBox]
[08-Aug-2016]::[8:56:36 AM]::[INFO]::[No validation for field: __checkbox_scheduleFA.detailsOfTrustOutIndiaTrustee[0].chosenCheckBox]
[08-Aug-2016]::[8:56:36 AM]::[INFO]::[No validation for field: itr4S.natOfBus.business[0].trade.tradeName]
[08-Aug-2016]::[8:56:36 AM]::[INFO]::[No validation for field: itr4S.scheduleBPForITR4S.incChargeableUnderBus]
[08-Aug-2016]::[8:56:36 AM]::[INFO]::[No validation for field: itr4S.tdSonSalaries.tdSonSalary[0].employerOrDeductorOrCollectDetl.chosenCheckBox]
[08-Aug-2016]::[8:56:36 AM]::[INFO]::[No validation for field: __checkbox_itr4S.tdSonSalaries.tdSonSalary[0].employerOrDeductorOrCollectDetl.chosenCheckBox]
[08-Aug-2016]::[8:56:36 AM]::[INFO]::[No validation for field: itr4S.tdSonSalaries.tdSonSalary.totalTaxDeducted]
[08-Aug-2016]::[8:56:36 AM]::[INFO]::[No validation for field: Count_SCH_TDS1]
[08-Aug-2016]::[8:56:36 AM]::[INFO]::[No validation for field: itr4S.tdSonOthThanSals.tdSonOthThanSal[0].employerOrDeductorOrCollectDetl.chosenCheckBox]
[08-Aug-2016]::[8:56:36 AM]::[INFO]::[No validation for field: __checkbox_itr4S.tdSonOthThanSals.tdSonOthThanSal[0].employerOrDeductorOrCollectDetl.chosenCheckBox]
[08-Aug-2016]::[8:56:36 AM]::[INFO]::[No validation for field: itr4S.tdSonOthThanSals.tdSonOthThanSal.claimOutOfTotTDSOnAmtPaid]
[08-Aug-2016]::[8:56:36 AM]::[INFO]::[No validation for field: itr4S.scheduleTCS.tcs[0].chosenCheckBox]
[08-Aug-2016]::[8:56:36 AM]::[INFO]::[No validation for field: __checkbox_itr4S.scheduleTCS.tcs[0].chosenCheckBox]
[08-Aug-2016]::[8:56:36 AM]::[INFO]::[No validation for field: itr4S.scheduleTCS.tcs.amtTCSClaimedThisYear]
[08-Aug-2016]::[8:56:36 AM]::[INFO]::[No validation for field: itr4S.scheduleIT.taxPayment[0].chosenCheckBox]
[08-Aug-2016]::[8:56:36 AM]::[INFO]::[No validation for field: __checkbox_itr4S.scheduleIT.taxPayment[0].chosenCheckBox]
[08-Aug-2016]::[8:56:36 AM]::[INFO]::[No validation for field: itr4S.scheduleIT.taxPayment.amt]
[08-Aug-2016]::[8:56:36 AM]::[INFO]::[No validation for field: itr4S.taxPaid.taxesPaid.tcs]
[08-Aug-2016]::[8:56:36 AM]::[INFO]::[No validation for field: itr4S.schedule80G.don100Percent.doneeWithPan[0].chosenCheckBox]
[08-Aug-2016]::[8:56:36 AM]::[INFO]::[No validation for field: __checkbox_itr4S.schedule80G.don100Percent.doneeWithPan[0].chosenCheckBox]
[08-Aug-2016]::[8:56:36 AM]::[INFO]::[No validation for field: itr4S.schedule80G.don100Percent.doneeWithPan[0].eligibleDonationAmt]
[08-Aug-2016]::[8:56:36 AM]::[INFO]::[No validation for field: itr4S.schedule80G.don100Percent.totDon100Percent]
[08-Aug-2016]::[8:56:36 AM]::[INFO]::[No validation for field: itr4S.schedule80G.don100Percent.totEligibleDon100Percent]
[08-Aug-2016]::[8:56:36 AM]::[INFO]::[No validation for field: itr4S.schedule80G.don50PercentNoApprReqd.doneeWithPan[0].chosenCheckBox]
[08-Aug-2016]::[8:56:36 AM]::[INFO]::[No validation for field: __checkbox_itr4S.schedule80G.don50PercentNoApprReqd.doneeWithPan[0].chosenCheckBox]
[08-Aug-2016]::[8:56:36 AM]::[INFO]::[No validation for field: itr4S.schedule80G.don50PercentNoApprReqd.doneeWithPan[0].eligibleDonationAmt]
[08-Aug-2016]::[8:56:36 AM]::[INFO]::[No validation for field: itr4S.schedule80G.don50PercentNoApprReqd.totDon50PercentNoApprReqd]
[08-Aug-2016]::[8:56:36 AM]::[INFO]::[No validation for field: itr4S.schedule80G.don50PercentNoApprReqd.totEligibleDon50Percent]
[08-Aug-2016]::[8:56:36 AM]::[INFO]::[No validation for field: itr4S.schedule80G.don100PercentApprReqd.doneeWithPan[0].chosenCheckBox]
[08-Aug-2016]::[8:56:36 AM]::[INFO]::[No validation for field: __checkbox_itr4S.schedule80G.don100PercentApprReqd.doneeWithPan[0].chosenCheckBox]
[08-Aug-2016]::[8:56:36 AM]::[INFO]::[No validation for field: itr4S.schedule80G.don100PercentApprReqd.doneeWithPan[0].eligibleDonationAmt]
[08-Aug-2016]::[8:56:36 AM]::[INFO]::[No validation for field: itr4S.schedule80G.don100PercentApprReqd.totDon100PercentApprReqd]
[08-Aug-2016]::[8:56:36 AM]::[INFO]::[No validation for field: itr4S.schedule80G.don100PercentApprReqd.totEligibleDon100PercentApprReqd]
[08-Aug-2016]::[8:56:36 AM]::[INFO]::[No validation for field: itr4S.schedule80G.don50PercentApprReqd.doneeWithPan[0].chosenCheckBox]
[08-Aug-2016]::[8:56:36 AM]::[INFO]::[No validation for field: __checkbox_itr4S.schedule80G.don50PercentApprReqd.doneeWithPan[0].chosenCheckBox]
[08-Aug-2016]::[8:56:36 AM]::[INFO]::[No validation for field: itr4S.schedule80G.don50PercentApprReqd.doneeWithPan[0].eligibleDonationAmt]
[08-Aug-2016]::[8:56:36 AM]::[INFO]::[No validation for field: itr4S.schedule80G.don50PercentApprReqd.totDon50PercentApprReqd]
[08-Aug-2016]::[8:56:36 AM]::[INFO]::[No validation for field: itr4S.schedule80G.don50PercentApprReqd.totEligibleDon50PercentApprReqd]
[08-Aug-2016]::[8:56:36 AM]::[INFO]::[Call() ends time taken: 86  error count :0]
[08-Aug-2016]::[8:56:36 AM]::[INFO]::[submit itr starts]
[08-Aug-2016]::[8:56:36 AM]::[INFO]::[Time taken to start generateXml(): 29]
[08-Aug-2016]::[8:56:37 AM]::[INFO]::[outputfilePathC:\Users\TUSHAR~1\AppData\Local\Temp\ITR-11248114848412120257768198608.xml,generateXmlFlag: true]
[08-Aug-2016]::[8:56:37 AM]::[INFO]::[done with schema error; 0]
[08-Aug-2016]::[8:56:37 AM]::[INFO]::[Time taken to generate: 542]
[08-Aug-2016]::[8:56:38 AM]::[INFO]::[initialize submit itr starts]
[08-Aug-2016]::[8:56:38 AM]::[SEVERE]::[initUsbTokens error]
java.lang.Exception: The KeyStore is empty
	at com.tcs.efiling.itr.config.UsbTokenUtil.getUsbTokenData(UsbTokenUtil.java:56)
	at com.tcs.efiling.itr.main.SubmitItrDialogController.initUsbTokens(SubmitItrDialogController.java:149)
	at com.tcs.efiling.itr.main.SubmitItrDialogController.initialize(SubmitItrDialogController.java:140)
	at javafx.fxml.FXMLLoader.loadImpl(FXMLLoader.java:2548)
	at javafx.fxml.FXMLLoader.loadImpl(FXMLLoader.java:2441)
	at javafx.fxml.FXMLLoader.load(FXMLLoader.java:2409)
	at com.tcs.efiling.itr.main.NewITRDialog.<init>(NewITRDialog.java:36)
	at com.tcs.efiling.itr.main.MainController.OpenSubmitDialog(MainController.java:1071)
	at com.tcs.efiling.itr.main.ITRUtil$4.run(ITRUtil.java:905)
	at com.sun.javafx.application.PlatformImpl.lambda$null$173(PlatformImpl.java:295)
	at java.security.AccessController.doPrivileged(Native Method)
	at com.sun.javafx.application.PlatformImpl.lambda$runLater$174(PlatformImpl.java:294)
	at com.sun.glass.ui.InvokeLaterDispatcher$Future.run(InvokeLaterDispatcher.java:95)
	at com.sun.glass.ui.win.WinApplication._runLoop(Native Method)
	at com.sun.glass.ui.win.WinApplication.lambda$null$148(WinApplication.java:191)
	at java.lang.Thread.run(Unknown Source)

[08-Aug-2016]::[8:56:39 AM]::[INFO]::[dscMandatory starts::ITR-4S]
[08-Aug-2016]::[8:56:39 AM]::[INFO]::[dscMandatory ends]
[08-Aug-2016]::[8:56:58 AM]::[INFO]::[url: https://www.google.co.in timeout: 30000]
[08-Aug-2016]::[8:56:59 AM]::[INFO]::[validateDSCKey ends with flag: true]
[08-Aug-2016]::[8:56:59 AM]::[INFO]::[file : .\ITR]
[08-Aug-2016]::[8:56:59 AM]::[INFO]::[file : .\ITR-4S_AY201516_PR7.jar]
[08-Aug-2016]::[8:56:59 AM]::[INFO]::[hash : 50AB66C625BA1B159A485E8BC4446B1A3C097834F9A57DB1747342087A77CB94]
[08-Aug-2016]::[8:56:59 AM]::[INFO]::[submitHash : 49C6FAC67450D5EED7725BCEF5066F5407C3A66B876E1879DCC8BB5E62AF4344]
[08-Aug-2016]::[8:56:59 AM]::[INFO]::[webservie url: https://incometaxindiaefiling.gov.in/e-FilingWS/ditws]
[08-Aug-2016]::[8:56:59 AM]::[INFO]::[Thread call starts]
[08-Aug-2016]::[8:56:59 AM]::[INFO]::[sendRequest starts]
[08-Aug-2016]::[8:57:02 AM]::[INFO]::[Soap fault: null]
[08-Aug-2016]::[8:57:02 AM]::[INFO]::[ackNo: 400317870080816 ,transactionId:3267299035,emailId:T.MOHITE@SOMAIYA.EDU]
[08-Aug-2016]::[8:57:02 AM]::[INFO]::[Thread call ends : time taken: 3030]
[08-Aug-2016]::[8:57:02 AM]::[INFO]::[cancel caled]
[08-Aug-2016]::[8:57:02 AM]::[INFO]::[Writing to file: C:\Users\TUSHAR~1\AppData\Local\Temp\ITRvFile18664603398666849361606199191.zip]
[08-Aug-2016]::[8:57:02 AM]::[INFO]::[initialize starts]
[08-Aug-2016]::[8:57:02 AM]::[INFO]::[loadITRVPage stats with transaction id 3267299035 ,email T.MOHITE@SOMAIYA.EDU]
