[03-Aug-2016]::[3:06:02 PM]::[com.itd.efiling.itr.main.ctrl.ThreeRedLightsIlluminate init]::[INFO]::[init starts]
[03-Aug-2016]::[3:06:02 PM]::[com.itd.efiling.itr.common.util.j setUtilityParams]::[INFO]::[url jar:file:/E:/Tushar%20Data/Business/IT%20RETURNS/Pradeep%20Bhosale/AY%202016-17/ITR-1_2016/ITR-1_AY201617_PR4.jar!/META-INF/MANIFEST.MF]
[03-Aug-2016]::[3:06:02 PM]::[com.itd.efiling.itr.common.util.j setUtilityParams]::[INFO]::[2016-17 :: ITR-1 :: ]
[03-Aug-2016]::[3:06:02 PM]::[com.itd.efiling.itr.main.ctrl.ThreeRedLightsIlluminate init]::[INFO]::[init ends in 11 ms.]
[03-Aug-2016]::[3:06:02 PM]::[com.itd.efiling.itr.main.ctrl.ThreeRedLightsIlluminate start]::[INFO]::[MainLoader start method starts]
[03-Aug-2016]::[3:06:02 PM]::[com.itd.efiling.itr.main.ctrl.d initialize]::[INFO]::[initialize starts]
[03-Aug-2016]::[3:06:03 PM]::[com.itd.efiling.itr.common.util.c b]::[INFO]::[Before Validating fileListCommonScript ]
[03-Aug-2016]::[3:06:03 PM]::[com.itd.efiling.itr.common.util.c b]::[INFO]::[Before Validating fileListItrAy ]
[03-Aug-2016]::[3:06:03 PM]::[com.itd.efiling.itr.common.util.c b]::[INFO]::[Before Validating fileListConfig ]
[03-Aug-2016]::[3:06:03 PM]::[com.itd.efiling.itr.common.util.c b]::[INFO]::[Before Validating verifySignature ]
[03-Aug-2016]::[3:06:03 PM]::[com.itd.efiling.itr.common.util.c a]::[INFO]::[verifies : true]
[03-Aug-2016]::[3:06:03 PM]::[com.itd.efiling.itr.main.ctrl.d initialize]::[INFO]::[Is utiltity valid ::true]
[03-Aug-2016]::[3:06:03 PM]::[com.itd.efiling.itr.a.a.d c]::[INFO]::[loadingDialog starts]
[03-Aug-2016]::[3:06:03 PM]::[com.itd.efiling.itr.a.a.a <init>]::[INFO]::[CommonDialog starts]
[03-Aug-2016]::[3:06:03 PM]::[com.itd.efiling.itr.a.a.a <init>]::[INFO]::[CommonDialog ends]
[03-Aug-2016]::[3:06:03 PM]::[com.itd.efiling.itr.a.a.d c]::[INFO]::[loadingDialog ends]
[03-Aug-2016]::[3:06:03 PM]::[com.itd.efiling.itr.main.ctrl.a b]::[INFO]::[hide validation]
[03-Aug-2016]::[3:06:03 PM]::[com.itd.efiling.itr.main.ctrl.d a]::[INFO]::[importFile : null]
[03-Aug-2016]::[3:06:03 PM]::[com.itd.efiling.itr.main.ctrl.d initialize]::[INFO]::[initialize ends: time taken: 470ms]
[03-Aug-2016]::[3:06:03 PM]::[com.itd.efiling.itr.main.ctrl.d initialize]::[INFO]::[initialize ends: time taken: 1ms]
[03-Aug-2016]::[3:06:03 PM]::[com.sun.javafx.css.parser.CSSParser declaration]::[WARNING]::[CSS Error parsing '*{-fx-font-weight: bold;-fx-font: 22px;}: Expected '<font-family>' while parsing '-fx-font' at [1,34]]
[03-Aug-2016]::[3:06:03 PM]::[com.sun.javafx.css.parser.CSSParser declaration]::[WARNING]::[CSS Error parsing '*{-fx-background-color: linear-gradient(#3A5058, #6aa2b1);-fx-font-weight: bold;-fx-font: 22px;}: Expected '<font-family>' while parsing '-fx-font' at [1,90]]
[03-Aug-2016]::[3:06:03 PM]::[com.itd.efiling.itr.main.ctrl.ThreeRedLightsIlluminate start]::[INFO]::[mainController.windowWidth new : 1360.0]
[03-Aug-2016]::[3:06:03 PM]::[com.itd.efiling.itr.main.ctrl.ThreeRedLightsIlluminate start]::[INFO]::[1360.0 :: 1074.4 :: 231.20000000000002]
[03-Aug-2016]::[3:06:03 PM]::[com.itd.efiling.itr.main.ctrl.ThreeRedLightsIlluminate start]::[INFO]::[MainLoader start method ends. Time taken: 987]
[03-Aug-2016]::[3:06:03 PM]::[com.itd.efiling.itr.common.a.a a]::[INFO]::[oldState  : RUNNING newState : SUCCEEDED]
[03-Aug-2016]::[3:06:03 PM]::[com.itd.efiling.itr.common.a.a a]::[INFO]::[jsobj [object Window]]
[03-Aug-2016]::[3:06:07 PM]::[com.itd.efiling.itr.common.a.a a]::[INFO]::[time taken in changed : 16]
[03-Aug-2016]::[3:06:10 PM]::[com.itd.efiling.itr.toolbar.b prefill]::[INFO]::[prefill]
[03-Aug-2016]::[3:06:11 PM]::[com.itd.efiling.itr.a.a.a <init>]::[INFO]::[CommonDialog starts]
[03-Aug-2016]::[3:06:11 PM]::[com.itd.efiling.itr.a.a.a <init>]::[INFO]::[CommonDialog ends]
[03-Aug-2016]::[3:06:52 PM]::[com.itd.efiling.itr.a.a.f prefill]::[INFO]::[prefill caled]
[03-Aug-2016]::[3:06:52 PM]::[com.itd.efiling.itr.webservice.a.a b]::[INFO]::[call starts ]
[03-Aug-2016]::[3:06:52 PM]::[com.itd.efiling.itr.a.a.f prefill]::[INFO]::[prefill ends after starting thread: ]
[03-Aug-2016]::[3:06:52 PM]::[com.itd.efiling.itr.webservice.a.a c]::[INFO]::[sendRequest starts]
[03-Aug-2016]::[3:06:52 PM]::[com.itd.efiling.itr.common.util.e getSecuredRequest]::[INFO]::[Before getting secured request]
[03-Aug-2016]::[3:06:52 PM]::[com.itd.efiling.itr.common.util.e getSecuredRequest]::[INFO]::[After getting secured request]
[03-Aug-2016]::[3:06:52 PM]::[com.itd.efiling.itr.common.util.c d]::[INFO]::[file : .\ITR]
[03-Aug-2016]::[3:06:52 PM]::[com.itd.efiling.itr.common.util.c d]::[INFO]::[file : .\ITR-1_AY201617_PR4.jar]
[03-Aug-2016]::[3:06:54 PM]::[com.itd.efiling.itr.webservice.a.a c]::[INFO]::[Soap fault: null]
[03-Aug-2016]::[3:06:54 PM]::[com.itd.efiling.itr.webservice.a.a c]::[INFO]::[Soap errorNode : null]
[03-Aug-2016]::[3:06:54 PM]::[com.itd.efiling.itr.webservice.a.a c]::[INFO]::[sendrequest ends]
[03-Aug-2016]::[3:06:54 PM]::[com.itd.efiling.itr.webservice.a.a b]::[INFO]::[call ends Time taken:1686]
[03-Aug-2016]::[3:06:54 PM]::[com.itd.efiling.itr.a.a.f cancel]::[INFO]::[cancel caled]
[03-Aug-2016]::[3:06:55 PM]::[com.itd.efiling.itr.webservice.a.d run]::[INFO]::[Prefill done successfully]
[03-Aug-2016]::[3:07:14 PM]::[com.itd.efiling.itr.validation.a.a a]::[INFO]::[FIELD_VALIDATORS_MAP 183]
[03-Aug-2016]::[3:09:56 PM]::[com.itd.efiling.itr.common.util.JavaScriptFunctions getBankName]::[INFO]::[ifsc isUTIB]
[03-Aug-2016]::[3:10:40 PM]::[com.itd.efiling.itr.toolbar.b validateAndSaveFile]::[INFO]::[validateAndSaveFile ]
[03-Aug-2016]::[3:10:40 PM]::[com.itd.efiling.itr.main.ctrl.a c]::[INFO]::[show validation]
[03-Aug-2016]::[3:10:40 PM]::[com.itd.efiling.itr.validation.helpers.Validator validateAll]::[INFO]::[Time taken in validateAll(): 0]
[03-Aug-2016]::[3:10:40 PM]::[com.itd.efiling.itr.validation.helpers.Validator call]::[INFO]::[Call() starts : ]
[03-Aug-2016]::[3:10:40 PM]::[com.itd.efiling.itr.validation.helpers.Validator call]::[INFO]::[Call() ends time taken: 24  error count :0]
[03-Aug-2016]::[3:10:40 PM]::[com.itd.efiling.itr.a.a.e a]::[INFO]::[extension : .xml title : null type : true]
[03-Aug-2016]::[3:10:56 PM]::[com.itd.efiling.itr.common.util.f b]::[INFO]::[Before setDocument]
[03-Aug-2016]::[3:10:56 PM]::[com.itd.efiling.itr.common.util.f b]::[INFO]::[After setDocument[#document: null]]
[03-Aug-2016]::[3:10:56 PM]::[com.itd.efiling.itr.common.cachers.b a]::[INFO]::[flagtrue]
[03-Aug-2016]::[3:10:56 PM]::[com.itd.efiling.itr.common.cachers.b a]::[INFO]::[doc[#document: null]]
[03-Aug-2016]::[3:10:56 PM]::[com.itd.efiling.itr.common.cachers.b a]::[INFO]::[Inside deleteNodeGenerateXml]
[03-Aug-2016]::[3:10:56 PM]::[com.itd.efiling.itr.common.util.f b]::[INFO]::[FIELD_VALUE 218]
[03-Aug-2016]::[3:10:56 PM]::[com.itd.efiling.itr.common.util.f a]::[INFO]::[done with schema error; 0]
[03-Aug-2016]::[3:10:56 PM]::[com.itd.efiling.itr.common.util.f a]::[INFO]::[hash {} wP2VBO6U5FVW24vI6JRfCab1gLbzv/I8uKphVtH/jwU=]
[03-Aug-2016]::[3:10:56 PM]::[com.itd.efiling.itr.common.util.f a]::[INFO]::[Time taken to generate: 583 ms ]
[03-Aug-2016]::[3:11:25 PM]::[com.itd.efiling.itr.toolbar.b submit]::[INFO]::[validateITR starts]
[03-Aug-2016]::[3:11:25 PM]::[com.itd.efiling.itr.main.ctrl.a c]::[INFO]::[show validation]
[03-Aug-2016]::[3:11:25 PM]::[com.itd.efiling.itr.validation.helpers.Validator validateAll]::[INFO]::[Time taken in validateAll(): 0]
[03-Aug-2016]::[3:11:25 PM]::[com.itd.efiling.itr.validation.helpers.Validator call]::[INFO]::[Call() starts : ]
[03-Aug-2016]::[3:11:25 PM]::[com.itd.efiling.itr.validation.helpers.Validator call]::[INFO]::[Call() ends time taken: 20  error count :0]
[03-Aug-2016]::[3:11:25 PM]::[com.itd.efiling.itr.common.util.f b]::[INFO]::[Before setDocument]
[03-Aug-2016]::[3:11:25 PM]::[com.itd.efiling.itr.common.util.f b]::[INFO]::[After setDocument[#document: null]]
[03-Aug-2016]::[3:11:25 PM]::[com.itd.efiling.itr.common.cachers.b a]::[INFO]::[flagtrue]
[03-Aug-2016]::[3:11:25 PM]::[com.itd.efiling.itr.common.cachers.b a]::[INFO]::[doc[#document: null]]
[03-Aug-2016]::[3:11:25 PM]::[com.itd.efiling.itr.common.cachers.b a]::[INFO]::[Inside deleteNodeGenerateXml]
[03-Aug-2016]::[3:11:25 PM]::[com.itd.efiling.itr.common.util.f b]::[INFO]::[FIELD_VALUE 218]
[03-Aug-2016]::[3:11:25 PM]::[com.itd.efiling.itr.common.util.f a]::[INFO]::[done with schema error; 0]
[03-Aug-2016]::[3:11:25 PM]::[com.itd.efiling.itr.common.util.f a]::[INFO]::[hash {} VaxfrJB3ui9Yq3Nfgo0Xl4WL7UOPboTHlwBL/NZuBLo=]
[03-Aug-2016]::[3:11:25 PM]::[com.itd.efiling.itr.common.util.f a]::[INFO]::[Time taken to generate: 74 ms ]
[03-Aug-2016]::[3:11:25 PM]::[com.itd.efiling.itr.a.a.a <init>]::[INFO]::[CommonDialog starts]
[03-Aug-2016]::[3:11:25 PM]::[com.itd.efiling.itr.a.a.n initialize]::[INFO]::[initialize submit itr starts]
[03-Aug-2016]::[3:11:25 PM]::[com.itd.efiling.itr.a.a.n initialize]::[INFO]::[Time taken to get the document 6]
[03-Aug-2016]::[3:11:25 PM]::[com.itd.efiling.itr.a.a.n initialize]::[INFO]::[Time taken to set the parameters0]
[03-Aug-2016]::[3:11:25 PM]::[com.itd.efiling.itr.a.a.n initialize]::[INFO]::[Time taken to enableSec44AB 0]
[03-Aug-2016]::[3:11:25 PM]::[com.itd.efiling.itr.a.a.n initialize]::[INFO]::[Time taken to addKeyEvent 2]
[03-Aug-2016]::[3:11:25 PM]::[com.itd.efiling.itr.a.a.n initialize]::[INFO]::[Time taken to hideDscRelated 0]
[03-Aug-2016]::[3:11:25 PM]::[com.itd.efiling.itr.b.a.n getKeyStoreAliases]::[INFO]::[set : []]
[03-Aug-2016]::[3:11:25 PM]::[com.itd.efiling.itr.a.a.n o]::[INFO]::[Time taken to initialize usb tokens15]
[03-Aug-2016]::[3:11:25 PM]::[com.itd.efiling.itr.a.a.n initialize]::[INFO]::[Time taken to initUsbTokens 15]
[03-Aug-2016]::[3:11:25 PM]::[com.itd.efiling.itr.a.a.a <init>]::[INFO]::[CommonDialog ends]
[03-Aug-2016]::[3:11:25 PM]::[com.itd.efiling.itr.a.a.n dscMandatory]::[INFO]::[dscMandatory starts::ITR-1]
[03-Aug-2016]::[3:11:25 PM]::[com.itd.efiling.itr.a.a.n dscMandatory]::[INFO]::[dscMandatory ends]
[03-Aug-2016]::[3:11:33 PM]::[com.itd.efiling.itr.a.a.n f]::[INFO]::[validateDSCKey ends with flag: true]
[03-Aug-2016]::[3:11:33 PM]::[com.itd.efiling.itr.webservice.a.f b]::[INFO]::[Thread call starts]
[03-Aug-2016]::[3:11:33 PM]::[com.itd.efiling.itr.webservice.a.f a]::[INFO]::[sendRequest starts]
[03-Aug-2016]::[3:11:33 PM]::[com.itd.efiling.itr.common.util.e getSecuredRequest]::[INFO]::[Before getting secured request]
[03-Aug-2016]::[3:11:33 PM]::[com.itd.efiling.itr.common.util.e getSecuredRequest]::[INFO]::[After getting secured request]
[03-Aug-2016]::[3:11:33 PM]::[com.itd.efiling.itr.common.util.c d]::[INFO]::[file : .\ITR]
[03-Aug-2016]::[3:11:33 PM]::[com.itd.efiling.itr.common.util.c d]::[INFO]::[file : .\ITR-1_AY201617_PR4.jar]
[03-Aug-2016]::[3:11:39 PM]::[com.itd.efiling.itr.webservice.a.f a]::[INFO]::[Soap fault: , errorNode: nullnull]
[03-Aug-2016]::[3:11:39 PM]::[com.itd.efiling.itr.a.a.n cancel]::[INFO]::[cancel caled]
[03-Aug-2016]::[3:11:39 PM]::[com.itd.efiling.itr.webservice.a.f b]::[INFO]::[Thread call ends : time taken: 5826]
[03-Aug-2016]::[3:11:39 PM]::[com.itd.efiling.itr.webservice.a.f b]::[INFO]::[Writing to file: C:\Users\SHCOPC~1\AppData\Local\Temp\ITRvFile13806115563634790424801276207.zip]
[03-Aug-2016]::[3:11:39 PM]::[com.itd.efiling.itr.a.a.a <init>]::[INFO]::[CommonDialog starts]
[03-Aug-2016]::[3:11:39 PM]::[com.itd.efiling.itr.a.a.l initialize]::[INFO]::[initialize starts]
[03-Aug-2016]::[3:11:39 PM]::[com.itd.efiling.itr.a.a.l b]::[INFO]::[loadITRVPage stats with transaction id 3236414268 ,email T.MOHITE@SOMAIYA.EDU]
[03-Aug-2016]::[3:11:39 PM]::[com.itd.efiling.itr.a.a.a <init>]::[INFO]::[CommonDialog ends]
[03-Aug-2016]::[3:11:39 PM]::[com.itd.efiling.itr.a.a.l a]::[INFO]::[saveIfNot after shows: ]
[03-Aug-2016]::[3:11:42 PM]::[com.itd.efiling.itr.common.dialog.o a]::[INFO]::[Inside  closeUtility]
[03-Aug-2016]::[3:11:43 PM]::[com.itd.efiling.itr.main.ctrl.h a]::[INFO]::[ Close Event WindowEvent [source = javafx.stage.Stage@1c85471, target = javafx.stage.Stage@1c85471, eventType = WINDOW_CLOSE_REQUEST, consumed = false]]
