[25-Jul-2018]::[9:51:18 PM]::[com.itd.efiling.itr.main.ctrl.ThreeRedLightsIlluminate init]::[INFO]::[init starts]
[25-Jul-2018]::[9:51:18 PM]::[com.itd.efiling.itr.common.util.j setUtilityParams]::[INFO]::[url jar:file:/D:/Data0/IT%20Returns/Yogesh%20Bhatia/ITR-2_2018/ITR-2_AY201819_PR2.jar!/META-INF/MANIFEST.MF]
[25-Jul-2018]::[9:51:19 PM]::[com.itd.efiling.itr.common.util.j setUtilityParams]::[INFO]::[2018-19 :: ITR-2 :: ]
[25-Jul-2018]::[9:51:19 PM]::[com.itd.efiling.itr.main.ctrl.ThreeRedLightsIlluminate init]::[INFO]::[init ends in 56 ms.]
[25-Jul-2018]::[9:51:19 PM]::[com.itd.efiling.itr.main.ctrl.ThreeRedLightsIlluminate start]::[INFO]::[MainLoader start method starts]
[25-Jul-2018]::[9:51:22 PM]::[com.itd.efiling.itr.main.ctrl.d initialize]::[INFO]::[initialize starts]
[25-Jul-2018]::[9:51:22 PM]::[com.itd.efiling.itr.common.util.c b]::[INFO]::[Before Validating fileListCommonScript ]
[25-Jul-2018]::[9:51:23 PM]::[com.itd.efiling.itr.common.util.c b]::[INFO]::[Before Validating fileListItrAy ]
[25-Jul-2018]::[9:51:24 PM]::[com.itd.efiling.itr.common.util.c b]::[INFO]::[Before Validating fileListConfig ]
[25-Jul-2018]::[9:51:24 PM]::[com.itd.efiling.itr.common.util.c b]::[INFO]::[Before Validating verifySignature ]
[25-Jul-2018]::[9:51:24 PM]::[com.itd.efiling.itr.common.util.c a]::[INFO]::[verifies : true]
[25-Jul-2018]::[9:51:24 PM]::[com.itd.efiling.itr.main.ctrl.d initialize]::[INFO]::[Is utiltity valid ::true]
[25-Jul-2018]::[9:51:24 PM]::[com.itd.efiling.itr.a.a.d c]::[INFO]::[loadingDialog starts]
[25-Jul-2018]::[9:51:24 PM]::[com.itd.efiling.itr.a.a.a <init>]::[INFO]::[CommonDialog starts]
[25-Jul-2018]::[9:51:24 PM]::[com.itd.efiling.itr.a.a.a <init>]::[INFO]::[CommonDialog ends]
[25-Jul-2018]::[9:51:25 PM]::[com.itd.efiling.itr.a.a.d c]::[INFO]::[loadingDialog ends]
[25-Jul-2018]::[9:51:25 PM]::[com.itd.efiling.itr.main.ctrl.a b]::[INFO]::[hide validation]
[25-Jul-2018]::[9:51:25 PM]::[com.itd.efiling.itr.main.ctrl.d a]::[INFO]::[importFile : null]
[25-Jul-2018]::[9:51:25 PM]::[com.itd.efiling.itr.main.ctrl.d initialize]::[INFO]::[initialize ends: time taken: 3631ms]
[25-Jul-2018]::[9:51:25 PM]::[com.itd.efiling.itr.main.ctrl.d initialize]::[INFO]::[initialize ends: time taken: 2ms]
[25-Jul-2018]::[9:51:25 PM]::[com.sun.javafx.css.parser.CSSParser declaration]::[WARNING]::[CSS Error parsing '*{-fx-font-weight: bold;-fx-font: 22px;}: Expected '<font-family>' while parsing '-fx-font' at [1,34]]
[25-Jul-2018]::[9:51:25 PM]::[com.sun.javafx.css.parser.CSSParser declaration]::[WARNING]::[CSS Error parsing '*{-fx-background-color: linear-gradient(#3A5058, #6aa2b1);-fx-font-weight: bold;-fx-font: 22px;}: Expected '<font-family>' while parsing '-fx-font' at [1,90]]
[25-Jul-2018]::[9:51:25 PM]::[com.itd.efiling.itr.main.ctrl.ThreeRedLightsIlluminate start]::[INFO]::[mainController.windowWidth new : 1366.0]
[25-Jul-2018]::[9:51:26 PM]::[com.itd.efiling.itr.main.ctrl.ThreeRedLightsIlluminate start]::[INFO]::[1366.0 :: 1079.14 :: 232.22000000000003]
[25-Jul-2018]::[9:51:26 PM]::[com.itd.efiling.itr.main.ctrl.ThreeRedLightsIlluminate start]::[INFO]::[MainLoader start method ends. Time taken: 7183]
[25-Jul-2018]::[9:51:28 PM]::[com.itd.efiling.itr.common.a.a a]::[INFO]::[oldState  : RUNNING newState : SUCCEEDED]
[25-Jul-2018]::[9:51:28 PM]::[com.itd.efiling.itr.common.a.a a]::[INFO]::[jsobj [object Window]]
[25-Jul-2018]::[9:51:29 PM]::[com.itd.efiling.itr.common.a.a a]::[INFO]::[time taken in changed : 1499]
[25-Jul-2018]::[9:51:33 PM]::[com.itd.efiling.itr.toolbar.b importXml]::[INFO]::[importXmlDialog starts]
[25-Jul-2018]::[9:51:33 PM]::[com.itd.efiling.itr.a.a.e a]::[INFO]::[extension : .open title : null type : false]
[25-Jul-2018]::[9:51:50 PM]::[com.itd.efiling.itr.toolbar.b a]::[INFO]::[Actual ITR ITR-2 Actual assesment year2018-19]
[25-Jul-2018]::[9:51:50 PM]::[com.itd.efiling.itr.toolbar.b a]::[INFO]::[Imported ITR ITR-2 Imported assesment year2018-19]
[25-Jul-2018]::[9:51:50 PM]::[com.itd.efiling.itr.a.a.d c]::[INFO]::[loadingDialog starts]
[25-Jul-2018]::[9:51:50 PM]::[com.itd.efiling.itr.a.a.a <init>]::[INFO]::[CommonDialog starts]
[25-Jul-2018]::[9:51:50 PM]::[com.itd.efiling.itr.a.a.a <init>]::[INFO]::[CommonDialog ends]
[25-Jul-2018]::[9:51:50 PM]::[com.itd.efiling.itr.a.a.d c]::[INFO]::[loadingDialog ends]
[25-Jul-2018]::[9:51:50 PM]::[com.itd.efiling.itr.main.ctrl.a b]::[INFO]::[hide validation]
[25-Jul-2018]::[9:51:50 PM]::[com.itd.efiling.itr.main.ctrl.d a]::[INFO]::[importFile : D:\Data0\IT Returns\Yogesh Bhatia\Final.xml]
[25-Jul-2018]::[9:51:50 PM]::[com.itd.efiling.itr.common.a.a a]::[INFO]::[oldState  : SUCCEEDED newState : READY]
[25-Jul-2018]::[9:51:50 PM]::[com.itd.efiling.itr.common.a.a a]::[INFO]::[oldState  : READY newState : SCHEDULED]
[25-Jul-2018]::[9:51:50 PM]::[com.itd.efiling.itr.common.a.a a]::[INFO]::[oldState  : SCHEDULED newState : RUNNING]
[25-Jul-2018]::[9:51:50 PM]::[com.itd.efiling.itr.toolbar.b importXml]::[INFO]::[importXmlDialog ends]
[25-Jul-2018]::[9:51:51 PM]::[com.itd.efiling.itr.common.a.a a]::[INFO]::[oldState  : RUNNING newState : SUCCEEDED]
[25-Jul-2018]::[9:51:51 PM]::[com.itd.efiling.itr.common.a.a a]::[INFO]::[jsobj [object Window]]
[25-Jul-2018]::[9:51:51 PM]::[com.itd.efiling.itr.common.util.l a]::[INFO]::[Before setDocument]
[25-Jul-2018]::[9:51:51 PM]::[com.itd.efiling.itr.common.util.l a]::[INFO]::[iterateNodeImportXml 0]
[25-Jul-2018]::[9:51:51 PM]::[com.itd.efiling.itr.common.util.l a]::[INFO]::[cacheHtmlElements ]
[25-Jul-2018]::[9:51:51 PM]::[com.itd.efiling.itr.common.util.l b]::[INFO]::[Before cacheHtmlElements 0]
[25-Jul-2018]::[9:51:51 PM]::[com.itd.efiling.itr.common.util.l b]::[INFO]::[After cacheHtmlElements 1187]
[25-Jul-2018]::[9:51:51 PM]::[com.itd.efiling.itr.common.util.l a]::[INFO]::[putValuesToHTML ]
[25-Jul-2018]::[9:51:51 PM]::[com.itd.efiling.itr.common.util.l a]::[INFO]::[Before setValuesInForm]
[25-Jul-2018]::[9:51:53 PM]::[com.itd.efiling.itr.common.util.l a]::[INFO]::[End of putValuesToHTML]
[25-Jul-2018]::[9:51:53 PM]::[com.itd.efiling.itr.common.util.l a]::[INFO]::[time taken in importxml function: 2037]
[25-Jul-2018]::[9:52:01 PM]::[com.itd.efiling.itr.common.a.a a]::[INFO]::[time taken in changed : 10267]
[25-Jul-2018]::[9:52:01 PM]::[com.itd.efiling.itr.common.a.a a]::[INFO]::[oldState  : RUNNING newState : SUCCEEDED]
[25-Jul-2018]::[9:52:43 PM]::[com.itd.efiling.itr.toolbar.b calculateITR]::[INFO]::[calculateITR starts]
[25-Jul-2018]::[9:52:43 PM]::[com.itd.efiling.itr.common.dialog.p b]::[INFO]::[Inside  reCalculate]
[25-Jul-2018]::[9:52:44 PM]::[com.itd.efiling.itr.validation.a.a a]::[INFO]::[FIELD_VALIDATORS_MAP 1053]
[25-Jul-2018]::[9:53:13 PM]::[com.itd.efiling.itr.toolbar.b validateAndSaveFile]::[INFO]::[validateAndSaveFile ]
[25-Jul-2018]::[9:53:13 PM]::[com.itd.efiling.itr.main.ctrl.a c]::[INFO]::[show validation]
[25-Jul-2018]::[9:53:14 PM]::[com.itd.efiling.itr.validation.helpers.Validator validateAll]::[INFO]::[Time taken in validateAll(): 0]
[25-Jul-2018]::[9:53:14 PM]::[com.itd.efiling.itr.validation.helpers.Validator call]::[INFO]::[Call() starts : ]
[25-Jul-2018]::[9:53:14 PM]::[com.itd.efiling.itr.validation.helpers.Validator call]::[INFO]::[Call() ends time taken: 134  error count :0]
[25-Jul-2018]::[9:53:14 PM]::[com.itd.efiling.itr.a.a.e a]::[INFO]::[extension : .xml title : null type : true]
[25-Jul-2018]::[9:53:20 PM]::[com.itd.efiling.itr.common.util.f b]::[INFO]::[Before setDocument]
[25-Jul-2018]::[9:53:20 PM]::[com.itd.efiling.itr.common.util.f b]::[INFO]::[After setDocument[#document: null]]
[25-Jul-2018]::[9:53:20 PM]::[com.itd.efiling.itr.common.util.f b]::[INFO]::[name: scheduleTDS2.tdSonOthThanSal[1].tDSCreditName xpath: /ITRETURN:ITR/ITR2FORM:ITR2/ITRForm:ScheduleTDS2/ITRForm:TDSonOthThanSal[2]/ITRForm:TDSCreditName nodelist: 1]
[25-Jul-2018]::[9:53:20 PM]::[com.itd.efiling.itr.common.util.f b]::[INFO]::[name: scheduleTDS2.tdSonOthThanSal[2].tDSCreditName xpath: /ITRETURN:ITR/ITR2FORM:ITR2/ITRForm:ScheduleTDS2/ITRForm:TDSonOthThanSal[3]/ITRForm:TDSCreditName nodelist: 2]
[25-Jul-2018]::[9:53:20 PM]::[com.itd.efiling.itr.common.util.f b]::[INFO]::[name: scheduleTDS2.tdSonOthThanSal[3].tDSCreditName xpath: /ITRETURN:ITR/ITR2FORM:ITR2/ITRForm:ScheduleTDS2/ITRForm:TDSonOthThanSal[4]/ITRForm:TDSCreditName nodelist: 3]
[25-Jul-2018]::[9:53:20 PM]::[com.itd.efiling.itr.common.util.f b]::[INFO]::[name: scheduleTDS2.tdSonOthThanSal[4].tDSCreditName xpath: /ITRETURN:ITR/ITR2FORM:ITR2/ITRForm:ScheduleTDS2/ITRForm:TDSonOthThanSal[5]/ITRForm:TDSCreditName nodelist: 4]
[25-Jul-2018]::[9:53:21 PM]::[com.itd.efiling.itr.common.util.f b]::[INFO]::[name: scheduleHP.propertyDetails[1].hpSno xpath: /ITRETURN:ITR/ITR2FORM:ITR2/ITRForm:ScheduleHP/ITRForm:PropertyDetails[2]/ITRForm:HPSNo nodelist: 1]
[25-Jul-2018]::[9:53:21 PM]::[com.itd.efiling.itr.common.util.f b]::[INFO]::[name: scheduleOS.incOthThanOwnRaceHorse.othersGrossDtls[1].sourceDescription xpath: /ITRETURN:ITR/ITR2FORM:ITR2/ITRForm:ScheduleOS/ITRForm:IncOthThanOwnRaceHorse/ITRForm:OthersGrossDtls[2]/ITRForm:SourceDescription nodelist: 1]
[25-Jul-2018]::[9:53:21 PM]::[com.itd.efiling.itr.common.util.f b]::[INFO]::[name: scheduleOS.incOthThanOwnRaceHorse.othersGrossDtls[2].sourceDescription xpath: /ITRETURN:ITR/ITR2FORM:ITR2/ITRForm:ScheduleOS/ITRForm:IncOthThanOwnRaceHorse/ITRForm:OthersGrossDtls[3]/ITRForm:SourceDescription nodelist: 2]
[25-Jul-2018]::[9:53:21 PM]::[com.itd.efiling.itr.common.util.f b]::[INFO]::[name: scheduleOS.incOthThanOwnRaceHorse.othersGrossDtls[3].sourceDescription xpath: /ITRETURN:ITR/ITR2FORM:ITR2/ITRForm:ScheduleOS/ITRForm:IncOthThanOwnRaceHorse/ITRForm:OthersGrossDtls[4]/ITRForm:SourceDescription nodelist: 3]
[25-Jul-2018]::[9:53:21 PM]::[com.itd.efiling.itr.common.util.f b]::[INFO]::[name: scheduleOS.incOthThanOwnRaceHorse.othersGrossDtls[4].sourceDescription xpath: /ITRETURN:ITR/ITR2FORM:ITR2/ITRForm:ScheduleOS/ITRForm:IncOthThanOwnRaceHorse/ITRForm:OthersGrossDtls[5]/ITRForm:SourceDescription nodelist: 4]
[25-Jul-2018]::[9:53:21 PM]::[com.itd.efiling.itr.common.util.f b]::[INFO]::[name: scheduleOS.incOthThanOwnRaceHorse.othersGrossDtls[5].sourceDescription xpath: /ITRETURN:ITR/ITR2FORM:ITR2/ITRForm:ScheduleOS/ITRForm:IncOthThanOwnRaceHorse/ITRForm:OthersGrossDtls[6]/ITRForm:SourceDescription nodelist: 5]
[25-Jul-2018]::[9:53:21 PM]::[com.itd.efiling.itr.common.util.f b]::[INFO]::[name: scheduleOS.incOthThanOwnRaceHorse.othersGrossDtls[6].sourceDescription xpath: /ITRETURN:ITR/ITR2FORM:ITR2/ITRForm:ScheduleOS/ITRForm:IncOthThanOwnRaceHorse/ITRForm:OthersGrossDtls[7]/ITRForm:SourceDescription nodelist: 6]
[25-Jul-2018]::[9:53:21 PM]::[com.itd.efiling.itr.common.util.f b]::[INFO]::[name: scheduleOS.incOthThanOwnRaceHorse.othersGrossDtls[7].sourceDescription xpath: /ITRETURN:ITR/ITR2FORM:ITR2/ITRForm:ScheduleOS/ITRForm:IncOthThanOwnRaceHorse/ITRForm:OthersGrossDtls[8]/ITRForm:SourceDescription nodelist: 7]
[25-Jul-2018]::[9:53:21 PM]::[com.itd.efiling.itr.common.util.f b]::[INFO]::[name: scheduleOS.incOthThanOwnRaceHorse.othersGrossDtls[8].sourceDescription xpath: /ITRETURN:ITR/ITR2FORM:ITR2/ITRForm:ScheduleOS/ITRForm:IncOthThanOwnRaceHorse/ITRForm:OthersGrossDtls[9]/ITRForm:SourceDescription nodelist: 8]
[25-Jul-2018]::[9:53:21 PM]::[com.itd.efiling.itr.common.util.f b]::[INFO]::[name: scheduleOS.incOthThanOwnRaceHorse.othersGrossDtls[9].sourceDescription xpath: /ITRETURN:ITR/ITR2FORM:ITR2/ITRForm:ScheduleOS/ITRForm:IncOthThanOwnRaceHorse/ITRForm:OthersGrossDtls[10]/ITRForm:SourceDescription nodelist: 9]
[25-Jul-2018]::[9:53:21 PM]::[com.itd.efiling.itr.common.util.f b]::[INFO]::[name: scheduleOS.incOthThanOwnRaceHorse.othersGrossDtls[10].sourceDescription xpath: /ITRETURN:ITR/ITR2FORM:ITR2/ITRForm:ScheduleOS/ITRForm:IncOthThanOwnRaceHorse/ITRForm:OthersGrossDtls[11]/ITRForm:SourceDescription nodelist: 10]
[25-Jul-2018]::[9:53:21 PM]::[com.itd.efiling.itr.common.util.f b]::[INFO]::[name: scheduleOS.incOthThanOwnRaceHorse.othersGrossDtls[11].sourceDescription xpath: /ITRETURN:ITR/ITR2FORM:ITR2/ITRForm:ScheduleOS/ITRForm:IncOthThanOwnRaceHorse/ITRForm:OthersGrossDtls[12]/ITRForm:SourceDescription nodelist: 11]
[25-Jul-2018]::[9:53:21 PM]::[com.itd.efiling.itr.common.util.f b]::[INFO]::[name: scheduleOS.incOthThanOwnRaceHorse.othersGrossDtls[12].sourceDescription xpath: /ITRETURN:ITR/ITR2FORM:ITR2/ITRForm:ScheduleOS/ITRForm:IncOthThanOwnRaceHorse/ITRForm:OthersGrossDtls[13]/ITRForm:SourceDescription nodelist: 12]
[25-Jul-2018]::[9:53:21 PM]::[com.itd.efiling.itr.common.util.f b]::[INFO]::[name: scheduleOS.incOthThanOwnRaceHorse.othersGrossDtls[13].sourceDescription xpath: /ITRETURN:ITR/ITR2FORM:ITR2/ITRForm:ScheduleOS/ITRForm:IncOthThanOwnRaceHorse/ITRForm:OthersGrossDtls[14]/ITRForm:SourceDescription nodelist: 13]
[25-Jul-2018]::[9:53:21 PM]::[com.itd.efiling.itr.common.util.f b]::[INFO]::[name: scheduleOS.incOthThanOwnRaceHorse.othersGrossDtls[14].sourceDescription xpath: /ITRETURN:ITR/ITR2FORM:ITR2/ITRForm:ScheduleOS/ITRForm:IncOthThanOwnRaceHorse/ITRForm:OthersGrossDtls[15]/ITRForm:SourceDescription nodelist: 14]
[25-Jul-2018]::[9:53:21 PM]::[com.itd.efiling.itr.common.util.f b]::[INFO]::[name: scheduleOS.incOthThanOwnRaceHorse.othersGrossDtls[15].sourceDescription xpath: /ITRETURN:ITR/ITR2FORM:ITR2/ITRForm:ScheduleOS/ITRForm:IncOthThanOwnRaceHorse/ITRForm:OthersGrossDtls[16]/ITRForm:SourceDescription nodelist: 15]
[25-Jul-2018]::[9:53:22 PM]::[com.itd.efiling.itr.common.cachers.b a]::[INFO]::[flagtrue]
[25-Jul-2018]::[9:53:22 PM]::[com.itd.efiling.itr.common.cachers.b a]::[INFO]::[doc[#document: null]]
[25-Jul-2018]::[9:53:22 PM]::[com.itd.efiling.itr.common.cachers.b a]::[INFO]::[Inside deleteNodeGenerateXml]
[25-Jul-2018]::[9:53:22 PM]::[com.itd.efiling.itr.common.util.f b]::[INFO]::[FIELD_VALUE 1260]
[25-Jul-2018]::[9:53:23 PM]::[com.itd.efiling.itr.common.util.f a]::[INFO]::[done with schema error; 0]
[25-Jul-2018]::[9:53:23 PM]::[com.itd.efiling.itr.common.util.f a]::[INFO]::[hash {} u/DRs3FpehpZ5gCNPFwCGpwZJHsGF4VvDLLl2aWOTr4=]
[25-Jul-2018]::[9:53:23 PM]::[com.itd.efiling.itr.common.util.f a]::[INFO]::[Time taken to generate: 2954 ms ]
[25-Jul-2018]::[9:53:50 PM]::[com.itd.efiling.itr.toolbar.b submit]::[INFO]::[validateITR starts]
[25-Jul-2018]::[9:53:50 PM]::[com.itd.efiling.itr.main.ctrl.a c]::[INFO]::[show validation]
[25-Jul-2018]::[9:53:50 PM]::[com.itd.efiling.itr.validation.helpers.Validator validateAll]::[INFO]::[Time taken in validateAll(): 0]
[25-Jul-2018]::[9:53:50 PM]::[com.itd.efiling.itr.validation.helpers.Validator call]::[INFO]::[Call() starts : ]
[25-Jul-2018]::[9:53:50 PM]::[com.itd.efiling.itr.validation.helpers.Validator call]::[INFO]::[Call() ends time taken: 88  error count :0]
[25-Jul-2018]::[9:53:51 PM]::[com.itd.efiling.itr.common.util.f b]::[INFO]::[Before setDocument]
[25-Jul-2018]::[9:53:51 PM]::[com.itd.efiling.itr.common.util.f b]::[INFO]::[After setDocument[#document: null]]
[25-Jul-2018]::[9:53:51 PM]::[com.itd.efiling.itr.common.util.f b]::[INFO]::[name: scheduleTDS2.tdSonOthThanSal[1].tDSCreditName xpath: /ITRETURN:ITR/ITR2FORM:ITR2/ITRForm:ScheduleTDS2/ITRForm:TDSonOthThanSal[2]/ITRForm:TDSCreditName nodelist: 1]
[25-Jul-2018]::[9:53:51 PM]::[com.itd.efiling.itr.common.util.f b]::[INFO]::[name: scheduleTDS2.tdSonOthThanSal[2].tDSCreditName xpath: /ITRETURN:ITR/ITR2FORM:ITR2/ITRForm:ScheduleTDS2/ITRForm:TDSonOthThanSal[3]/ITRForm:TDSCreditName nodelist: 2]
[25-Jul-2018]::[9:53:51 PM]::[com.itd.efiling.itr.common.util.f b]::[INFO]::[name: scheduleTDS2.tdSonOthThanSal[3].tDSCreditName xpath: /ITRETURN:ITR/ITR2FORM:ITR2/ITRForm:ScheduleTDS2/ITRForm:TDSonOthThanSal[4]/ITRForm:TDSCreditName nodelist: 3]
[25-Jul-2018]::[9:53:51 PM]::[com.itd.efiling.itr.common.util.f b]::[INFO]::[name: scheduleTDS2.tdSonOthThanSal[4].tDSCreditName xpath: /ITRETURN:ITR/ITR2FORM:ITR2/ITRForm:ScheduleTDS2/ITRForm:TDSonOthThanSal[5]/ITRForm:TDSCreditName nodelist: 4]
[25-Jul-2018]::[9:53:52 PM]::[com.itd.efiling.itr.common.util.f b]::[INFO]::[name: scheduleHP.propertyDetails[1].hpSno xpath: /ITRETURN:ITR/ITR2FORM:ITR2/ITRForm:ScheduleHP/ITRForm:PropertyDetails[2]/ITRForm:HPSNo nodelist: 1]
[25-Jul-2018]::[9:53:52 PM]::[com.itd.efiling.itr.common.util.f b]::[INFO]::[name: scheduleOS.incOthThanOwnRaceHorse.othersGrossDtls[1].sourceDescription xpath: /ITRETURN:ITR/ITR2FORM:ITR2/ITRForm:ScheduleOS/ITRForm:IncOthThanOwnRaceHorse/ITRForm:OthersGrossDtls[2]/ITRForm:SourceDescription nodelist: 1]
[25-Jul-2018]::[9:53:52 PM]::[com.itd.efiling.itr.common.util.f b]::[INFO]::[name: scheduleOS.incOthThanOwnRaceHorse.othersGrossDtls[2].sourceDescription xpath: /ITRETURN:ITR/ITR2FORM:ITR2/ITRForm:ScheduleOS/ITRForm:IncOthThanOwnRaceHorse/ITRForm:OthersGrossDtls[3]/ITRForm:SourceDescription nodelist: 2]
[25-Jul-2018]::[9:53:52 PM]::[com.itd.efiling.itr.common.util.f b]::[INFO]::[name: scheduleOS.incOthThanOwnRaceHorse.othersGrossDtls[3].sourceDescription xpath: /ITRETURN:ITR/ITR2FORM:ITR2/ITRForm:ScheduleOS/ITRForm:IncOthThanOwnRaceHorse/ITRForm:OthersGrossDtls[4]/ITRForm:SourceDescription nodelist: 3]
[25-Jul-2018]::[9:53:52 PM]::[com.itd.efiling.itr.common.util.f b]::[INFO]::[name: scheduleOS.incOthThanOwnRaceHorse.othersGrossDtls[4].sourceDescription xpath: /ITRETURN:ITR/ITR2FORM:ITR2/ITRForm:ScheduleOS/ITRForm:IncOthThanOwnRaceHorse/ITRForm:OthersGrossDtls[5]/ITRForm:SourceDescription nodelist: 4]
[25-Jul-2018]::[9:53:52 PM]::[com.itd.efiling.itr.common.util.f b]::[INFO]::[name: scheduleOS.incOthThanOwnRaceHorse.othersGrossDtls[5].sourceDescription xpath: /ITRETURN:ITR/ITR2FORM:ITR2/ITRForm:ScheduleOS/ITRForm:IncOthThanOwnRaceHorse/ITRForm:OthersGrossDtls[6]/ITRForm:SourceDescription nodelist: 5]
[25-Jul-2018]::[9:53:52 PM]::[com.itd.efiling.itr.common.util.f b]::[INFO]::[name: scheduleOS.incOthThanOwnRaceHorse.othersGrossDtls[6].sourceDescription xpath: /ITRETURN:ITR/ITR2FORM:ITR2/ITRForm:ScheduleOS/ITRForm:IncOthThanOwnRaceHorse/ITRForm:OthersGrossDtls[7]/ITRForm:SourceDescription nodelist: 6]
[25-Jul-2018]::[9:53:52 PM]::[com.itd.efiling.itr.common.util.f b]::[INFO]::[name: scheduleOS.incOthThanOwnRaceHorse.othersGrossDtls[7].sourceDescription xpath: /ITRETURN:ITR/ITR2FORM:ITR2/ITRForm:ScheduleOS/ITRForm:IncOthThanOwnRaceHorse/ITRForm:OthersGrossDtls[8]/ITRForm:SourceDescription nodelist: 7]
[25-Jul-2018]::[9:53:52 PM]::[com.itd.efiling.itr.common.util.f b]::[INFO]::[name: scheduleOS.incOthThanOwnRaceHorse.othersGrossDtls[8].sourceDescription xpath: /ITRETURN:ITR/ITR2FORM:ITR2/ITRForm:ScheduleOS/ITRForm:IncOthThanOwnRaceHorse/ITRForm:OthersGrossDtls[9]/ITRForm:SourceDescription nodelist: 8]
[25-Jul-2018]::[9:53:52 PM]::[com.itd.efiling.itr.common.util.f b]::[INFO]::[name: scheduleOS.incOthThanOwnRaceHorse.othersGrossDtls[9].sourceDescription xpath: /ITRETURN:ITR/ITR2FORM:ITR2/ITRForm:ScheduleOS/ITRForm:IncOthThanOwnRaceHorse/ITRForm:OthersGrossDtls[10]/ITRForm:SourceDescription nodelist: 9]
[25-Jul-2018]::[9:53:52 PM]::[com.itd.efiling.itr.common.util.f b]::[INFO]::[name: scheduleOS.incOthThanOwnRaceHorse.othersGrossDtls[10].sourceDescription xpath: /ITRETURN:ITR/ITR2FORM:ITR2/ITRForm:ScheduleOS/ITRForm:IncOthThanOwnRaceHorse/ITRForm:OthersGrossDtls[11]/ITRForm:SourceDescription nodelist: 10]
[25-Jul-2018]::[9:53:52 PM]::[com.itd.efiling.itr.common.util.f b]::[INFO]::[name: scheduleOS.incOthThanOwnRaceHorse.othersGrossDtls[11].sourceDescription xpath: /ITRETURN:ITR/ITR2FORM:ITR2/ITRForm:ScheduleOS/ITRForm:IncOthThanOwnRaceHorse/ITRForm:OthersGrossDtls[12]/ITRForm:SourceDescription nodelist: 11]
[25-Jul-2018]::[9:53:52 PM]::[com.itd.efiling.itr.common.util.f b]::[INFO]::[name: scheduleOS.incOthThanOwnRaceHorse.othersGrossDtls[12].sourceDescription xpath: /ITRETURN:ITR/ITR2FORM:ITR2/ITRForm:ScheduleOS/ITRForm:IncOthThanOwnRaceHorse/ITRForm:OthersGrossDtls[13]/ITRForm:SourceDescription nodelist: 12]
[25-Jul-2018]::[9:53:52 PM]::[com.itd.efiling.itr.common.util.f b]::[INFO]::[name: scheduleOS.incOthThanOwnRaceHorse.othersGrossDtls[13].sourceDescription xpath: /ITRETURN:ITR/ITR2FORM:ITR2/ITRForm:ScheduleOS/ITRForm:IncOthThanOwnRaceHorse/ITRForm:OthersGrossDtls[14]/ITRForm:SourceDescription nodelist: 13]
[25-Jul-2018]::[9:53:52 PM]::[com.itd.efiling.itr.common.util.f b]::[INFO]::[name: scheduleOS.incOthThanOwnRaceHorse.othersGrossDtls[14].sourceDescription xpath: /ITRETURN:ITR/ITR2FORM:ITR2/ITRForm:ScheduleOS/ITRForm:IncOthThanOwnRaceHorse/ITRForm:OthersGrossDtls[15]/ITRForm:SourceDescription nodelist: 14]
[25-Jul-2018]::[9:53:52 PM]::[com.itd.efiling.itr.common.util.f b]::[INFO]::[name: scheduleOS.incOthThanOwnRaceHorse.othersGrossDtls[15].sourceDescription xpath: /ITRETURN:ITR/ITR2FORM:ITR2/ITRForm:ScheduleOS/ITRForm:IncOthThanOwnRaceHorse/ITRForm:OthersGrossDtls[16]/ITRForm:SourceDescription nodelist: 15]
[25-Jul-2018]::[9:53:53 PM]::[com.itd.efiling.itr.common.cachers.b a]::[INFO]::[flagtrue]
[25-Jul-2018]::[9:53:53 PM]::[com.itd.efiling.itr.common.cachers.b a]::[INFO]::[doc[#document: null]]
[25-Jul-2018]::[9:53:53 PM]::[com.itd.efiling.itr.common.cachers.b a]::[INFO]::[Inside deleteNodeGenerateXml]
[25-Jul-2018]::[9:53:53 PM]::[com.itd.efiling.itr.common.util.f b]::[INFO]::[FIELD_VALUE 1260]
[25-Jul-2018]::[9:53:53 PM]::[com.itd.efiling.itr.common.util.f a]::[INFO]::[done with schema error; 0]
[25-Jul-2018]::[9:53:53 PM]::[com.itd.efiling.itr.common.util.f a]::[INFO]::[hash {} u/DRs3FpehpZ5gCNPFwCGpwZJHsGF4VvDLLl2aWOTr4=]
[25-Jul-2018]::[9:53:53 PM]::[com.itd.efiling.itr.common.util.f a]::[INFO]::[Time taken to generate: 2202 ms ]
[25-Jul-2018]::[9:53:53 PM]::[com.itd.efiling.itr.a.a.a <init>]::[INFO]::[CommonDialog starts]
[25-Jul-2018]::[9:53:54 PM]::[com.itd.efiling.itr.a.a.n initialize]::[INFO]::[initialize submit itr starts]
[25-Jul-2018]::[9:53:54 PM]::[com.itd.efiling.itr.a.a.n initialize]::[INFO]::[Time taken to get the document 24]
[25-Jul-2018]::[9:53:54 PM]::[com.itd.efiling.itr.a.a.n initialize]::[INFO]::[Time taken to set the parameters1]
[25-Jul-2018]::[9:53:54 PM]::[com.itd.efiling.itr.a.a.n initialize]::[INFO]::[Time taken to enableSec44AB 1]
[25-Jul-2018]::[9:53:54 PM]::[com.itd.efiling.itr.a.a.n r]::[INFO]::[Enabling 92E for AY2017-18 and ITR 3,5,6 and 7]
[25-Jul-2018]::[9:53:54 PM]::[com.itd.efiling.itr.a.a.n initialize]::[INFO]::[Time taken to addKeyEvent 4]
[25-Jul-2018]::[9:53:54 PM]::[com.itd.efiling.itr.a.a.n initialize]::[INFO]::[Time taken to hideDscRelated 1]
[25-Jul-2018]::[9:53:55 PM]::[com.itd.efiling.itr.b.a.n getKeyStoreAliases]::[INFO]::[set : []]
[25-Jul-2018]::[9:53:55 PM]::[com.itd.efiling.itr.a.a.n o]::[INFO]::[Time taken to initialize usb tokens1553]
[25-Jul-2018]::[9:53:55 PM]::[com.itd.efiling.itr.a.a.n initialize]::[INFO]::[Time taken to initUsbTokens 1553]
[25-Jul-2018]::[9:53:55 PM]::[com.itd.efiling.itr.a.a.a <init>]::[INFO]::[CommonDialog ends]
[25-Jul-2018]::[9:53:55 PM]::[com.itd.efiling.itr.a.a.n dscMandatory]::[INFO]::[dscMandatory starts::ITR-2]
[25-Jul-2018]::[9:53:55 PM]::[com.itd.efiling.itr.a.a.n dscMandatory]::[INFO]::[dscMandatory ends]
[25-Jul-2018]::[9:54:17 PM]::[com.itd.efiling.itr.a.a.n f]::[INFO]::[validateDSCKey ends with flag: true]
[25-Jul-2018]::[9:54:17 PM]::[com.itd.efiling.itr.webservice.a.f b]::[INFO]::[Thread call starts]
[25-Jul-2018]::[9:54:17 PM]::[com.itd.efiling.itr.webservice.a.f a]::[INFO]::[sendRequest starts]
[25-Jul-2018]::[9:54:17 PM]::[com.itd.efiling.itr.common.util.e getSecuredRequest]::[INFO]::[Before getting secured request]
[25-Jul-2018]::[9:54:17 PM]::[com.itd.efiling.itr.common.util.e getSecuredRequest]::[INFO]::[After getting secured request]
[25-Jul-2018]::[9:54:17 PM]::[com.itd.efiling.itr.common.util.c d]::[INFO]::[file : .\ITR]
[25-Jul-2018]::[9:54:17 PM]::[com.itd.efiling.itr.common.util.c d]::[INFO]::[file : .\ITR-2_AY201819_PR2.jar]
[25-Jul-2018]::[9:54:19 PM]::[com.itd.efiling.itr.webservice.a.f a]::[INFO]::[Soap fault: , errorNode: nullnull]
[25-Jul-2018]::[9:54:19 PM]::[com.itd.efiling.itr.webservice.a.f b]::[INFO]::[Thread call ends : time taken: 1832]
[25-Jul-2018]::[9:54:19 PM]::[com.itd.efiling.itr.a.a.n cancel]::[INFO]::[cancel caled]
[25-Jul-2018]::[9:54:19 PM]::[com.itd.efiling.itr.webservice.a.f b]::[INFO]::[Writing to file: C:\Users\Tushar\AppData\Local\Temp\ITRvFile-18904890411809346383466040922.zip]
[25-Jul-2018]::[9:54:19 PM]::[com.itd.efiling.itr.a.a.a <init>]::[INFO]::[CommonDialog starts]
[25-Jul-2018]::[9:54:19 PM]::[com.itd.efiling.itr.a.a.l initialize]::[INFO]::[initialize starts]
[25-Jul-2018]::[9:54:19 PM]::[com.itd.efiling.itr.a.a.l b]::[INFO]::[loadITRVPage stats with transaction id 5742187732 ,email yogesh451@yahoo.co.in]
[25-Jul-2018]::[9:54:19 PM]::[com.itd.efiling.itr.a.a.a <init>]::[INFO]::[CommonDialog ends]
[25-Jul-2018]::[9:54:19 PM]::[com.itd.efiling.itr.a.a.l a]::[INFO]::[saveIfNot after shows: ]
[25-Jul-2018]::[9:54:26 PM]::[com.itd.efiling.itr.a.a.l downloadITRV]::[INFO]::[downloadITRV starts]
[25-Jul-2018]::[9:54:26 PM]::[com.itd.efiling.itr.a.a.e a]::[INFO]::[extension : .pdf title : Save ITR-V pdf type : true]
[25-Jul-2018]::[9:55:02 PM]::[com.itd.efiling.itr.common.dialog.p a]::[INFO]::[Inside  closeUtility]
[25-Jul-2018]::[9:55:05 PM]::[com.itd.efiling.itr.main.ctrl.h a]::[INFO]::[ Close Event WindowEvent [source = javafx.stage.Stage@c3a68b, target = javafx.stage.Stage@c3a68b, eventType = WINDOW_CLOSE_REQUEST, consumed = false]]
