[28-Jul-2016]::[4:35:44 PM]::[com.itd.efiling.itr.main.ctrl.ThreeRedLightsIlluminate init]::[INFO]::[init starts]
[28-Jul-2016]::[4:35:44 PM]::[com.itd.efiling.itr.common.util.j setUtilityParams]::[INFO]::[url jar:file:/E:/Tushar%20Data/Business/IT%20RETURNS/Mukesh%20Ghumre/AY%202016-17/ITR-1_2016/ITR-1_AY201617_PR3.jar!/META-INF/MANIFEST.MF]
[28-Jul-2016]::[4:35:44 PM]::[com.itd.efiling.itr.common.util.j setUtilityParams]::[INFO]::[2016-17 :: ITR-1 :: ]
[28-Jul-2016]::[4:35:44 PM]::[com.itd.efiling.itr.main.ctrl.ThreeRedLightsIlluminate init]::[INFO]::[init ends in 13 ms.]
[28-Jul-2016]::[4:35:44 PM]::[com.itd.efiling.itr.main.ctrl.ThreeRedLightsIlluminate start]::[INFO]::[MainLoader start method starts]
[28-Jul-2016]::[4:35:45 PM]::[com.itd.efiling.itr.main.ctrl.d initialize]::[INFO]::[initialize starts]
[28-Jul-2016]::[4:35:45 PM]::[com.itd.efiling.itr.common.util.c b]::[INFO]::[Before Validating fileListCommonScript ]
[28-Jul-2016]::[4:35:45 PM]::[com.itd.efiling.itr.common.util.c b]::[INFO]::[Before Validating fileListItrAy ]
[28-Jul-2016]::[4:35:45 PM]::[com.itd.efiling.itr.common.util.c b]::[INFO]::[Before Validating fileListConfig ]
[28-Jul-2016]::[4:35:45 PM]::[com.itd.efiling.itr.common.util.c b]::[INFO]::[Before Validating verifySignature ]
[28-Jul-2016]::[4:35:45 PM]::[com.itd.efiling.itr.common.util.c a]::[INFO]::[verifies : true]
[28-Jul-2016]::[4:35:45 PM]::[com.itd.efiling.itr.main.ctrl.d initialize]::[INFO]::[Is utiltity valid ::true]
[28-Jul-2016]::[4:35:45 PM]::[com.itd.efiling.itr.a.a.d c]::[INFO]::[loadingDialog starts]
[28-Jul-2016]::[4:35:45 PM]::[com.itd.efiling.itr.a.a.a <init>]::[INFO]::[CommonDialog starts]
[28-Jul-2016]::[4:35:45 PM]::[com.itd.efiling.itr.a.a.a <init>]::[INFO]::[CommonDialog ends]
[28-Jul-2016]::[4:35:46 PM]::[com.itd.efiling.itr.a.a.d c]::[INFO]::[loadingDialog ends]
[28-Jul-2016]::[4:35:46 PM]::[com.itd.efiling.itr.main.ctrl.a b]::[INFO]::[hide validation]
[28-Jul-2016]::[4:35:46 PM]::[com.itd.efiling.itr.main.ctrl.d a]::[INFO]::[importFile : null]
[28-Jul-2016]::[4:35:46 PM]::[com.itd.efiling.itr.main.ctrl.d initialize]::[INFO]::[initialize ends: time taken: 670ms]
[28-Jul-2016]::[4:35:46 PM]::[com.itd.efiling.itr.main.ctrl.d initialize]::[INFO]::[initialize ends: time taken: 0ms]
[28-Jul-2016]::[4:35:46 PM]::[com.sun.javafx.css.parser.CSSParser declaration]::[WARNING]::[CSS Error parsing '*{-fx-font-weight: bold;-fx-font: 22px;}: Expected '<font-family>' while parsing '-fx-font' at [1,34]]
[28-Jul-2016]::[4:35:46 PM]::[com.sun.javafx.css.parser.CSSParser declaration]::[WARNING]::[CSS Error parsing '*{-fx-background-color: linear-gradient(#3A5058, #6aa2b1);-fx-font-weight: bold;-fx-font: 22px;}: Expected '<font-family>' while parsing '-fx-font' at [1,90]]
[28-Jul-2016]::[4:35:46 PM]::[com.itd.efiling.itr.main.ctrl.ThreeRedLightsIlluminate start]::[INFO]::[mainController.windowWidth new : 1366.0]
[28-Jul-2016]::[4:35:46 PM]::[com.itd.efiling.itr.main.ctrl.ThreeRedLightsIlluminate start]::[INFO]::[1366.0 :: 1079.14 :: 232.22000000000003]
[28-Jul-2016]::[4:35:46 PM]::[com.itd.efiling.itr.main.ctrl.ThreeRedLightsIlluminate start]::[INFO]::[MainLoader start method ends. Time taken: 1323]
[28-Jul-2016]::[4:35:46 PM]::[com.itd.efiling.itr.common.a.a a]::[INFO]::[oldState  : RUNNING newState : SUCCEEDED]
[28-Jul-2016]::[4:35:46 PM]::[com.itd.efiling.itr.common.a.a a]::[INFO]::[jsobj [object Window]]
[28-Jul-2016]::[4:35:47 PM]::[com.itd.efiling.itr.common.a.a a]::[INFO]::[time taken in changed : 31]
[28-Jul-2016]::[4:35:48 PM]::[com.itd.efiling.itr.toolbar.b prefill]::[INFO]::[prefill]
[28-Jul-2016]::[4:35:49 PM]::[com.itd.efiling.itr.a.a.a <init>]::[INFO]::[CommonDialog starts]
[28-Jul-2016]::[4:35:49 PM]::[com.itd.efiling.itr.a.a.a <init>]::[INFO]::[CommonDialog ends]
[28-Jul-2016]::[4:36:04 PM]::[com.itd.efiling.itr.a.a.f prefill]::[INFO]::[prefill caled]
[28-Jul-2016]::[4:36:04 PM]::[com.itd.efiling.itr.webservice.a.a b]::[INFO]::[call starts ]
[28-Jul-2016]::[4:36:04 PM]::[com.itd.efiling.itr.a.a.f prefill]::[INFO]::[prefill ends after starting thread: ]
[28-Jul-2016]::[4:36:04 PM]::[com.itd.efiling.itr.webservice.a.a c]::[INFO]::[sendRequest starts]
[28-Jul-2016]::[4:36:04 PM]::[com.itd.efiling.itr.common.util.e getSecuredRequest]::[INFO]::[Before getting secured request]
[28-Jul-2016]::[4:36:04 PM]::[com.itd.efiling.itr.common.util.e getSecuredRequest]::[INFO]::[After getting secured request]
[28-Jul-2016]::[4:36:04 PM]::[com.itd.efiling.itr.common.util.c d]::[INFO]::[file : .\ITR]
[28-Jul-2016]::[4:36:04 PM]::[com.itd.efiling.itr.common.util.c d]::[INFO]::[file : .\ITR-1_AY201617_PR3.jar]
[28-Jul-2016]::[4:36:05 PM]::[com.itd.efiling.itr.webservice.a.a c]::[INFO]::[Soap fault: null]
[28-Jul-2016]::[4:36:05 PM]::[com.itd.efiling.itr.webservice.a.a c]::[INFO]::[Soap errorNode : null]
[28-Jul-2016]::[4:36:05 PM]::[com.itd.efiling.itr.webservice.a.a c]::[INFO]::[sendrequest ends]
[28-Jul-2016]::[4:36:05 PM]::[com.itd.efiling.itr.webservice.a.a b]::[INFO]::[call ends Time taken:1221]
[28-Jul-2016]::[4:36:05 PM]::[com.itd.efiling.itr.a.a.f cancel]::[INFO]::[cancel caled]
[28-Jul-2016]::[4:36:06 PM]::[com.itd.efiling.itr.webservice.a.d run]::[INFO]::[Prefill done successfully]
[28-Jul-2016]::[4:36:15 PM]::[com.itd.efiling.itr.toolbar.b importXml]::[INFO]::[importXmlDialog starts]
[28-Jul-2016]::[4:36:15 PM]::[com.itd.efiling.itr.a.a.e a]::[INFO]::[extension : .open title : null type : false]
[28-Jul-2016]::[4:36:27 PM]::[com.itd.efiling.itr.toolbar.b a]::[INFO]::[Actual ITR ITR-1 Actual assesment year2016-17]
[28-Jul-2016]::[4:36:27 PM]::[com.itd.efiling.itr.toolbar.b a]::[INFO]::[Imported ITR ITR-1 Imported assesment year2016-17]
[28-Jul-2016]::[4:36:27 PM]::[com.itd.efiling.itr.a.a.d c]::[INFO]::[loadingDialog starts]
[28-Jul-2016]::[4:36:27 PM]::[com.itd.efiling.itr.a.a.a <init>]::[INFO]::[CommonDialog starts]
[28-Jul-2016]::[4:36:27 PM]::[com.itd.efiling.itr.a.a.a <init>]::[INFO]::[CommonDialog ends]
[28-Jul-2016]::[4:36:27 PM]::[com.itd.efiling.itr.a.a.d c]::[INFO]::[loadingDialog ends]
[28-Jul-2016]::[4:36:27 PM]::[com.itd.efiling.itr.main.ctrl.a b]::[INFO]::[hide validation]
[28-Jul-2016]::[4:36:27 PM]::[com.itd.efiling.itr.main.ctrl.d a]::[INFO]::[importFile : E:\Tushar Data\Business\IT RETURNS\Mukesh Ghumre\AY 2016-17\DRAFT.draft]
[28-Jul-2016]::[4:36:27 PM]::[com.itd.efiling.itr.common.a.a a]::[INFO]::[oldState  : SUCCEEDED newState : READY]
[28-Jul-2016]::[4:36:27 PM]::[com.itd.efiling.itr.common.a.a a]::[INFO]::[oldState  : READY newState : SCHEDULED]
[28-Jul-2016]::[4:36:28 PM]::[com.itd.efiling.itr.common.a.a a]::[INFO]::[oldState  : SCHEDULED newState : RUNNING]
[28-Jul-2016]::[4:36:28 PM]::[com.itd.efiling.itr.toolbar.b importXml]::[INFO]::[importXmlDialog ends]
[28-Jul-2016]::[4:36:28 PM]::[com.itd.efiling.itr.common.a.a a]::[INFO]::[oldState  : RUNNING newState : SUCCEEDED]
[28-Jul-2016]::[4:36:28 PM]::[com.itd.efiling.itr.common.a.a a]::[INFO]::[jsobj [object Window]]
[28-Jul-2016]::[4:36:28 PM]::[com.itd.efiling.itr.common.util.l a]::[INFO]::[Before setDocument]
[28-Jul-2016]::[4:36:28 PM]::[com.itd.efiling.itr.common.util.l a]::[INFO]::[iterateNodeImportXml 0]
[28-Jul-2016]::[4:36:28 PM]::[com.itd.efiling.itr.common.util.l a]::[INFO]::[cacheHtmlElements ]
[28-Jul-2016]::[4:36:28 PM]::[com.itd.efiling.itr.common.util.l b]::[INFO]::[Before cacheHtmlElements 0]
[28-Jul-2016]::[4:36:28 PM]::[com.itd.efiling.itr.common.util.l b]::[INFO]::[After cacheHtmlElements 218]
[28-Jul-2016]::[4:36:28 PM]::[com.itd.efiling.itr.common.util.l a]::[INFO]::[putValuesToHTML ]
[28-Jul-2016]::[4:36:28 PM]::[com.itd.efiling.itr.common.util.l a]::[INFO]::[Before setValuesInForm]
[28-Jul-2016]::[4:36:28 PM]::[com.itd.efiling.itr.common.util.l a]::[INFO]::[End of putValuesToHTML]
[28-Jul-2016]::[4:36:28 PM]::[com.itd.efiling.itr.common.util.l a]::[INFO]::[time taken in importxml function: 18]
[28-Jul-2016]::[4:36:29 PM]::[com.itd.efiling.itr.common.a.a a]::[INFO]::[time taken in changed : 1116]
[28-Jul-2016]::[4:36:29 PM]::[com.itd.efiling.itr.common.a.a a]::[INFO]::[oldState  : RUNNING newState : SUCCEEDED]
[28-Jul-2016]::[4:36:34 PM]::[com.itd.efiling.itr.toolbar.b prefill]::[INFO]::[prefill]
[28-Jul-2016]::[4:36:34 PM]::[com.itd.efiling.itr.a.a.a <init>]::[INFO]::[CommonDialog starts]
[28-Jul-2016]::[4:36:34 PM]::[com.itd.efiling.itr.a.a.a <init>]::[INFO]::[CommonDialog ends]
[28-Jul-2016]::[4:36:50 PM]::[com.itd.efiling.itr.a.a.f prefill]::[INFO]::[prefill caled]
[28-Jul-2016]::[4:36:50 PM]::[com.itd.efiling.itr.a.a.f prefill]::[INFO]::[prefill ends after starting thread: ]
[28-Jul-2016]::[4:36:50 PM]::[com.itd.efiling.itr.webservice.a.a b]::[INFO]::[call starts ]
[28-Jul-2016]::[4:36:50 PM]::[com.itd.efiling.itr.webservice.a.a c]::[INFO]::[sendRequest starts]
[28-Jul-2016]::[4:36:50 PM]::[com.itd.efiling.itr.common.util.e getSecuredRequest]::[INFO]::[Before getting secured request]
[28-Jul-2016]::[4:36:50 PM]::[com.itd.efiling.itr.common.util.e getSecuredRequest]::[INFO]::[After getting secured request]
[28-Jul-2016]::[4:36:50 PM]::[com.itd.efiling.itr.common.util.c d]::[INFO]::[file : .\ITR]
[28-Jul-2016]::[4:36:50 PM]::[com.itd.efiling.itr.common.util.c d]::[INFO]::[file : .\ITR-1_AY201617_PR3.jar]
[28-Jul-2016]::[4:36:51 PM]::[com.itd.efiling.itr.webservice.a.a c]::[INFO]::[Soap fault: null]
[28-Jul-2016]::[4:36:51 PM]::[com.itd.efiling.itr.webservice.a.a c]::[INFO]::[Soap errorNode : null]
[28-Jul-2016]::[4:36:51 PM]::[com.itd.efiling.itr.webservice.a.a c]::[INFO]::[sendrequest ends]
[28-Jul-2016]::[4:36:51 PM]::[com.itd.efiling.itr.webservice.a.a b]::[INFO]::[call ends Time taken:955]
[28-Jul-2016]::[4:36:51 PM]::[com.itd.efiling.itr.a.a.f cancel]::[INFO]::[cancel caled]
[28-Jul-2016]::[4:36:52 PM]::[com.itd.efiling.itr.webservice.a.d run]::[INFO]::[Prefill done successfully]
[28-Jul-2016]::[4:37:00 PM]::[com.itd.efiling.itr.validation.a.a a]::[INFO]::[FIELD_VALIDATORS_MAP 183]
[28-Jul-2016]::[4:37:55 PM]::[com.itd.efiling.itr.toolbar.b calculateITR]::[INFO]::[calculateITR starts]
[28-Jul-2016]::[4:37:55 PM]::[com.itd.efiling.itr.common.dialog.o b]::[INFO]::[Inside  reCalculate]
[28-Jul-2016]::[4:39:35 PM]::[com.itd.efiling.itr.common.util.JavaScriptFunctions getBankName]::[INFO]::[ifsc isMAHB]
[28-Jul-2016]::[4:39:54 PM]::[com.itd.efiling.itr.toolbar.b calculateITR]::[INFO]::[calculateITR starts]
[28-Jul-2016]::[4:39:54 PM]::[com.itd.efiling.itr.common.dialog.o b]::[INFO]::[Inside  reCalculate]
[28-Jul-2016]::[4:39:57 PM]::[com.itd.efiling.itr.toolbar.b validateAndSaveFile]::[INFO]::[validateAndSaveFile ]
[28-Jul-2016]::[4:39:57 PM]::[com.itd.efiling.itr.main.ctrl.a c]::[INFO]::[show validation]
[28-Jul-2016]::[4:39:57 PM]::[com.itd.efiling.itr.validation.helpers.Validator validateAll]::[INFO]::[Time taken in validateAll(): 0]
[28-Jul-2016]::[4:39:57 PM]::[com.itd.efiling.itr.validation.helpers.Validator call]::[INFO]::[Call() starts : ]
[28-Jul-2016]::[4:39:57 PM]::[com.itd.efiling.itr.validation.helpers.Validator call]::[INFO]::[Call() ends time taken: 10  error count :0]
[28-Jul-2016]::[4:40:04 PM]::[com.itd.efiling.itr.a.a.e a]::[INFO]::[extension : .xml title : null type : true]
[28-Jul-2016]::[4:46:20 PM]::[com.itd.efiling.itr.toolbar.b validateAndSaveFile]::[INFO]::[validateAndSaveFile ]
[28-Jul-2016]::[4:46:20 PM]::[com.itd.efiling.itr.main.ctrl.a c]::[INFO]::[show validation]
[28-Jul-2016]::[4:46:20 PM]::[com.itd.efiling.itr.validation.helpers.Validator validateAll]::[INFO]::[Time taken in validateAll(): 0]
[28-Jul-2016]::[4:46:20 PM]::[com.itd.efiling.itr.validation.helpers.Validator call]::[INFO]::[Call() starts : ]
[28-Jul-2016]::[4:46:20 PM]::[com.itd.efiling.itr.validation.helpers.Validator call]::[INFO]::[Call() ends time taken: 12  error count :0]
[28-Jul-2016]::[4:46:32 PM]::[com.itd.efiling.itr.a.a.e a]::[INFO]::[extension : .xml title : null type : true]
[28-Jul-2016]::[4:46:44 PM]::[com.itd.efiling.itr.common.util.f b]::[INFO]::[Before setDocument]
[28-Jul-2016]::[4:46:44 PM]::[com.itd.efiling.itr.common.util.f b]::[INFO]::[After setDocument[#document: null]]
[28-Jul-2016]::[4:46:44 PM]::[com.itd.efiling.itr.common.cachers.b a]::[INFO]::[flagtrue]
[28-Jul-2016]::[4:46:44 PM]::[com.itd.efiling.itr.common.cachers.b a]::[INFO]::[doc[#document: null]]
[28-Jul-2016]::[4:46:44 PM]::[com.itd.efiling.itr.common.cachers.b a]::[INFO]::[Inside deleteNodeGenerateXml]
[28-Jul-2016]::[4:46:44 PM]::[com.itd.efiling.itr.common.util.f b]::[INFO]::[FIELD_VALUE 218]
[28-Jul-2016]::[4:46:44 PM]::[com.itd.efiling.itr.common.util.f a]::[INFO]::[done with schema error; 0]
[28-Jul-2016]::[4:46:44 PM]::[com.itd.efiling.itr.common.util.f a]::[INFO]::[hash {} dw2Uns9i3AK512B/WYo32cdLItmpxrprjtB56LOvX5c=]
[28-Jul-2016]::[4:46:44 PM]::[com.itd.efiling.itr.common.util.f a]::[INFO]::[Time taken to generate: 248 ms ]
[28-Jul-2016]::[4:47:32 PM]::[com.itd.efiling.itr.toolbar.b validateAndSaveFile]::[INFO]::[validateAndSaveFile ]
[28-Jul-2016]::[4:47:32 PM]::[com.itd.efiling.itr.main.ctrl.a c]::[INFO]::[show validation]
[28-Jul-2016]::[4:47:32 PM]::[com.itd.efiling.itr.validation.helpers.Validator validateAll]::[INFO]::[Time taken in validateAll(): 0]
[28-Jul-2016]::[4:47:32 PM]::[com.itd.efiling.itr.validation.helpers.Validator call]::[INFO]::[Call() starts : ]
[28-Jul-2016]::[4:47:32 PM]::[com.itd.efiling.itr.validation.helpers.Validator call]::[INFO]::[Call() ends time taken: 6  error count :0]
[28-Jul-2016]::[4:51:12 PM]::[com.itd.efiling.itr.a.a.e a]::[INFO]::[extension : .xml title : null type : true]
[28-Jul-2016]::[4:51:16 PM]::[com.itd.efiling.itr.common.util.f b]::[INFO]::[Before setDocument]
[28-Jul-2016]::[4:51:16 PM]::[com.itd.efiling.itr.common.util.f b]::[INFO]::[After setDocument[#document: null]]
[28-Jul-2016]::[4:51:16 PM]::[com.itd.efiling.itr.common.cachers.b a]::[INFO]::[flagtrue]
[28-Jul-2016]::[4:51:16 PM]::[com.itd.efiling.itr.common.cachers.b a]::[INFO]::[doc[#document: null]]
[28-Jul-2016]::[4:51:16 PM]::[com.itd.efiling.itr.common.cachers.b a]::[INFO]::[Inside deleteNodeGenerateXml]
[28-Jul-2016]::[4:51:16 PM]::[com.itd.efiling.itr.common.util.f b]::[INFO]::[FIELD_VALUE 218]
[28-Jul-2016]::[4:51:16 PM]::[com.itd.efiling.itr.common.util.f a]::[INFO]::[done with schema error; 0]
[28-Jul-2016]::[4:51:16 PM]::[com.itd.efiling.itr.common.util.f a]::[INFO]::[hash {} dw2Uns9i3AK512B/WYo32cdLItmpxrprjtB56LOvX5c=]
[28-Jul-2016]::[4:51:16 PM]::[com.itd.efiling.itr.common.util.f a]::[INFO]::[Time taken to generate: 173 ms ]
[28-Jul-2016]::[4:51:24 PM]::[com.itd.efiling.itr.toolbar.b submit]::[INFO]::[validateITR starts]
[28-Jul-2016]::[4:51:24 PM]::[com.itd.efiling.itr.main.ctrl.a c]::[INFO]::[show validation]
[28-Jul-2016]::[4:51:24 PM]::[com.itd.efiling.itr.validation.helpers.Validator validateAll]::[INFO]::[Time taken in validateAll(): 0]
[28-Jul-2016]::[4:51:24 PM]::[com.itd.efiling.itr.validation.helpers.Validator call]::[INFO]::[Call() starts : ]
[28-Jul-2016]::[4:51:24 PM]::[com.itd.efiling.itr.validation.helpers.Validator call]::[INFO]::[Call() ends time taken: 10  error count :0]
[28-Jul-2016]::[4:51:26 PM]::[com.itd.efiling.itr.common.util.f b]::[INFO]::[Before setDocument]
[28-Jul-2016]::[4:51:26 PM]::[com.itd.efiling.itr.common.util.f b]::[INFO]::[After setDocument[#document: null]]
[28-Jul-2016]::[4:51:26 PM]::[com.itd.efiling.itr.common.cachers.b a]::[INFO]::[flagtrue]
[28-Jul-2016]::[4:51:26 PM]::[com.itd.efiling.itr.common.cachers.b a]::[INFO]::[doc[#document: null]]
[28-Jul-2016]::[4:51:26 PM]::[com.itd.efiling.itr.common.cachers.b a]::[INFO]::[Inside deleteNodeGenerateXml]
[28-Jul-2016]::[4:51:26 PM]::[com.itd.efiling.itr.common.util.f b]::[INFO]::[FIELD_VALUE 218]
[28-Jul-2016]::[4:51:26 PM]::[com.itd.efiling.itr.common.util.f a]::[INFO]::[done with schema error; 0]
[28-Jul-2016]::[4:51:26 PM]::[com.itd.efiling.itr.common.util.f a]::[INFO]::[hash {} dw2Uns9i3AK512B/WYo32cdLItmpxrprjtB56LOvX5c=]
[28-Jul-2016]::[4:51:26 PM]::[com.itd.efiling.itr.common.util.f a]::[INFO]::[Time taken to generate: 59 ms ]
[28-Jul-2016]::[4:51:26 PM]::[com.itd.efiling.itr.a.a.a <init>]::[INFO]::[CommonDialog starts]
[28-Jul-2016]::[4:51:26 PM]::[com.itd.efiling.itr.a.a.n initialize]::[INFO]::[initialize submit itr starts]
[28-Jul-2016]::[4:51:26 PM]::[com.itd.efiling.itr.a.a.n initialize]::[INFO]::[Time taken to get the document 3]
[28-Jul-2016]::[4:51:26 PM]::[com.itd.efiling.itr.a.a.n initialize]::[INFO]::[Time taken to set the parameters0]
[28-Jul-2016]::[4:51:26 PM]::[com.itd.efiling.itr.a.a.n initialize]::[INFO]::[Time taken to enableSec44AB 0]
[28-Jul-2016]::[4:51:26 PM]::[com.itd.efiling.itr.a.a.n initialize]::[INFO]::[Time taken to addKeyEvent 1]
[28-Jul-2016]::[4:51:26 PM]::[com.itd.efiling.itr.a.a.n initialize]::[INFO]::[Time taken to hideDscRelated 0]
[28-Jul-2016]::[4:51:26 PM]::[com.itd.efiling.itr.b.a.n getKeyStoreAliases]::[INFO]::[set : []]
[28-Jul-2016]::[4:51:26 PM]::[com.itd.efiling.itr.a.a.n o]::[INFO]::[Time taken to initialize usb tokens7]
[28-Jul-2016]::[4:51:26 PM]::[com.itd.efiling.itr.a.a.n initialize]::[INFO]::[Time taken to initUsbTokens 7]
[28-Jul-2016]::[4:51:26 PM]::[com.itd.efiling.itr.a.a.a <init>]::[INFO]::[CommonDialog ends]
[28-Jul-2016]::[4:51:26 PM]::[com.itd.efiling.itr.a.a.n dscMandatory]::[INFO]::[dscMandatory starts::ITR-1]
[28-Jul-2016]::[4:51:26 PM]::[com.itd.efiling.itr.a.a.n dscMandatory]::[INFO]::[dscMandatory ends]
[28-Jul-2016]::[4:51:48 PM]::[com.itd.efiling.itr.a.a.n f]::[INFO]::[validateDSCKey ends with flag: true]
[28-Jul-2016]::[4:51:48 PM]::[com.itd.efiling.itr.webservice.a.f b]::[INFO]::[Thread call starts]
[28-Jul-2016]::[4:51:48 PM]::[com.itd.efiling.itr.webservice.a.f a]::[INFO]::[sendRequest starts]
[28-Jul-2016]::[4:51:48 PM]::[com.itd.efiling.itr.common.util.e getSecuredRequest]::[INFO]::[Before getting secured request]
[28-Jul-2016]::[4:51:48 PM]::[com.itd.efiling.itr.common.util.e getSecuredRequest]::[INFO]::[After getting secured request]
[28-Jul-2016]::[4:51:48 PM]::[com.itd.efiling.itr.common.util.c d]::[INFO]::[file : .\ITR]
[28-Jul-2016]::[4:51:48 PM]::[com.itd.efiling.itr.common.util.c d]::[INFO]::[file : .\ITR-1_AY201617_PR3.jar]
[28-Jul-2016]::[4:51:50 PM]::[com.itd.efiling.itr.webservice.a.f a]::[INFO]::[Soap fault: , errorNode: null[ns3:ErrorDesc: null]]
[28-Jul-2016]::[4:51:50 PM]::[com.itd.efiling.itr.webservice.a.f b]::[INFO]::[Thread call ends : time taken: 1346]
[28-Jul-2016]::[4:52:06 PM]::[com.itd.efiling.itr.toolbar.b submit]::[INFO]::[validateITR starts]
[28-Jul-2016]::[4:52:06 PM]::[com.itd.efiling.itr.main.ctrl.a c]::[INFO]::[show validation]
[28-Jul-2016]::[4:52:06 PM]::[com.itd.efiling.itr.validation.helpers.Validator validateAll]::[INFO]::[Time taken in validateAll(): 0]
[28-Jul-2016]::[4:52:06 PM]::[com.itd.efiling.itr.validation.helpers.Validator call]::[INFO]::[Call() starts : ]
[28-Jul-2016]::[4:52:06 PM]::[com.itd.efiling.itr.validation.helpers.Validator call]::[INFO]::[Call() ends time taken: 9  error count :0]
[28-Jul-2016]::[4:52:07 PM]::[com.itd.efiling.itr.common.util.f b]::[INFO]::[Before setDocument]
[28-Jul-2016]::[4:52:07 PM]::[com.itd.efiling.itr.common.util.f b]::[INFO]::[After setDocument[#document: null]]
[28-Jul-2016]::[4:52:07 PM]::[com.itd.efiling.itr.common.cachers.b a]::[INFO]::[flagtrue]
[28-Jul-2016]::[4:52:07 PM]::[com.itd.efiling.itr.common.cachers.b a]::[INFO]::[doc[#document: null]]
[28-Jul-2016]::[4:52:07 PM]::[com.itd.efiling.itr.common.cachers.b a]::[INFO]::[Inside deleteNodeGenerateXml]
[28-Jul-2016]::[4:52:07 PM]::[com.itd.efiling.itr.common.util.f b]::[INFO]::[FIELD_VALUE 218]
[28-Jul-2016]::[4:52:07 PM]::[com.itd.efiling.itr.common.util.f a]::[INFO]::[done with schema error; 0]
[28-Jul-2016]::[4:52:07 PM]::[com.itd.efiling.itr.common.util.f a]::[INFO]::[hash {} N3EdmCHLg4m7rC7L/ZHP3FyMt+5H/i7y7jE/qxl5qIE=]
[28-Jul-2016]::[4:52:07 PM]::[com.itd.efiling.itr.common.util.f a]::[INFO]::[Time taken to generate: 53 ms ]
[28-Jul-2016]::[4:52:07 PM]::[com.itd.efiling.itr.a.a.a <init>]::[INFO]::[CommonDialog starts]
[28-Jul-2016]::[4:52:07 PM]::[com.itd.efiling.itr.a.a.n initialize]::[INFO]::[initialize submit itr starts]
[28-Jul-2016]::[4:52:07 PM]::[com.itd.efiling.itr.a.a.n initialize]::[INFO]::[Time taken to get the document 2]
[28-Jul-2016]::[4:52:07 PM]::[com.itd.efiling.itr.a.a.n initialize]::[INFO]::[Time taken to set the parameters0]
[28-Jul-2016]::[4:52:07 PM]::[com.itd.efiling.itr.a.a.n initialize]::[INFO]::[Time taken to enableSec44AB 0]
[28-Jul-2016]::[4:52:07 PM]::[com.itd.efiling.itr.a.a.n initialize]::[INFO]::[Time taken to addKeyEvent 0]
[28-Jul-2016]::[4:52:07 PM]::[com.itd.efiling.itr.a.a.n initialize]::[INFO]::[Time taken to hideDscRelated 0]
[28-Jul-2016]::[4:52:07 PM]::[com.itd.efiling.itr.b.a.n getKeyStoreAliases]::[INFO]::[set : []]
[28-Jul-2016]::[4:52:07 PM]::[com.itd.efiling.itr.a.a.n o]::[INFO]::[Time taken to initialize usb tokens0]
[28-Jul-2016]::[4:52:07 PM]::[com.itd.efiling.itr.a.a.n initialize]::[INFO]::[Time taken to initUsbTokens 1]
[28-Jul-2016]::[4:52:07 PM]::[com.itd.efiling.itr.a.a.a <init>]::[INFO]::[CommonDialog ends]
[28-Jul-2016]::[4:52:07 PM]::[com.itd.efiling.itr.a.a.n dscMandatory]::[INFO]::[dscMandatory starts::ITR-1]
[28-Jul-2016]::[4:52:07 PM]::[com.itd.efiling.itr.a.a.n dscMandatory]::[INFO]::[dscMandatory ends]
[28-Jul-2016]::[4:52:14 PM]::[com.itd.efiling.itr.a.a.n f]::[INFO]::[validateDSCKey ends with flag: true]
[28-Jul-2016]::[4:52:14 PM]::[com.itd.efiling.itr.webservice.a.f b]::[INFO]::[Thread call starts]
[28-Jul-2016]::[4:52:14 PM]::[com.itd.efiling.itr.webservice.a.f a]::[INFO]::[sendRequest starts]
[28-Jul-2016]::[4:52:14 PM]::[com.itd.efiling.itr.common.util.e getSecuredRequest]::[INFO]::[Before getting secured request]
[28-Jul-2016]::[4:52:14 PM]::[com.itd.efiling.itr.common.util.e getSecuredRequest]::[INFO]::[After getting secured request]
[28-Jul-2016]::[4:52:14 PM]::[com.itd.efiling.itr.common.util.c d]::[INFO]::[file : .\ITR]
[28-Jul-2016]::[4:52:14 PM]::[com.itd.efiling.itr.common.util.c d]::[INFO]::[file : .\ITR-1_AY201617_PR3.jar]
[28-Jul-2016]::[4:52:16 PM]::[com.itd.efiling.itr.webservice.a.f a]::[INFO]::[Soap fault: , errorNode: nullnull]
[28-Jul-2016]::[4:52:16 PM]::[com.itd.efiling.itr.webservice.a.f b]::[INFO]::[Thread call ends : time taken: 2105]
[28-Jul-2016]::[4:52:16 PM]::[com.itd.efiling.itr.a.a.n cancel]::[INFO]::[cancel caled]
[28-Jul-2016]::[4:52:16 PM]::[com.itd.efiling.itr.webservice.a.f b]::[INFO]::[Writing to file: C:\Users\SHCOPC~1\AppData\Local\Temp\ITRvFile-4722813607060629167537657.zip]
[28-Jul-2016]::[4:52:16 PM]::[com.itd.efiling.itr.a.a.a <init>]::[INFO]::[CommonDialog starts]
[28-Jul-2016]::[4:52:16 PM]::[com.itd.efiling.itr.a.a.l initialize]::[INFO]::[initialize starts]
[28-Jul-2016]::[4:52:16 PM]::[com.itd.efiling.itr.a.a.l b]::[INFO]::[loadITRVPage stats with transaction id 3186156002 ,email mukeshgumre06@gmail.com]
[28-Jul-2016]::[4:52:16 PM]::[com.itd.efiling.itr.a.a.a <init>]::[INFO]::[CommonDialog ends]
[28-Jul-2016]::[4:52:16 PM]::[com.itd.efiling.itr.a.a.l a]::[INFO]::[saveIfNot after shows: ]
[28-Jul-2016]::[4:52:22 PM]::[com.itd.efiling.itr.common.dialog.o a]::[INFO]::[Inside  closeUtility]
[28-Jul-2016]::[4:52:25 PM]::[com.itd.efiling.itr.common.dialog.o a]::[INFO]::[init starts]
[28-Jul-2016]::[4:52:25 PM]::[com.itd.efiling.itr.main.ctrl.h a]::[INFO]::[ Close Event WindowEvent [source = javafx.stage.Stage@1d0b23c, target = javafx.stage.Stage@1d0b23c, eventType = WINDOW_CLOSE_REQUEST, consumed = false]]
[28-Jul-2016]::[4:52:25 PM]::[com.itd.efiling.itr.toolbar.b validateAndSaveFile]::[INFO]::[validateAndSaveFile ]
[28-Jul-2016]::[4:52:25 PM]::[com.itd.efiling.itr.main.ctrl.a c]::[INFO]::[show validation]
[28-Jul-2016]::[4:52:25 PM]::[com.itd.efiling.itr.validation.helpers.Validator validateAll]::[INFO]::[Time taken in validateAll(): 0]
[28-Jul-2016]::[4:52:25 PM]::[com.itd.efiling.itr.validation.helpers.Validator call]::[INFO]::[Call() starts : ]
[28-Jul-2016]::[4:52:25 PM]::[com.itd.efiling.itr.validation.helpers.Validator call]::[INFO]::[Call() ends time taken: 8  error count :0]
[28-Jul-2016]::[4:52:26 PM]::[com.itd.efiling.itr.a.a.e a]::[INFO]::[extension : .xml title : null type : true]
[28-Jul-2016]::[4:52:32 PM]::[com.itd.efiling.itr.common.util.f b]::[INFO]::[Before setDocument]
[28-Jul-2016]::[4:52:33 PM]::[com.itd.efiling.itr.common.util.f b]::[INFO]::[After setDocument[#document: null]]
[28-Jul-2016]::[4:52:33 PM]::[com.itd.efiling.itr.common.cachers.b a]::[INFO]::[flagtrue]
[28-Jul-2016]::[4:52:33 PM]::[com.itd.efiling.itr.common.cachers.b a]::[INFO]::[doc[#document: null]]
[28-Jul-2016]::[4:52:33 PM]::[com.itd.efiling.itr.common.cachers.b a]::[INFO]::[Inside deleteNodeGenerateXml]
[28-Jul-2016]::[4:52:33 PM]::[com.itd.efiling.itr.common.util.f b]::[INFO]::[FIELD_VALUE 218]
[28-Jul-2016]::[4:52:33 PM]::[com.itd.efiling.itr.common.util.f a]::[INFO]::[done with schema error; 0]
[28-Jul-2016]::[4:52:33 PM]::[com.itd.efiling.itr.common.util.f a]::[INFO]::[hash {} N3EdmCHLg4m7rC7L/ZHP3FyMt+5H/i7y7jE/qxl5qIE=]
[28-Jul-2016]::[4:52:33 PM]::[com.itd.efiling.itr.common.util.f a]::[INFO]::[Time taken to generate: 73 ms ]
[28-Jul-2016]::[4:52:34 PM]::[com.itd.efiling.itr.common.dialog.o a]::[INFO]::[Inside  closeUtility]
[28-Jul-2016]::[4:52:56 PM]::[com.itd.efiling.itr.main.ctrl.h a]::[INFO]::[ Close Event WindowEvent [source = javafx.stage.Stage@1d0b23c, target = javafx.stage.Stage@1d0b23c, eventType = WINDOW_CLOSE_REQUEST, consumed = false]]
