[07-Jul-2016]::[7:47:55 PM]::[com.itd.efiling.itr.main.ctrl.ThreeRedLightsIlluminate init]::[INFO]::[init starts]
[07-Jul-2016]::[7:47:56 PM]::[com.itd.efiling.itr.common.util.j setUtilityParams]::[INFO]::[url jar:file:/E:/Business/Neeta%20More/AY%202016-17/ITR-4S_2016/ITR-4S_AY201617_PR4.jar!/META-INF/MANIFEST.MF]
[07-Jul-2016]::[7:47:56 PM]::[com.itd.efiling.itr.common.util.j setUtilityParams]::[INFO]::[2016-17 :: ITR-4S :: ]
[07-Jul-2016]::[7:47:56 PM]::[com.itd.efiling.itr.main.ctrl.ThreeRedLightsIlluminate init]::[INFO]::[init ends in 27 ms.]
[07-Jul-2016]::[7:47:56 PM]::[com.itd.efiling.itr.main.ctrl.ThreeRedLightsIlluminate start]::[INFO]::[MainLoader start method starts]
[07-Jul-2016]::[7:47:57 PM]::[com.itd.efiling.itr.main.ctrl.d initialize]::[INFO]::[initialize starts]
[07-Jul-2016]::[7:47:57 PM]::[com.itd.efiling.itr.common.util.c b]::[INFO]::[Before Validating fileListCommonScript ]
[07-Jul-2016]::[7:47:57 PM]::[com.itd.efiling.itr.common.util.c b]::[INFO]::[Before Validating fileListItrAy ]
[07-Jul-2016]::[7:47:57 PM]::[com.itd.efiling.itr.common.util.c b]::[INFO]::[Before Validating fileListConfig ]
[07-Jul-2016]::[7:47:57 PM]::[com.itd.efiling.itr.common.util.c b]::[INFO]::[Before Validating verifySignature ]
[07-Jul-2016]::[7:47:57 PM]::[com.itd.efiling.itr.common.util.c a]::[INFO]::[verifies : true]
[07-Jul-2016]::[7:47:57 PM]::[com.itd.efiling.itr.main.ctrl.d initialize]::[INFO]::[Is utiltity valid ::true]
[07-Jul-2016]::[7:47:57 PM]::[com.itd.efiling.itr.a.a.d c]::[INFO]::[loadingDialog starts]
[07-Jul-2016]::[7:47:57 PM]::[com.itd.efiling.itr.a.a.a <init>]::[INFO]::[CommonDialog starts]
[07-Jul-2016]::[7:47:57 PM]::[com.itd.efiling.itr.a.a.a <init>]::[INFO]::[CommonDialog ends]
[07-Jul-2016]::[7:47:58 PM]::[com.itd.efiling.itr.a.a.d c]::[INFO]::[loadingDialog ends]
[07-Jul-2016]::[7:47:58 PM]::[com.itd.efiling.itr.main.ctrl.a b]::[INFO]::[hide validation]
[07-Jul-2016]::[7:47:58 PM]::[com.itd.efiling.itr.main.ctrl.d a]::[INFO]::[importFile : null]
[07-Jul-2016]::[7:47:58 PM]::[com.itd.efiling.itr.main.ctrl.d initialize]::[INFO]::[initialize ends: time taken: 1301ms]
[07-Jul-2016]::[7:47:58 PM]::[com.itd.efiling.itr.main.ctrl.d initialize]::[INFO]::[initialize ends: time taken: 1ms]
[07-Jul-2016]::[7:47:58 PM]::[com.sun.javafx.css.parser.CSSParser declaration]::[WARNING]::[CSS Error parsing '*{-fx-font-weight: bold;-fx-font: 22px;}: Expected '<font-family>' while parsing '-fx-font' at [1,34]]
[07-Jul-2016]::[7:47:58 PM]::[com.sun.javafx.css.parser.CSSParser declaration]::[WARNING]::[CSS Error parsing '*{-fx-background-color: linear-gradient(#3A5058, #6aa2b1);-fx-font-weight: bold;-fx-font: 22px;}: Expected '<font-family>' while parsing '-fx-font' at [1,90]]
[07-Jul-2016]::[7:47:58 PM]::[com.itd.efiling.itr.main.ctrl.ThreeRedLightsIlluminate start]::[INFO]::[mainController.windowWidth new : 1024.0]
[07-Jul-2016]::[7:47:59 PM]::[com.itd.efiling.itr.main.ctrl.ThreeRedLightsIlluminate start]::[INFO]::[1024.0 :: 808.96 :: 174.08]
[07-Jul-2016]::[7:47:59 PM]::[com.itd.efiling.itr.main.ctrl.ThreeRedLightsIlluminate start]::[INFO]::[MainLoader start method ends. Time taken: 3061]
[07-Jul-2016]::[7:47:59 PM]::[com.itd.efiling.itr.common.a.a a]::[INFO]::[oldState  : RUNNING newState : SUCCEEDED]
[07-Jul-2016]::[7:47:59 PM]::[com.itd.efiling.itr.common.a.a a]::[INFO]::[jsobj [object Window]]
[07-Jul-2016]::[7:48:33 PM]::[com.itd.efiling.itr.common.a.a a]::[INFO]::[time taken in changed : 45]
[07-Jul-2016]::[7:48:34 PM]::[com.itd.efiling.itr.toolbar.b prefill]::[INFO]::[prefill]
[07-Jul-2016]::[7:48:34 PM]::[com.itd.efiling.itr.a.a.a <init>]::[INFO]::[CommonDialog starts]
[07-Jul-2016]::[7:48:34 PM]::[com.itd.efiling.itr.a.a.a <init>]::[INFO]::[CommonDialog ends]
[07-Jul-2016]::[7:48:52 PM]::[com.itd.efiling.itr.a.a.f prefill]::[INFO]::[prefill caled]
[07-Jul-2016]::[7:48:52 PM]::[com.itd.efiling.itr.webservice.a.a b]::[INFO]::[call starts ]
[07-Jul-2016]::[7:48:52 PM]::[com.itd.efiling.itr.a.a.f prefill]::[INFO]::[prefill ends after starting thread: ]
[07-Jul-2016]::[7:48:52 PM]::[com.itd.efiling.itr.webservice.a.a c]::[INFO]::[sendRequest starts]
[07-Jul-2016]::[7:48:52 PM]::[com.itd.efiling.itr.common.util.e getSecuredRequest]::[INFO]::[Before getting secured request]
[07-Jul-2016]::[7:48:52 PM]::[com.itd.efiling.itr.common.util.e getSecuredRequest]::[INFO]::[After getting secured request]
[07-Jul-2016]::[7:48:52 PM]::[com.itd.efiling.itr.common.util.c d]::[INFO]::[file : .\ITR]
[07-Jul-2016]::[7:48:52 PM]::[com.itd.efiling.itr.common.util.c d]::[INFO]::[file : .\ITR-4S_AY201617_PR4.jar]
[07-Jul-2016]::[7:48:53 PM]::[com.itd.efiling.itr.webservice.a.a c]::[INFO]::[Soap fault: null]
[07-Jul-2016]::[7:48:53 PM]::[com.itd.efiling.itr.webservice.a.a c]::[INFO]::[Soap errorNode : null]
[07-Jul-2016]::[7:48:53 PM]::[com.itd.efiling.itr.webservice.a.a c]::[INFO]::[sendrequest ends]
[07-Jul-2016]::[7:48:53 PM]::[com.itd.efiling.itr.webservice.a.a b]::[INFO]::[call ends Time taken:1377]
[07-Jul-2016]::[7:48:53 PM]::[com.itd.efiling.itr.a.a.f cancel]::[INFO]::[cancel caled]
[07-Jul-2016]::[7:49:00 PM]::[com.itd.efiling.itr.webservice.a.d run]::[INFO]::[Prefill done successfully]
[07-Jul-2016]::[7:49:09 PM]::[com.itd.efiling.itr.validation.a.a a]::[INFO]::[FIELD_VALIDATORS_MAP 198]
[07-Jul-2016]::[7:52:06 PM]::[com.itd.efiling.itr.common.util.JavaScriptFunctions getBankName]::[INFO]::[ifsc isCNRB]
[07-Jul-2016]::[7:52:55 PM]::[com.itd.efiling.itr.toolbar.b validateAndSaveFile]::[INFO]::[validateAndSaveFile ]
[07-Jul-2016]::[7:52:55 PM]::[com.itd.efiling.itr.main.ctrl.a c]::[INFO]::[show validation]
[07-Jul-2016]::[7:52:55 PM]::[com.itd.efiling.itr.validation.helpers.Validator validateAll]::[INFO]::[Time taken in validateAll(): 0]
[07-Jul-2016]::[7:52:55 PM]::[com.itd.efiling.itr.validation.helpers.Validator call]::[INFO]::[Call() starts : ]
[07-Jul-2016]::[7:52:55 PM]::[com.itd.efiling.itr.validation.helpers.Validator call]::[INFO]::[Call() ends time taken: 42  error count :1]
[07-Jul-2016]::[7:53:00 PM]::[com.itd.efiling.itr.toolbar.b saveAsDraft]::[INFO]::[saveFile]
[07-Jul-2016]::[7:53:00 PM]::[com.itd.efiling.itr.a.a.e a]::[INFO]::[extension : .draft title : null type : true]
[07-Jul-2016]::[7:53:09 PM]::[com.itd.efiling.itr.common.util.f b]::[INFO]::[Before setDocument]
[07-Jul-2016]::[7:53:09 PM]::[com.itd.efiling.itr.common.util.f b]::[INFO]::[After setDocument[#document: null]]
[07-Jul-2016]::[7:53:09 PM]::[com.itd.efiling.itr.common.cachers.b a]::[INFO]::[flagfalse]
[07-Jul-2016]::[7:53:09 PM]::[com.itd.efiling.itr.common.cachers.b a]::[INFO]::[doc[#document: null]]
[07-Jul-2016]::[7:53:09 PM]::[com.itd.efiling.itr.common.util.f b]::[INFO]::[FIELD_VALUE 237]
[07-Jul-2016]::[7:53:11 PM]::[com.itd.efiling.itr.toolbar.b importXml]::[INFO]::[importXmlDialog starts]
[07-Jul-2016]::[7:53:11 PM]::[com.itd.efiling.itr.a.a.k a]::[INFO]::[saveIfNot starts: type: 4]
[07-Jul-2016]::[7:53:11 PM]::[com.itd.efiling.itr.a.a.a <init>]::[INFO]::[CommonDialog starts]
[07-Jul-2016]::[7:53:11 PM]::[com.itd.efiling.itr.a.a.a <init>]::[INFO]::[CommonDialog ends]
[07-Jul-2016]::[7:53:11 PM]::[com.itd.efiling.itr.a.a.k a]::[INFO]::[saveIfNot after shows: ]
[07-Jul-2016]::[7:53:11 PM]::[com.itd.efiling.itr.toolbar.b importXml]::[INFO]::[importXmlDialog ends]
[07-Jul-2016]::[7:53:13 PM]::[com.itd.efiling.itr.a.a.k cancel]::[INFO]::[type 4: OpenFileDialogController ]
[07-Jul-2016]::[7:53:13 PM]::[com.itd.efiling.itr.a.a.e a]::[INFO]::[extension : .open title : null type : false]
[07-Jul-2016]::[7:53:15 PM]::[com.itd.efiling.itr.toolbar.b a]::[INFO]::[Actual ITR ITR-4S Actual assesment year2016-17]
[07-Jul-2016]::[7:53:15 PM]::[com.itd.efiling.itr.toolbar.b a]::[INFO]::[Imported ITR ITR-4S Imported assesment year2016-17]
[07-Jul-2016]::[7:53:15 PM]::[com.itd.efiling.itr.a.a.d c]::[INFO]::[loadingDialog starts]
[07-Jul-2016]::[7:53:15 PM]::[com.itd.efiling.itr.a.a.a <init>]::[INFO]::[CommonDialog starts]
[07-Jul-2016]::[7:53:15 PM]::[com.itd.efiling.itr.a.a.a <init>]::[INFO]::[CommonDialog ends]
[07-Jul-2016]::[7:53:15 PM]::[com.itd.efiling.itr.a.a.d c]::[INFO]::[loadingDialog ends]
[07-Jul-2016]::[7:53:15 PM]::[com.itd.efiling.itr.main.ctrl.a b]::[INFO]::[hide validation]
[07-Jul-2016]::[7:53:15 PM]::[com.itd.efiling.itr.main.ctrl.d a]::[INFO]::[importFile : E:\Business\Neeta More\AY 2016-17\DRAFT.draft]
[07-Jul-2016]::[7:53:15 PM]::[com.itd.efiling.itr.common.a.a a]::[INFO]::[oldState  : SUCCEEDED newState : READY]
[07-Jul-2016]::[7:53:15 PM]::[com.itd.efiling.itr.common.a.a a]::[INFO]::[oldState  : READY newState : SCHEDULED]
[07-Jul-2016]::[7:53:15 PM]::[com.itd.efiling.itr.common.a.a a]::[INFO]::[oldState  : SCHEDULED newState : RUNNING]
[07-Jul-2016]::[7:53:15 PM]::[com.itd.efiling.itr.common.a.a a]::[INFO]::[oldState  : RUNNING newState : SUCCEEDED]
[07-Jul-2016]::[7:53:15 PM]::[com.itd.efiling.itr.common.a.a a]::[INFO]::[jsobj [object Window]]
[07-Jul-2016]::[7:53:15 PM]::[com.itd.efiling.itr.common.util.l a]::[INFO]::[Before setDocument]
[07-Jul-2016]::[7:53:15 PM]::[com.itd.efiling.itr.common.util.l a]::[INFO]::[iterateNodeImportXml 0]
[07-Jul-2016]::[7:53:15 PM]::[com.itd.efiling.itr.common.util.l a]::[INFO]::[cacheHtmlElements ]
[07-Jul-2016]::[7:53:15 PM]::[com.itd.efiling.itr.common.util.l b]::[INFO]::[Before cacheHtmlElements 0]
[07-Jul-2016]::[7:53:15 PM]::[com.itd.efiling.itr.common.util.l b]::[INFO]::[After cacheHtmlElements 237]
[07-Jul-2016]::[7:53:15 PM]::[com.itd.efiling.itr.common.util.l a]::[INFO]::[putValuesToHTML ]
[07-Jul-2016]::[7:53:15 PM]::[com.itd.efiling.itr.common.util.l a]::[INFO]::[Before setValuesInForm]
[07-Jul-2016]::[7:53:15 PM]::[com.itd.efiling.itr.common.util.l a]::[INFO]::[End of putValuesToHTML]
[07-Jul-2016]::[7:53:15 PM]::[com.itd.efiling.itr.common.util.l a]::[INFO]::[time taken in importxml function: 46]
[07-Jul-2016]::[7:53:19 PM]::[com.itd.efiling.itr.common.a.a a]::[INFO]::[time taken in changed : 1281]
[07-Jul-2016]::[7:53:19 PM]::[com.itd.efiling.itr.common.a.a a]::[INFO]::[oldState  : RUNNING newState : SUCCEEDED]
[07-Jul-2016]::[7:53:44 PM]::[com.itd.efiling.itr.toolbar.b validateAndSaveFile]::[INFO]::[validateAndSaveFile ]
[07-Jul-2016]::[7:53:44 PM]::[com.itd.efiling.itr.main.ctrl.a c]::[INFO]::[show validation]
[07-Jul-2016]::[7:53:44 PM]::[com.itd.efiling.itr.validation.helpers.Validator validateAll]::[INFO]::[Time taken in validateAll(): 0]
[07-Jul-2016]::[7:53:44 PM]::[com.itd.efiling.itr.validation.helpers.Validator call]::[INFO]::[Call() starts : ]
[07-Jul-2016]::[7:53:44 PM]::[com.itd.efiling.itr.validation.helpers.Validator call]::[INFO]::[Call() ends time taken: 15  error count :0]
[07-Jul-2016]::[7:53:44 PM]::[com.itd.efiling.itr.a.a.e a]::[INFO]::[extension : .xml title : null type : true]
[07-Jul-2016]::[7:53:50 PM]::[com.itd.efiling.itr.common.util.f b]::[INFO]::[Before setDocument]
[07-Jul-2016]::[7:53:50 PM]::[com.itd.efiling.itr.common.util.f b]::[INFO]::[After setDocument[#document: null]]
[07-Jul-2016]::[7:53:50 PM]::[com.itd.efiling.itr.common.cachers.b a]::[INFO]::[flagtrue]
[07-Jul-2016]::[7:53:50 PM]::[com.itd.efiling.itr.common.cachers.b a]::[INFO]::[doc[#document: null]]
[07-Jul-2016]::[7:53:50 PM]::[com.itd.efiling.itr.common.cachers.b a]::[INFO]::[Inside deleteNodeGenerateXml]
[07-Jul-2016]::[7:53:50 PM]::[com.itd.efiling.itr.common.util.f b]::[INFO]::[FIELD_VALUE 237]
[07-Jul-2016]::[7:53:50 PM]::[com.itd.efiling.itr.common.util.f a]::[INFO]::[done with schema error; 0]
[07-Jul-2016]::[7:53:50 PM]::[com.itd.efiling.itr.common.util.f a]::[INFO]::[hash {} NgFbsMVn+L5Jwajyr5jhiEVeADLsWJ/uS30W5wx0XoE=]
[07-Jul-2016]::[7:53:50 PM]::[com.itd.efiling.itr.common.util.f a]::[INFO]::[Time taken to generate: 200 ms ]
[07-Jul-2016]::[7:53:53 PM]::[com.itd.efiling.itr.toolbar.b submit]::[INFO]::[validateITR starts]
[07-Jul-2016]::[7:53:53 PM]::[com.itd.efiling.itr.main.ctrl.a c]::[INFO]::[show validation]
[07-Jul-2016]::[7:53:53 PM]::[com.itd.efiling.itr.validation.helpers.Validator validateAll]::[INFO]::[Time taken in validateAll(): 0]
[07-Jul-2016]::[7:53:53 PM]::[com.itd.efiling.itr.validation.helpers.Validator call]::[INFO]::[Call() starts : ]
[07-Jul-2016]::[7:53:53 PM]::[com.itd.efiling.itr.validation.helpers.Validator call]::[INFO]::[Call() ends time taken: 15  error count :0]
[07-Jul-2016]::[7:53:53 PM]::[com.itd.efiling.itr.common.util.f b]::[INFO]::[Before setDocument]
[07-Jul-2016]::[7:53:53 PM]::[com.itd.efiling.itr.common.util.f b]::[INFO]::[After setDocument[#document: null]]
[07-Jul-2016]::[7:53:53 PM]::[com.itd.efiling.itr.common.cachers.b a]::[INFO]::[flagtrue]
[07-Jul-2016]::[7:53:53 PM]::[com.itd.efiling.itr.common.cachers.b a]::[INFO]::[doc[#document: null]]
[07-Jul-2016]::[7:53:53 PM]::[com.itd.efiling.itr.common.cachers.b a]::[INFO]::[Inside deleteNodeGenerateXml]
[07-Jul-2016]::[7:53:53 PM]::[com.itd.efiling.itr.common.util.f b]::[INFO]::[FIELD_VALUE 237]
[07-Jul-2016]::[7:53:53 PM]::[com.itd.efiling.itr.common.util.f a]::[INFO]::[done with schema error; 0]
[07-Jul-2016]::[7:53:53 PM]::[com.itd.efiling.itr.common.util.f a]::[INFO]::[hash {} NgFbsMVn+L5Jwajyr5jhiEVeADLsWJ/uS30W5wx0XoE=]
[07-Jul-2016]::[7:53:53 PM]::[com.itd.efiling.itr.common.util.f a]::[INFO]::[Time taken to generate: 92 ms ]
[07-Jul-2016]::[7:53:53 PM]::[com.itd.efiling.itr.a.a.a <init>]::[INFO]::[CommonDialog starts]
[07-Jul-2016]::[7:53:53 PM]::[com.itd.efiling.itr.a.a.n initialize]::[INFO]::[initialize submit itr starts]
[07-Jul-2016]::[7:53:53 PM]::[com.itd.efiling.itr.a.a.n initialize]::[INFO]::[Time taken to get the document 3]
[07-Jul-2016]::[7:53:53 PM]::[com.itd.efiling.itr.a.a.n initialize]::[INFO]::[Time taken to set the parameters0]
[07-Jul-2016]::[7:53:53 PM]::[com.itd.efiling.itr.a.a.n initialize]::[INFO]::[Time taken to enableSec44AB 0]
[07-Jul-2016]::[7:53:53 PM]::[com.itd.efiling.itr.a.a.n initialize]::[INFO]::[Time taken to addKeyEvent 1]
[07-Jul-2016]::[7:53:53 PM]::[com.itd.efiling.itr.a.a.n initialize]::[INFO]::[Time taken to hideDscRelated 0]
[07-Jul-2016]::[7:53:53 PM]::[com.itd.efiling.itr.b.a.n getKeyStoreAliases]::[INFO]::[set : []]
[07-Jul-2016]::[7:53:53 PM]::[com.itd.efiling.itr.a.a.n o]::[INFO]::[Time taken to initialize usb tokens6]
[07-Jul-2016]::[7:53:53 PM]::[com.itd.efiling.itr.a.a.n initialize]::[INFO]::[Time taken to initUsbTokens 6]
[07-Jul-2016]::[7:53:53 PM]::[com.itd.efiling.itr.a.a.a <init>]::[INFO]::[CommonDialog ends]
[07-Jul-2016]::[7:53:53 PM]::[com.itd.efiling.itr.a.a.n dscMandatory]::[INFO]::[dscMandatory starts::ITR-4S]
[07-Jul-2016]::[7:53:53 PM]::[com.itd.efiling.itr.a.a.n dscMandatory]::[INFO]::[dscMandatory ends]
[07-Jul-2016]::[7:54:09 PM]::[com.itd.efiling.itr.a.a.n f]::[INFO]::[validateDSCKey ends with flag: true]
[07-Jul-2016]::[7:54:09 PM]::[com.itd.efiling.itr.webservice.a.f b]::[INFO]::[Thread call starts]
[07-Jul-2016]::[7:54:09 PM]::[com.itd.efiling.itr.webservice.a.f a]::[INFO]::[sendRequest starts]
[07-Jul-2016]::[7:54:09 PM]::[com.itd.efiling.itr.common.util.e getSecuredRequest]::[INFO]::[Before getting secured request]
[07-Jul-2016]::[7:54:10 PM]::[com.itd.efiling.itr.common.util.e getSecuredRequest]::[INFO]::[After getting secured request]
[07-Jul-2016]::[7:54:10 PM]::[com.itd.efiling.itr.common.util.c d]::[INFO]::[file : .\ITR]
[07-Jul-2016]::[7:54:10 PM]::[com.itd.efiling.itr.common.util.c d]::[INFO]::[file : .\ITR-4S_AY201617_PR4.jar]
[07-Jul-2016]::[7:54:12 PM]::[com.itd.efiling.itr.webservice.a.f a]::[INFO]::[Soap fault: , errorNode: nullnull]
[07-Jul-2016]::[7:54:12 PM]::[com.itd.efiling.itr.webservice.a.f b]::[INFO]::[Thread call ends : time taken: 2407]
[07-Jul-2016]::[7:54:12 PM]::[com.itd.efiling.itr.a.a.n cancel]::[INFO]::[cancel caled]
[07-Jul-2016]::[7:54:12 PM]::[com.itd.efiling.itr.webservice.a.f b]::[INFO]::[Writing to file: C:\Users\user\AppData\Local\Temp\ITRvFile-17352565223288726906631078789.zip]
[07-Jul-2016]::[7:54:12 PM]::[com.itd.efiling.itr.a.a.a <init>]::[INFO]::[CommonDialog starts]
[07-Jul-2016]::[7:54:12 PM]::[com.itd.efiling.itr.a.a.l initialize]::[INFO]::[initialize starts]
[07-Jul-2016]::[7:54:12 PM]::[com.itd.efiling.itr.a.a.l b]::[INFO]::[loadITRVPage stats with transaction id 3078940293 ,email tusharmohite0@gmail.com]
[07-Jul-2016]::[7:54:12 PM]::[com.itd.efiling.itr.a.a.a <init>]::[INFO]::[CommonDialog ends]
[07-Jul-2016]::[7:54:12 PM]::[com.itd.efiling.itr.a.a.l a]::[INFO]::[saveIfNot after shows: ]
[07-Jul-2016]::[7:54:16 PM]::[com.itd.efiling.itr.common.dialog.o a]::[INFO]::[Inside  closeUtility]
[07-Jul-2016]::[7:54:17 PM]::[com.itd.efiling.itr.main.ctrl.h a]::[INFO]::[ Close Event WindowEvent [source = javafx.stage.Stage@1a79024, target = javafx.stage.Stage@1a79024, eventType = WINDOW_CLOSE_REQUEST, consumed = false]]
