[08-Aug-2016]::[8:54:33 AM]::[com.itd.efiling.itr.main.ctrl.ThreeRedLightsIlluminate init]::[INFO]::[init starts]
[08-Aug-2016]::[8:54:33 AM]::[com.itd.efiling.itr.common.util.j setUtilityParams]::[INFO]::[url jar:file:/D:/Tushar%20Data/Business/IT%20RETURNS/Dipak%20Ghadge/AY%202016-17/ITR-4S_2016/ITR-4S_AY201617_PR5.jar!/META-INF/MANIFEST.MF]
[08-Aug-2016]::[8:54:33 AM]::[com.itd.efiling.itr.common.util.j setUtilityParams]::[INFO]::[2016-17 :: ITR-4S :: ]
[08-Aug-2016]::[8:54:33 AM]::[com.itd.efiling.itr.main.ctrl.ThreeRedLightsIlluminate init]::[INFO]::[init ends in 48 ms.]
[08-Aug-2016]::[8:54:33 AM]::[com.itd.efiling.itr.main.ctrl.ThreeRedLightsIlluminate start]::[INFO]::[MainLoader start method starts]
[08-Aug-2016]::[8:54:35 AM]::[com.itd.efiling.itr.main.ctrl.d initialize]::[INFO]::[initialize starts]
[08-Aug-2016]::[8:54:35 AM]::[com.itd.efiling.itr.common.util.c b]::[INFO]::[Before Validating fileListCommonScript ]
[08-Aug-2016]::[8:54:36 AM]::[com.itd.efiling.itr.common.util.c b]::[INFO]::[Before Validating fileListItrAy ]
[08-Aug-2016]::[8:54:36 AM]::[com.itd.efiling.itr.common.util.c b]::[INFO]::[Before Validating fileListConfig ]
[08-Aug-2016]::[8:54:36 AM]::[com.itd.efiling.itr.common.util.c b]::[INFO]::[Before Validating verifySignature ]
[08-Aug-2016]::[8:54:36 AM]::[com.itd.efiling.itr.common.util.c a]::[INFO]::[verifies : true]
[08-Aug-2016]::[8:54:36 AM]::[com.itd.efiling.itr.main.ctrl.d initialize]::[INFO]::[Is utiltity valid ::true]
[08-Aug-2016]::[8:54:36 AM]::[com.itd.efiling.itr.a.a.d c]::[INFO]::[loadingDialog starts]
[08-Aug-2016]::[8:54:36 AM]::[com.itd.efiling.itr.a.a.a <init>]::[INFO]::[CommonDialog starts]
[08-Aug-2016]::[8:54:37 AM]::[com.itd.efiling.itr.a.a.a <init>]::[INFO]::[CommonDialog ends]
[08-Aug-2016]::[8:54:37 AM]::[com.itd.efiling.itr.a.a.d c]::[INFO]::[loadingDialog ends]
[08-Aug-2016]::[8:54:37 AM]::[com.itd.efiling.itr.main.ctrl.a b]::[INFO]::[hide validation]
[08-Aug-2016]::[8:54:37 AM]::[com.itd.efiling.itr.main.ctrl.d a]::[INFO]::[importFile : null]
[08-Aug-2016]::[8:54:37 AM]::[com.itd.efiling.itr.main.ctrl.d initialize]::[INFO]::[initialize ends: time taken: 2219ms]
[08-Aug-2016]::[8:54:37 AM]::[com.itd.efiling.itr.main.ctrl.d initialize]::[INFO]::[initialize ends: time taken: 2ms]
[08-Aug-2016]::[8:54:37 AM]::[com.sun.javafx.css.parser.CSSParser declaration]::[WARNING]::[CSS Error parsing '*{-fx-font-weight: bold;-fx-font: 22px;}: Expected '<font-family>' while parsing '-fx-font' at [1,34]]
[08-Aug-2016]::[8:54:37 AM]::[com.sun.javafx.css.parser.CSSParser declaration]::[WARNING]::[CSS Error parsing '*{-fx-background-color: linear-gradient(#3A5058, #6aa2b1);-fx-font-weight: bold;-fx-font: 22px;}: Expected '<font-family>' while parsing '-fx-font' at [1,90]]
[08-Aug-2016]::[8:54:37 AM]::[com.itd.efiling.itr.main.ctrl.ThreeRedLightsIlluminate start]::[INFO]::[mainController.windowWidth new : 1366.0]
[08-Aug-2016]::[8:54:38 AM]::[com.itd.efiling.itr.main.ctrl.ThreeRedLightsIlluminate start]::[INFO]::[1366.0 :: 1079.14 :: 232.22000000000003]
[08-Aug-2016]::[8:54:38 AM]::[com.itd.efiling.itr.main.ctrl.ThreeRedLightsIlluminate start]::[INFO]::[MainLoader start method ends. Time taken: 4404]
[08-Aug-2016]::[8:54:39 AM]::[com.itd.efiling.itr.common.a.a a]::[INFO]::[oldState  : RUNNING newState : SUCCEEDED]
[08-Aug-2016]::[8:54:39 AM]::[com.itd.efiling.itr.common.a.a a]::[INFO]::[jsobj [object Window]]
[08-Aug-2016]::[8:54:43 AM]::[com.itd.efiling.itr.common.a.a a]::[INFO]::[time taken in changed : 74]
[08-Aug-2016]::[8:54:53 AM]::[com.itd.efiling.itr.toolbar.b importXml]::[INFO]::[importXmlDialog starts]
[08-Aug-2016]::[8:54:53 AM]::[com.itd.efiling.itr.a.a.e a]::[INFO]::[extension : .open title : null type : false]
[08-Aug-2016]::[8:55:00 AM]::[com.itd.efiling.itr.toolbar.b a]::[INFO]::[Actual ITR ITR-4S Actual assesment year2016-17]
[08-Aug-2016]::[8:55:01 AM]::[com.itd.efiling.itr.toolbar.b a]::[INFO]::[Imported ITR ITR-4S Imported assesment year2016-17]
[08-Aug-2016]::[8:55:01 AM]::[com.itd.efiling.itr.a.a.d c]::[INFO]::[loadingDialog starts]
[08-Aug-2016]::[8:55:01 AM]::[com.itd.efiling.itr.a.a.a <init>]::[INFO]::[CommonDialog starts]
[08-Aug-2016]::[8:55:01 AM]::[com.itd.efiling.itr.a.a.a <init>]::[INFO]::[CommonDialog ends]
[08-Aug-2016]::[8:55:01 AM]::[com.itd.efiling.itr.a.a.d c]::[INFO]::[loadingDialog ends]
[08-Aug-2016]::[8:55:01 AM]::[com.itd.efiling.itr.main.ctrl.a b]::[INFO]::[hide validation]
[08-Aug-2016]::[8:55:01 AM]::[com.itd.efiling.itr.main.ctrl.d a]::[INFO]::[importFile : D:\Tushar Data\Business\IT RETURNS\Dipak Ghadge\AY 2016-17\draft.draft]
[08-Aug-2016]::[8:55:01 AM]::[com.itd.efiling.itr.common.a.a a]::[INFO]::[oldState  : SUCCEEDED newState : READY]
[08-Aug-2016]::[8:55:01 AM]::[com.itd.efiling.itr.common.a.a a]::[INFO]::[oldState  : READY newState : SCHEDULED]
[08-Aug-2016]::[8:55:01 AM]::[com.itd.efiling.itr.common.a.a a]::[INFO]::[oldState  : SCHEDULED newState : RUNNING]
[08-Aug-2016]::[8:55:01 AM]::[com.itd.efiling.itr.toolbar.b importXml]::[INFO]::[importXmlDialog ends]
[08-Aug-2016]::[8:55:01 AM]::[com.itd.efiling.itr.common.a.a a]::[INFO]::[oldState  : RUNNING newState : SUCCEEDED]
[08-Aug-2016]::[8:55:01 AM]::[com.itd.efiling.itr.common.a.a a]::[INFO]::[jsobj [object Window]]
[08-Aug-2016]::[8:55:01 AM]::[com.itd.efiling.itr.common.util.l a]::[INFO]::[Before setDocument]
[08-Aug-2016]::[8:55:01 AM]::[com.itd.efiling.itr.common.util.l a]::[INFO]::[iterateNodeImportXml 0]
[08-Aug-2016]::[8:55:01 AM]::[com.itd.efiling.itr.common.util.l a]::[INFO]::[cacheHtmlElements ]
[08-Aug-2016]::[8:55:01 AM]::[com.itd.efiling.itr.common.util.l b]::[INFO]::[Before cacheHtmlElements 0]
[08-Aug-2016]::[8:55:01 AM]::[com.itd.efiling.itr.common.util.l b]::[INFO]::[After cacheHtmlElements 237]
[08-Aug-2016]::[8:55:01 AM]::[com.itd.efiling.itr.common.util.l a]::[INFO]::[putValuesToHTML ]
[08-Aug-2016]::[8:55:01 AM]::[com.itd.efiling.itr.common.util.l a]::[INFO]::[Before setValuesInForm]
[08-Aug-2016]::[8:55:01 AM]::[com.itd.efiling.itr.common.util.l a]::[INFO]::[End of putValuesToHTML]
[08-Aug-2016]::[8:55:01 AM]::[com.itd.efiling.itr.common.util.l a]::[INFO]::[time taken in importxml function: 101]
[08-Aug-2016]::[8:55:04 AM]::[com.itd.efiling.itr.common.a.a a]::[INFO]::[time taken in changed : 1483]
[08-Aug-2016]::[8:55:04 AM]::[com.itd.efiling.itr.common.a.a a]::[INFO]::[oldState  : RUNNING newState : SUCCEEDED]
[08-Aug-2016]::[8:55:16 AM]::[com.itd.efiling.itr.common.util.JavaScriptFunctions getBankName]::[INFO]::[ifsc isSVCB]
[08-Aug-2016]::[8:55:16 AM]::[com.itd.efiling.itr.validation.a.a a]::[INFO]::[FIELD_VALIDATORS_MAP 198]
[08-Aug-2016]::[8:55:25 AM]::[com.itd.efiling.itr.toolbar.b saveAsDraft]::[INFO]::[saveFile]
[08-Aug-2016]::[8:55:25 AM]::[com.itd.efiling.itr.a.a.e a]::[INFO]::[extension : .draft title : null type : true]
[08-Aug-2016]::[8:55:32 AM]::[com.itd.efiling.itr.common.util.f b]::[INFO]::[Before setDocument]
[08-Aug-2016]::[8:55:32 AM]::[com.itd.efiling.itr.common.util.f b]::[INFO]::[After setDocument[#document: null]]
[08-Aug-2016]::[8:55:32 AM]::[com.itd.efiling.itr.common.cachers.b a]::[INFO]::[flagfalse]
[08-Aug-2016]::[8:55:32 AM]::[com.itd.efiling.itr.common.cachers.b a]::[INFO]::[doc[#document: null]]
[08-Aug-2016]::[8:55:32 AM]::[com.itd.efiling.itr.common.util.f b]::[INFO]::[FIELD_VALUE 237]
[08-Aug-2016]::[8:55:36 AM]::[com.itd.efiling.itr.toolbar.b validateAndSaveFile]::[INFO]::[validateAndSaveFile ]
[08-Aug-2016]::[8:55:36 AM]::[com.itd.efiling.itr.main.ctrl.a c]::[INFO]::[show validation]
[08-Aug-2016]::[8:55:36 AM]::[com.itd.efiling.itr.validation.helpers.Validator validateAll]::[INFO]::[Time taken in validateAll(): 0]
[08-Aug-2016]::[8:55:36 AM]::[com.itd.efiling.itr.validation.helpers.Validator call]::[INFO]::[Call() starts : ]
[08-Aug-2016]::[8:55:36 AM]::[com.itd.efiling.itr.validation.helpers.Validator call]::[INFO]::[Call() ends time taken: 59  error count :0]
[08-Aug-2016]::[8:55:36 AM]::[com.itd.efiling.itr.a.a.e a]::[INFO]::[extension : .xml title : null type : true]
[08-Aug-2016]::[8:57:08 AM]::[com.itd.efiling.itr.toolbar.b submit]::[INFO]::[validateITR starts]
[08-Aug-2016]::[8:57:08 AM]::[com.itd.efiling.itr.main.ctrl.a c]::[INFO]::[show validation]
[08-Aug-2016]::[8:57:08 AM]::[com.itd.efiling.itr.validation.helpers.Validator validateAll]::[INFO]::[Time taken in validateAll(): 0]
[08-Aug-2016]::[8:57:08 AM]::[com.itd.efiling.itr.validation.helpers.Validator call]::[INFO]::[Call() starts : ]
[08-Aug-2016]::[8:57:08 AM]::[com.itd.efiling.itr.validation.helpers.Validator call]::[INFO]::[Call() ends time taken: 20  error count :0]
[08-Aug-2016]::[8:57:08 AM]::[com.itd.efiling.itr.common.util.f b]::[INFO]::[Before setDocument]
[08-Aug-2016]::[8:57:08 AM]::[com.itd.efiling.itr.common.util.f b]::[INFO]::[After setDocument[#document: null]]
[08-Aug-2016]::[8:57:08 AM]::[com.itd.efiling.itr.common.cachers.b a]::[INFO]::[flagtrue]
[08-Aug-2016]::[8:57:08 AM]::[com.itd.efiling.itr.common.cachers.b a]::[INFO]::[doc[#document: null]]
[08-Aug-2016]::[8:57:08 AM]::[com.itd.efiling.itr.common.cachers.b a]::[INFO]::[Inside deleteNodeGenerateXml]
[08-Aug-2016]::[8:57:08 AM]::[com.itd.efiling.itr.common.util.f b]::[INFO]::[FIELD_VALUE 237]
[08-Aug-2016]::[8:57:08 AM]::[com.itd.efiling.itr.common.util.f a]::[INFO]::[done with schema error; 0]
[08-Aug-2016]::[8:57:08 AM]::[com.itd.efiling.itr.common.util.f a]::[INFO]::[hash {} pGjEODioXoKyMDBxklTPBdTahV73ObAZBIfLTMF5M6c=]
[08-Aug-2016]::[8:57:08 AM]::[com.itd.efiling.itr.common.util.f a]::[INFO]::[Time taken to generate: 506 ms ]
[08-Aug-2016]::[8:57:08 AM]::[com.itd.efiling.itr.a.a.a <init>]::[INFO]::[CommonDialog starts]
[08-Aug-2016]::[8:57:09 AM]::[com.itd.efiling.itr.a.a.n initialize]::[INFO]::[initialize submit itr starts]
[08-Aug-2016]::[8:57:09 AM]::[com.itd.efiling.itr.a.a.n initialize]::[INFO]::[Time taken to get the document 10]
[08-Aug-2016]::[8:57:09 AM]::[com.itd.efiling.itr.a.a.n initialize]::[INFO]::[Time taken to set the parameters0]
[08-Aug-2016]::[8:57:09 AM]::[com.itd.efiling.itr.a.a.n initialize]::[INFO]::[Time taken to enableSec44AB 0]
[08-Aug-2016]::[8:57:09 AM]::[com.itd.efiling.itr.a.a.n initialize]::[INFO]::[Time taken to addKeyEvent 3]
[08-Aug-2016]::[8:57:09 AM]::[com.itd.efiling.itr.a.a.n initialize]::[INFO]::[Time taken to hideDscRelated 1]
[08-Aug-2016]::[8:57:09 AM]::[com.itd.efiling.itr.b.a.n getKeyStoreAliases]::[INFO]::[set : []]
[08-Aug-2016]::[8:57:09 AM]::[com.itd.efiling.itr.a.a.n o]::[INFO]::[Time taken to initialize usb tokens33]
[08-Aug-2016]::[8:57:09 AM]::[com.itd.efiling.itr.a.a.n initialize]::[INFO]::[Time taken to initUsbTokens 34]
[08-Aug-2016]::[8:57:09 AM]::[com.itd.efiling.itr.a.a.a <init>]::[INFO]::[CommonDialog ends]
[08-Aug-2016]::[8:57:09 AM]::[com.itd.efiling.itr.a.a.n dscMandatory]::[INFO]::[dscMandatory starts::ITR-4S]
[08-Aug-2016]::[8:57:09 AM]::[com.itd.efiling.itr.a.a.n dscMandatory]::[INFO]::[dscMandatory ends]
[08-Aug-2016]::[8:57:16 AM]::[com.itd.efiling.itr.a.a.n f]::[INFO]::[validateDSCKey ends with flag: true]
[08-Aug-2016]::[8:57:16 AM]::[com.itd.efiling.itr.webservice.a.f b]::[INFO]::[Thread call starts]
[08-Aug-2016]::[8:57:16 AM]::[com.itd.efiling.itr.webservice.a.f a]::[INFO]::[sendRequest starts]
[08-Aug-2016]::[8:57:17 AM]::[com.itd.efiling.itr.common.util.e getSecuredRequest]::[INFO]::[Before getting secured request]
[08-Aug-2016]::[8:57:17 AM]::[com.itd.efiling.itr.common.util.e getSecuredRequest]::[INFO]::[After getting secured request]
[08-Aug-2016]::[8:57:17 AM]::[com.itd.efiling.itr.common.util.c d]::[INFO]::[file : .\ITR]
[08-Aug-2016]::[8:57:17 AM]::[com.itd.efiling.itr.common.util.c d]::[INFO]::[file : .\ITR-4S_AY201617_PR5.jar]
[08-Aug-2016]::[8:57:22 AM]::[com.itd.efiling.itr.webservice.a.f a]::[INFO]::[Soap fault: , errorNode: nullnull]
[08-Aug-2016]::[8:57:22 AM]::[com.itd.efiling.itr.a.a.n cancel]::[INFO]::[cancel caled]
[08-Aug-2016]::[8:57:22 AM]::[com.itd.efiling.itr.webservice.a.f b]::[INFO]::[Thread call ends : time taken: 5523]
[08-Aug-2016]::[8:57:22 AM]::[com.itd.efiling.itr.webservice.a.f b]::[INFO]::[Writing to file: C:\Users\TUSHAR~1\AppData\Local\Temp\ITRvFile-2722715612104021133218521650.zip]
[08-Aug-2016]::[8:57:22 AM]::[com.itd.efiling.itr.a.a.a <init>]::[INFO]::[CommonDialog starts]
[08-Aug-2016]::[8:57:22 AM]::[com.itd.efiling.itr.a.a.l initialize]::[INFO]::[initialize starts]
[08-Aug-2016]::[8:57:22 AM]::[com.itd.efiling.itr.a.a.l b]::[INFO]::[loadITRVPage stats with transaction id 3267291269 ,email T.MOHITE@SOMAIYA.EDU]
[08-Aug-2016]::[8:57:22 AM]::[com.itd.efiling.itr.a.a.a <init>]::[INFO]::[CommonDialog ends]
[08-Aug-2016]::[8:57:22 AM]::[com.itd.efiling.itr.a.a.l a]::[INFO]::[saveIfNot after shows: ]
[08-Aug-2016]::[8:57:29 AM]::[com.itd.efiling.itr.common.dialog.o a]::[INFO]::[Inside  closeUtility]
[08-Aug-2016]::[8:57:32 AM]::[com.itd.efiling.itr.main.ctrl.h a]::[INFO]::[ Close Event WindowEvent [source = javafx.stage.Stage@1433f4a, target = javafx.stage.Stage@1433f4a, eventType = WINDOW_CLOSE_REQUEST, consumed = false]]
